This is pdfTeX, Version 3.141592653-2.6-1.40.25 (MiKTeX 23.9) (preloaded format=pdflatex 2023.9.22)  30 MAR 2024 17:33
entering extended mode
 restricted \write18 enabled.
 %&-line parsing enabled.
**./retro_changed.tex
(retro_changed.tex
LaTeX2e <2023-06-01> patch level 1
L3 programming layer <2023-08-29>
(C:\Users\micha\AppData\Local\Programs\MiKTeX\tex/latex/base\article.cls
Document Class: article 2023/05/17 v1.4n Standard LaTeX document class
(C:\Users\micha\AppData\Local\Programs\MiKTeX\tex/latex/base\size10.clo
File: size10.clo 2023/05/17 v1.4n Standard LaTeX file (size option)
)
\c@part=\count185
\c@section=\count186
\c@subsection=\count187
\c@subsubsection=\count188
\c@paragraph=\count189
\c@subparagraph=\count190
\c@figure=\count191
\c@table=\count192
\abovecaptionskip=\skip48
\belowcaptionskip=\skip49
\bibindent=\dimen140
)
(aaai21.sty
Conference Style for AAAI for LaTeX 2e -- version for the AAAI-21 conference - 
MODIFIED
\titlebox=\skip50
) (C:\Users\micha\AppData\Local\Programs\MiKTeX\tex/latex/psnfss\times.sty
Package: times 2020/03/25 PSNFSS-v9.3 (SPQR) 
)
(C:\Users\micha\AppData\Local\Programs\MiKTeX\tex/latex/psnfss\helvet.sty
Package: helvet 2020/03/25 PSNFSS-v9.3 (WaS) 

(C:\Users\micha\AppData\Local\Programs\MiKTeX\tex/latex/graphics\keyval.sty
Package: keyval 2022/05/29 v1.15 key=value parser (DPC)
\KV@toks@=\toks17
))
(C:\Users\micha\AppData\Local\Programs\MiKTeX\tex/latex/psnfss\courier.sty
Package: courier 2020/03/25 PSNFSS-v9.3 (WaS) 
)
(C:\Users\micha\AppData\Local\Programs\MiKTeX\tex/latex/url\url.sty
\Urlmuskip=\muskip16
Package: url 2013/09/16  ver 3.4  Verb mode for urls, etc.
)
(C:\Users\micha\AppData\Local\Programs\MiKTeX\tex/latex/graphics\graphicx.sty
Package: graphicx 2021/09/16 v1.2d Enhanced LaTeX Graphics (DPC,SPQR)

(C:\Users\micha\AppData\Local\Programs\MiKTeX\tex/latex/graphics\graphics.sty
Package: graphics 2022/03/10 v1.4e Standard LaTeX Graphics (DPC,SPQR)

(C:\Users\micha\AppData\Local\Programs\MiKTeX\tex/latex/graphics\trig.sty
Package: trig 2021/08/11 v1.11 sin cos tan (DPC)
)
(C:\Users\micha\AppData\Local\Programs\MiKTeX\tex/latex/graphics-cfg\graphics.c
fg
File: graphics.cfg 2016/06/04 v1.11 sample graphics configuration
)
Package graphics Info: Driver file: pdftex.def on input line 107.

(C:\Users\micha\AppData\Local\Programs\MiKTeX\tex/latex/graphics-def\pdftex.def
File: pdftex.def 2022/09/22 v1.2b Graphics/color driver for pdftex
))
\Gin@req@height=\dimen141
\Gin@req@width=\dimen142
) (C:\Users\micha\AppData\Local\Programs\MiKTeX\tex/latex/amsmath\amsmath.sty
Package: amsmath 2023/05/13 v2.17o AMS math features
\@mathmargin=\skip51
For additional information on amsmath, use the `?' option.
(C:\Users\micha\AppData\Local\Programs\MiKTeX\tex/latex/amsmath\amstext.sty
Package: amstext 2021/08/26 v2.01 AMS text

(C:\Users\micha\AppData\Local\Programs\MiKTeX\tex/latex/amsmath\amsgen.sty
File: amsgen.sty 1999/11/30 v2.0 generic functions
\@emptytoks=\toks18
\ex@=\dimen143
))
(C:\Users\micha\AppData\Local\Programs\MiKTeX\tex/latex/amsmath\amsbsy.sty
Package: amsbsy 1999/11/29 v1.2d Bold Symbols
\pmbraise@=\dimen144
)
(C:\Users\micha\AppData\Local\Programs\MiKTeX\tex/latex/amsmath\amsopn.sty
Package: amsopn 2022/04/08 v2.04 operator names
)
\inf@bad=\count193
LaTeX Info: Redefining \frac on input line 234.
\uproot@=\count194
\leftroot@=\count195
LaTeX Info: Redefining \overline on input line 399.
LaTeX Info: Redefining \colon on input line 410.
\classnum@=\count196
\DOTSCASE@=\count197
LaTeX Info: Redefining \ldots on input line 496.
LaTeX Info: Redefining \dots on input line 499.
LaTeX Info: Redefining \cdots on input line 620.
\Mathstrutbox@=\box51
\strutbox@=\box52
LaTeX Info: Redefining \big on input line 722.
LaTeX Info: Redefining \Big on input line 723.
LaTeX Info: Redefining \bigg on input line 724.
LaTeX Info: Redefining \Bigg on input line 725.
\big@size=\dimen145
LaTeX Font Info:    Redeclaring font encoding OML on input line 743.
LaTeX Font Info:    Redeclaring font encoding OMS on input line 744.
\macc@depth=\count198
LaTeX Info: Redefining \bmod on input line 905.
LaTeX Info: Redefining \pmod on input line 910.
LaTeX Info: Redefining \smash on input line 940.
LaTeX Info: Redefining \relbar on input line 970.
LaTeX Info: Redefining \Relbar on input line 971.
\c@MaxMatrixCols=\count199
\dotsspace@=\muskip17
\c@parentequation=\count266
\dspbrk@lvl=\count267
\tag@help=\toks19
\row@=\count268
\column@=\count269
\maxfields@=\count270
\andhelp@=\toks20
\eqnshift@=\dimen146
\alignsep@=\dimen147
\tagshift@=\dimen148
\tagwidth@=\dimen149
\totwidth@=\dimen150
\lineht@=\dimen151
\@envbody=\toks21
\multlinegap=\skip52
\multlinetaggap=\skip53
\mathdisplay@stack=\toks22
LaTeX Info: Redefining \[ on input line 2953.
LaTeX Info: Redefining \] on input line 2954.
)
(C:\Users\micha\AppData\Local\Programs\MiKTeX\tex/latex/multirow\multirow.sty
Package: multirow 2021/03/15 v2.8 Span multiple rows of a table
\multirow@colwidth=\skip54
\multirow@cntb=\count271
\multirow@dima=\skip55
\bigstrutjot=\dimen152
)
(C:\Users\micha\AppData\Local\Programs\MiKTeX\tex/latex/tools\multicol.sty
Package: multicol 2023/03/30 v1.9f multicolumn formatting (FMi)
\c@tracingmulticols=\count272
\mult@box=\box53
\multicol@leftmargin=\dimen153
\c@unbalance=\count273
\c@collectmore=\count274
\doublecol@number=\count275
\multicoltolerance=\count276
\multicolpretolerance=\count277
\full@width=\dimen154
\page@free=\dimen155
\premulticols=\dimen156
\postmulticols=\dimen157
\multicolsep=\skip56
\multicolbaselineskip=\skip57
\partial@page=\box54
\last@line=\box55
\mc@boxedresult=\box56
\maxbalancingoverflow=\dimen158
\mult@rightbox=\box57
\mult@grightbox=\box58
\mult@firstbox=\box59
\mult@gfirstbox=\box60
\@tempa=\box61
\@tempa=\box62
\@tempa=\box63
\@tempa=\box64
\@tempa=\box65
\@tempa=\box66
\@tempa=\box67
\@tempa=\box68
\@tempa=\box69
\@tempa=\box70
\@tempa=\box71
\@tempa=\box72
\@tempa=\box73
\@tempa=\box74
\@tempa=\box75
\@tempa=\box76
\@tempa=\box77
\@tempa=\box78
\@tempa=\box79
\@tempa=\box80
\@tempa=\box81
\@tempa=\box82
\@tempa=\box83
\@tempa=\box84
\@tempa=\box85
\@tempa=\box86
\@tempa=\box87
\@tempa=\box88
\@tempa=\box89
\@tempa=\box90
\@tempa=\box91
\@tempa=\box92
\@tempa=\box93
\@tempa=\box94
\@tempa=\box95
\@tempa=\box96
\c@minrows=\count278
\c@columnbadness=\count279
\c@finalcolumnbadness=\count280
\last@try=\dimen159
\multicolovershoot=\dimen160
\multicolundershoot=\dimen161
\mult@nat@firstbox=\box97
\colbreak@box=\box98
\mc@col@check@num=\count281
)
(C:\Users\micha\AppData\Local\Programs\MiKTeX\tex/latex/subfigure\subfigure.sty
Package: subfigure 2002/07/30 v2.1.4 subfigure package
\subfigtopskip=\skip58
\subfigcapskip=\skip59
\subfigcaptopadj=\dimen162
\subfigbottomskip=\skip60
\subfigcapmargin=\dimen163
\subfiglabelskip=\skip61
\c@subfigure=\count282
\c@lofdepth=\count283
\c@subtable=\count284
\c@lotdepth=\count285
****************************************
* Local config file subfigure.cfg used *
****************************************

(C:\Users\micha\AppData\Local\Programs\MiKTeX\tex/latex/subfigure\subfigure.cfg
)
\subfig@top=\skip62
\subfig@bottom=\skip63
) (C:\Users\micha\AppData\Local\Programs\MiKTeX\tex/latex/graphics\color.sty
Package: color 2022/01/06 v1.3d Standard LaTeX Color (DPC)

(C:\Users\micha\AppData\Local\Programs\MiKTeX\tex/latex/graphics-cfg\color.cfg
File: color.cfg 2016/01/02 v1.6 sample color configuration
)
Package color Info: Driver file: pdftex.def on input line 149.
(C:\Users\micha\AppData\Local\Programs\MiKTeX\tex/latex/graphics\mathcolor.ltx)
) (C:\Users\micha\AppData\Local\Programs\MiKTeX\tex/latex/amsfonts\amsfonts.sty
Package: amsfonts 2013/01/14 v3.01 Basic AMSFonts support
\symAMSa=\mathgroup4
\symAMSb=\mathgroup5
LaTeX Font Info:    Redeclaring math symbol \hbar on input line 98.
LaTeX Font Info:    Overwriting math alphabet `\mathfrak' in version `bold'
(Font)                  U/euf/m/n --> U/euf/b/n on input line 106.
) (C:\Users\micha\AppData\Local\Programs\MiKTeX\tex/latex/amsfonts\amssymb.sty
Package: amssymb 2013/01/14 v3.01 AMS font symbols
) (C:\Users\micha\AppData\Local\Programs\MiKTeX\tex/latex/booktabs\booktabs.sty
Package: booktabs 2020/01/12 v1.61803398 Publication quality tables
\heavyrulewidth=\dimen164
\lightrulewidth=\dimen165
\cmidrulewidth=\dimen166
\belowrulesep=\dimen167
\belowbottomsep=\dimen168
\aboverulesep=\dimen169
\abovetopsep=\dimen170
\cmidrulesep=\dimen171
\cmidrulekern=\dimen172
\defaultaddspace=\dimen173
\@cmidla=\count286
\@cmidlb=\count287
\@aboverulesep=\dimen174
\@belowrulesep=\dimen175
\@thisruleclass=\count288
\@lastruleclass=\count289
\@thisrulewidth=\dimen176
) (C:\Users\micha\AppData\Local\Programs\MiKTeX\tex/latex/lineno\lineno.sty
Package: lineno 2023/05/20 line numbers on paragraphs v5.3

(C:\Users\micha\AppData\Local\Programs\MiKTeX\tex/latex/etoolbox\etoolbox.sty
Package: etoolbox 2020/10/05 v2.5k e-TeX tools for LaTeX (JAW)
\etb@tempcnta=\count290
)
(C:\Users\micha\AppData\Local\Programs\MiKTeX\tex/latex/kvoptions\kvoptions.sty
Package: kvoptions 2022-06-15 v3.15 Key value format for package options (HO)
(C:\Users\micha\AppData\Local\Programs\MiKTeX\tex/generic/ltxcmds\ltxcmds.sty
Package: ltxcmds 2023-12-04 v1.26 LaTeX kernel commands for general use (HO)
)
(C:\Users\micha\AppData\Local\Programs\MiKTeX\tex/latex/kvsetkeys\kvsetkeys.sty
Package: kvsetkeys 2022-10-05 v1.19 Key value parser (HO)
))
\linenopenalty=\count291
\output=\toks23
\linenoprevgraf=\count292
\linenumbersep=\dimen177
\linenumberwidth=\dimen178
\c@linenumber=\count293
\c@pagewiselinenumber=\count294
\c@LN@truepage=\count295
\c@internallinenumber=\count296
\c@internallinenumbers=\count297
\quotelinenumbersep=\dimen179
\bframerule=\dimen180
\bframesep=\dimen181
\bframebox=\box99
\linenoamsmath@ams@eqpen=\count298
LaTeX Info: Redefining \\ on input line 3180.
) (C:\Users\micha\AppData\Local\Programs\MiKTeX\tex/latex/natbib\natbib.sty
Package: natbib 2010/09/13 8.31b (PWD, AO)
\bibhang=\skip64
\bibsep=\skip65
LaTeX Info: Redefining \cite on input line 694.
\c@NAT@ctr=\count299
)
(C:\Users\micha\AppData\Local\Programs\MiKTeX\tex/latex/caption\caption.sty
Package: caption 2023/07/31 v3.6n Customizing captions (AR)

(C:\Users\micha\AppData\Local\Programs\MiKTeX\tex/latex/caption\caption3.sty
Package: caption3 2023/07/31 v2.4d caption3 kernel (AR)
\caption@tempdima=\dimen182
\captionmargin=\dimen183
\caption@leftmargin=\dimen184
\caption@rightmargin=\dimen185
\caption@width=\dimen186
\caption@indent=\dimen187
\caption@parindent=\dimen188
\caption@hangindent=\dimen189
Package caption Info: Standard document class detected.
)
\c@caption@flags=\count300
\c@continuedfloat=\count301
Package caption Info: subfigure package is loaded.
)
LaTeX Font Info:    Trying to load font information for OT1+ptm on input line 1
41.

(C:\Users\micha\AppData\Local\Programs\MiKTeX\tex/latex/psnfss\ot1ptm.fd
File: ot1ptm.fd 2001/06/04 font definitions for OT1/ptm.
)
(C:\Users\micha\AppData\Local\Programs\MiKTeX\tex/latex/l3backend\l3backend-pdf
tex.def
File: l3backend-pdftex.def 2023-04-19 L3 backend support: PDF output (pdfTeX)
\l__color_backend_stack_int=\count302
\l__pdf_internal_box=\box100
) (retro_changed.aux)
\openout1 = `retro_changed.aux'.

LaTeX Font Info:    Checking defaults for OML/cmm/m/it on input line 141.
LaTeX Font Info:    ... okay on input line 141.
LaTeX Font Info:    Checking defaults for OMS/cmsy/m/n on input line 141.
LaTeX Font Info:    ... okay on input line 141.
LaTeX Font Info:    Checking defaults for OT1/cmr/m/n on input line 141.
LaTeX Font Info:    ... okay on input line 141.
LaTeX Font Info:    Checking defaults for T1/cmr/m/n on input line 141.
LaTeX Font Info:    ... okay on input line 141.
LaTeX Font Info:    Checking defaults for TS1/cmr/m/n on input line 141.
LaTeX Font Info:    ... okay on input line 141.
LaTeX Font Info:    Checking defaults for OMX/cmex/m/n on input line 141.
LaTeX Font Info:    ... okay on input line 141.
LaTeX Font Info:    Checking defaults for U/cmr/m/n on input line 141.
LaTeX Font Info:    ... okay on input line 141.

(C:\Users\micha\AppData\Local\Programs\MiKTeX\tex/context/base/mkii\supp-pdf.mk
ii
[Loading MPS to PDF converter (version 2006.09.02).]
\scratchcounter=\count303
\scratchdimen=\dimen190
\scratchbox=\box101
\nofMPsegments=\count304
\nofMParguments=\count305
\everyMPshowfont=\toks24
\MPscratchCnt=\count306
\MPscratchDim=\dimen191
\MPnumerator=\count307
\makeMPintoPDFobject=\count308
\everyMPtoPDFconversion=\toks25
)
(C:\Users\micha\AppData\Local\Programs\MiKTeX\tex/latex/epstopdf-pkg\epstopdf-b
ase.sty
Package: epstopdf-base 2020-01-24 v2.11 Base part for package epstopdf
Package epstopdf-base Info: Redefining graphics rule for `.eps' on input line 4
85.

(C:\Users\micha\AppData\Local\Programs\MiKTeX\tex/latex/00miktex\epstopdf-sys.c
fg
File: epstopdf-sys.cfg 2021/03/18 v2.0 Configuration of epstopdf for MiKTeX
))
Package caption Info: Begin \AtBeginDocument code.
Package caption Info: End \AtBeginDocument code.
\titlearea=\box102
LaTeX Font Info:    Trying to load font information for U+msa on input line 143
.
 (C:\Users\micha\AppData\Local\Programs\MiKTeX\tex/latex/amsfonts\umsa.fd
File: umsa.fd 2013/01/14 v3.01 AMS symbols A
)
LaTeX Font Info:    Trying to load font information for U+msb on input line 143
.

(C:\Users\micha\AppData\Local\Programs\MiKTeX\tex/latex/amsfonts\umsb.fd
File: umsb.fd 2013/01/14 v3.01 AMS symbols B
)
Overfull \hbox (638.50206pt too wide) in paragraph at lines 143--143
 \OT1/ptm/b/n/12 Zhao$[]$ 
 []

LaTeX Font Info:    Trying to load font information for OT1+pcr on input line 1
43.
(C:\Users\micha\AppData\Local\Programs\MiKTeX\tex/latex/psnfss\ot1pcr.fd
File: ot1pcr.fd 2001/06/04 font definitions for OT1/pcr.
)
\actualheight=\skip66
LaTeX Font Info:    Trying to load font information for TS1+ptm on input line 1
43.

(C:\Users\micha\AppData\Local\Programs\MiKTeX\tex/latex/psnfss\ts1ptm.fd
File: ts1ptm.fd 2001/06/04 font definitions for TS1/ptm.
)
Underfull \vbox (badness 10000) detected at line 143
 []

! Argument of \caption@@@withoptargs has an extra }.
<inserted text> 
                \par 
l.185 ...el{table01} An unanswerable MRC example.}
                                                  
I've run across a `}' that doesn't seem to match anything.
For example, `\def\a#1{...}' and `\a}' would produce
this error. If you simply proceed now, the `\par' that
I've just inserted will cause me to report a runaway
argument that might be the root of the problem. But if
your `}' was spurious, just type `2' and it will go away.

Runaway argument?
{\caption@@xlabel }{\def \reserved@a *{\def \caption@tempa {*}\caption@@withopt
args \ETC.
! Paragraph ended before \caption@@@withoptargs was complete.
<to be read again> 
                   \par 
l.185 ...el{table01} An unanswerable MRC example.}
                                                  
I suspect you've forgotten a `}', causing me to apply this
control sequence to too much text. How can we recover?
My plan is to forget the whole thing and hope for the best.

<overview.pdf, id=1, 457.45906pt x 226.51326pt>
File: overview.pdf Graphic file (type pdf)
<use overview.pdf>
Package pdftex.def Info: overview.pdf  used on input line 190.
(pdftex.def)             Requested size: 505.89pt x 250.50293pt.
! Argument of \caption@@@withoptargs has an extra }.
<inserted text> 
                \par 
l.191 ...hitecture of our proposed Retro-Reader. }
                                                  
I've run across a `}' that doesn't seem to match anything.
For example, `\def\a#1{...}' and `\a}' would produce
this error. If you simply proceed now, the `\par' that
I've just inserted will cause me to report a runaway
argument that might be the root of the problem. But if
your `}' was spurious, just type `2' and it will go away.

Runaway argument?
{\caption@@xlabel }{\caption@@@withoptargs {{\caption@@xlabel }{\caption@@@with
optargs \ETC.
! Paragraph ended before \caption@@@withoptargs was complete.
<to be read again> 
                   \par 
l.191 ...hitecture of our proposed Retro-Reader. }
                                                  
I suspect you've forgotten a `}', causing me to apply this
control sequence to too much text. How can we recover?
My plan is to forget the whole thing and hope for the best.


Package natbib Warning: Citation `hermann2015teaching' on page 1 undefined on i
nput line 194.


Package natbib Warning: Citation `Joshi2017TriviaQA' on page 1 undefined on inp
ut line 194.


Package natbib Warning: Citation `Rajpurkar2018Know' on page 1 undefined on inp
ut line 194.


Package natbib Warning: Citation `zhang2020mrc' on page 1 undefined on input li
ne 194.


Package natbib Warning: Citation `zhang2018modeling' on page 1 undefined on inp
ut line 195.


Package natbib Warning: Citation `choi2018quac' on page 1 undefined on input li
ne 195.


Package natbib Warning: Citation `reddy2019coqa' on page 1 undefined on input l
ine 195.


Package natbib Warning: Citation `zhang2018mrc' on page 1 undefined on input li
ne 195.


Package natbib Warning: Citation `xu2020topic' on page 1 undefined on input lin
e 195.


Package natbib Warning: Citation `zhu2018lingke' on page 1 undefined on input l
ine 195.


Package natbib Warning: Citation `kadlec2016text' on page 1 undefined on input 
line 196.


Package natbib Warning: Citation `Chen2016A' on page 1 undefined on input line 
196.


Package natbib Warning: Citation `Dhingra2017Gated' on page 1 undefined on inpu
t line 196.


Package natbib Warning: Citation `Wang2017Gated' on page 1 undefined on input l
ine 196.


Package natbib Warning: Citation `Seo2016Bidirectional' on page 1 undefined on 
input line 196.


Package natbib Warning: Citation `Rajpurkar2018Know' on page 1 undefined on inp
ut line 198.


Package natbib Warning: Citation `Rajpurkar2018Know' on page 1 undefined on inp
ut line 199.


Package natbib Warning: Citation `devlin2018bert' on page 1 undefined on input 
line 212.


Package natbib Warning: Citation `yang2019xlnet' on page 1 undefined on input l
ine 212.


Package natbib Warning: Citation `zhang2019explicit' on page 1 undefined on inp
ut line 212.


Package natbib Warning: Citation `li2020explicit' on page 1 undefined on input 
line 212.


Package natbib Warning: Citation `zhou2019limit' on page 1 undefined on input l
ine 212.

[1{C:/Users/micha/AppData/Local/MiKTeX/fonts/map/pdftex/pdftex.map}{C:/Users/mi
cha/AppData/Local/Programs/MiKTeX/fonts/enc/dvips/base/8r.enc}



]

Package natbib Warning: Citation `devlin2018bert' on page 2 undefined on input 
line 218.


Package natbib Warning: Citation `yang2019xlnet' on page 2 undefined on input l
ine 218.


Package natbib Warning: Citation `Lan2020ALBERT' on page 2 undefined on input l
ine 218.


Package natbib Warning: Citation `hu2019read' on page 2 undefined on input line
 219.


Package natbib Warning: Citation `back2020neurquri' on page 2 undefined on inpu
t line 219.


Package natbib Warning: Citation `reddy2020answer' on page 2 undefined on input
 line 219.


Package natbib Warning: Citation `dcmn20' on page 2 undefined on input line 219
.


Package natbib Warning: Citation `liu2021filling' on page 2 undefined on input 
line 219.


Package natbib Warning: Citation `li2019dependency' on page 2 undefined on inpu
t line 219.


Package natbib Warning: Citation `li2018unified' on page 2 undefined on input l
ine 219.


Package natbib Warning: Citation `zhu2020dual' on page 2 undefined on input lin
e 219.


Package natbib Warning: Citation `DBLP:conf/sigir/ZhengMLYZM19' on page 2 undef
ined on input line 225.


Package natbib Warning: Citation `doi:10.1080/00461520.1987.9653053' on page 2 
undefined on input line 225.


Underfull \hbox (badness 1048) in paragraph at lines 225--225
[][]\OT1/ptm/m/n/9 Our source code is avail-able at $https : / / github . com /
 cooelf /
 []


Package natbib Warning: Citation `hill2015goldilocks' on page 2 undefined on in
put line 237.


Package natbib Warning: Citation `hermann2015teaching' on page 2 undefined on i
nput line 237.


Package natbib Warning: Citation `Rajpurkar2016SQuAD' on page 2 undefined on in
put line 237.


Package natbib Warning: Citation `Joshi2017TriviaQA' on page 2 undefined on inp
ut line 237.


Package natbib Warning: Citation `Rajpurkar2018Know' on page 2 undefined on inp
ut line 237.


Package natbib Warning: Citation `lai2017race' on page 2 undefined on input lin
e 237.


Package natbib Warning: Citation `kadlec2016text' on page 2 undefined on input 
line 239.


Package natbib Warning: Citation `Dhingra2017Gated' on page 2 undefined on inpu
t line 239.


Package natbib Warning: Citation `Wang2017Gated' on page 2 undefined on input l
ine 239.


Package natbib Warning: Citation `Cui2017Attention' on page 2 undefined on inpu
t line 239.


Package natbib Warning: Citation `Seo2016Bidirectional' on page 2 undefined on 
input line 239.


Package natbib Warning: Citation `peters2018deep' on page 2 undefined on input 
line 241.


Package natbib Warning: Citation `radford2018improving' on page 2 undefined on 
input line 241.


Package natbib Warning: Citation `devlin2018bert' on page 2 undefined on input 
line 241.


Package natbib Warning: Citation `yang2019xlnet' on page 2 undefined on input l
ine 241.


Package natbib Warning: Citation `liu2019roberta' on page 2 undefined on input 
line 241.


Package natbib Warning: Citation `Lan2020ALBERT' on page 2 undefined on input l
ine 241.


Package natbib Warning: Citation `clark2019electra' on page 2 undefined on inpu
t line 241.

[2 <./overview.pdf>]

Package natbib Warning: Citation `devlin2018bert' on page 3 undefined on input 
line 251.


Package natbib Warning: Citation `zhang2019semantics' on page 3 undefined on in
put line 251.


Package natbib Warning: Citation `liu2018stochastic' on page 3 undefined on inp
ut line 252.


Package natbib Warning: Citation `liu2018stochastic' on page 3 undefined on inp
ut line 252.


Package natbib Warning: Citation `hu2019read' on page 3 undefined on input line
 253.


Package natbib Warning: Citation `hu2019read' on page 3 undefined on input line
 253.


Package natbib Warning: Citation `back2020neurquri' on page 3 undefined on inpu
t line 254.


Package natbib Warning: Citation `back2020neurquri' on page 3 undefined on inpu
t line 254.


Package natbib Warning: Citation `zhang2019sg' on page 3 undefined on input lin
e 256.


Package natbib Warning: Citation `zhang2019sg' on page 3 undefined on input lin
e 256.


Package natbib Warning: Citation `DBLP:conf/sigir/ZhengMLYZM19' on page 3 undef
ined on input line 260.


Package natbib Warning: Citation `doi:10.1080/00461520.1987.9653053' on page 3 
undefined on input line 260.


Package natbib Warning: Citation `devlin2018bert' on page 3 undefined on input 
line 282.


Package natbib Warning: Citation `DBLP:conf/nips/VaswaniSPUJGKP17' on page 3 un
defined on input line 282.


Package natbib Warning: Citation `devlin2018bert' on page 3 undefined on input 
line 307.


Package natbib Warning: Citation `yang2019xlnet' on page 3 undefined on input l
ine 307.


Package natbib Warning: Citation `Lan2020ALBERT' on page 3 undefined on input l
ine 307.


Package natbib Warning: Citation `kadlec2016text' on page 3 undefined on input 
line 311.


Package natbib Warning: Citation `Dhingra2017Gated' on page 3 undefined on inpu
t line 311.


Package natbib Warning: Citation `Wang2017Gated' on page 3 undefined on input l
ine 311.


Package natbib Warning: Citation `Seo2016Bidirectional' on page 3 undefined on 
input line 311.

[3]

Package natbib Warning: Citation `lu2019vilbert' on page 4 undefined on input l
ine 317.


Package natbib Warning: Citation `lu2019vilbert' on page 4 undefined on input l
ine 317.


Underfull \hbox (badness 10000) in paragraph at lines 317--317
[][]\OT1/ptm/m/n/9 In this work, $[]\OML/cmm/m/it/9 ; []; []$ \OT1/ptm/m/n/9 co
r-re-spond to the items
 []


Package natbib Warning: Citation `Wang2017Gated' on page 4 undefined on input l
ine 320.


Package natbib Warning: Citation `devlin2018bert' on page 4 undefined on input 
line 383.


Package natbib Warning: Citation `yang2019xlnet' on page 4 undefined on input l
ine 383.


Package natbib Warning: Citation `liu2019roberta' on page 4 undefined on input 
line 383.


Package natbib Warning: Citation `Lan2020ALBERT' on page 4 undefined on input l
ine 383.


Underfull \hbox (badness 6510) in paragraph at lines 383--384
 \OT1/ptm/b/n/10 Threshold-based An-swer-able Ver-i-fi-ca-tion \OT1/ptm/m/n/10 
Fol-low-ing
 []

[4]

Package natbib Warning: Citation `devlin2018bert' on page 5 undefined on input 
line 407.


Package natbib Warning: Citation `Lan2020ALBERT' on page 5 undefined on input l
ine 407.


Package natbib Warning: Citation `clark2019electra' on page 5 undefined on inpu
t line 407.

LaTeX Font Info:    Trying to load font information for OMS+ptm on input line 4
07.
(C:\Users\micha\AppData\Local\Programs\MiKTeX\tex/latex/psnfss\omsptm.fd
File: omsptm.fd 
)
LaTeX Font Info:    Font shape `OMS/ptm/m/n' in size <10> not available
(Font)              Font shape `OMS/cmsy/m/n' tried instead on input line 407.


Package natbib Warning: Citation `wu2016google' on page 5 undefined on input li
ne 407.


Package natbib Warning: Citation `devlin2018bert' on page 5 undefined on input 
line 413.


Package natbib Warning: Citation `Lan2020ALBERT' on page 5 undefined on input l
ine 413.


Package natbib Warning: Citation `clark2019electra' on page 5 undefined on inpu
t line 413.


Package natbib Warning: Citation `devlin2018bert' on page 5 undefined on input 
line 413.


Package natbib Warning: Citation `Lan2020ALBERT' on page 5 undefined on input l
ine 413.


Package natbib Warning: Citation `clark2019electra' on page 5 undefined on inpu
t line 413.


Package natbib Warning: Citation `Rajpurkar2018Know' on page 5 undefined on inp
ut line 419.


Package natbib Warning: Citation `Rajpurkar2016SQuAD' on page 5 undefined on in
put line 419.


Underfull \hbox (badness 10000) in paragraph at lines 418--422
\OT1/ptm/m/n/10 SQuAD2.0 (\OT1/ptm/b/n/10 ?\OT1/ptm/m/n/10 ) com-bines the 100,
000 ques-tions in
 []


Underfull \hbox (badness 4479) in paragraph at lines 418--422
\OT1/ptm/m/n/10 SQuAD1.1 (\OT1/ptm/b/n/10 ?\OT1/ptm/m/n/10 ) with over 50,000 n
ew, unan-swer-able
 []


Package natbib Warning: Citation `trischler2017newsqa' on page 5 undefined on i
nput line 426.


Package natbib Warning: Citation `devlin2018bert' on page 5 undefined on input 
line 483.


Package natbib Warning: Citation `back2020neurquri' on page 5 undefined on inpu
t line 484.


Package natbib Warning: Citation `yang2019xlnet' on page 5 undefined on input l
ine 485.


Package natbib Warning: Citation `liu2019roberta' on page 5 undefined on input 
line 486.


Package natbib Warning: Citation `zhang2019sg' on page 5 undefined on input lin
e 488.


Package natbib Warning: Citation `Lan2020ALBERT' on page 5 undefined on input l
ine 490.


Package natbib Warning: Citation `clark2019electra' on page 5 undefined on inpu
t line 493.

! Argument of \caption@@@withoptargs has an extra }.
<inserted text> 
                \par 
l.510 	}
        
I've run across a `}' that doesn't seem to match anything.
For example, `\def\a#1{...}' and `\a}' would produce
this error. If you simply proceed now, the `\par' that
I've just inserted will cause me to report a runaway
argument that might be the root of the problem. But if
your `}' was spurious, just type `2' and it will go away.

Runaway argument?
{\caption@@xlabel }{\def \reserved@a *{\def \caption@tempa {*}\caption@@withopt
args \ETC.
! Paragraph ended before \caption@@@withoptargs was complete.
<to be read again> 
                   \par 
l.510 	}
        
I suspect you've forgotten a `}', causing me to apply this
control sequence to too much text. How can we recover?
My plan is to forget the whole thing and hope for the best.


Package natbib Warning: Citation `mcnemar1947note' on page 5 undefined on input
 line 516.


Package natbib Warning: Citation `ziser2016neural' on page 5 undefined on input
 line 516.


Package natbib Warning: Citation `trischler2017newsqa' on page 5 undefined on i
nput line 547.


Package natbib Warning: Citation `DBLP:conf/iclr/Wang017a' on page 5 undefined 
on input line 548.


Package natbib Warning: Citation `Seo2016Bidirectional' on page 5 undefined on 
input line 549.


Package natbib Warning: Citation `DBLP:journals/corr/Weissenborn17' on page 5 u
ndefined on input line 552.


Package natbib Warning: Citation `DBLP:conf/aaai/KunduN18' on page 5 undefined 
on input line 553.


Package natbib Warning: Citation `tay2018densely' on page 5 undefined on input 
line 554.


Package natbib Warning: Citation `devlin2018bert' on page 5 undefined on input 
line 555.


Package natbib Warning: Citation `back2020neurquri' on page 5 undefined on inpu
t line 556.


Package natbib Warning: Citation `tay2018densely' on page 5 undefined on input 
line 566.


Package natbib Warning: Citation `tay2018densely' on page 5 undefined on input 
line 566.


Package natbib Warning: Citation `back2020neurquri' on page 5 undefined on inpu
t line 566.


Package natbib Warning: Citation `back2020neurquri' on page 5 undefined on inpu
t line 566.


Package natbib Warning: Citation `tay2018densely' on page 5 undefined on input 
line 566.


Package natbib Warning: Citation `tay2018densely' on page 5 undefined on input 
line 566.


Package natbib Warning: Citation `back2020neurquri' on page 5 undefined on inpu
t line 566.


Package natbib Warning: Citation `back2020neurquri' on page 5 undefined on inpu
t line 566.

[5]

Package natbib Warning: Citation `Lan2020ALBERT' on page 6 undefined on input l
ine 578.


Package natbib Warning: Citation `clark2019electra' on page 6 undefined on inpu
t line 578.


Underfull \hbox (badness 2717) in paragraph at lines 580--580
\OT1/ptm/m/n/9 Leader-board (https://rajpurkar.github.io/SQuAD-explorer/ ) for
 []


Underfull \hbox (badness 1442) in paragraph at lines 582--584
\OT1/ptm/m/n/10 shows con-sis-tent im-prove-ments over the base-lines and
 []

! Argument of \caption@@@withoptargs has an extra }.
<inserted text> 
                \par 
l.626 ...on loss functions defined in \S\ref{RV}.}
                                                  
I've run across a `}' that doesn't seem to match anything.
For example, `\def\a#1{...}' and `\a}' would produce
this error. If you simply proceed now, the `\par' that
I've just inserted will cause me to report a runaway
argument that might be the root of the problem. But if
your `}' was spurious, just type `2' and it will go away.

Runaway argument?
{\caption@@xlabel }{\def \reserved@a *{\def \caption@tempa {*}\caption@@withopt
args \ETC.
! Paragraph ended before \caption@@@withoptargs was complete.
<to be read again> 
                   \par 
l.626 ...on loss functions defined in \S\ref{RV}.}
                                                  
I suspect you've forgotten a `}', causing me to apply this
control sequence to too much text. How can we recover?
My plan is to forget the whole thing and hope for the best.

! Argument of \caption@@@withoptargs has an extra }.
<inserted text> 
                \par 
l.647 ...werable questions from SQuAD2.0 dev set.}
                                                  
I've run across a `}' that doesn't seem to match anything.
For example, `\def\a#1{...}' and `\a}' would produce
this error. If you simply proceed now, the `\par' that
I've just inserted will cause me to report a runaway
argument that might be the root of the problem. But if
your `}' was spurious, just type `2' and it will go away.

Runaway argument?
{\caption@@xlabel }{\def \reserved@a *{\def \caption@tempa {*}\caption@@withopt
args \ETC.
! Paragraph ended before \caption@@@withoptargs was complete.
<to be read again> 
                   \par 
l.647 ...werable questions from SQuAD2.0 dev set.}
                                                  
I suspect you've forgotten a `}', causing me to apply this
control sequence to too much text. How can we recover?
My plan is to forget the whole thing and hope for the best.

[6]
! Argument of \caption@@@withoptargs has an extra }.
<inserted text> 
                \par 
l.679 ...t Parameters on the dev set of SQuAD2.0.}
                                                  
I've run across a `}' that doesn't seem to match anything.
For example, `\def\a#1{...}' and `\a}' would produce
this error. If you simply proceed now, the `\par' that
I've just inserted will cause me to report a runaway
argument that might be the root of the problem. But if
your `}' was spurious, just type `2' and it will go away.

Runaway argument?
{\caption@@xlabel }{\def \reserved@a *{\def \caption@tempa {*}\caption@@withopt
args \ETC.
! Paragraph ended before \caption@@@withoptargs was complete.
<to be read again> 
                   \par 
l.679 ...t Parameters on the dev set of SQuAD2.0.}
                                                  
I suspect you've forgotten a `}', causing me to apply this
control sequence to too much text. How can we recover?
My plan is to forget the whole thing and hope for the best.

! Argument of \caption@@@withoptargs has an extra }.
<inserted text> 
                \par 
l.709 ... on the dev sets of SQuAD2.0 and NewsQA.}
                                                  
I've run across a `}' that doesn't seem to match anything.
For example, `\def\a#1{...}' and `\a}' would produce
this error. If you simply proceed now, the `\par' that
I've just inserted will cause me to report a runaway
argument that might be the root of the problem. But if
your `}' was spurious, just type `2' and it will go away.

Runaway argument?
{\caption@@xlabel }{\def \reserved@a *{\def \caption@tempa {*}\caption@@withopt
args \ETC.
! Paragraph ended before \caption@@@withoptargs was complete.
<to be read again> 
                   \par 
l.709 ... on the dev sets of SQuAD2.0 and NewsQA.}
                                                  
I suspect you've forgotten a `}', causing me to apply this
control sequence to too much text. How can we recover?
My plan is to forget the whole thing and hope for the best.

! Argument of \caption@@@withoptargs has an extra }.
<inserted text> 
                \par 
l.736 ...om the ALBERT baseline and Retro-Reader.}
                                                  
I've run across a `}' that doesn't seem to match anything.
For example, `\def\a#1{...}' and `\a}' would produce
this error. If you simply proceed now, the `\par' that
I've just inserted will cause me to report a runaway
argument that might be the root of the problem. But if
your `}' was spurious, just type `2' and it will go away.

Runaway argument?
{\caption@@xlabel }{\def \reserved@a *{\def \caption@tempa {*}\caption@@withopt
args \ETC.
! Paragraph ended before \caption@@@withoptargs was complete.
<to be read again> 
                   \par 
l.736 ...om the ALBERT baseline and Retro-Reader.}
                                                  
I suspect you've forgotten a `}', causing me to apply this
control sequence to too much text. How can we recover?
My plan is to forget the whole thing and hope for the best.

[7]
No file retro_changed.bbl.

Package natbib Warning: There were undefined citations.

[8

] (retro_changed.aux)
 ***********
LaTeX2e <2023-06-01> patch level 1
L3 programming layer <2023-08-29>
 ***********
 ) 
Here is how much of TeX's memory you used:
 6102 strings out of 475247
 98863 string characters out of 5757792
 1946801 words of memory out of 5000000
 27519 multiletter control sequences out of 15000+600000
 594496 words of font info for 116 fonts, out of 8000000 for 9000
 1141 hyphenation exceptions out of 8191
 57i,21n,65p,1390b,511s stack positions out of 10000i,1000n,20000p,200000b,200000s
<C:/Users/micha/AppData/Local/Programs/MiKTeX/fonts/type1/public/amsfonts/cm/
cmex10.pfb><C:/Users/micha/AppData/Local/Programs/MiKTeX/fonts/type1/public/ams
fonts/cm/cmmi10.pfb><C:/Users/micha/AppData/Local/Programs/MiKTeX/fonts/type1/p
ublic/amsfonts/cm/cmmi5.pfb><C:/Users/micha/AppData/Local/Programs/MiKTeX/fonts
/type1/public/amsfonts/cm/cmmi6.pfb><C:/Users/micha/AppData/Local/Programs/MiKT
eX/fonts/type1/public/amsfonts/cm/cmmi7.pfb><C:/Users/micha/AppData/Local/Progr
ams/MiKTeX/fonts/type1/public/amsfonts/cm/cmmi9.pfb><C:/Users/micha/AppData/Loc
al/Programs/MiKTeX/fonts/type1/public/amsfonts/cm/cmr10.pfb><C:/Users/micha/App
Data/Local/Programs/MiKTeX/fonts/type1/public/amsfonts/cm/cmr6.pfb><C:/Users/mi
cha/AppData/Local/Programs/MiKTeX/fonts/type1/public/amsfonts/cm/cmr7.pfb><C:/U
sers/micha/AppData/Local/Programs/MiKTeX/fonts/type1/public/amsfonts/cm/cmss8.p
fb><C:/Users/micha/AppData/Local/Programs/MiKTeX/fonts/type1/public/amsfonts/cm
/cmsy10.pfb><C:/Users/micha/AppData/Local/Programs/MiKTeX/fonts/type1/public/am
sfonts/cm/cmsy5.pfb><C:/Users/micha/AppData/Local/Programs/MiKTeX/fonts/type1/p
ublic/amsfonts/cm/cmsy7.pfb><C:/Users/micha/AppData/Local/Programs/MiKTeX/fonts
/type1/public/amsfonts/symbols/msbm10.pfb><C:/Users/micha/AppData/Local/Program
s/MiKTeX/fonts/type1/urw/courier/ucrr8a.pfb><C:/Users/micha/AppData/Local/Progr
ams/MiKTeX/fonts/type1/urw/times/utmb8a.pfb><C:/Users/micha/AppData/Local/Progr
ams/MiKTeX/fonts/type1/urw/times/utmr8a.pfb><C:/Users/micha/AppData/Local/Progr
ams/MiKTeX/fonts/type1/urw/times/utmri8a.pfb>
Output written on retro_changed.pdf (8 pages, 621481 bytes).
PDF statistics:
 152 PDF objects out of 1000 (max. 8388607)
 0 named destinations out of 1000 (max. 500000)
 6 words of extra memory for PDF output out of 10000 (max. 10000000)

