This is pdfTeX, Version 3.141592653-2.6-1.40.25 (MiKTeX 23.5) (preloaded format=pdflatex 2024.1.12)  30 MAR 2024 18:00
entering extended mode
 restricted \write18 enabled.
 %&-line parsing enabled.
**./formatting-instructions-latex-2019_changed.tex
(formatting-instructions-latex-2019_changed.tex
LaTeX2e <2023-06-01> patch level 1
L3 programming layer <2023-08-29>
(C:\Users\orfuc\AppData\Local\Programs\MiKTeX\tex/latex/base\article.cls
Document Class: article 2023/05/17 v1.4n Standard LaTeX document class
(C:\Users\orfuc\AppData\Local\Programs\MiKTeX\tex/latex/base\size10.clo
File: size10.clo 2023/05/17 v1.4n Standard LaTeX file (size option)
)
\c@part=\count185
\c@section=\count186
\c@subsection=\count187
\c@subsubsection=\count188
\c@paragraph=\count189
\c@subparagraph=\count190
\c@figure=\count191
\c@table=\count192
\abovecaptionskip=\skip48
\belowcaptionskip=\skip49
\bibindent=\dimen140
)
(aaai19.sty
Conference Style for AAAI for LaTeX 2e -- version for the AAAI-19 conference
\titlebox=\skip50
) (C:\Users\orfuc\AppData\Local\Programs\MiKTeX\tex/latex/psnfss\times.sty
Package: times 2020/03/25 PSNFSS-v9.3 (SPQR) 
)
(C:\Users\orfuc\AppData\Local\Programs\MiKTeX\tex/latex/psnfss\helvet.sty
Package: helvet 2020/03/25 PSNFSS-v9.3 (WaS) 

(C:\Users\orfuc\AppData\Local\Programs\MiKTeX\tex/latex/graphics\keyval.sty
Package: keyval 2022/05/29 v1.15 key=value parser (DPC)
\KV@toks@=\toks17
))
(C:\Users\orfuc\AppData\Local\Programs\MiKTeX\tex/latex/psnfss\courier.sty
Package: courier 2020/03/25 PSNFSS-v9.3 (WaS) 
)
(C:\Users\orfuc\AppData\Local\Programs\MiKTeX\tex/latex/url\url.sty
\Urlmuskip=\muskip16
Package: url 2013/09/16  ver 3.4  Verb mode for urls, etc.
)
(C:\Users\orfuc\AppData\Local\Programs\MiKTeX\tex/latex/graphics\graphicx.sty
Package: graphicx 2021/09/16 v1.2d Enhanced LaTeX Graphics (DPC,SPQR)

(C:\Users\orfuc\AppData\Local\Programs\MiKTeX\tex/latex/graphics\graphics.sty
Package: graphics 2022/03/10 v1.4e Standard LaTeX Graphics (DPC,SPQR)

(C:\Users\orfuc\AppData\Local\Programs\MiKTeX\tex/latex/graphics\trig.sty
Package: trig 2021/08/11 v1.11 sin cos tan (DPC)
)
(C:\Users\orfuc\AppData\Local\Programs\MiKTeX\tex/latex/graphics-cfg\graphics.c
fg
File: graphics.cfg 2016/06/04 v1.11 sample graphics configuration
)
Package graphics Info: Driver file: pdftex.def on input line 107.

(C:\Users\orfuc\AppData\Local\Programs\MiKTeX\tex/latex/graphics-def\pdftex.def
File: pdftex.def 2022/09/22 v1.2b Graphics/color driver for pdftex
))
\Gin@req@height=\dimen141
\Gin@req@width=\dimen142
) (C:\Users\orfuc\AppData\Local\Programs\MiKTeX\tex/latex/xcolor\xcolor.sty
Package: xcolor 2022/06/12 v2.14 LaTeX color extensions (UK)

(C:\Users\orfuc\AppData\Local\Programs\MiKTeX\tex/latex/graphics-cfg\color.cfg
File: color.cfg 2016/01/02 v1.6 sample color configuration
)
Package xcolor Info: Driver file: pdftex.def on input line 227.
(C:\Users\orfuc\AppData\Local\Programs\MiKTeX\tex/latex/graphics\mathcolor.ltx)
Package xcolor Info: Model `cmy' substituted by `cmy0' on input line 1353.
Package xcolor Info: Model `hsb' substituted by `rgb' on input line 1357.
Package xcolor Info: Model `RGB' extended on input line 1369.
Package xcolor Info: Model `HTML' substituted by `rgb' on input line 1371.
Package xcolor Info: Model `Hsb' substituted by `hsb' on input line 1372.
Package xcolor Info: Model `tHsb' substituted by `hsb' on input line 1373.
Package xcolor Info: Model `HSB' substituted by `hsb' on input line 1374.
Package xcolor Info: Model `Gray' substituted by `gray' on input line 1375.
Package xcolor Info: Model `wave' substituted by `hsb' on input line 1376.
) (C:\Users\orfuc\AppData\Local\Programs\MiKTeX\tex/latex/float\float.sty
Package: float 2001/11/08 v1.3d Float enhancements (AL)
\c@float@type=\count193
\float@exts=\toks18
\float@box=\box51
\@float@everytoks=\toks19
\@floatcapt=\box52
)
(C:\Users\orfuc\AppData\Local\Programs\MiKTeX\tex/latex/amsmath\amsmath.sty
Package: amsmath 2023/05/13 v2.17o AMS math features
\@mathmargin=\skip51

For additional information on amsmath, use the `?' option.
(C:\Users\orfuc\AppData\Local\Programs\MiKTeX\tex/latex/amsmath\amstext.sty
Package: amstext 2021/08/26 v2.01 AMS text

(C:\Users\orfuc\AppData\Local\Programs\MiKTeX\tex/latex/amsmath\amsgen.sty
File: amsgen.sty 1999/11/30 v2.0 generic functions
\@emptytoks=\toks20
\ex@=\dimen143
))
(C:\Users\orfuc\AppData\Local\Programs\MiKTeX\tex/latex/amsmath\amsbsy.sty
Package: amsbsy 1999/11/29 v1.2d Bold Symbols
\pmbraise@=\dimen144
)
(C:\Users\orfuc\AppData\Local\Programs\MiKTeX\tex/latex/amsmath\amsopn.sty
Package: amsopn 2022/04/08 v2.04 operator names
)
\inf@bad=\count194
LaTeX Info: Redefining \frac on input line 234.
\uproot@=\count195
\leftroot@=\count196
LaTeX Info: Redefining \overline on input line 399.
LaTeX Info: Redefining \colon on input line 410.
\classnum@=\count197
\DOTSCASE@=\count198
LaTeX Info: Redefining \ldots on input line 496.
LaTeX Info: Redefining \dots on input line 499.
LaTeX Info: Redefining \cdots on input line 620.
\Mathstrutbox@=\box53
\strutbox@=\box54
LaTeX Info: Redefining \big on input line 722.
LaTeX Info: Redefining \Big on input line 723.
LaTeX Info: Redefining \bigg on input line 724.
LaTeX Info: Redefining \Bigg on input line 725.
\big@size=\dimen145
LaTeX Font Info:    Redeclaring font encoding OML on input line 743.
LaTeX Font Info:    Redeclaring font encoding OMS on input line 744.
\macc@depth=\count199
LaTeX Info: Redefining \bmod on input line 905.
LaTeX Info: Redefining \pmod on input line 910.
LaTeX Info: Redefining \smash on input line 940.
LaTeX Info: Redefining \relbar on input line 970.
LaTeX Info: Redefining \Relbar on input line 971.
\c@MaxMatrixCols=\count266
\dotsspace@=\muskip17
\c@parentequation=\count267
\dspbrk@lvl=\count268
\tag@help=\toks21
\row@=\count269
\column@=\count270
\maxfields@=\count271
\andhelp@=\toks22
\eqnshift@=\dimen146
\alignsep@=\dimen147
\tagshift@=\dimen148
\tagwidth@=\dimen149
\totwidth@=\dimen150
\lineht@=\dimen151
\@envbody=\toks23
\multlinegap=\skip52
\multlinetaggap=\skip53
\mathdisplay@stack=\toks24
LaTeX Info: Redefining \[ on input line 2953.
LaTeX Info: Redefining \] on input line 2954.
)
(C:\Users\orfuc\AppData\Local\Programs\MiKTeX\tex/latex/multirow\multirow.sty
Package: multirow 2021/03/15 v2.8 Span multiple rows of a table
\multirow@colwidth=\skip54
\multirow@cntb=\count272
\multirow@dima=\skip55
\bigstrutjot=\dimen152
)
(C:\Users\orfuc\AppData\Local\Programs\MiKTeX\tex/latex/cjk-ko\kotex.sty
Package: kotex 2015/04/19 v1.6 Korean TeX (ko.TeX)

(C:\Users\orfuc\AppData\Local\Programs\MiKTeX\tex/latex/kotex-utf\kotex.cfg)
(C:\Users\orfuc\AppData\Local\Programs\MiKTeX\tex/latex/kotex-utf\kotexutf.sty
Package: kotexutf 2022/06/22 v3.0.0 typesetting UTF-8 Korean documents

(C:\Users\orfuc\AppData\Local\Programs\MiKTeX\tex/latex/base\inputenc.sty
Package: inputenc 2021/02/14 v1.3d Input encoding file
\inpenc@prehook=\toks25
\inpenc@posthook=\toks26
)
(C:\Users\orfuc\AppData\Local\Programs\MiKTeX\tex/plain/kotex-plain\kotexutf-co
re.tex
\unih@ngulpoint=\count273
\dhucs@emph@raise=\dimen153
)
Now handling font encoding LUC ...
... processing UTF-8 mapping file for font encoding LUC

(C:\Users\orfuc\AppData\Local\Programs\MiKTeX\tex/latex/kotex-utf\lucenc.dfu
File: lucenc.dfu 2007/09/05 UTF-8 support for dhucs
   defining Unicode char U+00B7 (decimal 183)
   defining Unicode char U+2018 (decimal 8216)
   defining Unicode char U+2019 (decimal 8217)
   defining Unicode char U+201C (decimal 8220)
   defining Unicode char U+201D (decimal 8221)
   defining Unicode char U+3001 (decimal 12289)
   defining Unicode char U+3002 (decimal 12290)
   defining Unicode char U+3008 (decimal 12296)
   defining Unicode char U+3009 (decimal 12297)
   defining Unicode char U+300A (decimal 12298)
   defining Unicode char U+300B (decimal 12299)
   defining Unicode char U+300C (decimal 12300)
   defining Unicode char U+300D (decimal 12301)
   defining Unicode char U+300E (decimal 12302)
   defining Unicode char U+300F (decimal 12303)
   defining Unicode char U+3010 (decimal 12304)
   defining Unicode char U+3011 (decimal 12305)
   defining Unicode char U+3014 (decimal 12308)
   defining Unicode char U+3015 (decimal 12309)
   defining Unicode char U+3016 (decimal 12310)
   defining Unicode char U+3017 (decimal 12311)
   defining Unicode char U+3018 (decimal 12312)
   defining Unicode char U+3019 (decimal 12313)
   defining Unicode char U+301A (decimal 12314)
   defining Unicode char U+301B (decimal 12315)
   defining Unicode char U+FF01 (decimal 65281)
   defining Unicode char U+FF08 (decimal 65288)
   defining Unicode char U+FF09 (decimal 65289)
   defining Unicode char U+FF0C (decimal 65292)
   defining Unicode char U+FF0E (decimal 65294)
   defining Unicode char U+FF1A (decimal 65306)
   defining Unicode char U+FF1B (decimal 65307)
   defining Unicode char U+FF1C (decimal 65308)
   defining Unicode char U+FF1D (decimal 65309)
   defining Unicode char U+FF1E (decimal 65310)
   defining Unicode char U+FF1F (decimal 65311)
   defining Unicode char U+FF3B (decimal 65339)
   defining Unicode char U+FF3D (decimal 65341)
   defining Unicode char U+FF5B (decimal 65371)
   defining Unicode char U+FF5D (decimal 65373)
   defining Unicode char U+FF61 (decimal 65377)
   defining Unicode char U+FF62 (decimal 65378)
   defining Unicode char U+FF63 (decimal 65379)
   defining Unicode char U+FF64 (decimal 65380)
   defining Unicode char U+FF65 (decimal 65381)
)
\@josa=\count274
\josatoks=\toks27

(C:\Users\orfuc\AppData\Local\Programs\MiKTeX\tex/latex/cjk-ko\kolabels-utf.sty
Package: kolabels-utf 2015/03/20 v1.5 UTF-8 Hangul item labels
)))
LaTeX Font Info:    Trying to load font information for OT1+ptm on input line 3
0.
 (C:\Users\orfuc\AppData\Local\Programs\MiKTeX\tex/latex/psnfss\ot1ptm.fd
File: ot1ptm.fd 2001/06/04 font definitions for OT1/ptm.
)
(C:\Users\orfuc\AppData\Local\Programs\MiKTeX\tex/latex/l3backend\l3backend-pdf
tex.def
File: l3backend-pdftex.def 2023-04-19 L3 backend support: PDF output (pdfTeX)
\l__color_backend_stack_int=\count275
\l__pdf_internal_box=\box55
) (formatting-instructions-latex-2019_changed.aux)
\openout1 = `formatting-instructions-latex-2019_changed.aux'.

LaTeX Font Info:    Checking defaults for OML/cmm/m/it on input line 30.
LaTeX Font Info:    ... okay on input line 30.
LaTeX Font Info:    Checking defaults for OMS/cmsy/m/n on input line 30.
LaTeX Font Info:    ... okay on input line 30.
LaTeX Font Info:    Checking defaults for OT1/cmr/m/n on input line 30.
LaTeX Font Info:    ... okay on input line 30.
LaTeX Font Info:    Checking defaults for T1/cmr/m/n on input line 30.
LaTeX Font Info:    ... okay on input line 30.
LaTeX Font Info:    Checking defaults for TS1/cmr/m/n on input line 30.
LaTeX Font Info:    ... okay on input line 30.
LaTeX Font Info:    Checking defaults for OMX/cmex/m/n on input line 30.
LaTeX Font Info:    ... okay on input line 30.
LaTeX Font Info:    Checking defaults for U/cmr/m/n on input line 30.
LaTeX Font Info:    ... okay on input line 30.
LaTeX Font Info:    Checking defaults for LUC/nanummj/m/n on input line 30.
LaTeX Font Info:    Trying to load font information for LUC+nanummj on input li
ne 30.

(C:\Users\orfuc\AppData\Local\Programs\MiKTeX\tex/latex/nanumtype1\lucnanummj.f
d
File: lucnanummj.fd 2013/02/12 v0.1 Nanum Myeongjo font definitions
)
LaTeX Font Info:    ... okay on input line 30.

(C:\Users\orfuc\AppData\Local\Programs\MiKTeX\tex/context/base/mkii\supp-pdf.mk
ii
[Loading MPS to PDF converter (version 2006.09.02).]
\scratchcounter=\count276
\scratchdimen=\dimen154
\scratchbox=\box56
\nofMPsegments=\count277
\nofMParguments=\count278
\everyMPshowfont=\toks28
\MPscratchCnt=\count279
\MPscratchDim=\dimen155
\MPnumerator=\count280
\makeMPintoPDFobject=\count281
\everyMPtoPDFconversion=\toks29
)
(C:\Users\orfuc\AppData\Local\Programs\MiKTeX\tex/latex/epstopdf-pkg\epstopdf-b
ase.sty
Package: epstopdf-base 2020-01-24 v2.11 Base part for package epstopdf
Package epstopdf-base Info: Redefining graphics rule for `.eps' on input line 4
85.

(C:\Users\orfuc\AppData\Local\Programs\MiKTeX\tex/latex/00miktex\epstopdf-sys.c
fg
File: epstopdf-sys.cfg 2021/03/18 v2.0 Configuration of epstopdf for MiKTeX
))
LaTeX Font Info:    Trying to load font information for OT1+pcr on input line 4
0.
 (C:\Users\orfuc\AppData\Local\Programs\MiKTeX\tex/latex/psnfss\ot1pcr.fd
File: ot1pcr.fd 2001/06/04 font definitions for OT1/pcr.
)
LaTeX Font Info:    Trying to load font information for OMS+pcr on input line 4
0.

(C:\Users\orfuc\AppData\Local\Programs\MiKTeX\tex/latex/psnfss\omspcr.fd
File: omspcr.fd 
)
LaTeX Font Info:    Font shape `OMS/pcr/m/n' in size <10> not available
(Font)              Font shape `OMS/cmsy/m/n' tried instead on input line 40.
LaTeX Font Info:    Trying to load font information for TS1+ptm on input line 4
0.

(C:\Users\orfuc\AppData\Local\Programs\MiKTeX\tex/latex/psnfss\ts1ptm.fd
File: ts1ptm.fd 2001/06/04 font definitions for TS1/ptm.
)

LaTeX Warning: Citation `heilman2010good' on page 1 undefined on input line 56.



LaTeX Warning: Citation `duan2017question' on page 1 undefined on input line 56
.


LaTeX Warning: Citation `tang2017question' on page 1 undefined on input line 56
.


LaTeX Warning: Citation `tang2018learning' on page 1 undefined on input line 56
.


LaTeX Warning: Citation `mostafazadeh2016generating' on page 1 undefined on inp
ut line 56.


LaTeX Warning: Citation `du2017learning' on page 1 undefined on input line 71.


LaTeX Warning: Citation `sutskever2014sequence' on page 1 undefined on input li
ne 71.


LaTeX Warning: Citation `bahdanau2014neural' on page 1 undefined on input line 
71.


LaTeX Warning: Citation `serban2017hierarchical' on page 1 undefined on input l
ine 71.

<figure_1_flow2.png, id=1, 881.2122pt x 315.0972pt>
File: figure_1_flow2.png Graphic file (type png)
<use figure_1_flow2.png>
Package pdftex.def Info: figure_1_flow2.png  used on input line 96.
(pdftex.def)             Requested size: 242.82503pt x 86.82748pt.

Overfull \hbox (3.43065pt too wide) in paragraph at lines 96--99
[][] 
 []


LaTeX Warning: Citation `zhou2017neural' on page 1 undefined on input line 105.



LaTeX Warning: Citation `song2018leveraging' on page 1 undefined on input line 
105.


LaTeX Warning: Citation `amplayo2018entity' on page 1 undefined on input line 1
05.


LaTeX Warning: Citation `gulcehre2016pointing' on page 1 undefined on input lin
e 105.

LaTeX Font Info:    Trying to load font information for OML+ptm on input line 1
07.
(C:\Users\orfuc\AppData\Local\Programs\MiKTeX\tex/latex/psnfss\omlptm.fd
File: omlptm.fd 
)
LaTeX Font Info:    Font shape `OML/ptm/m/n' in size <10> not available
(Font)              Font shape `OML/cmm/m/it' tried instead on input line 107.


LaTeX Warning: Citation `ma2018query' on page 1 undefined on input line 118.

[1{C:/Users/orfuc/AppData/Local/MiKTeX/fonts/map/pdftex/pdftex.map}{C:/Users/or
fuc/AppData/Local/Programs/MiKTeX/fonts/enc/dvips/base/8r.enc}



 <./figure_1_flow2.png>]

LaTeX Warning: Citation `rajpurkar2016squad' on page 2 undefined on input line 
126.


LaTeX Warning: Citation `du2017learning' on page 2 undefined on input line 145.



Underfull \hbox (badness 1221) in paragraph at lines 144--147
\OT1/ptm/m/n/10 Recently, there have been sev-eral NQG mod-els which
 []


LaTeX Warning: Citation `zhou2017neural' on page 2 undefined on input line 148.



LaTeX Warning: Citation `song2018leveraging' on page 2 undefined on input line 
149.


LaTeX Warning: Citation `wang2017bilateral' on page 2 undefined on input line 1
49.


LaTeX Warning: Citation `gulcehre2016pointing' on page 2 undefined on input lin
e 150.


LaTeX Warning: Citation `duan2017question' on page 2 undefined on input line 15
5.


LaTeX Warning: Citation `tang2018learning' on page 2 undefined on input line 15
7.

<overall_architecture.png, id=12, 882.1758pt x 229.8186pt>
File: overall_architecture.png Graphic file (type png)
<use overall_architecture.png>
Package pdftex.def Info: overall_architecture.png  used on input line 171.
(pdftex.def)             Requested size: 505.89pt x 131.79048pt.

LaTeX Warning: Citation `sutskever2014sequence' on page 2 undefined on input li
ne 178.


LaTeX Warning: Citation `sutskever2014sequence' on page 2 undefined on input li
ne 178.


LaTeX Warning: Citation `bahdanau2014neural' on page 2 undefined on input line 
178.


LaTeX Warning: Citation `nallapati2016abstractive' on page 2 undefined on input
 line 178.


LaTeX Warning: Citation `serban2016building' on page 2 undefined on input line 
178.


LaTeX Warning: Citation `serban2017hierarchical' on page 2 undefined on input l
ine 178.


LaTeX Warning: Citation `bahdanau2014neural' on page 2 undefined on input line 
188.

[2]

LaTeX Warning: Command \textless invalid in math mode on input line 213.


LaTeX Warning: Command \textless invalid in math mode on input line 213.


LaTeX Warning: Command \textless invalid in math mode on input line 213.


LaTeX Warning: Command \textless invalid in math mode on input line 213.


Underfull \vbox (badness 8189) has occurred while \output is active []



LaTeX Warning: Citation `ma2018query' on page 3 undefined on input line 224.

[3 <./overall_architecture.png>]

LaTeX Warning: Citation `ma2018query' on page 4 undefined on input line 286.


LaTeX Warning: Citation `du2017learning' on page 4 undefined on input line 303.



LaTeX Warning: Citation `song2018leveraging' on page 4 undefined on input line 
304.


LaTeX Warning: Citation `zhou2017neural' on page 4 undefined on input line 305.



LaTeX Warning: Citation `du2017learning' on page 4 undefined on input line 322.



LaTeX Warning: Citation `zhou2017neural' on page 4 undefined on input line 322.



LaTeX Warning: Citation `song2018leveraging' on page 4 undefined on input line 
322.


LaTeX Warning: Citation `rajpurkar2016squad' on page 4 undefined on input line 
322.


LaTeX Warning: Citation `du2017learning' on page 4 undefined on input line 322.



LaTeX Warning: Citation `zhou2017neural' on page 4 undefined on input line 322.



LaTeX Warning: Citation `du2017learning' on page 4 undefined on input line 322.



LaTeX Warning: Citation `song2018leveraging' on page 4 undefined on input line 
322.


LaTeX Warning: Citation `manning2014stanford' on page 4 undefined on input line
 322.

[4]

LaTeX Warning: Citation `pennington2014glove' on page 5 undefined on input line
 330.


LaTeX Warning: Citation `kingma2014adam' on page 5 undefined on input line 333.



Underfull \hbox (badness 2310) in paragraph at lines 348--349
 \OT1/ptm/b/n/10 Named En-tity Re-place-ment \OT1/ptm/m/n/10 To fur-ther im-pro
ve the
 []


LaTeX Warning: Citation `zhou2017neural' on page 5 undefined on input line 353.



LaTeX Warning: Citation `song2018leveraging' on page 5 undefined on input line 
353.


LaTeX Warning: Citation `chen2015microsoft' on page 5 undefined on input line 3
53.


LaTeX Warning: Citation `song2018leveraging' on page 5 undefined on input line 
383.


LaTeX Warning: Citation `du2017learning' on page 5 undefined on input line 408.



LaTeX Warning: Citation `zhou2017neural' on page 5 undefined on input line 408.


LaTeX Font Info:    Font shape `OML/ptm/b/n' in size <10> not available
(Font)              Font shape `OML/cmm/b/it' tried instead on input line 408.
[5]

LaTeX Warning: Citation `zhou2017neural' on page 6 undefined on input line 447.



LaTeX Warning: Citation `du2017learning' on page 6 undefined on input line 459.



LaTeX Warning: Citation `du2017learning' on page 6 undefined on input line 459.



LaTeX Warning: Citation `song2018leveraging' on page 6 undefined on input line 
459.


LaTeX Warning: Citation `zhou2017neural' on page 6 undefined on input line 459.



LaTeX Warning: Citation `song2018leveraging' on page 6 undefined on input line 
459.


LaTeX Warning: Citation `song2018leveraging' on page 6 undefined on input line 
480.

<attention_compare_final.png, id=33, 972.2724pt x 291.489pt>
File: attention_compare_final.png Graphic file (type png)
<use attention_compare_final.png>
Package pdftex.def Info: attention_compare_final.png  used on input line 530.
(pdftex.def)             Requested size: 505.89pt x 151.66855pt.

LaTeX Warning: Citation `yu2018qanet' on page 6 undefined on input line 553.

[6]
Underfull \vbox (badness 10000) has occurred while \output is active []


Underfull \hbox (badness 1122) in paragraph at lines 612--614
\OT1/ptm/m/n/10 (MSIT) (No. 2016M3C4A7952632), In-dus-trial Strate-gic
 []

[7 <./attention_compare_final.png>] [8

]
No file formatting-instructions-latex-2019_changed.bbl.
(formatting-instructions-latex-2019_changed.aux)
 ***********
LaTeX2e <2023-06-01> patch level 1
L3 programming layer <2023-08-29>
 ***********
 ) 
Here is how much of TeX's memory you used:
 3496 strings out of 475247
 55672 string characters out of 5757792
 1946801 words of memory out of 5000000
 24943 multiletter control sequences out of 15000+600000
 582246 words of font info for 82 fonts, out of 8000000 for 9000
 1141 hyphenation exceptions out of 8191
 59i,20n,65p,1401b,311s stack positions out of 10000i,1000n,20000p,200000b,200000s
<C:/Users/orfuc/AppData/Local/Programs/MiKTeX/fonts/type1/public/amsfonts/cm/
cmex10.pfb><C:/Users/orfuc/AppData/Local/Programs/MiKTeX/fonts/type1/public/ams
fonts/cm/cmmi10.pfb><C:/Users/orfuc/AppData/Local/Programs/MiKTeX/fonts/type1/p
ublic/amsfonts/cm/cmmi7.pfb><C:/Users/orfuc/AppData/Local/Programs/MiKTeX/fonts
/type1/public/amsfonts/cm/cmmib10.pfb><C:/Users/orfuc/AppData/Local/Programs/Mi
KTeX/fonts/type1/public/amsfonts/cm/cmr10.pfb><C:/Users/orfuc/AppData/Local/Pro
grams/MiKTeX/fonts/type1/public/amsfonts/cm/cmr7.pfb><C:/Users/orfuc/AppData/Lo
cal/Programs/MiKTeX/fonts/type1/public/amsfonts/cm/cmsy10.pfb><C:/Users/orfuc/A
ppData/Local/Programs/MiKTeX/fonts/type1/public/amsfonts/cm/cmsy7.pfb><C:/Users
/orfuc/AppData/Local/Programs/MiKTeX/fonts/type1/urw/courier/ucrr8a.pfb><C:/Use
rs/orfuc/AppData/Local/Programs/MiKTeX/fonts/type1/urw/times/utmb8a.pfb><C:/Use
rs/orfuc/AppData/Local/Programs/MiKTeX/fonts/type1/urw/times/utmr8a.pfb><C:/Use
rs/orfuc/AppData/Local/Programs/MiKTeX/fonts/type1/urw/times/utmri8a.pfb>
Output written on formatting-instructions-latex-2019_changed.pdf (8 pages, 3953
76 bytes).
PDF statistics:
 97 PDF objects out of 1000 (max. 8388607)
 0 named destinations out of 1000 (max. 500000)
 16 words of extra memory for PDF output out of 10000 (max. 10000000)

