This is pdfTeX, Version 3.141592653-2.6-1.40.25 (MiKTeX 23.5) (preloaded format=pdflatex 2024.1.12)  30 MAR 2024 18:13
entering extended mode
 restricted \write18 enabled.
 %&-line parsing enabled.
**./manuscript_changed.tex
(manuscript_changed.tex
LaTeX2e <2023-06-01> patch level 1
L3 programming layer <2023-08-29>
(C:\Users\orfuc\AppData\Local\Programs\MiKTeX\tex/latex/base\article.cls
Document Class: article 2023/05/17 v1.4n Standard LaTeX document class
(C:\Users\orfuc\AppData\Local\Programs\MiKTeX\tex/latex/base\size10.clo
File: size10.clo 2023/05/17 v1.4n Standard LaTeX file (size option)
)
\c@part=\count185
\c@section=\count186
\c@subsection=\count187
\c@subsubsection=\count188
\c@paragraph=\count189
\c@subparagraph=\count190
\c@figure=\count191
\c@table=\count192
\abovecaptionskip=\skip48
\belowcaptionskip=\skip49
\bibindent=\dimen140
)
(aaai21.sty
Conference Style for AAAI for LaTeX 2e -- version for the AAAI-21 conference - 
MODIFIED
\titlebox=\skip50
) (C:\Users\orfuc\AppData\Local\Programs\MiKTeX\tex/latex/psnfss\times.sty
Package: times 2020/03/25 PSNFSS-v9.3 (SPQR) 
)
(C:\Users\orfuc\AppData\Local\Programs\MiKTeX\tex/latex/psnfss\helvet.sty
Package: helvet 2020/03/25 PSNFSS-v9.3 (WaS) 

(C:\Users\orfuc\AppData\Local\Programs\MiKTeX\tex/latex/graphics\keyval.sty
Package: keyval 2022/05/29 v1.15 key=value parser (DPC)
\KV@toks@=\toks17
))
(C:\Users\orfuc\AppData\Local\Programs\MiKTeX\tex/latex/psnfss\courier.sty
Package: courier 2020/03/25 PSNFSS-v9.3 (WaS) 
)
(C:\Users\orfuc\AppData\Local\Programs\MiKTeX\tex/latex/url\url.sty
\Urlmuskip=\muskip16
Package: url 2013/09/16  ver 3.4  Verb mode for urls, etc.
)
(C:\Users\orfuc\AppData\Local\Programs\MiKTeX\tex/latex/graphics\graphicx.sty
Package: graphicx 2021/09/16 v1.2d Enhanced LaTeX Graphics (DPC,SPQR)

(C:\Users\orfuc\AppData\Local\Programs\MiKTeX\tex/latex/graphics\graphics.sty
Package: graphics 2022/03/10 v1.4e Standard LaTeX Graphics (DPC,SPQR)

(C:\Users\orfuc\AppData\Local\Programs\MiKTeX\tex/latex/graphics\trig.sty
Package: trig 2021/08/11 v1.11 sin cos tan (DPC)
)
(C:\Users\orfuc\AppData\Local\Programs\MiKTeX\tex/latex/graphics-cfg\graphics.c
fg
File: graphics.cfg 2016/06/04 v1.11 sample graphics configuration
)
Package graphics Info: Driver file: pdftex.def on input line 107.

(C:\Users\orfuc\AppData\Local\Programs\MiKTeX\tex/latex/graphics-def\pdftex.def
File: pdftex.def 2022/09/22 v1.2b Graphics/color driver for pdftex
))
\Gin@req@height=\dimen141
\Gin@req@width=\dimen142
) (C:\Users\orfuc\AppData\Local\Programs\MiKTeX\tex/latex/natbib\natbib.sty
Package: natbib 2010/09/13 8.31b (PWD, AO)
\bibhang=\skip51
\bibsep=\skip52
LaTeX Info: Redefining \cite on input line 694.
\c@NAT@ctr=\count193
)
(C:\Users\orfuc\AppData\Local\Programs\MiKTeX\tex/latex/caption\caption.sty
Package: caption 2023/07/31 v3.6n Customizing captions (AR)

(C:\Users\orfuc\AppData\Local\Programs\MiKTeX\tex/latex/caption\caption3.sty
Package: caption3 2023/07/31 v2.4d caption3 kernel (AR)
\caption@tempdima=\dimen143
\captionmargin=\dimen144
\caption@leftmargin=\dimen145
\caption@rightmargin=\dimen146
\caption@width=\dimen147
\caption@indent=\dimen148
\caption@parindent=\dimen149
\caption@hangindent=\dimen150
Package caption Info: Standard document class detected.
)
\c@caption@flags=\count194
\c@continuedfloat=\count195
)
(C:\Users\orfuc\AppData\Local\Programs\MiKTeX\tex/latex/amsmath\amsmath.sty
Package: amsmath 2023/05/13 v2.17o AMS math features
\@mathmargin=\skip53

For additional information on amsmath, use the `?' option.
(C:\Users\orfuc\AppData\Local\Programs\MiKTeX\tex/latex/amsmath\amstext.sty
Package: amstext 2021/08/26 v2.01 AMS text

(C:\Users\orfuc\AppData\Local\Programs\MiKTeX\tex/latex/amsmath\amsgen.sty
File: amsgen.sty 1999/11/30 v2.0 generic functions
\@emptytoks=\toks18
\ex@=\dimen151
))
(C:\Users\orfuc\AppData\Local\Programs\MiKTeX\tex/latex/amsmath\amsbsy.sty
Package: amsbsy 1999/11/29 v1.2d Bold Symbols
\pmbraise@=\dimen152
)
(C:\Users\orfuc\AppData\Local\Programs\MiKTeX\tex/latex/amsmath\amsopn.sty
Package: amsopn 2022/04/08 v2.04 operator names
)
\inf@bad=\count196
LaTeX Info: Redefining \frac on input line 234.
\uproot@=\count197
\leftroot@=\count198
LaTeX Info: Redefining \overline on input line 399.
LaTeX Info: Redefining \colon on input line 410.
\classnum@=\count199
\DOTSCASE@=\count266
LaTeX Info: Redefining \ldots on input line 496.
LaTeX Info: Redefining \dots on input line 499.
LaTeX Info: Redefining \cdots on input line 620.
\Mathstrutbox@=\box51
\strutbox@=\box52
LaTeX Info: Redefining \big on input line 722.
LaTeX Info: Redefining \Big on input line 723.
LaTeX Info: Redefining \bigg on input line 724.
LaTeX Info: Redefining \Bigg on input line 725.
\big@size=\dimen153
LaTeX Font Info:    Redeclaring font encoding OML on input line 743.
LaTeX Font Info:    Redeclaring font encoding OMS on input line 744.
\macc@depth=\count267
LaTeX Info: Redefining \bmod on input line 905.
LaTeX Info: Redefining \pmod on input line 910.
LaTeX Info: Redefining \smash on input line 940.
LaTeX Info: Redefining \relbar on input line 970.
LaTeX Info: Redefining \Relbar on input line 971.
\c@MaxMatrixCols=\count268
\dotsspace@=\muskip17
\c@parentequation=\count269
\dspbrk@lvl=\count270
\tag@help=\toks19
\row@=\count271
\column@=\count272
\maxfields@=\count273
\andhelp@=\toks20
\eqnshift@=\dimen154
\alignsep@=\dimen155
\tagshift@=\dimen156
\tagwidth@=\dimen157
\totwidth@=\dimen158
\lineht@=\dimen159
\@envbody=\toks21
\multlinegap=\skip54
\multlinetaggap=\skip55
\mathdisplay@stack=\toks22
LaTeX Info: Redefining \[ on input line 2953.
LaTeX Info: Redefining \] on input line 2954.
)
(C:\Users\orfuc\AppData\Local\Programs\MiKTeX\tex/latex/multirow\multirow.sty
Package: multirow 2021/03/15 v2.8 Span multiple rows of a table
\multirow@colwidth=\skip56
\multirow@cntb=\count274
\multirow@dima=\skip57
\bigstrutjot=\dimen160
)
LaTeX Font Info:    Trying to load font information for OT1+ptm on input line 1
02.

(C:\Users\orfuc\AppData\Local\Programs\MiKTeX\tex/latex/psnfss\ot1ptm.fd
File: ot1ptm.fd 2001/06/04 font definitions for OT1/ptm.
)
(C:\Users\orfuc\AppData\Local\Programs\MiKTeX\tex/latex/l3backend\l3backend-pdf
tex.def
File: l3backend-pdftex.def 2023-04-19 L3 backend support: PDF output (pdfTeX)
\l__color_backend_stack_int=\count275
\l__pdf_internal_box=\box53
) (manuscript_changed.aux)
\openout1 = `manuscript_changed.aux'.

LaTeX Font Info:    Checking defaults for OML/cmm/m/it on input line 102.
LaTeX Font Info:    ... okay on input line 102.
LaTeX Font Info:    Checking defaults for OMS/cmsy/m/n on input line 102.
LaTeX Font Info:    ... okay on input line 102.
LaTeX Font Info:    Checking defaults for OT1/cmr/m/n on input line 102.
LaTeX Font Info:    ... okay on input line 102.
LaTeX Font Info:    Checking defaults for T1/cmr/m/n on input line 102.
LaTeX Font Info:    ... okay on input line 102.
LaTeX Font Info:    Checking defaults for TS1/cmr/m/n on input line 102.
LaTeX Font Info:    ... okay on input line 102.
LaTeX Font Info:    Checking defaults for OMX/cmex/m/n on input line 102.
LaTeX Font Info:    ... okay on input line 102.
LaTeX Font Info:    Checking defaults for U/cmr/m/n on input line 102.
LaTeX Font Info:    ... okay on input line 102.

(C:\Users\orfuc\AppData\Local\Programs\MiKTeX\tex/context/base/mkii\supp-pdf.mk
ii
[Loading MPS to PDF converter (version 2006.09.02).]
\scratchcounter=\count276
\scratchdimen=\dimen161
\scratchbox=\box54
\nofMPsegments=\count277
\nofMParguments=\count278
\everyMPshowfont=\toks23
\MPscratchCnt=\count279
\MPscratchDim=\dimen162
\MPnumerator=\count280
\makeMPintoPDFobject=\count281
\everyMPtoPDFconversion=\toks24
)
(C:\Users\orfuc\AppData\Local\Programs\MiKTeX\tex/latex/epstopdf-pkg\epstopdf-b
ase.sty
Package: epstopdf-base 2020-01-24 v2.11 Base part for package epstopdf
Package epstopdf-base Info: Redefining graphics rule for `.eps' on input line 4
85.

(C:\Users\orfuc\AppData\Local\Programs\MiKTeX\tex/latex/00miktex\epstopdf-sys.c
fg
File: epstopdf-sys.cfg 2021/03/18 v2.0 Configuration of epstopdf for MiKTeX
))
Package caption Info: Begin \AtBeginDocument code.
Package caption Info: End \AtBeginDocument code.
\titlearea=\box55
\actualheight=\skip58

Underfull \vbox (badness 10000) detected at line 104
 []


Package natbib Warning: Citation `suScienceNewsConsumption2015' on page 1 undef
ined on input line 112.


Package natbib Warning: Citation `nationalscienceboardScienceTechnologyPublic20
20' on page 1 undefined on input line 113.


Package natbib Warning: Citation `jamiesonSignalingTrustworthinessScience2019' 
on page 1 undefined on input line 113.


Package natbib Warning: Citation `ribeiroMessageDistortionInformation2019' on p
age 1 undefined on input line 117.


Package natbib Warning: Citation `tanLostPropagationUnfolding2016' on page 1 un
defined on input line 117.


Package natbib Warning: Citation `hillStudyingPopulationsOnline2019' on page 1 
undefined on input line 117.


Package natbib Warning: Citation `andersonTeensSocialMedia2018' on page 1 undef
ined on input line 117.


Package natbib Warning: Citation `horvatBirdsFeatherFlock2021' on page 1 undefi
ned on input line 117.


Package natbib Warning: Citation `malikIdentifyingPlatformEffects2016' on page 
1 undefined on input line 117.


Package natbib Warning: Citation `altmetricsupportOurDataOur2021' on page 1 und
efined on input line 121.


Package natbib Warning: Citation `Kleinberg2003' on page 1 undefined on input l
ine 125.


Package natbib Warning: Citation `barabasiOriginBurstsHeavy2005' on page 1 unde
fined on input line 125.


Package natbib Warning: Citation `chengCascadesRecur2016' on page 1 undefined o
n input line 125.

LaTeX Font Info:    Trying to load font information for TS1+ptm on input line 1
32.
(C:\Users\orfuc\AppData\Local\Programs\MiKTeX\tex/latex/psnfss\ts1ptm.fd
File: ts1ptm.fd 2001/06/04 font definitions for TS1/ptm.
)
[1{C:/Users/orfuc/AppData/Local/MiKTeX/fonts/map/pdftex/pdftex.map}{C:/Users/or
fuc/AppData/Local/Programs/MiKTeX/fonts/enc/dvips/base/8r.enc}



]

Package natbib Warning: Citation `brossardNewMediaLandscapes2013' on page 2 und
efined on input line 144.


Package natbib Warning: Citation `vaneperenHowScientistsUse2011' on page 2 unde
fined on input line 144.


Package natbib Warning: Citation `hargittaiHowYoungAdults2018' on page 2 undefi
ned on input line 144.


Package natbib Warning: Citation `nationalscienceboardScienceTechnologyPublic20
20' on page 2 undefined on input line 144.


Package natbib Warning: Citation `robinson-garciaUnbearableEmptinessTweeting201
7' on page 2 undefined on input line 145.


Package natbib Warning: Citation `reinhardtHowPeopleAre2009' on page 2 undefine
d on input line 145.


Package natbib Warning: Citation `milkmanScienceSharingSharing2014' on page 2 u
ndefined on input line 145.


Package natbib Warning: Citation `zakhlebinDiffusionScientificArticles2020' on 
page 2 undefined on input line 145.


Package natbib Warning: Citation `adarTrackingInformationEpidemics2005' on page
 2 undefined on input line 147.


Package natbib Warning: Citation `adamicInformationEvolutionSocial2016' on page
 2 undefined on input line 147.


Package natbib Warning: Citation `lakkarajuWhatNameUnderstanding2013' on page 2
 undefined on input line 147.


Package natbib Warning: Citation `lermanInformationContagionEmpirical2010' on p
age 2 undefined on input line 147.


Package natbib Warning: Citation `romeroDifferencesMechanicsInformation2011' on
 page 2 undefined on input line 147.


Package natbib Warning: Citation `bakshyRoleSocialNetworks2012' on page 2 undef
ined on input line 147.


Package natbib Warning: Citation `chengCanCascadesBe2014' on page 2 undefined o
n input line 148.


Package natbib Warning: Citation `chengCascadesRecur2016' on page 2 undefined o
n input line 148.


Package natbib Warning: Citation `chenMisleadingOnlineContent2015' on page 2 un
defined on input line 148.


Package natbib Warning: Citation `vosoughiSpreadTrueFalse2018' on page 2 undefi
ned on input line 148.


Package natbib Warning: Citation `lazerScienceFakeNews2018' on page 2 undefined
 on input line 148.


Package natbib Warning: Citation `guptaFakingSandyCharacterizing2013' on page 2
 undefined on input line 148.


Package natbib Warning: Citation `milkmanScienceSharingSharing2014' on page 2 u
ndefined on input line 149.


Package natbib Warning: Citation `maclaughlinPredictingNewsCoverage2018' on pag
e 2 undefined on input line 149.


Package natbib Warning: Citation `burnettHowMediaWarp2017' on page 2 undefined 
on input line 149.


Package natbib Warning: Citation `ribeiroMessageDistortionInformation2019' on p
age 2 undefined on input line 151.


Package natbib Warning: Citation `easleyInformationCascades2010' on page 2 unde
fined on input line 153.


Package natbib Warning: Citation `hillStudyingPopulationsOnline2019' on page 2 
undefined on input line 159.


Package natbib Warning: Citation `phadkeManyFacedHate2020' on page 2 undefined 
on input line 159.


Package natbib Warning: Citation `zakhlebinDiffusionScientificArticles2020' on 
page 2 undefined on input line 159.


Package natbib Warning: Citation `horvatBirdsFeatherFlock2021' on page 2 undefi
ned on input line 159.


Underfull \hbox (badness 1072) in paragraph at lines 159--161
\OT1/ptm/m/n/10 Two fac-tors com-pli-cate how in-for-ma-tion changes as it
 []


Package natbib Warning: Citation `malikIdentifyingPlatformEffects2016' on page 
2 undefined on input line 162.


Package natbib Warning: Citation `gligoricHowConstraintsAffect2018' on page 2 u
ndefined on input line 162.


Package natbib Warning: Citation `malikIdentifyingPlatformEffects2016' on page 
2 undefined on input line 162.


Package natbib Warning: Citation `leskovecMemetrackingDynamicsNews2009' on page
 2 undefined on input line 162.


Package natbib Warning: Citation `tanLostPropagationUnfolding2016' on page 2 un
defined on input line 162.


Package natbib Warning: Citation `phadkeManyFacedHate2020' on page 2 undefined 
on input line 162.


Package natbib Warning: Citation `tanLostPropagationUnfolding2016' on page 2 un
defined on input line 162.


Package natbib Warning: Citation `tanLostPropagationUnfolding2016' on page 2 un
defined on input line 162.


Package natbib Warning: Citation `zakhlebinDiffusionScientificArticles2020' on 
page 2 undefined on input line 163.


Package natbib Warning: Citation `altmetricsupportOurDataOur2021' on page 2 und
efined on input line 189.


Underfull \hbox (badness 10000) in paragraph at lines 192--192
[][]\OT1/ptm/m/n/9 microsoft.com/en-us/research/project/microsoft-academic-
 []

[2]
Overfull \hbox (16.30429pt too wide) in paragraph at lines 212--218
 [][] 
 []


Package natbib Warning: Citation `ribeiroMessageDistortionInformation2019' on p
age 3 undefined on input line 222.


Package natbib Warning: Citation `mihalceaTextRankBringingOrder2004' on page 3 
undefined on input line 224.


Package natbib Warning: Citation `ribeiroMessageDistortionInformation2019' on p
age 3 undefined on input line 233.

[3]

Package natbib Warning: Citation `roseAutomaticKeywordExtraction2010' on page 4
 undefined on input line 271.

<figs/multiplatform_make_ex.png, id=16, 1073.2095pt x 609.477pt>
File: figs/multiplatform_make_ex.png Graphic file (type png)
<use figs/multiplatform_make_ex.png>
Package pdftex.def Info: figs/multiplatform_make_ex.png  used on input line 278
.
(pdftex.def)             Requested size: 227.42392pt x 129.14713pt.

Package natbib Warning: Citation `ribeiroMessageDistortionInformation2019' on p
age 4 undefined on input line 283.


Package natbib Warning: Citation `zakhlebinDiffusionScientificArticles2020' on 
page 4 undefined on input line 283.


Package natbib Warning: Citation `gilbertWidespreadUnderprovisionReddit2013' on
 page 4 undefined on input line 283.


Package natbib Warning: Citation `chengCascadesRecur2016' on page 4 undefined o
n input line 283.


Package natbib Warning: Citation `chengCascadesRecur2016' on page 4 undefined o
n input line 285.

[4]

Package natbib Warning: Citation `chengCascadesRecur2016' on page 5 undefined o
n input line 298.


Overfull \hbox (7.72758pt too wide) in paragraph at lines 305--314
 [][] 
 []


Underfull \hbox (badness 1178) in paragraph at lines 325--327
[]\OT1/ptm/m/n/10 We gen-er-ated 37,032 bursts en-com-pass-ing 1,347,052
 []

<figs/fig2.png, id=20, 432.61626pt x 280.04625pt>
File: figs/fig2.png Graphic file (type png)
<use figs/fig2.png>
Package pdftex.def Info: figs/fig2.png  used on input line 332.
(pdftex.def)             Requested size: 203.48668pt x 131.7243pt.
<figs/fig_domains.png, id=22, 435.6275pt x 265.99374pt>
File: figs/fig_domains.png Graphic file (type png)
<use figs/fig_domains.png>
Package pdftex.def Info: figs/fig_domains.png  used on input line 378.
(pdftex.def)             Requested size: 167.57533pt x 102.32063pt.
[5 <./figs/multiplatform_make_ex.png> <./figs/fig2.png> <./figs/fig_domains.png
>]
<figs/trajectory_overall.png, id=28, 2481.27pt x 893.3375pt>
File: figs/trajectory_overall.png Graphic file (type png)
<use figs/trajectory_overall.png>
Package pdftex.def Info: figs/trajectory_overall.png  used on input line 391.
(pdftex.def)             Requested size: 430.00958pt x 154.80971pt.
<figs/median_scores_platforms.png, id=29, 400.49625pt x 220.825pt>
File: figs/median_scores_platforms.png Graphic file (type png)
<use figs/median_scores_platforms.png>
Package pdftex.def Info: figs/median_scores_platforms.png  used on input line 4
07.
(pdftex.def)             Requested size: 215.45348pt x 118.79893pt.
 [6]
<figs/trajectory_platform.png, id=34, 2409.0pt x 890.32625pt>
File: figs/trajectory_platform.png Graphic file (type png)
<use figs/trajectory_platform.png>
Package pdftex.def Info: figs/trajectory_platform.png  used on input line 416.
(pdftex.def)             Requested size: 430.00958pt x 158.92046pt.

Underfull \vbox (badness 3503) has occurred while \output is active []

<figs/fig6.png, id=35, 424.58624pt x 254.9525pt>
File: figs/fig6.png Graphic file (type png)
<use figs/fig6.png>
Package pdftex.def Info: figs/fig6.png  used on input line 427.
(pdftex.def)             Requested size: 191.51622pt x 114.99986pt.
<figs/fig7_with6.png, id=36, 456.70625pt x 280.04625pt>
File: figs/fig7_with6.png Graphic file (type png)
<use figs/fig7_with6.png>
Package pdftex.def Info: figs/fig7_with6.png  used on input line 438.
(pdftex.def)             Requested size: 191.51622pt x 117.43486pt.


Package natbib Warning: Citation `scheufele2019science' on page 7 undefined on 
input line 447.


Package natbib Warning: Citation `westMisinformationScience2021' on page 7 unde
fined on input line 447.


Package natbib Warning: Citation `hargittaiHowYoungAdults2018' on page 7 undefi
ned on input line 447.


Package natbib Warning: Citation `zakhlebinDiffusionScientificArticles2020' on 
page 7 undefined on input line 447.


Package natbib Warning: Citation `lazerMeaningfulMeasuresHuman2021' on page 7 u
ndefined on input line 448.


Package natbib Warning: Citation `adarTrackingInformationEpidemics2005' on page
 7 undefined on input line 448.


Package natbib Warning: Citation `lermanInformationContagionEmpirical2010' on p
age 7 undefined on input line 448.


Package natbib Warning: Citation `keeganHotWikiStructures2013' on page 7 undefi
ned on input line 448.


Package natbib Warning: Citation `gilbertWidespreadUnderprovisionReddit2013' on
 page 7 undefined on input line 448.


Package natbib Warning: Citation `Goel2015' on page 7 undefined on input line 4
48.


Package natbib Warning: Citation `chengCanCascadesBe2014' on page 7 undefined o
n input line 448.


Package natbib Warning: Citation `chengCascadesRecur2016' on page 7 undefined o
n input line 448.


Package natbib Warning: Citation `leskovecMemetrackingDynamicsNews2009' on page
 7 undefined on input line 448.


Package natbib Warning: Citation `tanLostPropagationUnfolding2016' on page 7 un
defined on input line 448.


Package natbib Warning: Citation `zakhlebinDiffusionScientificArticles2020' on 
page 7 undefined on input line 448.

[7 <./figs/trajectory_overall.png> <./figs/median_scores_platforms.png>]
[8 <./figs/trajectory_platform.png> <./figs/fig6.png> <./figs/fig7_with6.png>]
Underfull \hbox (badness 3977) in paragraph at lines 467--474
 \OT1/ptm/b/n/10 En-cour-ag-ing multi-platform dis-cus-sions \OT1/ptm/m/n/10 Th
e dif-fer-
 []


Package natbib Warning: Citation `zakhlebinDiffusionScientificArticles2020' on 
page 9 undefined on input line 478.


Package natbib Warning: Citation `gilbertWidespreadUnderprovisionReddit2013' on
 page 9 undefined on input line 478.


Package natbib Warning: Citation `chengCanCascadesBe2014' on page 9 undefined o
n input line 478.


Package natbib Warning: Citation `chengCascadesRecur2016' on page 9 undefined o
n input line 478.

[9]

Package natbib Warning: Citation `ribeiroMessageDistortionInformation2019' on p
age 10 undefined on input line 484.

No file manuscript_changed.bbl.
[10]

Package natbib Warning: There were undefined citations.

[11

] (manuscript_changed.aux)
 ***********
LaTeX2e <2023-06-01> patch level 1
L3 programming layer <2023-08-29>
 ***********
 ) 
Here is how much of TeX's memory you used:
 4128 strings out of 475247
 70204 string characters out of 5757792
 1943801 words of memory out of 5000000
 25618 multiletter control sequences out of 15000+600000
 583673 words of font info for 82 fonts, out of 8000000 for 9000
 1141 hyphenation exceptions out of 8191
 57i,17n,65p,2047b,368s stack positions out of 10000i,1000n,20000p,200000b,200000s
<C:/Users/orfuc/AppData/Local/Programs/MiKTeX/fonts/type1/public/amsfonts/cm/
cmmi10.pfb><C:/Users/orfuc/AppData/Local/Programs/MiKTeX/fonts/type1/public/ams
fonts/cm/cmr10.pfb><C:/Users/orfuc/AppData/Local/Programs/MiKTeX/fonts/type1/ur
w/times/utmb8a.pfb><C:/Users/orfuc/AppData/Local/Programs/MiKTeX/fonts/type1/ur
w/times/utmbi8a.pfb><C:/Users/orfuc/AppData/Local/Programs/MiKTeX/fonts/type1/u
rw/times/utmr8a.pfb><C:/Users/orfuc/AppData/Local/Programs/MiKTeX/fonts/type1/u
rw/times/utmri8a.pfb>
Output written on manuscript_changed.pdf (11 pages, 584611 bytes).
PDF statistics:
 85 PDF objects out of 1000 (max. 8388607)
 0 named destinations out of 1000 (max. 500000)
 41 words of extra memory for PDF output out of 10000 (max. 10000000)

