This is pdfTeX, Version 3.141592653-2.6-1.40.25 (MiKTeX 23.9) (preloaded format=pdflatex 2023.9.22)  30 MAR 2024 16:57
entering extended mode
 restricted \write18 enabled.
 %&-line parsing enabled.
**./Formatting-Instructions-LaTeX-2024_changed.tex
(Formatting-Instructions-LaTeX-2024_changed.tex
LaTeX2e <2023-06-01> patch level 1
L3 programming layer <2023-08-29>
(C:\Users\micha\AppData\Local\Programs\MiKTeX\tex/latex/base\article.cls
Document Class: article 2023/05/17 v1.4n Standard LaTeX document class
(C:\Users\micha\AppData\Local\Programs\MiKTeX\tex/latex/base\size10.clo
File: size10.clo 2023/05/17 v1.4n Standard LaTeX file (size option)
)
\c@part=\count185
\c@section=\count186
\c@subsection=\count187
\c@subsubsection=\count188
\c@paragraph=\count189
\c@subparagraph=\count190
\c@figure=\count191
\c@table=\count192
\abovecaptionskip=\skip48
\belowcaptionskip=\skip49
\bibindent=\dimen140
)
(aaai24.sty
Package: aaai24 2023/06/26 AAAI 2024 Submission format

Conference Style for AAAI for LaTeX 2e -- version for submission
\titlebox=\skip50
) (C:\Users\micha\AppData\Local\Programs\MiKTeX\tex/latex/psnfss\times.sty
Package: times 2020/03/25 PSNFSS-v9.3 (SPQR) 
)
(C:\Users\micha\AppData\Local\Programs\MiKTeX\tex/latex/psnfss\helvet.sty
Package: helvet 2020/03/25 PSNFSS-v9.3 (WaS) 

(C:\Users\micha\AppData\Local\Programs\MiKTeX\tex/latex/graphics\keyval.sty
Package: keyval 2022/05/29 v1.15 key=value parser (DPC)
\KV@toks@=\toks17
))
(C:\Users\micha\AppData\Local\Programs\MiKTeX\tex/latex/psnfss\courier.sty
Package: courier 2020/03/25 PSNFSS-v9.3 (WaS) 
)
(C:\Users\micha\AppData\Local\Programs\MiKTeX\tex/latex/url\url.sty
\Urlmuskip=\muskip16
Package: url 2013/09/16  ver 3.4  Verb mode for urls, etc.
)
(C:\Users\micha\AppData\Local\Programs\MiKTeX\tex/latex/graphics\graphicx.sty
Package: graphicx 2021/09/16 v1.2d Enhanced LaTeX Graphics (DPC,SPQR)

(C:\Users\micha\AppData\Local\Programs\MiKTeX\tex/latex/graphics\graphics.sty
Package: graphics 2022/03/10 v1.4e Standard LaTeX Graphics (DPC,SPQR)

(C:\Users\micha\AppData\Local\Programs\MiKTeX\tex/latex/graphics\trig.sty
Package: trig 2021/08/11 v1.11 sin cos tan (DPC)
)
(C:\Users\micha\AppData\Local\Programs\MiKTeX\tex/latex/graphics-cfg\graphics.c
fg
File: graphics.cfg 2016/06/04 v1.11 sample graphics configuration
)
Package graphics Info: Driver file: pdftex.def on input line 107.

(C:\Users\micha\AppData\Local\Programs\MiKTeX\tex/latex/graphics-def\pdftex.def
File: pdftex.def 2022/09/22 v1.2b Graphics/color driver for pdftex
))
\Gin@req@height=\dimen141
\Gin@req@width=\dimen142
) (C:\Users\micha\AppData\Local\Programs\MiKTeX\tex/latex/natbib\natbib.sty
Package: natbib 2010/09/13 8.31b (PWD, AO)
\bibhang=\skip51
\bibsep=\skip52
LaTeX Info: Redefining \cite on input line 694.
\c@NAT@ctr=\count193
)
(C:\Users\micha\AppData\Local\Programs\MiKTeX\tex/latex/caption\caption.sty
Package: caption 2023/07/31 v3.6n Customizing captions (AR)

(C:\Users\micha\AppData\Local\Programs\MiKTeX\tex/latex/caption\caption3.sty
Package: caption3 2023/07/31 v2.4d caption3 kernel (AR)
\caption@tempdima=\dimen143
\captionmargin=\dimen144
\caption@leftmargin=\dimen145
\caption@rightmargin=\dimen146
\caption@width=\dimen147
\caption@indent=\dimen148
\caption@parindent=\dimen149
\caption@hangindent=\dimen150
Package caption Info: Standard document class detected.
)
\c@caption@flags=\count194
\c@continuedfloat=\count195
)
(C:\Users\micha\AppData\Local\Programs\MiKTeX\tex/latex/algorithms\algorithm.st
y
Package: algorithm 2009/08/24 v0.1 Document Style `algorithm' - floating enviro
nment
 (C:\Users\micha\AppData\Local\Programs\MiKTeX\tex/latex/float\float.sty
Package: float 2001/11/08 v1.3d Float enhancements (AL)
\c@float@type=\count196
\float@exts=\toks18
\float@box=\box51
\@float@everytoks=\toks19
\@floatcapt=\box52
)
(C:\Users\micha\AppData\Local\Programs\MiKTeX\tex/latex/base\ifthen.sty
Package: ifthen 2022/04/13 v1.1d Standard LaTeX ifthen package (DPC)
)
\@float@every@algorithm=\toks20
\c@algorithm=\count197
)
(C:\Users\micha\AppData\Local\Programs\MiKTeX\tex/latex/algorithms\algorithmic.
sty
Package: algorithmic 2009/08/24 v0.1 Document Style `algorithmic'
\c@ALC@unique=\count198
\c@ALC@line=\count199
\c@ALC@rem=\count266
\c@ALC@depth=\count267
\ALC@tlm=\skip53
\algorithmicindent=\skip54
) (C:\Users\micha\AppData\Local\Programs\MiKTeX\tex/latex/tools\tabularx.sty
Package: tabularx 2020/01/15 v2.11c `tabularx' package (DPC)
(C:\Users\micha\AppData\Local\Programs\MiKTeX\tex/latex/tools\array.sty
Package: array 2022/09/04 v2.5g Tabular extension package (FMi)
\col@sep=\dimen151
\ar@mcellbox=\box53
\extrarowheight=\dimen152
\NC@list=\toks21
\extratabsurround=\skip55
\backup@length=\skip56
\ar@cellbox=\box54
)
\TX@col@width=\dimen153
\TX@old@table=\dimen154
\TX@old@col=\dimen155
\TX@target=\dimen156
\TX@delta=\dimen157
\TX@cols=\count268
\TX@ftn=\toks22
)
(C:\Users\micha\AppData\Local\Programs\MiKTeX\tex/latex/amsmath\amsmath.sty
Package: amsmath 2023/05/13 v2.17o AMS math features
\@mathmargin=\skip57

For additional information on amsmath, use the `?' option.
(C:\Users\micha\AppData\Local\Programs\MiKTeX\tex/latex/amsmath\amstext.sty
Package: amstext 2021/08/26 v2.01 AMS text

(C:\Users\micha\AppData\Local\Programs\MiKTeX\tex/latex/amsmath\amsgen.sty
File: amsgen.sty 1999/11/30 v2.0 generic functions
\@emptytoks=\toks23
\ex@=\dimen158
))
(C:\Users\micha\AppData\Local\Programs\MiKTeX\tex/latex/amsmath\amsbsy.sty
Package: amsbsy 1999/11/29 v1.2d Bold Symbols
\pmbraise@=\dimen159
)
(C:\Users\micha\AppData\Local\Programs\MiKTeX\tex/latex/amsmath\amsopn.sty
Package: amsopn 2022/04/08 v2.04 operator names
)
\inf@bad=\count269
LaTeX Info: Redefining \frac on input line 234.
\uproot@=\count270
\leftroot@=\count271
LaTeX Info: Redefining \overline on input line 399.
LaTeX Info: Redefining \colon on input line 410.
\classnum@=\count272
\DOTSCASE@=\count273
LaTeX Info: Redefining \ldots on input line 496.
LaTeX Info: Redefining \dots on input line 499.
LaTeX Info: Redefining \cdots on input line 620.
\Mathstrutbox@=\box55
\strutbox@=\box56
LaTeX Info: Redefining \big on input line 722.
LaTeX Info: Redefining \Big on input line 723.
LaTeX Info: Redefining \bigg on input line 724.
LaTeX Info: Redefining \Bigg on input line 725.
\big@size=\dimen160
LaTeX Font Info:    Redeclaring font encoding OML on input line 743.
LaTeX Font Info:    Redeclaring font encoding OMS on input line 744.
\macc@depth=\count274
LaTeX Info: Redefining \bmod on input line 905.
LaTeX Info: Redefining \pmod on input line 910.
LaTeX Info: Redefining \smash on input line 940.
LaTeX Info: Redefining \relbar on input line 970.
LaTeX Info: Redefining \Relbar on input line 971.
\c@MaxMatrixCols=\count275
\dotsspace@=\muskip17
\c@parentequation=\count276
\dspbrk@lvl=\count277
\tag@help=\toks24
\row@=\count278
\column@=\count279
\maxfields@=\count280
\andhelp@=\toks25
\eqnshift@=\dimen161
\alignsep@=\dimen162
\tagshift@=\dimen163
\tagwidth@=\dimen164
\totwidth@=\dimen165
\lineht@=\dimen166
\@envbody=\toks26
\multlinegap=\skip58
\multlinetaggap=\skip59
\mathdisplay@stack=\toks27
LaTeX Info: Redefining \[ on input line 2953.
LaTeX Info: Redefining \] on input line 2954.
)
(C:\Users\micha\AppData\Local\Programs\MiKTeX\tex/latex/amsfonts\amssymb.sty
Package: amssymb 2013/01/14 v3.01 AMS font symbols

(C:\Users\micha\AppData\Local\Programs\MiKTeX\tex/latex/amsfonts\amsfonts.sty
Package: amsfonts 2013/01/14 v3.01 Basic AMSFonts support
\symAMSa=\mathgroup4
\symAMSb=\mathgroup5
LaTeX Font Info:    Redeclaring math symbol \hbar on input line 98.
LaTeX Font Info:    Overwriting math alphabet `\mathfrak' in version `bold'
(Font)                  U/euf/m/n --> U/euf/b/n on input line 106.
)) (C:\Users\micha\AppData\Local\Programs\MiKTeX\tex/latex/booktabs\booktabs.st
y
Package: booktabs 2020/01/12 v1.61803398 Publication quality tables
\heavyrulewidth=\dimen167
\lightrulewidth=\dimen168
\cmidrulewidth=\dimen169
\belowrulesep=\dimen170
\belowbottomsep=\dimen171
\aboverulesep=\dimen172
\abovetopsep=\dimen173
\cmidrulesep=\dimen174
\cmidrulekern=\dimen175
\defaultaddspace=\dimen176
\@cmidla=\count281
\@cmidlb=\count282
\@aboverulesep=\dimen177
\@belowrulesep=\dimen178
\@thisruleclass=\count283
\@lastruleclass=\count284
\@thisrulewidth=\dimen179
)
(C:\Users\micha\AppData\Local\Programs\MiKTeX\tex/latex/threeparttable\threepar
ttable.sty
Package: threeparttable 2003/06/13  v 3.0
\@tempboxb=\box57
)
(C:\Users\micha\AppData\Local\Programs\MiKTeX\tex/latex/multirow\multirow.sty
Package: multirow 2021/03/15 v2.8 Span multiple rows of a table
\multirow@colwidth=\skip60
\multirow@cntb=\count285
\multirow@dima=\skip61
\bigstrutjot=\dimen180
)
(C:\Users\micha\AppData\Local\Programs\MiKTeX\tex/latex/subfigure\subfigure.sty
Package: subfigure 2002/07/30 v2.1.4 subfigure package
\subfigtopskip=\skip62
\subfigcapskip=\skip63
\subfigcaptopadj=\dimen181
\subfigbottomskip=\skip64
\subfigcapmargin=\dimen182
\subfiglabelskip=\skip65
\c@subfigure=\count286
\c@lofdepth=\count287
\c@subtable=\count288
\c@lotdepth=\count289
****************************************
* Local config file subfigure.cfg used *
****************************************

(C:\Users\micha\AppData\Local\Programs\MiKTeX\tex/latex/subfigure\subfigure.cfg
)
\subfig@top=\skip66
\subfig@bottom=\skip67
)
\c@theorem=\count290
\c@proposition=\count291
\c@lemma=\count292
\c@fact=\count293
\c@prop=\count294
\c@corollary=\count295
\c@definition=\count296
\c@assumption=\count297
\c@remark=\count298

(C:\Users\micha\AppData\Local\Programs\MiKTeX\tex/latex/newfloat\newfloat.sty
Package: newfloat 2023/10/01 v1.2 Defining new floating environments (AR)
)
(C:\Users\micha\AppData\Local\Programs\MiKTeX\tex/latex/listings\listings.sty
\lst@mode=\count299
\lst@gtempboxa=\box58
\lst@token=\toks28
\lst@length=\count300
\lst@currlwidth=\dimen183
\lst@column=\count301
\lst@pos=\count302
\lst@lostspace=\dimen184
\lst@width=\dimen185
\lst@newlines=\count303
\lst@lineno=\count304
\lst@maxwidth=\dimen186

(C:\Users\micha\AppData\Local\Programs\MiKTeX\tex/latex/listings\lstmisc.sty
File: lstmisc.sty 2023/02/27 1.9 (Carsten Heinz)
\c@lstnumber=\count305
\lst@skipnumbers=\count306
\lst@framebox=\box59
)
(C:\Users\micha\AppData\Local\Programs\MiKTeX\tex/latex/listings\listings.cfg
File: listings.cfg 2023/02/27 1.9 listings configuration
))
Package: listings 2023/02/27 1.9 (Carsten Heinz)
\@float@every@listing=\toks29
\c@listing=\count307
(C:\Users\micha\AppData\Local\Programs\MiKTeX\tex/latex/natbib\bibentry.sty
Package: bibentry 2007/10/30 1.5 (PWD)
)
LaTeX Font Info:    Trying to load font information for OT1+ptm on input line 1
89.

(C:\Users\micha\AppData\Local\Programs\MiKTeX\tex/latex/psnfss\ot1ptm.fd
File: ot1ptm.fd 2001/06/04 font definitions for OT1/ptm.
)
(C:\Users\micha\AppData\Local\Programs\MiKTeX\tex/latex/l3backend\l3backend-pdf
tex.def
File: l3backend-pdftex.def 2023-04-19 L3 backend support: PDF output (pdfTeX)
\l__color_backend_stack_int=\count308
\l__pdf_internal_box=\box60
) (Formatting-Instructions-LaTeX-2024_changed.aux)
\openout1 = `Formatting-Instructions-LaTeX-2024_changed.aux'.

LaTeX Font Info:    Checking defaults for OML/cmm/m/it on input line 189.
LaTeX Font Info:    ... okay on input line 189.
LaTeX Font Info:    Checking defaults for OMS/cmsy/m/n on input line 189.
LaTeX Font Info:    ... okay on input line 189.
LaTeX Font Info:    Checking defaults for OT1/cmr/m/n on input line 189.
LaTeX Font Info:    ... okay on input line 189.
LaTeX Font Info:    Checking defaults for T1/cmr/m/n on input line 189.
LaTeX Font Info:    ... okay on input line 189.
LaTeX Font Info:    Checking defaults for TS1/cmr/m/n on input line 189.
LaTeX Font Info:    ... okay on input line 189.
LaTeX Font Info:    Checking defaults for OMX/cmex/m/n on input line 189.
LaTeX Font Info:    ... okay on input line 189.
LaTeX Font Info:    Checking defaults for U/cmr/m/n on input line 189.
LaTeX Font Info:    ... okay on input line 189.

(C:\Users\micha\AppData\Local\Programs\MiKTeX\tex/context/base/mkii\supp-pdf.mk
ii
[Loading MPS to PDF converter (version 2006.09.02).]
\scratchcounter=\count309
\scratchdimen=\dimen187
\scratchbox=\box61
\nofMPsegments=\count310
\nofMParguments=\count311
\everyMPshowfont=\toks30
\MPscratchCnt=\count312
\MPscratchDim=\dimen188
\MPnumerator=\count313
\makeMPintoPDFobject=\count314
\everyMPtoPDFconversion=\toks31
)
(C:\Users\micha\AppData\Local\Programs\MiKTeX\tex/latex/epstopdf-pkg\epstopdf-b
ase.sty
Package: epstopdf-base 2020-01-24 v2.11 Base part for package epstopdf
Package epstopdf-base Info: Redefining graphics rule for `.eps' on input line 4
85.

(C:\Users\micha\AppData\Local\Programs\MiKTeX\tex/latex/00miktex\epstopdf-sys.c
fg
File: epstopdf-sys.cfg 2021/03/18 v2.0 Configuration of epstopdf for MiKTeX
))
Package caption Info: Begin \AtBeginDocument code.
Package caption Info: float package is loaded.
Package caption Info: listings package is loaded.
Package caption Info: subfigure package is loaded.
Package caption Info: threeparttable package is loaded.
Package caption Info: End \AtBeginDocument code.
Package newfloat Info: `float' package detected.
\c@lstlisting=\count315
\c@eqfn=\count316
\titlearea=\box62
LaTeX Font Info:    Trying to load font information for U+msa on input line 191
.
 (C:\Users\micha\AppData\Local\Programs\MiKTeX\tex/latex/amsfonts\umsa.fd
File: umsa.fd 2013/01/14 v3.01 AMS symbols A
)
LaTeX Font Info:    Trying to load font information for U+msb on input line 191
.

(C:\Users\micha\AppData\Local\Programs\MiKTeX\tex/latex/amsfonts\umsb.fd
File: umsb.fd 2013/01/14 v3.01 AMS symbols B
)
\actualheight=\skip68
LaTeX Font Info:    Trying to load font information for TS1+ptm on input line 1
91.

(C:\Users\micha\AppData\Local\Programs\MiKTeX\tex/latex/psnfss\ts1ptm.fd
File: ts1ptm.fd 2001/06/04 font definitions for TS1/ptm.
)

Package natbib Warning: Citation `guo2020meets' on page 1 undefined on input li
ne 200.


Package natbib Warning: Citation `sato2021gradient' on page 1 undefined on inpu
t line 200.


Package natbib Warning: Citation `raghu2021meta' on page 1 undefined on input l
ine 200.


Package natbib Warning: Citation `avraamidou2018mixed' on page 1 undefined on i
nput line 200.


Package natbib Warning: Citation `sato2021gradient' on page 1 undefined on inpu
t line 200.


Overfull \hbox (99.6161pt too wide) detected at line 209
[][]
 []


Underfull \vbox (badness 4779) has occurred while \output is active []



Package natbib Warning: Citation `ji2021bilevel' on page 1 undefined on input l
ine 211.


Package natbib Warning: Citation `franceschi2018bilevel' on page 1 undefined on
 input line 211.


Package natbib Warning: Citation `sato2021gradient' on page 1 undefined on inpu
t line 211.


Package natbib Warning: Citation `blair1992computational' on page 1 undefined o
n input line 211.


Package natbib Warning: Citation `avraamidou2018mixed' on page 1 undefined on i
nput line 211.


Package natbib Warning: Citation `sato2021gradient' on page 1 undefined on inpu
t line 213.


Package natbib Warning: Citation `sato2021gradient' on page 1 undefined on inpu
t line 213.


Package natbib Warning: Citation `choe2022betty' on page 1 undefined on input l
ine 213.


Package natbib Warning: Citation `subramanya2021centralized' on page 1 undefine
d on input line 214.


Package natbib Warning: Citation `jiao2022asynchronous' on page 1 undefined on 
input line 214.


Package natbib Warning: Citation `han2020adaptive' on page 1 undefined on input
 line 214.


Package natbib Warning: Citation `jiao2022asynchronous' on page 1 undefined on 
input line 215.


Package natbib Warning: Citation `jiao2022asynchronous' on page 1 undefined on 
input line 217.


Package natbib Warning: Citation `franc2011cutting' on page 1 undefined on inpu
t line 217.

[1{C:/Users/micha/AppData/Local/MiKTeX/fonts/map/pdftex/pdftex.map}{C:/Users/mi
cha/AppData/Local/Programs/MiKTeX/fonts/enc/dvips/base/8r.enc}



]
Underfull \hbox (badness 4403) in paragraph at lines 223--224
[]\OT1/ptm/b/n/10 1. \OT1/ptm/m/n/10 An asyn-chronous fed-er-ated trilevel op-t
i-miza-tion
 []


Package natbib Warning: Citation `guo2020meets' on page 2 undefined on input li
ne 233.


Package natbib Warning: Citation `jiao2022timeautoad' on page 2 undefined on in
put line 233.


Package natbib Warning: Citation `raghu2021meta' on page 2 undefined on input l
ine 233.


Package natbib Warning: Citation `garg2022learning' on page 2 undefined on inpu
t line 233.


Package natbib Warning: Citation `choe2022betty' on page 2 undefined on input l
ine 233.


Package natbib Warning: Citation `sato2021gradient' on page 2 undefined on inpu
t line 233.


Package natbib Warning: Citation `bertsekas2015convex' on page 2 undefined on i
nput line 237.


Package natbib Warning: Citation `bertsekas2015convex' on page 2 undefined on i
nput line 238.


Package natbib Warning: Citation `tawarmalani2005polyhedral' on page 2 undefine
d on input line 238.


Package natbib Warning: Citation `yang2008distributed' on page 2 undefined on i
nput line 238.


Package natbib Warning: Citation `burger2013polyhedral' on page 2 undefined on 
input line 238.


Package natbib Warning: Citation `bertsekas2011unifying' on page 2 undefined on
 input line 240.


Package natbib Warning: Citation `trombettoni2011inner' on page 2 undefined on 
input line 240.


Package natbib Warning: Citation `bertsekas2015convex' on page 2 undefined on i
nput line 242.


Package natbib Warning: Citation `burger2013polyhedral' on page 2 undefined on 
input line 242.


Overfull \hbox (164.91487pt too wide) detected at line 259
[][]
 []


Package natbib Warning: Citation `zhang2014asynchronous' on page 2 undefined on
 input line 260.


Package natbib Warning: Citation `jiao2022distributed' on page 2 undefined on i
nput line 260.


Overfull \hbox (238.79254pt too wide) detected at line 278
[][]
 []


Underfull \vbox (badness 1661) has occurred while \output is active []

 [2]

Package natbib Warning: Citation `assran2020advances' on page 3 undefined on in
put line 279.


Package natbib Warning: Citation `bertsekas2015convex' on page 3 undefined on i
nput line 282.


Package natbib Warning: Citation `franc2011cutting' on page 3 undefined on inpu
t line 282.


Package natbib Warning: Citation `burger2013polyhedral' on page 3 undefined on 
input line 282.


Underfull \hbox (badness 1087) in paragraph at lines 282--284
\OT1/ptm/m/n/10 Different from the tra-di-tional poly-he-dral ap-prox-i-ma-tion

 []


Underfull \hbox (badness 1735) in paragraph at lines 282--284
\OT1/ptm/m/n/10 method (\OT1/ptm/b/n/10 ???\OT1/ptm/m/n/10 ), a novel hyper-pol
yhedral ap-prox-i-ma-tion
 []


Package natbib Warning: Citation `chen2022trilevel' on page 3 undefined on inpu
t line 291.


Package natbib Warning: Citation `ji2021bilevel' on page 3 undefined on input l
ine 291.


Package natbib Warning: Citation `liu2021towards' on page 3 undefined on input 
line 291.


Package natbib Warning: Citation `jiao2022asynchronous' on page 3 undefined on 
input line 291.


Package natbib Warning: Citation `sato2021gradient' on page 3 undefined on inpu
t line 291.


Package natbib Warning: Citation `jiao2022asynchronous' on page 3 undefined on 
input line 291.


Underfull \hbox (badness 3108) in paragraph at lines 288--292
 $\OT1/cmr/m/n/10 I[]$ \OT1/ptm/b/n/10 layer Poly-he-dral Ap-prox-i-ma-tion: \O
T1/ptm/m/n/10 First, defin-ing
 []


Underfull \hbox (badness 3098) in paragraph at lines 288--292
[][]  \OT1/cmr/m/n/10 =  [][]\OML/cmm/m/it/10 ; \OMS/cmsy/m/n/10 8\OML/cmm/m/it
/10 j\OMS/cmsy/m/n/10 g$\OT1/ptm/m/n/10 . In trilevel op-ti-miza-tion, the thir
d
 []


Underfull \hbox (badness 1038) in paragraph at lines 288--292
\OT1/ptm/m/n/10 level op-ti-miza-tion prob-lem can be viewed as the con-
 []


Overfull \hbox (204.28917pt too wide) detected at line 297
[][]
 []


Overfull \hbox (3.94896pt too wide) detected at line 312
[][][]  \OT1/cmr/m/n/10 =  [][] + \OML/cmm/m/it/10 ^^Q[] \OMS/cmsy/m/n/10 r[]\O
ML/cmm/m/it/10 L[]\OT1/cmr/m/n/10 ([]\OML/cmm/m/it/10 ; [][] ; [][];  \OMS/cmsy
/m/n/10 f[][]g\OML/cmm/m/it/10 ;  \OMS/cmsy/m/n/10 f[][]g\OT1/cmr/m/n/10 )\OML/
cmm/m/it/10 ;
 []


Overfull \hbox (163.15501pt too wide) detected at line 339
[][]
 []


Package natbib Warning: Citation `bertsekas2015convex' on page 3 undefined on i
nput line 341.


Package natbib Warning: Citation `burger2013polyhedral' on page 3 undefined on 
input line 341.


Underfull \hbox (badness 2229) in paragraph at lines 341--342
\OT1/cmr/m/n/10 I[]$ \OT1/ptm/b/n/10 layer poly-tope\OT1/ptm/m/n/10 , which for
ms of a set of cut-ting
 []


Underfull \hbox (badness 1389) in paragraph at lines 341--342
\OT1/ptm/m/n/10 planes (i.e., lin-ear in-equal-i-ties), is uti-lized to ap-prox
-i-
 []


Overfull \hbox (254.41035pt too wide) detected at line 357
[][]
 []


Package natbib Warning: Citation `sinha2017review' on page 3 undefined on input
 line 365.


Package natbib Warning: Citation `gould2016differentiating' on page 3 undefined
 on input line 365.


Package natbib Warning: Citation `jiao2022asynchronous' on page 3 undefined on 
input line 365.


Underfull \hbox (badness 2707) in paragraph at lines 361--366
\OT1/ptm/m/n/10 tion $\OML/cmm/m/it/10 h[]\OT1/cmr/m/n/10 (\OMS/cmsy/m/n/10 f[]
g\OML/cmm/m/it/10 ; \OMS/cmsy/m/n/10 f[]g\OML/cmm/m/it/10 ; []; []; []\OT1/cmr/
m/n/10 )  =  \OMS/cmsy/m/n/10 jj [] ^^@
 []


Underfull \hbox (badness 10000) in paragraph at lines 361--366
\OML/cmm/m/it/10 ^^^[]\OT1/cmr/m/n/10 ([]\OML/cmm/m/it/10 ; []; \OMS/cmsy/m/n/1
0 f[]g\OT1/cmr/m/n/10 )\OMS/cmsy/m/n/10 jj[]$\OT1/ptm/m/n/10 , where $\OML/cmm/
m/it/10 ^^^[]\OT1/cmr/m/n/10 ([]\OML/cmm/m/it/10 ; []; \OMS/cmsy/m/n/10 f[]g\OT
1/cmr/m/n/10 )  =
 []


Underfull \hbox (badness 1881) in paragraph at lines 361--366
[][]\OMS/cmsy/m/n/10 f[][] []  \OT1/cmr/m/n/10 :  [][]  =
 []


Overfull \hbox (7.98662pt too wide) detected at line 378
[][]
 []

[3]
Underfull \hbox (badness 10000) in paragraph at lines 391--395
\OT1/ptm/m/n/10 where $\OML/cmm/m/it/10 L[]$ \OT1/ptm/m/n/10 is the sim-pli-fie
d form of
 []


Underfull \hbox (badness 5985) in paragraph at lines 391--395
\OML/cmm/m/it/10 L[]\OT1/cmr/m/n/10 ([]\OML/cmm/m/it/10 ; [][];  \OMS/cmsy/m/n/
10 f[][]g\OML/cmm/m/it/10 ;  \OMS/cmsy/m/n/10 f\OML/cmm/m/it/10 s[]\OMS/cmsy/m/
n/10 g\OML/cmm/m/it/10 ;  \OMS/cmsy/m/n/10 f\OML/cmm/m/it/10 ^^M[]\OMS/cmsy/m/n
/10 g\OML/cmm/m/it/10 ;  \OMS/cmsy/m/n/10 f[][]g\OML/cmm/m/it/10 ;  [];  \OMS/c
msy/m/n/10 f[]g\OT1/cmr/m/n/10 )$\OT1/ptm/m/n/10 . Next,
 []


Overfull \hbox (663.95636pt too wide) detected at line 406
[][]
 []


Package natbib Warning: Citation `ben1990computational' on page 4 undefined on 
input line 408.


Package natbib Warning: Citation `arora2009computational' on page 4 undefined o
n input line 408.


Package natbib Warning: Citation `su2022gba' on page 4 undefined on input line 
415.


Package natbib Warning: Citation `zhang2014asynchronous' on page 4 undefined on
 input line 417.


Overfull \hbox (5.08794pt too wide) detected at line 426
[][]
 []


Package natbib Warning: Citation `xu2020unified' on page 4 undefined on input l
ine 427.


Package natbib Warning: Citation `jiao2022asynchronous' on page 4 undefined on 
input line 427.


Overfull \hbox (1.43748pt too wide) in paragraph at lines 432--434
\OT1/ptm/m/n/10 where $\OML/cmm/m/it/10 L[]  \OT1/cmr/m/n/10 =  \OML/cmm/m/it/1
0 L[]\OT1/cmr/m/n/10 (\OMS/cmsy/m/n/10 f[]g\OML/cmm/m/it/10 ;  \OMS/cmsy/m/n/10
 f[]g\OML/cmm/m/it/10 ;  \OMS/cmsy/m/n/10 f[]g\OML/cmm/m/it/10 ;  [];  [];  [];
  \OMS/cmsy/m/n/10 f\OML/cmm/m/it/10 ^^U[]\OMS/cmsy/m/n/10 g\OML/cmm/m/it/10 ; 
 \OMS/cmsy/m/n/10 f[][]g\OT1/cmr/m/n/10 )$\OT1/ptm/m/n/10 ,
 []


Underfull \hbox (badness 1735) in paragraph at lines 432--434
\OT1/ptm/m/n/10 and the pro-posed asyn-chronous al-go-rithm pro-ceeds as
 []

[4]

Package natbib Warning: Citation `jiao2022asynchronous' on page 5 undefined on 
input line 506.


Package natbib Warning: Citation `franc2011cutting' on page 5 undefined on inpu
t line 506.


Package natbib Warning: Citation `qian2019robust' on page 5 undefined on input 
line 510.


Package natbib Warning: Citation `xie2019asynchronous' on page 5 undefined on i
nput line 510.


Package natbib Warning: Citation `davis2019stochastic' on page 5 undefined on i
nput line 510.


Underfull \hbox (badness 10000) in paragraph at lines 553--554
[]\OT1/ptm/m/it/10 The fea-si-ble re-gion of con-straint
 []


Package natbib Warning: Citation `franc2011cutting' on page 5 undefined on inpu
t line 557.


Package natbib Warning: Citation `jiao2022asynchronous' on page 5 undefined on 
input line 557.


Overfull \hbox (14.34877pt too wide) detected at line 586
[][]
 []


Underfull \hbox (badness 10000) in paragraph at lines 595--596
[]\OT1/ptm/m/it/10 The fea-si-ble re-gion of con-straint
 []


Package natbib Warning: Citation `yang2014distributed' on page 5 undefined on i
nput line 601.


Package natbib Warning: Citation `jiao2022distributed' on page 5 undefined on i
nput line 601.


Overfull \hbox (204.08606pt too wide) detected at line 615
[][]
 []

[5]

Package natbib Warning: Citation `xu2020unified' on page 6 undefined on input l
ine 623.


Package natbib Warning: Citation `lu2020hybrid' on page 6 undefined on input li
ne 623.


Package natbib Warning: Citation `jiao2022distributed' on page 6 undefined on i
nput line 623.


Overfull \hbox (3.37677pt too wide) detected at line 647
[][]
 []


Underfull \hbox (badness 5345) in paragraph at lines 652--653
[]\OT1/ptm/b/it/10 ($\OML/cmm/m/it/10 ^^O$\OT1/ptm/b/it/10 -stationary point) \
OT1/ptm/m/it/10 If $ \OMS/cmsy/m/n/10 jjr\OML/cmm/m/it/10 G[]\OMS/cmsy/m/n/10 j
j[] ^^T \OML/cmm/m/it/10 ^^O$\OT1/ptm/m/it/10 ,
 []


Package natbib Warning: Citation `ji2021bilevel' on page 6 undefined on input l
ine 657.


Package natbib Warning: Citation `qian2019robust' on page 6 undefined on input 
line 668.


Package natbib Warning: Citation `jiao2022asynchronous' on page 6 undefined on 
input line 668.


Underfull \hbox (badness 1616) in paragraph at lines 681--683
\OT1/ptm/m/it/10 and 2[] hold, we set the step-sizes as $[]  \OT1/cmr/m/n/10 = 
 []  =
 []


Overfull \hbox (3.34529pt too wide) detected at line 689
[][]
 []


Underfull \hbox (badness 5970) in paragraph at lines 695--696
[]\OT1/ptm/b/it/10 (Communication Com-plex-ity) \OT1/ptm/m/it/10 The over-all
 []

<dis-diabetes.pdf, id=39, 476.98201pt x 397.485pt>
File: dis-diabetes.pdf Graphic file (type pdf)
<use dis-diabetes.pdf>
Package pdftex.def Info: dis-diabetes.pdf  used on input line 706.
(pdftex.def)             Requested size: 102.54912pt x 85.4576pt.
<dis-boston.pdf, id=40, 476.98201pt x 397.485pt>
File: dis-boston.pdf Graphic file (type pdf)
<use dis-boston.pdf>
Package pdftex.def Info: dis-boston.pdf  used on input line 710.
(pdftex.def)             Requested size: 102.54912pt x 85.4576pt.
<dis-red.pdf, id=41, 476.98201pt x 397.485pt>
File: dis-red.pdf Graphic file (type pdf)
<use dis-red.pdf>
Package pdftex.def Info: dis-red.pdf  used on input line 715.
(pdftex.def)             Requested size: 102.54912pt x 85.4576pt.
<dis-white.pdf, id=42, 476.98201pt x 397.485pt>
File: dis-white.pdf Graphic file (type pdf)
<use dis-white.pdf>
Package pdftex.def Info: dis-white.pdf  used on input line 720.
(pdftex.def)             Requested size: 102.54912pt x 85.4576pt.
<dis-svhn-acc.pdf, id=43, 476.98201pt x 397.485pt>
File: dis-svhn-acc.pdf Graphic file (type pdf)
<use dis-svhn-acc.pdf>
Package pdftex.def Info: dis-svhn-acc.pdf  used on input line 732.
(pdftex.def)             Requested size: 102.54912pt x 85.4576pt.
<dis-svhn-loss.pdf, id=44, 476.98201pt x 397.485pt>
File: dis-svhn-loss.pdf Graphic file (type pdf)
<use dis-svhn-loss.pdf>
Package pdftex.def Info: dis-svhn-loss.pdf  used on input line 736.
(pdftex.def)             Requested size: 102.54912pt x 85.4576pt.
<dis-mnist-acc.pdf, id=45, 476.98201pt x 397.485pt>
File: dis-mnist-acc.pdf Graphic file (type pdf)
<use dis-mnist-acc.pdf>
Package pdftex.def Info: dis-mnist-acc.pdf  used on input line 741.
(pdftex.def)             Requested size: 102.54912pt x 85.4576pt.
<dis-mnist-loss.pdf, id=46, 476.98201pt x 397.485pt>
File: dis-mnist-loss.pdf Graphic file (type pdf)
<use dis-mnist-loss.pdf>
Package pdftex.def Info: dis-mnist-loss.pdf  used on input line 746.
(pdftex.def)             Requested size: 102.54912pt x 85.4576pt.

Package natbib Warning: Citation `sato2021gradient' on page 6 undefined on inpu
t line 754.


Package natbib Warning: Citation `qian2019robust' on page 6 undefined on input 
line 754.


Package natbib Warning: Citation `wang2021discriminative' on page 6 undefined o
n input line 754.


Package natbib Warning: Citation `sato2021gradient' on page 6 undefined on inpu
t line 754.


Package natbib Warning: Citation `choe2022betty' on page 6 undefined on input l
ine 754.


Package natbib Warning: Citation `sato2021gradient' on page 6 undefined on inpu
t line 762.


Package natbib Warning: Citation `chen2022single' on page 6 undefined on input 
line 762.


Package natbib Warning: Citation `han2023fedal' on page 6 undefined on input li
ne 762.


Package natbib Warning: Citation `zhang2022revisiting' on page 6 undefined on i
nput line 762.


Overfull \hbox (13.36081pt too wide) detected at line 772
[][]
 []


Package natbib Warning: Citation `saheya2019neural' on page 6 undefined on inpu
t line 773.


Package natbib Warning: Citation `sato2021gradient' on page 6 undefined on inpu
t line 773.


Package natbib Warning: Citation `dua2017uci' on page 6 undefined on input line
 774.


Package natbib Warning: Citation `harrison1978hedonic' on page 6 undefined on i
nput line 774.


Package natbib Warning: Citation `cortez2009modeling' on page 6 undefined on in
put line 774.


Package natbib Warning: Citation `jiao2022asynchronous' on page 6 undefined on 
input line 774.


Package natbib Warning: Citation `tarzanagh2022fednest' on page 6 undefined on 
input line 774.

[6]

Package natbib Warning: Citation `he2020momentum' on page 7 undefined on input 
line 825.


Package natbib Warning: Citation `raghu2021meta' on page 7 undefined on input l
ine 825.


Package natbib Warning: Citation `choe2022betty' on page 7 undefined on input l
ine 826.


Underfull \hbox (badness 1838) in paragraph at lines 824--827
\OT1/ptm/m/n/10 re-cently in self-supervised learn-ing (\OT1/ptm/b/n/10 ?\OT1/p
tm/m/n/10 ). In (\OT1/ptm/b/n/10 ?\OT1/ptm/m/n/10 ), a do-
 []


Overfull \hbox (189.28394pt too wide) detected at line 836
[][]
 []


Underfull \vbox (badness 2600) has occurred while \output is active []



Package natbib Warning: Citation `qian2019robust' on page 7 undefined on input 
line 837.


Package natbib Warning: Citation `wang2021discriminative' on page 7 undefined o
n input line 837.


Package natbib Warning: Citation `lecun1998gradient' on page 7 undefined on inp
ut line 838.


Package natbib Warning: Citation `netzer2011reading' on page 7 undefined on inp
ut line 838.


Package natbib Warning: Citation `qian2019robust' on page 7 undefined on input 
line 838.


Package natbib Warning: Citation `ji2021bilevel' on page 7 undefined on input l
ine 838.

[7 <./dis-diabetes.pdf> <./dis-boston.pdf> <./dis-red.pdf> <./dis-white.pdf> <.
/dis-svhn-acc.pdf> <./dis-svhn-loss.pdf> <./dis-mnist-acc.pdf> <./dis-mnist-los
s.pdf>]
No file Formatting-Instructions-LaTeX-2024_changed.bbl.

Underfull \hbox (badness 1168) in paragraph at lines 851--853
\OT1/ptm/m/n/10 do-lore maiores tem-po-ribus, ni-hil con-se-qu-un-tur volup-ta-

 []


Underfull \vbox (badness 10000) has occurred while \output is active []


Underfull \vbox (badness 10000) has occurred while \output is active []

 [8]

Package natbib Warning: There were undefined citations.

[9

] (Formatting-Instructions-LaTeX-2024_changed.aux)
 ***********
LaTeX2e <2023-06-01> patch level 1
L3 programming layer <2023-08-29>
 ***********
 ) 
Here is how much of TeX's memory you used:
 7120 strings out of 475247
 114418 string characters out of 5757792
 1975801 words of memory out of 5000000
 28534 multiletter control sequences out of 15000+600000
 589439 words of font info for 106 fonts, out of 8000000 for 9000
 1141 hyphenation exceptions out of 8191
 57i,21n,65p,5343b,607s stack positions out of 10000i,1000n,20000p,200000b,200000s
<C:/Users/micha/AppData/Local/Programs/MiKTeX/fonts/type1/public/amsfonts/cm/
cmex10.pfb><C:/Users/micha/AppData/Local/Programs/MiKTeX/fonts/type1/public/ams
fonts/cm/cmmi10.pfb><C:/Users/micha/AppData/Local/Programs/MiKTeX/fonts/type1/p
ublic/amsfonts/cm/cmmi5.pfb><C:/Users/micha/AppData/Local/Programs/MiKTeX/fonts
/type1/public/amsfonts/cm/cmmi6.pfb><C:/Users/micha/AppData/Local/Programs/MiKT
eX/fonts/type1/public/amsfonts/cm/cmmi7.pfb><C:/Users/micha/AppData/Local/Progr
ams/MiKTeX/fonts/type1/public/amsfonts/cm/cmmi9.pfb><C:/Users/micha/AppData/Loc
al/Programs/MiKTeX/fonts/type1/public/amsfonts/cm/cmmib10.pfb><C:/Users/micha/A
ppData/Local/Programs/MiKTeX/fonts/type1/public/amsfonts/cmextra/cmmib5.pfb><C:
/Users/micha/AppData/Local/Programs/MiKTeX/fonts/type1/public/amsfonts/cmextra/
cmmib7.pfb><C:/Users/micha/AppData/Local/Programs/MiKTeX/fonts/type1/public/ams
fonts/cm/cmr10.pfb><C:/Users/micha/AppData/Local/Programs/MiKTeX/fonts/type1/pu
blic/amsfonts/cm/cmr5.pfb><C:/Users/micha/AppData/Local/Programs/MiKTeX/fonts/t
ype1/public/amsfonts/cm/cmr6.pfb><C:/Users/micha/AppData/Local/Programs/MiKTeX/
fonts/type1/public/amsfonts/cm/cmr7.pfb><C:/Users/micha/AppData/Local/Programs/
MiKTeX/fonts/type1/public/amsfonts/cm/cmr9.pfb><C:/Users/micha/AppData/Local/Pr
ograms/MiKTeX/fonts/type1/public/amsfonts/cm/cmsy10.pfb><C:/Users/micha/AppData
/Local/Programs/MiKTeX/fonts/type1/public/amsfonts/cm/cmsy5.pfb><C:/Users/micha
/AppData/Local/Programs/MiKTeX/fonts/type1/public/amsfonts/cm/cmsy7.pfb><C:/Use
rs/micha/AppData/Local/Programs/MiKTeX/fonts/type1/public/amsfonts/cm/cmsy9.pfb
><C:/Users/micha/AppData/Local/Programs/MiKTeX/fonts/type1/public/amsfonts/symb
ols/msbm10.pfb><C:/Users/micha/AppData/Local/Programs/MiKTeX/fonts/type1/urw/ti
mes/utmb8a.pfb><C:/Users/micha/AppData/Local/Programs/MiKTeX/fonts/type1/urw/ti
mes/utmbi8a.pfb><C:/Users/micha/AppData/Local/Programs/MiKTeX/fonts/type1/urw/t
imes/utmr8a.pfb><C:/Users/micha/AppData/Local/Programs/MiKTeX/fonts/type1/urw/t
imes/utmri8a.pfb>
Output written on Formatting-Instructions-LaTeX-2024_changed.pdf (9 pages, 4986
84 bytes).
PDF statistics:
 437 PDF objects out of 1000 (max. 8388607)
 0 named destinations out of 1000 (max. 500000)
 41 words of extra memory for PDF output out of 10000 (max. 10000000)

