This is pdfTeX, Version 3.141592653-2.6-1.40.25 (MiKTeX 23.9) (preloaded format=pdflatex 2023.9.22)  31 MAR 2024 19:17
entering extended mode
 restricted \write18 enabled.
 %&-line parsing enabled.
**./aaai22_changed.tex
(aaai22_changed.tex
LaTeX2e <2023-06-01> patch level 1
L3 programming layer <2023-08-29>
(C:\Users\micha\AppData\Local\Programs\MiKTeX\tex/latex/base\article.cls
Document Class: article 2023/05/17 v1.4n Standard LaTeX document class
(C:\Users\micha\AppData\Local\Programs\MiKTeX\tex/latex/base\size10.clo
File: size10.clo 2023/05/17 v1.4n Standard LaTeX file (size option)
)
\c@part=\count185
\c@section=\count186
\c@subsection=\count187
\c@subsubsection=\count188
\c@paragraph=\count189
\c@subparagraph=\count190
\c@figure=\count191
\c@table=\count192
\abovecaptionskip=\skip48
\belowcaptionskip=\skip49
\bibindent=\dimen140
)
(aaai22.sty
Conference Style for AAAI for LaTeX 2e -- version for the AAAI-22 conference
\titlebox=\skip50
) (C:\Users\micha\AppData\Local\Programs\MiKTeX\tex/latex/psnfss\times.sty
Package: times 2020/03/25 PSNFSS-v9.3 (SPQR) 
)
(C:\Users\micha\AppData\Local\Programs\MiKTeX\tex/latex/psnfss\helvet.sty
Package: helvet 2020/03/25 PSNFSS-v9.3 (WaS) 

(C:\Users\micha\AppData\Local\Programs\MiKTeX\tex/latex/graphics\keyval.sty
Package: keyval 2022/05/29 v1.15 key=value parser (DPC)
\KV@toks@=\toks17
))
(C:\Users\micha\AppData\Local\Programs\MiKTeX\tex/latex/psnfss\courier.sty
Package: courier 2020/03/25 PSNFSS-v9.3 (WaS) 
)
(C:\Users\micha\AppData\Local\Programs\MiKTeX\tex/latex/url\url.sty
\Urlmuskip=\muskip16
Package: url 2013/09/16  ver 3.4  Verb mode for urls, etc.
)
(C:\Users\micha\AppData\Local\Programs\MiKTeX\tex/latex/graphics\graphicx.sty
Package: graphicx 2021/09/16 v1.2d Enhanced LaTeX Graphics (DPC,SPQR)

(C:\Users\micha\AppData\Local\Programs\MiKTeX\tex/latex/graphics\graphics.sty
Package: graphics 2022/03/10 v1.4e Standard LaTeX Graphics (DPC,SPQR)

(C:\Users\micha\AppData\Local\Programs\MiKTeX\tex/latex/graphics\trig.sty
Package: trig 2021/08/11 v1.11 sin cos tan (DPC)
)
(C:\Users\micha\AppData\Local\Programs\MiKTeX\tex/latex/graphics-cfg\graphics.c
fg
File: graphics.cfg 2016/06/04 v1.11 sample graphics configuration
)
Package graphics Info: Driver file: pdftex.def on input line 107.

(C:\Users\micha\AppData\Local\Programs\MiKTeX\tex/latex/graphics-def\pdftex.def
File: pdftex.def 2022/09/22 v1.2b Graphics/color driver for pdftex
))
\Gin@req@height=\dimen141
\Gin@req@width=\dimen142
) (C:\Users\micha\AppData\Local\Programs\MiKTeX\tex/latex/natbib\natbib.sty
Package: natbib 2010/09/13 8.31b (PWD, AO)
\bibhang=\skip51
\bibsep=\skip52
LaTeX Info: Redefining \cite on input line 694.
\c@NAT@ctr=\count193
)
(C:\Users\micha\AppData\Local\Programs\MiKTeX\tex/latex/caption\caption.sty
Package: caption 2023/07/31 v3.6n Customizing captions (AR)

(C:\Users\micha\AppData\Local\Programs\MiKTeX\tex/latex/caption\caption3.sty
Package: caption3 2023/07/31 v2.4d caption3 kernel (AR)
\caption@tempdima=\dimen143
\captionmargin=\dimen144
\caption@leftmargin=\dimen145
\caption@rightmargin=\dimen146
\caption@width=\dimen147
\caption@indent=\dimen148
\caption@parindent=\dimen149
\caption@hangindent=\dimen150
Package caption Info: Standard document class detected.
)
\c@caption@flags=\count194
\c@continuedfloat=\count195
)
(C:\Users\micha\AppData\Local\Programs\MiKTeX\tex/latex/algorithms\algorithm.st
y
Package: algorithm 2009/08/24 v0.1 Document Style `algorithm' - floating enviro
nment
 (C:\Users\micha\AppData\Local\Programs\MiKTeX\tex/latex/float\float.sty
Package: float 2001/11/08 v1.3d Float enhancements (AL)
\c@float@type=\count196
\float@exts=\toks18
\float@box=\box51
\@float@everytoks=\toks19
\@floatcapt=\box52
)
(C:\Users\micha\AppData\Local\Programs\MiKTeX\tex/latex/base\ifthen.sty
Package: ifthen 2022/04/13 v1.1d Standard LaTeX ifthen package (DPC)
)
\@float@every@algorithm=\toks20
\c@algorithm=\count197
)
(C:\Users\micha\AppData\Local\Programs\MiKTeX\tex/latex/algorithms\algorithmic.
sty
Package: algorithmic 2009/08/24 v0.1 Document Style `algorithmic'
\c@ALC@unique=\count198
\c@ALC@line=\count199
\c@ALC@rem=\count266
\c@ALC@depth=\count267
\ALC@tlm=\skip53
\algorithmicindent=\skip54
)
(C:\Users\micha\AppData\Local\Programs\MiKTeX\tex/latex/newfloat\newfloat.sty
Package: newfloat 2023/10/01 v1.2 Defining new floating environments (AR)
)
(C:\Users\micha\AppData\Local\Programs\MiKTeX\tex/latex/xcolor\xcolor.sty
Package: xcolor 2022/06/12 v2.14 LaTeX color extensions (UK)

(C:\Users\micha\AppData\Local\Programs\MiKTeX\tex/latex/graphics-cfg\color.cfg
File: color.cfg 2016/01/02 v1.6 sample color configuration
)
Package xcolor Info: Driver file: pdftex.def on input line 227.
(C:\Users\micha\AppData\Local\Programs\MiKTeX\tex/latex/graphics\mathcolor.ltx)
Package xcolor Info: Model `cmy' substituted by `cmy0' on input line 1353.
Package xcolor Info: Model `hsb' substituted by `rgb' on input line 1357.
Package xcolor Info: Model `RGB' extended on input line 1369.
Package xcolor Info: Model `HTML' substituted by `rgb' on input line 1371.
Package xcolor Info: Model `Hsb' substituted by `hsb' on input line 1372.
Package xcolor Info: Model `tHsb' substituted by `hsb' on input line 1373.
Package xcolor Info: Model `HSB' substituted by `hsb' on input line 1374.
Package xcolor Info: Model `Gray' substituted by `gray' on input line 1375.
Package xcolor Info: Model `wave' substituted by `hsb' on input line 1376.
) (C:\Users\micha\AppData\Local\Programs\MiKTeX\tex/latex/listings\listings.sty
\lst@mode=\count268
\lst@gtempboxa=\box53
\lst@token=\toks21
\lst@length=\count269
\lst@currlwidth=\dimen151
\lst@column=\count270
\lst@pos=\count271
\lst@lostspace=\dimen152
\lst@width=\dimen153
\lst@newlines=\count272
\lst@lineno=\count273
\lst@maxwidth=\dimen154
(C:\Users\micha\AppData\Local\Programs\MiKTeX\tex/latex/listings\lstmisc.sty
File: lstmisc.sty 2023/02/27 1.9 (Carsten Heinz)
\c@lstnumber=\count274
\lst@skipnumbers=\count275
\lst@framebox=\box54
)
(C:\Users\micha\AppData\Local\Programs\MiKTeX\tex/latex/listings\listings.cfg
File: listings.cfg 2023/02/27 1.9 listings configuration
))
Package: listings 2023/02/27 1.9 (Carsten Heinz)
\@float@every@listing=\toks22
\c@listing=\count276
LaTeX Font Info:    Trying to load font information for OT1+ptm on input line 1
23.
(C:\Users\micha\AppData\Local\Programs\MiKTeX\tex/latex/psnfss\ot1ptm.fd
File: ot1ptm.fd 2001/06/04 font definitions for OT1/ptm.
)
(C:\Users\micha\AppData\Local\Programs\MiKTeX\tex/latex/l3backend\l3backend-pdf
tex.def
File: l3backend-pdftex.def 2023-04-19 L3 backend support: PDF output (pdfTeX)
\l__color_backend_stack_int=\count277
\l__pdf_internal_box=\box55
) (aaai22_changed.aux)
\openout1 = `aaai22_changed.aux'.

LaTeX Font Info:    Checking defaults for OML/cmm/m/it on input line 123.
LaTeX Font Info:    ... okay on input line 123.
LaTeX Font Info:    Checking defaults for OMS/cmsy/m/n on input line 123.
LaTeX Font Info:    ... okay on input line 123.
LaTeX Font Info:    Checking defaults for OT1/cmr/m/n on input line 123.
LaTeX Font Info:    ... okay on input line 123.
LaTeX Font Info:    Checking defaults for T1/cmr/m/n on input line 123.
LaTeX Font Info:    ... okay on input line 123.
LaTeX Font Info:    Checking defaults for TS1/cmr/m/n on input line 123.
LaTeX Font Info:    ... okay on input line 123.
LaTeX Font Info:    Checking defaults for OMX/cmex/m/n on input line 123.
LaTeX Font Info:    ... okay on input line 123.
LaTeX Font Info:    Checking defaults for U/cmr/m/n on input line 123.
LaTeX Font Info:    ... okay on input line 123.

(C:\Users\micha\AppData\Local\Programs\MiKTeX\tex/context/base/mkii\supp-pdf.mk
ii
[Loading MPS to PDF converter (version 2006.09.02).]
\scratchcounter=\count278
\scratchdimen=\dimen155
\scratchbox=\box56
\nofMPsegments=\count279
\nofMParguments=\count280
\everyMPshowfont=\toks23
\MPscratchCnt=\count281
\MPscratchDim=\dimen156
\MPnumerator=\count282
\makeMPintoPDFobject=\count283
\everyMPtoPDFconversion=\toks24
)
(C:\Users\micha\AppData\Local\Programs\MiKTeX\tex/latex/epstopdf-pkg\epstopdf-b
ase.sty
Package: epstopdf-base 2020-01-24 v2.11 Base part for package epstopdf
Package epstopdf-base Info: Redefining graphics rule for `.eps' on input line 4
85.

(C:\Users\micha\AppData\Local\Programs\MiKTeX\tex/latex/00miktex\epstopdf-sys.c
fg
File: epstopdf-sys.cfg 2021/03/18 v2.0 Configuration of epstopdf for MiKTeX
))
Package caption Info: Begin \AtBeginDocument code.
Package caption Info: float package is loaded.
Package caption Info: listings package is loaded.
Package caption Info: End \AtBeginDocument code.
Package newfloat Info: `float' package detected.
\c@lstlisting=\count284
\c@eqfn=\count285
\titlearea=\box57
\actualheight=\skip55


Package natbib Warning: Citation `irobot_irobot_nodate' on page 1 undefined on 
input line 135.


Package natbib Warning: Citation `moxi' on page 1 undefined on input line 135.


Package natbib Warning: Citation `paro' on page 1 undefined on input line 135.


Package natbib Warning: Citation `knox2009interactively' on page 1 undefined on
 input line 138.

<Figures/four_agents.png, id=1, 303.1325pt x 403.5075pt>
File: Figures/four_agents.png Graphic file (type png)
<use Figures/four_agents.png>
Package pdftex.def Info: Figures/four_agents.png  used on input line 143.
(pdftex.def)             Requested size: 136.40836pt x 181.57669pt.

Package natbib Warning: Citation `3374839' on page 1 undefined on input line 14
8.


Package natbib Warning: Citation `van_wynsberghe_designing_2013' on page 1 unde
fined on input line 161.


Package natbib Warning: Citation `johnson_socially_2014' on page 1 undefined on
 input line 161.


Package natbib Warning: Citation `sabanovic_robot_2015' on page 1 undefined on 
input line 161.


Package natbib Warning: Citation `fiorini_assistive_2021' on page 1 undefined o
n input line 161.


Package natbib Warning: Citation `lee_reframing_2018' on page 1 undefined on in
put line 161.


Package natbib Warning: Citation `moxi' on page 1 undefined on input line 161.


Package natbib Warning: Citation `fischinger_hobbit_2016' on page 1 undefined o
n input line 161.


Package natbib Warning: Citation `swisslog_healthcare_autonomous_nodate' on pag
e 1 undefined on input line 161.


Package natbib Warning: Citation `kittmann_let_2015' on page 1 undefined on inp
ut line 161.


Package natbib Warning: Citation `kostavelis_ramcip_2016' on page 1 undefined o
n input line 161.


Package natbib Warning: Citation `miseikis_lio-personal_2020' on page 1 undefin
ed on input line 161.


Package natbib Warning: Citation `vitanza_assistive_2019' on page 1 undefined o
n input line 161.


Package natbib Warning: Citation `coradeschi_giraffplus_2013' on page 1 undefin
ed on input line 161.


Package natbib Warning: Citation `umbrico_holistic_2020' on page 1 undefined on
 input line 161.


Package natbib Warning: Citation `nao' on page 1 undefined on input line 161.


Package natbib Warning: Citation `pepper' on page 1 undefined on input line 161
.


Package natbib Warning: Citation `martinez-martin_pharos_2019' on page 1 undefi
ned on input line 161.


Underfull \vbox (badness 1874) has occurred while \output is active []

 [1{C:/Users/micha/AppData/Local/MiKTeX/fonts/map/pdftex/pdftex.map}{C:/Users/m
icha/AppData/Local/Programs/MiKTeX/fonts/enc/dvips/base/8r.enc}



 <./Figures/four_agents.png>]

Package natbib Warning: Citation `cesta_psychological_2007' on page 2 undefined
 on input line 166.


Package natbib Warning: Citation `yagoda_you_2012' on page 2 undefined on input
 line 166.


Package natbib Warning: Citation `langer_trust_2019' on page 2 undefined on inp
ut line 166.


Package natbib Warning: Citation `kohn_measurement_2021' on page 2 undefined on
 input line 166.


Package natbib Warning: Citation `ullman_what_2018' on page 2 undefined on inpu
t line 166.


Package natbib Warning: Citation `hoff_trust_2015' on page 2 undefined on input
 line 168.


Package natbib Warning: Citation `merritt_i_2013' on page 2 undefined on input 
line 168.


Package natbib Warning: Citation `jian_foundations_2000' on page 2 undefined on
 input line 168.


Package natbib Warning: Citation `de_visser_towards_2020' on page 2 undefined o
n input line 168.


Package natbib Warning: Citation `hedlund_effects_2021' on page 2 undefined on 
input line 170.


Package natbib Warning: Citation `3374839' on page 2 undefined on input line 17
2.


Package natbib Warning: Citation `kohn_measurement_2021' on page 2 undefined on
 input line 188.


Package natbib Warning: Citation `ullman_what_2018' on page 2 undefined on inpu
t line 188.

<Figures/testing_setup.png, id=10, 1170.3725pt x 662.475pt>
File: Figures/testing_setup.png Graphic file (type png)
<use Figures/testing_setup.png>
Package pdftex.def Info: Figures/testing_setup.png  used on input line 192.
(pdftex.def)             Requested size: 239.39438pt x 135.50499pt.
[2 <./Figures/testing_setup.png>]

Package natbib Warning: Citation `7451754' on page 3 undefined on input line 22
5.


Package natbib Warning: Citation `Akgun2011RobotLF' on page 3 undefined on inpu
t line 225.


Package natbib Warning: Citation `merritt_i_2013' on page 3 undefined on input 
line 233.


Package natbib Warning: Citation `jian_foundations_2000' on page 3 undefined on
 input line 233.


Package natbib Warning: Citation `malle_multidimensional_2021' on page 3 undefi
ned on input line 233.


Package natbib Warning: Citation `raub_correlates_nodate' on page 3 undefined o
n input line 235.


Package natbib Warning: Citation `raub_correlates_nodate' on page 3 undefined o
n input line 235.


Package natbib Warning: Citation `donnellan_mini-ipip_2006' on page 3 undefined
 on input line 235.


Package natbib Warning: Citation `noauthor_college_nodate' on page 3 undefined 
on input line 235.


Package natbib Warning: Citation `merritt_i_2013' on page 3 undefined on input 
line 235.


Package natbib Warning: Citation `bartneck_measurement_2009' on page 3 undefine
d on input line 235.


Package natbib Warning: Citation `belanche_integrating_2012' on page 3 undefine
d on input line 235.


Package natbib Warning: Citation `bartneck_measurement_2009' on page 3 undefine
d on input line 238.


Package natbib Warning: Citation `jian_foundations_2000' on page 3 undefined on
 input line 241.


Package natbib Warning: Citation `malle_multidimensional_2021' on page 3 undefi
ned on input line 241.


Package natbib Warning: Citation `fischhoff_how_1978' on page 3 undefined on in
put line 241.

<Figures/training_flow.png, id=16, 655.44875pt x 438.63875pt>
File: Figures/training_flow.png Graphic file (type png)
<use Figures/training_flow.png>
Package pdftex.def Info: Figures/training_flow.png  used on input line 251.
(pdftex.def)             Requested size: 239.39438pt x 160.20555pt.
[3]
LaTeX Font Info:    External font `cmex10' loaded for size
(Font)              <7> on input line 259.
LaTeX Font Info:    External font `cmex10' loaded for size
(Font)              <5> on input line 259.

Underfull \hbox (badness 1072) in paragraph at lines 259--260
\OT1/ptm/m/n/10 For the data col-lected in the Post-Study Ques-tion-naire
 []


Package natbib Warning: Citation `de_visser_towards_2020' on page 4 undefined o
n input line 271.


Package natbib Warning: Citation `baker_toward_2018' on page 4 undefined on inp
ut line 271.


Package natbib Warning: Citation `robinette_timing_2015' on page 4 undefined on
 input line 271.


Package natbib Warning: Citation `kim_repairing_2013' on page 4 undefined on in
put line 271.

No file aaai22_changed.bbl.
[4 <./Figures/training_flow.png>]

Package natbib Warning: There were undefined citations.

[5

] (aaai22_changed.aux)
 ***********
LaTeX2e <2023-06-01> patch level 1
L3 programming layer <2023-08-29>
 ***********
 ) 
Here is how much of TeX's memory you used:
 5555 strings out of 475247
 91380 string characters out of 5757792
 1937801 words of memory out of 5000000
 27053 multiletter control sequences out of 15000+600000
 570948 words of font info for 53 fonts, out of 8000000 for 9000
 1141 hyphenation exceptions out of 8191
 57i,7n,65p,1361b,285s stack positions out of 10000i,1000n,20000p,200000b,200000s
<C:/Users/micha/AppData/Local/Programs/MiKTeX/fonts/type1/public/amsfonts/cm/
cmmi10.pfb><C:/Users/micha/AppData/Local/Programs/MiKTeX/fonts/type1/public/ams
fonts/cm/cmr10.pfb><C:/Users/micha/AppData/Local/Programs/MiKTeX/fonts/type1/ur
w/times/utmb8a.pfb><C:/Users/micha/AppData/Local/Programs/MiKTeX/fonts/type1/ur
w/times/utmr8a.pfb><C:/Users/micha/AppData/Local/Programs/MiKTeX/fonts/type1/ur
w/times/utmri8a.pfb>
Output written on aaai22_changed.pdf (5 pages, 3251663 bytes).
PDF statistics:
 51 PDF objects out of 1000 (max. 8388607)
 0 named destinations out of 1000 (max. 500000)
 16 words of extra memory for PDF output out of 10000 (max. 10000000)

