This is pdfTeX, Version 3.141592653-2.6-1.40.25 (MiKTeX 23.5) (preloaded format=pdflatex 2024.1.12)  30 MAR 2024 18:41
entering extended mode
 restricted \write18 enabled.
 %&-line parsing enabled.
**./aaai19_changed.tex
(aaai19_changed.tex
LaTeX2e <2023-06-01> patch level 1
L3 programming layer <2023-08-29>
(C:\Users\orfuc\AppData\Local\Programs\MiKTeX\tex/latex/base\article.cls
Document Class: article 2023/05/17 v1.4n Standard LaTeX document class
(C:\Users\orfuc\AppData\Local\Programs\MiKTeX\tex/latex/base\size10.clo
File: size10.clo 2023/05/17 v1.4n Standard LaTeX file (size option)
)
\c@part=\count185
\c@section=\count186
\c@subsection=\count187
\c@subsubsection=\count188
\c@paragraph=\count189
\c@subparagraph=\count190
\c@figure=\count191
\c@table=\count192
\abovecaptionskip=\skip48
\belowcaptionskip=\skip49
\bibindent=\dimen140
)
(aaai19.sty
Conference Style for AAAI for LaTeX 2e -- version for the AAAI-19 conference
\titlebox=\skip50
) (C:\Users\orfuc\AppData\Local\Programs\MiKTeX\tex/latex/psnfss\times.sty
Package: times 2020/03/25 PSNFSS-v9.3 (SPQR) 
)
(C:\Users\orfuc\AppData\Local\Programs\MiKTeX\tex/latex/psnfss\helvet.sty
Package: helvet 2020/03/25 PSNFSS-v9.3 (WaS) 

(C:\Users\orfuc\AppData\Local\Programs\MiKTeX\tex/latex/graphics\keyval.sty
Package: keyval 2022/05/29 v1.15 key=value parser (DPC)
\KV@toks@=\toks17
))
(C:\Users\orfuc\AppData\Local\Programs\MiKTeX\tex/latex/psnfss\courier.sty
Package: courier 2020/03/25 PSNFSS-v9.3 (WaS) 
)
(C:\Users\orfuc\AppData\Local\Programs\MiKTeX\tex/latex/url\url.sty
\Urlmuskip=\muskip16
Package: url 2013/09/16  ver 3.4  Verb mode for urls, etc.
)
(C:\Users\orfuc\AppData\Local\Programs\MiKTeX\tex/latex/graphics\graphicx.sty
Package: graphicx 2021/09/16 v1.2d Enhanced LaTeX Graphics (DPC,SPQR)

(C:\Users\orfuc\AppData\Local\Programs\MiKTeX\tex/latex/graphics\graphics.sty
Package: graphics 2022/03/10 v1.4e Standard LaTeX Graphics (DPC,SPQR)

(C:\Users\orfuc\AppData\Local\Programs\MiKTeX\tex/latex/graphics\trig.sty
Package: trig 2021/08/11 v1.11 sin cos tan (DPC)
)
(C:\Users\orfuc\AppData\Local\Programs\MiKTeX\tex/latex/graphics-cfg\graphics.c
fg
File: graphics.cfg 2016/06/04 v1.11 sample graphics configuration
)
Package graphics Info: Driver file: pdftex.def on input line 107.

(C:\Users\orfuc\AppData\Local\Programs\MiKTeX\tex/latex/graphics-def\pdftex.def
File: pdftex.def 2022/09/22 v1.2b Graphics/color driver for pdftex
))
\Gin@req@height=\dimen141
\Gin@req@width=\dimen142
)
(C:\Users\orfuc\AppData\Local\Programs\MiKTeX\tex/latex/amsfonts\amsfonts.sty
Package: amsfonts 2013/01/14 v3.01 Basic AMSFonts support
\@emptytoks=\toks18
\symAMSa=\mathgroup4
\symAMSb=\mathgroup5
LaTeX Font Info:    Redeclaring math symbol \hbar on input line 98.
LaTeX Font Info:    Overwriting math alphabet `\mathfrak' in version `bold'
(Font)                  U/euf/m/n --> U/euf/b/n on input line 106.
)
(C:\Users\orfuc\AppData\Local\Programs\MiKTeX\tex/latex/units\nicefrac.sty
Package: nicefrac 1998/08/04 v0.9b Nice fractions
\L@UnitsRaiseDisplaystyle=\skip51
\L@UnitsRaiseTextstyle=\skip52
\L@UnitsRaiseScriptstyle=\skip53

(C:\Users\orfuc\AppData\Local\Programs\MiKTeX\tex/latex/base\ifthen.sty
Package: ifthen 2022/04/13 v1.1d Standard LaTeX ifthen package (DPC)
))
(C:\Users\orfuc\AppData\Local\Programs\MiKTeX\tex/latex/microtype\microtype.sty
Package: microtype 2023/03/13 v3.1a Micro-typographical refinements (RS)
(C:\Users\orfuc\AppData\Local\Programs\MiKTeX\tex/latex/etoolbox\etoolbox.sty
Package: etoolbox 2020/10/05 v2.5k e-TeX tools for LaTeX (JAW)
\etb@tempcnta=\count193
)
\MT@toks=\toks19
\MT@tempbox=\box51
\MT@count=\count194
LaTeX Info: Redefining \noprotrusionifhmode on input line 1059.
LaTeX Info: Redefining \leftprotrusion on input line 1060.
\MT@prot@toks=\toks20
LaTeX Info: Redefining \rightprotrusion on input line 1078.
LaTeX Info: Redefining \textls on input line 1368.
\MT@outer@kern=\dimen143
LaTeX Info: Redefining \textmicrotypecontext on input line 1988.
\MT@listname@count=\count195

(C:\Users\orfuc\AppData\Local\Programs\MiKTeX\tex/latex/microtype\microtype-pdf
tex.def
File: microtype-pdftex.def 2023/03/13 v3.1a Definitions specific to pdftex (RS)

LaTeX Info: Redefining \lsstyle on input line 902.
LaTeX Info: Redefining \lslig on input line 902.
\MT@outer@space=\skip54
)
Package microtype Info: Loading configuration file microtype.cfg.

(C:\Users\orfuc\AppData\Local\Programs\MiKTeX\tex/latex/microtype\microtype.cfg
File: microtype.cfg 2023/03/13 v3.1a microtype main configuration file (RS)
)) (C:\Users\orfuc\AppData\Local\Programs\MiKTeX\tex/latex/amsmath\amsmath.sty
Package: amsmath 2023/05/13 v2.17o AMS math features
\@mathmargin=\skip55

For additional information on amsmath, use the `?' option.
(C:\Users\orfuc\AppData\Local\Programs\MiKTeX\tex/latex/amsmath\amstext.sty
Package: amstext 2021/08/26 v2.01 AMS text

(C:\Users\orfuc\AppData\Local\Programs\MiKTeX\tex/latex/amsmath\amsgen.sty
File: amsgen.sty 1999/11/30 v2.0 generic functions
\@emptytoks=\toks21
\ex@=\dimen144
))
(C:\Users\orfuc\AppData\Local\Programs\MiKTeX\tex/latex/amsmath\amsbsy.sty
Package: amsbsy 1999/11/29 v1.2d Bold Symbols
\pmbraise@=\dimen145
)
(C:\Users\orfuc\AppData\Local\Programs\MiKTeX\tex/latex/amsmath\amsopn.sty
Package: amsopn 2022/04/08 v2.04 operator names
)
\inf@bad=\count196
LaTeX Info: Redefining \frac on input line 234.
\uproot@=\count197
\leftroot@=\count198
LaTeX Info: Redefining \overline on input line 399.
LaTeX Info: Redefining \colon on input line 410.
\classnum@=\count199
\DOTSCASE@=\count266
LaTeX Info: Redefining \ldots on input line 496.
LaTeX Info: Redefining \dots on input line 499.
LaTeX Info: Redefining \cdots on input line 620.
\Mathstrutbox@=\box52
\strutbox@=\box53
LaTeX Info: Redefining \big on input line 722.
LaTeX Info: Redefining \Big on input line 723.
LaTeX Info: Redefining \bigg on input line 724.
LaTeX Info: Redefining \Bigg on input line 725.
\big@size=\dimen146
LaTeX Font Info:    Redeclaring font encoding OML on input line 743.
LaTeX Font Info:    Redeclaring font encoding OMS on input line 744.
\macc@depth=\count267
LaTeX Info: Redefining \bmod on input line 905.
LaTeX Info: Redefining \pmod on input line 910.
LaTeX Info: Redefining \smash on input line 940.
LaTeX Info: Redefining \relbar on input line 970.
LaTeX Info: Redefining \Relbar on input line 971.
\c@MaxMatrixCols=\count268
\dotsspace@=\muskip17
\c@parentequation=\count269
\dspbrk@lvl=\count270
\tag@help=\toks22
\row@=\count271
\column@=\count272
\maxfields@=\count273
\andhelp@=\toks23
\eqnshift@=\dimen147
\alignsep@=\dimen148
\tagshift@=\dimen149
\tagwidth@=\dimen150
\totwidth@=\dimen151
\lineht@=\dimen152
\@envbody=\toks24
\multlinegap=\skip56
\multlinetaggap=\skip57
\mathdisplay@stack=\toks25
LaTeX Info: Redefining \[ on input line 2953.
LaTeX Info: Redefining \] on input line 2954.
)
(C:\Users\orfuc\AppData\Local\Programs\MiKTeX\tex/latex/multirow\multirow.sty
Package: multirow 2021/03/15 v2.8 Span multiple rows of a table
\multirow@colwidth=\skip58
\multirow@cntb=\count274
\multirow@dima=\skip59
\bigstrutjot=\dimen153
)
(C:\Users\orfuc\AppData\Local\Programs\MiKTeX\tex/latex/listings\listings.sty
\lst@mode=\count275
\lst@gtempboxa=\box54
\lst@token=\toks26
\lst@length=\count276
\lst@currlwidth=\dimen154
\lst@column=\count277
\lst@pos=\count278
\lst@lostspace=\dimen155
\lst@width=\dimen156
\lst@newlines=\count279
\lst@lineno=\count280
\lst@maxwidth=\dimen157

(C:\Users\orfuc\AppData\Local\Programs\MiKTeX\tex/latex/listings\lstmisc.sty
File: lstmisc.sty 2023/02/27 1.9 (Carsten Heinz)
\c@lstnumber=\count281
\lst@skipnumbers=\count282
\lst@framebox=\box55
)
(C:\Users\orfuc\AppData\Local\Programs\MiKTeX\tex/latex/listings\listings.cfg
File: listings.cfg 2023/02/27 1.9 listings configuration
))
Package: listings 2023/02/27 1.9 (Carsten Heinz)
(C:\Users\orfuc\AppData\Local\Programs\MiKTeX\tex/latex/graphics\color.sty
Package: color 2022/01/06 v1.3d Standard LaTeX Color (DPC)

(C:\Users\orfuc\AppData\Local\Programs\MiKTeX\tex/latex/graphics-cfg\color.cfg
File: color.cfg 2016/01/02 v1.6 sample color configuration
)
Package color Info: Driver file: pdftex.def on input line 149.
(C:\Users\orfuc\AppData\Local\Programs\MiKTeX\tex/latex/graphics\mathcolor.ltx)
)
LaTeX Font Info:    Trying to load font information for OT1+ptm on input line 3
2.
 (C:\Users\orfuc\AppData\Local\Programs\MiKTeX\tex/latex/psnfss\ot1ptm.fd
File: ot1ptm.fd 2001/06/04 font definitions for OT1/ptm.
)
(C:\Users\orfuc\AppData\Local\Programs\MiKTeX\tex/latex/l3backend\l3backend-pdf
tex.def
File: l3backend-pdftex.def 2023-04-19 L3 backend support: PDF output (pdfTeX)
\l__color_backend_stack_int=\count283
\l__pdf_internal_box=\box56
) (aaai19_changed.aux)
\openout1 = `aaai19_changed.aux'.

LaTeX Font Info:    Checking defaults for OML/cmm/m/it on input line 32.
LaTeX Font Info:    ... okay on input line 32.
LaTeX Font Info:    Checking defaults for OMS/cmsy/m/n on input line 32.
LaTeX Font Info:    ... okay on input line 32.
LaTeX Font Info:    Checking defaults for OT1/cmr/m/n on input line 32.
LaTeX Font Info:    ... okay on input line 32.
LaTeX Font Info:    Checking defaults for T1/cmr/m/n on input line 32.
LaTeX Font Info:    ... okay on input line 32.
LaTeX Font Info:    Checking defaults for TS1/cmr/m/n on input line 32.
LaTeX Font Info:    ... okay on input line 32.
LaTeX Font Info:    Checking defaults for OMX/cmex/m/n on input line 32.
LaTeX Font Info:    ... okay on input line 32.
LaTeX Font Info:    Checking defaults for U/cmr/m/n on input line 32.
LaTeX Font Info:    ... okay on input line 32.

(C:\Users\orfuc\AppData\Local\Programs\MiKTeX\tex/context/base/mkii\supp-pdf.mk
ii
[Loading MPS to PDF converter (version 2006.09.02).]
\scratchcounter=\count284
\scratchdimen=\dimen158
\scratchbox=\box57
\nofMPsegments=\count285
\nofMParguments=\count286
\everyMPshowfont=\toks27
\MPscratchCnt=\count287
\MPscratchDim=\dimen159
\MPnumerator=\count288
\makeMPintoPDFobject=\count289
\everyMPtoPDFconversion=\toks28
)
(C:\Users\orfuc\AppData\Local\Programs\MiKTeX\tex/latex/epstopdf-pkg\epstopdf-b
ase.sty
Package: epstopdf-base 2020-01-24 v2.11 Base part for package epstopdf
Package epstopdf-base Info: Redefining graphics rule for `.eps' on input line 4
85.

(C:\Users\orfuc\AppData\Local\Programs\MiKTeX\tex/latex/00miktex\epstopdf-sys.c
fg
File: epstopdf-sys.cfg 2021/03/18 v2.0 Configuration of epstopdf for MiKTeX
))
LaTeX Info: Redefining \microtypecontext on input line 32.
Package microtype Info: Applying patch `item' on input line 32.
Package microtype Info: Applying patch `toc' on input line 32.
Package microtype Info: Applying patch `eqnum' on input line 32.
Package microtype Info: Applying patch `footnote' on input line 32.
Package microtype Info: Applying patch `verbatim' on input line 32.
Package microtype Info: Generating PDF output.
Package microtype Info: Character protrusion enabled (level 2).
Package microtype Info: Using default protrusion set `alltext'.
Package microtype Info: Automatic font expansion enabled (level 2),
(microtype)             stretch: 20, shrink: 20, step: 1, non-selected.
Package microtype Info: Using default expansion set `alltext-nott'.
LaTeX Info: Redefining \showhyphens on input line 32.
Package microtype Info: No adjustment of tracking.
Package microtype Info: No adjustment of interword spacing.
Package microtype Info: No adjustment of character kerning.

(C:\Users\orfuc\AppData\Local\Programs\MiKTeX\tex/latex/microtype\mt-ptm.cfg
File: mt-ptm.cfg 2006/04/20 v1.7 microtype config. file: Times (RS)
)
\c@lstlisting=\count290

(C:\Users\orfuc\AppData\Local\Programs\MiKTeX\tex/latex/microtype\mt-cmr.cfg
File: mt-cmr.cfg 2013/05/19 v2.2 microtype config. file: Computer Modern Roman 
(RS)
)
LaTeX Font Info:    Trying to load font information for U+msa on input line 52.


(C:\Users\orfuc\AppData\Local\Programs\MiKTeX\tex/latex/amsfonts\umsa.fd
File: umsa.fd 2013/01/14 v3.01 AMS symbols A
)
(C:\Users\orfuc\AppData\Local\Programs\MiKTeX\tex/latex/microtype\mt-msa.cfg
File: mt-msa.cfg 2006/02/04 v1.1 microtype config. file: AMS symbols (a) (RS)
)
LaTeX Font Info:    Trying to load font information for U+msb on input line 52.


(C:\Users\orfuc\AppData\Local\Programs\MiKTeX\tex/latex/amsfonts\umsb.fd
File: umsb.fd 2013/01/14 v3.01 AMS symbols B
)
(C:\Users\orfuc\AppData\Local\Programs\MiKTeX\tex/latex/microtype\mt-msb.cfg
File: mt-msb.cfg 2005/06/01 v1.0 microtype config. file: AMS symbols (b) (RS)
)
LaTeX Font Info:    Trying to load font information for OT1+pcr on input line 5
2.

(C:\Users\orfuc\AppData\Local\Programs\MiKTeX\tex/latex/psnfss\ot1pcr.fd
File: ot1pcr.fd 2001/06/04 font definitions for OT1/pcr.
)
Package microtype Info: Loading generic protrusion settings for font family
(microtype)             `pcr' (encoding: OT1).
(microtype)             For optimal results, create family-specific settings.
(microtype)             See the microtype manual for details.
LaTeX Font Info:    Trying to load font information for TS1+ptm on input line 5
2.

(C:\Users\orfuc\AppData\Local\Programs\MiKTeX\tex/latex/psnfss\ts1ptm.fd
File: ts1ptm.fd 2001/06/04 font definitions for TS1/ptm.
)
Underfull \hbox (badness 10000) in paragraph at lines 60--60
[][]$\OT1/pcr/m/n/9 http : / / workshop . colips . org / dstc7 / index .
 []


Underfull \hbox (badness 6110) in paragraph at lines 62--63
[]\OT1/ptm/m/n/10 (+20) Retrieval-based di-a-log sys-tems, in com-par-i-son to
 []


LaTeX Warning: Citation `bordes2016learning' on page 1 undefined on input line 
69.


LaTeX Warning: Citation `bordes2016learning' on page 1 undefined on input line 
69.


LaTeX Warning: Citation `eric2017key' on page 1 undefined on input line 69.


LaTeX Warning: Citation `eric2017key' on page 1 undefined on input line 69.


LaTeX Warning: Citation `lowe2015incorporating' on page 1 undefined on input li
ne 69.


LaTeX Warning: Citation `lowe2015incorporating' on page 1 undefined on input li
ne 69.


LaTeX Warning: Citation `chen2017enhanced' on page 1 undefined on input line 69
.

[1{C:/Users/orfuc/AppData/Local/MiKTeX/fonts/map/pdftex/pdftex.map}{C:/Users/or
fuc/AppData/Local/Programs/MiKTeX/fonts/enc/dvips/base/8r.enc}



]

LaTeX Warning: Citation `kummerfeld2018analyzing' on page 2 undefined on input 
line 95.


Underfull \hbox (badness 10000) in paragraph at lines 101--101
[][]$\OT1/pcr/m/n/9 https : / / ibm . github . io / dstc7-[]noesis /
 []

<images/esim_manpages_v3_new_2.png, id=9, 880.28876pt x 511.9125pt>
File: images/esim_manpages_v3_new_2.png Graphic file (type png)
<use images/esim_manpages_v3_new_2.png>
Package pdftex.def Info: images/esim_manpages_v3_new_2.png  used on input line 
108.
(pdftex.def)             Requested size: 495.77003pt x 288.30157pt.

LaTeX Warning: `h' float specifier changed to `ht'.


LaTeX Warning: Citation `vinyals2015neural' on page 2 undefined on input line 1
19.


LaTeX Warning: Citation `vinyals2015neural' on page 2 undefined on input line 1
19.


LaTeX Warning: Citation `sordoni2015neural' on page 2 undefined on input line 1
19.


LaTeX Warning: Citation `sordoni2015neural' on page 2 undefined on input line 1
19.


LaTeX Warning: Citation `serban2016building' on page 2 undefined on input line 
119.


LaTeX Warning: Citation `serban2016building' on page 2 undefined on input line 
119.


LaTeX Warning: Citation `le2016lstm' on page 2 undefined on input line 121.


LaTeX Warning: Citation `le2016lstm' on page 2 undefined on input line 121.


LaTeX Warning: Citation `ghazvininejad2017knowledge' on page 2 undefined on inp
ut line 121.


LaTeX Warning: Citation `ghazvininejad2017knowledge' on page 2 undefined on inp
ut line 121.


LaTeX Warning: Citation `bordes2016learning' on page 2 undefined on input line 
121.


LaTeX Warning: Citation `bordes2016learning' on page 2 undefined on input line 
121.


LaTeX Warning: Citation `seo2016query' on page 2 undefined on input line 121.


LaTeX Warning: Citation `seo2016query' on page 2 undefined on input line 121.


LaTeX Warning: Citation `dong2018enhance' on page 2 undefined on input line 121
.


LaTeX Warning: Citation `dong2018enhance' on page 2 undefined on input line 121
.


LaTeX Warning: Citation `wu2016sequential' on page 2 undefined on input line 12
1.


LaTeX Warning: Citation `wu2016sequential' on page 2 undefined on input line 12
1.


LaTeX Warning: Citation `bartl2017retrieval' on page 2 undefined on input line 
121.


LaTeX Warning: Citation `bartl2017retrieval' on page 2 undefined on input line 
121.


LaTeX Warning: Citation `lowe2015ubuntu' on page 2 undefined on input line 123.



LaTeX Warning: Citation `lowe2015ubuntu' on page 2 undefined on input line 123.



LaTeX Warning: Citation `lowe2015ubuntu' on page 2 undefined on input line 123.



LaTeX Warning: Citation `lowe2015ubuntu' on page 2 undefined on input line 123.



LaTeX Warning: Citation `hochreiter1997long' on page 2 undefined on input line 
123.


LaTeX Warning: Citation `kadlec2015improved' on page 2 undefined on input line 
123.


LaTeX Warning: Citation `kadlec2015improved' on page 2 undefined on input line 
123.


LaTeX Warning: Citation `krizhevsky2012imagenet' on page 2 undefined on input l
ine 123.


LaTeX Warning: Citation `krizhevsky2012imagenet' on page 2 undefined on input l
ine 123.


LaTeX Warning: Citation `dong2018enhance' on page 2 undefined on input line 126
.


LaTeX Warning: Citation `dong2018enhance' on page 2 undefined on input line 126
.


LaTeX Warning: Citation `dos2015boosting' on page 2 undefined on input line 126
.


LaTeX Warning: Citation `chen2017enhanced' on page 2 undefined on input line 12
6.


LaTeX Warning: Citation `ghazvininejad2017knowledge' on page 2 undefined on inp
ut line 128.


LaTeX Warning: Citation `ghazvininejad2017knowledge' on page 2 undefined on inp
ut line 128.


LaTeX Warning: Citation `li2016diversity' on page 2 undefined on input line 128
.


LaTeX Warning: Citation `young2017augmenting' on page 2 undefined on input line
 128.


LaTeX Warning: Citation `young2017augmenting' on page 2 undefined on input line
 128.


LaTeX Warning: Citation `lowe2015incorporating' on page 2 undefined on input li
ne 128.


LaTeX Warning: Citation `lowe2015incorporating' on page 2 undefined on input li
ne 128.


LaTeX Warning: Citation `chen2017enhanced' on page 2 undefined on input line 14
0.


LaTeX Warning: Citation `chen2017enhanced' on page 2 undefined on input line 14
0.

[2]

LaTeX Warning: Citation `dong2018enhance' on page 3 undefined on input line 144
.


LaTeX Warning: Citation `dong2018enhance' on page 3 undefined on input line 144
.


LaTeX Warning: Citation `pennington2014glove' on page 3 undefined on input line
 144.


LaTeX Warning: Citation `mikolov2013efficient' on page 3 undefined on input lin
e 144.


LaTeX Warning: Citation `dong2018enhance' on page 3 undefined on input line 144
.


LaTeX Warning: Citation `chen2017enhanced' on page 3 undefined on input line 18
2.

[3 <./images/esim_manpages_v3_new_2.png>]

LaTeX Warning: Citation `dong2018enhance' on page 4 undefined on input line 192
.

LaTeX Font Info:    Trying to load font information for OMS+ptm on input line 2
21.
(C:\Users\orfuc\AppData\Local\Programs\MiKTeX\tex/latex/psnfss\omsptm.fd
File: omsptm.fd 
)
LaTeX Font Info:    Font shape `OMS/ptm/m/n' in size <10> not available
(Font)              Font shape `OMS/cmsy/m/n' tried instead on input line 221.


LaTeX Warning: `h' float specifier changed to `ht'.


LaTeX Warning: Citation `lowe2015incorporating' on page 4 undefined on input li
ne 291.


Underfull \hbox (badness 1062) in paragraph at lines 300--308
\OT1/ptm/m/n/10 (+20) has \OT1/pcr/m/n/10 a discussion\OT1/ptm/m/n/10 (+20) , t
he classes are \OT1/pcr/m/n/10 on Thursday,
 []

[4]

LaTeX Warning: Citation `pandey2018exemplar' on page 5 undefined on input line 
311.


LaTeX Warning: Citation `pandey2018exemplar' on page 5 undefined on input line 
311.


LaTeX Warning: Citation `serban2016building' on page 5 undefined on input line 
311.


LaTeX Warning: Citation `serban2017hierarchical' on page 5 undefined on input l
ine 311.

[5]

LaTeX Warning: Citation `eric2017key' on page 6 undefined on input line 405.


Underfull \hbox (badness 5563) in paragraph at lines 408--408
[][]\OT1/ptm/m/n/9 (+20) glove.42B.300d.zip : $\OT1/pcr/m/n/9 https : / / nlp .
 stanford . edu /
 []


LaTeX Warning: Citation `pennington2014glove' on page 6 undefined on input line
 408.


LaTeX Warning: Citation `mikolov2013efficient' on page 6 undefined on input lin
e 408.


Underfull \hbox (badness 3179) in paragraph at lines 408--409
\OT1/ptm/m/n/10 (+20) bed-ding vec-tors for gen-er-at-ing the rep-re-sen-ta-tio
n of
 []


Underfull \hbox (badness 2671) in paragraph at lines 408--409
\OT1/ptm/m/n/10 (+20) a word. For train-ing word2vec vec-tors, we use the
 []


LaTeX Warning: Citation `abadi2016tensorflow' on page 6 undefined on input line
 410.


LaTeX Warning: Citation `dong2018enhance' on page 6 undefined on input line 410
.


LaTeX Warning: Citation `dong2018enhance' on page 6 undefined on input line 410
.


LaTeX Warning: Citation `dong2018enhance' on page 6 undefined on input line 410
.


LaTeX Warning: Citation `dong2018enhance' on page 6 undefined on input line 410
.


LaTeX Warning: Citation `dong2018enhance' on page 6 undefined on input line 410
.


LaTeX Warning: Citation `dong2018enhance' on page 6 undefined on input line 410
.


LaTeX Warning: Citation `kingma2014adam' on page 6 undefined on input line 410.


No file aaai19_changed.bbl.
[6] [7

] (aaai19_changed.aux)
 ***********
LaTeX2e <2023-06-01> patch level 1
L3 programming layer <2023-08-29>
 ***********
 ) 
Here is how much of TeX's memory you used:
 6743 strings out of 475247
 106092 string characters out of 5757792
 1948801 words of memory out of 5000000
 27856 multiletter control sequences out of 15000+600000
 596687 words of font info for 286 fonts, out of 8000000 for 9000
 1141 hyphenation exceptions out of 8191
 57i,11n,65p,1413b,312s stack positions out of 10000i,1000n,20000p,200000b,200000s
<C:/Users/orfuc/AppData/Local/Programs/MiKTeX/fonts/type1/public/amsfonts/cm/
cmex10.pfb><C:/Users/orfuc/AppData/Local/Programs/MiKTeX/fonts/type1/public/ams
fonts/cm/cmmi10.pfb><C:/Users/orfuc/AppData/Local/Programs/MiKTeX/fonts/type1/p
ublic/amsfonts/cm/cmmi7.pfb><C:/Users/orfuc/AppData/Local/Programs/MiKTeX/fonts
/type1/public/amsfonts/cm/cmr10.pfb><C:/Users/orfuc/AppData/Local/Programs/MiKT
eX/fonts/type1/public/amsfonts/cm/cmr7.pfb><C:/Users/orfuc/AppData/Local/Progra
ms/MiKTeX/fonts/type1/public/amsfonts/cm/cmsy10.pfb><C:/Users/orfuc/AppData/Loc
al/Programs/MiKTeX/fonts/type1/public/amsfonts/cm/cmsy7.pfb><C:/Users/orfuc/App
Data/Local/Programs/MiKTeX/fonts/type1/public/amsfonts/symbols/msbm10.pfb><C:/U
sers/orfuc/AppData/Local/Programs/MiKTeX/fonts/type1/urw/courier/ucrr8a.pfb><C:
/Users/orfuc/AppData/Local/Programs/MiKTeX/fonts/type1/urw/times/utmb8a.pfb><C:
/Users/orfuc/AppData/Local/Programs/MiKTeX/fonts/type1/urw/times/utmr8a.pfb><C:
/Users/orfuc/AppData/Local/Programs/MiKTeX/fonts/type1/urw/times/utmri8a.pfb>
Output written on aaai19_changed.pdf (7 pages, 284625 bytes).
PDF statistics:
 90 PDF objects out of 1000 (max. 8388607)
 0 named destinations out of 1000 (max. 500000)
 58886 words of extra memory for PDF output out of 61914 (max. 10000000)

