This is pdfTeX, Version 3.141592653-2.6-1.40.25 (MiKTeX 23.5) (preloaded format=pdflatex 2024.1.12)  30 MAR 2024 19:24
entering extended mode
 restricted \write18 enabled.
 %&-line parsing enabled.
**./Jiang276_changed.tex
(Jiang276_changed.tex
LaTeX2e <2023-06-01> patch level 1
L3 programming layer <2023-08-29>
(C:\Users\orfuc\AppData\Local\Programs\MiKTeX\tex/latex/base\article.cls
Document Class: article 2023/05/17 v1.4n Standard LaTeX document class
(C:\Users\orfuc\AppData\Local\Programs\MiKTeX\tex/latex/base\size10.clo
File: size10.clo 2023/05/17 v1.4n Standard LaTeX file (size option)
)
\c@part=\count185
\c@section=\count186
\c@subsection=\count187
\c@subsubsection=\count188
\c@paragraph=\count189
\c@subparagraph=\count190
\c@figure=\count191
\c@table=\count192
\abovecaptionskip=\skip48
\belowcaptionskip=\skip49
\bibindent=\dimen140
)
(aaai23.sty
Package: aaai23 2023/06/27 AAAI 2023 Submission format

Conference Style for AAAI for LaTeX 2e -- version for submission
\titlebox=\skip50
) (C:\Users\orfuc\AppData\Local\Programs\MiKTeX\tex/latex/psnfss\times.sty
Package: times 2020/03/25 PSNFSS-v9.3 (SPQR) 
)
(C:\Users\orfuc\AppData\Local\Programs\MiKTeX\tex/latex/psnfss\helvet.sty
Package: helvet 2020/03/25 PSNFSS-v9.3 (WaS) 

(C:\Users\orfuc\AppData\Local\Programs\MiKTeX\tex/latex/graphics\keyval.sty
Package: keyval 2022/05/29 v1.15 key=value parser (DPC)
\KV@toks@=\toks17
))
(C:\Users\orfuc\AppData\Local\Programs\MiKTeX\tex/latex/psnfss\courier.sty
Package: courier 2020/03/25 PSNFSS-v9.3 (WaS) 
)
(C:\Users\orfuc\AppData\Local\Programs\MiKTeX\tex/latex/url\url.sty
\Urlmuskip=\muskip16
Package: url 2013/09/16  ver 3.4  Verb mode for urls, etc.
)
(C:\Users\orfuc\AppData\Local\Programs\MiKTeX\tex/latex/graphics\graphicx.sty
Package: graphicx 2021/09/16 v1.2d Enhanced LaTeX Graphics (DPC,SPQR)

(C:\Users\orfuc\AppData\Local\Programs\MiKTeX\tex/latex/graphics\graphics.sty
Package: graphics 2022/03/10 v1.4e Standard LaTeX Graphics (DPC,SPQR)

(C:\Users\orfuc\AppData\Local\Programs\MiKTeX\tex/latex/graphics\trig.sty
Package: trig 2021/08/11 v1.11 sin cos tan (DPC)
)
(C:\Users\orfuc\AppData\Local\Programs\MiKTeX\tex/latex/graphics-cfg\graphics.c
fg
File: graphics.cfg 2016/06/04 v1.11 sample graphics configuration
)
Package graphics Info: Driver file: pdftex.def on input line 107.

(C:\Users\orfuc\AppData\Local\Programs\MiKTeX\tex/latex/graphics-def\pdftex.def
File: pdftex.def 2022/09/22 v1.2b Graphics/color driver for pdftex
))
\Gin@req@height=\dimen141
\Gin@req@width=\dimen142
) (C:\Users\orfuc\AppData\Local\Programs\MiKTeX\tex/latex/natbib\natbib.sty
Package: natbib 2010/09/13 8.31b (PWD, AO)
\bibhang=\skip51
\bibsep=\skip52
LaTeX Info: Redefining \cite on input line 694.
\c@NAT@ctr=\count193
)
(C:\Users\orfuc\AppData\Local\Programs\MiKTeX\tex/latex/caption\caption.sty
Package: caption 2023/07/31 v3.6n Customizing captions (AR)

(C:\Users\orfuc\AppData\Local\Programs\MiKTeX\tex/latex/caption\caption3.sty
Package: caption3 2023/07/31 v2.4d caption3 kernel (AR)
\caption@tempdima=\dimen143
\captionmargin=\dimen144
\caption@leftmargin=\dimen145
\caption@rightmargin=\dimen146
\caption@width=\dimen147
\caption@indent=\dimen148
\caption@parindent=\dimen149
\caption@hangindent=\dimen150
Package caption Info: Standard document class detected.
)
\c@caption@flags=\count194
\c@continuedfloat=\count195
)
(C:\Users\orfuc\AppData\Local\Programs\MiKTeX\tex/latex/algorithms\algorithm.st
y
Package: algorithm 2009/08/24 v0.1 Document Style `algorithm' - floating enviro
nment
 (C:\Users\orfuc\AppData\Local\Programs\MiKTeX\tex/latex/float\float.sty
Package: float 2001/11/08 v1.3d Float enhancements (AL)
\c@float@type=\count196
\float@exts=\toks18
\float@box=\box51
\@float@everytoks=\toks19
\@floatcapt=\box52
)
(C:\Users\orfuc\AppData\Local\Programs\MiKTeX\tex/latex/base\ifthen.sty
Package: ifthen 2022/04/13 v1.1d Standard LaTeX ifthen package (DPC)
)
\@float@every@algorithm=\toks20
\c@algorithm=\count197
)
(C:\Users\orfuc\AppData\Local\Programs\MiKTeX\tex/latex/algorithmicx\algpseudoc
ode.sty
Package: algpseudocode 

(C:\Users\orfuc\AppData\Local\Programs\MiKTeX\tex/latex/algorithmicx\algorithmi
cx.sty
Package: algorithmicx 2005/04/27 v1.2 Algorithmicx

Document Style algorithmicx 1.2 - a greatly improved `algorithmic' style
\c@ALG@line=\count198
\c@ALG@rem=\count199
\c@ALG@nested=\count266
\ALG@tlm=\skip53
\ALG@thistlm=\skip54
\c@ALG@Lnr=\count267
\c@ALG@blocknr=\count268
\c@ALG@storecount=\count269
\c@ALG@tmpcounter=\count270
\ALG@tmplength=\skip55
)
Document Style - pseudocode environments for use with the `algorithmicx' style
) (C:\Users\orfuc\AppData\Local\Programs\MiKTeX\tex/latex/amsmath\amsmath.sty
Package: amsmath 2023/05/13 v2.17o AMS math features
\@mathmargin=\skip56

For additional information on amsmath, use the `?' option.
(C:\Users\orfuc\AppData\Local\Programs\MiKTeX\tex/latex/amsmath\amstext.sty
Package: amstext 2021/08/26 v2.01 AMS text

(C:\Users\orfuc\AppData\Local\Programs\MiKTeX\tex/latex/amsmath\amsgen.sty
File: amsgen.sty 1999/11/30 v2.0 generic functions
\@emptytoks=\toks21
\ex@=\dimen151
))
(C:\Users\orfuc\AppData\Local\Programs\MiKTeX\tex/latex/amsmath\amsbsy.sty
Package: amsbsy 1999/11/29 v1.2d Bold Symbols
\pmbraise@=\dimen152
)
(C:\Users\orfuc\AppData\Local\Programs\MiKTeX\tex/latex/amsmath\amsopn.sty
Package: amsopn 2022/04/08 v2.04 operator names
)
\inf@bad=\count271
LaTeX Info: Redefining \frac on input line 234.
\uproot@=\count272
\leftroot@=\count273
LaTeX Info: Redefining \overline on input line 399.
LaTeX Info: Redefining \colon on input line 410.
\classnum@=\count274
\DOTSCASE@=\count275
LaTeX Info: Redefining \ldots on input line 496.
LaTeX Info: Redefining \dots on input line 499.
LaTeX Info: Redefining \cdots on input line 620.
\Mathstrutbox@=\box53
\strutbox@=\box54
LaTeX Info: Redefining \big on input line 722.
LaTeX Info: Redefining \Big on input line 723.
LaTeX Info: Redefining \bigg on input line 724.
LaTeX Info: Redefining \Bigg on input line 725.
\big@size=\dimen153
LaTeX Font Info:    Redeclaring font encoding OML on input line 743.
LaTeX Font Info:    Redeclaring font encoding OMS on input line 744.
\macc@depth=\count276
LaTeX Info: Redefining \bmod on input line 905.
LaTeX Info: Redefining \pmod on input line 910.
LaTeX Info: Redefining \smash on input line 940.
LaTeX Info: Redefining \relbar on input line 970.
LaTeX Info: Redefining \Relbar on input line 971.
\c@MaxMatrixCols=\count277
\dotsspace@=\muskip17
\c@parentequation=\count278
\dspbrk@lvl=\count279
\tag@help=\toks22
\row@=\count280
\column@=\count281
\maxfields@=\count282
\andhelp@=\toks23
\eqnshift@=\dimen154
\alignsep@=\dimen155
\tagshift@=\dimen156
\tagwidth@=\dimen157
\totwidth@=\dimen158
\lineht@=\dimen159
\@envbody=\toks24
\multlinegap=\skip57
\multlinetaggap=\skip58
\mathdisplay@stack=\toks25
LaTeX Info: Redefining \[ on input line 2953.
LaTeX Info: Redefining \] on input line 2954.
)
(C:\Users\orfuc\AppData\Local\Programs\MiKTeX\tex/latex/amscls\amsthm.sty
Package: amsthm 2020/05/29 v2.20.6
\thm@style=\toks26
\thm@bodyfont=\toks27
\thm@headfont=\toks28
\thm@notefont=\toks29
\thm@headpunct=\toks30
\thm@preskip=\skip59
\thm@postskip=\skip60
\thm@headsep=\skip61
\dth@everypar=\toks31
)
(C:\Users\orfuc\AppData\Local\Programs\MiKTeX\tex/latex/amsfonts\amssymb.sty
Package: amssymb 2013/01/14 v3.01 AMS font symbols

(C:\Users\orfuc\AppData\Local\Programs\MiKTeX\tex/latex/amsfonts\amsfonts.sty
Package: amsfonts 2013/01/14 v3.01 Basic AMSFonts support
\symAMSa=\mathgroup4
\symAMSb=\mathgroup5
LaTeX Font Info:    Redeclaring math symbol \hbar on input line 98.
LaTeX Font Info:    Overwriting math alphabet `\mathfrak' in version `bold'
(Font)                  U/euf/m/n --> U/euf/b/n on input line 106.
)) (C:\Users\orfuc\AppData\Local\Programs\MiKTeX\tex/latex/tools\xspace.sty
Package: xspace 2014/10/28 v1.13 Space after command names (DPC,MH)
)
(C:\Users\orfuc\AppData\Local\Programs\MiKTeX\tex/latex/enumitem\enumitem.sty
Package: enumitem 2019/06/20 v3.9 Customized lists
\labelindent=\skip62
\enit@outerparindent=\dimen160
\enit@toks=\toks32
\enit@inbox=\box55
\enit@count@id=\count283
\enitdp@description=\count284
)
(C:\Users\orfuc\AppData\Local\Programs\MiKTeX\tex/latex/tools\multicol.sty
Package: multicol 2023/03/30 v1.9f multicolumn formatting (FMi)
\c@tracingmulticols=\count285
\mult@box=\box56
\multicol@leftmargin=\dimen161
\c@unbalance=\count286
\c@collectmore=\count287
\doublecol@number=\count288
\multicoltolerance=\count289
\multicolpretolerance=\count290
\full@width=\dimen162
\page@free=\dimen163
\premulticols=\dimen164
\postmulticols=\dimen165
\multicolsep=\skip63
\multicolbaselineskip=\skip64
\partial@page=\box57
\last@line=\box58
\mc@boxedresult=\box59
\maxbalancingoverflow=\dimen166
\mult@rightbox=\box60
\mult@grightbox=\box61
\mult@firstbox=\box62
\mult@gfirstbox=\box63
\@tempa=\box64
\@tempa=\box65
\@tempa=\box66
\@tempa=\box67
\@tempa=\box68
\@tempa=\box69
\@tempa=\box70
\@tempa=\box71
\@tempa=\box72
\@tempa=\box73
\@tempa=\box74
\@tempa=\box75
\@tempa=\box76
\@tempa=\box77
\@tempa=\box78
\@tempa=\box79
\@tempa=\box80
\@tempa=\box81
\@tempa=\box82
\@tempa=\box83
\@tempa=\box84
\@tempa=\box85
\@tempa=\box86
\@tempa=\box87
\@tempa=\box88
\@tempa=\box89
\@tempa=\box90
\@tempa=\box91
\@tempa=\box92
\@tempa=\box93
\@tempa=\box94
\@tempa=\box95
\@tempa=\box96
\@tempa=\box97
\@tempa=\box98
\@tempa=\box99
\c@minrows=\count291
\c@columnbadness=\count292
\c@finalcolumnbadness=\count293
\last@try=\dimen167
\multicolovershoot=\dimen168
\multicolundershoot=\dimen169
\mult@nat@firstbox=\box100
\colbreak@box=\box101
\mc@col@check@num=\count294
)
(C:\Users\orfuc\AppData\Local\Programs\MiKTeX\tex/latex/multirow\multirow.sty
Package: multirow 2021/03/15 v2.8 Span multiple rows of a table
\multirow@colwidth=\skip65
\multirow@cntb=\count295
\multirow@dima=\skip66
\bigstrutjot=\dimen170
)
(C:\Users\orfuc\AppData\Local\Programs\MiKTeX\tex/generic/soul\soul.sty
Package: soul 2023-06-14 v3.1 Permit use of UTF-8 characters in soul (HO)

(C:\Users\orfuc\AppData\Local\Programs\MiKTeX\tex/generic/soul\soul-ori.sty
Package: soul-ori 2023-06-14 v3.1 letterspacing/underlining (mf)
\SOUL@word=\toks33
\SOUL@lasttoken=\toks34
\SOUL@syllable=\toks35
\SOUL@cmds=\toks36
\SOUL@buffer=\toks37
\SOUL@token=\toks38
\SOUL@syllgoal=\dimen171
\SOUL@syllwidth=\dimen172
\SOUL@charkern=\dimen173
\SOUL@hyphkern=\dimen174
\SOUL@dimen=\dimen175
\SOUL@dimeni=\dimen176
\SOUL@minus=\count296
\SOUL@comma=\count297
\SOUL@apo=\count298
\SOUL@grave=\count299
\SOUL@spaceskip=\skip67
\SOUL@ttwidth=\dimen177
\SOUL@uldp=\dimen178
\SOUL@ulht=\dimen179
)
(C:\Users\orfuc\AppData\Local\Programs\MiKTeX\tex/generic/infwarerr\infwarerr.s
ty
Package: infwarerr 2019/12/03 v1.5 Providing info/warning/error messages (HO)
)
(C:\Users\orfuc\AppData\Local\Programs\MiKTeX\tex/generic/etexcmds\etexcmds.sty
Package: etexcmds 2019/12/15 v1.7 Avoid name clashes with e-TeX commands (HO)
(C:\Users\orfuc\AppData\Local\Programs\MiKTeX\tex/generic/iftex\iftex.sty
Package: iftex 2022/02/03 v1.0f TeX engine tests
)))
(C:\Users\orfuc\AppData\Local\Programs\MiKTeX\tex/latex/nicematrix\nicematrix.s
ty
(C:\Users\orfuc\AppData\Local\Programs\MiKTeX\tex/latex/pgf/basiclayer\pgfcore.
sty
(C:\Users\orfuc\AppData\Local\Programs\MiKTeX\tex/latex/pgf/systemlayer\pgfsys.
sty
(C:\Users\orfuc\AppData\Local\Programs\MiKTeX\tex/latex/pgf/utilities\pgfrcs.st
y
(C:\Users\orfuc\AppData\Local\Programs\MiKTeX\tex/generic/pgf/utilities\pgfutil
-common.tex
\pgfutil@everybye=\toks39
\pgfutil@tempdima=\dimen180
\pgfutil@tempdimb=\dimen181
)
(C:\Users\orfuc\AppData\Local\Programs\MiKTeX\tex/generic/pgf/utilities\pgfutil
-latex.def
\pgfutil@abb=\box102
)
(C:\Users\orfuc\AppData\Local\Programs\MiKTeX\tex/generic/pgf/utilities\pgfrcs.
code.tex
(C:\Users\orfuc\AppData\Local\Programs\MiKTeX\tex/generic/pgf\pgf.revision.tex)
Package: pgfrcs 2023-01-15 v3.1.10 (3.1.10)
))
(C:\Users\orfuc\AppData\Local\Programs\MiKTeX\tex/generic/pgf/systemlayer\pgfsy
s.code.tex
Package: pgfsys 2023-01-15 v3.1.10 (3.1.10)

(C:\Users\orfuc\AppData\Local\Programs\MiKTeX\tex/generic/pgf/utilities\pgfkeys
.code.tex
\pgfkeys@pathtoks=\toks40
\pgfkeys@temptoks=\toks41

(C:\Users\orfuc\AppData\Local\Programs\MiKTeX\tex/generic/pgf/utilities\pgfkeys
libraryfiltered.code.tex
\pgfkeys@tmptoks=\toks42
))
\pgf@x=\dimen182
\pgf@y=\dimen183
\pgf@xa=\dimen184
\pgf@ya=\dimen185
\pgf@xb=\dimen186
\pgf@yb=\dimen187
\pgf@xc=\dimen188
\pgf@yc=\dimen189
\pgf@xd=\dimen190
\pgf@yd=\dimen191
\w@pgf@writea=\write3
\r@pgf@reada=\read2
\c@pgf@counta=\count300
\c@pgf@countb=\count301
\c@pgf@countc=\count302
\c@pgf@countd=\count303
\t@pgf@toka=\toks43
\t@pgf@tokb=\toks44
\t@pgf@tokc=\toks45
\pgf@sys@id@count=\count304

(C:\Users\orfuc\AppData\Local\Programs\MiKTeX\tex/generic/pgf/systemlayer\pgf.c
fg
File: pgf.cfg 2023-01-15 v3.1.10 (3.1.10)
)
Driver file for pgf: pgfsys-pdftex.def

(C:\Users\orfuc\AppData\Local\Programs\MiKTeX\tex/generic/pgf/systemlayer\pgfsy
s-pdftex.def
File: pgfsys-pdftex.def 2023-01-15 v3.1.10 (3.1.10)

(C:\Users\orfuc\AppData\Local\Programs\MiKTeX\tex/generic/pgf/systemlayer\pgfsy
s-common-pdf.def
File: pgfsys-common-pdf.def 2023-01-15 v3.1.10 (3.1.10)
)))
(C:\Users\orfuc\AppData\Local\Programs\MiKTeX\tex/generic/pgf/systemlayer\pgfsy
ssoftpath.code.tex
File: pgfsyssoftpath.code.tex 2023-01-15 v3.1.10 (3.1.10)
\pgfsyssoftpath@smallbuffer@items=\count305
\pgfsyssoftpath@bigbuffer@items=\count306
)
(C:\Users\orfuc\AppData\Local\Programs\MiKTeX\tex/generic/pgf/systemlayer\pgfsy
sprotocol.code.tex
File: pgfsysprotocol.code.tex 2023-01-15 v3.1.10 (3.1.10)
))
(C:\Users\orfuc\AppData\Local\Programs\MiKTeX\tex/latex/xcolor\xcolor.sty
Package: xcolor 2022/06/12 v2.14 LaTeX color extensions (UK)

(C:\Users\orfuc\AppData\Local\Programs\MiKTeX\tex/latex/graphics-cfg\color.cfg
File: color.cfg 2016/01/02 v1.6 sample color configuration
)
Package xcolor Info: Driver file: pdftex.def on input line 227.
(C:\Users\orfuc\AppData\Local\Programs\MiKTeX\tex/latex/graphics\mathcolor.ltx)
Package xcolor Info: Model `cmy' substituted by `cmy0' on input line 1353.
Package xcolor Info: Model `hsb' substituted by `rgb' on input line 1357.
Package xcolor Info: Model `RGB' extended on input line 1369.
Package xcolor Info: Model `HTML' substituted by `rgb' on input line 1371.
Package xcolor Info: Model `Hsb' substituted by `hsb' on input line 1372.
Package xcolor Info: Model `tHsb' substituted by `hsb' on input line 1373.
Package xcolor Info: Model `HSB' substituted by `hsb' on input line 1374.
Package xcolor Info: Model `Gray' substituted by `gray' on input line 1375.
Package xcolor Info: Model `wave' substituted by `hsb' on input line 1376.
)
(C:\Users\orfuc\AppData\Local\Programs\MiKTeX\tex/generic/pgf/basiclayer\pgfcor
e.code.tex
Package: pgfcore 2023-01-15 v3.1.10 (3.1.10)

(C:\Users\orfuc\AppData\Local\Programs\MiKTeX\tex/generic/pgf/math\pgfmath.code
.tex
(C:\Users\orfuc\AppData\Local\Programs\MiKTeX\tex/generic/pgf/math\pgfmathutil.
code.tex)
(C:\Users\orfuc\AppData\Local\Programs\MiKTeX\tex/generic/pgf/math\pgfmathparse
r.code.tex
\pgfmath@dimen=\dimen192
\pgfmath@count=\count307
\pgfmath@box=\box103
\pgfmath@toks=\toks46
\pgfmath@stack@operand=\toks47
\pgfmath@stack@operation=\toks48
)
(C:\Users\orfuc\AppData\Local\Programs\MiKTeX\tex/generic/pgf/math\pgfmathfunct
ions.code.tex)
(C:\Users\orfuc\AppData\Local\Programs\MiKTeX\tex/generic/pgf/math\pgfmathfunct
ions.basic.code.tex)
(C:\Users\orfuc\AppData\Local\Programs\MiKTeX\tex/generic/pgf/math\pgfmathfunct
ions.trigonometric.code.tex)
(C:\Users\orfuc\AppData\Local\Programs\MiKTeX\tex/generic/pgf/math\pgfmathfunct
ions.random.code.tex)
(C:\Users\orfuc\AppData\Local\Programs\MiKTeX\tex/generic/pgf/math\pgfmathfunct
ions.comparison.code.tex)
(C:\Users\orfuc\AppData\Local\Programs\MiKTeX\tex/generic/pgf/math\pgfmathfunct
ions.base.code.tex)
(C:\Users\orfuc\AppData\Local\Programs\MiKTeX\tex/generic/pgf/math\pgfmathfunct
ions.round.code.tex)
(C:\Users\orfuc\AppData\Local\Programs\MiKTeX\tex/generic/pgf/math\pgfmathfunct
ions.misc.code.tex)
(C:\Users\orfuc\AppData\Local\Programs\MiKTeX\tex/generic/pgf/math\pgfmathfunct
ions.integerarithmetics.code.tex)
(C:\Users\orfuc\AppData\Local\Programs\MiKTeX\tex/generic/pgf/math\pgfmathcalc.
code.tex)
(C:\Users\orfuc\AppData\Local\Programs\MiKTeX\tex/generic/pgf/math\pgfmathfloat
.code.tex
\c@pgfmathroundto@lastzeros=\count308
))
(C:\Users\orfuc\AppData\Local\Programs\MiKTeX\tex/generic/pgf/math\pgfint.code.
tex)
(C:\Users\orfuc\AppData\Local\Programs\MiKTeX\tex/generic/pgf/basiclayer\pgfcor
epoints.code.tex
File: pgfcorepoints.code.tex 2023-01-15 v3.1.10 (3.1.10)
\pgf@picminx=\dimen193
\pgf@picmaxx=\dimen194
\pgf@picminy=\dimen195
\pgf@picmaxy=\dimen196
\pgf@pathminx=\dimen197
\pgf@pathmaxx=\dimen198
\pgf@pathminy=\dimen199
\pgf@pathmaxy=\dimen256
\pgf@xx=\dimen257
\pgf@xy=\dimen258
\pgf@yx=\dimen259
\pgf@yy=\dimen260
\pgf@zx=\dimen261
\pgf@zy=\dimen262
)
(C:\Users\orfuc\AppData\Local\Programs\MiKTeX\tex/generic/pgf/basiclayer\pgfcor
epathconstruct.code.tex
File: pgfcorepathconstruct.code.tex 2023-01-15 v3.1.10 (3.1.10)
\pgf@path@lastx=\dimen263
\pgf@path@lasty=\dimen264
)
(C:\Users\orfuc\AppData\Local\Programs\MiKTeX\tex/generic/pgf/basiclayer\pgfcor
epathusage.code.tex
File: pgfcorepathusage.code.tex 2023-01-15 v3.1.10 (3.1.10)
\pgf@shorten@end@additional=\dimen265
\pgf@shorten@start@additional=\dimen266
)
(C:\Users\orfuc\AppData\Local\Programs\MiKTeX\tex/generic/pgf/basiclayer\pgfcor
escopes.code.tex
File: pgfcorescopes.code.tex 2023-01-15 v3.1.10 (3.1.10)
\pgfpic=\box104
\pgf@hbox=\box105
\pgf@layerbox@main=\box106
\pgf@picture@serial@count=\count309
)
(C:\Users\orfuc\AppData\Local\Programs\MiKTeX\tex/generic/pgf/basiclayer\pgfcor
egraphicstate.code.tex
File: pgfcoregraphicstate.code.tex 2023-01-15 v3.1.10 (3.1.10)
\pgflinewidth=\dimen267
)
(C:\Users\orfuc\AppData\Local\Programs\MiKTeX\tex/generic/pgf/basiclayer\pgfcor
etransformations.code.tex
File: pgfcoretransformations.code.tex 2023-01-15 v3.1.10 (3.1.10)
\pgf@pt@x=\dimen268
\pgf@pt@y=\dimen269
\pgf@pt@temp=\dimen270
)
(C:\Users\orfuc\AppData\Local\Programs\MiKTeX\tex/generic/pgf/basiclayer\pgfcor
equick.code.tex
File: pgfcorequick.code.tex 2023-01-15 v3.1.10 (3.1.10)
)
(C:\Users\orfuc\AppData\Local\Programs\MiKTeX\tex/generic/pgf/basiclayer\pgfcor
eobjects.code.tex
File: pgfcoreobjects.code.tex 2023-01-15 v3.1.10 (3.1.10)
)
(C:\Users\orfuc\AppData\Local\Programs\MiKTeX\tex/generic/pgf/basiclayer\pgfcor
epathprocessing.code.tex
File: pgfcorepathprocessing.code.tex 2023-01-15 v3.1.10 (3.1.10)
)
(C:\Users\orfuc\AppData\Local\Programs\MiKTeX\tex/generic/pgf/basiclayer\pgfcor
earrows.code.tex
File: pgfcorearrows.code.tex 2023-01-15 v3.1.10 (3.1.10)
\pgfarrowsep=\dimen271
)
(C:\Users\orfuc\AppData\Local\Programs\MiKTeX\tex/generic/pgf/basiclayer\pgfcor
eshade.code.tex
File: pgfcoreshade.code.tex 2023-01-15 v3.1.10 (3.1.10)
\pgf@max=\dimen272
\pgf@sys@shading@range@num=\count310
\pgf@shadingcount=\count311
)
(C:\Users\orfuc\AppData\Local\Programs\MiKTeX\tex/generic/pgf/basiclayer\pgfcor
eimage.code.tex
File: pgfcoreimage.code.tex 2023-01-15 v3.1.10 (3.1.10)
)
(C:\Users\orfuc\AppData\Local\Programs\MiKTeX\tex/generic/pgf/basiclayer\pgfcor
eexternal.code.tex
File: pgfcoreexternal.code.tex 2023-01-15 v3.1.10 (3.1.10)
\pgfexternal@startupbox=\box107
)
(C:\Users\orfuc\AppData\Local\Programs\MiKTeX\tex/generic/pgf/basiclayer\pgfcor
elayers.code.tex
File: pgfcorelayers.code.tex 2023-01-15 v3.1.10 (3.1.10)
)
(C:\Users\orfuc\AppData\Local\Programs\MiKTeX\tex/generic/pgf/basiclayer\pgfcor
etransparency.code.tex
File: pgfcoretransparency.code.tex 2023-01-15 v3.1.10 (3.1.10)
)
(C:\Users\orfuc\AppData\Local\Programs\MiKTeX\tex/generic/pgf/basiclayer\pgfcor
epatterns.code.tex
File: pgfcorepatterns.code.tex 2023-01-15 v3.1.10 (3.1.10)
)
(C:\Users\orfuc\AppData\Local\Programs\MiKTeX\tex/generic/pgf/basiclayer\pgfcor
erdf.code.tex
File: pgfcorerdf.code.tex 2023-01-15 v3.1.10 (3.1.10)
)))
(C:\Users\orfuc\AppData\Local\Programs\MiKTeX\tex/generic/pgf/modules\pgfmodule
shapes.code.tex
File: pgfmoduleshapes.code.tex 2023-01-15 v3.1.10 (3.1.10)
\pgfnodeparttextbox=\box108
)
(C:\Users\orfuc\AppData\Local\Programs\MiKTeX\tex/latex/l3packages/l3keys2e\l3k
eys2e.sty
(C:\Users\orfuc\AppData\Local\Programs\MiKTeX\tex/latex/l3kernel\expl3.sty
Package: expl3 2023-08-29 L3 programming layer (loader) 

(C:\Users\orfuc\AppData\Local\Programs\MiKTeX\tex/latex/l3backend\l3backend-pdf
tex.def
File: l3backend-pdftex.def 2023-04-19 L3 backend support: PDF output (pdfTeX)
\l__color_backend_stack_int=\count312
\l__pdf_internal_box=\box109
))
Package: l3keys2e 2023-08-29 LaTeX2e option processing using LaTeX3 keys
)
Package: nicematrix 2024/02/19 v6.27a Enhanced arrays with the help of PGF/TikZ


(C:\Users\orfuc\AppData\Local\Programs\MiKTeX\tex/latex/tools\array.sty
Package: array 2022/09/04 v2.5g Tabular extension package (FMi)
\col@sep=\dimen273
\ar@mcellbox=\box110
\extrarowheight=\dimen274
\NC@list=\toks49
\extratabsurround=\skip68
\backup@length=\skip69
\ar@cellbox=\box111
)
\g__nicematrix_env_int=\count313
\g__nicematrix_NiceMatrixBlock_int=\count314
\g__nicematrix_notes_caption_int=\count315
\l__nicematrix_columns_width_dim=\dimen275
\l__nicematrix_col_width_dim=\dimen276
\g__nicematrix_row_total_int=\count316
\g__nicematrix_col_total_int=\count317
\g__nicematrix_last_row_node_int=\count318
\l__nicematrix_key_nb_rows_int=\count319
\g__nicematrix_blocks_wd_dim=\dimen277
\g__nicematrix_blocks_ht_dim=\dimen278
\g__nicematrix_blocks_dp_dim=\dimen279
\l__nicematrix_width_dim=\dimen280
\l__nicematrix_tabular_width_dim=\dimen281
\l__nicematrix_rule_width_dim=\dimen282
\l__nicematrix_old_iRow_int=\count320
\l__nicematrix_old_jCol_int=\count321
\g__nicematrix_total_X_weight_int=\count322
\l__nicematrix_X_columns_dim=\dimen283
\l__nicematrix_x_initial_dim=\dimen284
\l__nicematrix_y_initial_dim=\dimen285
\l__nicematrix_x_final_dim=\dimen286
\l__nicematrix_y_final_dim=\dimen287
\l__nicematrix_tmpc_dim=\dimen288
\l__nicematrix_tmpd_dim=\dimen289
\g__nicematrix_width_last_col_dim=\dimen290
\g__nicematrix_width_first_col_dim=\dimen291
\l__nicematrix_row_min_int=\count323
\l__nicematrix_row_max_int=\count324
\l__nicematrix_col_min_int=\count325
\l__nicematrix_col_max_int=\count326
\l__nicematrix_start_int=\count327
\l__nicematrix_end_int=\count328
\l__nicematrix_local_start_int=\count329
\l__nicematrix_local_end_int=\count330
\g__nicematrix_static_num_of_col_int=\count331
\l__nicematrix_rounded_corners_dim=\dimen292
\l__nicematrix_tab_rounded_corners_dim=\dimen293
\l__nicematrix_offset_dim=\dimen294
\l__nicematrix_line_width_dim=\dimen295
\g__nicematrix_block_box_int=\count332
\l__nicematrix_submatrix_extra_height_dim=\dimen296
\l__nicematrix_submatrix_left_xshift_dim=\dimen297
\l__nicematrix_submatrix_right_xshift_dim=\dimen298
\l__nicematrix_first_row_int=\count333
\l__nicematrix_first_col_int=\count334
\l__nicematrix_last_row_int=\count335
\l__nicematrix_last_col_int=\count336
\c@tabularnote=\count337
\c@nicematrix_draft=\count338
\l__nicematrix_cell_space_top_limit_dim=\dimen299
\l__nicematrix_cell_space_bottom_limit_dim=\dimen300
\l__nicematrix_xdots_inter_dim=\dimen301
\l__nicematrix_xdots_shorten_start_dim=\dimen302
\l__nicematrix_xdots_shorten_end_dim=\dimen303
\l__nicematrix_xdots_radius_dim=\dimen304
\l__nicematrix_notes_above_space_dim=\dimen305
\l__nicematrix_left_margin_dim=\dimen306
\l__nicematrix_right_margin_dim=\dimen307
\l__nicematrix_extra_left_margin_dim=\dimen308
\l__nicematrix_extra_right_margin_dim=\dimen309
\c__nicematrix_max_l_dim=\dimen310
\l__nicematrix_position_int=\count339
\l__nicematrix_multiplicity_int=\count340
\l__nicematrix_brace_yshift_dim=\dimen311
)
(C:\Users\orfuc\AppData\Local\Programs\MiKTeX\tex/latex/pgf/frontendlayer\tikz.
sty
(C:\Users\orfuc\AppData\Local\Programs\MiKTeX\tex/latex/pgf/basiclayer\pgf.sty
Package: pgf 2023-01-15 v3.1.10 (3.1.10)

(C:\Users\orfuc\AppData\Local\Programs\MiKTeX\tex/generic/pgf/modules\pgfmodule
plot.code.tex
File: pgfmoduleplot.code.tex 2023-01-15 v3.1.10 (3.1.10)
)
(C:\Users\orfuc\AppData\Local\Programs\MiKTeX\tex/latex/pgf/compatibility\pgfco
mp-version-0-65.sty
Package: pgfcomp-version-0-65 2023-01-15 v3.1.10 (3.1.10)
\pgf@nodesepstart=\dimen312
\pgf@nodesepend=\dimen313
)
(C:\Users\orfuc\AppData\Local\Programs\MiKTeX\tex/latex/pgf/compatibility\pgfco
mp-version-1-18.sty
Package: pgfcomp-version-1-18 2023-01-15 v3.1.10 (3.1.10)
))
(C:\Users\orfuc\AppData\Local\Programs\MiKTeX\tex/latex/pgf/utilities\pgffor.st
y
(C:\Users\orfuc\AppData\Local\Programs\MiKTeX\tex/latex/pgf/utilities\pgfkeys.s
ty
(C:\Users\orfuc\AppData\Local\Programs\MiKTeX\tex/generic/pgf/utilities\pgfkeys
.code.tex))
(C:\Users\orfuc\AppData\Local\Programs\MiKTeX\tex/latex/pgf/math\pgfmath.sty
(C:\Users\orfuc\AppData\Local\Programs\MiKTeX\tex/generic/pgf/math\pgfmath.code
.tex))
(C:\Users\orfuc\AppData\Local\Programs\MiKTeX\tex/generic/pgf/utilities\pgffor.
code.tex
Package: pgffor 2023-01-15 v3.1.10 (3.1.10)
\pgffor@iter=\dimen314
\pgffor@skip=\dimen315
\pgffor@stack=\toks50
\pgffor@toks=\toks51
))
(C:\Users\orfuc\AppData\Local\Programs\MiKTeX\tex/generic/pgf/frontendlayer/tik
z\tikz.code.tex
Package: tikz 2023-01-15 v3.1.10 (3.1.10)

(C:\Users\orfuc\AppData\Local\Programs\MiKTeX\tex/generic/pgf/libraries\pgflibr
aryplothandlers.code.tex
File: pgflibraryplothandlers.code.tex 2023-01-15 v3.1.10 (3.1.10)
\pgf@plot@mark@count=\count341
\pgfplotmarksize=\dimen316
)
\tikz@lastx=\dimen317
\tikz@lasty=\dimen318
\tikz@lastxsaved=\dimen319
\tikz@lastysaved=\dimen320
\tikz@lastmovetox=\dimen321
\tikz@lastmovetoy=\dimen322
\tikzleveldistance=\dimen323
\tikzsiblingdistance=\dimen324
\tikz@figbox=\box112
\tikz@figbox@bg=\box113
\tikz@tempbox=\box114
\tikz@tempbox@bg=\box115
\tikztreelevel=\count342
\tikznumberofchildren=\count343
\tikznumberofcurrentchild=\count344
\tikz@fig@count=\count345

(C:\Users\orfuc\AppData\Local\Programs\MiKTeX\tex/generic/pgf/modules\pgfmodule
matrix.code.tex
File: pgfmodulematrix.code.tex 2023-01-15 v3.1.10 (3.1.10)
\pgfmatrixcurrentrow=\count346
\pgfmatrixcurrentcolumn=\count347
\pgf@matrix@numberofcolumns=\count348
)
\tikz@expandcount=\count349

(C:\Users\orfuc\AppData\Local\Programs\MiKTeX\tex/generic/pgf/frontendlayer/tik
z/libraries\tikzlibrarytopaths.code.tex
File: tikzlibrarytopaths.code.tex 2023-01-15 v3.1.10 (3.1.10)
)))
\c@theorem=\count350
\c@prop=\count351
\c@condition=\count352
\c@remark=\count353
\c@definition=\count354
\c@claim=\count355
\c@example=\count356
\c@lemma=\count357

(C:\Users\orfuc\AppData\Local\Programs\MiKTeX\tex/latex/newfloat\newfloat.sty
Package: newfloat 2019/09/02 v1.1l Defining new floating environments (AR)
)
(C:\Users\orfuc\AppData\Local\Programs\MiKTeX\tex/latex/listings\listings.sty
\lst@mode=\count358
\lst@gtempboxa=\box116
\lst@token=\toks52
\lst@length=\count359
\lst@currlwidth=\dimen325
\lst@column=\count360
\lst@pos=\count361
\lst@lostspace=\dimen326
\lst@width=\dimen327
\lst@newlines=\count362
\lst@lineno=\count363
\lst@maxwidth=\dimen328

(C:\Users\orfuc\AppData\Local\Programs\MiKTeX\tex/latex/listings\lstmisc.sty
File: lstmisc.sty 2023/02/27 1.9 (Carsten Heinz)
\c@lstnumber=\count364
\lst@skipnumbers=\count365
\lst@framebox=\box117
)
(C:\Users\orfuc\AppData\Local\Programs\MiKTeX\tex/latex/listings\listings.cfg
File: listings.cfg 2023/02/27 1.9 listings configuration
))
Package: listings 2023/02/27 1.9 (Carsten Heinz)
\@float@every@listing=\toks53
\c@listing=\count366
LaTeX Font Info:    Trying to load font information for OT1+ptm on input line 1
53.
(C:\Users\orfuc\AppData\Local\Programs\MiKTeX\tex/latex/psnfss\ot1ptm.fd
File: ot1ptm.fd 2001/06/04 font definitions for OT1/ptm.
)
(Jiang276_changed.aux)
\openout1 = `Jiang276_changed.aux'.

LaTeX Font Info:    Checking defaults for OML/cmm/m/it on input line 153.
LaTeX Font Info:    ... okay on input line 153.
LaTeX Font Info:    Checking defaults for OMS/cmsy/m/n on input line 153.
LaTeX Font Info:    ... okay on input line 153.
LaTeX Font Info:    Checking defaults for OT1/cmr/m/n on input line 153.
LaTeX Font Info:    ... okay on input line 153.
LaTeX Font Info:    Checking defaults for T1/cmr/m/n on input line 153.
LaTeX Font Info:    ... okay on input line 153.
LaTeX Font Info:    Checking defaults for TS1/cmr/m/n on input line 153.
LaTeX Font Info:    ... okay on input line 153.
LaTeX Font Info:    Checking defaults for OMX/cmex/m/n on input line 153.
LaTeX Font Info:    ... okay on input line 153.
LaTeX Font Info:    Checking defaults for U/cmr/m/n on input line 153.
LaTeX Font Info:    ... okay on input line 153.

(C:\Users\orfuc\AppData\Local\Programs\MiKTeX\tex/context/base/mkii\supp-pdf.mk
ii
[Loading MPS to PDF converter (version 2006.09.02).]
\scratchcounter=\count367
\scratchdimen=\dimen329
\scratchbox=\box118
\nofMPsegments=\count368
\nofMParguments=\count369
\everyMPshowfont=\toks54
\MPscratchCnt=\count370
\MPscratchDim=\dimen330
\MPnumerator=\count371
\makeMPintoPDFobject=\count372
\everyMPtoPDFconversion=\toks55
)
(C:\Users\orfuc\AppData\Local\Programs\MiKTeX\tex/latex/epstopdf-pkg\epstopdf-b
ase.sty
Package: epstopdf-base 2020-01-24 v2.11 Base part for package epstopdf
Package epstopdf-base Info: Redefining graphics rule for `.eps' on input line 4
85.

(C:\Users\orfuc\AppData\Local\Programs\MiKTeX\tex/latex/00miktex\epstopdf-sys.c
fg
File: epstopdf-sys.cfg 2021/03/18 v2.0 Configuration of epstopdf for MiKTeX
))
Package caption Info: Begin \AtBeginDocument code.
Package caption Info: float package is loaded.
Package caption Info: listings package is loaded.
Package caption Info: End \AtBeginDocument code.
\c__nicematrix_shift_Ldots_last_row_dim=\dimen331
\c__nicematrix_shift_exterior_Vdots_dim=\dimen332
\c__nicematrix_innersep_middle_dim=\dimen333
\c@tabularnotesi=\count373
\enitdp@tabularnotes=\count374
\c@tabularnotes*i=\count375
\enitdp@tabularnotes*=\count376
Package newfloat Info: `float' package detected.
\c@lstlisting=\count377
\c@eqfn=\count378
\titlearea=\box119
LaTeX Font Info:    Trying to load font information for U+msa on input line 155
.
 (C:\Users\orfuc\AppData\Local\Programs\MiKTeX\tex/latex/amsfonts\umsa.fd
File: umsa.fd 2013/01/14 v3.01 AMS symbols A
)
LaTeX Font Info:    Trying to load font information for U+msb on input line 155
.

(C:\Users\orfuc\AppData\Local\Programs\MiKTeX\tex/latex/amsfonts\umsb.fd
File: umsb.fd 2013/01/14 v3.01 AMS symbols B
)
LaTeX Font Info:    Trying to load font information for OMS+ptm on input line 1
55.

(C:\Users\orfuc\AppData\Local\Programs\MiKTeX\tex/latex/psnfss\omsptm.fd
File: omsptm.fd 
)
LaTeX Font Info:    Font shape `OMS/ptm/m/n' in size <10> not available
(Font)              Font shape `OMS/cmsy/m/n' tried instead on input line 155.
\actualheight=\skip70
LaTeX Font Info:    Trying to load font information for TS1+ptm on input line 1
55.

(C:\Users\orfuc\AppData\Local\Programs\MiKTeX\tex/latex/psnfss\ts1ptm.fd
File: ts1ptm.fd 2001/06/04 font definitions for TS1/ptm.
)

Package natbib Warning: Citation `DBLP:journals/neco/Hinton02' on page 1 undefi
ned on input line 180.


Package natbib Warning: Citation `Tsochantaridis2005StructualSVM' on page 1 und
efined on input line 180.


Package natbib Warning: Citation `goodfellow2014generative' on page 1 undefined
 on input line 180.


Package natbib Warning: Citation `kingma2013auto' on page 1 undefined on input 
line 180.


Package natbib Warning: Citation `Germain2015MADEMA' on page 1 undefined on inp
ut line 180.


Package natbib Warning: Citation `Larochelle2011Autoregressive' on page 1 undef
ined on input line 180.


Package natbib Warning: Citation `Oord2016PixelRN' on page 1 undefined on input
 line 180.


Package natbib Warning: Citation `arjovsky17WGAN' on page 1 undefined on input 
line 180.


Package natbib Warning: Citation `song2019generative' on page 1 undefined on in
put line 180.


Package natbib Warning: Citation `song21scoredifussion' on page 1 undefined on 
input line 180.


Package natbib Warning: Citation `murphy1999loopy' on page 1 undefined on input
 line 180.


Package natbib Warning: Citation `yedidia2001generalized' on page 1 undefined o
n input line 180.


Package natbib Warning: Citation `wainwright2006relaxation' on page 1 undefined
 on input line 180.


Package natbib Warning: Citation `Braunstein2005SurveyPA' on page 1 undefined o
n input line 190.


Package natbib Warning: Citation `AnHaHoTi2007' on page 1 undefined on input li
ne 190.


Package natbib Warning: Citation `chavira2006compiling' on page 1 undefined on 
input line 190.


Package natbib Warning: Citation `VanHentenryck1989' on page 1 undefined on inp
ut line 190.


Package natbib Warning: Citation `GOGATE2012AndOr' on page 1 undefined on input
 line 190.


Package natbib Warning: Citation `Sang2005' on page 1 undefined on input line 1
90.


Package natbib Warning: Citation `kusner17GrammarVAE' on page 1 undefined on in
put line 192.


Package natbib Warning: Citation `Jin2018JunctionTV' on page 1 undefined on inp
ut line 192.


Package natbib Warning: Citation `Dai2018SyntaxDirectedVA' on page 1 undefined 
on input line 192.


Package natbib Warning: Citation `Hu17ControlledTextGen' on page 1 undefined on
 input line 192.


Package natbib Warning: Citation `lowd2008learning' on page 1 undefined on inpu
t line 192.


Package natbib Warning: Citation `DBLP:conf/icml/DingMXX21' on page 1 undefined
 on input line 192.


Package natbib Warning: Citation `erdHos1973problems' on page 1 undefined on in
put line 196.


Package natbib Warning: Citation `DBLP:journals/jacm/MoserT10' on page 1 undefi
ned on input line 198.


Package natbib Warning: Citation `DBLP:journals/jacm/GuoJL19' on page 1 undefin
ed on input line 200.


Underfull \hbox (badness 2556) in paragraph at lines 210--220
[]\OT1/ptm/m/n/10 In this pa-per, we de-velop $[]$ural $[]$ov[]asz $[]$ampler
 []


Package natbib Warning: Citation `DBLP:conf/iclr/SelsamLBLMD19' on page 1 undef
ined on input line 222.


Package natbib Warning: Citation `DBLP:conf/icml/DuanVPRM22' on page 1 undefine
d on input line 222.


Package natbib Warning: Citation `DBLP:conf/nips/LiCK18' on page 1 undefined on
 input line 222.


Package natbib Warning: Citation `DBLP:conf/nips/YolcuP19' on page 1 undefined 
on input line 224.


Package natbib Warning: Citation `DBLP:conf/nips/ChenT19' on page 1 undefined o
n input line 224.


Package natbib Warning: Citation `DBLP:conf/nips/KaraliasL20' on page 1 undefin
ed on input line 226.


Package natbib Warning: Citation `DBLP:journals/eor/BengioLP21' on page 1 undef
ined on input line 226.


Package natbib Warning: Citation `DBLP:conf/aaai/MandiDSG20' on page 1 undefine
d on input line 226.


Package natbib Warning: Citation `neal1993probabilistic' on page 1 undefined on
 input line 228.


Package natbib Warning: Citation `DBLP:journals/pami/DagumC93' on page 1 undefi
ned on input line 228.


Package natbib Warning: Citation `pmlr-v84-ge18b' on page 1 undefined on input 
line 228.


Package natbib Warning: Citation `murphy1999loopy' on page 1 undefined on input
 line 228.


Package natbib Warning: Citation `DBLP:journals/jmlr/IhlerFW05' on page 1 undef
ined on input line 228.


Package natbib Warning: Citation `DBLP:journals/corr/abs-2011-02303' on page 1 
undefined on input line 228.


Package natbib Warning: Citation `pmlr-v138-fan20a' on page 1 undefined on inpu
t line 228.


Package natbib Warning: Citation `DBLP:journals/ai/GogateD11' on page 1 undefin
ed on input line 230.


Package natbib Warning: Citation `Gomes2006Sampling' on page 1 undefined on inp
ut line 232.


Package natbib Warning: Citation `Ermon13Wish' on page 1 undefined on input lin
e 232.


Package natbib Warning: Citation `DBLP:conf/sat/AchlioptasT17' on page 1 undefi
ned on input line 232.


Package natbib Warning: Citation `Chakraborty2013scalable' on page 1 undefined 
on input line 232.

[1{C:/Users/orfuc/AppData/Local/MiKTeX/fonts/map/pdftex/pdftex.map}{C:/Users/or
fuc/AppData/Local/Programs/MiKTeX/fonts/enc/dvips/base/8r.enc}



]

Package natbib Warning: Citation `nanyiye2022' on page 2 undefined on input lin
e 244.


Package natbib Warning: Citation `DBLP:journals/neco/Hinton02' on page 2 undefi
ned on input line 312.


Package natbib Warning: Citation `Sang2005' on page 2 undefined on input line 3
25.


Package natbib Warning: Citation `Mansour1994LearningBF' on page 2 undefined on
 input line 338.

[2]

Package natbib Warning: Citation `DBLP:journals/jacm/GuoJL19' on page 3 undefin
ed on input line 355.


Package natbib Warning: Citation `erdHos1973problems' on page 3 undefined on in
put line 368.


Package natbib Warning: Citation `DBLP:journals/jacm/GuoJL19' on page 3 undefin
ed on input line 380.


LaTeX Font Warning: Command \footnotesize invalid in math mode on input line 40
3.


Package natbib Warning: Citation `DBLP:journals/jacm/GuoJL19' on page 3 undefin
ed on input line 414.


Underfull \hbox (badness 1552) in paragraph at lines 435--437
\OT1/ptm/m/n/10 We first present the pro-posed $[]$ural $[]$ov[]asz $[]$ampler
 []

[3]
Underfull \hbox (badness 2922) in paragraph at lines 471--472
[]\OT1/ptm/m/n/10 Tensor $\OML/cmm/m/it/10 W \OMS/cmsy/m/n/10 2 f^^@\OT1/cmr/m/
n/10 1\OML/cmm/m/it/10 ; \OT1/cmr/m/n/10 0\OML/cmm/m/it/10 ; \OT1/cmr/m/n/10 1\
OMS/cmsy/m/n/10 g[]$ \OT1/ptm/m/n/10 and ma-trix $\OML/cmm/m/it/10 b \OMS/cmsy/
m/n/10 2
 []


Overfull \hbox (4.96436pt too wide) detected at line 561
[][]
 []

[4]

Package natbib Warning: Citation `carter1994gibbs' on page 5 undefined on input
 line 635.


Package natbib Warning: Citation `DBLP:conf/tacas/GuptaSRM19' on page 5 undefin
ed on input line 636.


Package natbib Warning: Citation `DBLP:conf/aaai/ChakrabortyFMSV14' on page 5 u
ndefined on input line 636.


Package natbib Warning: Citation `DBLP:conf/nips/ErmonGSS13' on page 5 undefine
d on input line 636.


Package natbib Warning: Citation `DBLP:conf/uai/DingX21' on page 5 undefined on
 input line 636.


Package natbib Warning: Citation `DBLP:conf/fmcad/GoliaSCM21' on page 5 undefin
ed on input line 637.


Package natbib Warning: Citation `DBLP:conf/icse/DutraLBS18' on page 5 undefine
d on input line 637.


Package natbib Warning: Citation `DBLP:conf/cav/SoosGM20' on page 5 undefined o
n input line 637.


Package natbib Warning: Citation `DBLP:conf/lpar/SharmaGRM18' on page 5 undefin
ed on input line 637.


Package natbib Warning: Citation `DBLP:conf/aiia/DodaroP19' on page 5 undefined
 on input line 658.


Package natbib Warning: Citation `DBLP:conf/sat/LauriaENV17' on page 5 undefine
d on input line 660.


Package natbib Warning: Citation `DBLP:conf/sat/IgnatievMM18' on page 5 undefin
ed on input line 660.


Underfull \hbox (badness 2671) in paragraph at lines 708--709
\OT1/ptm/b/n/10 Learning Qual-ity \OT1/ptm/m/n/10 Ta-ble 2[] demon-strates \OT1
/ptm/m/sc/10 Nel-son\OT1/ptm/m/n/10 -CD
 []

Package epstopdf Info: Source file: <exp/sat/sampling.randkcnf.uniform.time.eps
>
(epstopdf)                    date: 2024-03-30 16:02:01
(epstopdf)                    size: 279777 bytes
(epstopdf)             Output file: <exp/sat/sampling.randkcnf.uniform.time-eps
-converted-to.pdf>
(epstopdf)                    date: 2024-03-30 19:23:30
(epstopdf)                    size: 28422 bytes
(epstopdf)             Command: <miktex-epstopdf --outfile=exp/sat/sampling.ran
dkcnf.uniform.time-eps-converted-to.pdf exp/sat/sampling.randkcnf.uniform.time.
eps>
(epstopdf)             \includegraphics on input line 740.
Package epstopdf Info: Output file is already uptodate.


pdfTeX warning: pdflatex (file ./exp/sat/sampling.randkcnf.uniform.time-eps-con
verted-to.pdf): PDF inclusion: found PDF version <1.7>, but at most version <1.
5> allowed
<exp/sat/sampling.randkcnf.uniform.time-eps-converted-to.pdf, id=42, 236.885pt 
x 223.83624pt>
File: exp/sat/sampling.randkcnf.uniform.time-eps-converted-to.pdf Graphic file 
(type pdf)
<use exp/sat/sampling.randkcnf.uniform.time-eps-converted-to.pdf>
Package pdftex.def Info: exp/sat/sampling.randkcnf.uniform.time-eps-converted-t
o.pdf  used on input line 740.
(pdftex.def)             Requested size: 117.30455pt x 110.84196pt.
<exp/sat/sampling.randkcnf.valid.pdf, id=43, 247.38046pt x 226.19882pt>
File: exp/sat/sampling.randkcnf.valid.pdf Graphic file (type pdf)
<use exp/sat/sampling.randkcnf.valid.pdf>
Package pdftex.def Info: exp/sat/sampling.randkcnf.valid.pdf  used on input lin
e 741.
(pdftex.def)             Requested size: 119.69719pt x 109.44742pt.


pdfTeX warning: pdflatex (file ./exp/sat/sampling.randkcnf.weighted-crop.pdf): 
PDF inclusion: found PDF version <1.6>, but at most version <1.5> allowed
<exp/sat/sampling.randkcnf.weighted-crop.pdf, id=44, 275.0275pt x 231.86626pt>
File: exp/sat/sampling.randkcnf.weighted-crop.pdf Graphic file (type pdf)
<use exp/sat/sampling.randkcnf.weighted-crop.pdf>
Package pdftex.def Info: exp/sat/sampling.randkcnf.weighted-crop.pdf  used on i
nput line 749.
(pdftex.def)             Requested size: 126.87872pt x 106.96756pt.
<exp/sat/valid.randkcnf.weighted.pdf, id=45, 265.89696pt x 104.34848pt>
File: exp/sat/valid.randkcnf.weighted.pdf Graphic file (type pdf)
<use exp/sat/valid.randkcnf.weighted.pdf>
Package pdftex.def Info: exp/sat/valid.randkcnf.weighted.pdf  used on input lin
e 753.
(pdftex.def)             Requested size: 111.3911pt x 43.71458pt.
<exp/sat/resample.randkcnf.weighted.pdf, id=46, 240.03473pt x 142.94302pt>
File: exp/sat/resample.randkcnf.weighted.pdf Graphic file (type pdf)
<use exp/sat/resample.randkcnf.weighted.pdf>
Package pdftex.def Info: exp/sat/resample.randkcnf.weighted.pdf  used on input 
line 754.
(pdftex.def)             Requested size: 100.13884pt x 59.63432pt.

Package natbib Warning: Citation `DBLP:conf/aaai/ChakrabortyM19' on page 5 unde
fined on input line 763.

[5 <./exp/sat/sampling.randkcnf.uniform.time-eps-converted-to.pdf> <./exp/sat/s
ampling.randkcnf.valid.pdf>]

Package natbib Warning: Citation `DBLP:journals/combinatorics/CohnPP02' on page
 6 undefined on input line 814.


Package natbib Warning: Citation `takahashi2009communication' on page 6 undefin
ed on input line 814.

[6 <./exp/sat/sampling.randkcnf.weighted-crop.pdf> <./exp/sat/valid.randkcnf.we
ighted.pdf> <./exp/sat/resample.randkcnf.weighted.pdf>]
<exp/sat/vehicle.resamples.pdf, id=229, 295.34734pt x 197.7789pt>
File: exp/sat/vehicle.resamples.pdf Graphic file (type pdf)
<use exp/sat/vehicle.resamples.pdf>
Package pdftex.def Info: exp/sat/vehicle.resamples.pdf  used on input line 833.

(pdftex.def)             Requested size: 118.49904pt x 79.35158pt.
<exp/sat/vehicle.time.pdf, id=230, 294.8221pt x 199.11227pt>
File: exp/sat/vehicle.time.pdf Graphic file (type pdf)
<use exp/sat/vehicle.time.pdf>
Package pdftex.def Info: exp/sat/vehicle.time.pdf  used on input line 834.
(pdftex.def)             Requested size: 118.49904pt x 80.02934pt.

No file Jiang276_changed.bbl.

Underfull \hbox (badness 1242) in paragraph at lines 853--855
\OT1/ptm/m/n/10 quibus-dam sim-ilique atque saepe deb-itis.Quasi ali-quam
 []

[7 <./exp/sat/vehicle.resamples.pdf> <./exp/sat/vehicle.time.pdf>]

Package natbib Warning: There were undefined citations.

[8

] (Jiang276_changed.aux)
 ***********
LaTeX2e <2023-06-01> patch level 1
L3 programming layer <2023-08-29>
 ***********
 ) 
Here is how much of TeX's memory you used:
 20684 strings out of 475247
 433470 string characters out of 5757792
 1960801 words of memory out of 5000000
 41852 multiletter control sequences out of 15000+600000
 597820 words of font info for 126 fonts, out of 8000000 for 9000
 1141 hyphenation exceptions out of 8191
 81i,19n,93p,1776b,416s stack positions out of 10000i,1000n,20000p,200000b,200000s
<C:/Users/orfuc/AppData/Local/Programs/MiKTeX/fonts/type1/public/amsfonts/cm/
cmbx10.pfb><C:/Users/orfuc/AppData/Local/Programs/MiKTeX/fonts/type1/public/ams
fonts/cm/cmex10.pfb><C:/Users/orfuc/AppData/Local/Programs/MiKTeX/fonts/type1/p
ublic/amsfonts/cmextra/cmex7.pfb><C:/Users/orfuc/AppData/Local/Programs/MiKTeX/
fonts/type1/public/amsfonts/cm/cmmi10.pfb><C:/Users/orfuc/AppData/Local/Program
s/MiKTeX/fonts/type1/public/amsfonts/cm/cmmi12.pfb><C:/Users/orfuc/AppData/Loca
l/Programs/MiKTeX/fonts/type1/public/amsfonts/cm/cmmi5.pfb><C:/Users/orfuc/AppD
ata/Local/Programs/MiKTeX/fonts/type1/public/amsfonts/cm/cmmi6.pfb><C:/Users/or
fuc/AppData/Local/Programs/MiKTeX/fonts/type1/public/amsfonts/cm/cmmi7.pfb><C:/
Users/orfuc/AppData/Local/Programs/MiKTeX/fonts/type1/public/amsfonts/cm/cmmi9.
pfb><C:/Users/orfuc/AppData/Local/Programs/MiKTeX/fonts/type1/public/amsfonts/c
m/cmr10.pfb><C:/Users/orfuc/AppData/Local/Programs/MiKTeX/fonts/type1/public/am
sfonts/cm/cmr12.pfb><C:/Users/orfuc/AppData/Local/Programs/MiKTeX/fonts/type1/p
ublic/amsfonts/cm/cmr5.pfb><C:/Users/orfuc/AppData/Local/Programs/MiKTeX/fonts/
type1/public/amsfonts/cm/cmr6.pfb><C:/Users/orfuc/AppData/Local/Programs/MiKTeX
/fonts/type1/public/amsfonts/cm/cmr7.pfb><C:/Users/orfuc/AppData/Local/Programs
/MiKTeX/fonts/type1/public/amsfonts/cm/cmr8.pfb><C:/Users/orfuc/AppData/Local/P
rograms/MiKTeX/fonts/type1/public/amsfonts/cm/cmr9.pfb><C:/Users/orfuc/AppData/
Local/Programs/MiKTeX/fonts/type1/public/amsfonts/cm/cmsy10.pfb><C:/Users/orfuc
/AppData/Local/Programs/MiKTeX/fonts/type1/public/amsfonts/cm/cmsy5.pfb><C:/Use
rs/orfuc/AppData/Local/Programs/MiKTeX/fonts/type1/public/amsfonts/cm/cmsy7.pfb
><C:/Users/orfuc/AppData/Local/Programs/MiKTeX/fonts/type1/public/amsfonts/cm/c
msy9.pfb><C:/Users/orfuc/AppData/Local/Programs/MiKTeX/fonts/type1/public/amsfo
nts/cm/cmtt10.pfb><C:/Users/orfuc/AppData/Local/Programs/MiKTeX/fonts/type1/pub
lic/amsfonts/cm/cmtt8.pfb><C:/Users/orfuc/AppData/Local/Programs/MiKTeX/fonts/t
ype1/public/amsfonts/cm/cmtt9.pfb><C:/Users/orfuc/AppData/Local/Programs/MiKTeX
/fonts/type1/public/amsfonts/symbols/msam10.pfb><C:/Users/orfuc/AppData/Local/P
rograms/MiKTeX/fonts/type1/public/amsfonts/symbols/msbm10.pfb><C:/Users/orfuc/A
ppData/Local/Programs/MiKTeX/fonts/type1/urw/times/utmb8a.pfb><C:/Users/orfuc/A
ppData/Local/Programs/MiKTeX/fonts/type1/urw/times/utmr8a.pfb><C:/Users/orfuc/A
ppData/Local/Programs/MiKTeX/fonts/type1/urw/times/utmri8a.pfb>
Output written on Jiang276_changed.pdf (8 pages, 593283 bytes).
PDF statistics:
 386 PDF objects out of 1000 (max. 8388607)
 0 named destinations out of 1000 (max. 500000)
 48 words of extra memory for PDF output out of 10000 (max. 10000000)

