This is pdfTeX, Version 3.141592653-2.6-1.40.25 (MiKTeX 23.5) (preloaded format=pdflatex 2024.1.12)  3 MAR 2024 15:37
entering extended mode
 restricted \write18 enabled.
 %&-line parsing enabled.
**./AAAI-ZhuL.4180_changed.tex
(AAAI-ZhuL.4180_changed.tex
LaTeX2e <2023-06-01> patch level 1
L3 programming layer <2023-08-29>
(C:\Users\orfuc\AppData\Local\Programs\MiKTeX\tex/latex/base\article.cls
Document Class: article 2023/05/17 v1.4n Standard LaTeX document class
(C:\Users\orfuc\AppData\Local\Programs\MiKTeX\tex/latex/base\size10.clo
File: size10.clo 2023/05/17 v1.4n Standard LaTeX file (size option)
)
\c@part=\count185
\c@section=\count186
\c@subsection=\count187
\c@subsubsection=\count188
\c@paragraph=\count189
\c@subparagraph=\count190
\c@figure=\count191
\c@table=\count192
\abovecaptionskip=\skip48
\belowcaptionskip=\skip49
\bibindent=\dimen140
)
(aaai19.sty
Conference Style for AAAI for LaTeX 2e -- version for the AAAI-19 conference
\titlebox=\skip50
) (C:\Users\orfuc\AppData\Local\Programs\MiKTeX\tex/latex/psnfss\times.sty
Package: times 2020/03/25 PSNFSS-v9.3 (SPQR) 
)
(C:\Users\orfuc\AppData\Local\Programs\MiKTeX\tex/latex/psnfss\helvet.sty
Package: helvet 2020/03/25 PSNFSS-v9.3 (WaS) 

(C:\Users\orfuc\AppData\Local\Programs\MiKTeX\tex/latex/graphics\keyval.sty
Package: keyval 2022/05/29 v1.15 key=value parser (DPC)
\KV@toks@=\toks17
))
(C:\Users\orfuc\AppData\Local\Programs\MiKTeX\tex/latex/psnfss\courier.sty
Package: courier 2020/03/25 PSNFSS-v9.3 (WaS) 
)
(C:\Users\orfuc\AppData\Local\Programs\MiKTeX\tex/latex/url\url.sty
\Urlmuskip=\muskip16
Package: url 2013/09/16  ver 3.4  Verb mode for urls, etc.
)
(C:\Users\orfuc\AppData\Local\Programs\MiKTeX\tex/latex/graphics\graphicx.sty
Package: graphicx 2021/09/16 v1.2d Enhanced LaTeX Graphics (DPC,SPQR)

(C:\Users\orfuc\AppData\Local\Programs\MiKTeX\tex/latex/graphics\graphics.sty
Package: graphics 2022/03/10 v1.4e Standard LaTeX Graphics (DPC,SPQR)

(C:\Users\orfuc\AppData\Local\Programs\MiKTeX\tex/latex/graphics\trig.sty
Package: trig 2021/08/11 v1.11 sin cos tan (DPC)
)
(C:\Users\orfuc\AppData\Local\Programs\MiKTeX\tex/latex/graphics-cfg\graphics.c
fg
File: graphics.cfg 2016/06/04 v1.11 sample graphics configuration
)
Package graphics Info: Driver file: pdftex.def on input line 107.

(C:\Users\orfuc\AppData\Local\Programs\MiKTeX\tex/latex/graphics-def\pdftex.def
File: pdftex.def 2022/09/22 v1.2b Graphics/color driver for pdftex
))
\Gin@req@height=\dimen141
\Gin@req@width=\dimen142
) (C:\Users\orfuc\AppData\Local\Programs\MiKTeX\tex/latex/amsmath\amsmath.sty
Package: amsmath 2023/05/13 v2.17o AMS math features
\@mathmargin=\skip51
For additional information on amsmath, use the `?' option.
(C:\Users\orfuc\AppData\Local\Programs\MiKTeX\tex/latex/amsmath\amstext.sty
Package: amstext 2021/08/26 v2.01 AMS text

(C:\Users\orfuc\AppData\Local\Programs\MiKTeX\tex/latex/amsmath\amsgen.sty
File: amsgen.sty 1999/11/30 v2.0 generic functions
\@emptytoks=\toks18
\ex@=\dimen143
))
(C:\Users\orfuc\AppData\Local\Programs\MiKTeX\tex/latex/amsmath\amsbsy.sty
Package: amsbsy 1999/11/29 v1.2d Bold Symbols
\pmbraise@=\dimen144
)
(C:\Users\orfuc\AppData\Local\Programs\MiKTeX\tex/latex/amsmath\amsopn.sty
Package: amsopn 2022/04/08 v2.04 operator names
)
\inf@bad=\count193
LaTeX Info: Redefining \frac on input line 234.
\uproot@=\count194
\leftroot@=\count195
LaTeX Info: Redefining \overline on input line 399.
LaTeX Info: Redefining \colon on input line 410.
\classnum@=\count196
\DOTSCASE@=\count197
LaTeX Info: Redefining \ldots on input line 496.
LaTeX Info: Redefining \dots on input line 499.
LaTeX Info: Redefining \cdots on input line 620.
\Mathstrutbox@=\box51
\strutbox@=\box52
LaTeX Info: Redefining \big on input line 722.
LaTeX Info: Redefining \Big on input line 723.
LaTeX Info: Redefining \bigg on input line 724.
LaTeX Info: Redefining \Bigg on input line 725.
\big@size=\dimen145
LaTeX Font Info:    Redeclaring font encoding OML on input line 743.
LaTeX Font Info:    Redeclaring font encoding OMS on input line 744.
\macc@depth=\count198
LaTeX Info: Redefining \bmod on input line 905.
LaTeX Info: Redefining \pmod on input line 910.
LaTeX Info: Redefining \smash on input line 940.
LaTeX Info: Redefining \relbar on input line 970.
LaTeX Info: Redefining \Relbar on input line 971.
\c@MaxMatrixCols=\count199
\dotsspace@=\muskip17
\c@parentequation=\count266
\dspbrk@lvl=\count267
\tag@help=\toks19
\row@=\count268
\column@=\count269
\maxfields@=\count270
\andhelp@=\toks20
\eqnshift@=\dimen146
\alignsep@=\dimen147
\tagshift@=\dimen148
\tagwidth@=\dimen149
\totwidth@=\dimen150
\lineht@=\dimen151
\@envbody=\toks21
\multlinegap=\skip52
\multlinetaggap=\skip53
\mathdisplay@stack=\toks22
LaTeX Info: Redefining \[ on input line 2953.
LaTeX Info: Redefining \] on input line 2954.
)
(C:\Users\orfuc\AppData\Local\Programs\MiKTeX\tex/latex/was\upgreek.sty
Package: upgreek 2003/02/12 v2.0 (WaS)
Package upgreek Info: Using Euler Roman for upright Greek on input line 31.
\symugrf@m=\mathgroup4
LaTeX Font Info:    Overwriting symbol font `ugrf@m' in version `bold'
(Font)                  U/eur/m/n --> U/eur/b/n on input line 38.
)
(C:\Users\orfuc\AppData\Local\Programs\MiKTeX\tex/latex/multirow\multirow.sty
Package: multirow 2021/03/15 v2.8 Span multiple rows of a table
\multirow@colwidth=\skip54
\multirow@cntb=\count271
\multirow@dima=\skip55
\bigstrutjot=\dimen152
)
(C:\Users\orfuc\AppData\Local\Programs\MiKTeX\tex/latex/pdfpages\pdfpages.sty
Package: pdfpages 2022/12/19 v0.5x Insert pages of external PDF documents (AM)

(C:\Users\orfuc\AppData\Local\Programs\MiKTeX\tex/latex/base\ifthen.sty
Package: ifthen 2022/04/13 v1.1d Standard LaTeX ifthen package (DPC)
)
(C:\Users\orfuc\AppData\Local\Programs\MiKTeX\tex/latex/tools\calc.sty
Package: calc 2017/05/25 v4.3 Infix arithmetic (KKT,FJ)
\calc@Acount=\count272
\calc@Bcount=\count273
\calc@Adimen=\dimen153
\calc@Bdimen=\dimen154
\calc@Askip=\skip56
\calc@Bskip=\skip57
LaTeX Info: Redefining \setlength on input line 80.
LaTeX Info: Redefining \addtolength on input line 81.
\calc@Ccount=\count274
\calc@Cskip=\skip58
)
(C:\Users\orfuc\AppData\Local\Programs\MiKTeX\tex/latex/eso-pic\eso-pic.sty
Package: eso-pic 2023/05/03 v3.0c eso-pic (RN)
\ESO@tempdima=\dimen155
\ESO@tempdimb=\dimen156

(C:\Users\orfuc\AppData\Local\Programs\MiKTeX\tex/latex/xcolor\xcolor.sty
Package: xcolor 2022/06/12 v2.14 LaTeX color extensions (UK)

(C:\Users\orfuc\AppData\Local\Programs\MiKTeX\tex/latex/graphics-cfg\color.cfg
File: color.cfg 2016/01/02 v1.6 sample color configuration
)
Package xcolor Info: Driver file: pdftex.def on input line 227.
(C:\Users\orfuc\AppData\Local\Programs\MiKTeX\tex/latex/graphics\mathcolor.ltx)
Package xcolor Info: Model `cmy' substituted by `cmy0' on input line 1353.
Package xcolor Info: Model `hsb' substituted by `rgb' on input line 1357.
Package xcolor Info: Model `RGB' extended on input line 1369.
Package xcolor Info: Model `HTML' substituted by `rgb' on input line 1371.
Package xcolor Info: Model `Hsb' substituted by `hsb' on input line 1372.
Package xcolor Info: Model `tHsb' substituted by `hsb' on input line 1373.
Package xcolor Info: Model `HSB' substituted by `hsb' on input line 1374.
Package xcolor Info: Model `Gray' substituted by `gray' on input line 1375.
Package xcolor Info: Model `wave' substituted by `hsb' on input line 1376.
))
\AM@pagewidth=\dimen157
\AM@pageheight=\dimen158
\AM@fboxrule=\dimen159

(C:\Users\orfuc\AppData\Local\Programs\MiKTeX\tex/latex/pdfpages\pppdftex.def
File: pppdftex.def 2022/12/19 v0.5x Pdfpages driver for pdfTeX (AM)
)
\pdfpages@includegraphics@status=\count275
\AM@pagebox=\box53
\AM@global@opts=\toks23
\AM@pagecnt=\count276
\AM@toc@title=\toks24
\AM@lof@heading=\toks25
\c@AM@survey=\count277
\AM@templatesizebox=\box54
) (C:\Users\orfuc\AppData\Local\Programs\MiKTeX\tex/latex/tools\array.sty
Package: array 2022/09/04 v2.5g Tabular extension package (FMi)
\col@sep=\dimen160
\ar@mcellbox=\box55
\extrarowheight=\dimen161
\NC@list=\toks26
\extratabsurround=\skip59
\backup@length=\skip60
\ar@cellbox=\box56
)
LaTeX Font Info:    Trying to load font information for OT1+ptm on input line 3
5.

(C:\Users\orfuc\AppData\Local\Programs\MiKTeX\tex/latex/psnfss\ot1ptm.fd
File: ot1ptm.fd 2001/06/04 font definitions for OT1/ptm.
)
(C:\Users\orfuc\AppData\Local\Programs\MiKTeX\tex/latex/l3backend\l3backend-pdf
tex.def
File: l3backend-pdftex.def 2023-04-19 L3 backend support: PDF output (pdfTeX)
\l__color_backend_stack_int=\count278
\l__pdf_internal_box=\box57
) (AAAI-ZhuL.4180_changed.aux)
\openout1 = `AAAI-ZhuL.4180_changed.aux'.

LaTeX Font Info:    Checking defaults for OML/cmm/m/it on input line 35.
LaTeX Font Info:    ... okay on input line 35.
LaTeX Font Info:    Checking defaults for OMS/cmsy/m/n on input line 35.
LaTeX Font Info:    ... okay on input line 35.
LaTeX Font Info:    Checking defaults for OT1/cmr/m/n on input line 35.
LaTeX Font Info:    ... okay on input line 35.
LaTeX Font Info:    Checking defaults for T1/cmr/m/n on input line 35.
LaTeX Font Info:    ... okay on input line 35.
LaTeX Font Info:    Checking defaults for TS1/cmr/m/n on input line 35.
LaTeX Font Info:    ... okay on input line 35.
LaTeX Font Info:    Checking defaults for OMX/cmex/m/n on input line 35.
LaTeX Font Info:    ... okay on input line 35.
LaTeX Font Info:    Checking defaults for U/cmr/m/n on input line 35.
LaTeX Font Info:    ... okay on input line 35.

(C:\Users\orfuc\AppData\Local\Programs\MiKTeX\tex/context/base/mkii\supp-pdf.mk
ii
[Loading MPS to PDF converter (version 2006.09.02).]
\scratchcounter=\count279
\scratchdimen=\dimen162
\scratchbox=\box58
\nofMPsegments=\count280
\nofMParguments=\count281
\everyMPshowfont=\toks27
\MPscratchCnt=\count282
\MPscratchDim=\dimen163
\MPnumerator=\count283
\makeMPintoPDFobject=\count284
\everyMPtoPDFconversion=\toks28
)
(C:\Users\orfuc\AppData\Local\Programs\MiKTeX\tex/latex/epstopdf-pkg\epstopdf-b
ase.sty
Package: epstopdf-base 2020-01-24 v2.11 Base part for package epstopdf
Package epstopdf-base Info: Redefining graphics rule for `.eps' on input line 4
85.

(C:\Users\orfuc\AppData\Local\Programs\MiKTeX\tex/latex/00miktex\epstopdf-sys.c
fg
File: epstopdf-sys.cfg 2021/03/18 v2.0 Configuration of epstopdf for MiKTeX
))
(C:\Users\orfuc\AppData\Local\Programs\MiKTeX\tex/latex/pdflscape\pdflscape.sty
Package: pdflscape 2022-10-27 v0.13 Display of landscape pages in PDF

(C:\Users\orfuc\AppData\Local\Programs\MiKTeX\tex/latex/pdflscape\pdflscape-nom
etadata.sty
Package: pdflscape-nometadata 2022-10-28 v0.13 Display of landscape pages in PD
F (HO)

(C:\Users\orfuc\AppData\Local\Programs\MiKTeX\tex/generic/iftex\iftex.sty
Package: iftex 2022/02/03 v1.0f TeX engine tests
)
(C:\Users\orfuc\AppData\Local\Programs\MiKTeX\tex/latex/graphics\lscape.sty
Package: lscape 2020/05/28 v3.02 Landscape Pages (DPC)
)
Package pdflscape Info: Auto-detected driver: pdftex on input line 81.
))
LaTeX Font Info:    Trying to load font information for OMS+ptm on input line 3
7.

(C:\Users\orfuc\AppData\Local\Programs\MiKTeX\tex/latex/psnfss\omsptm.fd
File: omsptm.fd 
)
LaTeX Font Info:    Font shape `OMS/ptm/m/n' in size <10> not available
(Font)              Font shape `OMS/cmsy/m/n' tried instead on input line 37.
LaTeX Font Info:    Trying to load font information for TS1+ptm on input line 3
7.

(C:\Users\orfuc\AppData\Local\Programs\MiKTeX\tex/latex/psnfss\ts1ptm.fd
File: ts1ptm.fd 2001/06/04 font definitions for TS1/ptm.
)

LaTeX Warning: Citation `ai2018learning' on page 1 undefined on input line 44.


LaTeX Warning: Citation `YahooL2R' on page 1 undefined on input line 44.


LaTeX Warning: Citation `freno2017practical' on page 1 undefined on input line 
44.


LaTeX Warning: Citation `volkovs2012collaborative' on page 1 undefined on input
 line 44.


LaTeX Warning: Citation `zhuang2018globally' on page 1 undefined on input line 
44.


LaTeX Warning: Citation `karmaker2017application' on page 1 undefined on input 
line 44.


LaTeX Warning: Citation `karmaker2017application' on page 1 undefined on input 
line 46.


LaTeX Warning: Citation `ai2018learning' on page 1 undefined on input line 46.


LaTeX Warning: Citation `geng2008query' on page 1 undefined on input line 46.


LaTeX Warning: Citation `ai2018learning' on page 1 undefined on input line 46.


LaTeX Warning: Citation `karmaker2017application' on page 1 undefined on input 
line 46.


LaTeX Warning: Citation `karmaker2017application' on page 1 undefined on input 
line 46.


LaTeX Warning: Citation `ai2018learning' on page 1 undefined on input line 48.


LaTeX Warning: Citation `geng2008query' on page 1 undefined on input line 48.


LaTeX Warning: Citation `ai2018learning' on page 1 undefined on input line 48.


LaTeX Warning: Citation `DCM' on page 1 undefined on input line 48.


LaTeX Warning: Citation `zhuang2018globally' on page 1 undefined on input line 
48.


LaTeX Warning: Citation `ai2018learning' on page 1 undefined on input line 50.


LaTeX Warning: Citation `geng2008query' on page 1 undefined on input line 50.


LaTeX Warning: Citation `blanchard2011generalizing' on page 1 undefined on inpu
t line 54.


LaTeX Warning: Citation `muandet2013domain' on page 1 undefined on input line 5
4.


LaTeX Warning: Citation `xie2017controllable' on page 1 undefined on input line
 54.

[1{C:/Users/orfuc/AppData/Local/MiKTeX/fonts/map/pdftex/pdftex.map}{C:/Users/or
fuc/AppData/Local/Programs/MiKTeX/fonts/enc/dvips/base/8r.enc}



]
Underfull \hbox (badness 1132) in paragraph at lines 59--60
[]\OT1/ptm/m/n/10 We pro-pose Query-Invariant List-wise Con-text Model
 []


LaTeX Warning: Citation `li2008mcrank' on page 2 undefined on input line 67.


LaTeX Warning: Citation `nallapati2004discriminative' on page 2 undefined on in
put line 67.


LaTeX Warning: Citation `freund2003efficient' on page 2 undefined on input line
 67.


LaTeX Warning: Citation `burges2005learning' on page 2 undefined on input line 
67.


LaTeX Warning: Citation `SoftRank' on page 2 undefined on input line 67.


LaTeX Warning: Citation `000278621400005' on page 2 undefined on input line 67.



LaTeX Warning: Citation `sqlrank' on page 2 undefined on input line 67.


LaTeX Warning: Citation `karmaker2017application' on page 2 undefined on input 
line 67.


LaTeX Warning: Citation `cao2007learning' on page 2 undefined on input line 67.



LaTeX Warning: Citation `YahooL2R' on page 2 undefined on input line 67.


LaTeX Warning: Citation `zhuang2018globally' on page 2 undefined on input line 
67.


LaTeX Warning: Citation `covington2016deep' on page 2 undefined on input line 7
1.


LaTeX Warning: Citation `fan2018modeling' on page 2 undefined on input line 71.



LaTeX Warning: Citation `zamani2018neural' on page 2 undefined on input line 71
.


LaTeX Warning: Citation `zamani2017situational' on page 2 undefined on input li
ne 71.


LaTeX Warning: Citation `cohen2018cross' on page 2 undefined on input line 71.


LaTeX Warning: Citation `xiang2010context' on page 2 undefined on input line 76
.


LaTeX Warning: Citation `chen2018sequential' on page 2 undefined on input line 
76.


LaTeX Warning: Citation `ATRANK' on page 2 undefined on input line 76.


LaTeX Warning: Citation `zamani2017situational' on page 2 undefined on input li
ne 76.


LaTeX Warning: Citation `manotumruksa2018contextual' on page 2 undefined on inp
ut line 76.


LaTeX Warning: Citation `DCM' on page 2 undefined on input line 78.


LaTeX Warning: Citation `ai2018learning' on page 2 undefined on input line 78.


LaTeX Warning: Citation `zhuang2018globally' on page 2 undefined on input line 
78.


LaTeX Warning: Citation `zhuang2018globally' on page 2 undefined on input line 
78.


LaTeX Warning: Citation `DCM' on page 2 undefined on input line 78.


LaTeX Warning: Citation `ai2018learning' on page 2 undefined on input line 78.


LaTeX Warning: Citation `covington2016deep' on page 2 undefined on input line 7
8.


LaTeX Warning: Citation `YahooL2R' on page 2 undefined on input line 78.


LaTeX Warning: Citation `OrderMatters' on page 2 undefined on input line 78.


LaTeX Warning: Citation `vaswani2017attention' on page 2 undefined on input lin
e 78.


LaTeX Warning: Citation `vaswani2017attention' on page 2 undefined on input lin
e 78.


LaTeX Warning: Citation `gehring2017convolutional' on page 2 undefined on input
 line 78.


LaTeX Warning: Citation `ATRANK' on page 2 undefined on input line 78.


LaTeX Warning: Citation `li2018learning' on page 2 undefined on input line 84.


LaTeX Warning: Citation `shankar2018generalizing' on page 2 undefined on input 
line 84.


Underfull \vbox (badness 10000) has occurred while \output is active []

 [2]
<paper-figure-2.pdf, id=12, 741.52031pt x 337.26pt>
File: paper-figure-2.pdf Graphic file (type pdf)
<use paper-figure-2.pdf>
Package pdftex.def Info: paper-figure-2.pdf  used on input line 96.
(pdftex.def)             Requested size: 359.09157pt x 163.32388pt.


LaTeX Warning: Citation `DCM' on page 3 undefined on input line 113.


LaTeX Warning: Citation `ai2018learning' on page 3 undefined on input line 113.



LaTeX Warning: Citation `covington2016deep' on page 3 undefined on input line 1
13.


LaTeX Warning: Citation `lecun2012efficient' on page 3 undefined on input line 
113.


LaTeX Warning: Citation `covington2016deep' on page 3 undefined on input line 1
13.


LaTeX Warning: Citation `ai2018learning' on page 3 undefined on input line 115.



LaTeX Warning: Citation `vaswani2017attention' on page 3 undefined on input lin
e 115.


LaTeX Warning: Citation `ATRANK' on page 3 undefined on input line 115.


LaTeX Warning: Citation `gehring2017convolutional' on page 3 undefined on input
 line 115.


LaTeX Warning: Citation `ai2018learning' on page 3 undefined on input line 117.



LaTeX Warning: Citation `ai2018learning' on page 3 undefined on input line 117.



LaTeX Warning: Citation `elu' on page 3 undefined on input line 117.


LaTeX Warning: Citation `shankar2018generalizing' on page 3 undefined on input 
line 135.


Underfull \hbox (badness 1360) in paragraph at lines 135--136
\OT1/ptm/m/n/10 In this work, dif-fer-ent queries are treated as dif-fer-ent
 []


LaTeX Warning: Citation `ai2018learning' on page 3 undefined on input line 137.



LaTeX Warning: Citation `DCM' on page 3 undefined on input line 137.


LaTeX Warning: Citation `lin2017structured' on page 3 undefined on input line 1
41.


LaTeX Warning: Citation `vaswani2017attention' on page 3 undefined on input lin
e 141.

[3]

LaTeX Warning: Citation `OrderlessAttention' on page 4 undefined on input line 
162.


LaTeX Warning: Citation `lin2017structured' on page 4 undefined on input line 1
62.


LaTeX Warning: Citation `ganin2016domain' on page 4 undefined on input line 168
.


LaTeX Warning: Citation `motiian2017unified' on page 4 undefined on input line 
168.


LaTeX Warning: Citation `muandet2013domain' on page 4 undefined on input line 1
68.


Underfull \hbox (badness 3138) in paragraph at lines 170--171
[]\OT1/ptm/m/n/10 Additionally, com-pared with gen-eral DG prob-lems,
 []


LaTeX Warning: Citation `ioffe2015batch' on page 4 undefined on input line 186.


[4 <./paper-figure-2.pdf>]

LaTeX Warning: Citation `ai2018learning' on page 5 undefined on input line 204.



LaTeX Warning: Citation `ganin2016domain' on page 5 undefined on input line 217
.


LaTeX Warning: Citation `cohen2018cross' on page 5 undefined on input line 217.



LaTeX Warning: Citation `fan2017point' on page 5 undefined on input line 221.


LaTeX Warning: Citation `DCM' on page 5 undefined on input line 236.


Underfull \hbox (badness 10000) in paragraph at lines 236--236
[][]\OT1/ptm/m/n/9 https://github.com/QingyaoAi/Deep-Listwise-Context-
 []


LaTeX Warning: Citation `ai2018learning' on page 5 undefined on input line 236.



LaTeX Warning: Citation `000278621400005' on page 5 undefined on input line 238
.


LaTeX Warning: Citation `capannini2016quality' on page 5 undefined on input lin
e 238.


LaTeX Warning: Citation `ai2018learning' on page 5 undefined on input line 243.



LaTeX Warning: Citation `istella' on page 5 undefined on input line 243.


LaTeX Warning: Citation `qin2013introducing' on page 5 undefined on input line 
243.


LaTeX Warning: Citation `ai2018learning' on page 5 undefined on input line 243.



LaTeX Warning: Citation `DCM' on page 5 undefined on input line 245.


Overfull \hbox (23.79958pt too wide) in paragraph at lines 245--245
[][]\OT1/ptm/m/n/9 https://www.dropbox.com/s/qzyt0xwn4u2a1ed/data[]full[]anonym
.zip| 
 []


LaTeX Warning: Citation `DCM' on page 5 undefined on input line 245.


LaTeX Warning: Citation `ai2018learning' on page 5 undefined on input line 269.



LaTeX Warning: Citation `DCM' on page 5 undefined on input line 269.

[5]

LaTeX Warning: Citation `kingma2014adam' on page 6 undefined on input line 273.



Overfull \hbox (9.42915pt too wide) in paragraph at lines 285--285
 []|\OT1/ptm/m/n/9 LambdaMART| 
 []


LaTeX Warning: Citation `geng2008query' on page 6 undefined on input line 353.


LaTeX Warning: Citation `liu2008isolation' on page 6 undefined on input line 35
3.

<foo_3.pdf, id=88, 420.53731pt x 279.8386pt>
File: foo_3.pdf Graphic file (type pdf)
<use foo_3.pdf>
Package pdftex.def Info: foo_3.pdf  used on input line 357.
(pdftex.def)             Requested size: 167.57533pt x 111.51071pt.
[6 <./foo_3.pdf>]
Underfull \vbox (badness 10000) has occurred while \output is active []


Underfull \vbox (badness 10000) has occurred while \output is active []

 [7]
[8

]
No file AAAI-ZhuL.4180_changed.bbl.
(AAAI-ZhuL.4180_changed.aux)
 ***********
LaTeX2e <2023-06-01> patch level 1
L3 programming layer <2023-08-29>
 ***********
 ) 
Here is how much of TeX's memory you used:
 4047 strings out of 475247
 64024 string characters out of 5757792
 1961801 words of memory out of 5000000
 25487 multiletter control sequences out of 15000+600000
 585292 words of font info for 91 fonts, out of 8000000 for 9000
 1141 hyphenation exceptions out of 8191
 68i,13n,75p,4142b,254s stack positions out of 10000i,1000n,20000p,200000b,200000s
<C:/Users/orfuc/AppData/Local/Programs/MiKTeX/fonts/type1/public/amsfonts/cm/
cmbx10.pfb><C:/Users/orfuc/AppData/Local/Programs/MiKTeX/fonts/type1/public/ams
fonts/cm/cmex10.pfb><C:/Users/orfuc/AppData/Local/Programs/MiKTeX/fonts/type1/p
ublic/amsfonts/cm/cmmi10.pfb><C:/Users/orfuc/AppData/Local/Programs/MiKTeX/font
s/type1/public/amsfonts/cm/cmmi5.pfb><C:/Users/orfuc/AppData/Local/Programs/MiK
TeX/fonts/type1/public/amsfonts/cm/cmmi7.pfb><C:/Users/orfuc/AppData/Local/Prog
rams/MiKTeX/fonts/type1/public/amsfonts/cm/cmmi9.pfb><C:/Users/orfuc/AppData/Lo
cal/Programs/MiKTeX/fonts/type1/public/amsfonts/cm/cmr10.pfb><C:/Users/orfuc/Ap
pData/Local/Programs/MiKTeX/fonts/type1/public/amsfonts/cm/cmr5.pfb><C:/Users/o
rfuc/AppData/Local/Programs/MiKTeX/fonts/type1/public/amsfonts/cm/cmr6.pfb><C:/
Users/orfuc/AppData/Local/Programs/MiKTeX/fonts/type1/public/amsfonts/cm/cmr7.p
fb><C:/Users/orfuc/AppData/Local/Programs/MiKTeX/fonts/type1/public/amsfonts/cm
/cmr9.pfb><C:/Users/orfuc/AppData/Local/Programs/MiKTeX/fonts/type1/public/amsf
onts/cm/cmsy10.pfb><C:/Users/orfuc/AppData/Local/Programs/MiKTeX/fonts/type1/pu
blic/amsfonts/cm/cmsy6.pfb><C:/Users/orfuc/AppData/Local/Programs/MiKTeX/fonts/
type1/public/amsfonts/cm/cmsy7.pfb><C:/Users/orfuc/AppData/Local/Programs/MiKTe
X/fonts/type1/public/amsfonts/cm/cmsy9.pfb><C:/Users/orfuc/AppData/Local/Progra
ms/MiKTeX/fonts/type1/public/amsfonts/euler/eurb10.pfb><C:/Users/orfuc/AppData/
Local/Programs/MiKTeX/fonts/type1/urw/times/utmb8a.pfb><C:/Users/orfuc/AppData/
Local/Programs/MiKTeX/fonts/type1/urw/times/utmr8a.pfb><C:/Users/orfuc/AppData/
Local/Programs/MiKTeX/fonts/type1/urw/times/utmri8a.pfb>
Output written on AAAI-ZhuL.4180_changed.pdf (8 pages, 445027 bytes).
PDF statistics:
 229 PDF objects out of 1000 (max. 8388607)
 0 named destinations out of 1000 (max. 500000)
 11 words of extra memory for PDF output out of 10000 (max. 10000000)

