This is pdfTeX, Version 3.141592653-2.6-1.40.25 (MiKTeX 23.5) (preloaded format=pdflatex 2024.1.12)  30 MAR 2024 16:24
entering extended mode
 restricted \write18 enabled.
 %&-line parsing enabled.
**./aaai23_changed.tex
(aaai23_changed.tex
LaTeX2e <2023-06-01> patch level 1
L3 programming layer <2023-08-29>
(C:\Users\orfuc\AppData\Local\Programs\MiKTeX\tex/latex/base\article.cls
Document Class: article 2023/05/17 v1.4n Standard LaTeX document class
(C:\Users\orfuc\AppData\Local\Programs\MiKTeX\tex/latex/base\size10.clo
File: size10.clo 2023/05/17 v1.4n Standard LaTeX file (size option)
)
\c@part=\count185
\c@section=\count186
\c@subsection=\count187
\c@subsubsection=\count188
\c@paragraph=\count189
\c@subparagraph=\count190
\c@figure=\count191
\c@table=\count192
\abovecaptionskip=\skip48
\belowcaptionskip=\skip49
\bibindent=\dimen140
)
(aaai23.sty
Package: aaai23 2023/06/27 AAAI 2023 Submission format

Conference Style for AAAI for LaTeX 2e -- version for submission
\titlebox=\skip50
) (C:\Users\orfuc\AppData\Local\Programs\MiKTeX\tex/latex/psnfss\times.sty
Package: times 2020/03/25 PSNFSS-v9.3 (SPQR) 
)
(C:\Users\orfuc\AppData\Local\Programs\MiKTeX\tex/latex/psnfss\helvet.sty
Package: helvet 2020/03/25 PSNFSS-v9.3 (WaS) 

(C:\Users\orfuc\AppData\Local\Programs\MiKTeX\tex/latex/graphics\keyval.sty
Package: keyval 2022/05/29 v1.15 key=value parser (DPC)
\KV@toks@=\toks17
))
(C:\Users\orfuc\AppData\Local\Programs\MiKTeX\tex/latex/psnfss\courier.sty
Package: courier 2020/03/25 PSNFSS-v9.3 (WaS) 
)
(C:\Users\orfuc\AppData\Local\Programs\MiKTeX\tex/latex/url\url.sty
\Urlmuskip=\muskip16
Package: url 2013/09/16  ver 3.4  Verb mode for urls, etc.
)
(C:\Users\orfuc\AppData\Local\Programs\MiKTeX\tex/latex/graphics\graphicx.sty
Package: graphicx 2021/09/16 v1.2d Enhanced LaTeX Graphics (DPC,SPQR)

(C:\Users\orfuc\AppData\Local\Programs\MiKTeX\tex/latex/graphics\graphics.sty
Package: graphics 2022/03/10 v1.4e Standard LaTeX Graphics (DPC,SPQR)

(C:\Users\orfuc\AppData\Local\Programs\MiKTeX\tex/latex/graphics\trig.sty
Package: trig 2021/08/11 v1.11 sin cos tan (DPC)
)
(C:\Users\orfuc\AppData\Local\Programs\MiKTeX\tex/latex/graphics-cfg\graphics.c
fg
File: graphics.cfg 2016/06/04 v1.11 sample graphics configuration
)
Package graphics Info: Driver file: pdftex.def on input line 107.

(C:\Users\orfuc\AppData\Local\Programs\MiKTeX\tex/latex/graphics-def\pdftex.def
File: pdftex.def 2022/09/22 v1.2b Graphics/color driver for pdftex
))
\Gin@req@height=\dimen141
\Gin@req@width=\dimen142
) (C:\Users\orfuc\AppData\Local\Programs\MiKTeX\tex/latex/natbib\natbib.sty
Package: natbib 2010/09/13 8.31b (PWD, AO)
\bibhang=\skip51
\bibsep=\skip52
LaTeX Info: Redefining \cite on input line 694.
\c@NAT@ctr=\count193
)
(C:\Users\orfuc\AppData\Local\Programs\MiKTeX\tex/latex/caption\caption.sty
Package: caption 2023/07/31 v3.6n Customizing captions (AR)

(C:\Users\orfuc\AppData\Local\Programs\MiKTeX\tex/latex/caption\caption3.sty
Package: caption3 2023/07/31 v2.4d caption3 kernel (AR)
\caption@tempdima=\dimen143
\captionmargin=\dimen144
\caption@leftmargin=\dimen145
\caption@rightmargin=\dimen146
\caption@width=\dimen147
\caption@indent=\dimen148
\caption@parindent=\dimen149
\caption@hangindent=\dimen150
Package caption Info: Standard document class detected.
)
\c@caption@flags=\count194
\c@continuedfloat=\count195
)
(C:\Users\orfuc\AppData\Local\Programs\MiKTeX\tex/latex/algorithms\algorithm.st
y
Package: algorithm 2009/08/24 v0.1 Document Style `algorithm' - floating enviro
nment
 (C:\Users\orfuc\AppData\Local\Programs\MiKTeX\tex/latex/float\float.sty
Package: float 2001/11/08 v1.3d Float enhancements (AL)
\c@float@type=\count196
\float@exts=\toks18
\float@box=\box51
\@float@everytoks=\toks19
\@floatcapt=\box52
)
(C:\Users\orfuc\AppData\Local\Programs\MiKTeX\tex/latex/base\ifthen.sty
Package: ifthen 2022/04/13 v1.1d Standard LaTeX ifthen package (DPC)
)
\@float@every@algorithm=\toks20
\c@algorithm=\count197
)
(C:\Users\orfuc\AppData\Local\Programs\MiKTeX\tex/latex/algorithms\algorithmic.
sty
Package: algorithmic 2009/08/24 v0.1 Document Style `algorithmic'
\c@ALC@unique=\count198
\c@ALC@line=\count199
\c@ALC@rem=\count266
\c@ALC@depth=\count267
\ALC@tlm=\skip53
\algorithmicindent=\skip54
)
(C:\Users\orfuc\AppData\Local\Programs\MiKTeX\tex/latex/amsfonts\amssymb.sty
Package: amssymb 2013/01/14 v3.01 AMS font symbols

(C:\Users\orfuc\AppData\Local\Programs\MiKTeX\tex/latex/amsfonts\amsfonts.sty
Package: amsfonts 2013/01/14 v3.01 Basic AMSFonts support
\@emptytoks=\toks21
\symAMSa=\mathgroup4
\symAMSb=\mathgroup5
LaTeX Font Info:    Redeclaring math symbol \hbar on input line 98.
LaTeX Font Info:    Overwriting math alphabet `\mathfrak' in version `bold'
(Font)                  U/euf/m/n --> U/euf/b/n on input line 106.
)) (C:\Users\orfuc\AppData\Local\Programs\MiKTeX\tex/latex/newfloat\newfloat.st
y
Package: newfloat 2019/09/02 v1.1l Defining new floating environments (AR)
) (C:\Users\orfuc\AppData\Local\Programs\MiKTeX\tex/latex/listings\listings.sty
\lst@mode=\count268
\lst@gtempboxa=\box53
\lst@token=\toks22
\lst@length=\count269
\lst@currlwidth=\dimen151
\lst@column=\count270
\lst@pos=\count271
\lst@lostspace=\dimen152
\lst@width=\dimen153
\lst@newlines=\count272
\lst@lineno=\count273
\lst@maxwidth=\dimen154

(C:\Users\orfuc\AppData\Local\Programs\MiKTeX\tex/latex/listings\lstmisc.sty
File: lstmisc.sty 2023/02/27 1.9 (Carsten Heinz)
\c@lstnumber=\count274
\lst@skipnumbers=\count275
\lst@framebox=\box54
)
(C:\Users\orfuc\AppData\Local\Programs\MiKTeX\tex/latex/listings\listings.cfg
File: listings.cfg 2023/02/27 1.9 listings configuration
))
Package: listings 2023/02/27 1.9 (Carsten Heinz)
\@float@every@listing=\toks23
\c@listing=\count276
(C:\Users\orfuc\AppData\Local\Programs\MiKTeX\tex/latex/natbib\bibentry.sty
Package: bibentry 2007/10/30 1.5 (PWD)
)
LaTeX Font Info:    Trying to load font information for OT1+ptm on input line 8
1.

(C:\Users\orfuc\AppData\Local\Programs\MiKTeX\tex/latex/psnfss\ot1ptm.fd
File: ot1ptm.fd 2001/06/04 font definitions for OT1/ptm.
)
(C:\Users\orfuc\AppData\Local\Programs\MiKTeX\tex/latex/l3backend\l3backend-pdf
tex.def
File: l3backend-pdftex.def 2023-04-19 L3 backend support: PDF output (pdfTeX)
\l__color_backend_stack_int=\count277
\l__pdf_internal_box=\box55
) (aaai23_changed.aux)
\openout1 = `aaai23_changed.aux'.

LaTeX Font Info:    Checking defaults for OML/cmm/m/it on input line 81.
LaTeX Font Info:    ... okay on input line 81.
LaTeX Font Info:    Checking defaults for OMS/cmsy/m/n on input line 81.
LaTeX Font Info:    ... okay on input line 81.
LaTeX Font Info:    Checking defaults for OT1/cmr/m/n on input line 81.
LaTeX Font Info:    ... okay on input line 81.
LaTeX Font Info:    Checking defaults for T1/cmr/m/n on input line 81.
LaTeX Font Info:    ... okay on input line 81.
LaTeX Font Info:    Checking defaults for TS1/cmr/m/n on input line 81.
LaTeX Font Info:    ... okay on input line 81.
LaTeX Font Info:    Checking defaults for OMX/cmex/m/n on input line 81.
LaTeX Font Info:    ... okay on input line 81.
LaTeX Font Info:    Checking defaults for U/cmr/m/n on input line 81.
LaTeX Font Info:    ... okay on input line 81.

(C:\Users\orfuc\AppData\Local\Programs\MiKTeX\tex/context/base/mkii\supp-pdf.mk
ii
[Loading MPS to PDF converter (version 2006.09.02).]
\scratchcounter=\count278
\scratchdimen=\dimen155
\scratchbox=\box56
\nofMPsegments=\count279
\nofMParguments=\count280
\everyMPshowfont=\toks24
\MPscratchCnt=\count281
\MPscratchDim=\dimen156
\MPnumerator=\count282
\makeMPintoPDFobject=\count283
\everyMPtoPDFconversion=\toks25
)
(C:\Users\orfuc\AppData\Local\Programs\MiKTeX\tex/latex/epstopdf-pkg\epstopdf-b
ase.sty
Package: epstopdf-base 2020-01-24 v2.11 Base part for package epstopdf
Package epstopdf-base Info: Redefining graphics rule for `.eps' on input line 4
85.

(C:\Users\orfuc\AppData\Local\Programs\MiKTeX\tex/latex/00miktex\epstopdf-sys.c
fg
File: epstopdf-sys.cfg 2021/03/18 v2.0 Configuration of epstopdf for MiKTeX
))
Package caption Info: Begin \AtBeginDocument code.
Package caption Info: float package is loaded.
Package caption Info: listings package is loaded.
Package caption Info: End \AtBeginDocument code.
Package newfloat Info: `float' package detected.
\c@lstlisting=\count284
\c@eqfn=\count285
\titlearea=\box57
LaTeX Font Info:    Trying to load font information for U+msa on input line 83.

 (C:\Users\orfuc\AppData\Local\Programs\MiKTeX\tex/latex/amsfonts\umsa.fd
File: umsa.fd 2013/01/14 v3.01 AMS symbols A
)
LaTeX Font Info:    Trying to load font information for U+msb on input line 83.


(C:\Users\orfuc\AppData\Local\Programs\MiKTeX\tex/latex/amsfonts\umsb.fd
File: umsb.fd 2013/01/14 v3.01 AMS symbols B
)
\actualheight=\skip55
LaTeX Font Info:    Trying to load font information for TS1+ptm on input line 8
3.

(C:\Users\orfuc\AppData\Local\Programs\MiKTeX\tex/latex/psnfss\ts1ptm.fd
File: ts1ptm.fd 2001/06/04 font definitions for TS1/ptm.
)

Package natbib Warning: Citation `multiv1' on page 1 undefined on input line 91
.


Package natbib Warning: Citation `book' on page 1 undefined on input line 91.


Package natbib Warning: Citation `drf' on page 1 undefined on input line 91.


Package natbib Warning: Citation `klein' on page 1 undefined on input line 91.


Package natbib Warning: Citation `marshall' on page 1 undefined on input line 9
1.

<overview.png, id=1, 1244.65pt x 658.46pt>
File: overview.png Graphic file (type png)
<use overview.png>
Package pdftex.def Info: overview.png  used on input line 96.
(pdftex.def)             Requested size: 191.24747pt x 101.17755pt.

Package natbib Warning: Citation `missing' on page 1 undefined on input line 10
0.

[1{C:/Users/orfuc/AppData/Local/MiKTeX/fonts/map/pdftex/pdftex.map}{C:/Users/or
fuc/AppData/Local/Programs/MiKTeX/fonts/enc/dvips/base/8r.enc}



 <./overview.png>]

Package natbib Warning: Citation `attention1' on page 2 undefined on input line
 103.


Package natbib Warning: Citation `cnn2' on page 2 undefined on input line 103.


Package natbib Warning: Citation `sharedmulti' on page 2 undefined on input lin
e 103.


Package natbib Warning: Citation `bbook' on page 2 undefined on input line 127.



Package natbib Warning: Citation `glureview' on page 2 undefined on input line 
129.


Package natbib Warning: Citation `drf' on page 2 undefined on input line 129.


Package natbib Warning: Citation `iankdd' on page 2 undefined on input line 129
.


Package natbib Warning: Citation `gluexps' on page 2 undefined on input line 12
9.


Package natbib Warning: Citation `drf' on page 2 undefined on input line 131.


Package natbib Warning: Citation `klein' on page 2 undefined on input line 131.



Package natbib Warning: Citation `marshall' on page 2 undefined on input line 1
31.

<final_model.png, id=11, 2814.515pt x 812.03375pt>
File: final_model.png Graphic file (type png)
<use final_model.png>
Package pdftex.def Info: final_model.png  used on input line 141.
(pdftex.def)             Requested size: 500.96492pt x 144.54pt.
[2]
Underfull \hbox (badness 2253) in paragraph at lines 165--166
[]\OT1/ptm/b/n/10 Additional Vari-ables. \OT1/ptm/m/n/10 In \OT1/ptm/b/n/10 Fig
-ure 2[]\OT1/ptm/m/n/10 , we present an
 []

<f_cfplot.png, id=23, 1014.79124pt x 544.0325pt>
File: f_cfplot.png Graphic file (type png)
<use f_cfplot.png>
Package pdftex.def Info: f_cfplot.png  used on input line 171.
(pdftex.def)             Requested size: 242.65677pt x 130.08621pt.

Underfull \vbox (badness 10000) has occurred while \output is active []

 [3 <./final_model.png>]

Package natbib Warning: Citation `kn:oc' on page 4 undefined on input line 184.



Package natbib Warning: Citation `glureview' on page 4 undefined on input line 
184.


Package natbib Warning: Citation `uva' on page 4 undefined on input line 189.


Package natbib Warning: Citation `simgit' on page 4 undefined on input line 189
.


Package natbib Warning: Citation `kn:oc' on page 4 undefined on input line 189.



Package natbib Warning: Citation `uva' on page 4 undefined on input line 192.


Package natbib Warning: Citation `simgit' on page 4 undefined on input line 192
.


Package natbib Warning: Citation `meal' on page 4 undefined on input line 192.


Package natbib Warning: Citation `deepblood' on page 4 undefined on input line 
192.


Package natbib Warning: Citation `kn:oc' on page 4 undefined on input line 196.



Package natbib Warning: Citation `iankdd' on page 4 undefined on input line 207
.

[4 <./f_cfplot.png>]

Package natbib Warning: Citation `kn:adam' on page 5 undefined on input line 21
9.


Underfull \hbox (badness 2096) in paragraph at lines 221--222
\OT1/ptm/m/n/10 are here: github.com/MLD3/sparse-informative-variables.
 []


Package natbib Warning: Citation `kn:oc' on page 5 undefined on input line 226.



Package natbib Warning: Citation `shap' on page 5 undefined on input line 228.

[5]
<91.png, id=35, 584.1825pt x 435.6275pt>
File: 91.png Graphic file (type png)
<use 91.png>
Package pdftex.def Info: 91.png  used on input line 269.
(pdftex.def)             Requested size: 164.75552pt x 122.85876pt.
<plots.png, id=36, 1032.85875pt x 565.11125pt>
File: plots.png Graphic file (type png)
<use plots.png>
Package pdftex.def Info: plots.png  used on input line 337.
(pdftex.def)             Requested size: 224.53464pt x 122.85876pt.
 [6 <./91.png> <./plots.png>]
<carbmissplot.png, id=42, 867.24pt x 433.62pt>
File: carbmissplot.png Graphic file (type png)
<use carbmissplot.png>
Package pdftex.def Info: carbmissplot.png  used on input line 368.
(pdftex.def)             Requested size: 260.17401pt x 130.08621pt.

Overfull \hbox (20.77963pt too wide) in paragraph at lines 368--369
 [][] 
 []


Package natbib Warning: Citation `missing' on page 7 undefined on input line 38
6.


Package natbib Warning: Citation `attention1' on page 7 undefined on input line
 386.


Package natbib Warning: Citation `cnnandatten' on page 7 undefined on input lin
e 386.


Package natbib Warning: Citation `prob1' on page 7 undefined on input line 386.



Package natbib Warning: Citation `prob2' on page 7 undefined on input line 386.



Package natbib Warning: Citation `cnn1' on page 7 undefined on input line 386.


Package natbib Warning: Citation `cnn2' on page 7 undefined on input line 386.


Package natbib Warning: Citation `cnnandatten' on page 7 undefined on input lin
e 386.


Package natbib Warning: Citation `graphresid' on page 7 undefined on input line
 386.


Package natbib Warning: Citation `sharedmulti' on page 7 undefined on input lin
e 386.


Package natbib Warning: Citation `gluexps' on page 7 undefined on input line 38
6.


Package natbib Warning: Citation `wild' on page 7 undefined on input line 386.


Package natbib Warning: Citation `domain' on page 7 undefined on input line 386
.

No file aaai23_changed.bbl.
[7 <./carbmissplot.png>]

Package natbib Warning: There were undefined citations.

[8

] (aaai23_changed.aux)
 ***********
LaTeX2e <2023-06-01> patch level 1
L3 programming layer <2023-08-29>
 ***********
 ) 
Here is how much of TeX's memory you used:
 5714 strings out of 475247
 92974 string characters out of 5757792
 1938801 words of memory out of 5000000
 27179 multiletter control sequences out of 15000+600000
 583906 words of font info for 90 fonts, out of 8000000 for 9000
 1141 hyphenation exceptions out of 8191
 57i,9n,65p,2085b,305s stack positions out of 10000i,1000n,20000p,200000b,200000s
<C:/Users/orfuc/AppData/Local/Programs/MiKTeX/fonts/type1/public/amsfonts/cm/
cmbx10.pfb><C:/Users/orfuc/AppData/Local/Programs/MiKTeX/fonts/type1/public/ams
fonts/cm/cmmi10.pfb><C:/Users/orfuc/AppData/Local/Programs/MiKTeX/fonts/type1/p
ublic/amsfonts/cm/cmmi7.pfb><C:/Users/orfuc/AppData/Local/Programs/MiKTeX/fonts
/type1/public/amsfonts/cm/cmr10.pfb><C:/Users/orfuc/AppData/Local/Programs/MiKT
eX/fonts/type1/public/amsfonts/cm/cmr7.pfb><C:/Users/orfuc/AppData/Local/Progra
ms/MiKTeX/fonts/type1/public/amsfonts/cm/cmsy10.pfb><C:/Users/orfuc/AppData/Loc
al/Programs/MiKTeX/fonts/type1/public/amsfonts/cm/cmsy7.pfb><C:/Users/orfuc/App
Data/Local/Programs/MiKTeX/fonts/type1/public/amsfonts/symbols/msbm10.pfb><C:/U
sers/orfuc/AppData/Local/Programs/MiKTeX/fonts/type1/urw/times/utmb8a.pfb><C:/U
sers/orfuc/AppData/Local/Programs/MiKTeX/fonts/type1/urw/times/utmr8a.pfb><C:/U
sers/orfuc/AppData/Local/Programs/MiKTeX/fonts/type1/urw/times/utmri8a.pfb>
Output written on aaai23_changed.pdf (8 pages, 1601239 bytes).
PDF statistics:
 98 PDF objects out of 1000 (max. 8388607)
 0 named destinations out of 1000 (max. 500000)
 31 words of extra memory for PDF output out of 10000 (max. 10000000)

