This is pdfTeX, Version 3.141592653-2.6-1.40.25 (MiKTeX 23.5) (preloaded format=pdflatex 2024.1.12)  30 MAR 2024 19:29
entering extended mode
 restricted \write18 enabled.
 %&-line parsing enabled.
**./main_changed.tex
(main_changed.tex
LaTeX2e <2023-06-01> patch level 1
L3 programming layer <2023-08-29>
(C:\Users\orfuc\AppData\Local\Programs\MiKTeX\tex/latex/base\article.cls
Document Class: article 2023/05/17 v1.4n Standard LaTeX document class
(C:\Users\orfuc\AppData\Local\Programs\MiKTeX\tex/latex/base\size10.clo
File: size10.clo 2023/05/17 v1.4n Standard LaTeX file (size option)
)
\c@part=\count185
\c@section=\count186
\c@subsection=\count187
\c@subsubsection=\count188
\c@paragraph=\count189
\c@subparagraph=\count190
\c@figure=\count191
\c@table=\count192
\abovecaptionskip=\skip48
\belowcaptionskip=\skip49
\bibindent=\dimen140
)
(aaai22.sty
Conference Style for AAAI for LaTeX 2e -- version for the AAAI-22 conference
\titlebox=\skip50
) (C:\Users\orfuc\AppData\Local\Programs\MiKTeX\tex/latex/psnfss\times.sty
Package: times 2020/03/25 PSNFSS-v9.3 (SPQR) 
)
(C:\Users\orfuc\AppData\Local\Programs\MiKTeX\tex/latex/psnfss\helvet.sty
Package: helvet 2020/03/25 PSNFSS-v9.3 (WaS) 

(C:\Users\orfuc\AppData\Local\Programs\MiKTeX\tex/latex/graphics\keyval.sty
Package: keyval 2022/05/29 v1.15 key=value parser (DPC)
\KV@toks@=\toks17
))
(C:\Users\orfuc\AppData\Local\Programs\MiKTeX\tex/latex/psnfss\courier.sty
Package: courier 2020/03/25 PSNFSS-v9.3 (WaS) 
)
(C:\Users\orfuc\AppData\Local\Programs\MiKTeX\tex/latex/url\url.sty
\Urlmuskip=\muskip16
Package: url 2013/09/16  ver 3.4  Verb mode for urls, etc.
)
(C:\Users\orfuc\AppData\Local\Programs\MiKTeX\tex/latex/graphics\graphicx.sty
Package: graphicx 2021/09/16 v1.2d Enhanced LaTeX Graphics (DPC,SPQR)

(C:\Users\orfuc\AppData\Local\Programs\MiKTeX\tex/latex/graphics\graphics.sty
Package: graphics 2022/03/10 v1.4e Standard LaTeX Graphics (DPC,SPQR)

(C:\Users\orfuc\AppData\Local\Programs\MiKTeX\tex/latex/graphics\trig.sty
Package: trig 2021/08/11 v1.11 sin cos tan (DPC)
)
(C:\Users\orfuc\AppData\Local\Programs\MiKTeX\tex/latex/graphics-cfg\graphics.c
fg
File: graphics.cfg 2016/06/04 v1.11 sample graphics configuration
)
Package graphics Info: Driver file: pdftex.def on input line 107.

(C:\Users\orfuc\AppData\Local\Programs\MiKTeX\tex/latex/graphics-def\pdftex.def
File: pdftex.def 2022/09/22 v1.2b Graphics/color driver for pdftex
))
\Gin@req@height=\dimen141
\Gin@req@width=\dimen142
)
(C:\Users\orfuc\AppData\Local\Programs\MiKTeX\tex/latex/amsfonts\amsfonts.sty
Package: amsfonts 2013/01/14 v3.01 Basic AMSFonts support
\@emptytoks=\toks18
\symAMSa=\mathgroup4
\symAMSb=\mathgroup5
LaTeX Font Info:    Redeclaring math symbol \hbar on input line 98.
LaTeX Font Info:    Overwriting math alphabet `\mathfrak' in version `bold'
(Font)                  U/euf/m/n --> U/euf/b/n on input line 106.
)
(C:\Users\orfuc\AppData\Local\Programs\MiKTeX\tex/latex/amsmath\amsmath.sty
Package: amsmath 2023/05/13 v2.17o AMS math features
\@mathmargin=\skip51

For additional information on amsmath, use the `?' option.
(C:\Users\orfuc\AppData\Local\Programs\MiKTeX\tex/latex/amsmath\amstext.sty
Package: amstext 2021/08/26 v2.01 AMS text

(C:\Users\orfuc\AppData\Local\Programs\MiKTeX\tex/latex/amsmath\amsgen.sty
File: amsgen.sty 1999/11/30 v2.0 generic functions
\@emptytoks=\toks19
\ex@=\dimen143
))
(C:\Users\orfuc\AppData\Local\Programs\MiKTeX\tex/latex/amsmath\amsbsy.sty
Package: amsbsy 1999/11/29 v1.2d Bold Symbols
\pmbraise@=\dimen144
)
(C:\Users\orfuc\AppData\Local\Programs\MiKTeX\tex/latex/amsmath\amsopn.sty
Package: amsopn 2022/04/08 v2.04 operator names
)
\inf@bad=\count193
LaTeX Info: Redefining \frac on input line 234.
\uproot@=\count194
\leftroot@=\count195
LaTeX Info: Redefining \overline on input line 399.
LaTeX Info: Redefining \colon on input line 410.
\classnum@=\count196
\DOTSCASE@=\count197
LaTeX Info: Redefining \ldots on input line 496.
LaTeX Info: Redefining \dots on input line 499.
LaTeX Info: Redefining \cdots on input line 620.
\Mathstrutbox@=\box51
\strutbox@=\box52
LaTeX Info: Redefining \big on input line 722.
LaTeX Info: Redefining \Big on input line 723.
LaTeX Info: Redefining \bigg on input line 724.
LaTeX Info: Redefining \Bigg on input line 725.
\big@size=\dimen145
LaTeX Font Info:    Redeclaring font encoding OML on input line 743.
LaTeX Font Info:    Redeclaring font encoding OMS on input line 744.
\macc@depth=\count198
LaTeX Info: Redefining \bmod on input line 905.
LaTeX Info: Redefining \pmod on input line 910.
LaTeX Info: Redefining \smash on input line 940.
LaTeX Info: Redefining \relbar on input line 970.
LaTeX Info: Redefining \Relbar on input line 971.
\c@MaxMatrixCols=\count199
\dotsspace@=\muskip17
\c@parentequation=\count266
\dspbrk@lvl=\count267
\tag@help=\toks20
\row@=\count268
\column@=\count269
\maxfields@=\count270
\andhelp@=\toks21
\eqnshift@=\dimen146
\alignsep@=\dimen147
\tagshift@=\dimen148
\tagwidth@=\dimen149
\totwidth@=\dimen150
\lineht@=\dimen151
\@envbody=\toks22
\multlinegap=\skip52
\multlinetaggap=\skip53
\mathdisplay@stack=\toks23
LaTeX Info: Redefining \[ on input line 2953.
LaTeX Info: Redefining \] on input line 2954.
)
(C:\Users\orfuc\AppData\Local\Programs\MiKTeX\tex/latex/amsfonts\amssymb.sty
Package: amssymb 2013/01/14 v3.01 AMS font symbols
)
(C:\Users\orfuc\AppData\Local\Programs\MiKTeX\tex/latex/natbib\natbib.sty
Package: natbib 2010/09/13 8.31b (PWD, AO)
\bibhang=\skip54
\bibsep=\skip55
LaTeX Info: Redefining \cite on input line 694.
\c@NAT@ctr=\count271
)
(C:\Users\orfuc\AppData\Local\Programs\MiKTeX\tex/latex/caption\caption.sty
Package: caption 2023/07/31 v3.6n Customizing captions (AR)

(C:\Users\orfuc\AppData\Local\Programs\MiKTeX\tex/latex/caption\caption3.sty
Package: caption3 2023/07/31 v2.4d caption3 kernel (AR)
\caption@tempdima=\dimen152
\captionmargin=\dimen153
\caption@leftmargin=\dimen154
\caption@rightmargin=\dimen155
\caption@width=\dimen156
\caption@indent=\dimen157
\caption@parindent=\dimen158
\caption@hangindent=\dimen159
Package caption Info: Standard document class detected.
)
\c@caption@flags=\count272
\c@continuedfloat=\count273
)
(C:\Users\orfuc\AppData\Local\Programs\MiKTeX\tex/latex/algorithms\algorithm.st
y
Package: algorithm 2009/08/24 v0.1 Document Style `algorithm' - floating enviro
nment
 (C:\Users\orfuc\AppData\Local\Programs\MiKTeX\tex/latex/float\float.sty
Package: float 2001/11/08 v1.3d Float enhancements (AL)
\c@float@type=\count274
\float@exts=\toks24
\float@box=\box53
\@float@everytoks=\toks25
\@floatcapt=\box54
)
(C:\Users\orfuc\AppData\Local\Programs\MiKTeX\tex/latex/base\ifthen.sty
Package: ifthen 2022/04/13 v1.1d Standard LaTeX ifthen package (DPC)
)
\@float@every@algorithm=\toks26
\c@algorithm=\count275
)
(C:\Users\orfuc\AppData\Local\Programs\MiKTeX\tex/latex/algorithms\algorithmic.
sty
Package: algorithmic 2009/08/24 v0.1 Document Style `algorithmic'
\c@ALC@unique=\count276
\c@ALC@line=\count277
\c@ALC@rem=\count278
\c@ALC@depth=\count279
\ALC@tlm=\skip56
\algorithmicindent=\skip57
) (C:\Users\orfuc\AppData\Local\Programs\MiKTeX\tex/latex/lineno\lineno.sty
Package: lineno 2023/05/20 line numbers on paragraphs v5.3

(C:\Users\orfuc\AppData\Local\Programs\MiKTeX\tex/latex/etoolbox\etoolbox.sty
Package: etoolbox 2020/10/05 v2.5k e-TeX tools for LaTeX (JAW)
\etb@tempcnta=\count280
)
(C:\Users\orfuc\AppData\Local\Programs\MiKTeX\tex/latex/kvoptions\kvoptions.sty
Package: kvoptions 2022-06-15 v3.15 Key value format for package options (HO)
(C:\Users\orfuc\AppData\Local\Programs\MiKTeX\tex/generic/ltxcmds\ltxcmds.sty
Package: ltxcmds 2020-05-10 v1.25 LaTeX kernel commands for general use (HO)
)
(C:\Users\orfuc\AppData\Local\Programs\MiKTeX\tex/latex/kvsetkeys\kvsetkeys.sty
Package: kvsetkeys 2022-10-05 v1.19 Key value parser (HO)
))
\linenopenalty=\count281
\output=\toks27
\linenoprevgraf=\count282
\linenumbersep=\dimen160
\linenumberwidth=\dimen161
\c@linenumber=\count283
\c@pagewiselinenumber=\count284
\c@LN@truepage=\count285
\c@internallinenumber=\count286
\c@internallinenumbers=\count287
\quotelinenumbersep=\dimen162
\bframerule=\dimen163
\bframesep=\dimen164
\bframebox=\box55
\linenoamsmath@ams@eqpen=\count288
LaTeX Info: Redefining \\ on input line 3180.
)
(C:\Users\orfuc\AppData\Local\Programs\MiKTeX\tex/latex/hyperref\hyperref.sty
Package: hyperref 2023-07-08 v7.01b Hypertext links for LaTeX

(C:\Users\orfuc\AppData\Local\Programs\MiKTeX\tex/generic/iftex\iftex.sty
Package: iftex 2022/02/03 v1.0f TeX engine tests
)
(C:\Users\orfuc\AppData\Local\Programs\MiKTeX\tex/generic/pdftexcmds\pdftexcmds
.sty
Package: pdftexcmds 2020-06-27 v0.33 Utility functions of pdfTeX for LuaTeX (HO
)

(C:\Users\orfuc\AppData\Local\Programs\MiKTeX\tex/generic/infwarerr\infwarerr.s
ty
Package: infwarerr 2019/12/03 v1.5 Providing info/warning/error messages (HO)
)
Package pdftexcmds Info: \pdf@primitive is available.
Package pdftexcmds Info: \pdf@ifprimitive is available.
Package pdftexcmds Info: \pdfdraftmode found.
)
(C:\Users\orfuc\AppData\Local\Programs\MiKTeX\tex/generic/kvdefinekeys\kvdefine
keys.sty
Package: kvdefinekeys 2019-12-19 v1.6 Define keys (HO)
)
(C:\Users\orfuc\AppData\Local\Programs\MiKTeX\tex/generic/pdfescape\pdfescape.s
ty
Package: pdfescape 2019/12/09 v1.15 Implements pdfTeX's escape features (HO)
) (C:\Users\orfuc\AppData\Local\Programs\MiKTeX\tex/latex/hycolor\hycolor.sty
Package: hycolor 2020-01-27 v1.10 Color options for hyperref/bookmark (HO)
)
(C:\Users\orfuc\AppData\Local\Programs\MiKTeX\tex/latex/letltxmacro\letltxmacro
.sty
Package: letltxmacro 2019/12/03 v1.6 Let assignment for LaTeX macros (HO)
)
(C:\Users\orfuc\AppData\Local\Programs\MiKTeX\tex/latex/auxhook\auxhook.sty
Package: auxhook 2019-12-17 v1.6 Hooks for auxiliary files (HO)
)
(C:\Users\orfuc\AppData\Local\Programs\MiKTeX\tex/latex/hyperref\nameref.sty
Package: nameref 2023-08-07 v2.53 Cross-referencing by name of section

(C:\Users\orfuc\AppData\Local\Programs\MiKTeX\tex/latex/refcount\refcount.sty
Package: refcount 2019/12/15 v3.6 Data extraction from label references (HO)
)
(C:\Users\orfuc\AppData\Local\Programs\MiKTeX\tex/generic/gettitlestring\gettit
lestring.sty
Package: gettitlestring 2019/12/15 v1.6 Cleanup title references (HO)
)
\c@section@level=\count289
)
\@linkdim=\dimen165
\Hy@linkcounter=\count290
\Hy@pagecounter=\count291

(C:\Users\orfuc\AppData\Local\Programs\MiKTeX\tex/latex/hyperref\pd1enc.def
File: pd1enc.def 2023-07-08 v7.01b Hyperref: PDFDocEncoding definition (HO)
Now handling font encoding PD1 ...
... no UTF-8 mapping file for font encoding PD1
)
(C:\Users\orfuc\AppData\Local\Programs\MiKTeX\tex/generic/intcalc\intcalc.sty
Package: intcalc 2019/12/15 v1.3 Expandable calculations with integers (HO)
)
\Hy@SavedSpaceFactor=\count292

(C:\Users\orfuc\AppData\Local\Programs\MiKTeX\tex/latex/hyperref\puenc.def
File: puenc.def 2023-07-08 v7.01b Hyperref: PDF Unicode definition (HO)
Now handling font encoding PU ...
... no UTF-8 mapping file for font encoding PU
)
Package hyperref Info: Option `breaklinks' set `true' on input line 4050.


Package hyperref Warning: Option `letterpaper' is no longer used.

Package hyperref Info: Option `colorlinks' set `true' on input line 4050.
Package hyperref Info: Option `bookmarks' set `false' on input line 4050.
Package hyperref Info: Hyper figures OFF on input line 4167.
Package hyperref Info: Link nesting OFF on input line 4172.
Package hyperref Info: Hyper index ON on input line 4175.
Package hyperref Info: Plain pages OFF on input line 4182.
Package hyperref Info: Backreferencing ON on input line 4185.
Package hyperref Info: Implicit mode ON; LaTeX internals redefined.
Package hyperref Info: Bookmarks OFF on input line 4440.
(C:\Users\orfuc\AppData\Local\Programs\MiKTeX\tex/latex/hyperref\backref.sty
Package: backref 2023/04/20 v1.42 Bibliographical back referencing

(C:\Users\orfuc\AppData\Local\Programs\MiKTeX\tex/latex/rerunfilecheck\rerunfil
echeck.sty
Package: rerunfilecheck 2022-07-10 v1.10 Rerun checks for auxiliary files (HO)

(C:\Users\orfuc\AppData\Local\Programs\MiKTeX\tex/latex/base\atveryend-ltx.sty
Package: atveryend-ltx 2020/08/19 v1.0a Emulation of the original atveryend pac
kage
with kernel methods
)
(C:\Users\orfuc\AppData\Local\Programs\MiKTeX\tex/generic/uniquecounter\uniquec
ounter.sty
Package: uniquecounter 2019/12/15 v1.4 Provide unlimited unique counter (HO)

(C:\Users\orfuc\AppData\Local\Programs\MiKTeX\tex/generic/bigintcalc\bigintcalc
.sty
Package: bigintcalc 2019/12/15 v1.5 Expandable calculations on big integers (HO
)
))
Package uniquecounter Info: New unique counter `rerunfilecheck' on input line 2
85.
))
\c@Hy@tempcnt=\count293
LaTeX Info: Redefining \url on input line 4772.
\XeTeXLinkMargin=\dimen166

(C:\Users\orfuc\AppData\Local\Programs\MiKTeX\tex/generic/bitset\bitset.sty
Package: bitset 2019/12/09 v1.3 Handle bit-vector datatype (HO)
)
\Fld@menulength=\count294
\Field@Width=\dimen167
\Fld@charsize=\dimen168
Package hyperref Info: Hyper figures OFF on input line 6051.
Package hyperref Info: Link nesting OFF on input line 6056.
Package hyperref Info: Hyper index ON on input line 6059.
Package hyperref Info: backreferencing ON on input line 6064.
Package hyperref Info: Link coloring ON on input line 6069.
Package hyperref Info: Link coloring with OCG OFF on input line 6076.
Package hyperref Info: PDF/A mode OFF on input line 6081.

(C:\Users\orfuc\AppData\Local\Programs\MiKTeX\tex/latex/base\atbegshi-ltx.sty
Package: atbegshi-ltx 2021/01/10 v1.0c Emulation of the original atbegshi
package with kernel methods
)
\Hy@abspage=\count295
\c@Item=\count296
\c@Hfootnote=\count297
)
Package hyperref Info: Driver (autodetected): hpdftex.
(C:\Users\orfuc\AppData\Local\Programs\MiKTeX\tex/latex/hyperref\hpdftex.def
File: hpdftex.def 2023-07-08 v7.01b Hyperref driver for pdfTeX
\Fld@listcount=\count298
\c@bookmark@seq@number=\count299
\Hy@SectionHShift=\skip58
)
(C:\Users\orfuc\AppData\Local\Programs\MiKTeX\tex/latex/newfloat\newfloat.sty
Package: newfloat 2019/09/02 v1.1l Defining new floating environments (AR)
Package newfloat Info: Unsupported document class, or \@chapter 
(newfloat)             was already redefined by another package.
Package newfloat Info: \@chapter = macro:->\def \Hy@next {\Hy@MakeCurrentHrefAu
to {\Hy@chapapp *}\Hy@raisedlink {\hyper@anchorstart {\@currentHref }\hyper@anc
horend }}\ifnum \c@secnumdepth >\m@ne \ltx@IfUndefined {if@mainmatter}\iftrue {
\csname if@mainmatter\endcsname }\let \Hy@next \relax \fi \fi \Hy@next \Hy@org@
chapter .
Package newfloat Info: \Hy@org@chapter = macro:[#1]#2->\NR@gettitle {#1}\NR@cha
pter [{#1}]{#2}.
)
(C:\Users\orfuc\AppData\Local\Programs\MiKTeX\tex/latex/listings\listings.sty
\lst@mode=\count300
\lst@gtempboxa=\box56
\lst@token=\toks28
\lst@length=\count301
\lst@currlwidth=\dimen169
\lst@column=\count302
\lst@pos=\count303
\lst@lostspace=\dimen170
\lst@width=\dimen171
\lst@newlines=\count304
\lst@lineno=\count305
\lst@maxwidth=\dimen172

(C:\Users\orfuc\AppData\Local\Programs\MiKTeX\tex/latex/listings\lstmisc.sty
File: lstmisc.sty 2023/02/27 1.9 (Carsten Heinz)
\c@lstnumber=\count306
\lst@skipnumbers=\count307
\lst@framebox=\box57
)
(C:\Users\orfuc\AppData\Local\Programs\MiKTeX\tex/latex/listings\listings.cfg
File: listings.cfg 2023/02/27 1.9 listings configuration
))
Package: listings 2023/02/27 1.9 (Carsten Heinz)
(C:\Users\orfuc\AppData\Local\Programs\MiKTeX\tex/latex/multirow\multirow.sty
Package: multirow 2021/03/15 v2.8 Span multiple rows of a table
\multirow@colwidth=\skip59
\multirow@cntb=\count308
\multirow@dima=\skip60
\bigstrutjot=\dimen173
)
(C:\Users\orfuc\AppData\Local\Programs\MiKTeX\tex/latex/siunitx\siunitx.sty
Package: siunitx 2024-02-15 v3.3.12 A comprehensive (SI) units package
\l__siunitx_number_uncert_offset_int=\count309
\l__siunitx_number_exponent_fixed_int=\count310
\l__siunitx_number_min_decimal_int=\count311
\l__siunitx_number_min_integer_int=\count312
\l__siunitx_number_round_precision_int=\count313
\l__siunitx_number_lower_threshold_int=\count314
\l__siunitx_number_upper_threshold_int=\count315
\l__siunitx_number_group_first_int=\count316
\l__siunitx_number_group_size_int=\count317
\l__siunitx_number_group_minimum_int=\count318
\l__siunitx_angle_tmp_dim=\dimen174
\l__siunitx_angle_marker_box=\box58
\l__siunitx_angle_unit_box=\box59
\l__siunitx_compound_count_int=\count319

(C:\Users\orfuc\AppData\Local\Programs\MiKTeX\tex/latex/translations\translatio
ns.sty
Package: translations 2022/02/05 v1.12 internationalization of LaTeX2e packages
 (CN)
)
\l__siunitx_table_tmp_box=\box60
\l__siunitx_table_tmp_dim=\dimen175
\l__siunitx_table_column_width_dim=\dimen176
\l__siunitx_table_integer_box=\box61
\l__siunitx_table_decimal_box=\box62
\l__siunitx_table_uncert_box=\box63
\l__siunitx_table_before_box=\box64
\l__siunitx_table_after_box=\box65
\l__siunitx_table_before_dim=\dimen177
\l__siunitx_table_carry_dim=\dimen178
\l__siunitx_unit_tmp_int=\count320
\l__siunitx_unit_position_int=\count321
\l__siunitx_unit_total_int=\count322
 (C:\Users\orfuc\AppData\Local\Programs\MiKTeX\tex/latex/tools\array.sty
Package: array 2022/09/04 v2.5g Tabular extension package (FMi)
\col@sep=\dimen179
\ar@mcellbox=\box66
\extrarowheight=\dimen180
\NC@list=\toks29
\extratabsurround=\skip61
\backup@length=\skip62
\ar@cellbox=\box67
))
(C:\Users\orfuc\AppData\Local\Programs\MiKTeX\tex/latex/booktabs\booktabs.sty
Package: booktabs 2020/01/12 v1.61803398 Publication quality tables
\heavyrulewidth=\dimen181
\lightrulewidth=\dimen182
\cmidrulewidth=\dimen183
\belowrulesep=\dimen184
\belowbottomsep=\dimen185
\aboverulesep=\dimen186
\abovetopsep=\dimen187
\cmidrulesep=\dimen188
\cmidrulekern=\dimen189
\defaultaddspace=\dimen190
\@cmidla=\count323
\@cmidlb=\count324
\@aboverulesep=\dimen191
\@belowrulesep=\dimen192
\@thisruleclass=\count325
\@lastruleclass=\count326
\@thisrulewidth=\dimen193
)
(C:\Users\orfuc\AppData\Local\Programs\MiKTeX\tex/latex/setspace\setspace.sty
Package: setspace 2022/12/04 v6.7b set line spacing
)
(C:\Users\orfuc\AppData\Local\Programs\MiKTeX\tex/latex/ctable\ctable.sty
Package: ctable 2015/10/17 v1.31 ctable package for flexible typesetting of tab
le and figure floats using key/value directives

(C:\Users\orfuc\AppData\Local\Programs\MiKTeX\tex/generic/iftex\ifpdf.sty
Package: ifpdf 2019/10/25 v3.4 ifpdf legacy package. Use iftex instead.
)
(C:\Users\orfuc\AppData\Local\Programs\MiKTeX\tex/latex/xcolor\xcolor.sty
Package: xcolor 2022/06/12 v2.14 LaTeX color extensions (UK)

(C:\Users\orfuc\AppData\Local\Programs\MiKTeX\tex/latex/graphics-cfg\color.cfg
File: color.cfg 2016/01/02 v1.6 sample color configuration
)
Package xcolor Info: Driver file: pdftex.def on input line 227.
(C:\Users\orfuc\AppData\Local\Programs\MiKTeX\tex/latex/graphics\mathcolor.ltx)
Package xcolor Info: Model `cmy' substituted by `cmy0' on input line 1353.
Package xcolor Info: Model `hsb' substituted by `rgb' on input line 1357.
Package xcolor Info: Model `RGB' extended on input line 1369.
Package xcolor Info: Model `HTML' substituted by `rgb' on input line 1371.
Package xcolor Info: Model `Hsb' substituted by `hsb' on input line 1372.
Package xcolor Info: Model `tHsb' substituted by `hsb' on input line 1373.
Package xcolor Info: Model `HSB' substituted by `hsb' on input line 1374.
Package xcolor Info: Model `Gray' substituted by `gray' on input line 1375.
Package xcolor Info: Model `wave' substituted by `hsb' on input line 1376.
) (C:\Users\orfuc\AppData\Local\Programs\MiKTeX\tex/latex/xkeyval\xkeyval.sty
Package: xkeyval 2022/06/16 v2.9 package option processing (HA)

(C:\Users\orfuc\AppData\Local\Programs\MiKTeX\tex/generic/xkeyval\xkeyval.tex
(C:\Users\orfuc\AppData\Local\Programs\MiKTeX\tex/generic/xkeyval\xkvutils.tex
\XKV@toks=\toks30
\XKV@tempa@toks=\toks31
)
\XKV@depth=\count327
File: xkeyval.tex 2014/12/03 v2.7a key=value parser (HA)
)) (C:\Users\orfuc\AppData\Local\Programs\MiKTeX\tex/latex/tools\tabularx.sty
Package: tabularx 2020/01/15 v2.11c `tabularx' package (DPC)
\TX@col@width=\dimen194
\TX@old@table=\dimen195
\TX@old@col=\dimen196
\TX@target=\dimen197
\TX@delta=\dimen198
\TX@cols=\count328
\TX@ftn=\toks32
)
(C:\Users\orfuc\AppData\Local\Programs\MiKTeX\tex/latex/graphics\rotating.sty
Package: rotating 2016/08/11 v2.16d rotated objects in LaTeX
\c@r@tfl@t=\count329
\rotFPtop=\skip63
\rotFPbot=\skip64
\rot@float@box=\box68
\rot@mess@toks=\toks33
)
(C:\Users\orfuc\AppData\Local\Programs\MiKTeX\tex/latex/transparent\transparent
.sty
Package: transparent 2022-10-27 v1.5 Transparency with color stacks

(C:\Users\orfuc\AppData\Local\Programs\MiKTeX\tex/latex/transparent\transparent
-nometadata.sty
Package: transparent-nometadata 2022-10-27 v1.5 Transparency via pdfTeX's color
 stack (HO)
))
\@CTframesep=\dimen199
\@dfltCTframesep=\dimen256
\@CTframerule=\dimen257
\@dfltCTframerule=\dimen258
\@CTwidth=\dimen259
\@dfltCTwidth=\dimen260
\@CTcaptionskip=\dimen261
\@dfltCTcaptionskip=\dimen262
\@CTmaxwidth=\dimen263
\@dfltCTmaxwidth=\dimen264
\@CTmincapwidth=\dimen265
\@dfltCTmincapwidth=\dimen266
\@CTfooterwidth=\dimen267
\@dfltCTfooterwidth=\dimen268
\@CTw=\dimen269
\@CTfloatwidth=\dimen270
\@CToldsep=\dimen271
\@CToldrule=\dimen272
\CT@t=\box69
\@CTcurftwidth=\dimen273
)
(C:\Users\orfuc\AppData\Local\Programs\MiKTeX\tex/latex/makecell\makecell.sty
Package: makecell 2009/08/03 V0.1e Managing of Tab Column Heads and Cells
\rotheadsize=\dimen274
\c@nlinenum=\count330
\TeXr@lab=\toks34
)
(C:\Users\orfuc\AppData\Local\Programs\MiKTeX\tex/latex/natbib\bibentry.sty
Package: bibentry 2007/10/30 1.5 (PWD)
)
Package translations Info: No language package found. I am going to use `englis
h' as default language. on input line 154.
LaTeX Font Info:    Trying to load font information for OT1+ptm on input line 1
54.

(C:\Users\orfuc\AppData\Local\Programs\MiKTeX\tex/latex/psnfss\ot1ptm.fd
File: ot1ptm.fd 2001/06/04 font definitions for OT1/ptm.
)
(C:\Users\orfuc\AppData\Local\Programs\MiKTeX\tex/latex/l3backend\l3backend-pdf
tex.def
File: l3backend-pdftex.def 2023-04-19 L3 backend support: PDF output (pdfTeX)
\l__color_backend_stack_int=\count331
\l__pdf_internal_box=\box70
) (main_changed.aux)
\openout1 = `main_changed.aux'.

LaTeX Font Info:    Checking defaults for OML/cmm/m/it on input line 154.
LaTeX Font Info:    ... okay on input line 154.
LaTeX Font Info:    Checking defaults for OMS/cmsy/m/n on input line 154.
LaTeX Font Info:    ... okay on input line 154.
LaTeX Font Info:    Checking defaults for OT1/cmr/m/n on input line 154.
LaTeX Font Info:    ... okay on input line 154.
LaTeX Font Info:    Checking defaults for T1/cmr/m/n on input line 154.
LaTeX Font Info:    ... okay on input line 154.
LaTeX Font Info:    Checking defaults for TS1/cmr/m/n on input line 154.
LaTeX Font Info:    ... okay on input line 154.
LaTeX Font Info:    Checking defaults for OMX/cmex/m/n on input line 154.
LaTeX Font Info:    ... okay on input line 154.
LaTeX Font Info:    Checking defaults for U/cmr/m/n on input line 154.
LaTeX Font Info:    ... okay on input line 154.
LaTeX Font Info:    Checking defaults for PD1/pdf/m/n on input line 154.
LaTeX Font Info:    ... okay on input line 154.
LaTeX Font Info:    Checking defaults for PU/pdf/m/n on input line 154.
LaTeX Font Info:    ... okay on input line 154.

(C:\Users\orfuc\AppData\Local\Programs\MiKTeX\tex/context/base/mkii\supp-pdf.mk
ii
[Loading MPS to PDF converter (version 2006.09.02).]
\scratchcounter=\count332
\scratchdimen=\dimen275
\scratchbox=\box71
\nofMPsegments=\count333
\nofMParguments=\count334
\everyMPshowfont=\toks35
\MPscratchCnt=\count335
\MPscratchDim=\dimen276
\MPnumerator=\count336
\makeMPintoPDFobject=\count337
\everyMPtoPDFconversion=\toks36
)
(C:\Users\orfuc\AppData\Local\Programs\MiKTeX\tex/latex/epstopdf-pkg\epstopdf-b
ase.sty
Package: epstopdf-base 2020-01-24 v2.11 Base part for package epstopdf
Package epstopdf-base Info: Redefining graphics rule for `.eps' on input line 4
85.

(C:\Users\orfuc\AppData\Local\Programs\MiKTeX\tex/latex/00miktex\epstopdf-sys.c
fg
File: epstopdf-sys.cfg 2021/03/18 v2.0 Configuration of epstopdf for MiKTeX
))
Package caption Info: Begin \AtBeginDocument code.
Package caption Info: float package is loaded.
Package caption Info: hyperref package is loaded.
Package caption Info: listings package is loaded.
Package caption Info: rotating package is loaded.
Package caption Info: End \AtBeginDocument code.
Package backref Info: ** backref set up for natbib ** on input line 154.
Package hyperref Info: Link coloring ON on input line 154.
Package newfloat Info: Trying Plan B...
Package newfloat Info: `float' package detected.
Package newfloat Info: `rotating' package detected.
\c@lstlisting=\count338

(C:\Users\orfuc\AppData\Local\Programs\MiKTeX\tex/latex/translations/dicts\tran
slations-basic-dictionary-english.trsl
File: translations-basic-dictionary-english.trsl (english translation file `tra
nslations-basic-dictionary')
)
Package translations Info: loading dictionary `translations-basic-dictionary' f
or `english'. on input line 154.
\c@eqfn=\count339
\titlearea=\box72
LaTeX Font Info:    Trying to load font information for U+msa on input line 157
.

(C:\Users\orfuc\AppData\Local\Programs\MiKTeX\tex/latex/amsfonts\umsa.fd
File: umsa.fd 2013/01/14 v3.01 AMS symbols A
)
LaTeX Font Info:    Trying to load font information for U+msb on input line 157
.

(C:\Users\orfuc\AppData\Local\Programs\MiKTeX\tex/latex/amsfonts\umsb.fd
File: umsb.fd 2013/01/14 v3.01 AMS symbols B
)
\actualheight=\skip65
LaTeX Font Info:    Trying to load font information for TS1+ptm on input line 1
57.

(C:\Users\orfuc\AppData\Local\Programs\MiKTeX\tex/latex/psnfss\ts1ptm.fd
File: ts1ptm.fd 2001/06/04 font definitions for TS1/ptm.
)

Package natbib Warning: Citation `chen2020frame' on page 1 undefined on input l
ine 170.


Package natbib Warning: Citation `vihlman2020optical' on page 1 undefined on in
put line 170.


Package natbib Warning: Citation `Xu_2019_CVPR' on page 1 undefined on input li
ne 170.


Package natbib Warning: Citation `Dosovitskiy2015FlowNetLO' on page 1 undefined
 on input line 170.


Package natbib Warning: Citation `Ilg2017FlowNet2E' on page 1 undefined on inpu
t line 170.


Package natbib Warning: Citation `Teed2020RAFTRA' on page 1 undefined on input 
line 170.


Package natbib Warning: Citation `Jiang2021LearningOF' on page 1 undefined on i
nput line 170.



pdfTeX warning: pdflatex (file ./figs/fig1_crop.pdf): PDF inclusion: found PDF 
version <1.7>, but at most version <1.5> allowed
<figs/fig1_crop.pdf, id=4, 1650.21524pt x 1337.24594pt>
File: figs/fig1_crop.pdf Graphic file (type pdf)
<use figs/fig1_crop.pdf>
Package pdftex.def Info: figs/fig1_crop.pdf  used on input line 174.
(pdftex.def)             Requested size: 234.60545pt x 190.11063pt.
LaTeX Font Info:    Trying to load font information for OT1+pcr on input line 1
77.
(C:\Users\orfuc\AppData\Local\Programs\MiKTeX\tex/latex/psnfss\ot1pcr.fd
File: ot1pcr.fd 2001/06/04 font definitions for OT1/pcr.
)

Package natbib Warning: Citation `Teed2020RAFTRA' on page 1 undefined on input 
line 177.


Package natbib Warning: Citation `Jiang2021LearningOF' on page 1 undefined on i
nput line 177.


Package natbib Warning: Citation `Teed2020RAFTRA' on page 1 undefined on input 
line 177.


Package natbib Warning: Citation `Jiang2021LearningOF' on page 1 undefined on i
nput line 177.


Package natbib Warning: Citation `Horn1981DeterminingOF' on page 1 undefined on
 input line 182.


Package natbib Warning: Citation `Brox2004HighAO' on page 1 undefined on input 
line 182.


Package natbib Warning: Citation `Bruhn2005LucasKanadeMH' on page 1 undefined o
n input line 182.


Package natbib Warning: Citation `Dosovitskiy2015FlowNetLO' on page 1 undefined
 on input line 182.


Package natbib Warning: Citation `Ilg2017FlowNet2E' on page 1 undefined on inpu
t line 182.


Package natbib Warning: Citation `Sun2018PWCNetCF' on page 1 undefined on input
 line 182.


Package natbib Warning: Citation `Hur2019IterativeRR' on page 1 undefined on in
put line 182.


Package natbib Warning: Citation `Zhao2020MaskFlownetAF' on page 1 undefined on
 input line 182.


Package natbib Warning: Citation `zhao2020msrn' on page 1 undefined on input li
ne 182.


Package natbib Warning: Citation `Teed2020RAFTRA' on page 1 undefined on input 
line 182.


Package natbib Warning: Citation `Jiang2021LearningOF' on page 1 undefined on i
nput line 182.


Package natbib Warning: Citation `Sun2018PWCNetCF' on page 1 undefined on input
 line 184.


Package natbib Warning: Citation `Yang2019VolumetricCN' on page 1 undefined on 
input line 184.


Package natbib Warning: Citation `Teed2020RAFTRA' on page 1 undefined on input 
line 184.


Package natbib Warning: Citation `Teed2020RAFTRA' on page 1 undefined on input 
line 184.


Package natbib Warning: Citation `Jiang2021LearningOF' on page 1 undefined on i
nput line 184.


Underfull \vbox (badness 4543) has occurred while \output is active []

 [1{C:/Users/orfuc/AppData/Local/MiKTeX/fonts/map/pdftex/pdftex.map}{C:/Users/o
rfuc/AppData/Local/Programs/MiKTeX/fonts/enc/dvips/base/8r.enc}



 <./figs/fig1_crop.pdf>]

Package natbib Warning: Citation `Teed2020RAFTRA' on page 2 undefined on input 
line 188.


Package natbib Warning: Citation `Jiang2021LearningOF' on page 2 undefined on i
nput line 188.


Package natbib Warning: Citation `Bertinetto2016LearningFO' on page 2 undefined
 on input line 194.



pdfTeX warning: pdflatex (file ./figs/fig2_crop.pdf): PDF inclusion: found PDF 
version <1.7>, but at most version <1.5> allowed
<figs/fig2_crop.pdf, id=33, 853.53879pt x 355.62862pt>
File: figs/fig2_crop.pdf Graphic file (type pdf)
<use figs/fig2_crop.pdf>
Package pdftex.def Info: figs/fig2_crop.pdf  used on input line 203.
(pdftex.def)             Requested size: 495.77003pt x 206.56319pt.

Package natbib Warning: Citation `black1993framework' on page 2 undefined on in
put line 215.


Package natbib Warning: Citation `Horn1981DeterminingOF' on page 2 undefined on
 input line 215.


Package natbib Warning: Citation `Brox2004HighAO' on page 2 undefined on input 
line 215.


Package natbib Warning: Citation `Bruhn2005LucasKanadeMH' on page 2 undefined o
n input line 215.


Package natbib Warning: Citation `bai2016exploiting' on page 2 undefined on inp
ut line 215.


Package natbib Warning: Citation `weinzaepfel2013deepflow' on page 2 undefined 
on input line 215.


Package natbib Warning: Citation `Teed2020RAFTRA' on page 2 undefined on input 
line 215.


Package natbib Warning: Citation `Jiang2021LearningOF' on page 2 undefined on i
nput line 215.


Package natbib Warning: Citation `ranjan2017optical' on page 2 undefined on inp
ut line 215.


Package natbib Warning: Citation `Sun2018PWCNetCF' on page 2 undefined on input
 line 215.


Package natbib Warning: Citation `Yang2019VolumetricCN' on page 2 undefined on 
input line 215.


Package natbib Warning: Citation `Hui2018LiteFlowNetAL' on page 2 undefined on 
input line 215.


Package natbib Warning: Citation `zhao2020msrn' on page 2 undefined on input li
ne 215.


Package natbib Warning: Citation `shen2018person' on page 2 undefined on input 
line 218.


Package natbib Warning: Citation `luo2020cascade' on page 2 undefined on input 
line 218.


Package natbib Warning: Citation `wei2020view' on page 2 undefined on input lin
e 218.


Package natbib Warning: Citation `luo2021robust' on page 2 undefined on input l
ine 218.


Package natbib Warning: Citation `Park_2021_CVPR' on page 2 undefined on input 
line 218.


Package natbib Warning: Citation `mohamed2020social' on page 2 undefined on inp
ut line 218.


Package natbib Warning: Citation `wei2020view' on page 2 undefined on input lin
e 218.


Package natbib Warning: Citation `luo2021robust' on page 2 undefined on input l
ine 218.


Package natbib Warning: Citation `Park_2021_CVPR' on page 2 undefined on input 
line 218.

[2]

Package natbib Warning: Citation `Jiang2021LearningTE' on page 3 undefined on i
nput line 232.


Package natbib Warning: Citation `Teed2020RAFTRA' on page 3 undefined on input 
line 232.


Package natbib Warning: Citation `He2016DeepRL' on page 3 undefined on input li
ne 232.


Package natbib Warning: Citation `Teed2020RAFTRA' on page 3 undefined on input 
line 232.


Underfull \vbox (badness 10000) has occurred while \output is active []

 [3 <./figs/fig2_crop.pdf>]

Package natbib Warning: Citation `Li2018BeyondGL' on page 4 undefined on input 
line 252.


Package natbib Warning: Citation `Kipf2017SemiSupervisedCW' on page 4 undefined
 on input line 252.


Package natbib Warning: Citation `Bertinetto2016LearningFO' on page 4 undefined
 on input line 261.

<figs/fig3_crop.pdf, id=249, 512.1534pt x 284.62335pt>
File: figs/fig3_crop.pdf Graphic file (type pdf)
<use figs/fig3_crop.pdf>
Package pdftex.def Info: figs/fig3_crop.pdf  used on input line 269.
(pdftex.def)             Requested size: 239.39438pt x 133.04337pt.

Package natbib Warning: Citation `Yin2019HierarchicalDD' on page 4 undefined on
 input line 329.


Package natbib Warning: Citation `Hui2018LiteFlowNetAL' on page 4 undefined on 
input line 329.


Package natbib Warning: Citation `Sun2018PWCNetCF' on page 4 undefined on input
 line 329.


Package natbib Warning: Citation `Ilg2017FlowNet2E' on page 4 undefined on inpu
t line 329.


Package natbib Warning: Citation `Wang2020DisplacementInvariantMC' on page 4 un
defined on input line 329.


Package natbib Warning: Citation `Teed2020RAFTRA' on page 4 undefined on input 
line 329.


Package natbib Warning: Citation `Jiang2021LearningOF' on page 4 undefined on i
nput line 329.


Package natbib Warning: Citation `Sun2020ModelsMS' on page 4 undefined on input
 line 329.


Package natbib Warning: Citation `Hur2019IterativeRR' on page 4 undefined on in
put line 329.


Package natbib Warning: Citation `Yang2019VolumetricCN' on page 4 undefined on 
input line 329.


Package natbib Warning: Citation `Zhao2020MaskFlownetAF' on page 4 undefined on
 input line 329.


Package natbib Warning: Citation `BarHaim2020ScopeFlowDS' on page 4 undefined o
n input line 329.


Package natbib Warning: Citation `Wang2020DisplacementInvariantMC' on page 4 un
defined on input line 329.


Package natbib Warning: Citation `Teed2020RAFTRA' on page 4 undefined on input 
line 329.


Package natbib Warning: Citation `Jiang2021LearningOF' on page 4 undefined on i
nput line 329.


Package natbib Warning: Citation `Wang2020DisplacementInvariantMC' on page 4 un
defined on input line 331.


Package natbib Warning: Citation `Teed2020RAFTRA' on page 4 undefined on input 
line 331.


Package natbib Warning: Citation `Jiang2021LearningOF' on page 4 undefined on i
nput line 331.


Package natbib Warning: Citation `Teed2020RAFTRA' on page 4 undefined on input 
line 331.


Package natbib Warning: Citation `Hui2018LiteFlowNetAL' on page 4 undefined on 
input line 331.


Package natbib Warning: Citation `Teed2020RAFTRA' on page 4 undefined on input 
line 331.


Package natbib Warning: Citation `Wang2020DisplacementInvariantMC' on page 4 un
defined on input line 331.


Package natbib Warning: Citation `Teed2020RAFTRA' on page 4 undefined on input 
line 331.


Package natbib Warning: Citation `Jiang2021LearningOF' on page 4 undefined on i
nput line 331.


Package natbib Warning: Citation `Teed2020RAFTRA' on page 4 undefined on input 
line 331.


Package natbib Warning: Citation `Hui2018LiteFlowNetAL' on page 4 undefined on 
input line 331.


Package natbib Warning: Citation `Teed2020RAFTRA' on page 4 undefined on input 
line 331.

[4 <./figs/fig3_crop.pdf>]

Package natbib Warning: Citation `Hu2020SqueezeandExcitationN' on page 5 undefi
ned on input line 358.



pdfTeX warning: pdflatex (file ./figs/both_crop.pdf): PDF inclusion: found PDF 
version <1.7>, but at most version <1.5> allowed
<figs/both_crop.pdf, id=301, 3613.5pt x 1081.18933pt>
File: figs/both_crop.pdf Graphic file (type pdf)
<use figs/both_crop.pdf>
Package pdftex.def Info: figs/both_crop.pdf  used on input line 362.
(pdftex.def)             Requested size: 495.77003pt x 148.32991pt.

Package natbib Warning: Citation `Teed2020RAFTRA' on page 5 undefined on input 
line 365.


Package natbib Warning: Citation `Teed2020RAFTRA' on page 5 undefined on input 
line 365.


Package natbib Warning: Citation `Butler2012' on page 5 undefined on input line
 375.


Package natbib Warning: Citation `KITTI_2015' on page 5 undefined on input line
 375.


Package natbib Warning: Citation `Teed2020RAFTRA' on page 5 undefined on input 
line 375.


Package natbib Warning: Citation `Jiang2021LearningOF' on page 5 undefined on i
nput line 375.


Package natbib Warning: Citation `Teed2020RAFTRA' on page 5 undefined on input 
line 381.


Package natbib Warning: Citation `Jiang2021LearningTE' on page 5 undefined on i
nput line 381.


Package natbib Warning: Citation `Dosovitskiy2015FlowNetLO' on page 5 undefined
 on input line 381.


Package natbib Warning: Citation `Mayer2016ALD' on page 5 undefined on input li
ne 381.


Package natbib Warning: Citation `Butler2012' on page 5 undefined on input line
 381.


Package natbib Warning: Citation `KITTI_2015' on page 5 undefined on input line
 381.


Package natbib Warning: Citation `Kondermann2016TheHB' on page 5 undefined on i
nput line 381.


Package natbib Warning: Citation `KITTI_2015' on page 5 undefined on input line
 381.


Package natbib Warning: Citation `Jiang2021LearningOF' on page 5 undefined on i
nput line 387.


Package natbib Warning: Citation `Teed2020RAFTRA' on page 5 undefined on input 
line 387.

[5]

Package natbib Warning: Citation `Hui2018LiteFlowNetAL' on page 6 undefined on 
input line 389.


Package natbib Warning: Citation `Hur2019IterativeRR' on page 6 undefined on in
put line 389.


Package natbib Warning: Citation `Teed2020RAFTRA' on page 6 undefined on input 
line 389.


Package natbib Warning: Citation `Teed2020RAFTRA' on page 6 undefined on input 
line 389.


Package natbib Warning: Citation `Jiang2021LearningOF' on page 6 undefined on i
nput line 389.


Package natbib Warning: Citation `Teed2020RAFTRA' on page 6 undefined on input 
line 391.


Package natbib Warning: Citation `Jiang2021LearningOF' on page 6 undefined on i
nput line 395.


Package natbib Warning: Citation `Jiang2021LearningOF' on page 6 undefined on i
nput line 395.


Package natbib Warning: Citation `Teed2020RAFTRA' on page 6 undefined on input 
line 395.


Package natbib Warning: Citation `Teed2020RAFTRA' on page 6 undefined on input 
line 395.


Package natbib Warning: Citation `Teed2020RAFTRA' on page 6 undefined on input 
line 402.


Package natbib Warning: Citation `Sun2018PWCNetCF' on page 6 undefined on input
 line 402.


Package natbib Warning: Citation `Hur2019IterativeRR' on page 6 undefined on in
put line 402.


Package natbib Warning: Citation `Sarlin2020SuperGlueLF' on page 6 undefined on
 input line 404.


Package natbib Warning: Citation `Li2018BeyondGL' on page 6 undefined on input 
line 407.


Package natbib Warning: Citation `Li2018BeyondGL' on page 6 undefined on input 
line 407.


Underfull \hbox (badness 3482) in paragraph at lines 407--408
 []\OT1/ptm/b/n/10 Comparison with GCU (?).[] \OT1/ptm/m/n/10 We also com-pare 
our
 []


Underfull \hbox (badness 2503) in paragraph at lines 407--408
\OT1/ptm/m/n/10 AGFlow with the ba-sic region-based graph rea-son-ing
 []

[6 <./figs/both_crop.pdf>]
Overfull \hbox (1.53687pt too wide) in paragraph at lines 430--430
 \OT1/ptm/m/n/10 Feature| 
 []


Package hyperref Warning: Suppressing empty link on input line 431.


Package natbib Warning: Citation `Teed2020RAFTRA' on page 7 undefined on input 
line 431.


Package hyperref Warning: Suppressing empty link on input line 431.


Package natbib Warning: Citation `Teed2020RAFTRA' on page 7 undefined on input 
line 431.


Overfull \hbox (2.6763pt too wide) in paragraph at lines 460--460
 []|\OT1/ptm/m/n/10 Attentive 
 []


Package natbib Warning: Citation `Li2018BeyondGL' on page 7 undefined on input 
line 492.


Package natbib Warning: Citation `Jiang2021LearningTE' on page 7 undefined on i
nput line 495.

[7] [8

]
No file main_changed.bbl.

Package natbib Warning: There were undefined citations.

(main_changed.aux)
 ***********
LaTeX2e <2023-06-01> patch level 1
L3 programming layer <2023-08-29>
 ***********
 ) 
Here is how much of TeX's memory you used:
 19009 strings out of 475247
 358613 string characters out of 5757792
 1953801 words of memory out of 5000000
 40219 multiletter control sequences out of 15000+600000
 591214 words of font info for 110 fonts, out of 8000000 for 9000
 1141 hyphenation exceptions out of 8191
 90i,13n,93p,1682b,909s stack positions out of 10000i,1000n,20000p,200000b,200000s
<C:/Users/orfuc/AppData/Local/Programs/MiKTeX/fonts/type1/public/amsfonts/cm/
cmbx10.pfb><C:/Users/orfuc/AppData/Local/Programs/MiKTeX/fonts/type1/public/ams
fonts/cm/cmex10.pfb><C:/Users/orfuc/AppData/Local/Programs/MiKTeX/fonts/type1/p
ublic/amsfonts/cm/cmmi10.pfb><C:/Users/orfuc/AppData/Local/Programs/MiKTeX/font
s/type1/public/amsfonts/cm/cmmi7.pfb><C:/Users/orfuc/AppData/Local/Programs/MiK
TeX/fonts/type1/public/amsfonts/cm/cmr10.pfb><C:/Users/orfuc/AppData/Local/Prog
rams/MiKTeX/fonts/type1/public/amsfonts/cm/cmr7.pfb><C:/Users/orfuc/AppData/Loc
al/Programs/MiKTeX/fonts/type1/public/amsfonts/cm/cmss8.pfb><C:/Users/orfuc/App
Data/Local/Programs/MiKTeX/fonts/type1/public/amsfonts/cm/cmsy10.pfb><C:/Users/
orfuc/AppData/Local/Programs/MiKTeX/fonts/type1/public/amsfonts/cm/cmsy5.pfb><C
:/Users/orfuc/AppData/Local/Programs/MiKTeX/fonts/type1/public/amsfonts/cm/cmsy
7.pfb><C:/Users/orfuc/AppData/Local/Programs/MiKTeX/fonts/type1/public/amsfonts
/cm/cmtt10.pfb><C:/Users/orfuc/AppData/Local/Programs/MiKTeX/fonts/type1/public
/amsfonts/cm/cmtt8.pfb><C:/Users/orfuc/AppData/Local/Programs/MiKTeX/fonts/type
1/public/amsfonts/symbols/msbm10.pfb><C:/Users/orfuc/AppData/Local/Programs/MiK
TeX/fonts/type1/urw/courier/ucrr8a.pfb><C:/Users/orfuc/AppData/Local/Programs/M
iKTeX/fonts/type1/urw/times/utmb8a.pfb><C:/Users/orfuc/AppData/Local/Programs/M
iKTeX/fonts/type1/urw/times/utmr8a.pfb><C:/Users/orfuc/AppData/Local/Programs/M
iKTeX/fonts/type1/urw/times/utmri8a.pfb>
Output written on main_changed.pdf (8 pages, 7828463 bytes).
PDF statistics:
 515 PDF objects out of 1000 (max. 8388607)
 50 named destinations out of 1000 (max. 500000)
 21 words of extra memory for PDF output out of 10000 (max. 10000000)

