This is pdfTeX, Version 3.141592653-2.6-1.40.25 (MiKTeX 23.9) (preloaded format=pdflatex 2023.9.22)  30 MAR 2024 16:46
entering extended mode
 restricted \write18 enabled.
 %&-line parsing enabled.
**./AAAI-KimN.7220_changed.tex
(AAAI-KimN.7220_changed.tex
LaTeX2e <2023-06-01> patch level 1
L3 programming layer <2023-08-29>
(C:\Users\micha\AppData\Local\Programs\MiKTeX\tex/latex/base\article.cls
Document Class: article 2023/05/17 v1.4n Standard LaTeX document class
(C:\Users\micha\AppData\Local\Programs\MiKTeX\tex/latex/base\size10.clo
File: size10.clo 2023/05/17 v1.4n Standard LaTeX file (size option)
)
\c@part=\count185
\c@section=\count186
\c@subsection=\count187
\c@subsubsection=\count188
\c@paragraph=\count189
\c@subparagraph=\count190
\c@figure=\count191
\c@table=\count192
\abovecaptionskip=\skip48
\belowcaptionskip=\skip49
\bibindent=\dimen140
)
(aaai19.sty
Conference Style for AAAI for LaTeX 2e -- version for the AAAI-19 conference
\titlebox=\skip50
) (C:\Users\micha\AppData\Local\Programs\MiKTeX\tex/latex/psnfss\times.sty
Package: times 2020/03/25 PSNFSS-v9.3 (SPQR) 
)
(C:\Users\micha\AppData\Local\Programs\MiKTeX\tex/latex/psnfss\helvet.sty
Package: helvet 2020/03/25 PSNFSS-v9.3 (WaS) 

(C:\Users\micha\AppData\Local\Programs\MiKTeX\tex/latex/graphics\keyval.sty
Package: keyval 2022/05/29 v1.15 key=value parser (DPC)
\KV@toks@=\toks17
))
(C:\Users\micha\AppData\Local\Programs\MiKTeX\tex/latex/psnfss\courier.sty
Package: courier 2020/03/25 PSNFSS-v9.3 (WaS) 
)
(C:\Users\micha\AppData\Local\Programs\MiKTeX\tex/latex/url\url.sty
\Urlmuskip=\muskip16
Package: url 2013/09/16  ver 3.4  Verb mode for urls, etc.
)
(C:\Users\micha\AppData\Local\Programs\MiKTeX\tex/latex/graphics\graphicx.sty
Package: graphicx 2021/09/16 v1.2d Enhanced LaTeX Graphics (DPC,SPQR)

(C:\Users\micha\AppData\Local\Programs\MiKTeX\tex/latex/graphics\graphics.sty
Package: graphics 2022/03/10 v1.4e Standard LaTeX Graphics (DPC,SPQR)

(C:\Users\micha\AppData\Local\Programs\MiKTeX\tex/latex/graphics\trig.sty
Package: trig 2021/08/11 v1.11 sin cos tan (DPC)
)
(C:\Users\micha\AppData\Local\Programs\MiKTeX\tex/latex/graphics-cfg\graphics.c
fg
File: graphics.cfg 2016/06/04 v1.11 sample graphics configuration
)
Package graphics Info: Driver file: pdftex.def on input line 107.

(C:\Users\micha\AppData\Local\Programs\MiKTeX\tex/latex/graphics-def\pdftex.def
File: pdftex.def 2022/09/22 v1.2b Graphics/color driver for pdftex
))
\Gin@req@height=\dimen141
\Gin@req@width=\dimen142
)
(C:\Users\micha\AppData\Local\Programs\MiKTeX\tex/latex/booktabs\booktabs.sty
Package: booktabs 2020/01/12 v1.61803398 Publication quality tables
\heavyrulewidth=\dimen143
\lightrulewidth=\dimen144
\cmidrulewidth=\dimen145
\belowrulesep=\dimen146
\belowbottomsep=\dimen147
\aboverulesep=\dimen148
\abovetopsep=\dimen149
\cmidrulesep=\dimen150
\cmidrulekern=\dimen151
\defaultaddspace=\dimen152
\@cmidla=\count193
\@cmidlb=\count194
\@aboverulesep=\dimen153
\@belowrulesep=\dimen154
\@thisruleclass=\count195
\@lastruleclass=\count196
\@thisrulewidth=\dimen155
)
(C:\Users\micha\AppData\Local\Programs\MiKTeX\tex/latex/multirow\multirow.sty
Package: multirow 2021/03/15 v2.8 Span multiple rows of a table
\multirow@colwidth=\skip51
\multirow@cntb=\count197
\multirow@dima=\skip52
\bigstrutjot=\dimen156
)
(C:\Users\micha\AppData\Local\Programs\MiKTeX\tex/latex/tools\verbatim.sty
Package: verbatim 2022-07-02 v1.5u LaTeX2e package for verbatim enhancements
\every@verbatim=\toks18
\verbatim@line=\toks19
\verbatim@in@stream=\read2
)
LaTeX Font Info:    Trying to load font information for OT1+ptm on input line 2
7.

(C:\Users\micha\AppData\Local\Programs\MiKTeX\tex/latex/psnfss\ot1ptm.fd
File: ot1ptm.fd 2001/06/04 font definitions for OT1/ptm.
)
(C:\Users\micha\AppData\Local\Programs\MiKTeX\tex/latex/l3backend\l3backend-pdf
tex.def
File: l3backend-pdftex.def 2023-04-19 L3 backend support: PDF output (pdfTeX)
\l__color_backend_stack_int=\count198
\l__pdf_internal_box=\box51
) (AAAI-KimN.7220_changed.aux)
\openout1 = `AAAI-KimN.7220_changed.aux'.

LaTeX Font Info:    Checking defaults for OML/cmm/m/it on input line 27.
LaTeX Font Info:    ... okay on input line 27.
LaTeX Font Info:    Checking defaults for OMS/cmsy/m/n on input line 27.
LaTeX Font Info:    ... okay on input line 27.
LaTeX Font Info:    Checking defaults for OT1/cmr/m/n on input line 27.
LaTeX Font Info:    ... okay on input line 27.
LaTeX Font Info:    Checking defaults for T1/cmr/m/n on input line 27.
LaTeX Font Info:    ... okay on input line 27.
LaTeX Font Info:    Checking defaults for TS1/cmr/m/n on input line 27.
LaTeX Font Info:    ... okay on input line 27.
LaTeX Font Info:    Checking defaults for OMX/cmex/m/n on input line 27.
LaTeX Font Info:    ... okay on input line 27.
LaTeX Font Info:    Checking defaults for U/cmr/m/n on input line 27.
LaTeX Font Info:    ... okay on input line 27.

(C:\Users\micha\AppData\Local\Programs\MiKTeX\tex/context/base/mkii\supp-pdf.mk
ii
[Loading MPS to PDF converter (version 2006.09.02).]
\scratchcounter=\count199
\scratchdimen=\dimen157
\scratchbox=\box52
\nofMPsegments=\count266
\nofMParguments=\count267
\everyMPshowfont=\toks20
\MPscratchCnt=\count268
\MPscratchDim=\dimen158
\MPnumerator=\count269
\makeMPintoPDFobject=\count270
\everyMPtoPDFconversion=\toks21
)
(C:\Users\micha\AppData\Local\Programs\MiKTeX\tex/latex/epstopdf-pkg\epstopdf-b
ase.sty
Package: epstopdf-base 2020-01-24 v2.11 Base part for package epstopdf
Package epstopdf-base Info: Redefining graphics rule for `.eps' on input line 4
85.

(C:\Users\micha\AppData\Local\Programs\MiKTeX\tex/latex/00miktex\epstopdf-sys.c
fg
File: epstopdf-sys.cfg 2021/03/18 v2.0 Configuration of epstopdf for MiKTeX
))
LaTeX Font Info:    External font `cmex10' loaded for size
(Font)              <7> on input line 28.
LaTeX Font Info:    External font `cmex10' loaded for size
(Font)              <5> on input line 28.
LaTeX Font Info:    External font `cmex10' loaded for size
(Font)              <12> on input line 28.
LaTeX Font Info:    External font `cmex10' loaded for size
(Font)              <8> on input line 28.
LaTeX Font Info:    External font `cmex10' loaded for size
(Font)              <6> on input line 28.
LaTeX Font Info:    Trying to load font information for OT1+pcr on input line 2
8.
 (C:\Users\micha\AppData\Local\Programs\MiKTeX\tex/latex/psnfss\ot1pcr.fd
File: ot1pcr.fd 2001/06/04 font definitions for OT1/pcr.
)
LaTeX Font Info:    Trying to load font information for TS1+ptm on input line 2
8.

(C:\Users\micha\AppData\Local\Programs\MiKTeX\tex/latex/psnfss\ts1ptm.fd
File: ts1ptm.fd 2001/06/04 font definitions for TS1/ptm.
)
LaTeX Font Info:    External font `cmex10' loaded for size
(Font)              <9> on input line 30.


LaTeX Warning: Citation `chomsky1993lectures' on page 1 undefined on input line
 41.


LaTeX Warning: Citation `steedman2000syntactic' on page 1 undefined on input li
ne 41.


LaTeX Warning: Citation `tutunjian2008we' on page 1 undefined on input line 41.



LaTeX Warning: Citation `briscoe1998can' on page 1 undefined on input line 41.


LaTeX Warning: Citation `merlo2006notion' on page 1 undefined on input line 41.



LaTeX Warning: Citation `marcheggiani2017encoding' on page 1 undefined on input
 line 41.


LaTeX Warning: Citation `palmer2005proposition' on page 1 undefined on input li
ne 41.


LaTeX Warning: Citation `hockenmaier2002acquiring' on page 1 undefined on input
 line 41.


LaTeX Warning: Citation `abend2010fully' on page 1 undefined on input line 43.


LaTeX Warning: Citation `schutze1995pp' on page 1 undefined on input line 48.


LaTeX Warning: Citation `pollard1987information' on page 1 undefined on input l
ine 48.


LaTeX Warning: Citation `rissman2015using' on page 1 undefined on input line 48
.


Underfull \hbox (badness 2351) in paragraph at lines 48--49
 \OT1/ptm/b/n/10 The-o-ret-i-cal Mo-ti-va-tion \OT1/ptm/m/n/10 Al-though ar-gu-
ments and ad-
 []

[1{C:/Users/micha/AppData/Local/MiKTeX/fonts/map/pdftex/pdftex.map}{C:/Users/mi
cha/AppData/Local/Programs/MiKTeX/fonts/enc/dvips/base/8r.enc}



]

LaTeX Warning: Citation `dasigi2017ontology' on page 2 undefined on input line 
50.


LaTeX Warning: Citation `agirre2008improving' on page 2 undefined on input line
 50.


LaTeX Warning: Citation `belinkov2014exploring' on page 2 undefined on input li
ne 50.


LaTeX Warning: Citation `merlo2006notion' on page 2 undefined on input line 50.



LaTeX Warning: Citation `he2017deep' on page 2 undefined on input line 52.


LaTeX Warning: Citation `he2017deep' on page 2 undefined on input line 52.


LaTeX Warning: Citation `marcheggiani2017encoding' on page 2 undefined on input
 line 52.


LaTeX Warning: Citation `przepiorkowski2018arguments' on page 2 undefined on in
put line 54.


LaTeX Warning: Citation `przepiorkowski2018arguments' on page 2 undefined on in
put line 54.


LaTeX Warning: Citation `steedman2000syntactic' on page 2 undefined on input li
ne 54.


LaTeX Warning: Citation `villavicencio2002learning' on page 2 undefined on inpu
t line 57.


LaTeX Warning: Citation `villavicencio2002learning' on page 2 undefined on inpu
t line 57.


LaTeX Warning: Citation `merlo2006notion' on page 2 undefined on input line 57.



LaTeX Warning: Citation `merlo2006notion' on page 2 undefined on input line 57.



LaTeX Warning: Citation `belinkov2014exploring' on page 2 undefined on input li
ne 57.


LaTeX Warning: Citation `belinkov2014exploring' on page 2 undefined on input li
ne 57.


LaTeX Warning: Citation `verbnet' on page 2 undefined on input line 57.


LaTeX Warning: Citation `rissman2015using' on page 2 undefined on input line 57
.


LaTeX Warning: Citation `rissman2015using' on page 2 undefined on input line 57
.


LaTeX Warning: Citation `gulordava2018colorless' on page 2 undefined on input l
ine 59.


LaTeX Warning: Citation `ettinger2018assessing' on page 2 undefined on input li
ne 59.


LaTeX Warning: Citation `bowman2018looking' on page 2 undefined on input line 5
9.


LaTeX Warning: `h' float specifier changed to `ht'.


LaTeX Warning: Citation `mcconville2008evaluating' on page 2 undefined on input
 line 84.


LaTeX Warning: Citation `mcconville2008evaluating' on page 2 undefined on input
 line 84.


LaTeX Warning: Citation `abend2010fully' on page 2 undefined on input line 84.

<ppframes.png, id=18, 659.46375pt x 234.8775pt>
File: ppframes.png Graphic file (type png)
<use ppframes.png>
Package pdftex.def Info: ppframes.png  used on input line 88.
(pdftex.def)             Requested size: 215.45348pt x 76.73567pt.
LaTeX Font Info:    Trying to load font information for OMS+ptm on input line 9
3.
(C:\Users\micha\AppData\Local\Programs\MiKTeX\tex/latex/psnfss\omsptm.fd
File: omsptm.fd 
)
LaTeX Font Info:    Font shape `OMS/ptm/m/n' in size <10> not available
(Font)              Font shape `OMS/cmsy/m/n' tried instead on input line 93.
LaTeX Font Info:    Font shape `OMS/ptm/m/sc' in size <10> not available
(Font)              Font shape `OMS/cmsy/m/n' tried instead on input line 93.


LaTeX Warning: Citation `schneider2015hierarchy' on page 2 undefined on input l
ine 93.

[2 <./ppframes.png>]

LaTeX Warning: Citation `bowman2015large' on page 3 undefined on input line 101
.


LaTeX Warning: Citation `williams2018broad' on page 3 undefined on input line 1
01.


LaTeX Warning: Citation `carreras2005introduction' on page 3 undefined on input
 line 103.


LaTeX Warning: Citation `mikolov2013efficient' on page 3 undefined on input lin
e 107.


LaTeX Warning: Citation `pennington2014glove' on page 3 undefined on input line
 107.


LaTeX Warning: Citation `bojanowski2016enriching' on page 3 undefined on input 
line 107.


LaTeX Warning: Citation `peters2018deep' on page 3 undefined on input line 107.



LaTeX Warning: `h' float specifier changed to `ht'.


LaTeX Warning: Citation `gardner2018allennlp' on page 3 undefined on input line
 130.

LaTeX Font Info:    Calculating math sizes for size <7.5> on input line 137.

LaTeX Font Warning: Font shape `OT1/cmr/m/n' in size <7.5> not available
(Font)              size <7> substituted on input line 137.


LaTeX Font Warning: Font shape `OT1/cmr/m/n' in size <3.75> not available
(Font)              size <5> substituted on input line 137.


LaTeX Font Warning: Font shape `OML/cmm/m/it' in size <7.5> not available
(Font)              size <7> substituted on input line 137.


LaTeX Font Warning: Font shape `OML/cmm/m/it' in size <3.75> not available
(Font)              size <5> substituted on input line 137.


LaTeX Font Warning: Font shape `OMS/cmsy/m/n' in size <7.5> not available
(Font)              size <7> substituted on input line 137.


LaTeX Font Warning: Font shape `OMS/cmsy/m/n' in size <3.75> not available
(Font)              size <5> substituted on input line 137.

LaTeX Font Info:    External font `cmex10' loaded for size
(Font)              <7.5> on input line 137.
LaTeX Font Info:    External font `cmex10' loaded for size
(Font)              <5.24997> on input line 137.
LaTeX Font Info:    External font `cmex10' loaded for size
(Font)              <3.75> on input line 137.
LaTeX Font Info:    Calculating math sizes for size <> on input line 139.

LaTeX Font Warning: Font shape `OT1/cmr/m/n' in size <> not available
(Font)              size <5> substituted on input line 139.


LaTeX Font Warning: Font shape `OT1/cmr/m/n' in size <0.7> not available
(Font)              size <5> substituted on input line 139.


LaTeX Font Warning: Font shape `OT1/cmr/m/n' in size <0.5> not available
(Font)              size <5> substituted on input line 139.


LaTeX Font Warning: Font shape `OML/cmm/m/it' in size <> not available
(Font)              size <5> substituted on input line 139.


LaTeX Font Warning: Font shape `OML/cmm/m/it' in size <0.7> not available
(Font)              size <5> substituted on input line 139.


LaTeX Font Warning: Font shape `OML/cmm/m/it' in size <0.5> not available
(Font)              size <5> substituted on input line 139.


LaTeX Font Warning: Font shape `OMS/cmsy/m/n' in size <> not available
(Font)              size <5> substituted on input line 139.


LaTeX Font Warning: Font shape `OMS/cmsy/m/n' in size <0.7> not available
(Font)              size <5> substituted on input line 139.


LaTeX Font Warning: Font shape `OMS/cmsy/m/n' in size <0.5> not available
(Font)              size <5> substituted on input line 139.

LaTeX Font Info:    External font `cmex10' loaded for size
(Font)              <> on input line 139.
LaTeX Font Info:    External font `cmex10' loaded for size
(Font)              <0.7> on input line 139.
LaTeX Font Info:    External font `cmex10' loaded for size
(Font)              <0.5> on input line 139.

LaTeX Warning: Citation `zeiler2012adadelta' on page 3 undefined on input line 
141.

[3]
Underfull \hbox (badness 2744) in paragraph at lines 147--148
[]\OT1/ptm/m/n/10 We ad-di-tion-ally re-port re-sults on the full-sentence,
 []


LaTeX Warning: `h' float specifier changed to `ht'.

<distribution.png, id=31, 219.82124pt x 151.767pt>
File: distribution.png Graphic file (type png)
<use distribution.png>
Package pdftex.def Info: distribution.png  used on input line 179.
(pdftex.def)             Requested size: 191.51622pt x 132.22842pt.

LaTeX Warning: `h' float specifier changed to `ht'.


LaTeX Warning: Citation `rissman2015using' on page 4 undefined on input line 18
7.

[4 <./distribution.png>]

LaTeX Warning: Citation `reisinger2015semantic' on page 5 undefined on input li
ne 205.


LaTeX Warning: Citation `aldezabal2002learning' on page 5 undefined on input li
ne 205.


LaTeX Warning: `h' float specifier changed to `ht'.


LaTeX Warning: Citation `belinkov2014exploring' on page 5 undefined on input li
ne 245.


LaTeX Warning: `h' float specifier changed to `ht'.

[5]
Underfull \vbox (badness 10000) has occurred while \output is active []



LaTeX Warning: Citation `carreras2005introduction' on page 6 undefined on input
 line 264.


LaTeX Warning: Citation `carreras2005introduction' on page 6 undefined on input
 line 264.


LaTeX Warning: Citation `pradhan2012conll' on page 6 undefined on input line 26
4.


LaTeX Warning: Citation `pradhan2012conll' on page 6 undefined on input line 26
4.


LaTeX Warning: Citation `tenney2019what' on page 6 undefined on input line 264.



LaTeX Warning: Citation `tenney2019what' on page 6 undefined on input line 264.



LaTeX Warning: Citation `belinkov2014exploring' on page 6 undefined on input li
ne 264.


LaTeX Warning: Citation `bowman2018looking' on page 6 undefined on input line 2
66.


LaTeX Warning: Citation `bowman2018looking' on page 6 undefined on input line 2
66.


LaTeX Warning: Citation `yeh2000more' on page 6 undefined on input line 266.

[6]

LaTeX Warning: Citation `belinkov2014exploring' on page 7 undefined on input li
ne 268.


LaTeX Warning: Citation `belinkov2014exploring' on page 7 undefined on input li
ne 268.


Underfull \hbox (badness 6961) in paragraph at lines 287--288
\OT1/ptm/m/n/10 We have pro-posed two dif-fer-ent tasks---binary and
 []


Underfull \hbox (badness 1226) in paragraph at lines 293--294
\OT1/ptm/m/n/10 This re-search was sup-ported by NSF IN-SPIRE (BCS-
 []

No file AAAI-KimN.7220_changed.bbl.
[7] [8

] (AAAI-KimN.7220_changed.aux)
 ***********
LaTeX2e <2023-06-01> patch level 1
L3 programming layer <2023-08-29>
 ***********


LaTeX Font Warning: Size substitutions with differences
(Font)              up to 4.5pt have occurred.

 ) 
Here is how much of TeX's memory you used:
 1897 strings out of 475247
 32905 string characters out of 5757792
 1947801 words of memory out of 5000000
 23396 multiletter control sequences out of 15000+600000
 587358 words of font info for 84 fonts, out of 8000000 for 9000
 1141 hyphenation exceptions out of 8191
 57i,13n,65p,1767b,361s stack positions out of 10000i,1000n,20000p,200000b,200000s
<C:/Users/micha/AppData/Local/Programs/MiKTeX/fonts/type1/public/amsfonts/cm/
cmmi10.pfb><C:/Users/micha/AppData/Local/Programs/MiKTeX/fonts/type1/public/ams
fonts/cm/cmmi5.pfb><C:/Users/micha/AppData/Local/Programs/MiKTeX/fonts/type1/pu
blic/amsfonts/cm/cmmi7.pfb><C:/Users/micha/AppData/Local/Programs/MiKTeX/fonts/
type1/public/amsfonts/cm/cmmi8.pfb><C:/Users/micha/AppData/Local/Programs/MiKTe
X/fonts/type1/public/amsfonts/cm/cmmi9.pfb><C:/Users/micha/AppData/Local/Progra
ms/MiKTeX/fonts/type1/public/amsfonts/cm/cmr10.pfb><C:/Users/micha/AppData/Loca
l/Programs/MiKTeX/fonts/type1/public/amsfonts/cm/cmr6.pfb><C:/Users/micha/AppDa
ta/Local/Programs/MiKTeX/fonts/type1/public/amsfonts/cm/cmr7.pfb><C:/Users/mich
a/AppData/Local/Programs/MiKTeX/fonts/type1/public/amsfonts/cm/cmr8.pfb><C:/Use
rs/micha/AppData/Local/Programs/MiKTeX/fonts/type1/public/amsfonts/cm/cmr9.pfb>
<C:/Users/micha/AppData/Local/Programs/MiKTeX/fonts/type1/public/amsfonts/cm/cm
sy10.pfb><C:/Users/micha/AppData/Local/Programs/MiKTeX/fonts/type1/public/amsfo
nts/cm/cmsy7.pfb><C:/Users/micha/AppData/Local/Programs/MiKTeX/fonts/type1/publ
ic/amsfonts/cm/cmsy8.pfb><C:/Users/micha/AppData/Local/Programs/MiKTeX/fonts/ty
pe1/urw/courier/ucrr8a.pfb><C:/Users/micha/AppData/Local/Programs/MiKTeX/fonts/
type1/urw/times/utmb8a.pfb><C:/Users/micha/AppData/Local/Programs/MiKTeX/fonts/
type1/urw/times/utmbi8a.pfb><C:/Users/micha/AppData/Local/Programs/MiKTeX/fonts
/type1/urw/times/utmr8a.pfb><C:/Users/micha/AppData/Local/Programs/MiKTeX/fonts
/type1/urw/times/utmri8a.pfb>
Output written on AAAI-KimN.7220_changed.pdf (8 pages, 302462 bytes).
PDF statistics:
 125 PDF objects out of 1000 (max. 8388607)
 0 named destinations out of 1000 (max. 500000)
 11 words of extra memory for PDF output out of 10000 (max. 10000000)

