This is pdfTeX, Version 3.141592653-2.6-1.40.25 (MiKTeX 23.9) (preloaded format=pdflatex 2023.9.22)  31 MAR 2024 19:09
entering extended mode
 restricted \write18 enabled.
 %&-line parsing enabled.
**./TopoPool_arxiv_changed.tex
(TopoPool_arxiv_changed.tex
LaTeX2e <2023-06-01> patch level 1
L3 programming layer <2023-08-29>
(C:\Users\micha\AppData\Local\Programs\MiKTeX\tex/latex/base\article.cls
Document Class: article 2023/05/17 v1.4n Standard LaTeX document class
(C:\Users\micha\AppData\Local\Programs\MiKTeX\tex/latex/base\size10.clo
File: size10.clo 2023/05/17 v1.4n Standard LaTeX file (size option)
)
\c@part=\count185
\c@section=\count186
\c@subsection=\count187
\c@subsubsection=\count188
\c@paragraph=\count189
\c@subparagraph=\count190
\c@figure=\count191
\c@table=\count192
\abovecaptionskip=\skip48
\belowcaptionskip=\skip49
\bibindent=\dimen140
)
(aaai23.sty
Package: aaai23 2023/06/27 AAAI 2023 Submission format

Conference Style for AAAI for LaTeX 2e -- version for submission
\titlebox=\skip50
) (C:\Users\micha\AppData\Local\Programs\MiKTeX\tex/latex/psnfss\times.sty
Package: times 2020/03/25 PSNFSS-v9.3 (SPQR) 
)
(C:\Users\micha\AppData\Local\Programs\MiKTeX\tex/latex/psnfss\helvet.sty
Package: helvet 2020/03/25 PSNFSS-v9.3 (WaS) 

(C:\Users\micha\AppData\Local\Programs\MiKTeX\tex/latex/graphics\keyval.sty
Package: keyval 2022/05/29 v1.15 key=value parser (DPC)
\KV@toks@=\toks17
))
(C:\Users\micha\AppData\Local\Programs\MiKTeX\tex/latex/psnfss\courier.sty
Package: courier 2020/03/25 PSNFSS-v9.3 (WaS) 
)
(C:\Users\micha\AppData\Local\Programs\MiKTeX\tex/latex/url\url.sty
\Urlmuskip=\muskip16
Package: url 2013/09/16  ver 3.4  Verb mode for urls, etc.
)
(C:\Users\micha\AppData\Local\Programs\MiKTeX\tex/latex/graphics\graphicx.sty
Package: graphicx 2021/09/16 v1.2d Enhanced LaTeX Graphics (DPC,SPQR)

(C:\Users\micha\AppData\Local\Programs\MiKTeX\tex/latex/graphics\graphics.sty
Package: graphics 2022/03/10 v1.4e Standard LaTeX Graphics (DPC,SPQR)

(C:\Users\micha\AppData\Local\Programs\MiKTeX\tex/latex/graphics\trig.sty
Package: trig 2021/08/11 v1.11 sin cos tan (DPC)
)
(C:\Users\micha\AppData\Local\Programs\MiKTeX\tex/latex/graphics-cfg\graphics.c
fg
File: graphics.cfg 2016/06/04 v1.11 sample graphics configuration
)
Package graphics Info: Driver file: pdftex.def on input line 107.

(C:\Users\micha\AppData\Local\Programs\MiKTeX\tex/latex/graphics-def\pdftex.def
File: pdftex.def 2022/09/22 v1.2b Graphics/color driver for pdftex
))
\Gin@req@height=\dimen141
\Gin@req@width=\dimen142
) (C:\Users\micha\AppData\Local\Programs\MiKTeX\tex/latex/natbib\natbib.sty
Package: natbib 2010/09/13 8.31b (PWD, AO)
\bibhang=\skip51
\bibsep=\skip52
LaTeX Info: Redefining \cite on input line 694.
\c@NAT@ctr=\count193
)
(C:\Users\micha\AppData\Local\Programs\MiKTeX\tex/latex/caption\caption.sty
Package: caption 2023/07/31 v3.6n Customizing captions (AR)

(C:\Users\micha\AppData\Local\Programs\MiKTeX\tex/latex/caption\caption3.sty
Package: caption3 2023/07/31 v2.4d caption3 kernel (AR)
\caption@tempdima=\dimen143
\captionmargin=\dimen144
\caption@leftmargin=\dimen145
\caption@rightmargin=\dimen146
\caption@width=\dimen147
\caption@indent=\dimen148
\caption@parindent=\dimen149
\caption@hangindent=\dimen150
Package caption Info: Standard document class detected.
)
\c@caption@flags=\count194
\c@continuedfloat=\count195
)
(C:\Users\micha\AppData\Local\Programs\MiKTeX\tex/latex/enumitem\enumitem.sty
Package: enumitem 2019/06/20 v3.9 Customized lists
\labelindent=\skip53
\enit@outerparindent=\dimen151
\enit@toks=\toks18
\enit@inbox=\box51
\enit@count@id=\count196
\enitdp@description=\count197
)
(C:\Users\micha\AppData\Local\Programs\MiKTeX\tex/latex/algorithms\algorithm.st
y
Package: algorithm 2009/08/24 v0.1 Document Style `algorithm' - floating enviro
nment
 (C:\Users\micha\AppData\Local\Programs\MiKTeX\tex/latex/float\float.sty
Package: float 2001/11/08 v1.3d Float enhancements (AL)
\c@float@type=\count198
\float@exts=\toks19
\float@box=\box52
\@float@everytoks=\toks20
\@floatcapt=\box53
)
(C:\Users\micha\AppData\Local\Programs\MiKTeX\tex/latex/base\ifthen.sty
Package: ifthen 2022/04/13 v1.1d Standard LaTeX ifthen package (DPC)
)
\@float@every@algorithm=\toks21
\c@algorithm=\count199
)
(C:\Users\micha\AppData\Local\Programs\MiKTeX\tex/latex/algorithms\algorithmic.
sty
Package: algorithmic 2009/08/24 v0.1 Document Style `algorithmic'
\c@ALC@unique=\count266
\c@ALC@line=\count267
\c@ALC@rem=\count268
\c@ALC@depth=\count269
\ALC@tlm=\skip54
\algorithmicindent=\skip55
)
(C:\Users\micha\AppData\Local\Programs\MiKTeX\tex/latex/subfigure\subfigure.sty
Package: subfigure 2002/07/30 v2.1.4 subfigure package
\subfigtopskip=\skip56
\subfigcapskip=\skip57
\subfigcaptopadj=\dimen152
\subfigbottomskip=\skip58
\subfigcapmargin=\dimen153
\subfiglabelskip=\skip59
\c@subfigure=\count270
\c@lofdepth=\count271
\c@subtable=\count272
\c@lotdepth=\count273
****************************************
* Local config file subfigure.cfg used *
****************************************

(C:\Users\micha\AppData\Local\Programs\MiKTeX\tex/latex/subfigure\subfigure.cfg
)
\subfig@top=\skip60
\subfig@bottom=\skip61
)
(C:\Users\micha\AppData\Local\Programs\MiKTeX\tex/latex/booktabs\booktabs.sty
Package: booktabs 2020/01/12 v1.61803398 Publication quality tables
\heavyrulewidth=\dimen154
\lightrulewidth=\dimen155
\cmidrulewidth=\dimen156
\belowrulesep=\dimen157
\belowbottomsep=\dimen158
\aboverulesep=\dimen159
\abovetopsep=\dimen160
\cmidrulesep=\dimen161
\cmidrulekern=\dimen162
\defaultaddspace=\dimen163
\@cmidla=\count274
\@cmidlb=\count275
\@aboverulesep=\dimen164
\@belowrulesep=\dimen165
\@thisruleclass=\count276
\@lastruleclass=\count277
\@thisrulewidth=\dimen166
)
(C:\Users\micha\AppData\Local\Programs\MiKTeX\tex/latex/amsmath\amsmath.sty
Package: amsmath 2023/05/13 v2.17o AMS math features
\@mathmargin=\skip62

For additional information on amsmath, use the `?' option.
(C:\Users\micha\AppData\Local\Programs\MiKTeX\tex/latex/amsmath\amstext.sty
Package: amstext 2021/08/26 v2.01 AMS text

(C:\Users\micha\AppData\Local\Programs\MiKTeX\tex/latex/amsmath\amsgen.sty
File: amsgen.sty 1999/11/30 v2.0 generic functions
\@emptytoks=\toks22
\ex@=\dimen167
))
(C:\Users\micha\AppData\Local\Programs\MiKTeX\tex/latex/amsmath\amsbsy.sty
Package: amsbsy 1999/11/29 v1.2d Bold Symbols
\pmbraise@=\dimen168
)
(C:\Users\micha\AppData\Local\Programs\MiKTeX\tex/latex/amsmath\amsopn.sty
Package: amsopn 2022/04/08 v2.04 operator names
)
\inf@bad=\count278
LaTeX Info: Redefining \frac on input line 234.
\uproot@=\count279
\leftroot@=\count280
LaTeX Info: Redefining \overline on input line 399.
LaTeX Info: Redefining \colon on input line 410.
\classnum@=\count281
\DOTSCASE@=\count282
LaTeX Info: Redefining \ldots on input line 496.
LaTeX Info: Redefining \dots on input line 499.
LaTeX Info: Redefining \cdots on input line 620.
\Mathstrutbox@=\box54
\strutbox@=\box55
LaTeX Info: Redefining \big on input line 722.
LaTeX Info: Redefining \Big on input line 723.
LaTeX Info: Redefining \bigg on input line 724.
LaTeX Info: Redefining \Bigg on input line 725.
\big@size=\dimen169
LaTeX Font Info:    Redeclaring font encoding OML on input line 743.
LaTeX Font Info:    Redeclaring font encoding OMS on input line 744.
\macc@depth=\count283
LaTeX Info: Redefining \bmod on input line 905.
LaTeX Info: Redefining \pmod on input line 910.
LaTeX Info: Redefining \smash on input line 940.
LaTeX Info: Redefining \relbar on input line 970.
LaTeX Info: Redefining \Relbar on input line 971.
\c@MaxMatrixCols=\count284
\dotsspace@=\muskip17
\c@parentequation=\count285
\dspbrk@lvl=\count286
\tag@help=\toks23
\row@=\count287
\column@=\count288
\maxfields@=\count289
\andhelp@=\toks24
\eqnshift@=\dimen170
\alignsep@=\dimen171
\tagshift@=\dimen172
\tagwidth@=\dimen173
\totwidth@=\dimen174
\lineht@=\dimen175
\@envbody=\toks25
\multlinegap=\skip63
\multlinetaggap=\skip64
\mathdisplay@stack=\toks26
LaTeX Info: Redefining \[ on input line 2953.
LaTeX Info: Redefining \] on input line 2954.
)
(C:\Users\micha\AppData\Local\Programs\MiKTeX\tex/latex/amsfonts\amssymb.sty
Package: amssymb 2013/01/14 v3.01 AMS font symbols

(C:\Users\micha\AppData\Local\Programs\MiKTeX\tex/latex/amsfonts\amsfonts.sty
Package: amsfonts 2013/01/14 v3.01 Basic AMSFonts support
\symAMSa=\mathgroup4
\symAMSb=\mathgroup5
LaTeX Font Info:    Redeclaring math symbol \hbar on input line 98.
LaTeX Font Info:    Overwriting math alphabet `\mathfrak' in version `bold'
(Font)                  U/euf/m/n --> U/euf/b/n on input line 106.
)) (C:\Users\micha\AppData\Local\Programs\MiKTeX\tex/latex/multirow\multirow.st
y
Package: multirow 2021/03/15 v2.8 Span multiple rows of a table
\multirow@colwidth=\skip65
\multirow@cntb=\count290
\multirow@dima=\skip66
\bigstrutjot=\dimen176
) (C:\Users\micha\AppData\Local\Programs\MiKTeX\tex/latex/xcolor\xcolor.sty
Package: xcolor 2022/06/12 v2.14 LaTeX color extensions (UK)

(C:\Users\micha\AppData\Local\Programs\MiKTeX\tex/latex/graphics-cfg\color.cfg
File: color.cfg 2016/01/02 v1.6 sample color configuration
)
Package xcolor Info: Driver file: pdftex.def on input line 227.
(C:\Users\micha\AppData\Local\Programs\MiKTeX\tex/latex/graphics\mathcolor.ltx)
Package xcolor Info: Model `cmy' substituted by `cmy0' on input line 1353.
Package xcolor Info: Model `hsb' substituted by `rgb' on input line 1357.
Package xcolor Info: Model `RGB' extended on input line 1369.
Package xcolor Info: Model `HTML' substituted by `rgb' on input line 1371.
Package xcolor Info: Model `Hsb' substituted by `hsb' on input line 1372.
Package xcolor Info: Model `tHsb' substituted by `hsb' on input line 1373.
Package xcolor Info: Model `HSB' substituted by `hsb' on input line 1374.
Package xcolor Info: Model `Gray' substituted by `gray' on input line 1375.
Package xcolor Info: Model `wave' substituted by `hsb' on input line 1376.
) (C:\Users\micha\AppData\Local\Programs\MiKTeX\tex/latex/jknappen\mathrsfs.sty
Package: mathrsfs 1996/01/01 Math RSFS package v1.0 (jk)
\symrsfs=\mathgroup6
) (C:\Users\micha\AppData\Local\Programs\MiKTeX\tex/latex/colortbl\colortbl.sty
Package: colortbl 2022/06/20 v1.0f Color table columns (DPC)
(C:\Users\micha\AppData\Local\Programs\MiKTeX\tex/latex/tools\array.sty
Package: array 2022/09/04 v2.5g Tabular extension package (FMi)
\col@sep=\dimen177
\ar@mcellbox=\box56
\extrarowheight=\dimen178
\NC@list=\toks27
\extratabsurround=\skip67
\backup@length=\skip68
\ar@cellbox=\box57
)
\everycr=\toks28
\minrowclearance=\skip69
\rownum=\count291
)
(C:\Users\micha\AppData\Local\Programs\MiKTeX\tex/latex/mathtools\mathtools.sty
Package: mathtools 2022/06/29 v1.29 mathematical typesetting tools
(C:\Users\micha\AppData\Local\Programs\MiKTeX\tex/latex/tools\calc.sty
Package: calc 2017/05/25 v4.3 Infix arithmetic (KKT,FJ)
\calc@Acount=\count292
\calc@Bcount=\count293
\calc@Adimen=\dimen179
\calc@Bdimen=\dimen180
\calc@Askip=\skip70
\calc@Bskip=\skip71
LaTeX Info: Redefining \setlength on input line 80.
LaTeX Info: Redefining \addtolength on input line 81.
\calc@Ccount=\count294
\calc@Cskip=\skip72
)
(C:\Users\micha\AppData\Local\Programs\MiKTeX\tex/latex/mathtools\mhsetup.sty
Package: mhsetup 2021/03/18 v1.4 programming setup (MH)
)
\g_MT_multlinerow_int=\count295
\l_MT_multwidth_dim=\dimen181
\origjot=\skip73
\l_MT_shortvdotswithinadjustabove_dim=\dimen182
\l_MT_shortvdotswithinadjustbelow_dim=\dimen183
\l_MT_above_intertext_sep=\dimen184
\l_MT_below_intertext_sep=\dimen185
\l_MT_above_shortintertext_sep=\dimen186
\l_MT_below_shortintertext_sep=\dimen187
\xmathstrut@box=\box58
\xmathstrut@dim=\dimen188
) (C:\Users\micha\AppData\Local\Programs\MiKTeX\tex/latex/ulem\ulem.sty
\UL@box=\box59
\UL@hyphenbox=\box60
\UL@skip=\skip74
\UL@hook=\toks29
\UL@height=\dimen189
\UL@pe=\count296
\UL@pixel=\dimen190
\ULC@box=\box61
Package: ulem 2019/11/18
\ULdepth=\dimen191
)
\c@definition=\count297
\c@theorem=\count298
\c@remark=\count299

(C:\Users\micha\AppData\Local\Programs\MiKTeX\tex/latex/newfloat\newfloat.sty
Package: newfloat 2023/10/01 v1.2 Defining new floating environments (AR)
)
(C:\Users\micha\AppData\Local\Programs\MiKTeX\tex/latex/listings\listings.sty
\lst@mode=\count300
\lst@gtempboxa=\box62
\lst@token=\toks30
\lst@length=\count301
\lst@currlwidth=\dimen192
\lst@column=\count302
\lst@pos=\count303
\lst@lostspace=\dimen193
\lst@width=\dimen194
\lst@newlines=\count304
\lst@lineno=\count305
\lst@maxwidth=\dimen195

(C:\Users\micha\AppData\Local\Programs\MiKTeX\tex/latex/listings\lstmisc.sty
File: lstmisc.sty 2023/02/27 1.9 (Carsten Heinz)
\c@lstnumber=\count306
\lst@skipnumbers=\count307
\lst@framebox=\box63
)
(C:\Users\micha\AppData\Local\Programs\MiKTeX\tex/latex/listings\listings.cfg
File: listings.cfg 2023/02/27 1.9 listings configuration
))
Package: listings 2023/02/27 1.9 (Carsten Heinz)
\@float@every@listing=\toks31
\c@listing=\count308
(C:\Users\micha\AppData\Local\Programs\MiKTeX\tex/latex/natbib\bibentry.sty
Package: bibentry 2007/10/30 1.5 (PWD)
)
LaTeX Font Info:    Trying to load font information for OT1+ptm on input line 1
33.

(C:\Users\micha\AppData\Local\Programs\MiKTeX\tex/latex/psnfss\ot1ptm.fd
File: ot1ptm.fd 2001/06/04 font definitions for OT1/ptm.
)
(C:\Users\micha\AppData\Local\Programs\MiKTeX\tex/latex/l3backend\l3backend-pdf
tex.def
File: l3backend-pdftex.def 2023-04-19 L3 backend support: PDF output (pdfTeX)
\l__color_backend_stack_int=\count309
\l__pdf_internal_box=\box64
) (TopoPool_arxiv_changed.aux)
\openout1 = `TopoPool_arxiv_changed.aux'.

LaTeX Font Info:    Checking defaults for OML/cmm/m/it on input line 133.
LaTeX Font Info:    ... okay on input line 133.
LaTeX Font Info:    Checking defaults for OMS/cmsy/m/n on input line 133.
LaTeX Font Info:    ... okay on input line 133.
LaTeX Font Info:    Checking defaults for OT1/cmr/m/n on input line 133.
LaTeX Font Info:    ... okay on input line 133.
LaTeX Font Info:    Checking defaults for T1/cmr/m/n on input line 133.
LaTeX Font Info:    ... okay on input line 133.
LaTeX Font Info:    Checking defaults for TS1/cmr/m/n on input line 133.
LaTeX Font Info:    ... okay on input line 133.
LaTeX Font Info:    Checking defaults for OMX/cmex/m/n on input line 133.
LaTeX Font Info:    ... okay on input line 133.
LaTeX Font Info:    Checking defaults for U/cmr/m/n on input line 133.
LaTeX Font Info:    ... okay on input line 133.

(C:\Users\micha\AppData\Local\Programs\MiKTeX\tex/context/base/mkii\supp-pdf.mk
ii
[Loading MPS to PDF converter (version 2006.09.02).]
\scratchcounter=\count310
\scratchdimen=\dimen196
\scratchbox=\box65
\nofMPsegments=\count311
\nofMParguments=\count312
\everyMPshowfont=\toks32
\MPscratchCnt=\count313
\MPscratchDim=\dimen197
\MPnumerator=\count314
\makeMPintoPDFobject=\count315
\everyMPtoPDFconversion=\toks33
)
(C:\Users\micha\AppData\Local\Programs\MiKTeX\tex/latex/epstopdf-pkg\epstopdf-b
ase.sty
Package: epstopdf-base 2020-01-24 v2.11 Base part for package epstopdf
Package epstopdf-base Info: Redefining graphics rule for `.eps' on input line 4
85.

(C:\Users\micha\AppData\Local\Programs\MiKTeX\tex/latex/00miktex\epstopdf-sys.c
fg
File: epstopdf-sys.cfg 2021/03/18 v2.0 Configuration of epstopdf for MiKTeX
))
Package caption Info: Begin \AtBeginDocument code.
Package caption Info: float package is loaded.
Package caption Info: listings package is loaded.
Package caption Info: subfigure package is loaded.
Package caption Info: End \AtBeginDocument code.
Package newfloat Info: `float' package detected.
\c@lstlisting=\count316
\c@eqfn=\count317
\titlearea=\box66
LaTeX Font Info:    Trying to load font information for U+msa on input line 134
.
 (C:\Users\micha\AppData\Local\Programs\MiKTeX\tex/latex/amsfonts\umsa.fd
File: umsa.fd 2013/01/14 v3.01 AMS symbols A
)
LaTeX Font Info:    Trying to load font information for U+msb on input line 134
.

(C:\Users\micha\AppData\Local\Programs\MiKTeX\tex/latex/amsfonts\umsb.fd
File: umsb.fd 2013/01/14 v3.01 AMS symbols B
)
LaTeX Font Info:    Trying to load font information for U+rsfs on input line 13
4.

(C:\Users\micha\AppData\Local\Programs\MiKTeX\tex/latex/jknappen\ursfs.fd
File: ursfs.fd 1998/03/24 rsfs font definition file (jk)
)
\actualheight=\skip75
LaTeX Font Info:    Trying to load font information for TS1+ptm on input line 1
34.

(C:\Users\micha\AppData\Local\Programs\MiKTeX\tex/latex/psnfss\ts1ptm.fd
File: ts1ptm.fd 2001/06/04 font definitions for TS1/ptm.
)

Package natbib Warning: Citation `zhou2020graph' on page 1 undefined on input l
ine 144.


Package natbib Warning: Citation `xia2021graph' on page 1 undefined on input li
ne 144.


Package natbib Warning: Citation `boureau2010theoretical' on page 1 undefined o
n input line 148.


Package natbib Warning: Citation `shen2018mining' on page 1 undefined on input 
line 148.


Package natbib Warning: Citation `yu2016multi' on page 1 undefined on input lin
e 148.


Package natbib Warning: Citation `defferrard2016convolutional' on page 1 undefi
ned on input line 148.


Package natbib Warning: Citation `huang2019attpool' on page 1 undefined on inpu
t line 149.


Package natbib Warning: Citation `lee2019self' on page 1 undefined on input lin
e 149.


Package natbib Warning: Citation `bianchi2020spectral' on page 1 undefined on i
nput line 149.


Package natbib Warning: Citation `wang2020haar' on page 1 undefined on input li
ne 149.


Package natbib Warning: Citation `bodnar2021deep' on page 1 undefined on input 
line 149.


Package natbib Warning: Citation `yang2021hierarchical' on page 1 undefined on 
input line 149.


Package natbib Warning: Citation `zhou2020graph' on page 1 undefined on input l
ine 177.


Package natbib Warning: Citation `xia2021graph' on page 1 undefined on input li
ne 177.


Package natbib Warning: Citation `ying2018hierarchical' on page 1 undefined on 
input line 179.


Package natbib Warning: Citation `ma2019graph' on page 1 undefined on input lin
e 179.


Package natbib Warning: Citation `cangea2018towards' on page 1 undefined on inp
ut line 179.


Package natbib Warning: Citation `gao2019graph' on page 1 undefined on input li
ne 179.


Package natbib Warning: Citation `lee2019self' on page 1 undefined on input lin
e 179.


Underfull \vbox (badness 10000) has occurred while \output is active []

 [1{C:/Users/micha/AppData/Local/MiKTeX/fonts/map/pdftex/pdftex.map}{C:/Users/m
icha/AppData/Local/Programs/MiKTeX/fonts/enc/dvips/base/8r.enc}



]

Package natbib Warning: Citation `otter2017roadmap' on page 2 undefined on inpu
t line 182.


Package natbib Warning: Citation `carlsson2020topological' on page 2 undefined 
on input line 182.


Package natbib Warning: Citation `carlsson2020topological' on page 2 undefined 
on input line 185.


Package natbib Warning: Citation `tauzin2021giotto' on page 2 undefined on inpu
t line 185.


Package natbib Warning: Citation `de2004topological' on page 2 undefined on inp
ut line 186.


Package natbib Warning: Citation `schonenberger2020witness' on page 2 undefined
 on input line 186.


Package natbib Warning: Citation `poklukar2021geomca' on page 2 undefined on in
put line 186.


Underfull \vbox (badness 1694) has occurred while \output is active []


Overfull \hbox (6.84612pt too wide) in paragraph at lines 196--197
[]
 []


Package natbib Warning: Citation `edelsbrunner2000topological' on page 2 undefi
ned on input line 200.


Package natbib Warning: Citation `zomorodian2005computing' on page 2 undefined 
on input line 200.


Package natbib Warning: Citation `hofer2020graph' on page 2 undefined on input 
line 210.

[2]

Package natbib Warning: Citation `carlsson2021topological' on page 3 undefined 
on input line 216.

LaTeX Font Info:    Trying to load font information for U+euf on input line 217
.
(C:\Users\micha\AppData\Local\Programs\MiKTeX\tex/latex/amsfonts\ueuf.fd
File: ueuf.fd 2013/01/14 v3.01 Euler Fraktur
)
<Figures/Wit_TopoPool_updated_flowchart_v2.png, id=26, 1153.30875pt x 506.89375
pt>
File: Figures/Wit_TopoPool_updated_flowchart_v2.png Graphic file (type png)
<use Figures/Wit_TopoPool_updated_flowchart_v2.png>
Package pdftex.def Info: Figures/Wit_TopoPool_updated_flowchart_v2.png  used on
 input line 228.
(pdftex.def)             Requested size: 455.2979pt x 200.10869pt.

! Argument of \caption@@@withoptargs has an extra }.
<inserted text> 
                \par 
l.229 ...etails see Appendix~A).\label{flowchart}}
                                                  
I've run across a `}' that doesn't seem to match anything.
For example, `\def\a#1{...}' and `\a}' would produce
this error. If you simply proceed now, the `\par' that
I've just inserted will cause me to report a runaway
argument that might be the root of the problem. But if
your `}' was spurious, just type `2' and it will go away.

Runaway argument?
{\caption@@xlabel }{\def \reserved@a *{\def \caption@tempa {*}\caption@@withopt
args \ETC.
! Paragraph ended before \caption@@@withoptargs was complete.
<to be read again> 
                   \par 
l.229 ...etails see Appendix~A).\label{flowchart}}
                                                  
I suspect you've forgotten a `}', causing me to apply this
control sequence to too much text. How can we recover?
My plan is to forget the whole thing and hope for the best.


Underfull \hbox (badness 1406) in paragraph at lines 233--236
 \OT1/ptm/b/n/10 GNN-based Topo-log-i-cal Pool-ing Layer \OT1/ptm/m/n/10 The ul
-ti-mate
 []


Underfull \hbox (badness 3189) in paragraph at lines 239--242
\OT1/ptm/m/n/10 Here $\OML/cmm/m/it/10 ^^[\OT1/cmr/m/n/10 (\OMS/cmsy/m/n/10 ^^A
\OT1/cmr/m/n/10 )$ \OT1/ptm/m/n/10 is the non-linear ac-ti-va-tion func-tion (e
.g.,
 []


Underfull \hbox (badness 3138) in paragraph at lines 245--247
[][] \OT1/cmr/m/n/10 = []$ \OT1/ptm/m/it/10 or (ii) Gaus-sian Ker-nel:
 []

[3]

Package natbib Warning: Citation `girdhar2017attentional' on page 4 undefined o
n input line 273.


Underfull \hbox (badness 1320) in paragraph at lines 281--288
 \OT1/ptm/b/n/10 Wit-ness Complex-based Topo-log-i-cal Layer \OT1/ptm/m/n/10 No
w we
 []

[4 <./Figures/Wit_TopoPool_updated_flowchart_v2.png>]

Package natbib Warning: Citation `kriege2012subgraph' on page 5 undefined on in
put line 331.


Package natbib Warning: Citation `morris2016faster' on page 5 undefined on inpu
t line 331.


Package natbib Warning: Citation `morris2016faster' on page 5 undefined on inpu
t line 331.


Package natbib Warning: Citation `shervashidze2011weisfeiler' on page 5 undefin
ed on input line 331.


Package natbib Warning: Citation `kriege2016valid' on page 5 undefined on input
 line 331.


Package natbib Warning: Citation `zhang2018end' on page 5 undefined on input li
ne 331.


Package natbib Warning: Citation `kipf2016semi' on page 5 undefined on input li
ne 331.


Package natbib Warning: Citation `xu2018powerful' on page 5 undefined on input 
line 331.


Package natbib Warning: Citation `gao2019graph' on page 5 undefined on input li
ne 331.


Package natbib Warning: Citation `bianchi2020spectral' on page 5 undefined on i
nput line 331.


Package natbib Warning: Citation `ying2018hierarchical' on page 5 undefined on 
input line 331.


Package natbib Warning: Citation `ma2019graph' on page 5 undefined on input lin
e 331.


Package natbib Warning: Citation `lee2019self' on page 5 undefined on input lin
e 331.


Package natbib Warning: Citation `wang2020haar' on page 5 undefined on input li
ne 331.


Package natbib Warning: Citation `carriere2020perslay' on page 5 undefined on i
nput line 331.


Package natbib Warning: Citation `o2021filtration' on page 5 undefined on input
 line 331.


Package natbib Warning: Citation `bodnar2021deep' on page 5 undefined on input 
line 331.


Package natbib Warning: Citation `bodnar2021weisfeiler' on page 5 undefined on 
input line 331.

! Argument of \caption@@@withoptargs has an extra }.
<inserted text> 
                \par 
l.333 \label{classification_results_bio_graphs}}
                                                
I've run across a `}' that doesn't seem to match anything.
For example, `\def\a#1{...}' and `\a}' would produce
this error. If you simply proceed now, the `\par' that
I've just inserted will cause me to report a runaway
argument that might be the root of the problem. But if
your `}' was spurious, just type `2' and it will go away.

Runaway argument?
{\caption@@xlabel }{\def \reserved@a *{\def \caption@tempa {*}\caption@@withopt
args \ETC.
! Paragraph ended before \caption@@@withoptargs was complete.
<to be read again> 
                   \par 
l.333 \label{classification_results_bio_graphs}}
                                                
I suspect you've forgotten a `}', causing me to apply this
control sequence to too much text. How can we recover?
My plan is to forget the whole thing and hope for the best.


LaTeX Warning: `!h' float specifier changed to `!ht'.


Package natbib Warning: Citation `kriege2012subgraph' on page 5 undefined on in
put line 340.


Package natbib Warning: Citation `morris2016faster' on page 5 undefined on inpu
t line 341.


Package natbib Warning: Citation `morris2016faster' on page 5 undefined on inpu
t line 342.


Package natbib Warning: Citation `shervashidze2011weisfeiler' on page 5 undefin
ed on input line 342.


Package natbib Warning: Citation `kriege2016valid' on page 5 undefined on input
 line 342.


Package natbib Warning: Citation `kipf2016semi' on page 5 undefined on input li
ne 342.


Package natbib Warning: Citation `xu2018powerful' on page 5 undefined on input 
line 342.


Package natbib Warning: Citation `zhang2018end' on page 5 undefined on input li
ne 342.


Package natbib Warning: Citation `carriere2020perslay' on page 5 undefined on i
nput line 342.


Package natbib Warning: Citation `o2021filtration' on page 5 undefined on input
 line 342.


Package natbib Warning: Citation `bodnar2021deep' on page 5 undefined on input 
line 342.


Package natbib Warning: Citation `bodnar2021weisfeiler' on page 5 undefined on 
input line 342.


Package natbib Warning: Citation `ying2018hierarchical' on page 5 undefined on 
input line 342.


Package natbib Warning: Citation `gao2019graph' on page 5 undefined on input li
ne 342.


Package natbib Warning: Citation `ma2019graph' on page 5 undefined on input lin
e 342.


Package natbib Warning: Citation `lee2019self' on page 5 undefined on input lin
e 342.


Package natbib Warning: Citation `bianchi2020spectral' on page 5 undefined on i
nput line 342.


Package natbib Warning: Citation `wang2020haar' on page 5 undefined on input li
ne 342.


Underfull \hbox (badness 1622) in paragraph at lines 340--343
 \OT1/ptm/b/n/10 Base-lines \OT1/ptm/m/n/10 We eval-u-ate the per-for-mances of
 our Wit-
 []

[5]

Package natbib Warning: Citation `kriege2012subgraph' on page 6 undefined on in
put line 386.


Package natbib Warning: Citation `morris2016faster' on page 6 undefined on inpu
t line 386.


Package natbib Warning: Citation `morris2016faster' on page 6 undefined on inpu
t line 386.


Package natbib Warning: Citation `shervashidze2011weisfeiler' on page 6 undefin
ed on input line 386.


Package natbib Warning: Citation `kriege2016valid' on page 6 undefined on input
 line 386.


Package natbib Warning: Citation `zhang2018end' on page 6 undefined on input li
ne 386.


Package natbib Warning: Citation `kipf2016semi' on page 6 undefined on input li
ne 386.


Package natbib Warning: Citation `xu2018powerful' on page 6 undefined on input 
line 386.


Package natbib Warning: Citation `gao2019graph' on page 6 undefined on input li
ne 386.


Package natbib Warning: Citation `bianchi2020spectral' on page 6 undefined on i
nput line 386.


Package natbib Warning: Citation `ying2018hierarchical' on page 6 undefined on 
input line 386.


Package natbib Warning: Citation `ma2019graph' on page 6 undefined on input lin
e 386.


Package natbib Warning: Citation `lee2019self' on page 6 undefined on input lin
e 386.


Package natbib Warning: Citation `wang2020haar' on page 6 undefined on input li
ne 386.


Package natbib Warning: Citation `carriere2020perslay' on page 6 undefined on i
nput line 386.


Package natbib Warning: Citation `o2021filtration' on page 6 undefined on input
 line 386.


Package natbib Warning: Citation `bodnar2021deep' on page 6 undefined on input 
line 386.


Package natbib Warning: Citation `bodnar2021weisfeiler' on page 6 undefined on 
input line 386.

! Argument of \caption@@@withoptargs has an extra }.
<inserted text> 
                \par 
l.388 ...el{classification_results_social_graphs}}
                                                  
I've run across a `}' that doesn't seem to match anything.
For example, `\def\a#1{...}' and `\a}' would produce
this error. If you simply proceed now, the `\par' that
I've just inserted will cause me to report a runaway
argument that might be the root of the problem. But if
your `}' was spurious, just type `2' and it will go away.

Runaway argument?
{\caption@@xlabel }{\def \reserved@a *{\def \caption@tempa {*}\caption@@withopt
args \ETC.
! Paragraph ended before \caption@@@withoptargs was complete.
<to be read again> 
                   \par 
l.388 ...el{classification_results_social_graphs}}
                                                  
I suspect you've forgotten a `}', causing me to apply this
control sequence to too much text. How can we recover?
My plan is to forget the whole thing and hope for the best.


LaTeX Warning: `!h' float specifier changed to `!ht'.


Underfull \vbox (badness 3000) has occurred while \output is active []

 [6]
! Argument of \caption@@@withoptargs has an extra }.
<inserted text> 
                \par 
l.418 ...chitecture.\label{ablation_architecture}}
                                                  
I've run across a `}' that doesn't seem to match anything.
For example, `\def\a#1{...}' and `\a}' would produce
this error. If you simply proceed now, the `\par' that
I've just inserted will cause me to report a runaway
argument that might be the root of the problem. But if
your `}' was spurious, just type `2' and it will go away.

Runaway argument?
{\caption@@xlabel }{\def \reserved@a *{\def \caption@tempa {*}\caption@@withopt
args \ETC.
! Paragraph ended before \caption@@@withoptargs was complete.
<to be read again> 
                   \par 
l.418 ...chitecture.\label{ablation_architecture}}
                                                  
I suspect you've forgotten a `}', causing me to apply this
control sequence to too much text. How can we recover?
My plan is to forget the whole thing and hope for the best.

! Argument of \caption@@@withoptargs has an extra }.
<inserted text> 
                \par 
l.439 ...PTC\_MM.\label{landmark_set_sensitivity}}
                                                  
I've run across a `}' that doesn't seem to match anything.
For example, `\def\a#1{...}' and `\a}' would produce
this error. If you simply proceed now, the `\par' that
I've just inserted will cause me to report a runaway
argument that might be the root of the problem. But if
your `}' was spurious, just type `2' and it will go away.

Runaway argument?
{\caption@@xlabel }{\def \reserved@a *{\def \caption@tempa {*}\caption@@withopt
args \ETC.
! Paragraph ended before \caption@@@withoptargs was complete.
<to be read again> 
                   \par 
l.439 ...PTC\_MM.\label{landmark_set_sensitivity}}
                                                  
I suspect you've forgotten a `}', causing me to apply this
control sequence to too much text. How can we recover?
My plan is to forget the whole thing and hope for the best.


LaTeX Warning: `!h' float specifier changed to `!ht'.

! Argument of \caption@@@withoptargs has an extra }.
<inserted text> 
                \par 
l.458 ... PTC\_MM.\label{importance_measurements}}
                                                  
I've run across a `}' that doesn't seem to match anything.
For example, `\def\a#1{...}' and `\a}' would produce
this error. If you simply proceed now, the `\par' that
I've just inserted will cause me to report a runaway
argument that might be the root of the problem. But if
your `}' was spurious, just type `2' and it will go away.

Runaway argument?
{\caption@@xlabel }{\def \reserved@a *{\def \caption@tempa {*}\caption@@withopt
args \ETC.
! Paragraph ended before \caption@@@withoptargs was complete.
<to be read again> 
                   \par 
l.458 ... PTC\_MM.\label{importance_measurements}}
                                                  
I suspect you've forgotten a `}', causing me to apply this
control sequence to too much text. How can we recover?
My plan is to forget the whole thing and hope for the best.


LaTeX Warning: `!h' float specifier changed to `!ht'.


Package natbib Warning: Citation `edelsbrunner2000topological' on page 7 undefi
ned on input line 461.


Package natbib Warning: Citation `cormen2022introduction' on page 7 undefined o
n input line 461.

No file TopoPool_arxiv_changed.bbl.
[7]

Package natbib Warning: There were undefined citations.

[8

] (TopoPool_arxiv_changed.aux)
 ***********
LaTeX2e <2023-06-01> patch level 1
L3 programming layer <2023-08-29>
 ***********
 ) 
Here is how much of TeX's memory you used:
 8499 strings out of 475247
 136262 string characters out of 5757792
 1963801 words of memory out of 5000000
 29873 multiletter control sequences out of 15000+600000
 589458 words of font info for 115 fonts, out of 8000000 for 9000
 1141 hyphenation exceptions out of 8191
 57i,16n,65p,2063b,355s stack positions out of 10000i,1000n,20000p,200000b,200000s
<C:/Users/micha/AppData/Local/Programs/MiKTeX/fonts/type1/public/amsfonts/cme
xtra/cmbsy7.pfb><C:/Users/micha/AppData/Local/Programs/MiKTeX/fonts/type1/publi
c/amsfonts/cm/cmbx10.pfb><C:/Users/micha/AppData/Local/Programs/MiKTeX/fonts/ty
pe1/public/amsfonts/cm/cmbx5.pfb><C:/Users/micha/AppData/Local/Programs/MiKTeX/
fonts/type1/public/amsfonts/cm/cmex10.pfb><C:/Users/micha/AppData/Local/Program
s/MiKTeX/fonts/type1/public/amsfonts/cm/cmmi10.pfb><C:/Users/micha/AppData/Loca
l/Programs/MiKTeX/fonts/type1/public/amsfonts/cm/cmmi5.pfb><C:/Users/micha/AppD
ata/Local/Programs/MiKTeX/fonts/type1/public/amsfonts/cm/cmmi6.pfb><C:/Users/mi
cha/AppData/Local/Programs/MiKTeX/fonts/type1/public/amsfonts/cm/cmmi7.pfb><C:/
Users/micha/AppData/Local/Programs/MiKTeX/fonts/type1/public/amsfonts/cm/cmmi8.
pfb><C:/Users/micha/AppData/Local/Programs/MiKTeX/fonts/type1/public/amsfonts/c
m/cmmi9.pfb><C:/Users/micha/AppData/Local/Programs/MiKTeX/fonts/type1/public/am
sfonts/cm/cmmib10.pfb><C:/Users/micha/AppData/Local/Programs/MiKTeX/fonts/type1
/public/amsfonts/cmextra/cmmib7.pfb><C:/Users/micha/AppData/Local/Programs/MiKT
eX/fonts/type1/public/amsfonts/cm/cmr10.pfb><C:/Users/micha/AppData/Local/Progr
ams/MiKTeX/fonts/type1/public/amsfonts/cm/cmr5.pfb><C:/Users/micha/AppData/Loca
l/Programs/MiKTeX/fonts/type1/public/amsfonts/cm/cmr7.pfb><C:/Users/micha/AppDa
ta/Local/Programs/MiKTeX/fonts/type1/public/amsfonts/cm/cmr8.pfb><C:/Users/mich
a/AppData/Local/Programs/MiKTeX/fonts/type1/public/amsfonts/cm/cmr9.pfb><C:/Use
rs/micha/AppData/Local/Programs/MiKTeX/fonts/type1/public/amsfonts/cm/cmsy10.pf
b><C:/Users/micha/AppData/Local/Programs/MiKTeX/fonts/type1/public/amsfonts/cm/
cmsy5.pfb><C:/Users/micha/AppData/Local/Programs/MiKTeX/fonts/type1/public/amsf
onts/cm/cmsy7.pfb><C:/Users/micha/AppData/Local/Programs/MiKTeX/fonts/type1/pub
lic/amsfonts/cm/cmsy9.pfb><C:/Users/micha/AppData/Local/Programs/MiKTeX/fonts/t
ype1/public/amsfonts/euler/eufm10.pfb><C:/Users/micha/AppData/Local/Programs/Mi
KTeX/fonts/type1/public/amsfonts/symbols/msbm10.pfb><C:/Users/micha/AppData/Loc
al/Programs/MiKTeX/fonts/type1/public/rsfs/rsfs10.pfb><C:/Users/micha/AppData/L
ocal/Programs/MiKTeX/fonts/type1/urw/times/utmb8a.pfb><C:/Users/micha/AppData/L
ocal/Programs/MiKTeX/fonts/type1/urw/times/utmr8a.pfb><C:/Users/micha/AppData/L
ocal/Programs/MiKTeX/fonts/type1/urw/times/utmri8a.pfb>
Output written on TopoPool_arxiv_changed.pdf (8 pages, 1685294 bytes).
PDF statistics:
 168 PDF objects out of 1000 (max. 8388607)
 0 named destinations out of 1000 (max. 500000)
 6 words of extra memory for PDF output out of 10000 (max. 10000000)

