This is pdfTeX, Version 3.141592653-2.6-1.40.25 (MiKTeX 23.5) (preloaded format=pdflatex 2024.1.12)  3 MAR 2024 16:30
entering extended mode
 restricted \write18 enabled.
 %&-line parsing enabled.
**./iaai-2020-02-01-arxiv_changed.tex
(iaai-2020-02-01-arxiv_changed.tex
LaTeX2e <2023-06-01> patch level 1
L3 programming layer <2023-08-29>
(C:\Users\orfuc\AppData\Local\Programs\MiKTeX\tex/latex/base\article.cls
Document Class: article 2023/05/17 v1.4n Standard LaTeX document class
(C:\Users\orfuc\AppData\Local\Programs\MiKTeX\tex/latex/base\size10.clo
File: size10.clo 2023/05/17 v1.4n Standard LaTeX file (size option)
)
\c@part=\count185
\c@section=\count186
\c@subsection=\count187
\c@subsubsection=\count188
\c@paragraph=\count189
\c@subparagraph=\count190
\c@figure=\count191
\c@table=\count192
\abovecaptionskip=\skip48
\belowcaptionskip=\skip49
\bibindent=\dimen140
)
(aaai21.sty
Conference Style for AAAI for LaTeX 2e -- version for the AAAI-21 conference - 
MODIFIED
\titlebox=\skip50
) (C:\Users\orfuc\AppData\Local\Programs\MiKTeX\tex/latex/psnfss\times.sty
Package: times 2020/03/25 PSNFSS-v9.3 (SPQR) 
)
(C:\Users\orfuc\AppData\Local\Programs\MiKTeX\tex/latex/psnfss\helvet.sty
Package: helvet 2020/03/25 PSNFSS-v9.3 (WaS) 

(C:\Users\orfuc\AppData\Local\Programs\MiKTeX\tex/latex/graphics\keyval.sty
Package: keyval 2022/05/29 v1.15 key=value parser (DPC)
\KV@toks@=\toks17
))
(C:\Users\orfuc\AppData\Local\Programs\MiKTeX\tex/latex/psnfss\courier.sty
Package: courier 2020/03/25 PSNFSS-v9.3 (WaS) 
)
(C:\Users\orfuc\AppData\Local\Programs\MiKTeX\tex/latex/url\url.sty
\Urlmuskip=\muskip16
Package: url 2013/09/16  ver 3.4  Verb mode for urls, etc.
)
(C:\Users\orfuc\AppData\Local\Programs\MiKTeX\tex/latex/graphics\graphicx.sty
Package: graphicx 2021/09/16 v1.2d Enhanced LaTeX Graphics (DPC,SPQR)

(C:\Users\orfuc\AppData\Local\Programs\MiKTeX\tex/latex/graphics\graphics.sty
Package: graphics 2022/03/10 v1.4e Standard LaTeX Graphics (DPC,SPQR)

(C:\Users\orfuc\AppData\Local\Programs\MiKTeX\tex/latex/graphics\trig.sty
Package: trig 2021/08/11 v1.11 sin cos tan (DPC)
)
(C:\Users\orfuc\AppData\Local\Programs\MiKTeX\tex/latex/graphics-cfg\graphics.c
fg
File: graphics.cfg 2016/06/04 v1.11 sample graphics configuration
)
Package graphics Info: Driver file: pdftex.def on input line 107.

(C:\Users\orfuc\AppData\Local\Programs\MiKTeX\tex/latex/graphics-def\pdftex.def
File: pdftex.def 2022/09/22 v1.2b Graphics/color driver for pdftex
))
\Gin@req@height=\dimen141
\Gin@req@width=\dimen142
) (C:\Users\orfuc\AppData\Local\Programs\MiKTeX\tex/latex/natbib\natbib.sty
Package: natbib 2010/09/13 8.31b (PWD, AO)
\bibhang=\skip51
\bibsep=\skip52
LaTeX Info: Redefining \cite on input line 694.
\c@NAT@ctr=\count193
)
(C:\Users\orfuc\AppData\Local\Programs\MiKTeX\tex/latex/lipsum\lipsum.sty
(C:\Users\orfuc\AppData\Local\Programs\MiKTeX\tex/latex/l3packages/l3keys2e\l3k
eys2e.sty
(C:\Users\orfuc\AppData\Local\Programs\MiKTeX\tex/latex/l3kernel\expl3.sty
Package: expl3 2023-08-29 L3 programming layer (loader) 

(C:\Users\orfuc\AppData\Local\Programs\MiKTeX\tex/latex/l3backend\l3backend-pdf
tex.def
File: l3backend-pdftex.def 2023-04-19 L3 backend support: PDF output (pdfTeX)
\l__color_backend_stack_int=\count194
\l__pdf_internal_box=\box51
))
Package: l3keys2e 2023-08-29 LaTeX2e option processing using LaTeX3 keys
)
Package: lipsum 2021-09-20 v2.7 150 paragraphs of Lorem Ipsum dummy text
\g__lipsum_par_int=\count195
\l__lipsum_a_int=\count196
\l__lipsum_b_int=\count197

(C:\Users\orfuc\AppData\Local\Programs\MiKTeX\tex/latex/lipsum\lipsum.ltd.tex))
(C:\Users\orfuc\AppData\Local\Programs\MiKTeX\tex/latex/booktabs\booktabs.sty
Package: booktabs 2020/01/12 v1.61803398 Publication quality tables
\heavyrulewidth=\dimen143
\lightrulewidth=\dimen144
\cmidrulewidth=\dimen145
\belowrulesep=\dimen146
\belowbottomsep=\dimen147
\aboverulesep=\dimen148
\abovetopsep=\dimen149
\cmidrulesep=\dimen150
\cmidrulekern=\dimen151
\defaultaddspace=\dimen152
\@cmidla=\count198
\@cmidlb=\count199
\@aboverulesep=\dimen153
\@belowrulesep=\dimen154
\@thisruleclass=\count266
\@lastruleclass=\count267
\@thisrulewidth=\dimen155
)
(C:\Users\orfuc\AppData\Local\Programs\MiKTeX\tex/latex/amsmath\amsmath.sty
Package: amsmath 2023/05/13 v2.17o AMS math features
\@mathmargin=\skip53

For additional information on amsmath, use the `?' option.
(C:\Users\orfuc\AppData\Local\Programs\MiKTeX\tex/latex/amsmath\amstext.sty
Package: amstext 2021/08/26 v2.01 AMS text

(C:\Users\orfuc\AppData\Local\Programs\MiKTeX\tex/latex/amsmath\amsgen.sty
File: amsgen.sty 1999/11/30 v2.0 generic functions
\@emptytoks=\toks18
\ex@=\dimen156
))
(C:\Users\orfuc\AppData\Local\Programs\MiKTeX\tex/latex/amsmath\amsbsy.sty
Package: amsbsy 1999/11/29 v1.2d Bold Symbols
\pmbraise@=\dimen157
)
(C:\Users\orfuc\AppData\Local\Programs\MiKTeX\tex/latex/amsmath\amsopn.sty
Package: amsopn 2022/04/08 v2.04 operator names
)
\inf@bad=\count268
LaTeX Info: Redefining \frac on input line 234.
\uproot@=\count269
\leftroot@=\count270
LaTeX Info: Redefining \overline on input line 399.
LaTeX Info: Redefining \colon on input line 410.
\classnum@=\count271
\DOTSCASE@=\count272
LaTeX Info: Redefining \ldots on input line 496.
LaTeX Info: Redefining \dots on input line 499.
LaTeX Info: Redefining \cdots on input line 620.
\Mathstrutbox@=\box52
\strutbox@=\box53
LaTeX Info: Redefining \big on input line 722.
LaTeX Info: Redefining \Big on input line 723.
LaTeX Info: Redefining \bigg on input line 724.
LaTeX Info: Redefining \Bigg on input line 725.
\big@size=\dimen158
LaTeX Font Info:    Redeclaring font encoding OML on input line 743.
LaTeX Font Info:    Redeclaring font encoding OMS on input line 744.
\macc@depth=\count273
LaTeX Info: Redefining \bmod on input line 905.
LaTeX Info: Redefining \pmod on input line 910.
LaTeX Info: Redefining \smash on input line 940.
LaTeX Info: Redefining \relbar on input line 970.
LaTeX Info: Redefining \Relbar on input line 971.
\c@MaxMatrixCols=\count274
\dotsspace@=\muskip17
\c@parentequation=\count275
\dspbrk@lvl=\count276
\tag@help=\toks19
\row@=\count277
\column@=\count278
\maxfields@=\count279
\andhelp@=\toks20
\eqnshift@=\dimen159
\alignsep@=\dimen160
\tagshift@=\dimen161
\tagwidth@=\dimen162
\totwidth@=\dimen163
\lineht@=\dimen164
\@envbody=\toks21
\multlinegap=\skip54
\multlinetaggap=\skip55
\mathdisplay@stack=\toks22
LaTeX Info: Redefining \[ on input line 2953.
LaTeX Info: Redefining \] on input line 2954.
)
(C:\Users\orfuc\AppData\Local\Programs\MiKTeX\tex/latex/caption\caption.sty
Package: caption 2023/07/31 v3.6n Customizing captions (AR)

(C:\Users\orfuc\AppData\Local\Programs\MiKTeX\tex/latex/caption\caption3.sty
Package: caption3 2023/07/31 v2.4d caption3 kernel (AR)
\caption@tempdima=\dimen165
\captionmargin=\dimen166
\caption@leftmargin=\dimen167
\caption@rightmargin=\dimen168
\caption@width=\dimen169
\caption@indent=\dimen170
\caption@parindent=\dimen171
\caption@hangindent=\dimen172
Package caption Info: Standard document class detected.
)
\c@caption@flags=\count280
\c@continuedfloat=\count281
)
(C:\Users\orfuc\AppData\Local\Programs\MiKTeX\tex/latex/etoolbox\etoolbox.sty
Package: etoolbox 2020/10/05 v2.5k e-TeX tools for LaTeX (JAW)
\etb@tempcnta=\count282
)
LaTeX Font Info:    Trying to load font information for OT1+ptm on input line 7
1.

(C:\Users\orfuc\AppData\Local\Programs\MiKTeX\tex/latex/psnfss\ot1ptm.fd
File: ot1ptm.fd 2001/06/04 font definitions for OT1/ptm.
)
(iaai-2020-02-01-arxiv_changed.aux

LaTeX Warning: Label `sec:deployment' multiply defined.


LaTeX Warning: Label `sec:deployment' multiply defined.

)
\openout1 = `iaai-2020-02-01-arxiv_changed.aux'.

LaTeX Font Info:    Checking defaults for OML/cmm/m/it on input line 71.
LaTeX Font Info:    ... okay on input line 71.
LaTeX Font Info:    Checking defaults for OMS/cmsy/m/n on input line 71.
LaTeX Font Info:    ... okay on input line 71.
LaTeX Font Info:    Checking defaults for OT1/cmr/m/n on input line 71.
LaTeX Font Info:    ... okay on input line 71.
LaTeX Font Info:    Checking defaults for T1/cmr/m/n on input line 71.
LaTeX Font Info:    ... okay on input line 71.
LaTeX Font Info:    Checking defaults for TS1/cmr/m/n on input line 71.
LaTeX Font Info:    ... okay on input line 71.
LaTeX Font Info:    Checking defaults for OMX/cmex/m/n on input line 71.
LaTeX Font Info:    ... okay on input line 71.
LaTeX Font Info:    Checking defaults for U/cmr/m/n on input line 71.
LaTeX Font Info:    ... okay on input line 71.

(C:\Users\orfuc\AppData\Local\Programs\MiKTeX\tex/context/base/mkii\supp-pdf.mk
ii
[Loading MPS to PDF converter (version 2006.09.02).]
\scratchcounter=\count283
\scratchdimen=\dimen173
\scratchbox=\box54
\nofMPsegments=\count284
\nofMParguments=\count285
\everyMPshowfont=\toks23
\MPscratchCnt=\count286
\MPscratchDim=\dimen174
\MPnumerator=\count287
\makeMPintoPDFobject=\count288
\everyMPtoPDFconversion=\toks24
)
(C:\Users\orfuc\AppData\Local\Programs\MiKTeX\tex/latex/epstopdf-pkg\epstopdf-b
ase.sty
Package: epstopdf-base 2020-01-24 v2.11 Base part for package epstopdf
Package epstopdf-base Info: Redefining graphics rule for `.eps' on input line 4
85.

(C:\Users\orfuc\AppData\Local\Programs\MiKTeX\tex/latex/00miktex\epstopdf-sys.c
fg
File: epstopdf-sys.cfg 2021/03/18 v2.0 Configuration of epstopdf for MiKTeX
))
Package caption Info: Begin \AtBeginDocument code.
Package caption Info: End \AtBeginDocument code.
\titlearea=\box55
\actualheight=\skip56
LaTeX Font Info:    Trying to load font information for TS1+ptm on input line 7
4.
 (C:\Users\orfuc\AppData\Local\Programs\MiKTeX\tex/latex/psnfss\ts1ptm.fd
File: ts1ptm.fd 2001/06/04 font definitions for TS1/ptm.
)

Package natbib Warning: Citation `USChallengeHCC' on page 1 undefined on input 
line 81.


Package natbib Warning: Citation `EmpDropESIACA' on page 1 undefined on input l
ine 81.


Package natbib Warning: Citation `TaxExclES' on page 1 undefined on input line 
81.


Package natbib Warning: Citation `CBOesi' on page 1 undefined on input line 81.



Package natbib Warning: Citation `EmpHealthBenefitsSurvey' on page 1 undefined 
on input line 81.


Package natbib Warning: Citation `EmpHealthBenefitsSurvey' on page 1 undefined 
on input line 81.


Package natbib Warning: Citation `RatAndUnder' on page 1 undefined on input lin
e 83.


Package natbib Warning: Citation `PerGrpHealth' on page 1 undefined on input li
ne 83.


Package natbib Warning: Citation `UnderExcel' on page 1 undefined on input line
 83.


Package natbib Warning: Citation `GrowEmpInt' on page 1 undefined on input line
 86.

[1{C:/Users/orfuc/AppData/Local/MiKTeX/fonts/map/pdftex/pdftex.map}{C:/Users/or
fuc/AppData/Local/Programs/MiKTeX/fonts/enc/dvips/base/8r.enc}



]

Package natbib Warning: Citation `DM2' on page 2 undefined on input line 93.


Package natbib Warning: Citation `DM2' on page 2 undefined on input line 93.


Package natbib Warning: Citation `CostBloom' on page 2 undefined on input line 
93.


Package natbib Warning: Citation `CostBloom' on page 2 undefined on input line 
93.


Package natbib Warning: Citation `scalable' on page 2 undefined on input line 9
3.


Package natbib Warning: Citation `scalable' on page 2 undefined on input line 9
3.

<fig-1-slicing-holdout-logic-updated.pdf, id=9, 708.6475pt x 221.82875pt>
File: fig-1-slicing-holdout-logic-updated.pdf Graphic file (type pdf)
<use fig-1-slicing-holdout-logic-updated.pdf>
Package pdftex.def Info: fig-1-slicing-holdout-logic-updated.pdf  used on input
 line 129.
(pdftex.def)             Requested size: 283.45398pt x 88.72992pt.
<fig-2-train-test-evaluate-split.pdf, id=10, 530.98375pt x 505.89pt>
File: fig-2-train-test-evaluate-split.pdf Graphic file (type pdf)
<use fig-2-train-test-evaluate-split.pdf>
Package pdftex.def Info: fig-2-train-test-evaluate-split.pdf  used on input lin
e 148.
(pdftex.def)             Requested size: 199.16928pt x 189.7546pt.
[2 <./fig-1-slicing-holdout-logic-updated.pdf>]

Package natbib Warning: Citation `buhlcred' on page 3 undefined on input line 1
66.


Package natbib Warning: Citation `buhlcred' on page 3 undefined on input line 1
66.


Package natbib Warning: Citation `LecNoteCred' on page 3 undefined on input lin
e 172.


Package natbib Warning: Citation `GrpInsur' on page 3 undefined on input line 1
72.


Package natbib Warning: Citation `CredGrpMed' on page 3 undefined on input line
 172.


Package natbib Warning: Citation `buhlcred' on page 3 undefined on input line 1
72.


Package natbib Warning: Citation `CMSCred' on page 3 undefined on input line 17
2.


Underfull \hbox (badness 10000) in paragraph at lines 183--186

 []


Underfull \hbox (badness 1137) in paragraph at lines 216--217
[]\OT1/ptm/m/n/9 pmpm cost of cap-i-ta-
 []


Underfull \hbox (badness 1137) in paragraph at lines 218--219
[]\OT1/ptm/m/n/9 pmpm cost of pooled
 []


Underfull \hbox (badness 4872) in paragraph at lines 220--221
[]\OT1/ptm/m/n/9 pmpm cost of phar-
 []


Underfull \hbox (badness 10000) in paragraph at lines 247--247
[]\OT1/ptm/m/n/9 demographic - phar-
 []


Package natbib Warning: Citation `DM2' on page 3 undefined on input line 284.


Package natbib Warning: Citation `DM2' on page 3 undefined on input line 284.


Package natbib Warning: Citation `CostBloom' on page 3 undefined on input line 
284.


Package natbib Warning: Citation `CostBloom' on page 3 undefined on input line 
284.

[3 <./fig-2-train-test-evaluate-split.pdf>]

Package natbib Warning: Citation `LightGBM' on page 4 undefined on input line 2
97.


Package natbib Warning: Citation `python' on page 4 undefined on input line 297
.

[4]

Package natbib Warning: Citation `gini' on page 5 undefined on input line 458.


Package natbib Warning: Citation `AccRisk' on page 5 undefined on input line 45
8.


Package natbib Warning: Citation `AccRisk' on page 5 undefined on input line 45
8.


Package natbib Warning: Citation `SOATrend' on page 5 undefined on input line 4
58.

[5]

Package natbib Warning: Citation `AnaTransl' on page 6 undefined on input line 
465.


Package natbib Warning: Citation `PrecRecall' on page 6 undefined on input line
 473.

<decision.pdf, id=65, 676.5275pt x 342.27875pt>
File: decision.pdf Graphic file (type pdf)
<use decision.pdf>
Package pdftex.def Info: decision.pdf  used on input line 514.
(pdftex.def)             Requested size: 227.62204pt x 115.16154pt.
<final-lift-plot.pdf, id=66, 748.39836pt x 529.89368pt>
File: final-lift-plot.pdf Graphic file (type pdf)
<use final-lift-plot.pdf>
Package pdftex.def Info: final-lift-plot.pdf  used on input line 526.
(pdftex.def)             Requested size: 227.62204pt x 161.16049pt.
[6 <./decision.pdf>]
Underfull \hbox (badness 3179) in paragraph at lines 565--566
 \OT1/ptm/b/n/10 Roll-out Strat-egy \OT1/ptm/m/n/10 Del-phi re-quested Lu-mi-at
a pro-vide
 []

[7 <./final-lift-plot.pdf>]

Package natbib Warning: Citation `xai' on page 8 undefined on input line 581.


Package natbib Warning: Citation `Shap' on page 8 undefined on input line 583.


Package natbib Warning: Citation `DrugCost' on page 8 undefined on input line 5
94.


Package natbib Warning: Citation `gradboost' on page 8 undefined on input line 
605.

[8]

Package natbib Warning: Citation `RacialBias' on page 9 undefined on input line
 615.


Package natbib Warning: Citation `RacialBias' on page 9 undefined on input line
 615.


Package natbib Warning: Citation `mngdcare' on page 9 undefined on input line 6
17.


Package natbib Warning: Citation `xai' on page 9 undefined on input line 619.

No file iaai-2020-02-01-arxiv_changed.bbl.
[9]

Package natbib Warning: There were undefined citations.

[10

] (iaai-2020-02-01-arxiv_changed.aux)
 ***********
LaTeX2e <2023-06-01> patch level 1
L3 programming layer <2023-08-29>
 ***********


LaTeX Warning: There were multiply-defined labels.

 ) 
Here is how much of TeX's memory you used:
 4862 strings out of 475247
 84204 string characters out of 5757792
 1952801 words of memory out of 5000000
 26332 multiletter control sequences out of 15000+600000
 584433 words of font info for 85 fonts, out of 8000000 for 9000
 1141 hyphenation exceptions out of 8191
 79i,19n,93p,1659b,376s stack positions out of 10000i,1000n,20000p,200000b,200000s
<C:/Users/orfuc/AppData/Local/Programs/MiKTeX/fonts/type1/public/amsfonts/cm/
cmbx10.pfb><C:/Users/orfuc/AppData/Local/Programs/MiKTeX/fonts/type1/public/ams
fonts/cm/cmex10.pfb><C:/Users/orfuc/AppData/Local/Programs/MiKTeX/fonts/type1/p
ublic/amsfonts/cm/cmmi10.pfb><C:/Users/orfuc/AppData/Local/Programs/MiKTeX/font
s/type1/public/amsfonts/cm/cmmi12.pfb><C:/Users/orfuc/AppData/Local/Programs/Mi
KTeX/fonts/type1/public/amsfonts/cm/cmmi5.pfb><C:/Users/orfuc/AppData/Local/Pro
grams/MiKTeX/fonts/type1/public/amsfonts/cm/cmmi6.pfb><C:/Users/orfuc/AppData/L
ocal/Programs/MiKTeX/fonts/type1/public/amsfonts/cm/cmmi7.pfb><C:/Users/orfuc/A
ppData/Local/Programs/MiKTeX/fonts/type1/public/amsfonts/cm/cmmi9.pfb><C:/Users
/orfuc/AppData/Local/Programs/MiKTeX/fonts/type1/public/amsfonts/cm/cmr10.pfb><
C:/Users/orfuc/AppData/Local/Programs/MiKTeX/fonts/type1/public/amsfonts/cm/cmr
17.pfb><C:/Users/orfuc/AppData/Local/Programs/MiKTeX/fonts/type1/public/amsfont
s/cm/cmr5.pfb><C:/Users/orfuc/AppData/Local/Programs/MiKTeX/fonts/type1/public/
amsfonts/cm/cmr6.pfb><C:/Users/orfuc/AppData/Local/Programs/MiKTeX/fonts/type1/
public/amsfonts/cm/cmr7.pfb><C:/Users/orfuc/AppData/Local/Programs/MiKTeX/fonts
/type1/public/amsfonts/cm/cmr9.pfb><C:/Users/orfuc/AppData/Local/Programs/MiKTe
X/fonts/type1/public/amsfonts/cm/cmsy10.pfb><C:/Users/orfuc/AppData/Local/Progr
ams/MiKTeX/fonts/type1/public/amsfonts/cm/cmsy6.pfb><C:/Users/orfuc/AppData/Loc
al/Programs/MiKTeX/fonts/type1/urw/times/utmb8a.pfb><C:/Users/orfuc/AppData/Loc
al/Programs/MiKTeX/fonts/type1/urw/times/utmr8a.pfb><C:/Users/orfuc/AppData/Loc
al/Programs/MiKTeX/fonts/type1/urw/times/utmri8a.pfb>
Output written on iaai-2020-02-01-arxiv_changed.pdf (10 pages, 392873 bytes).
PDF statistics:
 183 PDF objects out of 1000 (max. 8388607)
 0 named destinations out of 1000 (max. 500000)
 21 words of extra memory for PDF output out of 10000 (max. 10000000)

