This is pdfTeX, Version 3.141592653-2.6-1.40.25 (MiKTeX 23.5) (preloaded format=pdflatex 2024.1.12)  30 MAR 2024 20:37
entering extended mode
 restricted \write18 enabled.
 %&-line parsing enabled.
**./LTU_Attacker_changed.tex
(LTU_Attacker_changed.tex
LaTeX2e <2023-06-01> patch level 1
L3 programming layer <2023-08-29>
(C:\Users\orfuc\AppData\Local\Programs\MiKTeX\tex/latex/base\article.cls
Document Class: article 2023/05/17 v1.4n Standard LaTeX document class
(C:\Users\orfuc\AppData\Local\Programs\MiKTeX\tex/latex/base\size10.clo
File: size10.clo 2023/05/17 v1.4n Standard LaTeX file (size option)
)
\c@part=\count185
\c@section=\count186
\c@subsection=\count187
\c@subsubsection=\count188
\c@paragraph=\count189
\c@subparagraph=\count190
\c@figure=\count191
\c@table=\count192
\abovecaptionskip=\skip48
\belowcaptionskip=\skip49
\bibindent=\dimen140
)
(C:\Users\orfuc\AppData\Local\Programs\MiKTeX\tex/latex/amsfonts\amssymb.sty
Package: amssymb 2013/01/14 v3.01 AMS font symbols

(C:\Users\orfuc\AppData\Local\Programs\MiKTeX\tex/latex/amsfonts\amsfonts.sty
Package: amsfonts 2013/01/14 v3.01 Basic AMSFonts support
\@emptytoks=\toks17
\symAMSa=\mathgroup4
\symAMSb=\mathgroup5
LaTeX Font Info:    Redeclaring math symbol \hbar on input line 98.
LaTeX Font Info:    Overwriting math alphabet `\mathfrak' in version `bold'
(Font)                  U/euf/m/n --> U/euf/b/n on input line 106.
)) (C:\Users\orfuc\AppData\Local\Programs\MiKTeX\tex/latex/amsmath\amsmath.sty
Package: amsmath 2023/05/13 v2.17o AMS math features
\@mathmargin=\skip50

For additional information on amsmath, use the `?' option.
(C:\Users\orfuc\AppData\Local\Programs\MiKTeX\tex/latex/amsmath\amstext.sty
Package: amstext 2021/08/26 v2.01 AMS text

(C:\Users\orfuc\AppData\Local\Programs\MiKTeX\tex/latex/amsmath\amsgen.sty
File: amsgen.sty 1999/11/30 v2.0 generic functions
\@emptytoks=\toks18
\ex@=\dimen141
))
(C:\Users\orfuc\AppData\Local\Programs\MiKTeX\tex/latex/amsmath\amsbsy.sty
Package: amsbsy 1999/11/29 v1.2d Bold Symbols
\pmbraise@=\dimen142
)
(C:\Users\orfuc\AppData\Local\Programs\MiKTeX\tex/latex/amsmath\amsopn.sty
Package: amsopn 2022/04/08 v2.04 operator names
)
\inf@bad=\count193
LaTeX Info: Redefining \frac on input line 234.
\uproot@=\count194
\leftroot@=\count195
LaTeX Info: Redefining \overline on input line 399.
LaTeX Info: Redefining \colon on input line 410.
\classnum@=\count196
\DOTSCASE@=\count197
LaTeX Info: Redefining \ldots on input line 496.
LaTeX Info: Redefining \dots on input line 499.
LaTeX Info: Redefining \cdots on input line 620.
\Mathstrutbox@=\box51
\strutbox@=\box52
LaTeX Info: Redefining \big on input line 722.
LaTeX Info: Redefining \Big on input line 723.
LaTeX Info: Redefining \bigg on input line 724.
LaTeX Info: Redefining \Bigg on input line 725.
\big@size=\dimen143
LaTeX Font Info:    Redeclaring font encoding OML on input line 743.
LaTeX Font Info:    Redeclaring font encoding OMS on input line 744.
\macc@depth=\count198
LaTeX Info: Redefining \bmod on input line 905.
LaTeX Info: Redefining \pmod on input line 910.
LaTeX Info: Redefining \smash on input line 940.
LaTeX Info: Redefining \relbar on input line 970.
LaTeX Info: Redefining \Relbar on input line 971.
\c@MaxMatrixCols=\count199
\dotsspace@=\muskip16
\c@parentequation=\count266
\dspbrk@lvl=\count267
\tag@help=\toks19
\row@=\count268
\column@=\count269
\maxfields@=\count270
\andhelp@=\toks20
\eqnshift@=\dimen144
\alignsep@=\dimen145
\tagshift@=\dimen146
\tagwidth@=\dimen147
\totwidth@=\dimen148
\lineht@=\dimen149
\@envbody=\toks21
\multlinegap=\skip51
\multlinetaggap=\skip52
\mathdisplay@stack=\toks22
LaTeX Info: Redefining \[ on input line 2953.
LaTeX Info: Redefining \] on input line 2954.
)
(C:\Users\orfuc\AppData\Local\Programs\MiKTeX\tex/latex/amscls\amsthm.sty
Package: amsthm 2020/05/29 v2.20.6
\thm@style=\toks23
\thm@bodyfont=\toks24
\thm@headfont=\toks25
\thm@notefont=\toks26
\thm@headpunct=\toks27
\thm@preskip=\skip53
\thm@postskip=\skip54
\thm@headsep=\skip55
\dth@everypar=\toks28
)
(aaai.sty
Conference Style for AAAI for LaTeX 2e -- version of 1 December 2013
\titlebox=\skip56
) (C:\Users\orfuc\AppData\Local\Programs\MiKTeX\tex/latex/psnfss\times.sty
Package: times 2020/03/25 PSNFSS-v9.3 (SPQR) 
)
(C:\Users\orfuc\AppData\Local\Programs\MiKTeX\tex/latex/psnfss\helvet.sty
Package: helvet 2020/03/25 PSNFSS-v9.3 (WaS) 

(C:\Users\orfuc\AppData\Local\Programs\MiKTeX\tex/latex/graphics\keyval.sty
Package: keyval 2022/05/29 v1.15 key=value parser (DPC)
\KV@toks@=\toks29
))
(C:\Users\orfuc\AppData\Local\Programs\MiKTeX\tex/latex/psnfss\courier.sty
Package: courier 2020/03/25 PSNFSS-v9.3 (WaS) 
)
(C:\Users\orfuc\AppData\Local\Programs\MiKTeX\tex/latex/xcolor\xcolor.sty
Package: xcolor 2022/06/12 v2.14 LaTeX color extensions (UK)

(C:\Users\orfuc\AppData\Local\Programs\MiKTeX\tex/latex/graphics-cfg\color.cfg
File: color.cfg 2016/01/02 v1.6 sample color configuration
)
Package xcolor Info: Driver file: pdftex.def on input line 227.

(C:\Users\orfuc\AppData\Local\Programs\MiKTeX\tex/latex/graphics-def\pdftex.def
File: pdftex.def 2022/09/22 v1.2b Graphics/color driver for pdftex
) (C:\Users\orfuc\AppData\Local\Programs\MiKTeX\tex/latex/colortbl\colortbl.sty
Package: colortbl 2022/06/20 v1.0f Color table columns (DPC)
(C:\Users\orfuc\AppData\Local\Programs\MiKTeX\tex/latex/tools\array.sty
Package: array 2022/09/04 v2.5g Tabular extension package (FMi)
\col@sep=\dimen150
\ar@mcellbox=\box53
\extrarowheight=\dimen151
\NC@list=\toks30
\extratabsurround=\skip57
\backup@length=\skip58
\ar@cellbox=\box54
)
\everycr=\toks31
\minrowclearance=\skip59
\rownum=\count271
)
(C:\Users\orfuc\AppData\Local\Programs\MiKTeX\tex/latex/graphics\mathcolor.ltx)
Package xcolor Info: Model `cmy' substituted by `cmy0' on input line 1353.
Package xcolor Info: Model `hsb' substituted by `rgb' on input line 1357.
Package xcolor Info: Model `RGB' extended on input line 1369.
Package xcolor Info: Model `HTML' substituted by `rgb' on input line 1371.
Package xcolor Info: Model `Hsb' substituted by `hsb' on input line 1372.
Package xcolor Info: Model `tHsb' substituted by `hsb' on input line 1373.
Package xcolor Info: Model `HSB' substituted by `hsb' on input line 1374.
Package xcolor Info: Model `Gray' substituted by `gray' on input line 1375.
Package xcolor Info: Model `wave' substituted by `hsb' on input line 1376.
)
(C:\Users\orfuc\AppData\Local\Programs\MiKTeX\tex/latex/mathtools\mathtools.sty
Package: mathtools 2022/06/29 v1.29 mathematical typesetting tools
(C:\Users\orfuc\AppData\Local\Programs\MiKTeX\tex/latex/tools\calc.sty
Package: calc 2017/05/25 v4.3 Infix arithmetic (KKT,FJ)
\calc@Acount=\count272
\calc@Bcount=\count273
\calc@Adimen=\dimen152
\calc@Bdimen=\dimen153
\calc@Askip=\skip60
\calc@Bskip=\skip61
LaTeX Info: Redefining \setlength on input line 80.
LaTeX Info: Redefining \addtolength on input line 81.
\calc@Ccount=\count274
\calc@Cskip=\skip62
)
(C:\Users\orfuc\AppData\Local\Programs\MiKTeX\tex/latex/mathtools\mhsetup.sty
Package: mhsetup 2021/03/18 v1.4 programming setup (MH)
)
\g_MT_multlinerow_int=\count275
\l_MT_multwidth_dim=\dimen154
\origjot=\skip63
\l_MT_shortvdotswithinadjustabove_dim=\dimen155
\l_MT_shortvdotswithinadjustbelow_dim=\dimen156
\l_MT_above_intertext_sep=\dimen157
\l_MT_below_intertext_sep=\dimen158
\l_MT_above_shortintertext_sep=\dimen159
\l_MT_below_shortintertext_sep=\dimen160
\xmathstrut@box=\box55
\xmathstrut@dim=\dimen161
) (C:\Users\orfuc\AppData\Local\Programs\MiKTeX\tex/latex/float\float.sty
Package: float 2001/11/08 v1.3d Float enhancements (AL)
\c@float@type=\count276
\float@exts=\toks32
\float@box=\box56
\@float@everytoks=\toks33
\@floatcapt=\box57
)
(C:\Users\orfuc\AppData\Local\Programs\MiKTeX\tex/latex/hyperref\hyperref.sty
Package: hyperref 2023-07-08 v7.01b Hypertext links for LaTeX

(C:\Users\orfuc\AppData\Local\Programs\MiKTeX\tex/generic/ltxcmds\ltxcmds.sty
Package: ltxcmds 2020-05-10 v1.25 LaTeX kernel commands for general use (HO)
)
(C:\Users\orfuc\AppData\Local\Programs\MiKTeX\tex/generic/iftex\iftex.sty
Package: iftex 2022/02/03 v1.0f TeX engine tests
)
(C:\Users\orfuc\AppData\Local\Programs\MiKTeX\tex/generic/pdftexcmds\pdftexcmds
.sty
Package: pdftexcmds 2020-06-27 v0.33 Utility functions of pdfTeX for LuaTeX (HO
)

(C:\Users\orfuc\AppData\Local\Programs\MiKTeX\tex/generic/infwarerr\infwarerr.s
ty
Package: infwarerr 2019/12/03 v1.5 Providing info/warning/error messages (HO)
)
Package pdftexcmds Info: \pdf@primitive is available.
Package pdftexcmds Info: \pdf@ifprimitive is available.
Package pdftexcmds Info: \pdfdraftmode found.
)
(C:\Users\orfuc\AppData\Local\Programs\MiKTeX\tex/latex/kvsetkeys\kvsetkeys.sty
Package: kvsetkeys 2022-10-05 v1.19 Key value parser (HO)
)
(C:\Users\orfuc\AppData\Local\Programs\MiKTeX\tex/generic/kvdefinekeys\kvdefine
keys.sty
Package: kvdefinekeys 2019-12-19 v1.6 Define keys (HO)
)
(C:\Users\orfuc\AppData\Local\Programs\MiKTeX\tex/generic/pdfescape\pdfescape.s
ty
Package: pdfescape 2019/12/09 v1.15 Implements pdfTeX's escape features (HO)
) (C:\Users\orfuc\AppData\Local\Programs\MiKTeX\tex/latex/hycolor\hycolor.sty
Package: hycolor 2020-01-27 v1.10 Color options for hyperref/bookmark (HO)
)
(C:\Users\orfuc\AppData\Local\Programs\MiKTeX\tex/latex/letltxmacro\letltxmacro
.sty
Package: letltxmacro 2019/12/03 v1.6 Let assignment for LaTeX macros (HO)
)
(C:\Users\orfuc\AppData\Local\Programs\MiKTeX\tex/latex/auxhook\auxhook.sty
Package: auxhook 2019-12-17 v1.6 Hooks for auxiliary files (HO)
)
(C:\Users\orfuc\AppData\Local\Programs\MiKTeX\tex/latex/hyperref\nameref.sty
Package: nameref 2023-08-07 v2.53 Cross-referencing by name of section

(C:\Users\orfuc\AppData\Local\Programs\MiKTeX\tex/latex/refcount\refcount.sty
Package: refcount 2019/12/15 v3.6 Data extraction from label references (HO)
)
(C:\Users\orfuc\AppData\Local\Programs\MiKTeX\tex/generic/gettitlestring\gettit
lestring.sty
Package: gettitlestring 2019/12/15 v1.6 Cleanup title references (HO)

(C:\Users\orfuc\AppData\Local\Programs\MiKTeX\tex/latex/kvoptions\kvoptions.sty
Package: kvoptions 2022-06-15 v3.15 Key value format for package options (HO)
))
\c@section@level=\count277
)
(C:\Users\orfuc\AppData\Local\Programs\MiKTeX\tex/latex/etoolbox\etoolbox.sty
Package: etoolbox 2020/10/05 v2.5k e-TeX tools for LaTeX (JAW)
\etb@tempcnta=\count278
)
\@linkdim=\dimen162
\Hy@linkcounter=\count279
\Hy@pagecounter=\count280

(C:\Users\orfuc\AppData\Local\Programs\MiKTeX\tex/latex/hyperref\pd1enc.def
File: pd1enc.def 2023-07-08 v7.01b Hyperref: PDFDocEncoding definition (HO)
Now handling font encoding PD1 ...
... no UTF-8 mapping file for font encoding PD1
)
(C:\Users\orfuc\AppData\Local\Programs\MiKTeX\tex/generic/intcalc\intcalc.sty
Package: intcalc 2019/12/15 v1.3 Expandable calculations with integers (HO)
)
\Hy@SavedSpaceFactor=\count281

(C:\Users\orfuc\AppData\Local\Programs\MiKTeX\tex/latex/hyperref\puenc.def
File: puenc.def 2023-07-08 v7.01b Hyperref: PDF Unicode definition (HO)
Now handling font encoding PU ...
... no UTF-8 mapping file for font encoding PU
)
Package hyperref Info: Hyper figures OFF on input line 4167.
Package hyperref Info: Link nesting OFF on input line 4172.
Package hyperref Info: Hyper index ON on input line 4175.
Package hyperref Info: Plain pages OFF on input line 4182.
Package hyperref Info: Backreferencing OFF on input line 4187.
Package hyperref Info: Implicit mode ON; LaTeX internals redefined.
Package hyperref Info: Bookmarks ON on input line 4434.
\c@Hy@tempcnt=\count282

(C:\Users\orfuc\AppData\Local\Programs\MiKTeX\tex/latex/url\url.sty
\Urlmuskip=\muskip17
Package: url 2013/09/16  ver 3.4  Verb mode for urls, etc.
)
LaTeX Info: Redefining \url on input line 4772.
\XeTeXLinkMargin=\dimen163

(C:\Users\orfuc\AppData\Local\Programs\MiKTeX\tex/generic/bitset\bitset.sty
Package: bitset 2019/12/09 v1.3 Handle bit-vector datatype (HO)

(C:\Users\orfuc\AppData\Local\Programs\MiKTeX\tex/generic/bigintcalc\bigintcalc
.sty
Package: bigintcalc 2019/12/15 v1.5 Expandable calculations on big integers (HO
)
))
\Fld@menulength=\count283
\Field@Width=\dimen164
\Fld@charsize=\dimen165
Package hyperref Info: Hyper figures OFF on input line 6051.
Package hyperref Info: Link nesting OFF on input line 6056.
Package hyperref Info: Hyper index ON on input line 6059.
Package hyperref Info: backreferencing OFF on input line 6066.
Package hyperref Info: Link coloring OFF on input line 6071.
Package hyperref Info: Link coloring with OCG OFF on input line 6076.
Package hyperref Info: PDF/A mode OFF on input line 6081.

(C:\Users\orfuc\AppData\Local\Programs\MiKTeX\tex/latex/base\atbegshi-ltx.sty
Package: atbegshi-ltx 2021/01/10 v1.0c Emulation of the original atbegshi
package with kernel methods
)
\Hy@abspage=\count284
\c@Item=\count285
\c@Hfootnote=\count286
)
Package hyperref Info: Driver (autodetected): hpdftex.
(C:\Users\orfuc\AppData\Local\Programs\MiKTeX\tex/latex/hyperref\hpdftex.def
File: hpdftex.def 2023-07-08 v7.01b Hyperref driver for pdfTeX

(C:\Users\orfuc\AppData\Local\Programs\MiKTeX\tex/latex/base\atveryend-ltx.sty
Package: atveryend-ltx 2020/08/19 v1.0a Emulation of the original atveryend pac
kage
with kernel methods
)
\Fld@listcount=\count287
\c@bookmark@seq@number=\count288

(C:\Users\orfuc\AppData\Local\Programs\MiKTeX\tex/latex/rerunfilecheck\rerunfil
echeck.sty
Package: rerunfilecheck 2022-07-10 v1.10 Rerun checks for auxiliary files (HO)

(C:\Users\orfuc\AppData\Local\Programs\MiKTeX\tex/generic/uniquecounter\uniquec
ounter.sty
Package: uniquecounter 2019/12/15 v1.4 Provide unlimited unique counter (HO)
)
Package uniquecounter Info: New unique counter `rerunfilecheck' on input line 2
85.
)
\Hy@SectionHShift=\skip64
)
\c@theorem=\count289
LaTeX Font Info:    Trying to load font information for OT1+ptm on input line 4
0.

(C:\Users\orfuc\AppData\Local\Programs\MiKTeX\tex/latex/psnfss\ot1ptm.fd
File: ot1ptm.fd 2001/06/04 font definitions for OT1/ptm.
)
(C:\Users\orfuc\AppData\Local\Programs\MiKTeX\tex/latex/l3backend\l3backend-pdf
tex.def
File: l3backend-pdftex.def 2023-04-19 L3 backend support: PDF output (pdfTeX)
\l__color_backend_stack_int=\count290
\l__pdf_internal_box=\box58
) (LTU_Attacker_changed.aux)
\openout1 = `LTU_Attacker_changed.aux'.

LaTeX Font Info:    Checking defaults for OML/cmm/m/it on input line 40.
LaTeX Font Info:    ... okay on input line 40.
LaTeX Font Info:    Checking defaults for OMS/cmsy/m/n on input line 40.
LaTeX Font Info:    ... okay on input line 40.
LaTeX Font Info:    Checking defaults for OT1/cmr/m/n on input line 40.
LaTeX Font Info:    ... okay on input line 40.
LaTeX Font Info:    Checking defaults for T1/cmr/m/n on input line 40.
LaTeX Font Info:    ... okay on input line 40.
LaTeX Font Info:    Checking defaults for TS1/cmr/m/n on input line 40.
LaTeX Font Info:    ... okay on input line 40.
LaTeX Font Info:    Checking defaults for OMX/cmex/m/n on input line 40.
LaTeX Font Info:    ... okay on input line 40.
LaTeX Font Info:    Checking defaults for U/cmr/m/n on input line 40.
LaTeX Font Info:    ... okay on input line 40.
LaTeX Font Info:    Checking defaults for PD1/pdf/m/n on input line 40.
LaTeX Font Info:    ... okay on input line 40.
LaTeX Font Info:    Checking defaults for PU/pdf/m/n on input line 40.
LaTeX Font Info:    ... okay on input line 40.

(C:\Users\orfuc\AppData\Local\Programs\MiKTeX\tex/context/base/mkii\supp-pdf.mk
ii
[Loading MPS to PDF converter (version 2006.09.02).]
\scratchcounter=\count291
\scratchdimen=\dimen166
\scratchbox=\box59
\nofMPsegments=\count292
\nofMParguments=\count293
\everyMPshowfont=\toks34
\MPscratchCnt=\count294
\MPscratchDim=\dimen167
\MPnumerator=\count295
\makeMPintoPDFobject=\count296
\everyMPtoPDFconversion=\toks35
) (C:\Users\orfuc\AppData\Local\Programs\MiKTeX\tex/latex/graphics\graphicx.sty
Package: graphicx 2021/09/16 v1.2d Enhanced LaTeX Graphics (DPC,SPQR)
(C:\Users\orfuc\AppData\Local\Programs\MiKTeX\tex/latex/graphics\graphics.sty
Package: graphics 2022/03/10 v1.4e Standard LaTeX Graphics (DPC,SPQR)

(C:\Users\orfuc\AppData\Local\Programs\MiKTeX\tex/latex/graphics\trig.sty
Package: trig 2021/08/11 v1.11 sin cos tan (DPC)
)
(C:\Users\orfuc\AppData\Local\Programs\MiKTeX\tex/latex/graphics-cfg\graphics.c
fg
File: graphics.cfg 2016/06/04 v1.11 sample graphics configuration
)
Package graphics Info: Driver file: pdftex.def on input line 107.
)
\Gin@req@height=\dimen168
\Gin@req@width=\dimen169
)
Package hyperref Info: Link coloring OFF on input line 40.
 (LTU_Attacker_changed.out) (LTU_Attacker_changed.out)
\@outlinefile=\write3
\openout3 = `LTU_Attacker_changed.out'.

LaTeX Font Info:    Trying to load font information for U+msa on input line 59.


(C:\Users\orfuc\AppData\Local\Programs\MiKTeX\tex/latex/amsfonts\umsa.fd
File: umsa.fd 2013/01/14 v3.01 AMS symbols A
)
LaTeX Font Info:    Trying to load font information for U+msb on input line 59.


(C:\Users\orfuc\AppData\Local\Programs\MiKTeX\tex/latex/amsfonts\umsb.fd
File: umsb.fd 2013/01/14 v3.01 AMS symbols B
)
LaTeX Font Info:    Trying to load font information for TS1+ptm on input line 5
9.

(C:\Users\orfuc\AppData\Local\Programs\MiKTeX\tex/latex/psnfss\ts1ptm.fd
File: ts1ptm.fd 2001/06/04 font definitions for TS1/ptm.
)
Overfull \vbox (0.76337pt too high) detected at line 59
 []

<Figures/flowchart_part1.pdf, id=43, 1156.32pt x 325.215pt>
File: Figures/flowchart_part1.pdf Graphic file (type pdf)
<use Figures/flowchart_part1.pdf>
Package pdftex.def Info: Figures/flowchart_part1.pdf  used on input line 85.
(pdftex.def)             Requested size: 505.89pt x 142.2812pt.
<Figures/flowchart_part2.pdf, id=44, 1156.32pt x 325.215pt>
File: Figures/flowchart_part2.pdf Graphic file (type pdf)
<use Figures/flowchart_part2.pdf>
Package pdftex.def Info: Figures/flowchart_part2.pdf  used on input line 86.
(pdftex.def)             Requested size: 505.89pt x 142.2812pt.

LaTeX Warning: `!h' float specifier changed to `!ht'.


LaTeX Warning: Citation `nasr2019comprehensive' on page 1 undefined on input li
ne 100.


LaTeX Warning: Citation `shokri2017membership' on page 1 undefined on input lin
e 101.


LaTeX Warning: Citation `li2013membership' on page 1 undefined on input line 11
0.


LaTeX Warning: Citation `shokri2017membership' on page 1 undefined on input lin
e 110.


LaTeX Warning: Citation `long2017towards' on page 1 undefined on input line 110
.


LaTeX Warning: Citation `song2021systematic' on page 1 undefined on input line 
111.


LaTeX Warning: Citation `jayaraman2020revisiting' on page 1 undefined on input 
line 111.

[1{C:/Users/orfuc/AppData/Local/MiKTeX/fonts/map/pdftex/pdftex.map}{C:/Users/or
fuc/AppData/Local/Programs/MiKTeX/fonts/enc/dvips/base/8r.enc}



]

LaTeX Warning: Citation `yeom2018privacy' on page 2 undefined on input line 113
.


LaTeX Warning: Citation `truex2019demystifying' on page 2 undefined on input li
ne 113.


LaTeX Warning: Citation `hayes2018logan' on page 2 undefined on input line 113.



LaTeX Warning: Citation `hilprecht2019reconstruction' on page 2 undefined on in
put line 113.


LaTeX Warning: Citation `chen2020gan' on page 2 undefined on input line 113.


LaTeX Warning: Citation `dwork2006calibrating' on page 2 undefined on input lin
e 117.


LaTeX Warning: Citation `abadi2016deep' on page 2 undefined on input line 117.


LaTeX Warning: Citation `xie2018differentially' on page 2 undefined on input li
ne 117.


LaTeX Warning: Citation `ganin2016domain' on page 2 undefined on input line 119
.


LaTeX Warning: Citation `nasr2018machine' on page 2 undefined on input line 119
.


LaTeX Warning: Citation `huang2021damia' on page 2 undefined on input line 119.



LaTeX Warning: Citation `nasr2019comprehensive' on page 2 undefined on input li
ne 121.


LaTeX Warning: Citation `sablayrolles2019white' on page 2 undefined on input li
ne 121.


LaTeX Warning: Citation `liu2020mace' on page 2 undefined on input line 121.


Underfull \vbox (badness 5064) has occurred while \output is active []

 [2 <./Figures/flowchart_part1.pdf> <./Figures/flowchart_part2.pdf

pdfTeX warning: pdflatex (file ./Figures/flowchart_part2.pdf): PDF inclusion: m
ultiple pdfs with page group included in a single page
>]
<Figures/Taxonomy.jpg, id=160, 1355.0625pt x 346.29375pt>
File: Figures/Taxonomy.jpg Graphic file (type jpg)
<use Figures/Taxonomy.jpg>
Package pdftex.def Info: Figures/Taxonomy.jpg  used on input line 129.
(pdftex.def)             Requested size: 505.89pt x 129.28387pt.
LaTeX Font Info:    Trying to load font information for OT1+pcr on input line 1
30.
 (C:\Users\orfuc\AppData\Local\Programs\MiKTeX\tex/latex/psnfss\ot1pcr.fd
File: ot1pcr.fd 2001/06/04 font definitions for OT1/pcr.
)

LaTeX Warning: Citation `guyon-1998' on page 3 undefined on input line 156.


LaTeX Warning: Citation `yeom2018privacy' on page 3 undefined on input line 191
.


LaTeX Warning: Citation `Dwork2017' on page 3 undefined on input line 192.

[3]

LaTeX Warning: Citation `yeom2018privacy' on page 4 undefined on input line 221
.


LaTeX Warning: Citation `yeom2018privacy' on page 4 undefined on input line 228
.


Underfull \hbox (badness 1163) in paragraph at lines 228--229
[]\OT1/ptm/m/n/10 In our sec-ond the-o-rem, we show that the LTU At-
 []


Overfull \hbox (0.9208pt too wide) detected at line 243
[]
 []


Underfull \vbox (badness 10000) has occurred while \output is active []

 [4 <./Figures/Taxonomy.jpg>]

LaTeX Warning: Citation `krizhevsky2009learning' on page 5 undefined on input l
ine 295.


LaTeX Warning: Citation `qmnist-2019' on page 5 undefined on input line 295.


LaTeX Warning: Citation `rahman2018membership' on page 5 undefined on input lin
e 295.


LaTeX Warning: Citation `hilprecht2019reconstruction' on page 5 undefined on in
put line 295.


LaTeX Warning: Citation `shokri2017membership' on page 5 undefined on input lin
e 295.


LaTeX Warning: Citation `qmnist-2019' on page 5 undefined on input line 296.


LaTeX Warning: Citation `lecun1998gradient' on page 5 undefined on input line 2
96.


Underfull \hbox (badness 10000) in paragraph at lines 296--296
[][][][]$\OT1/pcr/m/n/9 https : / / www . nist . gov / srd /
 []


LaTeX Warning: Citation `simonyan2014very' on page 5 undefined on input line 29
9.


LaTeX Warning: Citation `deng2009imagenet' on page 5 undefined on input line 29
9.


LaTeX Warning: Citation `tan2021efficientnetv2' on page 5 undefined on input li
ne 300.


Underfull \hbox (badness 10000) in paragraph at lines 316--316
[][][]\OT1/ptm/m/n/9 Code is avail-able at []$\OT1/pcr/m/n/9 https : / / github
 . com /
 []


Underfull \hbox (badness 10000) in paragraph at lines 316--316
\OT1/pcr/m/n/9 JiangnanH / ppml-[]workshop / blob / master /
 []


Underfull \hbox (badness 10000) in paragraph at lines 317--317
[][][]\OT1/ptm/m/n/9 Results may vary de-pend-ing upon which scikit-
 []


Underfull \hbox (badness 10000) in paragraph at lines 317--317
\OT1/ptm/m/n/9 learn out-put method is used (\OT1/pcr/m/n/9 predict[]proba()\OT
1/ptm/m/n/9 ,
 []


Underfull \hbox (badness 10000) in paragraph at lines 317--317
\OT1/pcr/m/n/9 decision[]function()\OT1/ptm/m/n/9 , \OT1/pcr/m/n/9 density[]fun
ction()\OT1/ptm/m/n/9 ), or
 []

[5]
Underfull \hbox (badness 10000) in paragraph at lines 338--338
[]|\OT1/ptm/m/n/10 Orig.
 []


Underfull \hbox (badness 10000) in paragraph at lines 338--338
\OT1/ptm/m/n/10 or-der +
 []


Underfull \hbox (badness 10000) in paragraph at lines 338--338
[]|\OT1/ptm/m/n/10 Rand.
 []


Underfull \hbox (badness 10000) in paragraph at lines 338--338
\OT1/ptm/m/n/10 or-der +
 []


Underfull \hbox (badness 10000) in paragraph at lines 338--339
[]|\OT1/ptm/m/n/10 Not
 []


Underfull \hbox (badness 10000) in paragraph at lines 379--379
[]|\OT1/ptm/m/n/10 Orig.
 []


Underfull \hbox (badness 10000) in paragraph at lines 379--379
\OT1/ptm/m/n/10 or-der +
 []


Underfull \hbox (badness 10000) in paragraph at lines 379--379
[]|\OT1/ptm/m/n/10 Rand.
 []


Underfull \hbox (badness 10000) in paragraph at lines 379--379
\OT1/ptm/m/n/10 or-der +
 []


Underfull \hbox (badness 10000) in paragraph at lines 379--380
[]|\OT1/ptm/m/n/10 Not
 []


LaTeX Warning: `h' float specifier changed to `ht'.


LaTeX Warning: Citation `deepdaJindong' on page 6 undefined on input line 419.


Underfull \hbox (badness 10000) in paragraph at lines 419--419
[][][]\OT1/ptm/m/n/9 Code is avail-able at []$\OT1/pcr/m/n/9 https : / / github
 . com /
 []


LaTeX Warning: Citation `he2016deep' on page 6 undefined on input line 422.


LaTeX Warning: Citation `deng2009imagenet' on page 6 undefined on input line 42
2.


LaTeX Warning: Citation `sun2021omniprint' on page 6 undefined on input line 42
4.


LaTeX Warning: Citation `zhuDeepSubdomainAdaptation2021' on page 6 undefined on
 input line 424.


LaTeX Warning: Citation `deepdaJindong' on page 6 undefined on input line 424.


LaTeX Warning: Citation `zhuDeepSubdomainAdaptation2021' on page 6 undefined on
 input line 424.


Underfull \hbox (badness 1173) in paragraph at lines 424--425
\OT1/ptm/m/n/10 white-on-black im-ages for each digit, which re-sults in
 []


Overfull \hbox (2.94565pt too wide) in paragraph at lines 437--447
 [][] 
 []

[6]

LaTeX Warning: Citation `nasr2019comprehensive' on page 7 undefined on input li
ne 469.


LaTeX Warning: Citation `nasr2019comprehensive' on page 7 undefined on input li
ne 473.


LaTeX Warning: Citation `song2021systematic' on page 7 undefined on input line 
476.

[7] [8

]
No file LTU_Attacker_changed.bbl.
(LTU_Attacker_changed.aux)
 ***********
LaTeX2e <2023-06-01> patch level 1
L3 programming layer <2023-08-29>
 ***********
Package rerunfilecheck Info: File `LTU_Attacker_changed.out' has not changed.
(rerunfilecheck)             Checksum: 5805955E7538790A6EE7B8549AE1EFE7;1538.
 ) 
Here is how much of TeX's memory you used:
 11194 strings out of 475247
 172977 string characters out of 5757792
 1963801 words of memory out of 5000000
 32504 multiletter control sequences out of 15000+600000
 589813 words of font info for 105 fonts, out of 8000000 for 9000
 1141 hyphenation exceptions out of 8191
 75i,16n,79p,1388b,509s stack positions out of 10000i,1000n,20000p,200000b,200000s
<C:/Users/orfuc/AppData/Local/Programs/MiKTeX/fonts/type1/public/amsfonts/cm/
cmex10.pfb><C:/Users/orfuc/AppData/Local/Programs/MiKTeX/fonts/type1/public/ams
fonts/cm/cmmi10.pfb><C:/Users/orfuc/AppData/Local/Programs/MiKTeX/fonts/type1/p
ublic/amsfonts/cm/cmmi5.pfb><C:/Users/orfuc/AppData/Local/Programs/MiKTeX/fonts
/type1/public/amsfonts/cm/cmmi6.pfb><C:/Users/orfuc/AppData/Local/Programs/MiKT
eX/fonts/type1/public/amsfonts/cm/cmmi7.pfb><C:/Users/orfuc/AppData/Local/Progr
ams/MiKTeX/fonts/type1/public/amsfonts/cm/cmmi9.pfb><C:/Users/orfuc/AppData/Loc
al/Programs/MiKTeX/fonts/type1/public/amsfonts/cm/cmr10.pfb><C:/Users/orfuc/App
Data/Local/Programs/MiKTeX/fonts/type1/public/amsfonts/cm/cmr5.pfb><C:/Users/or
fuc/AppData/Local/Programs/MiKTeX/fonts/type1/public/amsfonts/cm/cmr7.pfb><C:/U
sers/orfuc/AppData/Local/Programs/MiKTeX/fonts/type1/public/amsfonts/cm/cmr9.pf
b><C:/Users/orfuc/AppData/Local/Programs/MiKTeX/fonts/type1/public/amsfonts/cm/
cmsy10.pfb><C:/Users/orfuc/AppData/Local/Programs/MiKTeX/fonts/type1/public/ams
fonts/cm/cmsy7.pfb><C:/Users/orfuc/AppData/Local/Programs/MiKTeX/fonts/type1/pu
blic/amsfonts/cm/cmsy9.pfb><C:/Users/orfuc/AppData/Local/Programs/MiKTeX/fonts/
type1/public/amsfonts/symbols/msbm10.pfb><C:/Users/orfuc/AppData/Local/Programs
/MiKTeX/fonts/type1/urw/courier/ucrr8a.pfb><C:/Users/orfuc/AppData/Local/Progra
ms/MiKTeX/fonts/type1/urw/times/utmb8a.pfb><C:/Users/orfuc/AppData/Local/Progra
ms/MiKTeX/fonts/type1/urw/times/utmr8a.pfb><C:/Users/orfuc/AppData/Local/Progra
ms/MiKTeX/fonts/type1/urw/times/utmri8a.pfb>
Output written on LTU_Attacker_changed.pdf (8 pages, 496797 bytes).
PDF statistics:
 355 PDF objects out of 1000 (max. 8388607)
 39 named destinations out of 1000 (max. 500000)
 96 words of extra memory for PDF output out of 10000 (max. 10000000)

