This is pdfTeX, Version 3.141592653-2.6-1.40.25 (MiKTeX 23.10) (preloaded format=pdflatex 2024.1.1)  10 MAR 2024 12:05
entering extended mode
 restricted \write18 enabled.
 %&-line parsing enabled.
**./aiide-main-file_changed.tex
(aiide-main-file_changed.tex
LaTeX2e <2023-06-01> patch level 1
L3 programming layer <2023-08-29>
(C:\Users\tal12\AppData\Local\Programs\MiKTeX\tex/latex/base\article.cls
Document Class: article 2023/05/17 v1.4n Standard LaTeX document class
(C:\Users\tal12\AppData\Local\Programs\MiKTeX\tex/latex/base\size10.clo
File: size10.clo 2023/05/17 v1.4n Standard LaTeX file (size option)
)
\c@part=\count185
\c@section=\count186
\c@subsection=\count187
\c@subsubsection=\count188
\c@paragraph=\count189
\c@subparagraph=\count190
\c@figure=\count191
\c@table=\count192
\abovecaptionskip=\skip48
\belowcaptionskip=\skip49
\bibindent=\dimen140
)
(aaai18.sty
Conference Style for AAAI for LaTeX 2e -- version for the AAAI-18 conference
\titlebox=\skip50
) (C:\Users\tal12\AppData\Local\Programs\MiKTeX\tex/latex/psnfss\times.sty
Package: times 2020/03/25 PSNFSS-v9.3 (SPQR) 
)
(C:\Users\tal12\AppData\Local\Programs\MiKTeX\tex/latex/psnfss\helvet.sty
Package: helvet 2020/03/25 PSNFSS-v9.3 (WaS) 

(C:\Users\tal12\AppData\Local\Programs\MiKTeX\tex/latex/graphics\keyval.sty
Package: keyval 2022/05/29 v1.15 key=value parser (DPC)
\KV@toks@=\toks17
))
(C:\Users\tal12\AppData\Local\Programs\MiKTeX\tex/latex/psnfss\courier.sty
Package: courier 2020/03/25 PSNFSS-v9.3 (WaS) 
)
(C:\Users\tal12\AppData\Local\Programs\MiKTeX\tex/latex/url\url.sty
\Urlmuskip=\muskip16
Package: url 2013/09/16  ver 3.4  Verb mode for urls, etc.
)
(C:\Users\tal12\AppData\Local\Programs\MiKTeX\tex/latex/graphics\graphicx.sty
Package: graphicx 2021/09/16 v1.2d Enhanced LaTeX Graphics (DPC,SPQR)

(C:\Users\tal12\AppData\Local\Programs\MiKTeX\tex/latex/graphics\graphics.sty
Package: graphics 2022/03/10 v1.4e Standard LaTeX Graphics (DPC,SPQR)

(C:\Users\tal12\AppData\Local\Programs\MiKTeX\tex/latex/graphics\trig.sty
Package: trig 2021/08/11 v1.11 sin cos tan (DPC)
)
(C:\Users\tal12\AppData\Local\Programs\MiKTeX\tex/latex/graphics-cfg\graphics.c
fg
File: graphics.cfg 2016/06/04 v1.11 sample graphics configuration
)
Package graphics Info: Driver file: pdftex.def on input line 107.

(C:\Users\tal12\AppData\Local\Programs\MiKTeX\tex/latex/graphics-def\pdftex.def
File: pdftex.def 2022/09/22 v1.2b Graphics/color driver for pdftex
))
\Gin@req@height=\dimen141
\Gin@req@width=\dimen142
)
LaTeX Font Info:    Trying to load font information for OT1+ptm on input line 1
6.
 (C:\Users\tal12\AppData\Local\Programs\MiKTeX\tex/latex/psnfss\ot1ptm.fd
File: ot1ptm.fd 2001/06/04 font definitions for OT1/ptm.
)
(C:\Users\tal12\AppData\Local\Programs\MiKTeX\tex/latex/l3backend\l3backend-pdf
tex.def
File: l3backend-pdftex.def 2023-04-19 L3 backend support: PDF output (pdfTeX)
\l__color_backend_stack_int=\count193
\l__pdf_internal_box=\box51
) (aiide-main-file_changed.aux)
\openout1 = `aiide-main-file_changed.aux'.

LaTeX Font Info:    Checking defaults for OML/cmm/m/it on input line 16.
LaTeX Font Info:    ... okay on input line 16.
LaTeX Font Info:    Checking defaults for OMS/cmsy/m/n on input line 16.
LaTeX Font Info:    ... okay on input line 16.
LaTeX Font Info:    Checking defaults for OT1/cmr/m/n on input line 16.
LaTeX Font Info:    ... okay on input line 16.
LaTeX Font Info:    Checking defaults for T1/cmr/m/n on input line 16.
LaTeX Font Info:    ... okay on input line 16.
LaTeX Font Info:    Checking defaults for TS1/cmr/m/n on input line 16.
LaTeX Font Info:    ... okay on input line 16.
LaTeX Font Info:    Checking defaults for OMX/cmex/m/n on input line 16.
LaTeX Font Info:    ... okay on input line 16.
LaTeX Font Info:    Checking defaults for U/cmr/m/n on input line 16.
LaTeX Font Info:    ... okay on input line 16.

(C:\Users\tal12\AppData\Local\Programs\MiKTeX\tex/context/base/mkii\supp-pdf.mk
ii
[Loading MPS to PDF converter (version 2006.09.02).]
\scratchcounter=\count194
\scratchdimen=\dimen143
\scratchbox=\box52
\nofMPsegments=\count195
\nofMParguments=\count196
\everyMPshowfont=\toks18
\MPscratchCnt=\count197
\MPscratchDim=\dimen144
\MPnumerator=\count198
\makeMPintoPDFobject=\count199
\everyMPtoPDFconversion=\toks19
)
(C:\Users\tal12\AppData\Local\Programs\MiKTeX\tex/latex/epstopdf-pkg\epstopdf-b
ase.sty
Package: epstopdf-base 2020-01-24 v2.11 Base part for package epstopdf
Package epstopdf-base Info: Redefining graphics rule for `.eps' on input line 4
85.

(C:\Users\tal12\AppData\Local\Programs\MiKTeX\tex/latex/00miktex\epstopdf-sys.c
fg
File: epstopdf-sys.cfg 2021/03/18 v2.0 Configuration of epstopdf for MiKTeX
))
LaTeX Font Info:    External font `cmex10' loaded for size
(Font)              <7> on input line 46.
LaTeX Font Info:    External font `cmex10' loaded for size
(Font)              <5> on input line 46.


LaTeX Warning: Citation `de2017modernboardgameworkshopai' on page 1 undefined o
n input line 80.


LaTeX Warning: Citation `de2017contemporaryboardgameai' on page 1 undefined on 
input line 80.


LaTeX Warning: Citation `de2018EvolvingMaps' on page 1 undefined on input line 
80.


LaTeX Warning: Citation `[1]hom2007automatic' on page 1 undefined on input line
 83.


LaTeX Warning: Citation `[4]r2014' on page 1 undefined on input line 83.


LaTeX Warning: Citation `[3]jaffe2012evaluating' on page 1 undefined on input l
ine 83.


LaTeX Warning: Citation `dormans2011simulating' on page 1 undefined on input li
ne 83.


LaTeX Warning: Citation `[2]mahlmann2012evolving' on page 1 undefined on input 
line 83.

[1{C:/Users/tal12/AppData/Local/MiKTeX/fonts/map/pdftex/pdftex.map}{C:/Users/ta
l12/AppData/Local/Programs/MiKTeX/fonts/enc/dvips/base/8r.enc}



]

LaTeX Warning: Citation `yannakakis2014mixed' on page 2 undefined on input line
 85.


LaTeX Warning: Citation `liapis2013sentient' on page 2 undefined on input line 
85.


LaTeX Warning: Citation `smith2010tanagra' on page 2 undefined on input line 85
.


LaTeX Warning: Citation `shaker2013ropossum' on page 2 undefined on input line 
85.


LaTeX Warning: Citation `browne2010evolutionary' on page 2 undefined on input l
ine 87.


LaTeX Warning: Citation `browne2008automatic' on page 2 undefined on input line
 87.


LaTeX Warning: Citation `[7]salge2010relevant' on page 2 undefined on input lin
e 87.


LaTeX Warning: Citation `smith2010ludocore' on page 2 undefined on input line 8
7.


LaTeX Warning: Citation `Metrics:IDP11' on page 2 undefined on input line 87.


LaTeX Warning: Citation `nielsen2015general' on page 2 undefined on input line 
87.


LaTeX Warning: Citation `isaksen2015discovering' on page 2 undefined on input l
ine 87.


LaTeX Warning: Citation `isaksen2015exploring' on page 2 undefined on input lin
e 87.


LaTeX Warning: Citation `degenerating' on page 2 undefined on input line 87.


LaTeX Warning: Citation `de2018preflop' on page 2 undefined on input line 87.


LaTeX Warning: Citation `de2018post-flop' on page 2 undefined on input line 87.


[2]
<images/relationship_viz.png, id=11, 734.745pt x 386.44376pt>
File: images/relationship_viz.png Graphic file (type png)
<use images/relationship_viz.png>
Package pdftex.def Info: images/relationship_viz.png  used on input line 145.
(pdftex.def)             Requested size: 505.89pt x 266.0804pt.

Underfull \hbox (badness 1924) in paragraph at lines 156--157
[]\OT1/ptm/m/n/10 There are as-pects that make ex-plor-ing re-la-tion-ships
 []

<images/4_careers.png, id=13, 408.52625pt x 277.035pt>
File: images/4_careers.png Graphic file (type png)
<use images/4_careers.png>
Package pdftex.def Info: images/4_careers.png  used on input line 164.
(pdftex.def)             Requested size: 239.39438pt x 162.34169pt.
[3]
<images/Career_Star_XP_relation.png, id=17, 387.4475pt x 331.2375pt>
File: images/Career_Star_XP_relation.png Graphic file (type png)
<use images/Career_Star_XP_relation.png>
Package pdftex.def Info: images/Career_Star_XP_relation.png  used on input line
 185.
(pdftex.def)             Requested size: 239.39911pt x 179.54285pt.

Underfull \hbox (badness 1817) in paragraph at lines 215--216
\OT1/ptm/b/n/10 Question: \OT1/ptm/m/it/10 How does ob-ject ac-qui-si-tion im-p
act ca-reer
 []

[4 <./images/relationship_viz.png>] [5 <./images/4_careers.png> <./images/Caree
r_Star_XP_relation.png>]
<images/career_approach_comparison.png, id=28, 744.7825pt x 319.1925pt>
File: images/career_approach_comparison.png Graphic file (type png)
<use images/career_approach_comparison.png>
Package pdftex.def Info: images/career_approach_comparison.png  used on input l
ine 262.
(pdftex.def)             Requested size: 239.39438pt x 102.59663pt.
LaTeX Font Info:    External font `cmex10' loaded for size
(Font)              <9> on input line 271.
LaTeX Font Info:    External font `cmex10' loaded for size
(Font)              <6> on input line 271.
<images/career_average.png, id=29, 387.4475pt x 285.065pt>
File: images/career_average.png Graphic file (type png)
<use images/career_average.png>
Package pdftex.def Info: images/career_average.png  used on input line 277.
(pdftex.def)             Requested size: 225.74725pt x 166.09467pt.

Underfull \hbox (badness 1490) in paragraph at lines 300--301
[]\OT1/ptm/m/n/10 We have shown that our ap-proach pro-duces over-all
 []

No file aiide-main-file_changed.bbl.
[6 <./images/career_approach_comparison.png> <./images/career_average.png>]
[7

] (aiide-main-file_changed.aux)
 ***********
LaTeX2e <2023-06-01> patch level 1
L3 programming layer <2023-08-29>
 ***********
 ) 
Here is how much of TeX's memory you used:
 1581 strings out of 475247
 28123 string characters out of 5757793
 1937785 words of memory out of 5000000
 23116 multiletter control sequences out of 15000+600000
 575941 words of font info for 63 fonts, out of 8000000 for 9000
 1141 hyphenation exceptions out of 8191
 57i,11n,65p,1505b,265s stack positions out of 10000i,1000n,20000p,200000b,200000s
<C:/Users/tal12/AppData/Local/Programs/MiKTeX/fonts/type1/public/amsfonts/cm/
cmmi10.pfb><C:/Users/tal12/AppData/Local/Programs/MiKTeX/fonts/type1/urw/times/
utmb8a.pfb><C:/Users/tal12/AppData/Local/Programs/MiKTeX/fonts/type1/urw/times/
utmr8a.pfb><C:/Users/tal12/AppData/Local/Programs/MiKTeX/fonts/type1/urw/times/
utmri8a.pfb>
Output written on aiide-main-file_changed.pdf (7 pages, 172363 bytes).
PDF statistics:
 58 PDF objects out of 1000 (max. 8388607)
 0 named destinations out of 1000 (max. 500000)
 26 words of extra memory for PDF output out of 10000 (max. 10000000)

