This is pdfTeX, Version 3.141592653-2.6-1.40.25 (MiKTeX 23.5) (preloaded format=pdflatex 2024.1.12)  30 MAR 2024 18:50
entering extended mode
 restricted \write18 enabled.
 %&-line parsing enabled.
**./wae_changed.tex
(wae_changed.tex
LaTeX2e <2023-06-01> patch level 1
L3 programming layer <2023-08-29>
(C:\Users\orfuc\AppData\Local\Programs\MiKTeX\tex/latex/base\article.cls
Document Class: article 2023/05/17 v1.4n Standard LaTeX document class
(C:\Users\orfuc\AppData\Local\Programs\MiKTeX\tex/latex/base\size10.clo
File: size10.clo 2023/05/17 v1.4n Standard LaTeX file (size option)
)
\c@part=\count185
\c@section=\count186
\c@subsection=\count187
\c@subsubsection=\count188
\c@paragraph=\count189
\c@subparagraph=\count190
\c@figure=\count191
\c@table=\count192
\abovecaptionskip=\skip48
\belowcaptionskip=\skip49
\bibindent=\dimen140
)
(aaai18.sty
Conference Style for AAAI for LaTeX 2e -- version for the AAAI-18 conference
\titlebox=\skip50
) (C:\Users\orfuc\AppData\Local\Programs\MiKTeX\tex/latex/psnfss\times.sty
Package: times 2020/03/25 PSNFSS-v9.3 (SPQR) 
)
(C:\Users\orfuc\AppData\Local\Programs\MiKTeX\tex/latex/psnfss\helvet.sty
Package: helvet 2020/03/25 PSNFSS-v9.3 (WaS) 

(C:\Users\orfuc\AppData\Local\Programs\MiKTeX\tex/latex/graphics\keyval.sty
Package: keyval 2022/05/29 v1.15 key=value parser (DPC)
\KV@toks@=\toks17
))
(C:\Users\orfuc\AppData\Local\Programs\MiKTeX\tex/latex/psnfss\courier.sty
Package: courier 2020/03/25 PSNFSS-v9.3 (WaS) 
)
(C:\Users\orfuc\AppData\Local\Programs\MiKTeX\tex/latex/url\url.sty
\Urlmuskip=\muskip16
Package: url 2013/09/16  ver 3.4  Verb mode for urls, etc.
)
(C:\Users\orfuc\AppData\Local\Programs\MiKTeX\tex/latex/graphics\graphicx.sty
Package: graphicx 2021/09/16 v1.2d Enhanced LaTeX Graphics (DPC,SPQR)

(C:\Users\orfuc\AppData\Local\Programs\MiKTeX\tex/latex/graphics\graphics.sty
Package: graphics 2022/03/10 v1.4e Standard LaTeX Graphics (DPC,SPQR)

(C:\Users\orfuc\AppData\Local\Programs\MiKTeX\tex/latex/graphics\trig.sty
Package: trig 2021/08/11 v1.11 sin cos tan (DPC)
)
(C:\Users\orfuc\AppData\Local\Programs\MiKTeX\tex/latex/graphics-cfg\graphics.c
fg
File: graphics.cfg 2016/06/04 v1.11 sample graphics configuration
)
Package graphics Info: Driver file: pdftex.def on input line 107.

(C:\Users\orfuc\AppData\Local\Programs\MiKTeX\tex/latex/graphics-def\pdftex.def
File: pdftex.def 2022/09/22 v1.2b Graphics/color driver for pdftex
))
\Gin@req@height=\dimen141
\Gin@req@width=\dimen142
)
LaTeX Font Info:    Trying to load font information for OT1+ptm on input line 1
5.
 (C:\Users\orfuc\AppData\Local\Programs\MiKTeX\tex/latex/psnfss\ot1ptm.fd
File: ot1ptm.fd 2001/06/04 font definitions for OT1/ptm.
)
(C:\Users\orfuc\AppData\Local\Programs\MiKTeX\tex/latex/l3backend\l3backend-pdf
tex.def
File: l3backend-pdftex.def 2023-04-19 L3 backend support: PDF output (pdfTeX)
\l__color_backend_stack_int=\count193
\l__pdf_internal_box=\box51
) (wae_changed.aux)
\openout1 = `wae_changed.aux'.

LaTeX Font Info:    Checking defaults for OML/cmm/m/it on input line 15.
LaTeX Font Info:    ... okay on input line 15.
LaTeX Font Info:    Checking defaults for OMS/cmsy/m/n on input line 15.
LaTeX Font Info:    ... okay on input line 15.
LaTeX Font Info:    Checking defaults for OT1/cmr/m/n on input line 15.
LaTeX Font Info:    ... okay on input line 15.
LaTeX Font Info:    Checking defaults for T1/cmr/m/n on input line 15.
LaTeX Font Info:    ... okay on input line 15.
LaTeX Font Info:    Checking defaults for TS1/cmr/m/n on input line 15.
LaTeX Font Info:    ... okay on input line 15.
LaTeX Font Info:    Checking defaults for OMX/cmex/m/n on input line 15.
LaTeX Font Info:    ... okay on input line 15.
LaTeX Font Info:    Checking defaults for U/cmr/m/n on input line 15.
LaTeX Font Info:    ... okay on input line 15.

(C:\Users\orfuc\AppData\Local\Programs\MiKTeX\tex/context/base/mkii\supp-pdf.mk
ii
[Loading MPS to PDF converter (version 2006.09.02).]
\scratchcounter=\count194
\scratchdimen=\dimen143
\scratchbox=\box52
\nofMPsegments=\count195
\nofMParguments=\count196
\everyMPshowfont=\toks18
\MPscratchCnt=\count197
\MPscratchDim=\dimen144
\MPnumerator=\count198
\makeMPintoPDFobject=\count199
\everyMPtoPDFconversion=\toks19
)
(C:\Users\orfuc\AppData\Local\Programs\MiKTeX\tex/latex/epstopdf-pkg\epstopdf-b
ase.sty
Package: epstopdf-base 2020-01-24 v2.11 Base part for package epstopdf
Package epstopdf-base Info: Redefining graphics rule for `.eps' on input line 4
85.

(C:\Users\orfuc\AppData\Local\Programs\MiKTeX\tex/latex/00miktex\epstopdf-sys.c
fg
File: epstopdf-sys.cfg 2021/03/18 v2.0 Configuration of epstopdf for MiKTeX
))
LaTeX Font Info:    External font `cmex10' loaded for size
(Font)              <7> on input line 28.
LaTeX Font Info:    External font `cmex10' loaded for size
(Font)              <5> on input line 28.
LaTeX Font Info:    External font `cmex10' loaded for size
(Font)              <12> on input line 28.
LaTeX Font Info:    External font `cmex10' loaded for size
(Font)              <8> on input line 28.
LaTeX Font Info:    External font `cmex10' loaded for size
(Font)              <6> on input line 28.
LaTeX Font Info:    Trying to load font information for TS1+ptm on input line 2
8.
 (C:\Users\orfuc\AppData\Local\Programs\MiKTeX\tex/latex/psnfss\ts1ptm.fd
File: ts1ptm.fd 2001/06/04 font definitions for TS1/ptm.
)
LaTeX Font Info:    External font `cmex10' loaded for size
(Font)              <9> on input line 28.


LaTeX Warning: Citation `lecun1990handwritten' on page 1 undefined on input lin
e 34.


LaTeX Warning: Citation `krizhevsky2012imagenet' on page 1 undefined on input l
ine 34.


LaTeX Warning: Citation `simonyan2014very' on page 1 undefined on input line 34
.


LaTeX Warning: Citation `he2016deep' on page 1 undefined on input line 34.


LaTeX Warning: Citation `long2015fully' on page 1 undefined on input line 34.


LaTeX Warning: Citation `lin2017cross' on page 1 undefined on input line 34.


LaTeX Warning: Citation `chen2016disc' on page 1 undefined on input line 34.


LaTeX Warning: Citation `chen2016deep' on page 1 undefined on input line 34.


LaTeX Warning: Citation `simonyan2014very' on page 1 undefined on input line 34
.


LaTeX Warning: Citation `long2015fully' on page 1 undefined on input line 34.


LaTeX Warning: Citation `ren2015faster' on page 1 undefined on input line 34.


LaTeX Warning: Citation `wang2017multi' on page 1 undefined on input line 34.


LaTeX Warning: Citation `lebedev2014speeding' on page 1 undefined on input line
 55.


LaTeX Warning: Citation `tai2015convolutional' on page 1 undefined on input lin
e 55.


LaTeX Warning: Citation `rastegari2016xnor' on page 1 undefined on input line 5
5.


LaTeX Warning: Citation `cai2017deep' on page 1 undefined on input line 55.


LaTeX Warning: Citation `chen2015compressing' on page 1 undefined on input line
 55.


LaTeX Warning: Citation `rastegari2016xnor' on page 1 undefined on input line 5
5.


LaTeX Warning: Citation `russakovsky2015imagenet' on page 1 undefined on input 
line 55.


LaTeX Warning: Citation `simonyan2014very' on page 1 undefined on input line 59
.


LaTeX Warning: Citation `he2016deep' on page 1 undefined on input line 59.

[1{C:/Users/orfuc/AppData/Local/MiKTeX/fonts/map/pdftex/pdftex.map}{C:/Users/or
fuc/AppData/Local/Programs/MiKTeX/fonts/enc/dvips/base/8r.enc}



]
LaTeX Font Info:    Trying to load font information for OT1+pcr on input line 6
1.

(C:\Users\orfuc\AppData\Local\Programs\MiKTeX\tex/latex/psnfss\ot1pcr.fd
File: ot1pcr.fd 2001/06/04 font definitions for OT1/pcr.
)

LaTeX Warning: Citation `rigamonti2013learning' on page 2 undefined on input li
ne 64.


LaTeX Warning: Citation `jaderberg2014speeding' on page 2 undefined on input li
ne 64.


LaTeX Warning: Citation `lebedev2014speeding' on page 2 undefined on input line
 64.


LaTeX Warning: Citation `tai2015convolutional' on page 2 undefined on input lin
e 64.


LaTeX Warning: Citation `rigamonti2013learning' on page 2 undefined on input li
ne 64.


LaTeX Warning: Citation `jaderberg2014speeding' on page 2 undefined on input li
ne 64.


LaTeX Warning: Citation `lebedev2014speeding' on page 2 undefined on input line
 64.


LaTeX Warning: Citation `rastegari2016xnor' on page 2 undefined on input line 6
7.


LaTeX Warning: Citation `cai2017deep' on page 2 undefined on input line 67.


LaTeX Warning: Citation `han2015deep' on page 2 undefined on input line 67.


LaTeX Warning: Citation `li2016pruning' on page 2 undefined on input line 67.


LaTeX Warning: Citation `molchanov2016pruning' on page 2 undefined on input lin
e 67.


LaTeX Warning: Citation `luo2017thinet' on page 2 undefined on input line 67.


LaTeX Warning: Citation `lin2013network' on page 2 undefined on input line 70.


LaTeX Warning: Citation `simonyan2014very' on page 2 undefined on input line 70
.


LaTeX Warning: Citation `iandola2016squeezenet' on page 2 undefined on input li
ne 70.

<framework_v2.pdf, id=14, 796.9775pt x 370.38374pt>
File: framework_v2.pdf Graphic file (type pdf)
<use framework_v2.pdf>
Package pdftex.def Info: framework_v2.pdf  used on input line 79.
(pdftex.def)             Requested size: 379.4175pt x 176.32971pt.
[2]
<dr-net.pdf, id=20, 355.3275pt x 483.8075pt>
File: dr-net.pdf Graphic file (type pdf)
<use dr-net.pdf>
Package pdftex.def Info: dr-net.pdf  used on input line 98.
(pdftex.def)             Requested size: 167.57533pt x 228.17207pt.

Underfull \vbox (badness 3579) has occurred while \output is active []

 [3 <./framework_v2.pdf> <./dr-net.pdf>]

LaTeX Warning: Citation `he2015convolutional' on page 4 undefined on input line
 155.


LaTeX Warning: Citation `glorot2010understanding' on page 4 undefined on input 
line 164.

[4]

LaTeX Warning: Citation `zhang2011fsim' on page 5 undefined on input line 178.


LaTeX Warning: Citation `russakovsky2015imagenet' on page 5 undefined on input 
line 210.


LaTeX Warning: Citation `zhang2016accelerating' on page 5 undefined on input li
ne 210.


Underfull \hbox (badness 1655) in paragraph at lines 213--214
 \OT1/ptm/b/n/10 Com-par-i-son with the orig-i-nal VGG16-Net \OT1/ptm/m/n/10 We
 first
 []


LaTeX Warning: Citation `luo2017thinet' on page 5 undefined on input line 216.


LaTeX Warning: Citation `molchanov2016pruning' on page 5 undefined on input lin
e 216.

<visualization_comparison.pdf, id=93, 745.78625pt x 319.1925pt>
File: visualization_comparison.pdf Graphic file (type pdf)
<use visualization_comparison.pdf>
Package pdftex.def Info: visualization_comparison.pdf  used on input line 220.
(pdftex.def)             Requested size: 215.45348pt x 92.21277pt.
[5]
<decomposition_visualization.pdf, id=97, 589.20125pt x 319.1925pt>
File: decomposition_visualization.pdf Graphic file (type pdf)
<use decomposition_visualization.pdf>
Package pdftex.def Info: decomposition_visualization.pdf  used on input line 23
0.
(pdftex.def)             Requested size: 215.45348pt x 116.72102pt.
 [6 <./visualization_comparison.pdf> <./decomposition_visualization.pdf>]

LaTeX Warning: Citation `lin2017active' on page 7 undefined on input line 311.

No file wae_changed.bbl.
[7] [8

] (wae_changed.aux)
 ***********
LaTeX2e <2023-06-01> patch level 1
L3 programming layer <2023-08-29>
 ***********
 ) 
Here is how much of TeX's memory you used:
 1674 strings out of 475247
 29143 string characters out of 5757792
 1942801 words of memory out of 5000000
 23191 multiletter control sequences out of 15000+600000
 580985 words of font info for 80 fonts, out of 8000000 for 9000
 1141 hyphenation exceptions out of 8191
 57i,15n,65p,1736b,379s stack positions out of 10000i,1000n,20000p,200000b,200000s
<C:/Users/orfuc/AppData/Local/Programs/MiKTeX/fonts/type1/public/amsfonts/cm/
cmbx10.pfb><C:/Users/orfuc/AppData/Local/Programs/MiKTeX/fonts/type1/public/ams
fonts/cm/cmex10.pfb><C:/Users/orfuc/AppData/Local/Programs/MiKTeX/fonts/type1/p
ublic/amsfonts/cm/cmmi10.pfb><C:/Users/orfuc/AppData/Local/Programs/MiKTeX/font
s/type1/public/amsfonts/cm/cmmi5.pfb><C:/Users/orfuc/AppData/Local/Programs/MiK
TeX/fonts/type1/public/amsfonts/cm/cmmi7.pfb><C:/Users/orfuc/AppData/Local/Prog
rams/MiKTeX/fonts/type1/public/amsfonts/cm/cmmi8.pfb><C:/Users/orfuc/AppData/Lo
cal/Programs/MiKTeX/fonts/type1/public/amsfonts/cm/cmr10.pfb><C:/Users/orfuc/Ap
pData/Local/Programs/MiKTeX/fonts/type1/public/amsfonts/cm/cmr7.pfb><C:/Users/o
rfuc/AppData/Local/Programs/MiKTeX/fonts/type1/public/amsfonts/cm/cmr8.pfb><C:/
Users/orfuc/AppData/Local/Programs/MiKTeX/fonts/type1/public/amsfonts/cm/cmsy10
.pfb><C:/Users/orfuc/AppData/Local/Programs/MiKTeX/fonts/type1/public/amsfonts/
cm/cmsy5.pfb><C:/Users/orfuc/AppData/Local/Programs/MiKTeX/fonts/type1/public/a
msfonts/cm/cmsy7.pfb><C:/Users/orfuc/AppData/Local/Programs/MiKTeX/fonts/type1/
urw/courier/ucrr8a.pfb><C:/Users/orfuc/AppData/Local/Programs/MiKTeX/fonts/type
1/urw/times/utmb8a.pfb><C:/Users/orfuc/AppData/Local/Programs/MiKTeX/fonts/type
1/urw/times/utmr8a.pfb>
Output written on wae_changed.pdf (8 pages, 514802 bytes).
PDF statistics:
 241 PDF objects out of 1000 (max. 8388607)
 0 named destinations out of 1000 (max. 500000)
 21 words of extra memory for PDF output out of 10000 (max. 10000000)

