This is pdfTeX, Version 3.141592653-2.6-1.40.25 (MiKTeX 23.9) (preloaded format=pdflatex 2023.9.22)  31 MAR 2024 19:16
entering extended mode
 restricted \write18 enabled.
 %&-line parsing enabled.
**./aaai_changed.tex
(aaai_changed.tex
LaTeX2e <2023-06-01> patch level 1
L3 programming layer <2023-08-29>
(C:\Users\micha\AppData\Local\Programs\MiKTeX\tex/latex/base\article.cls
Document Class: article 2023/05/17 v1.4n Standard LaTeX document class
(C:\Users\micha\AppData\Local\Programs\MiKTeX\tex/latex/base\size10.clo
File: size10.clo 2023/05/17 v1.4n Standard LaTeX file (size option)
)
\c@part=\count185
\c@section=\count186
\c@subsection=\count187
\c@subsubsection=\count188
\c@paragraph=\count189
\c@subparagraph=\count190
\c@figure=\count191
\c@table=\count192
\abovecaptionskip=\skip48
\belowcaptionskip=\skip49
\bibindent=\dimen140
)
(aaai22.sty
Conference Style for AAAI for LaTeX 2e -- version for the AAAI-22 conference
\titlebox=\skip50
) (C:\Users\micha\AppData\Local\Programs\MiKTeX\tex/latex/psnfss\times.sty
Package: times 2020/03/25 PSNFSS-v9.3 (SPQR) 
)
(C:\Users\micha\AppData\Local\Programs\MiKTeX\tex/latex/psnfss\helvet.sty
Package: helvet 2020/03/25 PSNFSS-v9.3 (WaS) 

(C:\Users\micha\AppData\Local\Programs\MiKTeX\tex/latex/graphics\keyval.sty
Package: keyval 2022/05/29 v1.15 key=value parser (DPC)
\KV@toks@=\toks17
))
(C:\Users\micha\AppData\Local\Programs\MiKTeX\tex/latex/psnfss\courier.sty
Package: courier 2020/03/25 PSNFSS-v9.3 (WaS) 
)
(C:\Users\micha\AppData\Local\Programs\MiKTeX\tex/latex/url\url.sty
\Urlmuskip=\muskip16
Package: url 2013/09/16  ver 3.4  Verb mode for urls, etc.
)
(C:\Users\micha\AppData\Local\Programs\MiKTeX\tex/latex/graphics\graphicx.sty
Package: graphicx 2021/09/16 v1.2d Enhanced LaTeX Graphics (DPC,SPQR)

(C:\Users\micha\AppData\Local\Programs\MiKTeX\tex/latex/graphics\graphics.sty
Package: graphics 2022/03/10 v1.4e Standard LaTeX Graphics (DPC,SPQR)

(C:\Users\micha\AppData\Local\Programs\MiKTeX\tex/latex/graphics\trig.sty
Package: trig 2021/08/11 v1.11 sin cos tan (DPC)
)
(C:\Users\micha\AppData\Local\Programs\MiKTeX\tex/latex/graphics-cfg\graphics.c
fg
File: graphics.cfg 2016/06/04 v1.11 sample graphics configuration
)
Package graphics Info: Driver file: pdftex.def on input line 107.

(C:\Users\micha\AppData\Local\Programs\MiKTeX\tex/latex/graphics-def\pdftex.def
File: pdftex.def 2022/09/22 v1.2b Graphics/color driver for pdftex
))
\Gin@req@height=\dimen141
\Gin@req@width=\dimen142
) (C:\Users\micha\AppData\Local\Programs\MiKTeX\tex/latex/natbib\natbib.sty
Package: natbib 2010/09/13 8.31b (PWD, AO)
\bibhang=\skip51
\bibsep=\skip52
LaTeX Info: Redefining \cite on input line 694.
\c@NAT@ctr=\count193
)
(C:\Users\micha\AppData\Local\Programs\MiKTeX\tex/latex/caption\caption.sty
Package: caption 2023/07/31 v3.6n Customizing captions (AR)

(C:\Users\micha\AppData\Local\Programs\MiKTeX\tex/latex/caption\caption3.sty
Package: caption3 2023/07/31 v2.4d caption3 kernel (AR)
\caption@tempdima=\dimen143
\captionmargin=\dimen144
\caption@leftmargin=\dimen145
\caption@rightmargin=\dimen146
\caption@width=\dimen147
\caption@indent=\dimen148
\caption@parindent=\dimen149
\caption@hangindent=\dimen150
Package caption Info: Standard document class detected.
)
\c@caption@flags=\count194
\c@continuedfloat=\count195
)
(C:\Users\micha\AppData\Local\Programs\MiKTeX\tex/latex/algorithms\algorithm.st
y
Package: algorithm 2009/08/24 v0.1 Document Style `algorithm' - floating enviro
nment
 (C:\Users\micha\AppData\Local\Programs\MiKTeX\tex/latex/float\float.sty
Package: float 2001/11/08 v1.3d Float enhancements (AL)
\c@float@type=\count196
\float@exts=\toks18
\float@box=\box51
\@float@everytoks=\toks19
\@floatcapt=\box52
)
(C:\Users\micha\AppData\Local\Programs\MiKTeX\tex/latex/base\ifthen.sty
Package: ifthen 2022/04/13 v1.1d Standard LaTeX ifthen package (DPC)
)
\@float@every@algorithm=\toks20
\c@algorithm=\count197
)
(C:\Users\micha\AppData\Local\Programs\MiKTeX\tex/latex/algorithms\algorithmic.
sty
Package: algorithmic 2009/08/24 v0.1 Document Style `algorithmic'
\c@ALC@unique=\count198
\c@ALC@line=\count199
\c@ALC@rem=\count266
\c@ALC@depth=\count267
\ALC@tlm=\skip53
\algorithmicindent=\skip54
)
(C:\Users\micha\AppData\Local\Programs\MiKTeX\tex/latex/graphics\epsfig.sty
Package: epsfig 2017/06/25 v1.7b (e)psfig emulation (SPQR)
\epsfxsize=\dimen151
\epsfysize=\dimen152
)
(C:\Users\micha\AppData\Local\Programs\MiKTeX\tex/latex/amsmath\amsmath.sty
Package: amsmath 2023/05/13 v2.17o AMS math features
\@mathmargin=\skip55

For additional information on amsmath, use the `?' option.
(C:\Users\micha\AppData\Local\Programs\MiKTeX\tex/latex/amsmath\amstext.sty
Package: amstext 2021/08/26 v2.01 AMS text

(C:\Users\micha\AppData\Local\Programs\MiKTeX\tex/latex/amsmath\amsgen.sty
File: amsgen.sty 1999/11/30 v2.0 generic functions
\@emptytoks=\toks21
\ex@=\dimen153
))
(C:\Users\micha\AppData\Local\Programs\MiKTeX\tex/latex/amsmath\amsbsy.sty
Package: amsbsy 1999/11/29 v1.2d Bold Symbols
\pmbraise@=\dimen154
)
(C:\Users\micha\AppData\Local\Programs\MiKTeX\tex/latex/amsmath\amsopn.sty
Package: amsopn 2022/04/08 v2.04 operator names
)
\inf@bad=\count268
LaTeX Info: Redefining \frac on input line 234.
\uproot@=\count269
\leftroot@=\count270
LaTeX Info: Redefining \overline on input line 399.
LaTeX Info: Redefining \colon on input line 410.
\classnum@=\count271
\DOTSCASE@=\count272
LaTeX Info: Redefining \ldots on input line 496.
LaTeX Info: Redefining \dots on input line 499.
LaTeX Info: Redefining \cdots on input line 620.
\Mathstrutbox@=\box53
\strutbox@=\box54
LaTeX Info: Redefining \big on input line 722.
LaTeX Info: Redefining \Big on input line 723.
LaTeX Info: Redefining \bigg on input line 724.
LaTeX Info: Redefining \Bigg on input line 725.
\big@size=\dimen155
LaTeX Font Info:    Redeclaring font encoding OML on input line 743.
LaTeX Font Info:    Redeclaring font encoding OMS on input line 744.
\macc@depth=\count273
LaTeX Info: Redefining \bmod on input line 905.
LaTeX Info: Redefining \pmod on input line 910.
LaTeX Info: Redefining \smash on input line 940.
LaTeX Info: Redefining \relbar on input line 970.
LaTeX Info: Redefining \Relbar on input line 971.
\c@MaxMatrixCols=\count274
\dotsspace@=\muskip17
\c@parentequation=\count275
\dspbrk@lvl=\count276
\tag@help=\toks22
\row@=\count277
\column@=\count278
\maxfields@=\count279
\andhelp@=\toks23
\eqnshift@=\dimen156
\alignsep@=\dimen157
\tagshift@=\dimen158
\tagwidth@=\dimen159
\totwidth@=\dimen160
\lineht@=\dimen161
\@envbody=\toks24
\multlinegap=\skip56
\multlinetaggap=\skip57
\mathdisplay@stack=\toks25
LaTeX Info: Redefining \[ on input line 2953.
LaTeX Info: Redefining \] on input line 2954.
)
(C:\Users\micha\AppData\Local\Programs\MiKTeX\tex/latex/amsfonts\amssymb.sty
Package: amssymb 2013/01/14 v3.01 AMS font symbols

(C:\Users\micha\AppData\Local\Programs\MiKTeX\tex/latex/amsfonts\amsfonts.sty
Package: amsfonts 2013/01/14 v3.01 Basic AMSFonts support
\symAMSa=\mathgroup4
\symAMSb=\mathgroup5
LaTeX Font Info:    Redeclaring math symbol \hbar on input line 98.
LaTeX Font Info:    Overwriting math alphabet `\mathfrak' in version `bold'
(Font)                  U/euf/m/n --> U/euf/b/n on input line 106.
)) (C:\Users\micha\AppData\Local\Programs\MiKTeX\tex/latex/tools\array.sty
Package: array 2022/09/04 v2.5g Tabular extension package (FMi)
\col@sep=\dimen162
\ar@mcellbox=\box55
\extrarowheight=\dimen163
\NC@list=\toks26
\extratabsurround=\skip58
\backup@length=\skip59
\ar@cellbox=\box56
)
(C:\Users\micha\AppData\Local\Programs\MiKTeX\tex/latex/hyperref\hyperref.sty
Package: hyperref 2023-07-08 v7.01b Hypertext links for LaTeX

(C:\Users\micha\AppData\Local\Programs\MiKTeX\tex/generic/ltxcmds\ltxcmds.sty
Package: ltxcmds 2023-12-04 v1.26 LaTeX kernel commands for general use (HO)
)
(C:\Users\micha\AppData\Local\Programs\MiKTeX\tex/generic/iftex\iftex.sty
Package: iftex 2022/02/03 v1.0f TeX engine tests
)
(C:\Users\micha\AppData\Local\Programs\MiKTeX\tex/generic/pdftexcmds\pdftexcmds
.sty
Package: pdftexcmds 2020-06-27 v0.33 Utility functions of pdfTeX for LuaTeX (HO
)

(C:\Users\micha\AppData\Local\Programs\MiKTeX\tex/generic/infwarerr\infwarerr.s
ty
Package: infwarerr 2019/12/03 v1.5 Providing info/warning/error messages (HO)
)
Package pdftexcmds Info: \pdf@primitive is available.
Package pdftexcmds Info: \pdf@ifprimitive is available.
Package pdftexcmds Info: \pdfdraftmode found.
)
(C:\Users\micha\AppData\Local\Programs\MiKTeX\tex/latex/kvsetkeys\kvsetkeys.sty
Package: kvsetkeys 2022-10-05 v1.19 Key value parser (HO)
)
(C:\Users\micha\AppData\Local\Programs\MiKTeX\tex/generic/kvdefinekeys\kvdefine
keys.sty
Package: kvdefinekeys 2019-12-19 v1.6 Define keys (HO)
)
(C:\Users\micha\AppData\Local\Programs\MiKTeX\tex/generic/pdfescape\pdfescape.s
ty
Package: pdfescape 2019/12/09 v1.15 Implements pdfTeX's escape features (HO)
) (C:\Users\micha\AppData\Local\Programs\MiKTeX\tex/latex/hycolor\hycolor.sty
Package: hycolor 2020-01-27 v1.10 Color options for hyperref/bookmark (HO)
)
(C:\Users\micha\AppData\Local\Programs\MiKTeX\tex/latex/letltxmacro\letltxmacro
.sty
Package: letltxmacro 2019/12/03 v1.6 Let assignment for LaTeX macros (HO)
)
(C:\Users\micha\AppData\Local\Programs\MiKTeX\tex/latex/auxhook\auxhook.sty
Package: auxhook 2019-12-17 v1.6 Hooks for auxiliary files (HO)
)
(C:\Users\micha\AppData\Local\Programs\MiKTeX\tex/latex/hyperref\nameref.sty
Package: nameref 2023-08-07 v2.53 Cross-referencing by name of section

(C:\Users\micha\AppData\Local\Programs\MiKTeX\tex/latex/refcount\refcount.sty
Package: refcount 2019/12/15 v3.6 Data extraction from label references (HO)
)
(C:\Users\micha\AppData\Local\Programs\MiKTeX\tex/generic/gettitlestring\gettit
lestring.sty
Package: gettitlestring 2019/12/15 v1.6 Cleanup title references (HO)

(C:\Users\micha\AppData\Local\Programs\MiKTeX\tex/latex/kvoptions\kvoptions.sty
Package: kvoptions 2022-06-15 v3.15 Key value format for package options (HO)
))
\c@section@level=\count280
)
(C:\Users\micha\AppData\Local\Programs\MiKTeX\tex/latex/etoolbox\etoolbox.sty
Package: etoolbox 2020/10/05 v2.5k e-TeX tools for LaTeX (JAW)
\etb@tempcnta=\count281
)
\@linkdim=\dimen164
\Hy@linkcounter=\count282
\Hy@pagecounter=\count283

(C:\Users\micha\AppData\Local\Programs\MiKTeX\tex/latex/hyperref\pd1enc.def
File: pd1enc.def 2023-07-08 v7.01b Hyperref: PDFDocEncoding definition (HO)
Now handling font encoding PD1 ...
... no UTF-8 mapping file for font encoding PD1
)
(C:\Users\micha\AppData\Local\Programs\MiKTeX\tex/generic/intcalc\intcalc.sty
Package: intcalc 2019/12/15 v1.3 Expandable calculations with integers (HO)
)
\Hy@SavedSpaceFactor=\count284

(C:\Users\micha\AppData\Local\Programs\MiKTeX\tex/latex/hyperref\puenc.def
File: puenc.def 2023-07-08 v7.01b Hyperref: PDF Unicode definition (HO)
Now handling font encoding PU ...
... no UTF-8 mapping file for font encoding PU
)
Package hyperref Info: Hyper figures OFF on input line 4167.
Package hyperref Info: Link nesting OFF on input line 4172.
Package hyperref Info: Hyper index ON on input line 4175.
Package hyperref Info: Plain pages OFF on input line 4182.
Package hyperref Info: Backreferencing OFF on input line 4187.
Package hyperref Info: Implicit mode ON; LaTeX internals redefined.
Package hyperref Info: Bookmarks ON on input line 4434.
\c@Hy@tempcnt=\count285
LaTeX Info: Redefining \url on input line 4772.
\XeTeXLinkMargin=\dimen165

(C:\Users\micha\AppData\Local\Programs\MiKTeX\tex/generic/bitset\bitset.sty
Package: bitset 2019/12/09 v1.3 Handle bit-vector datatype (HO)

(C:\Users\micha\AppData\Local\Programs\MiKTeX\tex/generic/bigintcalc\bigintcalc
.sty
Package: bigintcalc 2019/12/15 v1.5 Expandable calculations on big integers (HO
)
))
\Fld@menulength=\count286
\Field@Width=\dimen166
\Fld@charsize=\dimen167
Package hyperref Info: Hyper figures OFF on input line 6051.
Package hyperref Info: Link nesting OFF on input line 6056.
Package hyperref Info: Hyper index ON on input line 6059.
Package hyperref Info: backreferencing OFF on input line 6066.
Package hyperref Info: Link coloring OFF on input line 6071.
Package hyperref Info: Link coloring with OCG OFF on input line 6076.
Package hyperref Info: PDF/A mode OFF on input line 6081.

(C:\Users\micha\AppData\Local\Programs\MiKTeX\tex/latex/base\atbegshi-ltx.sty
Package: atbegshi-ltx 2021/01/10 v1.0c Emulation of the original atbegshi
package with kernel methods
)
\Hy@abspage=\count287
\c@Item=\count288
\c@Hfootnote=\count289
)
Package hyperref Info: Driver (autodetected): hpdftex.
(C:\Users\micha\AppData\Local\Programs\MiKTeX\tex/latex/hyperref\hpdftex.def
File: hpdftex.def 2023-07-08 v7.01b Hyperref driver for pdfTeX

(C:\Users\micha\AppData\Local\Programs\MiKTeX\tex/latex/base\atveryend-ltx.sty
Package: atveryend-ltx 2020/08/19 v1.0a Emulation of the original atveryend pac
kage
with kernel methods
)
\Fld@listcount=\count290
\c@bookmark@seq@number=\count291

(C:\Users\micha\AppData\Local\Programs\MiKTeX\tex/latex/rerunfilecheck\rerunfil
echeck.sty
Package: rerunfilecheck 2022-07-10 v1.10 Rerun checks for auxiliary files (HO)

(C:\Users\micha\AppData\Local\Programs\MiKTeX\tex/generic/uniquecounter\uniquec
ounter.sty
Package: uniquecounter 2019/12/15 v1.4 Provide unlimited unique counter (HO)
)
Package uniquecounter Info: New unique counter `rerunfilecheck' on input line 2
85.
)
\Hy@SectionHShift=\skip60
)
(C:\Users\micha\AppData\Local\Programs\MiKTeX\tex/latex/newfloat\newfloat.sty
Package: newfloat 2023/10/01 v1.2 Defining new floating environments (AR)
Package newfloat Info: Unsupported document class, or \@chapter 
(newfloat)             was already redefined by another package.
Package newfloat Info: \@chapter = macro:->\def \Hy@next {\Hy@MakeCurrentHrefAu
to {\Hy@chapapp *}\Hy@raisedlink {\hyper@anchorstart {\@currentHref }\hyper@anc
horend }}\ifnum \c@secnumdepth >\m@ne \ltx@IfUndefined {if@mainmatter}\iftrue {
\csname if@mainmatter\endcsname }\let \Hy@next \relax \fi \fi \Hy@next \Hy@org@
chapter .
Package newfloat Info: \Hy@org@chapter = macro:[#1]#2->\NR@gettitle {#1}\NR@cha
pter [{#1}]{#2}.
Package newfloat Info: \algocf@original@chapter = undefined.
)
(C:\Users\micha\AppData\Local\Programs\MiKTeX\tex/latex/listings\listings.sty
\lst@mode=\count292
\lst@gtempboxa=\box57
\lst@token=\toks27
\lst@length=\count293
\lst@currlwidth=\dimen168
\lst@column=\count294
\lst@pos=\count295
\lst@lostspace=\dimen169
\lst@width=\dimen170
\lst@newlines=\count296
\lst@lineno=\count297
\lst@maxwidth=\dimen171

(C:\Users\micha\AppData\Local\Programs\MiKTeX\tex/latex/listings\lstmisc.sty
File: lstmisc.sty 2023/02/27 1.9 (Carsten Heinz)
\c@lstnumber=\count298
\lst@skipnumbers=\count299
\lst@framebox=\box58
)
(C:\Users\micha\AppData\Local\Programs\MiKTeX\tex/latex/listings\listings.cfg
File: listings.cfg 2023/02/27 1.9 listings configuration
))
Package: listings 2023/02/27 1.9 (Carsten Heinz)
\@float@every@listing=\toks28
\c@listing=\count300
LaTeX Font Info:    Trying to load font information for OT1+ptm on input line 1
73.
(C:\Users\micha\AppData\Local\Programs\MiKTeX\tex/latex/psnfss\ot1ptm.fd
File: ot1ptm.fd 2001/06/04 font definitions for OT1/ptm.
)
(C:\Users\micha\AppData\Local\Programs\MiKTeX\tex/latex/l3backend\l3backend-pdf
tex.def
File: l3backend-pdftex.def 2023-04-19 L3 backend support: PDF output (pdfTeX)
\l__color_backend_stack_int=\count301
\l__pdf_internal_box=\box59
) (aaai_changed.aux)
\openout1 = `aaai_changed.aux'.

LaTeX Font Info:    Checking defaults for OML/cmm/m/it on input line 173.
LaTeX Font Info:    ... okay on input line 173.
LaTeX Font Info:    Checking defaults for OMS/cmsy/m/n on input line 173.
LaTeX Font Info:    ... okay on input line 173.
LaTeX Font Info:    Checking defaults for OT1/cmr/m/n on input line 173.
LaTeX Font Info:    ... okay on input line 173.
LaTeX Font Info:    Checking defaults for T1/cmr/m/n on input line 173.
LaTeX Font Info:    ... okay on input line 173.
LaTeX Font Info:    Checking defaults for TS1/cmr/m/n on input line 173.
LaTeX Font Info:    ... okay on input line 173.
LaTeX Font Info:    Checking defaults for OMX/cmex/m/n on input line 173.
LaTeX Font Info:    ... okay on input line 173.
LaTeX Font Info:    Checking defaults for U/cmr/m/n on input line 173.
LaTeX Font Info:    ... okay on input line 173.
LaTeX Font Info:    Checking defaults for PD1/pdf/m/n on input line 173.
LaTeX Font Info:    ... okay on input line 173.
LaTeX Font Info:    Checking defaults for PU/pdf/m/n on input line 173.
LaTeX Font Info:    ... okay on input line 173.

(C:\Users\micha\AppData\Local\Programs\MiKTeX\tex/context/base/mkii\supp-pdf.mk
ii
[Loading MPS to PDF converter (version 2006.09.02).]
\scratchcounter=\count302
\scratchdimen=\dimen172
\scratchbox=\box60
\nofMPsegments=\count303
\nofMParguments=\count304
\everyMPshowfont=\toks29
\MPscratchCnt=\count305
\MPscratchDim=\dimen173
\MPnumerator=\count306
\makeMPintoPDFobject=\count307
\everyMPtoPDFconversion=\toks30
)
(C:\Users\micha\AppData\Local\Programs\MiKTeX\tex/latex/epstopdf-pkg\epstopdf-b
ase.sty
Package: epstopdf-base 2020-01-24 v2.11 Base part for package epstopdf
Package epstopdf-base Info: Redefining graphics rule for `.eps' on input line 4
85.

(C:\Users\micha\AppData\Local\Programs\MiKTeX\tex/latex/00miktex\epstopdf-sys.c
fg
File: epstopdf-sys.cfg 2021/03/18 v2.0 Configuration of epstopdf for MiKTeX
))
Package caption Info: Begin \AtBeginDocument code.
Package caption Info: float package is loaded.
Package caption Info: hyperref package is loaded.
Package caption Info: listings package is loaded.
Package caption Info: End \AtBeginDocument code.
Package hyperref Info: Link coloring OFF on input line 173.
 (aaai_changed.out) (aaai_changed.out)
\@outlinefile=\write3
\openout3 = `aaai_changed.out'.

Package newfloat Info: Trying Plan B...
Package newfloat Info: `float' package detected.
\c@lstlisting=\count308
\c@eqfn=\count309
\titlearea=\box61
LaTeX Font Info:    Trying to load font information for OMS+ptm on input line 1
76.

(C:\Users\micha\AppData\Local\Programs\MiKTeX\tex/latex/psnfss\omsptm.fd
File: omsptm.fd 
)
LaTeX Font Info:    Font shape `OMS/ptm/m/n' in size <10> not available
(Font)              Font shape `OMS/cmsy/m/n' tried instead on input line 176.
\actualheight=\skip61
LaTeX Font Info:    Trying to load font information for U+msa on input line 176
.

(C:\Users\micha\AppData\Local\Programs\MiKTeX\tex/latex/amsfonts\umsa.fd
File: umsa.fd 2013/01/14 v3.01 AMS symbols A
)
LaTeX Font Info:    Trying to load font information for U+msb on input line 176
.

(C:\Users\micha\AppData\Local\Programs\MiKTeX\tex/latex/amsfonts\umsb.fd
File: umsb.fd 2013/01/14 v3.01 AMS symbols B
)
LaTeX Font Info:    Trying to load font information for TS1+ptm on input line 1
76.

(C:\Users\micha\AppData\Local\Programs\MiKTeX\tex/latex/psnfss\ts1ptm.fd
File: ts1ptm.fd 2001/06/04 font definitions for TS1/ptm.
)

Package natbib Warning: Citation `NorthernSkyResearch2019' on page 1 undefined 
on input line 184.


Package natbib Warning: Citation `Reut' on page 1 undefined on input line 184.

<pics/problem_diagram.png, id=75, 1646.15pt x 768.8725pt>
File: pics/problem_diagram.png Graphic file (type png)
<use pics/problem_diagram.png>
Package pdftex.def Info: pics/problem_diagram.png  used on input line 188.
(pdftex.def)             Requested size: 480.59395pt x 224.46901pt.

Package natbib Warning: Citation `Balty2009' on page 1 undefined on input line 
194.


Package natbib Warning: Citation `Angeletti2008' on page 1 undefined on input l
ine 194.


Package natbib Warning: Citation `Vidal2021' on page 1 undefined on input line 
194.


Package natbib Warning: Citation `Coleman2019' on page 1 undefined on input lin
e 194.


Package natbib Warning: Citation `Abbas2015' on page 1 undefined on input line 
197.


Package natbib Warning: Citation `Ackerman2020' on page 1 undefined on input li
ne 197.


Package natbib Warning: Citation `Luis2020' on page 1 undefined on input line 1
99.


Package natbib Warning: Citation `Aravanis2015' on page 1 undefined on input li
ne 199.


Package natbib Warning: Citation `Paris2019' on page 1 undefined on input line 
199.


Package natbib Warning: Citation `Lei2010' on page 1 undefined on input line 19
9.


Package natbib Warning: Citation `Durand2017' on page 1 undefined on input line
 199.


Package natbib Warning: Citation `Ferreira2018' on page 1 undefined on input li
ne 199.


Package natbib Warning: Citation `Luis2019' on page 1 undefined on input line 1
99.


Package natbib Warning: Citation `Angeletti2008' on page 1 undefined on input l
ine 199.


Package natbib Warning: Citation `Guerster2019' on page 1 undefined on input li
ne 202.


Package natbib Warning: Citation `Guerster2019' on page 1 undefined on input li
ne 204.

[1{C:/Users/micha/AppData/Local/MiKTeX/fonts/map/pdftex/pdftex.map}{C:/Users/mi
cha/AppData/Local/Programs/MiKTeX/fonts/enc/dvips/base/8r.enc}



]
Underfull \vbox (badness 10000) has occurred while \output is active []

<pics/diagram_update.png, id=88, 1238.6275pt x 899.36pt>
File: pics/diagram_update.png Graphic file (type png)
<use pics/diagram_update.png>
Package pdftex.def Info: pics/diagram_update.png  used on input line 229.
(pdftex.def)             Requested size: 237.00174pt x 172.07408pt.
 [2 <./pics/problem_diagram.png>]
Underfull \hbox (badness 1412) in paragraph at lines 254--255
\OT1/ptm/m/n/10 new users, or sys-tem fail-ures), op-er-a-tors con-stantly
 []


Package natbib Warning: Citation `wangdynamic' on page 3 undefined on input lin
e 266.


Package natbib Warning: Citation `Deng2018' on page 3 undefined on input line 2
66.


Package natbib Warning: Citation `He2017' on page 3 undefined on input line 266
.


Package natbib Warning: Citation `Anzalchi2010' on page 3 undefined on input li
ne 266.


Package natbib Warning: Citation `Angeletti2006' on page 3 undefined on input l
ine 266.


Package natbib Warning: Citation `rao2011performance' on page 3 undefined on in
put line 266.


Package natbib Warning: Citation `He2017' on page 3 undefined on input line 266
.


Package natbib Warning: Citation `tirmizi2015efficient' on page 3 undefined on 
input line 266.


Package natbib Warning: Citation `Angeletti2006' on page 3 undefined on input l
ine 266.


Package natbib Warning: Citation `Paris2019' on page 3 undefined on input line 
266.


Package natbib Warning: Citation `Aravanis2015' on page 3 undefined on input li
ne 266.


Package natbib Warning: Citation `Anzalchi2010' on page 3 undefined on input li
ne 266.


Package natbib Warning: Citation `Paris2019' on page 3 undefined on input line 
266.


Package natbib Warning: Citation `pachler20b' on page 3 undefined on input line
 267.


Package natbib Warning: Citation `Durand2017' on page 3 undefined on input line
 267.


Package natbib Warning: Citation `pachler20b' on page 3 undefined on input line
 267.


Package natbib Warning: Citation `Camino2014' on page 3 undefined on input line
 268.


Package natbib Warning: Citation `vidal2020joint' on page 3 undefined on input 
line 268.


Package natbib Warning: Citation `Cocco2018' on page 3 undefined on input line 
268.


Package natbib Warning: Citation `Camino2014' on page 3 undefined on input line
 268.


Package natbib Warning: Citation `vidal2020joint' on page 3 undefined on input 
line 268.


Package natbib Warning: Citation `Cocco2018' on page 3 undefined on input line 
268.


Package natbib Warning: Citation `hu2020dynamic' on page 3 undefined on input l
ine 269.


Package natbib Warning: Citation `gong2020adaptive' on page 3 undefined on inpu
t line 269.


Package natbib Warning: Citation `liao2020distributed' on page 3 undefined on i
nput line 269.


Package natbib Warning: Citation `zheng2020leo' on page 3 undefined on input li
ne 269.


Package natbib Warning: Citation `Ferreira2018' on page 3 undefined on input li
ne 269.


Package natbib Warning: Citation `Hu2018ASystems' on page 3 undefined on input 
line 269.


Package natbib Warning: Citation `zhang2020online' on page 3 undefined on input
 line 269.


Package natbib Warning: Citation `liao2020distributed' on page 3 undefined on i
nput line 269.


Package natbib Warning: Citation `Ferreira2018' on page 3 undefined on input li
ne 269.


Package natbib Warning: Citation `Luis2019' on page 3 undefined on input line 2
70.


Package natbib Warning: Citation `Luis2020' on page 3 undefined on input line 2
70.


Package natbib Warning: Citation `Funabiki1997' on page 3 undefined on input li
ne 271.


Package natbib Warning: Citation `Salcedo-Sanz2005' on page 3 undefined on inpu
t line 271.


Package natbib Warning: Citation `wangdynamic' on page 3 undefined on input lin
e 296.


Package natbib Warning: Citation `Deng2018' on page 3 undefined on input line 2
96.


Package natbib Warning: Citation `He2017' on page 3 undefined on input line 296
.


Package natbib Warning: Citation `Anzalchi2010' on page 3 undefined on input li
ne 296.


Package natbib Warning: Citation `Angeletti2006' on page 3 undefined on input l
ine 296.


Package natbib Warning: Citation `hu2020dynamic' on page 3 undefined on input l
ine 296.


Package natbib Warning: Citation `Camino2014' on page 3 undefined on input line
 296.


Package natbib Warning: Citation `kyrgiazos2013irregular' on page 3 undefined o
n input line 296.


Package natbib Warning: Citation `camino2016mixed' on page 3 undefined on input
 line 296.


Package natbib Warning: Citation `torkzaban2020joint' on page 3 undefined on in
put line 300.


Package natbib Warning: Citation `yang2016towards' on page 3 undefined on input
 line 300.


Package natbib Warning: Citation `rao2011performance' on page 3 undefined on in
put line 300.


Package natbib Warning: Citation `gong2020adaptive' on page 3 undefined on inpu
t line 300.

[3 <./pics/diagram_update.png>]

Package natbib Warning: Citation `He2017' on page 4 undefined on input line 302
.


Package natbib Warning: Citation `tirmizi2015efficient' on page 4 undefined on 
input line 302.


Package natbib Warning: Citation `vidal2020joint' on page 4 undefined on input 
line 302.


Package natbib Warning: Citation `Hu2018ASystems' on page 4 undefined on input 
line 302.


Package natbib Warning: Citation `Angeletti2006' on page 4 undefined on input l
ine 302.


Package natbib Warning: Citation `Paris2019' on page 4 undefined on input line 
302.


Package natbib Warning: Citation `Cocco2018' on page 4 undefined on input line 
302.


Package natbib Warning: Citation `liao2020distributed' on page 4 undefined on i
nput line 302.


Package natbib Warning: Citation `zheng2020leo' on page 4 undefined on input li
ne 302.


Package natbib Warning: Citation `Funabiki1997' on page 4 undefined on input li
ne 302.


Package natbib Warning: Citation `Salcedo-Sanz2005' on page 4 undefined on inpu
t line 302.


Package natbib Warning: Citation `pachler20b' on page 4 undefined on input line
 302.


Package natbib Warning: Citation `Ferreira2018' on page 4 undefined on input li
ne 302.


Package natbib Warning: Citation `Camino2014' on page 4 undefined on input line
 302.


Package natbib Warning: Citation `Aravanis2015' on page 4 undefined on input li
ne 304.


Package natbib Warning: Citation `Anzalchi2010' on page 4 undefined on input li
ne 304.


Package natbib Warning: Citation `Paris2019' on page 4 undefined on input line 
304.


Package natbib Warning: Citation `Durand2017' on page 4 undefined on input line
 304.


Package natbib Warning: Citation `pachler20b' on page 4 undefined on input line
 304.


Package natbib Warning: Citation `vidal2020joint' on page 4 undefined on input 
line 304.


Package natbib Warning: Citation `Cocco2018' on page 4 undefined on input line 
304.


Package natbib Warning: Citation `zhang2020online' on page 4 undefined on input
 line 304.


Package natbib Warning: Citation `liao2020distributed' on page 4 undefined on i
nput line 304.


Package natbib Warning: Citation `Ferreira2018' on page 4 undefined on input li
ne 304.


Package natbib Warning: Citation `Luis2019' on page 4 undefined on input line 3
04.


Package natbib Warning: Citation `Luis2020' on page 4 undefined on input line 3
04.


Package natbib Warning: Citation `Angeletti2006' on page 4 undefined on input l
ine 306.


Package natbib Warning: Citation `Camino2014' on page 4 undefined on input line
 315.


Underfull \vbox (badness 10000) has occurred while \output is active []



Package natbib Warning: Citation `vidal2020joint' on page 4 undefined on input 
line 318.


Package natbib Warning: Citation `liao2020distributed' on page 4 undefined on i
nput line 318.


Package natbib Warning: Citation `Aravanis2015' on page 4 undefined on input li
ne 321.


Package natbib Warning: Citation `Cocco2018' on page 4 undefined on input line 
321.


Package natbib Warning: Citation `Guerster2019' on page 4 undefined on input li
ne 341.

[4]
<pics/block_diagram.png, id=120, 1462.46375pt x 306.14375pt>
File: pics/block_diagram.png Graphic file (type png)
<use pics/block_diagram.png>
Package pdftex.def Info: pics/block_diagram.png  used on input line 347.
(pdftex.def)             Requested size: 404.71353pt x 84.71999pt.


Package natbib Warning: Citation `Suganthi2012' on page 5 undefined on input li
ne 373.


Package natbib Warning: Citation `Fildes2002' on page 5 undefined on input line
 373.


Package natbib Warning: Citation `Zhao2012' on page 5 undefined on input line 3
73.


Package natbib Warning: Citation `Wang2017' on page 5 undefined on input line 3
73.


Package natbib Warning: Citation `Panapakidis2016' on page 5 undefined on input
 line 373.


Package natbib Warning: Citation `Sagheer2019' on page 5 undefined on input lin
e 373.


Package natbib Warning: Citation `Vaswani2017' on page 5 undefined on input lin
e 373.


Package natbib Warning: Citation `Vaswani2017' on page 5 undefined on input lin
e 373.


Package natbib Warning: Citation `Panigrahi2021' on page 5 undefined on input l
ine 373.


Underfull \vbox (badness 1014) has occurred while \output is active []



Package natbib Warning: Citation `park2012dynamic' on page 5 undefined on input
 line 375.


Package natbib Warning: Citation `destounis2011dynamic' on page 5 undefined on 
input line 375.


Package natbib Warning: Citation `Deng2018' on page 5 undefined on input line 3
75.


Package natbib Warning: Citation `rao2011performance' on page 5 undefined on in
put line 375.


Package natbib Warning: Citation `tirmizi2015efficient' on page 5 undefined on 
input line 375.


Package natbib Warning: Citation `Durand2017' on page 5 undefined on input line
 375.


Package natbib Warning: Citation `Camino2014' on page 5 undefined on input line
 375.


Package natbib Warning: Citation `pachler20b' on page 5 undefined on input line
 375.


Package natbib Warning: Citation `He2017' on page 5 undefined on input line 375
.


Package natbib Warning: Citation `hu2020dynamic' on page 5 undefined on input l
ine 375.


Package natbib Warning: Citation `gong2020adaptive' on page 5 undefined on inpu
t line 375.


Package natbib Warning: Citation `wangdynamic' on page 5 undefined on input lin
e 375.


Package natbib Warning: Citation `Luis2019' on page 5 undefined on input line 3
75.


Package natbib Warning: Citation `zhang2020online' on page 5 undefined on input
 line 378.


Package natbib Warning: Citation `liao2020distributed' on page 5 undefined on i
nput line 378.


Package natbib Warning: Citation `Ferreira2018' on page 5 undefined on input li
ne 378.


Package natbib Warning: Citation `Luis2019' on page 5 undefined on input line 3
78.


Package natbib Warning: Citation `Luis2020' on page 5 undefined on input line 3
78.


Package natbib Warning: Citation `liao2020distributed' on page 5 undefined on i
nput line 378.


Package natbib Warning: Citation `zheng2020leo' on page 5 undefined on input li
ne 378.


Package natbib Warning: Citation `Ferreira2018' on page 5 undefined on input li
ne 378.


Package natbib Warning: Citation `Hu2018ASystems' on page 5 undefined on input 
line 378.


Package natbib Warning: Citation `gong2020adaptive' on page 5 undefined on inpu
t line 378.


Package natbib Warning: Citation `hu2020dynamic' on page 5 undefined on input l
ine 378.


Package natbib Warning: Citation `wangdynamic' on page 5 undefined on input lin
e 378.


Package natbib Warning: Citation `Deng2018' on page 5 undefined on input line 3
78.


Package natbib Warning: Citation `He2017' on page 5 undefined on input line 378
.


Package natbib Warning: Citation `Anzalchi2010' on page 5 undefined on input li
ne 378.


Package natbib Warning: Citation `Angeletti2006' on page 5 undefined on input l
ine 378.


Package natbib Warning: Citation `rao2011performance' on page 5 undefined on in
put line 378.


Package natbib Warning: Citation `keane1995genetic' on page 5 undefined on inpu
t line 386.


Package natbib Warning: Citation `al2006incorporating' on page 5 undefined on i
nput line 386.


Package natbib Warning: Citation `bellemare2017distributional' on page 5 undefi
ned on input line 386.


Package natbib Warning: Citation `dabney2018implicit' on page 5 undefined on in
put line 386.

[5]

Package natbib Warning: Citation `Peng2018' on page 6 undefined on input line 3
91.


Package natbib Warning: Citation `Mankowitz2019' on page 6 undefined on input l
ine 391.


Package natbib Warning: Citation `Ghosh2017' on page 6 undefined on input line 
391.


Underfull \hbox (badness 1817) in paragraph at lines 420--421
\OT1/ptm/m/n/10 learning-based tech-nolo-gies for the Dy-namic Re-source
 []


Underfull \hbox (badness 10000) in paragraph at lines 425--426
\OT1/ptm/m/n/10 We first ad-dress the per-for-mance lim-i-ta-tions that
 []


Underfull \hbox (badness 10000) in paragraph at lines 425--426
\OT1/ptm/m/n/10 subproblem-oriented AI al-go-rithms face and which
 []


Package natbib Warning: Citation `Luis2020' on page 6 undefined on input line 4
27.


Package natbib Warning: Citation `hu2020dynamic' on page 6 undefined on input l
ine 427.


Package natbib Warning: Citation `Luis2019' on page 6 undefined on input line 4
27.


Package natbib Warning: Citation `van2020q' on page 6 undefined on input line 4
27.


Package natbib Warning: Citation `zahavy2018learn' on page 6 undefined on input
 line 427.


Package natbib Warning: Citation `nia2009speeding' on page 6 undefined on input
 line 429.


Package natbib Warning: Citation `homaifar1994constrained' on page 6 undefined 
on input line 431.


Package natbib Warning: Citation `garcia2015comprehensive' on page 6 undefined 
on input line 431.


Package natbib Warning: Citation `dalal2018safe' on page 6 undefined on input l
ine 431.


Package natbib Warning: Citation `Bohez2019' on page 6 undefined on input line 
431.


Package natbib Warning: Citation `Ghosh2017' on page 6 undefined on input line 
433.


Package natbib Warning: Citation `Lee2019' on page 6 undefined on input line 43
3.


Package natbib Warning: Citation `Tobin2017' on page 6 undefined on input line 
433.

[6 <./pics/block_diagram.png>]

Package natbib Warning: Citation `Li2019' on page 7 undefined on input line 439
.


Package natbib Warning: Citation `Wu2020DeepCase' on page 7 undefined on input 
line 439.


Package natbib Warning: Citation `CharkrabortyKishanMehrotra1990ForecastingNetw
orks' on page 7 undefined on input line 441.


Package natbib Warning: Citation `Wan2019MultivariateForecasting' on page 7 und
efined on input line 441.


Package natbib Warning: Citation `Yu2016TemporalPrediction' on page 7 undefined
 on input line 441.


Package natbib Warning: Citation `DeWeck2004OptimalAlgorithm' on page 7 undefin
ed on input line 455.


Package natbib Warning: Citation `wang2020traffic' on page 7 undefined on input
 line 457.


Package natbib Warning: Citation `Vaswani2017' on page 7 undefined on input lin
e 457.


Package natbib Warning: Citation `Panigrahi2021' on page 7 undefined on input l
ine 457.


Package natbib Warning: Citation `foerster2018counterfactual' on page 7 undefin
ed on input line 461.


Package natbib Warning: Citation `Rashid2018' on page 7 undefined on input line
 461.


Package natbib Warning: Citation `he2020load' on page 7 undefined on input line
 461.


Package natbib Warning: Citation `hu2020multi' on page 7 undefined on input lin
e 461.


Underfull \hbox (badness 1052) in paragraph at lines 481--481
\OT1/ptm/m/n/10 mo-les-tias re-pel-lat quo ra-tione quasi harum ali-quam sit
 []

[7] [8

]
No file aaai_changed.bbl.

Package natbib Warning: There were undefined citations.

(aaai_changed.aux)
 ***********
LaTeX2e <2023-06-01> patch level 1
L3 programming layer <2023-08-29>
 ***********
Package rerunfilecheck Info: File `aaai_changed.out' has not changed.
(rerunfilecheck)             Checksum: A79111F0680CBF671435B00B2FE24D1C;3706.
 ) 
Here is how much of TeX's memory you used:
 13424 strings out of 475247
 211621 string characters out of 5757792
 1942801 words of memory out of 5000000
 34732 multiletter control sequences out of 15000+600000
 583263 words of font info for 93 fonts, out of 8000000 for 9000
 1141 hyphenation exceptions out of 8191
 75i,10n,79p,1505b,542s stack positions out of 10000i,1000n,20000p,200000b,200000s
<C:/Users/micha/AppData/Local/Programs/MiKTeX/fonts/type1/public/amsfonts/cm/
cmmi10.pfb><C:/Users/micha/AppData/Local/Programs/MiKTeX/fonts/type1/public/ams
fonts/cm/cmr7.pfb><C:/Users/micha/AppData/Local/Programs/MiKTeX/fonts/type1/pub
lic/amsfonts/cm/cmsy10.pfb><C:/Users/micha/AppData/Local/Programs/MiKTeX/fonts/
type1/urw/times/utmb8a.pfb><C:/Users/micha/AppData/Local/Programs/MiKTeX/fonts/
type1/urw/times/utmr8a.pfb><C:/Users/micha/AppData/Local/Programs/MiKTeX/fonts/
type1/urw/times/utmri8a.pfb>
Output written on aaai_changed.pdf (8 pages, 1477224 bytes).
PDF statistics:
 182 PDF objects out of 1000 (max. 8388607)
 32 named destinations out of 1000 (max. 500000)
 160 words of extra memory for PDF output out of 10000 (max. 10000000)

