This is pdfTeX, Version 3.141592653-2.6-1.40.25 (MiKTeX 23.5) (preloaded format=pdflatex 2024.1.12)  3 MAR 2024 16:16
entering extended mode
 restricted \write18 enabled.
 %&-line parsing enabled.
**./aaai21_changed.tex
(aaai21_changed.tex
LaTeX2e <2023-06-01> patch level 1
L3 programming layer <2023-08-29>
(C:\Users\orfuc\AppData\Local\Programs\MiKTeX\tex/latex/base\article.cls
Document Class: article 2023/05/17 v1.4n Standard LaTeX document class
(C:\Users\orfuc\AppData\Local\Programs\MiKTeX\tex/latex/base\size10.clo
File: size10.clo 2023/05/17 v1.4n Standard LaTeX file (size option)
)
\c@part=\count185
\c@section=\count186
\c@subsection=\count187
\c@subsubsection=\count188
\c@paragraph=\count189
\c@subparagraph=\count190
\c@figure=\count191
\c@table=\count192
\abovecaptionskip=\skip48
\belowcaptionskip=\skip49
\bibindent=\dimen140
)
(aaai21.sty
Conference Style for AAAI for LaTeX 2e -- version for the AAAI-21 conference - 
MODIFIED
\titlebox=\skip50
) (C:\Users\orfuc\AppData\Local\Programs\MiKTeX\tex/latex/psnfss\times.sty
Package: times 2020/03/25 PSNFSS-v9.3 (SPQR) 
)
(C:\Users\orfuc\AppData\Local\Programs\MiKTeX\tex/latex/psnfss\helvet.sty
Package: helvet 2020/03/25 PSNFSS-v9.3 (WaS) 

(C:\Users\orfuc\AppData\Local\Programs\MiKTeX\tex/latex/graphics\keyval.sty
Package: keyval 2022/05/29 v1.15 key=value parser (DPC)
\KV@toks@=\toks17
))
(C:\Users\orfuc\AppData\Local\Programs\MiKTeX\tex/latex/psnfss\courier.sty
Package: courier 2020/03/25 PSNFSS-v9.3 (WaS) 
)
(C:\Users\orfuc\AppData\Local\Programs\MiKTeX\tex/latex/url\url.sty
\Urlmuskip=\muskip16
Package: url 2013/09/16  ver 3.4  Verb mode for urls, etc.
)
(C:\Users\orfuc\AppData\Local\Programs\MiKTeX\tex/latex/graphics\graphicx.sty
Package: graphicx 2021/09/16 v1.2d Enhanced LaTeX Graphics (DPC,SPQR)

(C:\Users\orfuc\AppData\Local\Programs\MiKTeX\tex/latex/graphics\graphics.sty
Package: graphics 2022/03/10 v1.4e Standard LaTeX Graphics (DPC,SPQR)

(C:\Users\orfuc\AppData\Local\Programs\MiKTeX\tex/latex/graphics\trig.sty
Package: trig 2021/08/11 v1.11 sin cos tan (DPC)
)
(C:\Users\orfuc\AppData\Local\Programs\MiKTeX\tex/latex/graphics-cfg\graphics.c
fg
File: graphics.cfg 2016/06/04 v1.11 sample graphics configuration
)
Package graphics Info: Driver file: pdftex.def on input line 107.

(C:\Users\orfuc\AppData\Local\Programs\MiKTeX\tex/latex/graphics-def\pdftex.def
File: pdftex.def 2022/09/22 v1.2b Graphics/color driver for pdftex
))
\Gin@req@height=\dimen141
\Gin@req@width=\dimen142
) (C:\Users\orfuc\AppData\Local\Programs\MiKTeX\tex/latex/natbib\natbib.sty
Package: natbib 2010/09/13 8.31b (PWD, AO)
\bibhang=\skip51
\bibsep=\skip52
LaTeX Info: Redefining \cite on input line 694.
\c@NAT@ctr=\count193
)
(C:\Users\orfuc\AppData\Local\Programs\MiKTeX\tex/latex/caption\caption.sty
Package: caption 2023/07/31 v3.6n Customizing captions (AR)

(C:\Users\orfuc\AppData\Local\Programs\MiKTeX\tex/latex/caption\caption3.sty
Package: caption3 2023/07/31 v2.4d caption3 kernel (AR)
\caption@tempdima=\dimen143
\captionmargin=\dimen144
\caption@leftmargin=\dimen145
\caption@rightmargin=\dimen146
\caption@width=\dimen147
\caption@indent=\dimen148
\caption@parindent=\dimen149
\caption@hangindent=\dimen150
Package caption Info: Standard document class detected.
)
\c@caption@flags=\count194
\c@continuedfloat=\count195
)
(C:\Users\orfuc\AppData\Local\Programs\MiKTeX\tex/latex/algorithms\algorithm.st
y
Package: algorithm 2009/08/24 v0.1 Document Style `algorithm' - floating enviro
nment
 (C:\Users\orfuc\AppData\Local\Programs\MiKTeX\tex/latex/float\float.sty
Package: float 2001/11/08 v1.3d Float enhancements (AL)
\c@float@type=\count196
\float@exts=\toks18
\float@box=\box51
\@float@everytoks=\toks19
\@floatcapt=\box52
)
(C:\Users\orfuc\AppData\Local\Programs\MiKTeX\tex/latex/base\ifthen.sty
Package: ifthen 2022/04/13 v1.1d Standard LaTeX ifthen package (DPC)
)
\@float@every@algorithm=\toks20
\c@algorithm=\count197
)
(C:\Users\orfuc\AppData\Local\Programs\MiKTeX\tex/latex/algorithms\algorithmic.
sty
Package: algorithmic 2009/08/24 v0.1 Document Style `algorithmic'
\c@ALC@unique=\count198
\c@ALC@line=\count199
\c@ALC@rem=\count266
\c@ALC@depth=\count267
\ALC@tlm=\skip53
\algorithmicindent=\skip54
)
(C:\Users\orfuc\AppData\Local\Programs\MiKTeX\tex/latex/jknappen\mathrsfs.sty
Package: mathrsfs 1996/01/01 Math RSFS package v1.0 (jk)
\symrsfs=\mathgroup4
)
(C:\Users\orfuc\AppData\Local\Programs\MiKTeX\tex/latex/amsmath\amsmath.sty
Package: amsmath 2023/05/13 v2.17o AMS math features
\@mathmargin=\skip55

For additional information on amsmath, use the `?' option.
(C:\Users\orfuc\AppData\Local\Programs\MiKTeX\tex/latex/amsmath\amstext.sty
Package: amstext 2021/08/26 v2.01 AMS text

(C:\Users\orfuc\AppData\Local\Programs\MiKTeX\tex/latex/amsmath\amsgen.sty
File: amsgen.sty 1999/11/30 v2.0 generic functions
\@emptytoks=\toks21
\ex@=\dimen151
))
(C:\Users\orfuc\AppData\Local\Programs\MiKTeX\tex/latex/amsmath\amsbsy.sty
Package: amsbsy 1999/11/29 v1.2d Bold Symbols
\pmbraise@=\dimen152
)
(C:\Users\orfuc\AppData\Local\Programs\MiKTeX\tex/latex/amsmath\amsopn.sty
Package: amsopn 2022/04/08 v2.04 operator names
)
\inf@bad=\count268
LaTeX Info: Redefining \frac on input line 234.
\uproot@=\count269
\leftroot@=\count270
LaTeX Info: Redefining \overline on input line 399.
LaTeX Info: Redefining \colon on input line 410.
\classnum@=\count271
\DOTSCASE@=\count272
LaTeX Info: Redefining \ldots on input line 496.
LaTeX Info: Redefining \dots on input line 499.
LaTeX Info: Redefining \cdots on input line 620.
\Mathstrutbox@=\box53
\strutbox@=\box54
LaTeX Info: Redefining \big on input line 722.
LaTeX Info: Redefining \Big on input line 723.
LaTeX Info: Redefining \bigg on input line 724.
LaTeX Info: Redefining \Bigg on input line 725.
\big@size=\dimen153
LaTeX Font Info:    Redeclaring font encoding OML on input line 743.
LaTeX Font Info:    Redeclaring font encoding OMS on input line 744.
\macc@depth=\count273
LaTeX Info: Redefining \bmod on input line 905.
LaTeX Info: Redefining \pmod on input line 910.
LaTeX Info: Redefining \smash on input line 940.
LaTeX Info: Redefining \relbar on input line 970.
LaTeX Info: Redefining \Relbar on input line 971.
\c@MaxMatrixCols=\count274
\dotsspace@=\muskip17
\c@parentequation=\count275
\dspbrk@lvl=\count276
\tag@help=\toks22
\row@=\count277
\column@=\count278
\maxfields@=\count279
\andhelp@=\toks23
\eqnshift@=\dimen154
\alignsep@=\dimen155
\tagshift@=\dimen156
\tagwidth@=\dimen157
\totwidth@=\dimen158
\lineht@=\dimen159
\@envbody=\toks24
\multlinegap=\skip56
\multlinetaggap=\skip57
\mathdisplay@stack=\toks25
LaTeX Info: Redefining \[ on input line 2953.
LaTeX Info: Redefining \] on input line 2954.
)
(C:\Users\orfuc\AppData\Local\Programs\MiKTeX\tex/latex/booktabs\booktabs.sty
Package: booktabs 2020/01/12 v1.61803398 Publication quality tables
\heavyrulewidth=\dimen160
\lightrulewidth=\dimen161
\cmidrulewidth=\dimen162
\belowrulesep=\dimen163
\belowbottomsep=\dimen164
\aboverulesep=\dimen165
\abovetopsep=\dimen166
\cmidrulesep=\dimen167
\cmidrulekern=\dimen168
\defaultaddspace=\dimen169
\@cmidla=\count280
\@cmidlb=\count281
\@aboverulesep=\dimen170
\@belowrulesep=\dimen171
\@thisruleclass=\count282
\@lastruleclass=\count283
\@thisrulewidth=\dimen172
)
(C:\Users\orfuc\AppData\Local\Programs\MiKTeX\tex/latex/tools\array.sty
Package: array 2022/09/04 v2.5g Tabular extension package (FMi)
\col@sep=\dimen173
\ar@mcellbox=\box55
\extrarowheight=\dimen174
\NC@list=\toks26
\extratabsurround=\skip58
\backup@length=\skip59
\ar@cellbox=\box56
)
(C:\Users\orfuc\AppData\Local\Programs\MiKTeX\tex/latex/shipunov\boldline.sty
Package: boldline 2008/02/04 v0.2 Adjust line width in tables
)
Runaway argument?
{ 
! Paragraph ended before \author  was complete.
<to be read again> 
                   \par 
l.147 
      
I suspect you've forgotten a `}', causing me to apply this
control sequence to too much text. How can we recover?
My plan is to forget the whole thing and hope for the best.


! LaTeX Error: Missing \begin{document}.

See the LaTeX manual or LaTeX Companion for explanation.
Type  H <return>  for immediate help.
 ...                                              
                                                  
l.148         K
               un Qian,\textsuperscript{\rm 1}
You're in trouble here.  Try typing  <return>  to proceed.
If that doesn't work, type  X <return>  to quit.

LaTeX Font Info:    Trying to load font information for U+rsfs on input line 14
8.
(C:\Users\orfuc\AppData\Local\Programs\MiKTeX\tex/latex/jknappen\ursfs.fd
File: ursfs.fd 1998/03/24 rsfs font definition file (jk)
)
LaTeX Font Info:    Trying to load font information for OT1+ptm on input line 1
48.

(C:\Users\orfuc\AppData\Local\Programs\MiKTeX\tex/latex/psnfss\ot1ptm.fd
File: ot1ptm.fd 2001/06/04 font definitions for OT1/ptm.
)
! Too many }'s.
<recently read> }
                 
l.151 }
       
You've closed more groups than you opened.
Such booboos are generally harmless, so keep going.


Underfull \hbox (badness 10000) in paragraph at lines 148--158

 []


(C:\Users\orfuc\AppData\Local\Programs\MiKTeX\tex/latex/l3backend\l3backend-pdf
tex.def
File: l3backend-pdftex.def 2023-04-19 L3 backend support: PDF output (pdfTeX)
\l__color_backend_stack_int=\count284
\l__pdf_internal_box=\box57
) (aaai21_changed.aux)
\openout1 = `aaai21_changed.aux'.

LaTeX Font Info:    Checking defaults for OML/cmm/m/it on input line 160.
LaTeX Font Info:    ... okay on input line 160.
LaTeX Font Info:    Checking defaults for OMS/cmsy/m/n on input line 160.
LaTeX Font Info:    ... okay on input line 160.
LaTeX Font Info:    Checking defaults for OT1/cmr/m/n on input line 160.
LaTeX Font Info:    ... okay on input line 160.
LaTeX Font Info:    Checking defaults for T1/cmr/m/n on input line 160.
LaTeX Font Info:    ... okay on input line 160.
LaTeX Font Info:    Checking defaults for TS1/cmr/m/n on input line 160.
LaTeX Font Info:    ... okay on input line 160.
LaTeX Font Info:    Checking defaults for OMX/cmex/m/n on input line 160.
LaTeX Font Info:    ... okay on input line 160.
LaTeX Font Info:    Checking defaults for U/cmr/m/n on input line 160.
LaTeX Font Info:    ... okay on input line 160.

(C:\Users\orfuc\AppData\Local\Programs\MiKTeX\tex/context/base/mkii\supp-pdf.mk
ii
[Loading MPS to PDF converter (version 2006.09.02).]
\scratchcounter=\count285
\scratchdimen=\dimen175
\scratchbox=\box58
\nofMPsegments=\count286
\nofMParguments=\count287
\everyMPshowfont=\toks27
\MPscratchCnt=\count288
\MPscratchDim=\dimen176
\MPnumerator=\count289
\makeMPintoPDFobject=\count290
\everyMPtoPDFconversion=\toks28
)
(C:\Users\orfuc\AppData\Local\Programs\MiKTeX\tex/latex/epstopdf-pkg\epstopdf-b
ase.sty
Package: epstopdf-base 2020-01-24 v2.11 Base part for package epstopdf
Package epstopdf-base Info: Redefining graphics rule for `.eps' on input line 4
85.

(C:\Users\orfuc\AppData\Local\Programs\MiKTeX\tex/latex/00miktex\epstopdf-sys.c
fg
File: epstopdf-sys.cfg 2021/03/18 v2.0 Configuration of epstopdf for MiKTeX
))
Package caption Info: Begin \AtBeginDocument code.
Package caption Info: float package is loaded.
Package caption Info: End \AtBeginDocument code.
 [1


{C:/Users/orfuc/AppData/Local/MiKTeX/fonts/map/pdftex/pdftex.map}{C:/Users/orfu
c/AppData/Local/Programs/MiKTeX/fonts/enc/dvips/base/8r.enc}

]
\titlearea=\box59


LaTeX Warning: No \author given.

\actualheight=\skip60

LaTeX Warning: No \author given.


Underfull \vbox (badness 10000) detected at line 162
 []

LaTeX Font Info:    Trying to load font information for TS1+ptm on input line 1
62.
(C:\Users\orfuc\AppData\Local\Programs\MiKTeX\tex/latex/psnfss\ts1ptm.fd
File: ts1ptm.fd 2001/06/04 font definitions for TS1/ptm.
)

Package natbib Warning: Citation `zhao2018zero' on page 2 undefined on input li
ne 209.


Package natbib Warning: Citation `Devlin2019BERTPO' on page 2 undefined on inpu
t line 211.


Package natbib Warning: Citation `qian2019domain' on page 2 undefined on input 
line 213.


Package natbib Warning: Citation `finn2017model' on page 2 undefined on input l
ine 213.


Package natbib Warning: Citation `zhang2019task' on page 2 undefined on input l
ine 239.


Package natbib Warning: Citation `finn2017model' on page 2 undefined on input l
ine 243.


Package natbib Warning: Citation `budzianowski2018multiwoz' on page 2 undefined
 on input line 247.


Package natbib Warning: Citation `rastogi2019towards' on page 2 undefined on in
put line 247.


Package natbib Warning: Citation `Dauphin2014ZeroShotLA' on page 2 undefined on
 input line 278.


Package natbib Warning: Citation `Henderson2014TheTD' on page 2 undefined on in
put line 278.


Package natbib Warning: Citation `Young2010TheHI' on page 2 undefined on input 
line 278.


Package natbib Warning: Citation `Wen2015StochasticLG' on page 2 undefined on i
nput line 278.


Package natbib Warning: Citation `wen2016network' on page 2 undefined on input 
line 280.


Package natbib Warning: Citation `lei2018sequicity' on page 2 undefined on inpu
t line 282.


Package natbib Warning: Citation `Gu2016IncorporatingCM' on page 2 undefined on
 input line 282.


Package natbib Warning: Citation `Wen2015StochasticLG' on page 2 undefined on i
nput line 282.


Package natbib Warning: Citation `zhang2019task' on page 2 undefined on input l
ine 284.


Package natbib Warning: Citation `Li2019EndtoEndTN' on page 2 undefined on inpu
t line 284.


Underfull \vbox (badness 10000) has occurred while \output is active []

 [2

]

Package natbib Warning: Citation `Mo2018PersonalizingAD' on page 3 undefined on
 input line 299.


Package natbib Warning: Citation `Genevay2016TransferLF' on page 3 undefined on
 input line 299.


Package natbib Warning: Citation `Shi2018SentimentAE' on page 3 undefined on in
put line 301.


Package natbib Warning: Citation `Williams2017HybridCN' on page 3 undefined on 
input line 301.


Package natbib Warning: Citation `zhao2018zero' on page 3 undefined on input li
ne 303.


Package natbib Warning: Citation `shalyminov2019few' on page 3 undefined on inp
ut line 303.


Package natbib Warning: Citation `caruana1997multitask' on page 3 undefined on 
input line 303.


Package natbib Warning: Citation `bengio2012deep' on page 3 undefined on input 
line 303.


Package natbib Warning: Citation `Devlin2019BERTPO' on page 3 undefined on inpu
t line 305.


Package natbib Warning: Citation `radford2019language' on page 3 undefined on i
nput line 305.


Package natbib Warning: Citation `budzianowski2019hello' on page 3 undefined on
 input line 305.


Package natbib Warning: Citation `Shalyminov2020HybridGT' on page 3 undefined o
n input line 305.


Package natbib Warning: Citation `Peng2020SOLOISTFT' on page 3 undefined on inp
ut line 309.


Package natbib Warning: Citation `gu2018meta' on page 3 undefined on input line
 315.


Package natbib Warning: Citation `Rusu2019MetaLearningWL' on page 3 undefined o
n input line 315.


Package natbib Warning: Citation `qian2019domain' on page 3 undefined on input 
line 317.


Package natbib Warning: Citation `finn2017model' on page 3 undefined on input l
ine 317.


Package natbib Warning: Citation `Song2019LearningTC' on page 3 undefined on in
put line 319.

<figs/structure.png, id=11, 1405.25pt x 563.10374pt>
File: figs/structure.png Graphic file (type png)
<use figs/structure.png>
Package pdftex.def Info: figs/structure.png  used on input line 327.
(pdftex.def)             Requested size: 480.59395pt x 192.57832pt.

Package natbib Warning: Citation `Zhu2015MachineTA' on page 3 undefined on inpu
t line 339.


Package natbib Warning: Citation `Liu2017IterativeMT' on page 3 undefined on in
put line 339.


Package natbib Warning: Citation `Kim2016SequenceLevelKD' on page 3 undefined o
n input line 341.


Package natbib Warning: Citation `Peng2019TeacherStudentFE' on page 3 undefined
 on input line 341.


Package natbib Warning: Citation `Hinton2015DistillingTK' on page 3 undefined o
n input line 341.


Package natbib Warning: Citation `Fan2018LearningTT' on page 3 undefined on inp
ut line 343.


Package natbib Warning: Citation `Wu2018LearningTT' on page 3 undefined on inpu
t line 345.


Package natbib Warning: Citation `zhang2019task' on page 3 undefined on input l
ine 401.


Package natbib Warning: Citation `lei2018sequicity' on page 3 undefined on inpu
t line 404.


Underfull \hbox (badness 2261) in paragraph at lines 404--405
\OT1/ptm/m/n/10 all the task-related in-for-ma-tion pro-vided by user, e.g
 []

[3]

Package natbib Warning: Citation `cho2014learning' on page 4 undefined on input
 line 418.


Package natbib Warning: Citation `bahdanau2014neural' on page 4 undefined on in
put line 418.


Package natbib Warning: Citation `Gu2016IncorporatingCM' on page 4 undefined on
 input line 418.


Package natbib Warning: Citation `vaswani2017attention' on page 4 undefined on 
input line 433.

<figs/train0.png, id=21, 772.8875pt x 940.51375pt>
File: figs/train0.png Graphic file (type png)
<use figs/train0.png>
Package pdftex.def Info: figs/train0.png  used on input line 443.
(pdftex.def)             Requested size: 227.42392pt x 276.74594pt.

Package natbib Warning: Citation `finn2017model' on page 4 undefined on input l
ine 586.

[4 <./figs/structure.png>]
Underfull \hbox (badness 2065) in paragraph at lines 588--594
[]\OT1/ptm/m/n/10 We first ini-tial-ize the stu-dent and the meta-teacher
 []

[5 <./figs/train0.png>]
Underfull \hbox (badness 1466) in paragraph at lines 613--615
\OT1/ptm/m/n/10 Optionally, a reg-u-lar-iza-tion term can be added to the
 []


Package natbib Warning: Citation `budzianowski2018multiwoz' on page 6 undefined
 on input line 639.


Package natbib Warning: Citation `rastogi2019towards' on page 6 undefined on in
put line 644.


Package natbib Warning: Citation `Kelley1984AnID' on page 6 undefined on input 
line 644.


Underfull \hbox (badness 1320) in paragraph at lines 644--645
\OT1/ptm/b/n/10 Schema-Guided Dataset \OT1/ptm/m/n/10 (\OT1/ptm/b/n/10 ?\OT1/pt
m/m/n/10 ) is an-other newly-released
 []


Package natbib Warning: Citation `budzianowski2018multiwoz' on page 6 undefined
 on input line 654.


Package natbib Warning: Citation `Papineni2002BleuAM' on page 6 undefined on in
put line 654.


Underfull \hbox (badness 1331) in paragraph at lines 654--655
\OT1/ptm/m/n/10 Following \OT1/ptm/b/n/10 ?\OT1/ptm/m/n/10 , we adopt In-form r
ate, Suc-cess rate, and
 []


Overfull \hbox (3.65324pt too wide) in paragraph at lines 676--676
 []|\OT1/ptm/m/n/9 Inform| 
 []


Overfull \hbox (7.154pt too wide) in paragraph at lines 676--676
 []|\OT1/ptm/m/n/9 Success| 
 []


Overfull \hbox (2.1593pt too wide) in paragraph at lines 676--676
 []|\OT1/ptm/m/n/9 BLEU| 
 []


Overfull \hbox (3.65324pt too wide) in paragraph at lines 676--676
 []|\OT1/ptm/m/n/9 Inform| 
 []


Overfull \hbox (7.154pt too wide) in paragraph at lines 676--676
 []|\OT1/ptm/m/n/9 Success| 
 []


Overfull \hbox (2.1593pt too wide) in paragraph at lines 676--676
 []|\OT1/ptm/m/n/9 BLEU| 
 []


Overfull \hbox (3.65324pt too wide) in paragraph at lines 676--676
 []|\OT1/ptm/m/n/9 Inform| 
 []


Overfull \hbox (7.154pt too wide) in paragraph at lines 676--676
 []|\OT1/ptm/m/n/9 Success| 
 []


Overfull \hbox (2.1593pt too wide) in paragraph at lines 676--676
 []|\OT1/ptm/m/n/9 BLEU| 
 []


Overfull \hbox (3.65324pt too wide) in paragraph at lines 676--676
 []|\OT1/ptm/m/n/9 Inform| 
 []


Overfull \hbox (7.154pt too wide) in paragraph at lines 676--676
 []|\OT1/ptm/m/n/9 Success| 
 []


Overfull \hbox (3.65324pt too wide) in paragraph at lines 685--685
 []|\OT1/ptm/m/n/9 Inform| 
 []


Overfull \hbox (7.154pt too wide) in paragraph at lines 685--685
 []|\OT1/ptm/m/n/9 Success| 
 []


Overfull \hbox (2.1593pt too wide) in paragraph at lines 685--685
 []|\OT1/ptm/m/n/9 BLEU| 
 []


Overfull \hbox (3.65324pt too wide) in paragraph at lines 685--685
 []|\OT1/ptm/m/n/9 Inform| 
 []


Overfull \hbox (7.154pt too wide) in paragraph at lines 685--685
 []|\OT1/ptm/m/n/9 Success| 
 []


Overfull \hbox (2.1593pt too wide) in paragraph at lines 685--685
 []|\OT1/ptm/m/n/9 BLEU| 
 []


Overfull \hbox (3.65324pt too wide) in paragraph at lines 685--685
 []|\OT1/ptm/m/n/9 Inform| 
 []


Overfull \hbox (7.154pt too wide) in paragraph at lines 685--685
 []|\OT1/ptm/m/n/9 Success| 
 []


Overfull \hbox (2.1593pt too wide) in paragraph at lines 685--685
 []|\OT1/ptm/m/n/9 BLEU| 
 []


Overfull \hbox (3.65324pt too wide) in paragraph at lines 685--685
 []|\OT1/ptm/m/n/9 Inform| 
 []


Overfull \hbox (7.154pt too wide) in paragraph at lines 685--685
 []|\OT1/ptm/m/n/9 Success| 
 []


Package natbib Warning: Citation `finn2017model' on page 6 undefined on input l
ine 709.


Package natbib Warning: Citation `qian2019domain' on page 6 undefined on input 
line 709.


Package natbib Warning: Citation `Peng2020SOLOISTFT' on page 6 undefined on inp
ut line 711.


Package natbib Warning: Citation `pennington2014glove' on page 6 undefined on i
nput line 719.


Package natbib Warning: Citation `kingma2014adam' on page 6 undefined on input 
line 719.


Package natbib Warning: Citation `ioffe2015batch' on page 6 undefined on input 
line 719.

[6]
Overfull \hbox (2.23051pt too wide) in paragraph at lines 798--798
 []|\OT1/ptm/m/n/9 Inform| 
 []


Overfull \hbox (5.73128pt too wide) in paragraph at lines 798--798
 []|\OT1/ptm/m/n/9 Success| 
 []


LaTeX Warning: `h' float specifier changed to `ht'.


Overfull \hbox (3.65324pt too wide) in paragraph at lines 837--837
 []|\OT1/ptm/m/n/9 Inform| 
 []


Overfull \hbox (7.154pt too wide) in paragraph at lines 837--837
 []|\OT1/ptm/m/n/9 Success| 
 []


Overfull \hbox (2.1593pt too wide) in paragraph at lines 837--837
 []|\OT1/ptm/m/n/9 BLEU| 
 []


Overfull \hbox (3.65324pt too wide) in paragraph at lines 837--837
 []|\OT1/ptm/m/n/9 Inform| 
 []


Overfull \hbox (7.154pt too wide) in paragraph at lines 837--837
 []|\OT1/ptm/m/n/9 Success| 
 []


Overfull \hbox (2.1593pt too wide) in paragraph at lines 837--837
 []|\OT1/ptm/m/n/9 BLEU| 
 []


Overfull \hbox (3.65324pt too wide) in paragraph at lines 837--837
 []|\OT1/ptm/m/n/9 Inform| 
 []


Overfull \hbox (7.154pt too wide) in paragraph at lines 837--837
 []|\OT1/ptm/m/n/9 Success| 
 []


Overfull \hbox (2.1593pt too wide) in paragraph at lines 837--837
 []|\OT1/ptm/m/n/9 BLEU| 
 []


Overfull \hbox (3.65324pt too wide) in paragraph at lines 837--837
 []|\OT1/ptm/m/n/9 Inform| 
 []


Overfull \hbox (7.154pt too wide) in paragraph at lines 837--837
 []|\OT1/ptm/m/n/9 Success| 
 []


Package natbib Warning: Citation `Peng2020SOLOISTFT' on page 7 undefined on inp
ut line 849.


Underfull \vbox (badness 3000) has occurred while \output is active []

 [7]
<figs/weights.png, id=41, 1074.0125pt x 643.40375pt>
File: figs/weights.png Graphic file (type png)
<use figs/weights.png>
Package pdftex.def Info: figs/weights.png  used on input line 901.
(pdftex.def)             Requested size: 239.39438pt x 143.40477pt.

Underfull \hbox (badness 1253) in paragraph at lines 918--930
\OT1/ptm/m/n/10 present a transformer-based meta-teacher model, which
 []


Underfull \vbox (badness 2073) has occurred while \output is active []

 [8 <./figs/weights.png>]
No file aaai21_changed.bbl.

Package natbib Warning: There were undefined citations.

[9

] (aaai21_changed.aux)
 ***********
LaTeX2e <2023-06-01> patch level 1
L3 programming layer <2023-08-29>
 ***********
 ) 
Here is how much of TeX's memory you used:
 4554 strings out of 475247
 76695 string characters out of 5757792
 1962801 words of memory out of 5000000
 26021 multiletter control sequences out of 15000+600000
 578587 words of font info for 77 fonts, out of 8000000 for 9000
 1141 hyphenation exceptions out of 8191
 57i,17n,65p,1049b,600s stack positions out of 10000i,1000n,20000p,200000b,200000s
<C:/Users/orfuc/AppData/Local/Programs/MiKTeX/fonts/type1/public/amsfonts/cm/
cmex10.pfb><C:/Users/orfuc/AppData/Local/Programs/MiKTeX/fonts/type1/public/ams
fonts/cm/cmmi10.pfb><C:/Users/orfuc/AppData/Local/Programs/MiKTeX/fonts/type1/p
ublic/amsfonts/cm/cmmi5.pfb><C:/Users/orfuc/AppData/Local/Programs/MiKTeX/fonts
/type1/public/amsfonts/cm/cmmi7.pfb><C:/Users/orfuc/AppData/Local/Programs/MiKT
eX/fonts/type1/public/amsfonts/cm/cmr10.pfb><C:/Users/orfuc/AppData/Local/Progr
ams/MiKTeX/fonts/type1/public/amsfonts/cm/cmr7.pfb><C:/Users/orfuc/AppData/Loca
l/Programs/MiKTeX/fonts/type1/public/amsfonts/cm/cmr9.pfb><C:/Users/orfuc/AppDa
ta/Local/Programs/MiKTeX/fonts/type1/public/amsfonts/cm/cmsy10.pfb><C:/Users/or
fuc/AppData/Local/Programs/MiKTeX/fonts/type1/public/amsfonts/cm/cmsy7.pfb><C:/
Users/orfuc/AppData/Local/Programs/MiKTeX/fonts/type1/public/amsfonts/cm/cmti10
.pfb><C:/Users/orfuc/AppData/Local/Programs/MiKTeX/fonts/type1/public/rsfs/rsfs
10.pfb><C:/Users/orfuc/AppData/Local/Programs/MiKTeX/fonts/type1/urw/times/utmb
8a.pfb><C:/Users/orfuc/AppData/Local/Programs/MiKTeX/fonts/type1/urw/times/utmr
8a.pfb>
Output written on aaai21_changed.pdf (9 pages, 504768 bytes).
PDF statistics:
 105 PDF objects out of 1000 (max. 8388607)
 0 named destinations out of 1000 (max. 500000)
 16 words of extra memory for PDF output out of 10000 (max. 10000000)

