This is pdfTeX, Version 3.141592653-2.6-1.40.25 (MiKTeX 23.5) (preloaded format=pdflatex 2024.1.12)  30 MAR 2024 16:26
entering extended mode
 restricted \write18 enabled.
 %&-line parsing enabled.
**./AAAI-YanB_changed.tex
(AAAI-YanB_changed.tex
LaTeX2e <2023-06-01> patch level 1
L3 programming layer <2023-08-29>
(C:\Users\orfuc\AppData\Local\Programs\MiKTeX\tex/latex/base\article.cls
Document Class: article 2023/05/17 v1.4n Standard LaTeX document class
(C:\Users\orfuc\AppData\Local\Programs\MiKTeX\tex/latex/base\size10.clo
File: size10.clo 2023/05/17 v1.4n Standard LaTeX file (size option)
)
\c@part=\count185
\c@section=\count186
\c@subsection=\count187
\c@subsubsection=\count188
\c@paragraph=\count189
\c@subparagraph=\count190
\c@figure=\count191
\c@table=\count192
\abovecaptionskip=\skip48
\belowcaptionskip=\skip49
\bibindent=\dimen140
)
(aaai19.sty
Conference Style for AAAI for LaTeX 2e -- version for the AAAI-19 conference
\titlebox=\skip50
) (C:\Users\orfuc\AppData\Local\Programs\MiKTeX\tex/latex/psnfss\times.sty
Package: times 2020/03/25 PSNFSS-v9.3 (SPQR) 
)
(C:\Users\orfuc\AppData\Local\Programs\MiKTeX\tex/latex/psnfss\helvet.sty
Package: helvet 2020/03/25 PSNFSS-v9.3 (WaS) 

(C:\Users\orfuc\AppData\Local\Programs\MiKTeX\tex/latex/graphics\keyval.sty
Package: keyval 2022/05/29 v1.15 key=value parser (DPC)
\KV@toks@=\toks17
))
(C:\Users\orfuc\AppData\Local\Programs\MiKTeX\tex/latex/psnfss\courier.sty
Package: courier 2020/03/25 PSNFSS-v9.3 (WaS) 
)
(C:\Users\orfuc\AppData\Local\Programs\MiKTeX\tex/latex/url\url.sty
\Urlmuskip=\muskip16
Package: url 2013/09/16  ver 3.4  Verb mode for urls, etc.
)
(C:\Users\orfuc\AppData\Local\Programs\MiKTeX\tex/latex/graphics\graphicx.sty
Package: graphicx 2021/09/16 v1.2d Enhanced LaTeX Graphics (DPC,SPQR)

(C:\Users\orfuc\AppData\Local\Programs\MiKTeX\tex/latex/graphics\graphics.sty
Package: graphics 2022/03/10 v1.4e Standard LaTeX Graphics (DPC,SPQR)

(C:\Users\orfuc\AppData\Local\Programs\MiKTeX\tex/latex/graphics\trig.sty
Package: trig 2021/08/11 v1.11 sin cos tan (DPC)
)
(C:\Users\orfuc\AppData\Local\Programs\MiKTeX\tex/latex/graphics-cfg\graphics.c
fg
File: graphics.cfg 2016/06/04 v1.11 sample graphics configuration
)
Package graphics Info: Driver file: pdftex.def on input line 107.

(C:\Users\orfuc\AppData\Local\Programs\MiKTeX\tex/latex/graphics-def\pdftex.def
File: pdftex.def 2022/09/22 v1.2b Graphics/color driver for pdftex
))
\Gin@req@height=\dimen141
\Gin@req@width=\dimen142
)
(C:\Users\orfuc\AppData\Local\Programs\MiKTeX\tex/latex/algorithms\algorithm.st
y
Package: algorithm 2009/08/24 v0.1 Document Style `algorithm' - floating enviro
nment
 (C:\Users\orfuc\AppData\Local\Programs\MiKTeX\tex/latex/float\float.sty
Package: float 2001/11/08 v1.3d Float enhancements (AL)
\c@float@type=\count193
\float@exts=\toks18
\float@box=\box51
\@float@everytoks=\toks19
\@floatcapt=\box52
)
(C:\Users\orfuc\AppData\Local\Programs\MiKTeX\tex/latex/base\ifthen.sty
Package: ifthen 2022/04/13 v1.1d Standard LaTeX ifthen package (DPC)
)
\@float@every@algorithm=\toks20
\c@algorithm=\count194
)
(C:\Users\orfuc\AppData\Local\Programs\MiKTeX\tex/latex/algorithms\algorithmic.
sty
Package: algorithmic 2009/08/24 v0.1 Document Style `algorithmic'
\c@ALC@unique=\count195
\c@ALC@line=\count196
\c@ALC@rem=\count197
\c@ALC@depth=\count198
\ALC@tlm=\skip51
\algorithmicindent=\skip52
)
(C:\Users\orfuc\AppData\Local\Programs\MiKTeX\tex/latex/amsmath\amsmath.sty
Package: amsmath 2023/05/13 v2.17o AMS math features
\@mathmargin=\skip53

For additional information on amsmath, use the `?' option.
(C:\Users\orfuc\AppData\Local\Programs\MiKTeX\tex/latex/amsmath\amstext.sty
Package: amstext 2021/08/26 v2.01 AMS text

(C:\Users\orfuc\AppData\Local\Programs\MiKTeX\tex/latex/amsmath\amsgen.sty
File: amsgen.sty 1999/11/30 v2.0 generic functions
\@emptytoks=\toks21
\ex@=\dimen143
))
(C:\Users\orfuc\AppData\Local\Programs\MiKTeX\tex/latex/amsmath\amsbsy.sty
Package: amsbsy 1999/11/29 v1.2d Bold Symbols
\pmbraise@=\dimen144
)
(C:\Users\orfuc\AppData\Local\Programs\MiKTeX\tex/latex/amsmath\amsopn.sty
Package: amsopn 2022/04/08 v2.04 operator names
)
\inf@bad=\count199
LaTeX Info: Redefining \frac on input line 234.
\uproot@=\count266
\leftroot@=\count267
LaTeX Info: Redefining \overline on input line 399.
LaTeX Info: Redefining \colon on input line 410.
\classnum@=\count268
\DOTSCASE@=\count269
LaTeX Info: Redefining \ldots on input line 496.
LaTeX Info: Redefining \dots on input line 499.
LaTeX Info: Redefining \cdots on input line 620.
\Mathstrutbox@=\box53
\strutbox@=\box54
LaTeX Info: Redefining \big on input line 722.
LaTeX Info: Redefining \Big on input line 723.
LaTeX Info: Redefining \bigg on input line 724.
LaTeX Info: Redefining \Bigg on input line 725.
\big@size=\dimen145
LaTeX Font Info:    Redeclaring font encoding OML on input line 743.
LaTeX Font Info:    Redeclaring font encoding OMS on input line 744.
\macc@depth=\count270
LaTeX Info: Redefining \bmod on input line 905.
LaTeX Info: Redefining \pmod on input line 910.
LaTeX Info: Redefining \smash on input line 940.
LaTeX Info: Redefining \relbar on input line 970.
LaTeX Info: Redefining \Relbar on input line 971.
\c@MaxMatrixCols=\count271
\dotsspace@=\muskip17
\c@parentequation=\count272
\dspbrk@lvl=\count273
\tag@help=\toks22
\row@=\count274
\column@=\count275
\maxfields@=\count276
\andhelp@=\toks23
\eqnshift@=\dimen146
\alignsep@=\dimen147
\tagshift@=\dimen148
\tagwidth@=\dimen149
\totwidth@=\dimen150
\lineht@=\dimen151
\@envbody=\toks24
\multlinegap=\skip54
\multlinetaggap=\skip55
\mathdisplay@stack=\toks25
LaTeX Info: Redefining \[ on input line 2953.
LaTeX Info: Redefining \] on input line 2954.
)
LaTeX Font Info:    Trying to load font information for OT1+ptm on input line 2
4.

(C:\Users\orfuc\AppData\Local\Programs\MiKTeX\tex/latex/psnfss\ot1ptm.fd
File: ot1ptm.fd 2001/06/04 font definitions for OT1/ptm.
)
(C:\Users\orfuc\AppData\Local\Programs\MiKTeX\tex/latex/l3backend\l3backend-pdf
tex.def
File: l3backend-pdftex.def 2023-04-19 L3 backend support: PDF output (pdfTeX)
\l__color_backend_stack_int=\count277
\l__pdf_internal_box=\box55
) (AAAI-YanB_changed.aux)
\openout1 = `AAAI-YanB_changed.aux'.

LaTeX Font Info:    Checking defaults for OML/cmm/m/it on input line 24.
LaTeX Font Info:    ... okay on input line 24.
LaTeX Font Info:    Checking defaults for OMS/cmsy/m/n on input line 24.
LaTeX Font Info:    ... okay on input line 24.
LaTeX Font Info:    Checking defaults for OT1/cmr/m/n on input line 24.
LaTeX Font Info:    ... okay on input line 24.
LaTeX Font Info:    Checking defaults for T1/cmr/m/n on input line 24.
LaTeX Font Info:    ... okay on input line 24.
LaTeX Font Info:    Checking defaults for TS1/cmr/m/n on input line 24.
LaTeX Font Info:    ... okay on input line 24.
LaTeX Font Info:    Checking defaults for OMX/cmex/m/n on input line 24.
LaTeX Font Info:    ... okay on input line 24.
LaTeX Font Info:    Checking defaults for U/cmr/m/n on input line 24.
LaTeX Font Info:    ... okay on input line 24.

(C:\Users\orfuc\AppData\Local\Programs\MiKTeX\tex/context/base/mkii\supp-pdf.mk
ii
[Loading MPS to PDF converter (version 2006.09.02).]
\scratchcounter=\count278
\scratchdimen=\dimen152
\scratchbox=\box56
\nofMPsegments=\count279
\nofMParguments=\count280
\everyMPshowfont=\toks26
\MPscratchCnt=\count281
\MPscratchDim=\dimen153
\MPnumerator=\count282
\makeMPintoPDFobject=\count283
\everyMPtoPDFconversion=\toks27
)
(C:\Users\orfuc\AppData\Local\Programs\MiKTeX\tex/latex/epstopdf-pkg\epstopdf-b
ase.sty
Package: epstopdf-base 2020-01-24 v2.11 Base part for package epstopdf

(C:\Users\orfuc\AppData\Local\Programs\MiKTeX\tex/generic/infwarerr\infwarerr.s
ty
Package: infwarerr 2019/12/03 v1.5 Providing info/warning/error messages (HO)
) (C:\Users\orfuc\AppData\Local\Programs\MiKTeX\tex/latex/grfext\grfext.sty
Package: grfext 2019/12/03 v1.3 Manage graphics extensions (HO)

(C:\Users\orfuc\AppData\Local\Programs\MiKTeX\tex/generic/kvdefinekeys\kvdefine
keys.sty
Package: kvdefinekeys 2019-12-19 v1.6 Define keys (HO)
))
(C:\Users\orfuc\AppData\Local\Programs\MiKTeX\tex/latex/kvoptions\kvoptions.sty
Package: kvoptions 2022-06-15 v3.15 Key value format for package options (HO)
(C:\Users\orfuc\AppData\Local\Programs\MiKTeX\tex/generic/ltxcmds\ltxcmds.sty
Package: ltxcmds 2020-05-10 v1.25 LaTeX kernel commands for general use (HO)
)
(C:\Users\orfuc\AppData\Local\Programs\MiKTeX\tex/latex/kvsetkeys\kvsetkeys.sty
Package: kvsetkeys 2022-10-05 v1.19 Key value parser (HO)
))
(C:\Users\orfuc\AppData\Local\Programs\MiKTeX\tex/generic/pdftexcmds\pdftexcmds
.sty
Package: pdftexcmds 2020-06-27 v0.33 Utility functions of pdfTeX for LuaTeX (HO
)
 (C:\Users\orfuc\AppData\Local\Programs\MiKTeX\tex/generic/iftex\iftex.sty
Package: iftex 2022/02/03 v1.0f TeX engine tests
)
Package pdftexcmds Info: \pdf@primitive is available.
Package pdftexcmds Info: \pdf@ifprimitive is available.
Package pdftexcmds Info: \pdfdraftmode found.
)
Package epstopdf-base Info: Redefining graphics rule for `.eps' on input line 4
85.
Package grfext Info: Graphics extension search list:
(grfext)             [.pdf,.png,.jpg,.mps,.jpeg,.jbig2,.jb2,.PDF,.PNG,.JPG,.JPE
G,.JBIG2,.JB2,.eps]
(grfext)             \AppendGraphicsExtensions on input line 504.

(C:\Users\orfuc\AppData\Local\Programs\MiKTeX\tex/latex/00miktex\epstopdf-sys.c
fg
File: epstopdf-sys.cfg 2021/03/18 v2.0 Configuration of epstopdf for MiKTeX
))
LaTeX Font Info:    Trying to load font information for TS1+ptm on input line 3
3.
 (C:\Users\orfuc\AppData\Local\Programs\MiKTeX\tex/latex/psnfss\ts1ptm.fd
File: ts1ptm.fd 2001/06/04 font definitions for TS1/ptm.
)
LaTeX Font Info:    Trying to load font information for OMS+ptm on input line 3
3.

(C:\Users\orfuc\AppData\Local\Programs\MiKTeX\tex/latex/psnfss\omsptm.fd
File: omsptm.fd 
)
LaTeX Font Info:    Font shape `OMS/ptm/m/n' in size <10> not available
(Font)              Font shape `OMS/cmsy/m/n' tried instead on input line 33.

Underfull \hbox (badness 4927) in paragraph at lines 35--36
[]\OT1/ptm/m/n/9 For video super-resolution, cur-rent state-of-the-art ap-
 []


LaTeX Warning: Citation `Li2017An' on page 1 undefined on input line 40.


LaTeX Warning: Citation `Kappeler2016Super' on page 1 undefined on input line 4
0.


LaTeX Warning: Citation `Yang2012Coupled' on page 1 undefined on input line 40.



LaTeX Warning: Citation `Yang2018Long' on page 1 undefined on input line 40.


LaTeX Warning: Citation `Demirel2011Discrete' on page 1 undefined on input line
 40.


LaTeX Warning: Citation `Gunturk2003Eigenface' on page 1 undefined on input lin
e 40.


Underfull \hbox (badness 1616) in paragraph at lines 40--41
[]\OT1/ptm/m/n/10 The goal in im-age and video super-resolution (SR)
 []

<Fig0.png, id=1, 411.57765pt x 347.73915pt>
File: Fig0.png Graphic file (type png)
<use Fig0.png>
Package pdftex.def Info: Fig0.png  used on input line 45.
(pdftex.def)             Requested size: 199.16928pt x 168.28185pt.

LaTeX Warning: Citation `Dong2016Accelerating' on page 1 undefined on input lin
e 51.


LaTeX Warning: Citation `VDSR2016cvpr' on page 1 undefined on input line 51.


LaTeX Warning: Citation `BayesSR2011cvpr' on page 1 undefined on input line 51.



LaTeX Warning: Citation `DESR2015iccv' on page 1 undefined on input line 51.


LaTeX Warning: Citation `VSRNet2016TCT' on page 1 undefined on input line 51.


LaTeX Warning: Citation `VESPCN2017cvpr' on page 1 undefined on input line 51.


LaTeX Warning: Citation `Tao2017iccv' on page 1 undefined on input line 51.


LaTeX Warning: Citation `DUF16L2018cvpr' on page 1 undefined on input line 51.


LaTeX Warning: Citation `FRVSR2018cvpr' on page 1 undefined on input line 53.


Underfull \hbox (badness 1199) in paragraph at lines 53--54
[]\OT1/ptm/m/n/10 To ad-dress the above is-sues, ( \OT1/ptm/b/n/10 ?\OT1/ptm/m/
n/10 ) pro-posed a frame-
 []

[1{C:/Users/orfuc/AppData/Local/MiKTeX/fonts/map/pdftex/pdftex.map}{C:/Users/or
fuc/AppData/Local/Programs/MiKTeX/fonts/enc/dvips/base/8r.enc}



 <./Fig0.png>]

LaTeX Warning: Citation `Timofte2014Anchored' on page 2 undefined on input line
 70.


LaTeX Warning: Citation `Jeong2015Multi' on page 2 undefined on input line 70.


LaTeX Warning: Citation `Xiong2013Example' on page 2 undefined on input line 70
.


LaTeX Warning: Citation `Freedman2011TOG' on page 2 undefined on input line 70.



LaTeX Warning: Citation `Huang2015Single' on page 2 undefined on input line 70.



LaTeX Warning: Citation `Yang2010Exploiting' on page 2 undefined on input line 
70.


LaTeX Warning: Citation `Perezpellitero2016PSyCo' on page 2 undefined on input 
line 70.


LaTeX Warning: Citation `Sajjadi2017ICCV' on page 2 undefined on input line 70.



LaTeX Warning: Citation `Walha2016' on page 2 undefined on input line 70.


LaTeX Warning: Citation `Agustsson2017cvpr' on page 2 undefined on input line 7
0.


LaTeX Warning: Citation `Dong2014Learning' on page 2 undefined on input line 72
.


LaTeX Warning: Citation `VSRNet2016TCT' on page 2 undefined on input line 72.


LaTeX Warning: Citation `VSRNet2016TCT' on page 2 undefined on input line 72.


LaTeX Warning: Citation `VESPCN2017cvpr' on page 2 undefined on input line 72.


LaTeX Warning: Citation `VSRNet2016TCT' on page 2 undefined on input line 72.


LaTeX Warning: Citation `Tao2017iccv' on page 2 undefined on input line 72.


LaTeX Warning: Citation `FRVSR2018cvpr' on page 2 undefined on input line 76.

<Fig3.png, id=10, 249.0906pt x 295.5843pt>
File: Fig3.png Graphic file (type png)
<use Fig3.png>
Package pdftex.def Info: Fig3.png  used on input line 83.
(pdftex.def)             Requested size: 199.16928pt x 236.355pt.

Underfull \hbox (badness 4454) in paragraph at lines 95--96
\OT1/ptm/m/n/10 To over-come the afore-men-tioned prob-lems, we pro-
 []

[2]
Underfull \hbox (badness 1067) in paragraph at lines 107--107
[]\OT1/ptm/b/n/10 Algorithm 1 \OT1/ptm/m/n/10 Frame and Feature-Context Video S
uper-
 []


Overfull \hbox (8.1929pt too wide) in paragraph at lines 118--119
[] []$\OT1/cmr/m/n/10 (\OML/cmm/m/it/10 SR[]; F[]\OT1/cmr/m/n/10 ) \OMS/cmsy/m/
n/10   \OML/cmm/m/it/10 NET[]\OT1/cmr/m/n/10 (\OML/cmm/m/it/10 SR[]; F[]; SR[];
 F[]\OT1/cmr/m/n/10 )$ 
 []


LaTeX Warning: Citation `Lim2017Enhanced' on page 3 undefined on input line 137
.

<Fig5.png, id=18, 639.95085pt x 147.1899pt>
File: Fig5.png Graphic file (type png)
<use Fig5.png>
Package pdftex.def Info: Fig5.png  used on input line 150.
(pdftex.def)             Requested size: 497.92322pt x 114.52466pt.
<Fig4.png, id=19, 336.0555pt x 149.23755pt>
File: Fig4.png Graphic file (type png)
<use Fig4.png>
Package pdftex.def Info: Fig4.png  used on input line 159.
(pdftex.def)             Requested size: 241.84842pt x 107.4031pt.

Overfull \hbox (2.45404pt too wide) in paragraph at lines 159--160
 [][] 
 []


Underfull \hbox (badness 2035) in paragraph at lines 160--160
[]\OT1/ptm/m/n/10 Figure 4: Ar-chi-tec-ture of the pro-posed lo-cal net-work
 []


LaTeX Warning: Citation `FRVSR2018cvpr' on page 3 undefined on input line 167.

[3 <./Fig3.png>]

LaTeX Warning: Citation `Kingma2014Adam' on page 4 undefined on input line 200.


[4 <./Fig5.png> <./Fig4.png>]

LaTeX Warning: Citation `BayesSR2011cvpr' on page 5 undefined on input line 211
.


LaTeX Warning: Citation `VESPCN2017cvpr' on page 5 undefined on input line 211.



Overfull \hbox (8.30461pt too wide) in paragraph at lines 223--223
[]\OT1/ptm/m/n/9 Calendar| 
 []


Overfull \hbox (6.94788pt too wide) in paragraph at lines 223--223
[]\OT1/ptm/m/n/9 Foliage| 
 []


Overfull \hbox (7.74901pt too wide) in paragraph at lines 223--223
[]\OT1/ptm/m/n/9 average| 
 []


Overfull \hbox (0.56499pt too wide) in paragraph at lines 224--224
[]\OT1/ptm/m/n/9 21.789| 
 []


Overfull \hbox (4.83316pt too wide) in paragraph at lines 224--224
[]\OT1/ptm/m/n/9 25.926| 
 []


Overfull \hbox (4.83316pt too wide) in paragraph at lines 224--224
[]\OT1/ptm/m/n/9 27.742| 
 []


Overfull \hbox (4.83316pt too wide) in paragraph at lines 224--224
[]\OT1/ptm/m/n/9 24.429| 
 []


Overfull \hbox (4.83316pt too wide) in paragraph at lines 224--225
[]\OT1/ptm/m/n/9 24.971| 
 []


Overfull \hbox (0.56499pt too wide) in paragraph at lines 225--225
[]\OT1/ptm/m/n/9 23.206| 
 []


Overfull \hbox (4.83316pt too wide) in paragraph at lines 225--225
[]\OT1/ptm/m/n/9 27.166| 
 []


Overfull \hbox (4.83316pt too wide) in paragraph at lines 225--225
[]\OT1/ptm/m/n/9 29.465| 
 []


Overfull \hbox (4.83316pt too wide) in paragraph at lines 225--225
[]\OT1/ptm/m/n/9 25.713| 
 []


Overfull \hbox (4.83316pt too wide) in paragraph at lines 225--226
[]\OT1/ptm/m/n/9 26.387| 
 []


Overfull \hbox (0.56499pt too wide) in paragraph at lines 226--226
[]\OT1/ptm/m/n/9 23.601| 
 []


Overfull \hbox (4.83316pt too wide) in paragraph at lines 226--226
[]\OT1/ptm/m/n/9 27.393| 
 []


Overfull \hbox (4.83316pt too wide) in paragraph at lines 226--226
[]\OT1/ptm/m/n/9 29.908| 
 []


Overfull \hbox (4.83316pt too wide) in paragraph at lines 226--226
[]\OT1/ptm/m/n/9 26.079| 
 []


Overfull \hbox (4.83316pt too wide) in paragraph at lines 226--227
[]\OT1/ptm/m/n/9 26.745| 
 []


Overfull \hbox (6.13379pt too wide) in paragraph at lines 227--227
[][]| 
 []


Overfull \hbox (0.56499pt too wide) in paragraph at lines 227--227
[]\OT1/ptm/m/n/9 23.528| 
 []


Overfull \hbox (4.83316pt too wide) in paragraph at lines 227--227
[]\OT1/ptm/m/n/9 27.405| 
 []


Overfull \hbox (4.83316pt too wide) in paragraph at lines 227--227
[]\OT1/ptm/m/n/9 29.842| 
 []


Overfull \hbox (4.83316pt too wide) in paragraph at lines 227--227
[]\OT1/ptm/m/n/9 26.044| 
 []


Overfull \hbox (4.83316pt too wide) in paragraph at lines 227--228
[]\OT1/ptm/m/n/9 26.705| 
 []


Overfull \hbox (0.56499pt too wide) in paragraph at lines 228--228
[]\OT1/ptm/b/n/9 23.828| 
 []


Overfull \hbox (4.83316pt too wide) in paragraph at lines 228--228
[]\OT1/ptm/b/n/9 27.564| 
 []


Overfull \hbox (4.83316pt too wide) in paragraph at lines 228--228
[]\OT1/ptm/b/n/9 30.172| 
 []


Overfull \hbox (4.83316pt too wide) in paragraph at lines 228--228
[]\OT1/ptm/b/n/9 26.296| 
 []


Overfull \hbox (4.83316pt too wide) in paragraph at lines 228--228
[]\OT1/ptm/b/n/9 26.965| 
 []


Overfull \hbox (4.74443pt too wide) in paragraph at lines 221--231
 [][] 
 []


LaTeX Warning: Citation `FRVSR2018cvpr' on page 5 undefined on input line 239.


Underfull \hbox (badness 1515) in paragraph at lines 259--260
\OT1/ptm/m/n/10 frequency de-tails for video super-resolution. The ``w/o
 []

<Fig6.png, id=28, 894.34125pt x 680.5425pt>
File: Fig6.png Graphic file (type png)
<use Fig6.png>
Package pdftex.def Info: Fig6.png  used on input line 271.
(pdftex.def)             Requested size: 199.16928pt x 151.55782pt.
[5]
<Fig7.png, id=33, 1446.90562pt x 428.35031pt>
File: Fig7.png Graphic file (type png)
<use Fig7.png>
Package pdftex.def Info: Fig7.png  used on input line 279.
(pdftex.def)             Requested size: 241.84842pt x 71.59633pt.

Overfull \hbox (2.45404pt too wide) in paragraph at lines 279--280
 [][] 
 []


Underfull \hbox (badness 3118) in paragraph at lines 280--280
[]\OT1/ptm/m/n/10 Figure 6: Vi-sual com-par-i-son with state-of-the-art ap-
 []

<Fig8.png, id=34, 562.35094pt x 250.68657pt>
File: Fig8.png Graphic file (type png)
<use Fig8.png>
Package pdftex.def Info: Fig8.png  used on input line 289.
(pdftex.def)             Requested size: 227.62204pt x 101.47012pt.

LaTeX Warning: Citation `VDSR2016cvpr' on page 6 undefined on input line 298.


LaTeX Warning: Citation `BayesSR2011cvpr' on page 6 undefined on input line 298
.


LaTeX Warning: Citation `DESR2015iccv' on page 6 undefined on input line 298.


LaTeX Warning: Citation `VSRNet2016TCT' on page 6 undefined on input line 298.


LaTeX Warning: Citation `VESPCN2017cvpr' on page 6 undefined on input line 298.



LaTeX Warning: Citation `Tao2017iccv' on page 6 undefined on input line 298.


LaTeX Warning: Citation `FRVSR2018cvpr' on page 6 undefined on input line 298.


LaTeX Warning: Citation `DUF16L2018cvpr' on page 6 undefined on input line 298.



LaTeX Warning: Citation `VESPCN2017cvpr' on page 6 undefined on input line 311.



LaTeX Warning: Citation `Tao2017iccv' on page 6 undefined on input line 311.

<Fig9.png, id=35, 1248.91594pt x 634.62094pt>
File: Fig9.png Graphic file (type png)
<use Fig9.png>
Package pdftex.def Info: Fig9.png  used on input line 317.
(pdftex.def)             Requested size: 227.62204pt x 115.65999pt.
<Fig11.png, id=36, 419.8887pt x 307.3884pt>
File: Fig11.png Graphic file (type png)
<use Fig11.png>
Package pdftex.def Info: Fig11.png  used on input line 328.
(pdftex.def)             Requested size: 173.56198pt x 127.06194pt.
<Fig10.png, id=37, 833.36343pt x 182.18062pt>
File: Fig10.png Graphic file (type png)
<use Fig10.png>
Package pdftex.def Info: Fig10.png  used on input line 336.
(pdftex.def)             Requested size: 241.84842pt x 52.86993pt.

Overfull \hbox (2.45404pt too wide) in paragraph at lines 336--337
 [][] 
 []


LaTeX Warning: Citation `BayesSR2011cvpr' on page 6 undefined on input line 346
.


LaTeX Warning: Citation `DESR2015iccv' on page 6 undefined on input line 346.


LaTeX Warning: Citation `VSRNet2016TCT' on page 6 undefined on input line 346.


LaTeX Warning: Citation `VESPCN2017cvpr' on page 6 undefined on input line 346.


[6 <./Fig6.png> <./Fig7.png> <./Fig8.png>]

LaTeX Warning: Citation `VESPCN2017cvpr' on page 7 undefined on input line 352.



Underfull \hbox (badness 1132) in paragraph at lines 365--366
\OT1/ptm/m/n/10 tures. Fur-ther-more, based on the char-ac-ter-is-tics of our
 []

No file AAAI-YanB_changed.bbl.
[7 <./Fig9.png> <./Fig11.png> <./Fig10.png>] [8

] (AAAI-YanB_changed.aux)
 ***********
LaTeX2e <2023-06-01> patch level 1
L3 programming layer <2023-08-29>
 ***********
 ) 
Here is how much of TeX's memory you used:
 3322 strings out of 475247
 54897 string characters out of 5757792
 1945801 words of memory out of 5000000
 24776 multiletter control sequences out of 15000+600000
 585215 words of font info for 85 fonts, out of 8000000 for 9000
 1141 hyphenation exceptions out of 8191
 61i,16n,69p,1546b,479s stack positions out of 10000i,1000n,20000p,200000b,200000s
<C:/Users/orfuc/AppData/Local/Programs/MiKTeX/fonts/type1/public/amsfonts/cm/
cmex10.pfb><C:/Users/orfuc/AppData/Local/Programs/MiKTeX/fonts/type1/public/ams
fonts/cm/cmmi10.pfb><C:/Users/orfuc/AppData/Local/Programs/MiKTeX/fonts/type1/p
ublic/amsfonts/cm/cmmi7.pfb><C:/Users/orfuc/AppData/Local/Programs/MiKTeX/fonts
/type1/public/amsfonts/cm/cmr10.pfb><C:/Users/orfuc/AppData/Local/Programs/MiKT
eX/fonts/type1/public/amsfonts/cm/cmr7.pfb><C:/Users/orfuc/AppData/Local/Progra
ms/MiKTeX/fonts/type1/public/amsfonts/cm/cmsy10.pfb><C:/Users/orfuc/AppData/Loc
al/Programs/MiKTeX/fonts/type1/public/amsfonts/cm/cmsy7.pfb><C:/Users/orfuc/App
Data/Local/Programs/MiKTeX/fonts/type1/urw/times/utmb8a.pfb><C:/Users/orfuc/App
Data/Local/Programs/MiKTeX/fonts/type1/urw/times/utmbi8a.pfb><C:/Users/orfuc/Ap
pData/Local/Programs/MiKTeX/fonts/type1/urw/times/utmr8a.pfb><C:/Users/orfuc/Ap
pData/Local/Programs/MiKTeX/fonts/type1/urw/times/utmri8a.pfb>
Output written on AAAI-YanB_changed.pdf (8 pages, 8138662 bytes).
PDF statistics:
 101 PDF objects out of 1000 (max. 8388607)
 0 named destinations out of 1000 (max. 500000)
 51 words of extra memory for PDF output out of 10000 (max. 10000000)

