This is pdfTeX, Version 3.141592653-2.6-1.40.25 (MiKTeX 23.10) (preloaded format=pdflatex 2024.1.1)  10 FEB 2024 13:28
entering extended mode
 restricted \write18 enabled.
 %&-line parsing enabled.
**./Formatting-Instructions-LaTeX-2024_changed.tex
(Formatting-Instructions-LaTeX-2024_changed.tex
LaTeX2e <2023-06-01> patch level 1
L3 programming layer <2023-08-29>
(C:\Users\tal12\AppData\Local\Programs\MiKTeX\tex/latex/base\article.cls
Document Class: article 2023/05/17 v1.4n Standard LaTeX document class
(C:\Users\tal12\AppData\Local\Programs\MiKTeX\tex/latex/base\size10.clo
File: size10.clo 2023/05/17 v1.4n Standard LaTeX file (size option)
)
\c@part=\count185
\c@section=\count186
\c@subsection=\count187
\c@subsubsection=\count188
\c@paragraph=\count189
\c@subparagraph=\count190
\c@figure=\count191
\c@table=\count192
\abovecaptionskip=\skip48
\belowcaptionskip=\skip49
\bibindent=\dimen140
)
(aaai24.sty
Package: aaai24 2023/06/26 AAAI 2024 Submission format

Conference Style for AAAI for LaTeX 2e -- version for submission
\titlebox=\skip50
) (C:\Users\tal12\AppData\Local\Programs\MiKTeX\tex/latex/psnfss\times.sty
Package: times 2020/03/25 PSNFSS-v9.3 (SPQR) 
)
(C:\Users\tal12\AppData\Local\Programs\MiKTeX\tex/latex/psnfss\helvet.sty
Package: helvet 2020/03/25 PSNFSS-v9.3 (WaS) 

(C:\Users\tal12\AppData\Local\Programs\MiKTeX\tex/latex/graphics\keyval.sty
Package: keyval 2022/05/29 v1.15 key=value parser (DPC)
\KV@toks@=\toks17
))
(C:\Users\tal12\AppData\Local\Programs\MiKTeX\tex/latex/psnfss\courier.sty
Package: courier 2020/03/25 PSNFSS-v9.3 (WaS) 
)
(C:\Users\tal12\AppData\Local\Programs\MiKTeX\tex/latex/url\url.sty
\Urlmuskip=\muskip16
Package: url 2013/09/16  ver 3.4  Verb mode for urls, etc.
)
(C:\Users\tal12\AppData\Local\Programs\MiKTeX\tex/latex/graphics\graphicx.sty
Package: graphicx 2021/09/16 v1.2d Enhanced LaTeX Graphics (DPC,SPQR)

(C:\Users\tal12\AppData\Local\Programs\MiKTeX\tex/latex/graphics\graphics.sty
Package: graphics 2022/03/10 v1.4e Standard LaTeX Graphics (DPC,SPQR)

(C:\Users\tal12\AppData\Local\Programs\MiKTeX\tex/latex/graphics\trig.sty
Package: trig 2021/08/11 v1.11 sin cos tan (DPC)
)
(C:\Users\tal12\AppData\Local\Programs\MiKTeX\tex/latex/graphics-cfg\graphics.c
fg
File: graphics.cfg 2016/06/04 v1.11 sample graphics configuration
)
Package graphics Info: Driver file: pdftex.def on input line 107.

(C:\Users\tal12\AppData\Local\Programs\MiKTeX\tex/latex/graphics-def\pdftex.def
File: pdftex.def 2022/09/22 v1.2b Graphics/color driver for pdftex
))
\Gin@req@height=\dimen141
\Gin@req@width=\dimen142
) (C:\Users\tal12\AppData\Local\Programs\MiKTeX\tex/latex/natbib\natbib.sty
Package: natbib 2010/09/13 8.31b (PWD, AO)
\bibhang=\skip51
\bibsep=\skip52
LaTeX Info: Redefining \cite on input line 694.
\c@NAT@ctr=\count193
)
(C:\Users\tal12\AppData\Local\Programs\MiKTeX\tex/latex/caption\caption.sty
Package: caption 2023/08/05 v3.6o Customizing captions (AR)

(C:\Users\tal12\AppData\Local\Programs\MiKTeX\tex/latex/caption\caption3.sty
Package: caption3 2023/07/31 v2.4d caption3 kernel (AR)
\caption@tempdima=\dimen143
\captionmargin=\dimen144
\caption@leftmargin=\dimen145
\caption@rightmargin=\dimen146
\caption@width=\dimen147
\caption@indent=\dimen148
\caption@parindent=\dimen149
\caption@hangindent=\dimen150
Package caption Info: Standard document class detected.
)
\c@caption@flags=\count194
\c@continuedfloat=\count195
)
(C:\Users\tal12\AppData\Local\Programs\MiKTeX\tex/latex/algorithms\algorithm.st
y
Package: algorithm 2009/08/24 v0.1 Document Style `algorithm' - floating enviro
nment
 (C:\Users\tal12\AppData\Local\Programs\MiKTeX\tex/latex/float\float.sty
Package: float 2001/11/08 v1.3d Float enhancements (AL)
\c@float@type=\count196
\float@exts=\toks18
\float@box=\box51
\@float@everytoks=\toks19
\@floatcapt=\box52
)
(C:\Users\tal12\AppData\Local\Programs\MiKTeX\tex/latex/base\ifthen.sty
Package: ifthen 2022/04/13 v1.1d Standard LaTeX ifthen package (DPC)
)
\@float@every@algorithm=\toks20
\c@algorithm=\count197
)
(C:\Users\tal12\AppData\Local\Programs\MiKTeX\tex/latex/algorithms\algorithmic.
sty
Package: algorithmic 2009/08/24 v0.1 Document Style `algorithmic'
\c@ALC@unique=\count198
\c@ALC@line=\count199
\c@ALC@rem=\count266
\c@ALC@depth=\count267
\ALC@tlm=\skip53
\algorithmicindent=\skip54
)
(C:\Users\tal12\AppData\Local\Programs\MiKTeX\tex/latex/newfloat\newfloat.sty
Package: newfloat 2023/10/01 v1.2 Defining new floating environments (AR)
)
(C:\Users\tal12\AppData\Local\Programs\MiKTeX\tex/latex/listings\listings.sty
\lst@mode=\count268
\lst@gtempboxa=\box53
\lst@token=\toks21
\lst@length=\count269
\lst@currlwidth=\dimen151
\lst@column=\count270
\lst@pos=\count271
\lst@lostspace=\dimen152
\lst@width=\dimen153
\lst@newlines=\count272
\lst@lineno=\count273
\lst@maxwidth=\dimen154

(C:\Users\tal12\AppData\Local\Programs\MiKTeX\tex/latex/listings\lstmisc.sty
File: lstmisc.sty 2023/02/27 1.9 (Carsten Heinz)
\c@lstnumber=\count274
\lst@skipnumbers=\count275
\lst@framebox=\box54
)
(C:\Users\tal12\AppData\Local\Programs\MiKTeX\tex/latex/listings\listings.cfg
File: listings.cfg 2023/02/27 1.9 listings configuration
))
Package: listings 2023/02/27 1.9 (Carsten Heinz)
\@float@every@listing=\toks22
\c@listing=\count276
(C:\Users\tal12\AppData\Local\Programs\MiKTeX\tex/latex/booktabs\booktabs.sty
Package: booktabs 2020/01/12 v1.61803398 Publication quality tables
\heavyrulewidth=\dimen155
\lightrulewidth=\dimen156
\cmidrulewidth=\dimen157
\belowrulesep=\dimen158
\belowbottomsep=\dimen159
\aboverulesep=\dimen160
\abovetopsep=\dimen161
\cmidrulesep=\dimen162
\cmidrulekern=\dimen163
\defaultaddspace=\dimen164
\@cmidla=\count277
\@cmidlb=\count278
\@aboverulesep=\dimen165
\@belowrulesep=\dimen166
\@thisruleclass=\count279
\@lastruleclass=\count280
\@thisrulewidth=\dimen167
)
(C:\Users\tal12\AppData\Local\Programs\MiKTeX\tex/latex/psnfss\pifont.sty
Package: pifont 2020/03/25 PSNFSS-v9.3 Pi font support (SPQR) 
LaTeX Font Info:    Trying to load font information for U+pzd on input line 63.


(C:\Users\tal12\AppData\Local\Programs\MiKTeX\tex/latex/psnfss\upzd.fd
File: upzd.fd 2001/06/04 font definitions for U/pzd.
)
LaTeX Font Info:    Trying to load font information for U+psy on input line 64.


(C:\Users\tal12\AppData\Local\Programs\MiKTeX\tex/latex/psnfss\upsy.fd
File: upsy.fd 2001/06/04 font definitions for U/psy.
))
(C:\Users\tal12\AppData\Local\Programs\MiKTeX\tex/latex/amsmath\amsmath.sty
Package: amsmath 2023/05/13 v2.17o AMS math features
\@mathmargin=\skip55

For additional information on amsmath, use the `?' option.
(C:\Users\tal12\AppData\Local\Programs\MiKTeX\tex/latex/amsmath\amstext.sty
Package: amstext 2021/08/26 v2.01 AMS text

(C:\Users\tal12\AppData\Local\Programs\MiKTeX\tex/latex/amsmath\amsgen.sty
File: amsgen.sty 1999/11/30 v2.0 generic functions
\@emptytoks=\toks23
\ex@=\dimen168
))
(C:\Users\tal12\AppData\Local\Programs\MiKTeX\tex/latex/amsmath\amsbsy.sty
Package: amsbsy 1999/11/29 v1.2d Bold Symbols
\pmbraise@=\dimen169
)
(C:\Users\tal12\AppData\Local\Programs\MiKTeX\tex/latex/amsmath\amsopn.sty
Package: amsopn 2022/04/08 v2.04 operator names
)
\inf@bad=\count281
LaTeX Info: Redefining \frac on input line 234.
\uproot@=\count282
\leftroot@=\count283
LaTeX Info: Redefining \overline on input line 399.
LaTeX Info: Redefining \colon on input line 410.
\classnum@=\count284
\DOTSCASE@=\count285
LaTeX Info: Redefining \ldots on input line 496.
LaTeX Info: Redefining \dots on input line 499.
LaTeX Info: Redefining \cdots on input line 620.
\Mathstrutbox@=\box55
\strutbox@=\box56
LaTeX Info: Redefining \big on input line 722.
LaTeX Info: Redefining \Big on input line 723.
LaTeX Info: Redefining \bigg on input line 724.
LaTeX Info: Redefining \Bigg on input line 725.
\big@size=\dimen170
LaTeX Font Info:    Redeclaring font encoding OML on input line 743.
LaTeX Font Info:    Redeclaring font encoding OMS on input line 744.
\macc@depth=\count286
LaTeX Info: Redefining \bmod on input line 905.
LaTeX Info: Redefining \pmod on input line 910.
LaTeX Info: Redefining \smash on input line 940.
LaTeX Info: Redefining \relbar on input line 970.
LaTeX Info: Redefining \Relbar on input line 971.
\c@MaxMatrixCols=\count287
\dotsspace@=\muskip17
\c@parentequation=\count288
\dspbrk@lvl=\count289
\tag@help=\toks24
\row@=\count290
\column@=\count291
\maxfields@=\count292
\andhelp@=\toks25
\eqnshift@=\dimen171
\alignsep@=\dimen172
\tagshift@=\dimen173
\tagwidth@=\dimen174
\totwidth@=\dimen175
\lineht@=\dimen176
\@envbody=\toks26
\multlinegap=\skip56
\multlinetaggap=\skip57
\mathdisplay@stack=\toks27
LaTeX Info: Redefining \[ on input line 2953.
LaTeX Info: Redefining \] on input line 2954.
)
(C:\Users\tal12\AppData\Local\Programs\MiKTeX\tex/latex/amsfonts\amsfonts.sty
Package: amsfonts 2013/01/14 v3.01 Basic AMSFonts support
\symAMSa=\mathgroup4
\symAMSb=\mathgroup5
LaTeX Font Info:    Redeclaring math symbol \hbar on input line 98.
LaTeX Font Info:    Overwriting math alphabet `\mathfrak' in version `bold'
(Font)                  U/euf/m/n --> U/euf/b/n on input line 106.
)
(C:\Users\tal12\AppData\Local\Programs\MiKTeX\tex/latex/adjustbox\adjustbox.sty
Package: adjustbox 2022/10/17 v1.3a Adjusting TeX boxes (trim, clip, ...)
(C:\Users\tal12\AppData\Local\Programs\MiKTeX\tex/latex/xkeyval\xkeyval.sty
Package: xkeyval 2022/06/16 v2.9 package option processing (HA)

(C:\Users\tal12\AppData\Local\Programs\MiKTeX\tex/generic/xkeyval\xkeyval.tex
(C:\Users\tal12\AppData\Local\Programs\MiKTeX\tex/generic/xkeyval\xkvutils.tex
\XKV@toks=\toks28
\XKV@tempa@toks=\toks29
)
\XKV@depth=\count293
File: xkeyval.tex 2014/12/03 v2.7a key=value parser (HA)
))
(C:\Users\tal12\AppData\Local\Programs\MiKTeX\tex/latex/adjustbox\adjcalc.sty
Package: adjcalc 2012/05/16 v1.1 Provides advanced setlength with multiple back
-ends (calc, etex, pgfmath)
)
(C:\Users\tal12\AppData\Local\Programs\MiKTeX\tex/latex/adjustbox\trimclip.sty
Package: trimclip 2020/08/19 v1.2 Trim and clip general TeX material

(C:\Users\tal12\AppData\Local\Programs\MiKTeX\tex/latex/collectbox\collectbox.s
ty
Package: collectbox 2022/10/17 v0.4c Collect macro arguments as boxes
\collectedbox=\box57
)
\tc@llx=\dimen177
\tc@lly=\dimen178
\tc@urx=\dimen179
\tc@ury=\dimen180
Package trimclip Info: Using driver 'tc-pdftex.def'.

(C:\Users\tal12\AppData\Local\Programs\MiKTeX\tex/latex/adjustbox\tc-pdftex.def
File: tc-pdftex.def 2019/01/04 v2.2 Clipping driver for pdftex
))
\adjbox@Width=\dimen181
\adjbox@Height=\dimen182
\adjbox@Depth=\dimen183
\adjbox@Totalheight=\dimen184
\adjbox@pwidth=\dimen185
\adjbox@pheight=\dimen186
\adjbox@pdepth=\dimen187
\adjbox@ptotalheight=\dimen188

(C:\Users\tal12\AppData\Local\Programs\MiKTeX\tex/latex/ifoddpage\ifoddpage.sty
Package: ifoddpage 2022/10/18 v1.2 Conditionals for odd/even page detection
\c@checkoddpage=\count294
) (C:\Users\tal12\AppData\Local\Programs\MiKTeX\tex/latex/varwidth\varwidth.sty
Package: varwidth 2009/03/30 ver 0.92;  Variable-width minipages
\@vwid@box=\box58
\sift@deathcycles=\count295
\@vwid@loff=\dimen189
\@vwid@roff=\dimen190
))
(C:\Users\tal12\AppData\Local\Programs\MiKTeX\tex/latex/multirow\multirow.sty
Package: multirow 2021/03/15 v2.8 Span multiple rows of a table
\multirow@colwidth=\skip58
\multirow@cntb=\count296
\multirow@dima=\skip59
\bigstrutjot=\dimen191
)
(C:\Users\tal12\AppData\Local\Programs\MiKTeX\tex/latex/tools\array.sty
Package: array 2022/09/04 v2.5g Tabular extension package (FMi)
\col@sep=\dimen192
\ar@mcellbox=\box59
\extrarowheight=\dimen193
\NC@list=\toks30
\extratabsurround=\skip60
\backup@length=\skip61
\ar@cellbox=\box60
)
(C:\Users\tal12\AppData\Local\Programs\MiKTeX\tex/latex/graphics\color.sty
Package: color 2022/01/06 v1.3d Standard LaTeX Color (DPC)

(C:\Users\tal12\AppData\Local\Programs\MiKTeX\tex/latex/graphics-cfg\color.cfg
File: color.cfg 2016/01/02 v1.6 sample color configuration
)
Package color Info: Driver file: pdftex.def on input line 149.
(C:\Users\tal12\AppData\Local\Programs\MiKTeX\tex/latex/graphics\mathcolor.ltx)
)
LaTeX Font Info:    Trying to load font information for OT1+ptm on input line 9
4.
 (C:\Users\tal12\AppData\Local\Programs\MiKTeX\tex/latex/psnfss\ot1ptm.fd
File: ot1ptm.fd 2001/06/04 font definitions for OT1/ptm.
)
(C:\Users\tal12\AppData\Local\Programs\MiKTeX\tex/latex/l3backend\l3backend-pdf
tex.def
File: l3backend-pdftex.def 2023-04-19 L3 backend support: PDF output (pdfTeX)
\l__color_backend_stack_int=\count297
\l__pdf_internal_box=\box61
) (Formatting-Instructions-LaTeX-2024_changed.aux)
\openout1 = `Formatting-Instructions-LaTeX-2024_changed.aux'.

LaTeX Font Info:    Checking defaults for OML/cmm/m/it on input line 94.
LaTeX Font Info:    ... okay on input line 94.
LaTeX Font Info:    Checking defaults for OMS/cmsy/m/n on input line 94.
LaTeX Font Info:    ... okay on input line 94.
LaTeX Font Info:    Checking defaults for OT1/cmr/m/n on input line 94.
LaTeX Font Info:    ... okay on input line 94.
LaTeX Font Info:    Checking defaults for T1/cmr/m/n on input line 94.
LaTeX Font Info:    ... okay on input line 94.
LaTeX Font Info:    Checking defaults for TS1/cmr/m/n on input line 94.
LaTeX Font Info:    ... okay on input line 94.
LaTeX Font Info:    Checking defaults for OMX/cmex/m/n on input line 94.
LaTeX Font Info:    ... okay on input line 94.
LaTeX Font Info:    Checking defaults for U/cmr/m/n on input line 94.
LaTeX Font Info:    ... okay on input line 94.

(C:\Users\tal12\AppData\Local\Programs\MiKTeX\tex/context/base/mkii\supp-pdf.mk
ii
[Loading MPS to PDF converter (version 2006.09.02).]
\scratchcounter=\count298
\scratchdimen=\dimen194
\scratchbox=\box62
\nofMPsegments=\count299
\nofMParguments=\count300
\everyMPshowfont=\toks31
\MPscratchCnt=\count301
\MPscratchDim=\dimen195
\MPnumerator=\count302
\makeMPintoPDFobject=\count303
\everyMPtoPDFconversion=\toks32
)
(C:\Users\tal12\AppData\Local\Programs\MiKTeX\tex/latex/epstopdf-pkg\epstopdf-b
ase.sty
Package: epstopdf-base 2020-01-24 v2.11 Base part for package epstopdf
Package epstopdf-base Info: Redefining graphics rule for `.eps' on input line 4
85.

(C:\Users\tal12\AppData\Local\Programs\MiKTeX\tex/latex/00miktex\epstopdf-sys.c
fg
File: epstopdf-sys.cfg 2021/03/18 v2.0 Configuration of epstopdf for MiKTeX
))
Package caption Info: Begin \AtBeginDocument code.
Package caption Info: float package is loaded.
Package caption Info: listings package is loaded.
Package caption Info: End \AtBeginDocument code.
Package newfloat Info: `float' package detected.
\c@lstlisting=\count304
\c@eqfn=\count305
\titlearea=\box63
LaTeX Font Info:    Trying to load font information for U+msa on input line 95.

 (C:\Users\tal12\AppData\Local\Programs\MiKTeX\tex/latex/amsfonts\umsa.fd
File: umsa.fd 2013/01/14 v3.01 AMS symbols A
)
LaTeX Font Info:    Trying to load font information for U+msb on input line 95.


(C:\Users\tal12\AppData\Local\Programs\MiKTeX\tex/latex/amsfonts\umsb.fd
File: umsb.fd 2013/01/14 v3.01 AMS symbols B
)
LaTeX Font Info:    Trying to load font information for OMS+ptm on input line 9
5.

(C:\Users\tal12\AppData\Local\Programs\MiKTeX\tex/latex/psnfss\omsptm.fd
File: omsptm.fd 
)
LaTeX Font Info:    Font shape `OMS/ptm/m/n' in size <10> not available
(Font)              Font shape `OMS/cmsy/m/n' tried instead on input line 95.
\actualheight=\skip62
LaTeX Font Info:    Trying to load font information for TS1+ptm on input line 9
5.

(C:\Users\tal12\AppData\Local\Programs\MiKTeX\tex/latex/psnfss\ts1ptm.fd
File: ts1ptm.fd 2001/06/04 font definitions for TS1/ptm.
)

Package natbib Warning: Citation `kong2022human' on page 1 undefined on input l
ine 138.


Package natbib Warning: Citation `9062498' on page 1 undefined on input line 13
8.


Package natbib Warning: Citation `chen2019deep' on page 1 undefined on input li
ne 140.


Package natbib Warning: Citation `chen2019semantic' on page 1 undefined on inpu
t line 140.


Package natbib Warning: Citation `wang2021visual' on page 1 undefined on input 
line 140.


Package natbib Warning: Citation `song2023relation' on page 1 undefined on inpu
t line 140.

<fig/broad2detail1.png, id=1, 481.8pt x 542.025pt>
File: fig/broad2detail1.png Graphic file (type png)
<use fig/broad2detail1.png>
Package pdftex.def Info: fig/broad2detail1.png  used on input line 181.
(pdftex.def)             Requested size: 481.79881pt x 542.02367pt.
<fig/contra.png, id=3, 874.76813pt x 542.025pt>
File: fig/contra.png Graphic file (type png)
<use fig/contra.png>
Package pdftex.def Info: fig/contra.png  used on input line 188.
(pdftex.def)             Requested size: 874.76599pt x 542.02367pt.
LaTeX Font Info:    Trying to load font information for OT1+pcr on input line 1
93.
(C:\Users\tal12\AppData\Local\Programs\MiKTeX\tex/latex/psnfss\ot1pcr.fd
File: ot1pcr.fd 2001/06/04 font definitions for OT1/pcr.
)

Package natbib Warning: Citation `Shang2017VideoVR' on page 1 undefined on inpu
t line 202.


Package natbib Warning: Citation `shang2019annotating' on page 1 undefined on i
nput line 202.


Package natbib Warning: Citation `Shang2017VideoVR' on page 1 undefined on inpu
t line 211.


Package natbib Warning: Citation `genome' on page 1 undefined on input line 212
.

[1{C:/Users/tal12/AppData/Local/MiKTeX/fonts/map/pdftex/pdftex.map}{C:/Users/ta
l12/AppData/Local/Programs/MiKTeX/fonts/enc/dvips/base/8r.enc}



 <./fig/broad2detail1.png>]
LaTeX Font Info:    Trying to load font information for OML+ptm on input line 2
31.

(C:\Users\tal12\AppData\Local\Programs\MiKTeX\tex/latex/psnfss\omlptm.fd
File: omlptm.fd 
)
LaTeX Font Info:    Font shape `OML/ptm/m/n' in size <10> not available
(Font)              Font shape `OML/cmm/m/it' tried instead on input line 231.


Package natbib Warning: Citation `Shang2017VideoVR' on page 2 undefined on inpu
t line 246.


Package natbib Warning: Citation `9609554' on page 2 undefined on input line 24
9.


Package natbib Warning: Citation `Kay2017TheKH' on page 2 undefined on input li
ne 352.


Package natbib Warning: Citation `8237884' on page 2 undefined on input line 35
2.


Package natbib Warning: Citation `monfortmoments' on page 2 undefined on input 
line 352.


Package natbib Warning: Citation `Hei2015anet' on page 2 undefined on input lin
e 352.


Package natbib Warning: Citation `liu2022fineaction' on page 2 undefined on inp
ut line 352.


Package natbib Warning: Citation `chen2019deep' on page 2 undefined on input li
ne 353.


Package natbib Warning: Citation `qian2023locate' on page 2 undefined on input 
line 353.


Package natbib Warning: Citation `song2021spatial' on page 2 undefined on input
 line 353.


Package natbib Warning: Citation `Shang2017VideoVR' on page 2 undefined on inpu
t line 358.


Package natbib Warning: Citation `shang2019annotating' on page 2 undefined on i
nput line 358.


Package natbib Warning: Citation `gao2023compositional' on page 2 undefined on 
input line 359.


Package natbib Warning: Citation `genome' on page 2 undefined on input line 364
.


Package natbib Warning: Citation `yatskar2016situation' on page 2 undefined on 
input line 364.


Package natbib Warning: Citation `sadhu2021visual' on page 2 undefined on input
 line 364.


Package natbib Warning: Citation `li2022hake' on page 2 undefined on input line
 364.


Package natbib Warning: Citation `gkioxari2018detecting' on page 2 undefined on
 input line 364.


Package natbib Warning: Citation `10.1145/3343031.3351058' on page 2 undefined 
on input line 365.


Package natbib Warning: Citation `gao2021video' on page 2 undefined on input li
ne 365.


Package natbib Warning: Citation `zheng2022vrdformer' on page 2 undefined on in
put line 367.


Package natbib Warning: Citation `zhang2019reconstruct' on page 2 undefined on 
input line 370.


Package natbib Warning: Citation `tang2021clip4caption' on page 2 undefined on 
input line 370.


Package natbib Warning: Citation `lin2022swinbert' on page 2 undefined on input
 line 370.


Package natbib Warning: Citation `wang2022git' on page 2 undefined on input lin
e 371.


Package natbib Warning: Citation `xu2023mplug2' on page 2 undefined on input li
ne 371.


Package natbib Warning: Citation `chen2023valor' on page 2 undefined on input l
ine 371.

[2 <./fig/contra.png>]

Package natbib Warning: Citation `Kay2017TheKH' on page 3 undefined on input li
ne 376.


Package natbib Warning: Citation `zhang2021videolt' on page 3 undefined on inpu
t line 376.


Package natbib Warning: Citation `7780940' on page 3 undefined on input line 37
8.


Package natbib Warning: Citation `wang2019vatex' on page 3 undefined on input l
ine 378.


Package natbib Warning: Citation `Shang2017VideoVR' on page 3 undefined on inpu
t line 379.


Package natbib Warning: Citation `shang2019annotating' on page 3 undefined on i
nput line 379.


Package natbib Warning: Citation `genome' on page 3 undefined on input line 380
.


Package natbib Warning: Citation `sadhu2021visual' on page 3 undefined on input
 line 382.

<fig/rel.png, id=19, 521.69907pt x 293.59688pt>
File: fig/rel.png Graphic file (type png)
<use fig/rel.png>
Package pdftex.def Info: fig/rel.png  used on input line 441.
(pdftex.def)             Requested size: 521.69778pt x 293.59615pt.

Package natbib Warning: Citation `gao2021simcse' on page 3 undefined on input l
ine 450.

[3 <./fig/rel.png>]

Package natbib Warning: Citation `9609554' on page 4 undefined on input line 47
0.

<fig/eating.png, id=30, 444.15938pt x 497.60907pt>
File: fig/eating.png Graphic file (type png)
<use fig/eating.png>
Package pdftex.def Info: fig/eating.png  used on input line 484.
(pdftex.def)             Requested size: 444.15828pt x 497.60785pt.

Underfull \hbox (badness 1515) in paragraph at lines 492--508
\OT1/ptm/m/n/10 action-centric re-la-tion triplet an-no-ta-tion, which fol-lows

 []

<fig/model-.png, id=31, 811.53188pt x 447.92343pt>
File: fig/model-.png Graphic file (type png)
<use fig/model-.png>
Package pdftex.def Info: fig/model-.png  used on input line 515.
(pdftex.def)             Requested size: 455.2979pt x 251.307pt.
[4 <./fig/eating.png>]

Package natbib Warning: Citation `radford2021learning' on page 5 undefined on i
nput line 544.


Package natbib Warning: Citation `ni2022expanding' on page 5 undefined on input
 line 545.


Package natbib Warning: Citation `tang2021clip4caption' on page 5 undefined on 
input line 545.


Package natbib Warning: Citation `luo2022clip4clip' on page 5 undefined on inpu
t line 545.


Package natbib Warning: Citation `dosovitskiy2020image' on page 5 undefined on 
input line 547.


Package natbib Warning: Citation `yan2023videococa' on page 5 undefined on inpu
t line 556.


Underfull \hbox (badness 1609) in paragraph at lines 556--563
 \OT1/ptm/b/n/10 At-ten-tional Pooler \OT1/ptm/m/n/10 Draw-ing in-spi-ra-tion f
rom the ap-
 []


Package natbib Warning: Citation `radford2019language' on page 5 undefined on i
nput line 567.


Package natbib Warning: Citation `cabot2021rebel' on page 5 undefined on input 
line 568.


Package natbib Warning: Citation `Ekin2019randaugment' on page 5 undefined on i
nput line 576.

[5 <./fig/model-.png>]
Overfull \hbox (2.05502pt too wide) in paragraph at lines 589--599
 [][] 
 []


Package natbib Warning: Citation `mokady2021clipcap' on page 6 undefined on inp
ut line 640.


Package natbib Warning: Citation `wang2022git' on page 6 undefined on input lin
e 644.

<fig/qnumber1.png, id=41, 963.6pt x 539.01375pt>
File: fig/qnumber1.png Graphic file (type png)
<use fig/qnumber1.png>
Package pdftex.def Info: fig/qnumber1.png  used on input line 675.
(pdftex.def)             Requested size: 202.3529pt x 113.18799pt.
<fig/tab.png, id=42, 963.6pt x 520.94624pt>
File: fig/tab.png Graphic file (type png)
<use fig/tab.png>
Package pdftex.def Info: fig/tab.png  used on input line 685.
(pdftex.def)             Requested size: 455.2979pt x 246.14046pt.

Package natbib Warning: Citation `Rasheed2023vificlip' on page 6 undefined on i
nput line 704.


Package natbib Warning: Citation `zhong2021regionclip' on page 6 undefined on i
nput line 739.


Package natbib Warning: Citation `han2016seqnms' on page 6 undefined on input l
ine 739.

[6 <./fig/qnumber1.png>]

Package natbib Warning: Citation `yang2018commonsense' on page 7 undefined on i
nput line 764.


Package natbib Warning: Citation `li2023knowledge' on page 7 undefined on input
 line 764.


Package natbib Warning: Citation `li2018deep' on page 7 undefined on input line
 764.


Underfull \hbox (badness 1028) in paragraph at lines 771--771
\OT1/ptm/m/n/10 eli-gendi ar-chi-tecto quaerat quisquam ver-i-tatis odit cum
 []


Underfull \hbox (badness 2426) in paragraph at lines 771--771
\OT1/ptm/m/n/10 do-loribus qui cor-rupti, an-imi se-qui maxime, iure qui
 []


Underfull \hbox (badness 1430) in paragraph at lines 771--771
\OT1/ptm/m/n/10 ilique quam, blan-di-tiis re-iciendis an-imi porro sit min-
 []

[7 <./fig/tab.png>] [8

]
No file Formatting-Instructions-LaTeX-2024_changed.bbl.

Package natbib Warning: There were undefined citations.

(Formatting-Instructions-LaTeX-2024_changed.aux)
 ***********
LaTeX2e <2023-06-01> patch level 1
L3 programming layer <2023-08-29>
 ***********
 ) 
Here is how much of TeX's memory you used:
 7537 strings out of 475247
 125769 string characters out of 5757793
 1942785 words of memory out of 5000000
 28916 multiletter control sequences out of 15000+600000
 588705 words of font info for 103 fonts, out of 8000000 for 9000
 1141 hyphenation exceptions out of 8191
 58i,11n,65p,1182b,461s stack positions out of 10000i,1000n,20000p,200000b,200000s
<C:/Users/tal12/AppData/Local/Programs/MiKTeX/fonts/type1/public/amsfonts/cm/
cmex10.pfb><C:/Users/tal12/AppData/Local/Programs/MiKTeX/fonts/type1/public/ams
fonts/cm/cmmi10.pfb><C:/Users/tal12/AppData/Local/Programs/MiKTeX/fonts/type1/p
ublic/amsfonts/cm/cmmi7.pfb><C:/Users/tal12/AppData/Local/Programs/MiKTeX/fonts
/type1/public/amsfonts/cm/cmr10.pfb><C:/Users/tal12/AppData/Local/Programs/MiKT
eX/fonts/type1/public/amsfonts/cm/cmr5.pfb><C:/Users/tal12/AppData/Local/Progra
ms/MiKTeX/fonts/type1/public/amsfonts/cm/cmr7.pfb><C:/Users/tal12/AppData/Local
/Programs/MiKTeX/fonts/type1/public/amsfonts/cm/cmsy10.pfb><C:/Users/tal12/AppD
ata/Local/Programs/MiKTeX/fonts/type1/public/amsfonts/cm/cmsy7.pfb><C:/Users/ta
l12/AppData/Local/Programs/MiKTeX/fonts/type1/public/amsfonts/symbols/msbm10.pf
b><C:/Users/tal12/AppData/Local/Programs/MiKTeX/fonts/type1/urw/courier/ucrr8a.
pfb><C:/Users/tal12/AppData/Local/Programs/MiKTeX/fonts/type1/urw/times/utmb8a.
pfb><C:/Users/tal12/AppData/Local/Programs/MiKTeX/fonts/type1/urw/times/utmr8a.
pfb><C:/Users/tal12/AppData/Local/Programs/MiKTeX/fonts/type1/urw/times/utmri8a
.pfb><C:/Users/tal12/AppData/Local/Programs/MiKTeX/fonts/type1/urw/zapfding/uzd
r.pfb>
Output written on Formatting-Instructions-LaTeX-2024_changed.pdf (8 pages, 2458
431 bytes).
PDF statistics:
 115 PDF objects out of 1000 (max. 8388607)
 0 named destinations out of 1000 (max. 500000)
 36 words of extra memory for PDF output out of 10000 (max. 10000000)

