This is pdfTeX, Version 3.141592653-2.6-1.40.25 (MiKTeX 23.9) (preloaded format=pdflatex 2023.9.22)  30 MAR 2024 16:58
entering extended mode
 restricted \write18 enabled.
 %&-line parsing enabled.
**./paper_changed.tex
(paper_changed.tex
LaTeX2e <2023-06-01> patch level 1
L3 programming layer <2023-08-29>
(C:\Users\micha\AppData\Local\Programs\MiKTeX\tex/latex/base\article.cls
Document Class: article 2023/05/17 v1.4n Standard LaTeX document class
(C:\Users\micha\AppData\Local\Programs\MiKTeX\tex/latex/base\size10.clo
File: size10.clo 2023/05/17 v1.4n Standard LaTeX file (size option)
)
\c@part=\count185
\c@section=\count186
\c@subsection=\count187
\c@subsubsection=\count188
\c@paragraph=\count189
\c@subparagraph=\count190
\c@figure=\count191
\c@table=\count192
\abovecaptionskip=\skip48
\belowcaptionskip=\skip49
\bibindent=\dimen140
)
(aaai21.sty
Conference Style for AAAI for LaTeX 2e -- version for the AAAI-21 conference - 
MODIFIED
\titlebox=\skip50
) (C:\Users\micha\AppData\Local\Programs\MiKTeX\tex/latex/psnfss\times.sty
Package: times 2020/03/25 PSNFSS-v9.3 (SPQR) 
)
(C:\Users\micha\AppData\Local\Programs\MiKTeX\tex/latex/psnfss\helvet.sty
Package: helvet 2020/03/25 PSNFSS-v9.3 (WaS) 

(C:\Users\micha\AppData\Local\Programs\MiKTeX\tex/latex/graphics\keyval.sty
Package: keyval 2022/05/29 v1.15 key=value parser (DPC)
\KV@toks@=\toks17
))
(C:\Users\micha\AppData\Local\Programs\MiKTeX\tex/latex/psnfss\courier.sty
Package: courier 2020/03/25 PSNFSS-v9.3 (WaS) 
)
(C:\Users\micha\AppData\Local\Programs\MiKTeX\tex/latex/url\url.sty
\Urlmuskip=\muskip16
Package: url 2013/09/16  ver 3.4  Verb mode for urls, etc.
)
(C:\Users\micha\AppData\Local\Programs\MiKTeX\tex/latex/graphics\graphicx.sty
Package: graphicx 2021/09/16 v1.2d Enhanced LaTeX Graphics (DPC,SPQR)

(C:\Users\micha\AppData\Local\Programs\MiKTeX\tex/latex/graphics\graphics.sty
Package: graphics 2022/03/10 v1.4e Standard LaTeX Graphics (DPC,SPQR)

(C:\Users\micha\AppData\Local\Programs\MiKTeX\tex/latex/graphics\trig.sty
Package: trig 2021/08/11 v1.11 sin cos tan (DPC)
)
(C:\Users\micha\AppData\Local\Programs\MiKTeX\tex/latex/graphics-cfg\graphics.c
fg
File: graphics.cfg 2016/06/04 v1.11 sample graphics configuration
)
Package graphics Info: Driver file: pdftex.def on input line 107.

(C:\Users\micha\AppData\Local\Programs\MiKTeX\tex/latex/graphics-def\pdftex.def
File: pdftex.def 2022/09/22 v1.2b Graphics/color driver for pdftex
))
\Gin@req@height=\dimen141
\Gin@req@width=\dimen142
) (C:\Users\micha\AppData\Local\Programs\MiKTeX\tex/latex/natbib\natbib.sty
Package: natbib 2010/09/13 8.31b (PWD, AO)
\bibhang=\skip51
\bibsep=\skip52
LaTeX Info: Redefining \cite on input line 694.
\c@NAT@ctr=\count193
)
(C:\Users\micha\AppData\Local\Programs\MiKTeX\tex/latex/caption\caption.sty
Package: caption 2023/07/31 v3.6n Customizing captions (AR)

(C:\Users\micha\AppData\Local\Programs\MiKTeX\tex/latex/caption\caption3.sty
Package: caption3 2023/07/31 v2.4d caption3 kernel (AR)
\caption@tempdima=\dimen143
\captionmargin=\dimen144
\caption@leftmargin=\dimen145
\caption@rightmargin=\dimen146
\caption@width=\dimen147
\caption@indent=\dimen148
\caption@parindent=\dimen149
\caption@hangindent=\dimen150
Package caption Info: Standard document class detected.
)
\c@caption@flags=\count194
\c@continuedfloat=\count195
)
(C:\Users\micha\AppData\Local\Programs\MiKTeX\tex/latex/subfiles\subfiles.sty
Package: subfiles 2020/11/14 v2.2 Multi-file projects (package)

(C:\Users\micha\AppData\Local\Programs\MiKTeX\tex/latex/import\import.sty
Package: import 2020/04/01  v 6.2
))
(C:\Users\micha\AppData\Local\Programs\MiKTeX\tex/latex/subfigure\subfigure.sty
Package: subfigure 2002/07/30 v2.1.4 subfigure package
\subfigtopskip=\skip53
\subfigcapskip=\skip54
\subfigcaptopadj=\dimen151
\subfigbottomskip=\skip55
\subfigcapmargin=\dimen152
\subfiglabelskip=\skip56
\c@subfigure=\count196
\c@lofdepth=\count197
\c@subtable=\count198
\c@lotdepth=\count199
****************************************
* Local config file subfigure.cfg used *
****************************************

(C:\Users\micha\AppData\Local\Programs\MiKTeX\tex/latex/subfigure\subfigure.cfg
)
\subfig@top=\skip57
\subfig@bottom=\skip58
)
(C:\Users\micha\AppData\Local\Programs\MiKTeX\tex/latex/booktabs\booktabs.sty
Package: booktabs 2020/01/12 v1.61803398 Publication quality tables
\heavyrulewidth=\dimen153
\lightrulewidth=\dimen154
\cmidrulewidth=\dimen155
\belowrulesep=\dimen156
\belowbottomsep=\dimen157
\aboverulesep=\dimen158
\abovetopsep=\dimen159
\cmidrulesep=\dimen160
\cmidrulekern=\dimen161
\defaultaddspace=\dimen162
\@cmidla=\count266
\@cmidlb=\count267
\@aboverulesep=\dimen163
\@belowrulesep=\dimen164
\@thisruleclass=\count268
\@lastruleclass=\count269
\@thisrulewidth=\dimen165
)
(C:\Users\micha\AppData\Local\Programs\MiKTeX\tex/latex/graphics\epsfig.sty
Package: epsfig 2017/06/25 v1.7b (e)psfig emulation (SPQR)
\epsfxsize=\dimen166
\epsfysize=\dimen167
)
(C:\Users\micha\AppData\Local\Programs\MiKTeX\tex/latex/endnotes\endnotes.sty
Package: endnotes 2020-01-02 endnotes package
\c@endnote=\count270
\endnotesep=\dimen168
\@enotes=\write3
)
(C:\Users\micha\AppData\Local\Programs\MiKTeX\tex/latex/multirow\multirow.sty
Package: multirow 2021/03/15 v2.8 Span multiple rows of a table
\multirow@colwidth=\skip59
\multirow@cntb=\count271
\multirow@dima=\skip60
\bigstrutjot=\dimen169
)
(C:\Users\micha\AppData\Local\Programs\MiKTeX\tex/latex/tools\xspace.sty
Package: xspace 2014/10/28 v1.13 Space after command names (DPC,MH)
)
(C:\Users\micha\AppData\Local\Programs\MiKTeX\tex/latex/jknappen\mathrsfs.sty
Package: mathrsfs 1996/01/01 Math RSFS package v1.0 (jk)
\symrsfs=\mathgroup4
)
(C:\Users\micha\AppData\Local\Programs\MiKTeX\tex/latex/tools\bm.sty
Package: bm 2022/01/05 v1.2f Bold Symbol Support (DPC/FMi)
\symboldoperators=\mathgroup5
\symboldletters=\mathgroup6
\symboldsymbols=\mathgroup7
Package bm Info: No bold for \OMX/cmex/m/n, using \pmb.
Package bm Info: No bold for \U/rsfs/m/n, using \pmb.
LaTeX Font Info:    Redeclaring math alphabet \mathbf on input line 149.
)
(C:\Users\micha\AppData\Local\Programs\MiKTeX\tex/latex/amsfonts\amssymb.sty
Package: amssymb 2013/01/14 v3.01 AMS font symbols

(C:\Users\micha\AppData\Local\Programs\MiKTeX\tex/latex/amsfonts\amsfonts.sty
Package: amsfonts 2013/01/14 v3.01 Basic AMSFonts support
\@emptytoks=\toks18
\symAMSa=\mathgroup8
\symAMSb=\mathgroup9
LaTeX Font Info:    Redeclaring math symbol \hbar on input line 98.
LaTeX Font Info:    Overwriting math alphabet `\mathfrak' in version `bold'
(Font)                  U/euf/m/n --> U/euf/b/n on input line 106.
)) (C:\Users\micha\AppData\Local\Programs\MiKTeX\tex/latex/amsmath\amsmath.sty
Package: amsmath 2023/05/13 v2.17o AMS math features
\@mathmargin=\skip61

For additional information on amsmath, use the `?' option.
(C:\Users\micha\AppData\Local\Programs\MiKTeX\tex/latex/amsmath\amstext.sty
Package: amstext 2021/08/26 v2.01 AMS text

(C:\Users\micha\AppData\Local\Programs\MiKTeX\tex/latex/amsmath\amsgen.sty
File: amsgen.sty 1999/11/30 v2.0 generic functions
\@emptytoks=\toks19
\ex@=\dimen170
))
(C:\Users\micha\AppData\Local\Programs\MiKTeX\tex/latex/amsmath\amsbsy.sty
Package: amsbsy 1999/11/29 v1.2d Bold Symbols
LaTeX Info: Redefining \boldsymbol on input line 28.
\pmbraise@=\dimen171
)
(C:\Users\micha\AppData\Local\Programs\MiKTeX\tex/latex/amsmath\amsopn.sty
Package: amsopn 2022/04/08 v2.04 operator names
)
\inf@bad=\count272
LaTeX Info: Redefining \frac on input line 234.
\uproot@=\count273
\leftroot@=\count274
LaTeX Info: Redefining \overline on input line 399.
LaTeX Info: Redefining \colon on input line 410.
\classnum@=\count275
\DOTSCASE@=\count276
LaTeX Info: Redefining \ldots on input line 496.
LaTeX Info: Redefining \dots on input line 499.
LaTeX Info: Redefining \cdots on input line 620.
\Mathstrutbox@=\box51
\strutbox@=\box52
LaTeX Info: Redefining \big on input line 722.
LaTeX Info: Redefining \Big on input line 723.
LaTeX Info: Redefining \bigg on input line 724.
LaTeX Info: Redefining \Bigg on input line 725.
\big@size=\dimen172
LaTeX Font Info:    Redeclaring font encoding OML on input line 743.
LaTeX Font Info:    Redeclaring font encoding OMS on input line 744.
\macc@depth=\count277
LaTeX Info: Redefining \bmod on input line 905.
LaTeX Info: Redefining \pmod on input line 910.
LaTeX Info: Redefining \smash on input line 940.
LaTeX Info: Redefining \relbar on input line 970.
LaTeX Info: Redefining \Relbar on input line 971.
\c@MaxMatrixCols=\count278
\dotsspace@=\muskip17
\c@parentequation=\count279
\dspbrk@lvl=\count280
\tag@help=\toks20
\row@=\count281
\column@=\count282
\maxfields@=\count283
\andhelp@=\toks21
\eqnshift@=\dimen173
\alignsep@=\dimen174
\tagshift@=\dimen175
\tagwidth@=\dimen176
\totwidth@=\dimen177
\lineht@=\dimen178
\@envbody=\toks22
\multlinegap=\skip62
\multlinetaggap=\skip63
\mathdisplay@stack=\toks23
LaTeX Info: Redefining \[ on input line 2953.
LaTeX Info: Redefining \] on input line 2954.
)
(C:\Users\micha\AppData\Local\Programs\MiKTeX\tex/latex/amscls\amsthm.sty
Package: amsthm 2020/05/29 v2.20.6
\thm@style=\toks24
\thm@bodyfont=\toks25
\thm@headfont=\toks26
\thm@notefont=\toks27
\thm@headpunct=\toks28
\thm@preskip=\skip64
\thm@postskip=\skip65
\thm@headsep=\skip66
\dth@everypar=\toks29
)
(C:\Users\micha\AppData\Local\Programs\MiKTeX\tex/latex/epstopdf-pkg\epstopdf.s
ty
Package: epstopdf 2020-01-24 v2.11 Conversion with epstopdf on the fly (HO)

(C:\Users\micha\AppData\Local\Programs\MiKTeX\tex/generic/infwarerr\infwarerr.s
ty
Package: infwarerr 2019/12/03 v1.5 Providing info/warning/error messages (HO)
) (C:\Users\micha\AppData\Local\Programs\MiKTeX\tex/latex/grfext\grfext.sty
Package: grfext 2019/12/03 v1.3 Manage graphics extensions (HO)

(C:\Users\micha\AppData\Local\Programs\MiKTeX\tex/generic/kvdefinekeys\kvdefine
keys.sty
Package: kvdefinekeys 2019-12-19 v1.6 Define keys (HO)
))
(C:\Users\micha\AppData\Local\Programs\MiKTeX\tex/latex/kvoptions\kvoptions.sty
Package: kvoptions 2022-06-15 v3.15 Key value format for package options (HO)
(C:\Users\micha\AppData\Local\Programs\MiKTeX\tex/generic/ltxcmds\ltxcmds.sty
Package: ltxcmds 2023-12-04 v1.26 LaTeX kernel commands for general use (HO)
)
(C:\Users\micha\AppData\Local\Programs\MiKTeX\tex/latex/kvsetkeys\kvsetkeys.sty
Package: kvsetkeys 2022-10-05 v1.19 Key value parser (HO)
))
(C:\Users\micha\AppData\Local\Programs\MiKTeX\tex/generic/pdftexcmds\pdftexcmds
.sty
Package: pdftexcmds 2020-06-27 v0.33 Utility functions of pdfTeX for LuaTeX (HO
)
 (C:\Users\micha\AppData\Local\Programs\MiKTeX\tex/generic/iftex\iftex.sty
Package: iftex 2022/02/03 v1.0f TeX engine tests
)
Package pdftexcmds Info: \pdf@primitive is available.
Package pdftexcmds Info: \pdf@ifprimitive is available.
Package pdftexcmds Info: \pdfdraftmode found.
)
(C:\Users\micha\AppData\Local\Programs\MiKTeX\tex/latex/epstopdf-pkg\epstopdf-b
ase.sty
Package: epstopdf-base 2020-01-24 v2.11 Base part for package epstopdf
Package epstopdf-base Info: Redefining graphics rule for `.eps' on input line 4
85.
Package grfext Info: Graphics extension search list:
(grfext)             [.pdf,.png,.jpg,.mps,.jpeg,.jbig2,.jb2,.PDF,.PNG,.JPG,.JPE
G,.JBIG2,.JB2,.eps]
(grfext)             \AppendGraphicsExtensions on input line 504.

(C:\Users\micha\AppData\Local\Programs\MiKTeX\tex/latex/00miktex\epstopdf-sys.c
fg
File: epstopdf-sys.cfg 2021/03/18 v2.0 Configuration of epstopdf for MiKTeX
)))
(C:\Users\micha\AppData\Local\Programs\MiKTeX\tex/latex/enumitem\enumitem.sty
Package: enumitem 2019/06/20 v3.9 Customized lists
\labelindent=\skip67
\enit@outerparindent=\dimen179
\enit@toks=\toks30
\enit@inbox=\box53
\enit@count@id=\count284
\enitdp@description=\count285
)
(C:\Users\micha\AppData\Local\Programs\MiKTeX\tex/latex/fmtcount\fmtcount.sty
Package: fmtcount 2020/01/30 v3.07

(C:\Users\micha\AppData\Local\Programs\MiKTeX\tex/latex/base\ifthen.sty
Package: ifthen 2022/04/13 v1.1d Standard LaTeX ifthen package (DPC)
)
(C:\Users\micha\AppData\Local\Programs\MiKTeX\tex/latex/xkeyval\xkeyval.sty
Package: xkeyval 2022/06/16 v2.9 package option processing (HA)

(C:\Users\micha\AppData\Local\Programs\MiKTeX\tex/generic/xkeyval\xkeyval.tex
(C:\Users\micha\AppData\Local\Programs\MiKTeX\tex/generic/xkeyval\xkvutils.tex
\XKV@toks=\toks31
\XKV@tempa@toks=\toks32
)
\XKV@depth=\count286
File: xkeyval.tex 2014/12/03 v2.7a key=value parser (HA)
))
(C:\Users\micha\AppData\Local\Programs\MiKTeX\tex/latex/etoolbox\etoolbox.sty
Package: etoolbox 2020/10/05 v2.5k e-TeX tools for LaTeX (JAW)
\etb@tempcnta=\count287
)
(C:\Users\micha\AppData\Local\Programs\MiKTeX\tex/latex/fmtcount\fcprefix.sty
Package: fcprefix 2012/09/28

(C:\Users\micha\AppData\Local\Programs\MiKTeX\tex/latex/fmtcount\fcnumparser.st
y
Package: fcnumparser 2017/06/15
\fc@digit@counter=\count288
))
\c@padzeroesN=\count289
\fc@tmpcatcode=\count290
\@DT@modctr=\count291
\@ordinalctr=\count292
\@orgargctr=\count293
\@strctr=\count294
\@tmpstrctr=\count295
\@DT@loopN=\count296
\@DT@X=\count297
)
(C:\Users\micha\AppData\Local\Programs\MiKTeX\tex/latex/sectsty\sectsty.sty
Package: sectsty 2002/02/25 v2.0.2 Commands to change all sectional heading sty
les


LaTeX Warning: Command \underbar  has changed.
               Check if current package is valid.


LaTeX Warning: Command \underline  has changed.
               Check if current package is valid.

)
\c@theorem=\count298

(C:\Users\micha\AppData\Local\Programs\MiKTeX\tex/latex/thmtools\thm-restate.st
y
Package: thm-restate 2023/05/04 v0.76
 (C:\Users\micha\AppData\Local\Programs\MiKTeX\tex/latex/thmtools\thmtools.sty
Package: thmtools 2023/05/04 v0.76
\thmt@toks=\toks33
\c@thmt@dummyctr=\count299
(C:\Users\micha\AppData\Local\Programs\MiKTeX\tex/latex/thmtools\thm-patch.sty
Package: thm-patch 2023/05/04 v0.76

(C:\Users\micha\AppData\Local\Programs\MiKTeX\tex/latex/thmtools\parseargs.sty
Package: parseargs 2023/05/04 v0.76
\@parsespec=\toks34
)) (C:\Users\micha\AppData\Local\Programs\MiKTeX\tex/latex/thmtools\thm-kv.sty
Package: thm-kv 2023/05/04 v0.76
Package thm-kv Info: Theorem names will be uppercased on input line 42.
Package thm-kv Info: kvsetkeys patch (v1.16 or later) on input line 158.
)
(C:\Users\micha\AppData\Local\Programs\MiKTeX\tex/latex/thmtools\thm-autoref.st
y
Package: thm-autoref 2023/05/04 v0.76
 (C:\Users\micha\AppData\Local\Programs\MiKTeX\tex/latex/thmtools\aliasctr.sty
Package: aliasctr 2023/05/04 v0.76
))
(C:\Users\micha\AppData\Local\Programs\MiKTeX\tex/latex/thmtools\thm-listof.sty
Package: thm-listof 2023/05/04 v0.76
)
(C:\Users\micha\AppData\Local\Programs\MiKTeX\tex/latex/thmtools\thm-amsthm.sty
Package: thm-amsthm 2023/05/04 v0.76
\thmt@style@headstyle=\toks35
)))
\c@lemma=\count300
\c@proposition=\count301
\c@definition=\count302

(C:\Users\micha\AppData\Local\Programs\MiKTeX\tex/latex/algorithms\algorithm.st
y
Package: algorithm 2009/08/24 v0.1 Document Style `algorithm' - floating enviro
nment
 (C:\Users\micha\AppData\Local\Programs\MiKTeX\tex/latex/float\float.sty
Package: float 2001/11/08 v1.3d Float enhancements (AL)
\c@float@type=\count303
\float@exts=\toks36
\float@box=\box54
\@float@everytoks=\toks37
\@floatcapt=\box55
)
\@float@every@algorithm=\toks38
\c@algorithm=\count304
)
(C:\Users\micha\AppData\Local\Programs\MiKTeX\tex/latex/algorithms\algorithmic.
sty
Package: algorithmic 2009/08/24 v0.1 Document Style `algorithmic'
\c@ALC@unique=\count305
\c@ALC@line=\count306
\c@ALC@rem=\count307
\c@ALC@depth=\count308
\ALC@tlm=\skip68
\algorithmicindent=\skip69
)
(C:\Users\micha\AppData\Local\Programs\MiKTeX\tex/latex/makecell\makecell.sty
Package: makecell 2009/08/03 V0.1e Managing of Tab Column Heads and Cells

(C:\Users\micha\AppData\Local\Programs\MiKTeX\tex/latex/tools\array.sty
Package: array 2022/09/04 v2.5g Tabular extension package (FMi)
\col@sep=\dimen180
\ar@mcellbox=\box56
\extrarowheight=\dimen181
\NC@list=\toks39
\extratabsurround=\skip70
\backup@length=\skip71
\ar@cellbox=\box57
)
\rotheadsize=\dimen182
\c@nlinenum=\count309
\TeXr@lab=\toks40
)
LaTeX Font Info:    Trying to load font information for OT1+ptm on input line 1
40.

(C:\Users\micha\AppData\Local\Programs\MiKTeX\tex/latex/psnfss\ot1ptm.fd
File: ot1ptm.fd 2001/06/04 font definitions for OT1/ptm.
)
(C:\Users\micha\AppData\Local\Programs\MiKTeX\tex/latex/l3backend\l3backend-pdf
tex.def
File: l3backend-pdftex.def 2023-04-19 L3 backend support: PDF output (pdfTeX)
\l__color_backend_stack_int=\count310
\l__pdf_internal_box=\box58
) (paper_changed.aux)
\openout1 = `paper_changed.aux'.

LaTeX Font Info:    Checking defaults for OML/cmm/m/it on input line 140.
LaTeX Font Info:    ... okay on input line 140.
LaTeX Font Info:    Checking defaults for OMS/cmsy/m/n on input line 140.
LaTeX Font Info:    ... okay on input line 140.
LaTeX Font Info:    Checking defaults for OT1/cmr/m/n on input line 140.
LaTeX Font Info:    ... okay on input line 140.
LaTeX Font Info:    Checking defaults for T1/cmr/m/n on input line 140.
LaTeX Font Info:    ... okay on input line 140.
LaTeX Font Info:    Checking defaults for TS1/cmr/m/n on input line 140.
LaTeX Font Info:    ... okay on input line 140.
LaTeX Font Info:    Checking defaults for OMX/cmex/m/n on input line 140.
LaTeX Font Info:    ... okay on input line 140.
LaTeX Font Info:    Checking defaults for U/cmr/m/n on input line 140.
LaTeX Font Info:    ... okay on input line 140.

(C:\Users\micha\AppData\Local\Programs\MiKTeX\tex/context/base/mkii\supp-pdf.mk
ii
[Loading MPS to PDF converter (version 2006.09.02).]
\scratchcounter=\count311
\scratchdimen=\dimen183
\scratchbox=\box59
\nofMPsegments=\count312
\nofMParguments=\count313
\everyMPshowfont=\toks41
\MPscratchCnt=\count314
\MPscratchDim=\dimen184
\MPnumerator=\count315
\makeMPintoPDFobject=\count316
\everyMPtoPDFconversion=\toks42
)
Package caption Info: Begin \AtBeginDocument code.
Package caption Info: float package is loaded.
Package caption Info: subfigure package is loaded.
Package caption Info: End \AtBeginDocument code.

(C:\Users\micha\AppData\Local\Programs\MiKTeX\tex/latex/fmtcount\fc-english.def
File: fc-english.def 2016/01/12
)
\titlearea=\box60
LaTeX Font Info:    Trying to load font information for U+rsfs on input line 14
3.
 (C:\Users\micha\AppData\Local\Programs\MiKTeX\tex/latex/jknappen\ursfs.fd
File: ursfs.fd 1998/03/24 rsfs font definition file (jk)
)
LaTeX Font Info:    Trying to load font information for U+msa on input line 143
.

(C:\Users\micha\AppData\Local\Programs\MiKTeX\tex/latex/amsfonts\umsa.fd
File: umsa.fd 2013/01/14 v3.01 AMS symbols A
)
LaTeX Font Info:    Trying to load font information for U+msb on input line 143
.

(C:\Users\micha\AppData\Local\Programs\MiKTeX\tex/latex/amsfonts\umsb.fd
File: umsb.fd 2013/01/14 v3.01 AMS symbols B
)
LaTeX Font Info:    Trying to load font information for OMS+ptm on input line 1
43.

(C:\Users\micha\AppData\Local\Programs\MiKTeX\tex/latex/psnfss\omsptm.fd
File: omsptm.fd 
)
LaTeX Font Info:    Font shape `OMS/ptm/m/n' in size <10> not available
(Font)              Font shape `OMS/cmsy/m/n' tried instead on input line 143.
\actualheight=\skip72

Underfull \vbox (badness 10000) detected at line 143
 []

LaTeX Font Info:    Trying to load font information for TS1+ptm on input line 1
43.
(C:\Users\micha\AppData\Local\Programs\MiKTeX\tex/latex/psnfss\ts1ptm.fd
File: ts1ptm.fd 2001/06/04 font definitions for TS1/ptm.
)

Package natbib Warning: Citation `konevcny2016federated' on page 1 undefined on
 input line 156.


Package natbib Warning: Citation `mcmahan2016communication' on page 1 undefined
 on input line 156.


Package natbib Warning: Citation `fang2019local' on page 1 undefined on input l
ine 158.


Package natbib Warning: Citation `Xie19' on page 1 undefined on input line 158.



Package natbib Warning: Citation `Bagdasaryan18' on page 1 undefined on input l
ine 158.


Package natbib Warning: Citation `Bhagoji19' on page 1 undefined on input line 
158.


Package natbib Warning: Citation `xie2019dba' on page 1 undefined on input line
 158.


Package natbib Warning: Citation `Bagdasaryan18' on page 1 undefined on input l
ine 158.


Package natbib Warning: Citation `Blanchard17' on page 1 undefined on input lin
e 160.


Package natbib Warning: Citation `ChenPOMACS17' on page 1 undefined on input li
ne 160.


Package natbib Warning: Citation `Mhamdi18' on page 1 undefined on input line 1
60.


Package natbib Warning: Citation `Yin18' on page 1 undefined on input line 160.



Package natbib Warning: Citation `yin2019defending' on page 1 undefined on inpu
t line 160.


Package natbib Warning: Citation `chen2018draco' on page 1 undefined on input l
ine 160.


Package natbib Warning: Citation `alistarh2018byzantine' on page 1 undefined on
 input line 160.


Package natbib Warning: Citation `Bhagoji19' on page 1 undefined on input line 
160.


Package natbib Warning: Citation `fang2019local' on page 1 undefined on input l
ine 160.


Package natbib Warning: Citation `Xie19' on page 1 undefined on input line 160.



Underfull \hbox (badness 2005) in paragraph at lines 160--161
[]\OT1/ptm/m/n/10 Various Byzantine-robust fed-er-ated learn-ing meth-ods
 []


Package amsmath Warning: Foreign command \atopwithdelims;
(amsmath)                \frac or \genfrac should be used instead
(amsmath)                 on input line 162.

[1{C:/Users/micha/AppData/Local/MiKTeX/fonts/map/pdftex/pdftex.map}{C:/Users/mi
cha/AppData/Local/Programs/MiKTeX/fonts/enc/dvips/base/8r.enc}



]

Package natbib Warning: Citation `kairouz2019advances' on page 2 undefined on i
nput line 166.


Package natbib Warning: Citation `lecun2010mnist' on page 2 undefined on input 
line 169.


Package natbib Warning: Citation `anguita2013public' on page 2 undefined on inp
ut line 169.


Package natbib Warning: Citation `mcmahan2016communication' on page 2 undefined
 on input line 169.


Underfull \hbox (badness 1735) in paragraph at lines 169--170
\OT1/ptm/b/n/10 Evaluation:  \OT1/ptm/m/n/10 We em-pir-i-cally eval-u-ate our m
ethod on
 []


Package natbib Warning: Citation `konevcny2016federated' on page 2 undefined on
 input line 211.


Package natbib Warning: Citation `mcmahan2016communication' on page 2 undefined
 on input line 211.


Package natbib Warning: Citation `wang2020federated' on page 2 undefined on inp
ut line 211.


Package natbib Warning: Citation `li2019convergence' on page 2 undefined on inp
ut line 211.


Package natbib Warning: Citation `mcmahan2016communication' on page 2 undefined
 on input line 212.

[2] [3]

pdfTeX warning: pdflatex (file ./figs/pypz.pdf): PDF inclusion: found PDF versi
on <1.7>, but at most version <1.5> allowed
<./figs/pypz.pdf, id=25, 655.32028pt x 165.23833pt>
File: ./figs/pypz.pdf Graphic file (type pdf)
<use ./figs/pypz.pdf>
Package pdftex.def Info: ./figs/pypz.pdf  used on input line 279.
(pdftex.def)             Requested size: 202.3529pt x 51.02164pt.

Package natbib Warning: Citation `clopper1934use' on page 4 undefined on input 
line 299.

[4 <./figs/pypz.pdf>]
Underfull \hbox (badness 1097) in paragraph at lines 332--334
\OT1/ptm/m/n/10 ti-mate the lower bound $[]$ us-ing the Clopper-Pearson
 []


Underfull \vbox (badness 1377) has occurred while \output is active []


Overfull \hbox (18.56859pt too wide) detected at line 339
[]
 []


Package natbib Warning: Citation `lecun2010mnist' on page 5 undefined on input 
line 368.


Package natbib Warning: Citation `anguita2013public' on page 5 undefined on inp
ut line 368.


Package natbib Warning: Citation `mcmahan2016communication' on page 5 undefined
 on input line 371.

[5]
<./figs/mnist/mnist_compare.pdf, id=54, 462.52798pt x 346.89601pt>
File: ./figs/mnist/mnist_compare.pdf Graphic file (type pdf)
<use ./figs/mnist/mnist_compare.pdf>
Package pdftex.def Info: ./figs/mnist/mnist_compare.pdf  used on input line 377
.
(pdftex.def)             Requested size: 116.35252pt x 87.26369pt.
<./figs/human/human_compare.pdf, id=55, 462.52798pt x 346.89601pt>
File: ./figs/human/human_compare.pdf Graphic file (type pdf)
<use ./figs/human/human_compare.pdf>
Package pdftex.def Info: ./figs/human/human_compare.pdf  used on input line 378
.
(pdftex.def)             Requested size: 116.35252pt x 87.26369pt.
<./figs/mnist/mnist_cnn_bias05_k.pdf, id=56, 462.52798pt x 346.89601pt>
File: ./figs/mnist/mnist_cnn_bias05_k.pdf Graphic file (type pdf)
<use ./figs/mnist/mnist_cnn_bias05_k.pdf>
Package pdftex.def Info: ./figs/mnist/mnist_cnn_bias05_k.pdf  used on input lin
e 387.
(pdftex.def)             Requested size: 116.35252pt x 87.26369pt.
<./figs/human/human_fcnn_k.pdf, id=57, 462.52798pt x 346.89601pt>
File: ./figs/human/human_fcnn_k.pdf Graphic file (type pdf)
<use ./figs/human/human_fcnn_k.pdf>
Package pdftex.def Info: ./figs/human/human_fcnn_k.pdf  used on input line 388.

(pdftex.def)             Requested size: 116.35252pt x 87.26369pt.
<./figs/mnist/mnist_cnn_n.pdf, id=58, 462.52798pt x 346.89601pt>
File: ./figs/mnist/mnist_cnn_n.pdf Graphic file (type pdf)
<use ./figs/mnist/mnist_cnn_n.pdf>
Package pdftex.def Info: ./figs/mnist/mnist_cnn_n.pdf  used on input line 416.
(pdftex.def)             Requested size: 116.35252pt x 87.26369pt.
<./figs/human/human_fcnn_N.pdf, id=59, 462.52798pt x 346.89601pt>
File: ./figs/human/human_fcnn_N.pdf Graphic file (type pdf)
<use ./figs/human/human_fcnn_N.pdf>
Package pdftex.def Info: ./figs/human/human_fcnn_N.pdf  used on input line 417.

(pdftex.def)             Requested size: 116.35252pt x 87.26369pt.
<./figs/mnist/mnist_cnn_alpha.pdf, id=60, 462.52798pt x 346.89601pt>
File: ./figs/mnist/mnist_cnn_alpha.pdf Graphic file (type pdf)
<use ./figs/mnist/mnist_cnn_alpha.pdf>
Package pdftex.def Info: ./figs/mnist/mnist_cnn_alpha.pdf  used on input line 4
26.
(pdftex.def)             Requested size: 116.35252pt x 87.26369pt.
<./figs/human/human_fcnn_alpha.pdf, id=61, 462.52798pt x 346.89601pt>
File: ./figs/human/human_fcnn_alpha.pdf Graphic file (type pdf)
<use ./figs/human/human_fcnn_alpha.pdf>
Package pdftex.def Info: ./figs/human/human_fcnn_alpha.pdf  used on input line 
427.
(pdftex.def)             Requested size: 116.35252pt x 87.26369pt.


Package natbib Warning: Citation `Blanchard17' on page 6 undefined on input lin
e 437.

[6 <./figs/mnist/mnist_compare.pdf> <./figs/human/human_compare.pdf

pdfTeX warning: pdflatex (file ./figs/human/human_compare.pdf): PDF inclusion: 
multiple pdfs with page group included in a single page
> <./figs/mnist/mnist_cnn_bias05_k.pdf

pdfTeX warning: pdflatex (file ./figs/mnist/mnist_cnn_bias05_k.pdf): PDF inclus
ion: multiple pdfs with page group included in a single page
> <./figs/human/human_fcnn_k.pdf

pdfTeX warning: pdflatex (file ./figs/human/human_fcnn_k.pdf): PDF inclusion: m
ultiple pdfs with page group included in a single page
> <./figs/mnist/mnist_cnn_n.pdf

pdfTeX warning: pdflatex (file ./figs/mnist/mnist_cnn_n.pdf): PDF inclusion: mu
ltiple pdfs with page group included in a single page
> <./figs/human/human_fcnn_N.pdf

pdfTeX warning: pdflatex (file ./figs/human/human_fcnn_N.pdf): PDF inclusion: m
ultiple pdfs with page group included in a single page
> <./figs/mnist/mnist_cnn_alpha.pdf

pdfTeX warning: pdflatex (file ./figs/mnist/mnist_cnn_alpha.pdf): PDF inclusion
: multiple pdfs with page group included in a single page
> <./figs/human/human_fcnn_alpha.pdf

pdfTeX warning: pdflatex (file ./figs/human/human_fcnn_alpha.pdf): PDF inclusio
n: multiple pdfs with page group included in a single page
>]
<./figs/mnist/mnist_cnn_k10_bias.pdf, id=272, 462.52798pt x 346.89601pt>
File: ./figs/mnist/mnist_cnn_k10_bias.pdf Graphic file (type pdf)
<use ./figs/mnist/mnist_cnn_k10_bias.pdf>
Package pdftex.def Info: ./figs/mnist/mnist_cnn_k10_bias.pdf  used on input lin
e 445.
(pdftex.def)             Requested size: 116.35252pt x 87.26369pt.


Package natbib Warning: Citation `smith2017federated' on page 7 undefined on in
put line 456.


Package natbib Warning: Citation `li2019convergence' on page 7 undefined on inp
ut line 456.


Package natbib Warning: Citation `wang2020federated' on page 7 undefined on inp
ut line 456.


Package natbib Warning: Citation `liu2020federated' on page 7 undefined on inpu
t line 456.


Package natbib Warning: Citation `peng2019federated' on page 7 undefined on inp
ut line 456.


Package natbib Warning: Citation `wang2020federated' on page 7 undefined on inp
ut line 456.


Package natbib Warning: Citation `konevcny2016federated' on page 7 undefined on
 input line 456.


Package natbib Warning: Citation `mcmahan2016communication' on page 7 undefined
 on input line 456.


Package natbib Warning: Citation `wen2017terngrad' on page 7 undefined on input
 line 456.


Package natbib Warning: Citation `alistarh2017qsgd' on page 7 undefined on inpu
t line 456.


Package natbib Warning: Citation `lee2017speeding' on page 7 undefined on input
 line 456.


Package natbib Warning: Citation `sahu2018convergence' on page 7 undefined on i
nput line 456.


Package natbib Warning: Citation `bernstein2018signsgd' on page 7 undefined on 
input line 456.


Package natbib Warning: Citation `vogels2019powersgd' on page 7 undefined on in
put line 456.


Package natbib Warning: Citation `yurochkin2019bayesian' on page 7 undefined on
 input line 456.


Package natbib Warning: Citation `mohri2019agnostic' on page 7 undefined on inp
ut line 456.


Package natbib Warning: Citation `wang2020federated' on page 7 undefined on inp
ut line 456.


Package natbib Warning: Citation `li2020practical' on page 7 undefined on input
 line 456.


Package natbib Warning: Citation `li2020acceleration' on page 7 undefined on in
put line 456.


Package natbib Warning: Citation `hamer2020fedboost' on page 7 undefined on inp
ut line 456.


Package natbib Warning: Citation `rothchildfetchsgd' on page 7 undefined on inp
ut line 456.


Package natbib Warning: Citation `malinovsky2020local' on page 7 undefined on i
nput line 456.


Package natbib Warning: Citation `bonawitz2017practical' on page 7 undefined on
 input line 456.


Package natbib Warning: Citation `geyer2017differentially' on page 7 undefined 
on input line 456.


Package natbib Warning: Citation `hitaj2017deep' on page 7 undefined on input l
ine 456.


Package natbib Warning: Citation `melis2019exploiting' on page 7 undefined on i
nput line 456.


Package natbib Warning: Citation `zhu2019deep' on page 7 undefined on input lin
e 456.


Package natbib Warning: Citation `mohri2019agnostic' on page 7 undefined on inp
ut line 456.


Package natbib Warning: Citation `wang2020federatedlatent' on page 7 undefined 
on input line 456.


Package natbib Warning: Citation `Li2020Fair' on page 7 undefined on input line
 456.


Package natbib Warning: Citation `smith2017federated' on page 7 undefined on in
put line 456.


Package natbib Warning: Citation `fang2019local' on page 7 undefined on input l
ine 458.


Package natbib Warning: Citation `Bagdasaryan18' on page 7 undefined on input l
ine 458.


Package natbib Warning: Citation `Xie19' on page 7 undefined on input line 458.



Package natbib Warning: Citation `Bhagoji19' on page 7 undefined on input line 
458.


Package natbib Warning: Citation `Blanchard17' on page 7 undefined on input lin
e 458.


Package natbib Warning: Citation `Yin18' on page 7 undefined on input line 458.



Package natbib Warning: Citation `Yin18' on page 7 undefined on input line 458.



Package natbib Warning: Citation `Mhamdi18' on page 7 undefined on input line 4
58.


Package natbib Warning: Citation `fang2019local' on page 7 undefined on input l
ine 458.


Underfull \hbox (badness 1635) in paragraph at lines 458--459
\OT1/ptm/m/n/10 ma-li-cious clients lever-age Byzantine-robust ag-gre-ga-tion
 []


Package natbib Warning: Citation `jia2020intrinsic' on page 7 undefined on inpu
t line 460.

No file paper_changed.bbl.
[7 <./figs/mnist/mnist_cnn_k10_bias.pdf>] [8

]

Package natbib Warning: There were undefined citations.

(paper_changed.aux)
 ***********
LaTeX2e <2023-06-01> patch level 1
L3 programming layer <2023-08-29>
 ***********
 ) 
Here is how much of TeX's memory you used:
 8531 strings out of 475247
 145251 string characters out of 5757792
 1953801 words of memory out of 5000000
 29826 multiletter control sequences out of 15000+600000
 591277 words of font info for 108 fonts, out of 8000000 for 9000
 1141 hyphenation exceptions out of 8191
 72i,19n,79p,1534b,707s stack positions out of 10000i,1000n,20000p,200000b,200000s
<C:/Users/micha/AppData/Local/Programs/MiKTeX/fonts/type1/public/amsfonts/cm/
cmbx10.pfb><C:/Users/micha/AppData/Local/Programs/MiKTeX/fonts/type1/public/ams
fonts/cm/cmbx7.pfb><C:/Users/micha/AppData/Local/Programs/MiKTeX/fonts/type1/pu
blic/amsfonts/cm/cmbx9.pfb><C:/Users/micha/AppData/Local/Programs/MiKTeX/fonts/
type1/public/amsfonts/cm/cmex10.pfb><C:/Users/micha/AppData/Local/Programs/MiKT
eX/fonts/type1/public/amsfonts/cm/cmmi10.pfb><C:/Users/micha/AppData/Local/Prog
rams/MiKTeX/fonts/type1/public/amsfonts/cm/cmmi5.pfb><C:/Users/micha/AppData/Lo
cal/Programs/MiKTeX/fonts/type1/public/amsfonts/cm/cmmi7.pfb><C:/Users/micha/Ap
pData/Local/Programs/MiKTeX/fonts/type1/public/amsfonts/cm/cmmi9.pfb><C:/Users/
micha/AppData/Local/Programs/MiKTeX/fonts/type1/public/amsfonts/cm/cmr10.pfb><C
:/Users/micha/AppData/Local/Programs/MiKTeX/fonts/type1/public/amsfonts/cm/cmr7
.pfb><C:/Users/micha/AppData/Local/Programs/MiKTeX/fonts/type1/public/amsfonts/
cm/cmr9.pfb><C:/Users/micha/AppData/Local/Programs/MiKTeX/fonts/type1/public/am
sfonts/cm/cmsy10.pfb><C:/Users/micha/AppData/Local/Programs/MiKTeX/fonts/type1/
public/amsfonts/cm/cmsy5.pfb><C:/Users/micha/AppData/Local/Programs/MiKTeX/font
s/type1/public/amsfonts/cm/cmsy6.pfb><C:/Users/micha/AppData/Local/Programs/MiK
TeX/fonts/type1/public/amsfonts/cm/cmsy7.pfb><C:/Users/micha/AppData/Local/Prog
rams/MiKTeX/fonts/type1/public/amsfonts/cm/cmsy9.pfb><C:/Users/micha/AppData/Lo
cal/Programs/MiKTeX/fonts/type1/public/amsfonts/symbols/msbm10.pfb><C:/Users/mi
cha/AppData/Local/Programs/MiKTeX/fonts/type1/urw/times/utmb8a.pfb><C:/Users/mi
cha/AppData/Local/Programs/MiKTeX/fonts/type1/urw/times/utmr8a.pfb><C:/Users/mi
cha/AppData/Local/Programs/MiKTeX/fonts/type1/urw/times/utmri8a.pfb>
Output written on paper_changed.pdf (8 pages, 10807206 bytes).
PDF statistics:
 392 PDF objects out of 1000 (max. 8388607)
 0 named destinations out of 1000 (max. 500000)
 51 words of extra memory for PDF output out of 10000 (max. 10000000)

