This is pdfTeX, Version 3.141592653-2.6-1.40.25 (MiKTeX 23.5) (preloaded format=pdflatex 2024.1.12)  30 MAR 2024 18:55
entering extended mode
 restricted \write18 enabled.
 %&-line parsing enabled.
**./aaai18_deep_streaming_final_v2_changed.tex
(aaai18_deep_streaming_final_v2_changed.tex
LaTeX2e <2023-06-01> patch level 1
L3 programming layer <2023-08-29>
(C:\Users\orfuc\AppData\Local\Programs\MiKTeX\tex/latex/base\article.cls
Document Class: article 2023/05/17 v1.4n Standard LaTeX document class
(C:\Users\orfuc\AppData\Local\Programs\MiKTeX\tex/latex/base\size10.clo
File: size10.clo 2023/05/17 v1.4n Standard LaTeX file (size option)
)
\c@part=\count185
\c@section=\count186
\c@subsection=\count187
\c@subsubsection=\count188
\c@paragraph=\count189
\c@subparagraph=\count190
\c@figure=\count191
\c@table=\count192
\abovecaptionskip=\skip48
\belowcaptionskip=\skip49
\bibindent=\dimen140
)
(aaai18.sty
Conference Style for AAAI for LaTeX 2e -- version for the AAAI-18 conference
\titlebox=\skip50
) (C:\Users\orfuc\AppData\Local\Programs\MiKTeX\tex/latex/psnfss\times.sty
Package: times 2020/03/25 PSNFSS-v9.3 (SPQR) 
)
(C:\Users\orfuc\AppData\Local\Programs\MiKTeX\tex/latex/psnfss\helvet.sty
Package: helvet 2020/03/25 PSNFSS-v9.3 (WaS) 

(C:\Users\orfuc\AppData\Local\Programs\MiKTeX\tex/latex/graphics\keyval.sty
Package: keyval 2022/05/29 v1.15 key=value parser (DPC)
\KV@toks@=\toks17
))
(C:\Users\orfuc\AppData\Local\Programs\MiKTeX\tex/latex/psnfss\courier.sty
Package: courier 2020/03/25 PSNFSS-v9.3 (WaS) 
)
(C:\Users\orfuc\AppData\Local\Programs\MiKTeX\tex/latex/url\url.sty
\Urlmuskip=\muskip16
Package: url 2013/09/16  ver 3.4  Verb mode for urls, etc.
)
(C:\Users\orfuc\AppData\Local\Programs\MiKTeX\tex/latex/graphics\graphicx.sty
Package: graphicx 2021/09/16 v1.2d Enhanced LaTeX Graphics (DPC,SPQR)

(C:\Users\orfuc\AppData\Local\Programs\MiKTeX\tex/latex/graphics\graphics.sty
Package: graphics 2022/03/10 v1.4e Standard LaTeX Graphics (DPC,SPQR)

(C:\Users\orfuc\AppData\Local\Programs\MiKTeX\tex/latex/graphics\trig.sty
Package: trig 2021/08/11 v1.11 sin cos tan (DPC)
)
(C:\Users\orfuc\AppData\Local\Programs\MiKTeX\tex/latex/graphics-cfg\graphics.c
fg
File: graphics.cfg 2016/06/04 v1.11 sample graphics configuration
)
Package graphics Info: Driver file: pdftex.def on input line 107.

(C:\Users\orfuc\AppData\Local\Programs\MiKTeX\tex/latex/graphics-def\pdftex.def
File: pdftex.def 2022/09/22 v1.2b Graphics/color driver for pdftex
))
\Gin@req@height=\dimen141
\Gin@req@width=\dimen142
) (C:\Users\orfuc\AppData\Local\Programs\MiKTeX\tex/latex/amsmath\amsmath.sty
Package: amsmath 2023/05/13 v2.17o AMS math features
\@mathmargin=\skip51
For additional information on amsmath, use the `?' option.
(C:\Users\orfuc\AppData\Local\Programs\MiKTeX\tex/latex/amsmath\amstext.sty
Package: amstext 2021/08/26 v2.01 AMS text

(C:\Users\orfuc\AppData\Local\Programs\MiKTeX\tex/latex/amsmath\amsgen.sty
File: amsgen.sty 1999/11/30 v2.0 generic functions
\@emptytoks=\toks18
\ex@=\dimen143
))
(C:\Users\orfuc\AppData\Local\Programs\MiKTeX\tex/latex/amsmath\amsbsy.sty
Package: amsbsy 1999/11/29 v1.2d Bold Symbols
\pmbraise@=\dimen144
)
(C:\Users\orfuc\AppData\Local\Programs\MiKTeX\tex/latex/amsmath\amsopn.sty
Package: amsopn 2022/04/08 v2.04 operator names
)
\inf@bad=\count193
LaTeX Info: Redefining \frac on input line 234.
\uproot@=\count194
\leftroot@=\count195
LaTeX Info: Redefining \overline on input line 399.
LaTeX Info: Redefining \colon on input line 410.
\classnum@=\count196
\DOTSCASE@=\count197
LaTeX Info: Redefining \ldots on input line 496.
LaTeX Info: Redefining \dots on input line 499.
LaTeX Info: Redefining \cdots on input line 620.
\Mathstrutbox@=\box51
\strutbox@=\box52
LaTeX Info: Redefining \big on input line 722.
LaTeX Info: Redefining \Big on input line 723.
LaTeX Info: Redefining \bigg on input line 724.
LaTeX Info: Redefining \Bigg on input line 725.
\big@size=\dimen145
LaTeX Font Info:    Redeclaring font encoding OML on input line 743.
LaTeX Font Info:    Redeclaring font encoding OMS on input line 744.
\macc@depth=\count198
LaTeX Info: Redefining \bmod on input line 905.
LaTeX Info: Redefining \pmod on input line 910.
LaTeX Info: Redefining \smash on input line 940.
LaTeX Info: Redefining \relbar on input line 970.
LaTeX Info: Redefining \Relbar on input line 971.
\c@MaxMatrixCols=\count199
\dotsspace@=\muskip17
\c@parentequation=\count266
\dspbrk@lvl=\count267
\tag@help=\toks19
\row@=\count268
\column@=\count269
\maxfields@=\count270
\andhelp@=\toks20
\eqnshift@=\dimen146
\alignsep@=\dimen147
\tagshift@=\dimen148
\tagwidth@=\dimen149
\totwidth@=\dimen150
\lineht@=\dimen151
\@envbody=\toks21
\multlinegap=\skip52
\multlinetaggap=\skip53
\mathdisplay@stack=\toks22
LaTeX Info: Redefining \[ on input line 2953.
LaTeX Info: Redefining \] on input line 2954.
)
(C:\Users\orfuc\AppData\Local\Programs\MiKTeX\tex/latex/amsfonts\amssymb.sty
Package: amssymb 2013/01/14 v3.01 AMS font symbols

(C:\Users\orfuc\AppData\Local\Programs\MiKTeX\tex/latex/amsfonts\amsfonts.sty
Package: amsfonts 2013/01/14 v3.01 Basic AMSFonts support
\symAMSa=\mathgroup4
\symAMSb=\mathgroup5
LaTeX Font Info:    Redeclaring math symbol \hbar on input line 98.
LaTeX Font Info:    Overwriting math alphabet `\mathfrak' in version `bold'
(Font)                  U/euf/m/n --> U/euf/b/n on input line 106.
)) (C:\Users\orfuc\AppData\Local\Programs\MiKTeX\tex/latex/graphics\color.sty
Package: color 2022/01/06 v1.3d Standard LaTeX Color (DPC)

(C:\Users\orfuc\AppData\Local\Programs\MiKTeX\tex/latex/graphics-cfg\color.cfg
File: color.cfg 2016/01/02 v1.6 sample color configuration
)
Package color Info: Driver file: pdftex.def on input line 149.
(C:\Users\orfuc\AppData\Local\Programs\MiKTeX\tex/latex/graphics\mathcolor.ltx)
) (C:\Users\orfuc\AppData\Local\Programs\MiKTeX\tex/latex/booktabs\booktabs.sty
Package: booktabs 2020/01/12 v1.61803398 Publication quality tables
\heavyrulewidth=\dimen152
\lightrulewidth=\dimen153
\cmidrulewidth=\dimen154
\belowrulesep=\dimen155
\belowbottomsep=\dimen156
\aboverulesep=\dimen157
\abovetopsep=\dimen158
\cmidrulesep=\dimen159
\cmidrulekern=\dimen160
\defaultaddspace=\dimen161
\@cmidla=\count271
\@cmidlb=\count272
\@aboverulesep=\dimen162
\@belowrulesep=\dimen163
\@thisruleclass=\count273
\@lastruleclass=\count274
\@thisrulewidth=\dimen164
) (C:\Users\orfuc\AppData\Local\Programs\MiKTeX\tex/latex/multirow\multirow.sty
Package: multirow 2021/03/15 v2.8 Span multiple rows of a table
\multirow@colwidth=\skip54
\multirow@cntb=\count275
\multirow@dima=\skip55
\bigstrutjot=\dimen165
)
LaTeX Font Info:    Trying to load font information for OT1+ptm on input line 2
0.
 (C:\Users\orfuc\AppData\Local\Programs\MiKTeX\tex/latex/psnfss\ot1ptm.fd
File: ot1ptm.fd 2001/06/04 font definitions for OT1/ptm.
)
(C:\Users\orfuc\AppData\Local\Programs\MiKTeX\tex/latex/l3backend\l3backend-pdf
tex.def
File: l3backend-pdftex.def 2023-04-19 L3 backend support: PDF output (pdfTeX)
\l__color_backend_stack_int=\count276
\l__pdf_internal_box=\box53
) (aaai18_deep_streaming_final_v2_changed.aux)
\openout1 = `aaai18_deep_streaming_final_v2_changed.aux'.

LaTeX Font Info:    Checking defaults for OML/cmm/m/it on input line 20.
LaTeX Font Info:    ... okay on input line 20.
LaTeX Font Info:    Checking defaults for OMS/cmsy/m/n on input line 20.
LaTeX Font Info:    ... okay on input line 20.
LaTeX Font Info:    Checking defaults for OT1/cmr/m/n on input line 20.
LaTeX Font Info:    ... okay on input line 20.
LaTeX Font Info:    Checking defaults for T1/cmr/m/n on input line 20.
LaTeX Font Info:    ... okay on input line 20.
LaTeX Font Info:    Checking defaults for TS1/cmr/m/n on input line 20.
LaTeX Font Info:    ... okay on input line 20.
LaTeX Font Info:    Checking defaults for OMX/cmex/m/n on input line 20.
LaTeX Font Info:    ... okay on input line 20.
LaTeX Font Info:    Checking defaults for U/cmr/m/n on input line 20.
LaTeX Font Info:    ... okay on input line 20.

(C:\Users\orfuc\AppData\Local\Programs\MiKTeX\tex/context/base/mkii\supp-pdf.mk
ii
[Loading MPS to PDF converter (version 2006.09.02).]
\scratchcounter=\count277
\scratchdimen=\dimen166
\scratchbox=\box54
\nofMPsegments=\count278
\nofMParguments=\count279
\everyMPshowfont=\toks23
\MPscratchCnt=\count280
\MPscratchDim=\dimen167
\MPnumerator=\count281
\makeMPintoPDFobject=\count282
\everyMPtoPDFconversion=\toks24
)
(C:\Users\orfuc\AppData\Local\Programs\MiKTeX\tex/latex/epstopdf-pkg\epstopdf-b
ase.sty
Package: epstopdf-base 2020-01-24 v2.11 Base part for package epstopdf
Package epstopdf-base Info: Redefining graphics rule for `.eps' on input line 4
85.

(C:\Users\orfuc\AppData\Local\Programs\MiKTeX\tex/latex/00miktex\epstopdf-sys.c
fg
File: epstopdf-sys.cfg 2021/03/18 v2.0 Configuration of epstopdf for MiKTeX
))
LaTeX Font Info:    Trying to load font information for U+msa on input line 32.

 (C:\Users\orfuc\AppData\Local\Programs\MiKTeX\tex/latex/amsfonts\umsa.fd
File: umsa.fd 2013/01/14 v3.01 AMS symbols A
)
LaTeX Font Info:    Trying to load font information for U+msb on input line 32.


(C:\Users\orfuc\AppData\Local\Programs\MiKTeX\tex/latex/amsfonts\umsb.fd
File: umsb.fd 2013/01/14 v3.01 AMS symbols B
)
LaTeX Font Info:    Trying to load font information for TS1+ptm on input line 3
2.

(C:\Users\orfuc\AppData\Local\Programs\MiKTeX\tex/latex/psnfss\ts1ptm.fd
File: ts1ptm.fd 2001/06/04 font definitions for TS1/ptm.
)

LaTeX Warning: Citation `Li_mpeg_2001' on page 1 undefined on input line 42.


LaTeX Warning: Citation `Wiegand_h264_2003' on page 1 undefined on input line 4
2.


LaTeX Warning: Citation `sullivan2012overview' on page 1 undefined on input lin
e 42.


LaTeX Warning: Citation `Cover_information_theory' on page 1 undefined on input
 line 46.


LaTeX Warning: Citation `Geiger_CVPR_2012' on page 1 undefined on input line 48
.

[1{C:/Users/orfuc/AppData/Local/MiKTeX/fonts/map/pdftex/pdftex.map}{C:/Users/or
fuc/AppData/Local/Programs/MiKTeX/fonts/enc/dvips/base/8r.enc}



]

LaTeX Warning: Citation `Wallace_jpeg_1991' on page 2 undefined on input line 5
3.


LaTeX Warning: Citation `Li_mpeg_2001' on page 2 undefined on input line 53.


LaTeX Warning: Citation `Wiegand_h264_2003' on page 2 undefined on input line 5
3.


LaTeX Warning: Citation `sullivan2012overview' on page 2 undefined on input lin
e 53.


LaTeX Warning: Citation `Cheng_ICML_2007' on page 2 undefined on input line 55.



LaTeX Warning: Citation `Skretting_icassp_2011' on page 2 undefined on input li
ne 55.


LaTeX Warning: Citation `Mao_sigcomm_2017' on page 2 undefined on input line 55
.


LaTeX Warning: Citation `Jiang_survey_1999' on page 2 undefined on input line 5
9.


LaTeX Warning: Citation `Hinton_science_2006' on page 2 undefined on input line
 59.


LaTeX Warning: Citation `Vincent_ICML_2008' on page 2 undefined on input line 5
9.


LaTeX Warning: Citation `Pathak_CVPR_2016' on page 2 undefined on input line 59
.


LaTeX Warning: Citation `Tsai_CVPR_2017' on page 2 undefined on input line 59.


LaTeX Warning: Citation `Balle_ICLR_2017' on page 2 undefined on input line 61.



LaTeX Warning: Citation `Theis_ICLR_2017' on page 2 undefined on input line 61.



LaTeX Warning: Citation `Rippel_ICML_2017' on page 2 undefined on input line 61
.


LaTeX Warning: Citation `Toderici_ICLR_2016' on page 2 undefined on input line 
61.


LaTeX Warning: Citation `Toderici_CVPR_2017' on page 2 undefined on input line 
61.

<fig/overview.png, id=9, 1439.3775pt x 533.74406pt>
File: fig/overview.png Graphic file (type png)
<use fig/overview.png>
Package pdftex.def Info: fig/overview.png  used on input line 67.
(pdftex.def)             Requested size: 430.00958pt x 159.45662pt.

LaTeX Warning: Citation `Reeve_icassp_1983' on page 2 undefined on input line 7
6.


LaTeX Warning: Citation `Chen_itcsvt_2001' on page 2 undefined on input line 76
.


LaTeX Warning: Citation `Chang_tip_2014' on page 2 undefined on input line 76.


LaTeX Warning: Citation `Chen_ICCV_2015' on page 2 undefined on input line 76.


LaTeX Warning: Citation `Liu_CVPR_2015' on page 2 undefined on input line 76.


LaTeX Warning: Citation `Mao_NIPS_2016' on page 2 undefined on input line 76.


LaTeX Warning: Citation `Dong_ICCV_2015' on page 2 undefined on input line 76.


LaTeX Warning: Citation `Wang_CVPR_2016' on page 2 undefined on input line 76.


LaTeX Warning: Citation `Guo_ECCV_2016' on page 2 undefined on input line 76.


LaTeX Warning: Citation `Guo_CVPR_2017' on page 2 undefined on input line 76.

[2]

LaTeX Warning: Citation `Cover_information_theory' on page 3 undefined on input
 line 90.

<fig/architecture.png, id=15, 1559.07469pt x 416.30531pt>
File: fig/architecture.png Graphic file (type png)
<use fig/architecture.png>
Package pdftex.def Info: fig/architecture.png  used on input line 97.
(pdftex.def)             Requested size: 430.00958pt x 114.81781pt.

Underfull \vbox (badness 2529) has occurred while \output is active []


Underfull \hbox (badness 1168) in paragraph at lines 107--108
[]\OT1/ptm/m/n/10 We note that in the pro-posed domain-specific video
 []


LaTeX Warning: Citation `Shi_CVPR_2016' on page 3 undefined on input line 111.


LaTeX Warning: Citation `Ioffe_ICML_2015' on page 3 undefined on input line 111
.

[3 <./fig/overview.png>]

LaTeX Warning: Citation `Rastegari_ECCV_2016' on page 4 undefined on input line
 123.


LaTeX Warning: Citation `Courbariaux_corr_2016' on page 4 undefined on input li
ne 123.


LaTeX Warning: Citation `Tang_AAAI_2017' on page 4 undefined on input line 123.



LaTeX Warning: Citation `Toderici_ICLR_2016' on page 4 undefined on input line 
123.


LaTeX Warning: Citation `Toderici_CVPR_2017' on page 4 undefined on input line 
123.


LaTeX Warning: Citation `Raiko_ICLR_2015' on page 4 undefined on input line 130
.


LaTeX Warning: Citation `Jang_ICLR_2017' on page 4 undefined on input line 130.



LaTeX Warning: Citation `Maddison_ICLR_2017' on page 4 undefined on input line 
130.


LaTeX Warning: Citation `Courbariaux_corr_2016' on page 4 undefined on input li
ne 143.


LaTeX Warning: Citation `Courbariaux_corr_2016' on page 4 undefined on input li
ne 155.


LaTeX Warning: Citation `Toderici_ICLR_2016' on page 4 undefined on input line 
171.


LaTeX Warning: Citation `Toderici_ICLR_2016' on page 4 undefined on input line 
184.


LaTeX Warning: Citation `Jang_ICLR_2017' on page 4 undefined on input line 186.


[4 <./fig/architecture.png>]

LaTeX Warning: Citation `Jang_ICLR_2017' on page 5 undefined on input line 197.



LaTeX Warning: Citation `Cover_information_theory' on page 5 undefined on input
 line 217.


LaTeX Warning: Citation `Marpe_itcsvt_2003' on page 5 undefined on input line 2
17.


LaTeX Warning: Citation `Geiger_CVPR_2012' on page 5 undefined on input line 22
2.


LaTeX Warning: Citation `Wang_TIP_2004' on page 5 undefined on input line 224.


Overfull \hbox (0.95473pt too wide) in paragraph at lines 231--243
 [][] 
 []


LaTeX Warning: Citation `Kingma_ICLR_2015' on page 5 undefined on input line 24
6.

<fig/kitti_psnr.png, id=36, 421.575pt x 316.18124pt>
File: fig/kitti_psnr.png Graphic file (type png)
<use fig/kitti_psnr.png>
Package pdftex.def Info: fig/kitti_psnr.png  used on input line 304.
(pdftex.def)             Requested size: 126.47249pt x 94.8551pt.
<fig/ac_psnr.png, id=37, 421.575pt x 316.18124pt>
File: fig/ac_psnr.png Graphic file (type png)
<use fig/ac_psnr.png>
Package pdftex.def Info: fig/ac_psnr.png  used on input line 305.
(pdftex.def)             Requested size: 126.47249pt x 94.8551pt.
<fig/sky_psnr.png, id=38, 421.575pt x 316.18124pt>
File: fig/sky_psnr.png Graphic file (type png)
<use fig/sky_psnr.png>
Package pdftex.def Info: fig/sky_psnr.png  used on input line 306.
(pdftex.def)             Requested size: 126.47249pt x 94.8551pt.
<fig/bl_psnr.png, id=39, 421.575pt x 316.18124pt>
File: fig/bl_psnr.png Graphic file (type png)
<use fig/bl_psnr.png>
Package pdftex.def Info: fig/bl_psnr.png  used on input line 307.
(pdftex.def)             Requested size: 126.47249pt x 94.8551pt.

LaTeX Warning: Citation `Kim_CVPR_2016' on page 5 undefined on input line 315.


LaTeX Warning: Citation `Zhang_TIP_2017' on page 5 undefined on input line 315.



LaTeX Warning: Citation `Kim_CVPR_2016' on page 5 undefined on input line 315.


LaTeX Warning: Citation `Zhang_TIP_2017' on page 5 undefined on input line 315.


<fig/kitti_ssim.png, id=40, 421.575pt x 316.18124pt>
File: fig/kitti_ssim.png Graphic file (type png)
<use fig/kitti_ssim.png>
Package pdftex.def Info: fig/kitti_ssim.png  used on input line 327.
(pdftex.def)             Requested size: 126.47249pt x 94.8551pt.
<fig/ac_ssim.png, id=41, 421.575pt x 316.18124pt>
File: fig/ac_ssim.png Graphic file (type png)
<use fig/ac_ssim.png>
Package pdftex.def Info: fig/ac_ssim.png  used on input line 328.
(pdftex.def)             Requested size: 126.47249pt x 94.8551pt.
<fig/sky_ssim.png, id=42, 421.575pt x 316.18124pt>
File: fig/sky_ssim.png Graphic file (type png)
<use fig/sky_ssim.png>
Package pdftex.def Info: fig/sky_ssim.png  used on input line 329.
(pdftex.def)             Requested size: 126.47249pt x 94.8551pt.
<fig/bl_ssim.png, id=43, 421.575pt x 316.18124pt>
File: fig/bl_ssim.png Graphic file (type png)
<use fig/bl_ssim.png>
Package pdftex.def Info: fig/bl_ssim.png  used on input line 330.
(pdftex.def)             Requested size: 126.47249pt x 94.8551pt.

LaTeX Warning: Citation `Kim_CVPR_2016' on page 5 undefined on input line 336.


LaTeX Warning: Citation `Zhang_TIP_2017' on page 5 undefined on input line 336.



LaTeX Warning: Citation `Kim_CVPR_2016' on page 5 undefined on input line 336.


LaTeX Warning: Citation `Zhang_TIP_2017' on page 5 undefined on input line 336.


<fig/kitti_v2.png, id=44, 1757.06438pt x 264.23718pt>
File: fig/kitti_v2.png Graphic file (type png)
<use fig/kitti_v2.png>
Package pdftex.def Info: fig/kitti_v2.png  used on input line 343.
(pdftex.def)             Requested size: 505.89pt x 76.07848pt.
<fig/skyrim_v2.png, id=45, 1756.31157pt x 374.90062pt>
File: fig/skyrim_v2.png Graphic file (type png)
<use fig/skyrim_v2.png>
Package pdftex.def Info: fig/skyrim_v2.png  used on input line 345.
(pdftex.def)             Requested size: 505.89pt x 107.98616pt.
<fig/ac4_v2.png, id=46, 1758.57pt x 377.91188pt>
File: fig/ac4_v2.png Graphic file (type png)
<use fig/ac4_v2.png>
Package pdftex.def Info: fig/ac4_v2.png  used on input line 347.
(pdftex.def)             Requested size: 505.89pt x 108.70937pt.

LaTeX Warning: Citation `Jang_ICLR_2017' on page 5 undefined on input line 354.


[5]

LaTeX Warning: Text page 6 contains only floats.


Overfull \vbox (12.00877pt too high) has occurred while \output is active []



LaTeX Warning: Text page 6 contains only floats.


Overfull \vbox (12.00877pt too high) has occurred while \output is active []


[6 <./fig/kitti_psnr.png (PNG copy)> <./fig/ac_psnr.png (PNG copy)> <./fig/sky_
psnr.png (PNG copy)> <./fig/bl_psnr.png (PNG copy)> <./fig/kitti_ssim.png (PNG 
copy)> <./fig/ac_ssim.png (PNG copy)> <./fig/sky_ssim.png (PNG copy)> <./fig/bl
_ssim.png (PNG copy)> <./fig/kitti_v2.png> <./fig/skyrim_v2.png> <./fig/ac4_v2.
png>]

LaTeX Warning: Citation `Kim_CVPR_2016' on page 7 undefined on input line 390.


LaTeX Warning: Citation `Zhang_TIP_2017' on page 7 undefined on input line 390.


No file aaai18_deep_streaming_final_v2_changed.bbl.
[7] [8

] (aaai18_deep_streaming_final_v2_changed.aux)
 ***********
LaTeX2e <2023-06-01> patch level 1
L3 programming layer <2023-08-29>
 ***********
 ) 
Here is how much of TeX's memory you used:
 3162 strings out of 475247
 49637 string characters out of 5757792
 1947801 words of memory out of 5000000
 24629 multiletter control sequences out of 15000+600000
 584375 words of font info for 96 fonts, out of 8000000 for 9000
 1141 hyphenation exceptions out of 8191
 57i,19n,65p,1746b,319s stack positions out of 10000i,1000n,20000p,200000b,200000s
<C:/Users/orfuc/AppData/Local/Programs/MiKTeX/fonts/type1/public/amsfonts/cm/
cmbx10.pfb><C:/Users/orfuc/AppData/Local/Programs/MiKTeX/fonts/type1/public/ams
fonts/cm/cmex10.pfb><C:/Users/orfuc/AppData/Local/Programs/MiKTeX/fonts/type1/p
ublic/amsfonts/cm/cmmi10.pfb><C:/Users/orfuc/AppData/Local/Programs/MiKTeX/font
s/type1/public/amsfonts/cm/cmmi5.pfb><C:/Users/orfuc/AppData/Local/Programs/MiK
TeX/fonts/type1/public/amsfonts/cm/cmmi7.pfb><C:/Users/orfuc/AppData/Local/Prog
rams/MiKTeX/fonts/type1/public/amsfonts/cm/cmmi9.pfb><C:/Users/orfuc/AppData/Lo
cal/Programs/MiKTeX/fonts/type1/public/amsfonts/cm/cmr10.pfb><C:/Users/orfuc/Ap
pData/Local/Programs/MiKTeX/fonts/type1/public/amsfonts/cm/cmr5.pfb><C:/Users/o
rfuc/AppData/Local/Programs/MiKTeX/fonts/type1/public/amsfonts/cm/cmr7.pfb><C:/
Users/orfuc/AppData/Local/Programs/MiKTeX/fonts/type1/public/amsfonts/cm/cmr8.p
fb><C:/Users/orfuc/AppData/Local/Programs/MiKTeX/fonts/type1/public/amsfonts/cm
/cmr9.pfb><C:/Users/orfuc/AppData/Local/Programs/MiKTeX/fonts/type1/public/amsf
onts/cm/cmsy10.pfb><C:/Users/orfuc/AppData/Local/Programs/MiKTeX/fonts/type1/pu
blic/amsfonts/cm/cmsy7.pfb><C:/Users/orfuc/AppData/Local/Programs/MiKTeX/fonts/
type1/public/amsfonts/cm/cmsy9.pfb><C:/Users/orfuc/AppData/Local/Programs/MiKTe
X/fonts/type1/urw/times/utmb8a.pfb><C:/Users/orfuc/AppData/Local/Programs/MiKTe
X/fonts/type1/urw/times/utmr8a.pfb><C:/Users/orfuc/AppData/Local/Programs/MiKTe
X/fonts/type1/urw/times/utmri8a.pfb>
Output written on aaai18_deep_streaming_final_v2_changed.pdf (8 pages, 6645152 
bytes).
PDF statistics:
 131 PDF objects out of 1000 (max. 8388607)
 0 named destinations out of 1000 (max. 500000)
 66 words of extra memory for PDF output out of 10000 (max. 10000000)

