This is pdfTeX, Version 3.141592653-2.6-1.40.25 (MiKTeX 23.10) (preloaded format=pdflatex 2024.1.1)  10 MAR 2024 11:58
entering extended mode
 restricted \write18 enabled.
 %&-line parsing enabled.
**./main_changed.tex
(main_changed.tex
LaTeX2e <2023-06-01> patch level 1
L3 programming layer <2023-08-29>
(C:\Users\tal12\AppData\Local\Programs\MiKTeX\tex/latex/base\article.cls
Document Class: article 2023/05/17 v1.4n Standard LaTeX document class
(C:\Users\tal12\AppData\Local\Programs\MiKTeX\tex/latex/base\size10.clo
File: size10.clo 2023/05/17 v1.4n Standard LaTeX file (size option)
)
\c@part=\count185
\c@section=\count186
\c@subsection=\count187
\c@subsubsection=\count188
\c@paragraph=\count189
\c@subparagraph=\count190
\c@figure=\count191
\c@table=\count192
\abovecaptionskip=\skip48
\belowcaptionskip=\skip49
\bibindent=\dimen140
)
(aaai21.sty
Conference Style for AAAI for LaTeX 2e -- version for the AAAI-21 conference - 
MODIFIED
\titlebox=\skip50
) (C:\Users\tal12\AppData\Local\Programs\MiKTeX\tex/latex/psnfss\times.sty
Package: times 2020/03/25 PSNFSS-v9.3 (SPQR) 
)
(C:\Users\tal12\AppData\Local\Programs\MiKTeX\tex/latex/psnfss\helvet.sty
Package: helvet 2020/03/25 PSNFSS-v9.3 (WaS) 

(C:\Users\tal12\AppData\Local\Programs\MiKTeX\tex/latex/graphics\keyval.sty
Package: keyval 2022/05/29 v1.15 key=value parser (DPC)
\KV@toks@=\toks17
))
(C:\Users\tal12\AppData\Local\Programs\MiKTeX\tex/latex/psnfss\courier.sty
Package: courier 2020/03/25 PSNFSS-v9.3 (WaS) 
)
(C:\Users\tal12\AppData\Local\Programs\MiKTeX\tex/latex/url\url.sty
\Urlmuskip=\muskip16
Package: url 2013/09/16  ver 3.4  Verb mode for urls, etc.
)
(C:\Users\tal12\AppData\Local\Programs\MiKTeX\tex/latex/graphics\graphicx.sty
Package: graphicx 2021/09/16 v1.2d Enhanced LaTeX Graphics (DPC,SPQR)

(C:\Users\tal12\AppData\Local\Programs\MiKTeX\tex/latex/graphics\graphics.sty
Package: graphics 2022/03/10 v1.4e Standard LaTeX Graphics (DPC,SPQR)

(C:\Users\tal12\AppData\Local\Programs\MiKTeX\tex/latex/graphics\trig.sty
Package: trig 2021/08/11 v1.11 sin cos tan (DPC)
)
(C:\Users\tal12\AppData\Local\Programs\MiKTeX\tex/latex/graphics-cfg\graphics.c
fg
File: graphics.cfg 2016/06/04 v1.11 sample graphics configuration
)
Package graphics Info: Driver file: pdftex.def on input line 107.

(C:\Users\tal12\AppData\Local\Programs\MiKTeX\tex/latex/graphics-def\pdftex.def
File: pdftex.def 2022/09/22 v1.2b Graphics/color driver for pdftex
))
\Gin@req@height=\dimen141
\Gin@req@width=\dimen142
) (C:\Users\tal12\AppData\Local\Programs\MiKTeX\tex/latex/natbib\natbib.sty
Package: natbib 2010/09/13 8.31b (PWD, AO)
\bibhang=\skip51
\bibsep=\skip52
LaTeX Info: Redefining \cite on input line 694.
\c@NAT@ctr=\count193
)
(C:\Users\tal12\AppData\Local\Programs\MiKTeX\tex/latex/caption\caption.sty
Package: caption 2023/08/05 v3.6o Customizing captions (AR)

(C:\Users\tal12\AppData\Local\Programs\MiKTeX\tex/latex/caption\caption3.sty
Package: caption3 2023/07/31 v2.4d caption3 kernel (AR)
\caption@tempdima=\dimen143
\captionmargin=\dimen144
\caption@leftmargin=\dimen145
\caption@rightmargin=\dimen146
\caption@width=\dimen147
\caption@indent=\dimen148
\caption@parindent=\dimen149
\caption@hangindent=\dimen150
Package caption Info: Standard document class detected.
)
\c@caption@flags=\count194
\c@continuedfloat=\count195
)
(C:\Users\tal12\AppData\Local\Programs\MiKTeX\tex/latex/amsfonts\amssymb.sty
Package: amssymb 2013/01/14 v3.01 AMS font symbols

(C:\Users\tal12\AppData\Local\Programs\MiKTeX\tex/latex/amsfonts\amsfonts.sty
Package: amsfonts 2013/01/14 v3.01 Basic AMSFonts support
\@emptytoks=\toks18
\symAMSa=\mathgroup4
\symAMSb=\mathgroup5
LaTeX Font Info:    Redeclaring math symbol \hbar on input line 98.
LaTeX Font Info:    Overwriting math alphabet `\mathfrak' in version `bold'
(Font)                  U/euf/m/n --> U/euf/b/n on input line 106.
)) (C:\Users\tal12\AppData\Local\Programs\MiKTeX\tex/latex/amsmath\amsmath.sty
Package: amsmath 2023/05/13 v2.17o AMS math features
\@mathmargin=\skip53

For additional information on amsmath, use the `?' option.
(C:\Users\tal12\AppData\Local\Programs\MiKTeX\tex/latex/amsmath\amstext.sty
Package: amstext 2021/08/26 v2.01 AMS text

(C:\Users\tal12\AppData\Local\Programs\MiKTeX\tex/latex/amsmath\amsgen.sty
File: amsgen.sty 1999/11/30 v2.0 generic functions
\@emptytoks=\toks19
\ex@=\dimen151
))
(C:\Users\tal12\AppData\Local\Programs\MiKTeX\tex/latex/amsmath\amsbsy.sty
Package: amsbsy 1999/11/29 v1.2d Bold Symbols
\pmbraise@=\dimen152
)
(C:\Users\tal12\AppData\Local\Programs\MiKTeX\tex/latex/amsmath\amsopn.sty
Package: amsopn 2022/04/08 v2.04 operator names
)
\inf@bad=\count196
LaTeX Info: Redefining \frac on input line 234.
\uproot@=\count197
\leftroot@=\count198
LaTeX Info: Redefining \overline on input line 399.
LaTeX Info: Redefining \colon on input line 410.
\classnum@=\count199
\DOTSCASE@=\count266
LaTeX Info: Redefining \ldots on input line 496.
LaTeX Info: Redefining \dots on input line 499.
LaTeX Info: Redefining \cdots on input line 620.
\Mathstrutbox@=\box51
\strutbox@=\box52
LaTeX Info: Redefining \big on input line 722.
LaTeX Info: Redefining \Big on input line 723.
LaTeX Info: Redefining \bigg on input line 724.
LaTeX Info: Redefining \Bigg on input line 725.
\big@size=\dimen153
LaTeX Font Info:    Redeclaring font encoding OML on input line 743.
LaTeX Font Info:    Redeclaring font encoding OMS on input line 744.
\macc@depth=\count267
LaTeX Info: Redefining \bmod on input line 905.
LaTeX Info: Redefining \pmod on input line 910.
LaTeX Info: Redefining \smash on input line 940.
LaTeX Info: Redefining \relbar on input line 970.
LaTeX Info: Redefining \Relbar on input line 971.
\c@MaxMatrixCols=\count268
\dotsspace@=\muskip17
\c@parentequation=\count269
\dspbrk@lvl=\count270
\tag@help=\toks20
\row@=\count271
\column@=\count272
\maxfields@=\count273
\andhelp@=\toks21
\eqnshift@=\dimen154
\alignsep@=\dimen155
\tagshift@=\dimen156
\tagwidth@=\dimen157
\totwidth@=\dimen158
\lineht@=\dimen159
\@envbody=\toks22
\multlinegap=\skip54
\multlinetaggap=\skip55
\mathdisplay@stack=\toks23
LaTeX Info: Redefining \[ on input line 2953.
LaTeX Info: Redefining \] on input line 2954.
)
(C:\Users\tal12\AppData\Local\Programs\MiKTeX\tex/latex/amscls\amsthm.sty
Package: amsthm 2020/05/29 v2.20.6
\thm@style=\toks24
\thm@bodyfont=\toks25
\thm@headfont=\toks26
\thm@notefont=\toks27
\thm@headpunct=\toks28
\thm@preskip=\skip56
\thm@postskip=\skip57
\thm@headsep=\skip58
\dth@everypar=\toks29
)
(C:\Users\tal12\AppData\Local\Programs\MiKTeX\tex/latex/algorithms\algorithm.st
y
Package: algorithm 2009/08/24 v0.1 Document Style `algorithm' - floating enviro
nment
 (C:\Users\tal12\AppData\Local\Programs\MiKTeX\tex/latex/float\float.sty
Package: float 2001/11/08 v1.3d Float enhancements (AL)
\c@float@type=\count274
\float@exts=\toks30
\float@box=\box53
\@float@everytoks=\toks31
\@floatcapt=\box54
)
(C:\Users\tal12\AppData\Local\Programs\MiKTeX\tex/latex/base\ifthen.sty
Package: ifthen 2022/04/13 v1.1d Standard LaTeX ifthen package (DPC)
)
\@float@every@algorithm=\toks32
\c@algorithm=\count275
)
(C:\Users\tal12\AppData\Local\Programs\MiKTeX\tex/latex/algorithmicx\algorithmi
cx.sty
Package: algorithmicx 2005/04/27 v1.2 Algorithmicx

Document Style algorithmicx 1.2 - a greatly improved `algorithmic' style
\c@ALG@line=\count276
\c@ALG@rem=\count277
\c@ALG@nested=\count278
\ALG@tlm=\skip59
\ALG@thistlm=\skip60
\c@ALG@Lnr=\count279
\c@ALG@blocknr=\count280
\c@ALG@storecount=\count281
\c@ALG@tmpcounter=\count282
\ALG@tmplength=\skip61
)
(C:\Users\tal12\AppData\Local\Programs\MiKTeX\tex/latex/algorithmicx\algpseudoc
ode.sty
Package: algpseudocode 

Document Style - pseudocode environments for use with the `algorithmicx' style
) (C:\Users\tal12\AppData\Local\Programs\MiKTeX\tex/latex/appendix\appendix.sty
Package: appendix 2020/02/08 v1.2c extra appendix facilities
\c@@pps=\count283
\c@@ppsavesec=\count284
\c@@ppsaveapp=\count285
) (C:\Users\tal12\AppData\Local\Programs\MiKTeX\tex/latex/fancyhdr\fancyhdr.sty
Package: fancyhdr 2022/11/09 v4.1 Extensive control of page headers and footers

\f@nch@headwidth=\skip62
\f@nch@O@elh=\skip63
\f@nch@O@erh=\skip64
\f@nch@O@olh=\skip65
\f@nch@O@orh=\skip66
\f@nch@O@elf=\skip67
\f@nch@O@erf=\skip68
\f@nch@O@olf=\skip69
\f@nch@O@orf=\skip70
)
\c@theorem=\count286
\c@definition=\count287
 (C:\Users\tal12\AppData\Local\Programs\MiKTeX\tex/latex/lineno\lineno.sty
Package: lineno 2023/05/20 line numbers on paragraphs v5.3

(C:\Users\tal12\AppData\Local\Programs\MiKTeX\tex/latex/etoolbox\etoolbox.sty
Package: etoolbox 2020/10/05 v2.5k e-TeX tools for LaTeX (JAW)
\etb@tempcnta=\count288
)
(C:\Users\tal12\AppData\Local\Programs\MiKTeX\tex/latex/kvoptions\kvoptions.sty
Package: kvoptions 2022-06-15 v3.15 Key value format for package options (HO)
(C:\Users\tal12\AppData\Local\Programs\MiKTeX\tex/generic/ltxcmds\ltxcmds.sty
Package: ltxcmds 2023-12-04 v1.26 LaTeX kernel commands for general use (HO)
)
(C:\Users\tal12\AppData\Local\Programs\MiKTeX\tex/latex/kvsetkeys\kvsetkeys.sty
Package: kvsetkeys 2022-10-05 v1.19 Key value parser (HO)
))
\linenopenalty=\count289
\output=\toks33
\linenoprevgraf=\count290
\linenumbersep=\dimen160
\linenumberwidth=\dimen161
\c@linenumber=\count291
\c@pagewiselinenumber=\count292
\c@LN@truepage=\count293
\c@internallinenumber=\count294
\c@internallinenumbers=\count295
\quotelinenumbersep=\dimen162
\bframerule=\dimen163
\bframesep=\dimen164
\bframebox=\box55
\linenoamsmath@ams@eqpen=\count296
LaTeX Info: Redefining \\ on input line 3180.
)
LaTeX Font Info:    Trying to load font information for OT1+ptm on input line 7
7.
 (C:\Users\tal12\AppData\Local\Programs\MiKTeX\tex/latex/psnfss\ot1ptm.fd
File: ot1ptm.fd 2001/06/04 font definitions for OT1/ptm.
)
(C:\Users\tal12\AppData\Local\Programs\MiKTeX\tex/latex/l3backend\l3backend-pdf
tex.def
File: l3backend-pdftex.def 2023-04-19 L3 backend support: PDF output (pdfTeX)
\l__color_backend_stack_int=\count297
\l__pdf_internal_box=\box56
) (main_changed.aux)
\openout1 = `main_changed.aux'.

LaTeX Font Info:    Checking defaults for OML/cmm/m/it on input line 77.
LaTeX Font Info:    ... okay on input line 77.
LaTeX Font Info:    Checking defaults for OMS/cmsy/m/n on input line 77.
LaTeX Font Info:    ... okay on input line 77.
LaTeX Font Info:    Checking defaults for OT1/cmr/m/n on input line 77.
LaTeX Font Info:    ... okay on input line 77.
LaTeX Font Info:    Checking defaults for T1/cmr/m/n on input line 77.
LaTeX Font Info:    ... okay on input line 77.
LaTeX Font Info:    Checking defaults for TS1/cmr/m/n on input line 77.
LaTeX Font Info:    ... okay on input line 77.
LaTeX Font Info:    Checking defaults for OMX/cmex/m/n on input line 77.
LaTeX Font Info:    ... okay on input line 77.
LaTeX Font Info:    Checking defaults for U/cmr/m/n on input line 77.
LaTeX Font Info:    ... okay on input line 77.

(C:\Users\tal12\AppData\Local\Programs\MiKTeX\tex/context/base/mkii\supp-pdf.mk
ii
[Loading MPS to PDF converter (version 2006.09.02).]
\scratchcounter=\count298
\scratchdimen=\dimen165
\scratchbox=\box57
\nofMPsegments=\count299
\nofMParguments=\count300
\everyMPshowfont=\toks34
\MPscratchCnt=\count301
\MPscratchDim=\dimen166
\MPnumerator=\count302
\makeMPintoPDFobject=\count303
\everyMPtoPDFconversion=\toks35
)
(C:\Users\tal12\AppData\Local\Programs\MiKTeX\tex/latex/epstopdf-pkg\epstopdf-b
ase.sty
Package: epstopdf-base 2020-01-24 v2.11 Base part for package epstopdf
Package epstopdf-base Info: Redefining graphics rule for `.eps' on input line 4
85.

(C:\Users\tal12\AppData\Local\Programs\MiKTeX\tex/latex/00miktex\epstopdf-sys.c
fg
File: epstopdf-sys.cfg 2021/03/18 v2.0 Configuration of epstopdf for MiKTeX
))
Package caption Info: Begin \AtBeginDocument code.
Package caption Info: float package is loaded.
Package caption Info: End \AtBeginDocument code.
\titlearea=\box58
LaTeX Font Info:    Trying to load font information for U+msa on input line 79.

 (C:\Users\tal12\AppData\Local\Programs\MiKTeX\tex/latex/amsfonts\umsa.fd
File: umsa.fd 2013/01/14 v3.01 AMS symbols A
)
LaTeX Font Info:    Trying to load font information for U+msb on input line 79.


(C:\Users\tal12\AppData\Local\Programs\MiKTeX\tex/latex/amsfonts\umsb.fd
File: umsb.fd 2013/01/14 v3.01 AMS symbols B
)
LaTeX Font Info:    Trying to load font information for OMS+ptm on input line 7
9.

(C:\Users\tal12\AppData\Local\Programs\MiKTeX\tex/latex/psnfss\omsptm.fd
File: omsptm.fd 
)
LaTeX Font Info:    Font shape `OMS/ptm/m/n' in size <10> not available
(Font)              Font shape `OMS/cmsy/m/n' tried instead on input line 79.
\actualheight=\skip71

Underfull \vbox (badness 10000) detected at line 79
 []

LaTeX Font Info:    Trying to load font information for TS1+ptm on input line 7
9.
(C:\Users\tal12\AppData\Local\Programs\MiKTeX\tex/latex/psnfss\ts1ptm.fd
File: ts1ptm.fd 2001/06/04 font definitions for TS1/ptm.
)

Package natbib Warning: Citation `cakmak2012designing' on page 1 undefined on i
nput line 101.


Package natbib Warning: Citation `stone2010ad' on page 1 undefined on input lin
e 102.


Package natbib Warning: Citation `albrecht2018autonomous' on page 1 undefined o
n input line 102.


Package natbib Warning: Citation `mirskypenny' on page 1 undefined on input lin
e 112.


Package natbib Warning: Citation `fern2007decision' on page 1 undefined on inpu
t line 124.


Package natbib Warning: Citation `albrecht2018autonomous' on page 1 undefined o
n input line 124.


Package natbib Warning: Citation `cohen1997team' on page 1 undefined on input l
ine 124.


Package natbib Warning: Citation `decker1987distributed' on page 1 undefined on
 input line 124.


Package natbib Warning: Citation `pynadath2002communicative' on page 1 undefine
d on input line 124.


Package natbib Warning: Citation `goldman2004decentralized' on page 1 undefined
 on input line 125.

[1{C:/Users/tal12/AppData/Local/MiKTeX/fonts/map/pdftex/pdftex.map}{C:/Users/ta
l12/AppData/Local/Programs/MiKTeX/fonts/enc/dvips/base/8r.enc}



]

Package natbib Warning: Citation `stone2013teaching' on page 2 undefined on inp
ut line 133.


Package natbib Warning: Citation `ravula2019ad' on page 2 undefined on input li
ne 133.


Package natbib Warning: Citation `barrett2014communicating' on page 2 undefined
 on input line 135.


Package natbib Warning: Citation `chakraborty2017coordinated' on page 2 undefin
ed on input line 135.


Package natbib Warning: Citation `wang2020too' on page 2 undefined on input lin
e 138.


Package natbib Warning: Citation `hernandez2019survey' on page 2 undefined on i
nput line 140.


Package natbib Warning: Citation `mordatch2018emergence' on page 2 undefined on
 input line 140.


Package natbib Warning: Citation `foerster2016learning' on page 2 undefined on 
input line 140.


Package natbib Warning: Citation `van2020learning' on page 2 undefined on input
 line 140.


Package natbib Warning: Citation `keren2014goal' on page 2 undefined on input l
ine 142.


Package natbib Warning: Citation `wayllace2017new' on page 2 undefined on input
 line 142.


Package natbib Warning: Citation `mirsky2018sequential' on page 2 undefined on 
input line 144.


Package natbib Warning: Citation `mirskypenny' on page 2 undefined on input lin
e 144.


Package natbib Warning: Citation `shvo2020active' on page 2 undefined on input 
line 144.


Package natbib Warning: Citation `mirskypenny' on page 2 undefined on input lin
e 144.


Package natbib Warning: Citation `mirskypenny' on page 2 undefined on input lin
e 144.


Package natbib Warning: Citation `albrecht2017reasoning' on page 2 undefined on
 input line 166.


Package natbib Warning: Citation `muise2015planning' on page 2 undefined on inp
ut line 166.

[2]

LaTeX Font Warning: Font shape `OT1/ptm/b/scit' undefined
(Font)              using `OT1/ptm/b/sc' instead on input line 184.

<Figures/EDP_values3.png, id=17, 792.0792pt x 323.2878pt>
File: Figures/EDP_values3.png Graphic file (type png)
<use Figures/EDP_values3.png>
Package pdftex.def Info: Figures/EDP_values3.png  used on input line 197.
(pdftex.def)             Requested size: 239.39438pt x 97.70729pt.

LaTeX Font Warning: Font shape `OT1/ptm/b/scit' undefined
(Font)              using `OT1/ptm/b/sc' instead on input line 207.


LaTeX Font Warning: Font shape `OT1/ptm/m/scit' undefined
(Font)              using `OT1/ptm/m/sc' instead on input line 209.


LaTeX Font Warning: Font shape `OT1/ptm/b/scit' undefined
(Font)              using `OT1/ptm/b/sc' instead on input line 225.


LaTeX Font Warning: Command \scriptsize invalid in math mode on input line 227.



LaTeX Font Warning: Font shape `OT1/ptm/m/scit' undefined
(Font)              using `OT1/ptm/m/sc' instead on input line 231.


LaTeX Font Warning: Font shape `OT1/ptm/m/scit' undefined
(Font)              using `OT1/ptm/m/sc' instead on input line 231.


LaTeX Font Warning: Font shape `OT1/ptm/m/scit' undefined
(Font)              using `OT1/ptm/m/sc' instead on input line 231.


LaTeX Font Warning: Font shape `OT1/ptm/m/scit' undefined
(Font)              using `OT1/ptm/m/sc' instead on input line 231.


LaTeX Font Warning: Command \normalsize invalid in math mode on input line 232.



LaTeX Font Warning: Command \scriptsize invalid in math mode on input line 241.



LaTeX Font Warning: Command \normalsize invalid in math mode on input line 244.



LaTeX Font Warning: Command \scriptsize invalid in math mode on input line 252.



LaTeX Font Warning: Command \normalsize invalid in math mode on input line 258.



LaTeX Font Warning: Command \scriptsize invalid in math mode on input line 262.



LaTeX Font Warning: Command \normalsize invalid in math mode on input line 269.



Overfull \hbox (3.80786pt too wide) detected at line 270
[]
 []


LaTeX Font Warning: Command \scriptsize invalid in math mode on input line 274.



LaTeX Font Warning: Command \normalsize invalid in math mode on input line 280.



Overfull \hbox (2.00778pt too wide) detected at line 281
[]
 []


LaTeX Font Warning: Command \small invalid in math mode on input line 284.


LaTeX Font Warning: Command \normalsize invalid in math mode on input line 289.



LaTeX Font Warning: Command \small invalid in math mode on input line 293.


LaTeX Font Warning: Command \normalsize invalid in math mode on input line 298.



LaTeX Font Warning: Command \small invalid in math mode on input line 304.


LaTeX Font Warning: Command \normalsize invalid in math mode on input line 310.


[3 <./Figures/EDP_values3.png>]

Package natbib Warning: Citation `wayllace2017new' on page 4 undefined on input
 line 319.


Package natbib Warning: Citation `mirskypenny' on page 4 undefined on input lin
e 352.


Package natbib Warning: Citation `keren2014goal' on page 4 undefined on input l
ine 354.


Underfull \hbox (badness 1360) in paragraph at lines 363--365
[]\OT1/ptm/m/n/10 given the lo-ca-tion of the ego
 []


Underfull \hbox (badness 1515) in paragraph at lines 368--369
[]\OT1/ptm/m/n/10 given the lo-ca-tions of the ego
 []


Package natbib Warning: Citation `pita2008deployed' on page 4 undefined on inpu
t line 371.


LaTeX Font Warning: Font shape `OT1/ptm/m/scit' undefined
(Font)              using `OT1/ptm/m/sc' instead on input line 381.


LaTeX Font Warning: Font shape `OT1/ptm/m/scit' undefined
(Font)              using `OT1/ptm/m/sc' instead on input line 383.


LaTeX Font Warning: Font shape `OT1/ptm/m/scit' undefined
(Font)              using `OT1/ptm/m/sc' instead on input line 395.


LaTeX Font Warning: Font shape `OT1/ptm/m/scit' undefined
(Font)              using `OT1/ptm/m/sc' instead on input line 397.

[4]

Package natbib Warning: Citation `bellman1966dynamic' on page 5 undefined on in
put line 422.


LaTeX Font Warning: Font shape `OT1/ptm/m/scit' undefined
(Font)              using `OT1/ptm/m/sc' instead on input line 441.


LaTeX Font Warning: Command \small invalid in math mode on input line 447.


Overfull \hbox (9.01024pt too wide) detected at line 454
[]
 []


Underfull \vbox (badness 1983) has occurred while \output is active []

<Figures/ToolFetchingDomain_MultiTools_2.pdf, id=40, 602.00911pt x 602.00911pt>

File: Figures/ToolFetchingDomain_MultiTools_2.pdf Graphic file (type pdf)
<use Figures/ToolFetchingDomain_MultiTools_2.pdf>
Package pdftex.def Info: Figures/ToolFetchingDomain_MultiTools_2.pdf  used on i
nput line 604.
(pdftex.def)             Requested size: 143.63808pt x 143.63084pt.


Package natbib Warning: Citation `mirskypenny' on page 5 undefined on input lin
e 609.

[5]

Package natbib Warning: Citation `mirskypenny' on page 6 undefined on input lin
e 627.


Package natbib Warning: Citation `MackeDMAP' on page 6 undefined on input line 
627.


Underfull \hbox (badness 1348) in paragraph at lines 627--628
[]\OT1/ptm/m/n/10 We com-pare the per-for-mance of Al-go-rithm 1[] ($\OML/cmm/m
/it/10 eZ[]$
 []

<Figures/CAT_AAAI_BoltzmannPositive.pdf, id=46, 1386.13857pt x 754.4988pt>
File: Figures/CAT_AAAI_BoltzmannPositive.pdf Graphic file (type pdf)
<use Figures/CAT_AAAI_BoltzmannPositive.pdf>
Package pdftex.def Info: Figures/CAT_AAAI_BoltzmannPositive.pdf  used on input 
line 653.
(pdftex.def)             Requested size: 239.39438pt x 130.30084pt.
<Figures/Boltzmann_Positive_hist_c0_subfigures.png, id=47, 1386.1386pt x 741.49
02pt>
File: Figures/Boltzmann_Positive_hist_c0_subfigures.png Graphic file (type png)

<use Figures/Boltzmann_Positive_hist_c0_subfigures.png>
Package pdftex.def Info: Figures/Boltzmann_Positive_hist_c0_subfigures.png  use
d on input line 661.
(pdftex.def)             Requested size: 239.39438pt x 128.05428pt.
[6 <./Figures/ToolFetchingDomain_MultiTools_2.pdf> <./Figures/CAT_AAAI_Boltzman
nPositive.pdf

pdfTeX warning: pdflatex (file ./Figures/CAT_AAAI_BoltzmannPositive.pdf): PDF i
nclusion: multiple pdfs with page group included in a single page
>]

Package natbib Warning: Citation `torrey2013teaching' on page 7 undefined on in
put line 706.


Package natbib Warning: Citation `cui2018active' on page 7 undefined on input l
ine 706.

[7 <./Figures/Boltzmann_Positive_hist_c0_subfigures.png>] [8

]
No file main_changed.bbl.

Package natbib Warning: There were undefined citations.

(main_changed.aux)
 ***********
LaTeX2e <2023-06-01> patch level 1
L3 programming layer <2023-08-29>
 ***********
 ) 
Here is how much of TeX's memory you used:
 6635 strings out of 475247
 106943 string characters out of 5757793
 1951785 words of memory out of 5000000
 28052 multiletter control sequences out of 15000+600000
 597845 words of font info for 112 fonts, out of 8000000 for 9000
 1141 hyphenation exceptions out of 8191
 57i,17n,65p,1843b,378s stack positions out of 10000i,1000n,20000p,200000b,200000s
<C:/Users/tal12/AppData/Local/Programs/MiKTeX/fonts/type1/public/amsfonts/cm/
cmex10.pfb><C:/Users/tal12/AppData/Local/Programs/MiKTeX/fonts/type1/public/ams
fonts/cmextra/cmex7.pfb><C:/Users/tal12/AppData/Local/Programs/MiKTeX/fonts/typ
e1/public/amsfonts/cmextra/cmex9.pfb><C:/Users/tal12/AppData/Local/Programs/MiK
TeX/fonts/type1/public/amsfonts/cm/cmmi10.pfb><C:/Users/tal12/AppData/Local/Pro
grams/MiKTeX/fonts/type1/public/amsfonts/cm/cmmi12.pfb><C:/Users/tal12/AppData/
Local/Programs/MiKTeX/fonts/type1/public/amsfonts/cm/cmmi5.pfb><C:/Users/tal12/
AppData/Local/Programs/MiKTeX/fonts/type1/public/amsfonts/cm/cmmi6.pfb><C:/User
s/tal12/AppData/Local/Programs/MiKTeX/fonts/type1/public/amsfonts/cm/cmmi7.pfb>
<C:/Users/tal12/AppData/Local/Programs/MiKTeX/fonts/type1/public/amsfonts/cm/cm
mi8.pfb><C:/Users/tal12/AppData/Local/Programs/MiKTeX/fonts/type1/public/amsfon
ts/cm/cmmi9.pfb><C:/Users/tal12/AppData/Local/Programs/MiKTeX/fonts/type1/publi
c/amsfonts/cm/cmr10.pfb><C:/Users/tal12/AppData/Local/Programs/MiKTeX/fonts/typ
e1/public/amsfonts/cm/cmr5.pfb><C:/Users/tal12/AppData/Local/Programs/MiKTeX/fo
nts/type1/public/amsfonts/cm/cmr6.pfb><C:/Users/tal12/AppData/Local/Programs/Mi
KTeX/fonts/type1/public/amsfonts/cm/cmr7.pfb><C:/Users/tal12/AppData/Local/Prog
rams/MiKTeX/fonts/type1/public/amsfonts/cm/cmr9.pfb><C:/Users/tal12/AppData/Loc
al/Programs/MiKTeX/fonts/type1/public/amsfonts/cm/cmsy10.pfb><C:/Users/tal12/Ap
pData/Local/Programs/MiKTeX/fonts/type1/public/amsfonts/cm/cmsy5.pfb><C:/Users/
tal12/AppData/Local/Programs/MiKTeX/fonts/type1/public/amsfonts/cm/cmsy6.pfb><C
:/Users/tal12/AppData/Local/Programs/MiKTeX/fonts/type1/public/amsfonts/cm/cmsy
7.pfb><C:/Users/tal12/AppData/Local/Programs/MiKTeX/fonts/type1/public/amsfonts
/cm/cmsy9.pfb><C:/Users/tal12/AppData/Local/Programs/MiKTeX/fonts/type1/public/
amsfonts/symbols/msbm10.pfb><C:/Users/tal12/AppData/Local/Programs/MiKTeX/fonts
/type1/urw/times/utmb8a.pfb><C:/Users/tal12/AppData/Local/Programs/MiKTeX/fonts
/type1/urw/times/utmbi8a.pfb><C:/Users/tal12/AppData/Local/Programs/MiKTeX/font
s/type1/urw/times/utmr8a.pfb><C:/Users/tal12/AppData/Local/Programs/MiKTeX/font
s/type1/urw/times/utmri8a.pfb>
Output written on main_changed.pdf (8 pages, 903765 bytes).
PDF statistics:
 179 PDF objects out of 1000 (max. 8388607)
 0 named destinations out of 1000 (max. 500000)
 21 words of extra memory for PDF output out of 10000 (max. 10000000)

