This is pdfTeX, Version 3.141592653-2.6-1.40.25 (MiKTeX 23.5) (preloaded format=pdflatex 2024.1.12)  30 MAR 2024 17:09
entering extended mode
 restricted \write18 enabled.
 %&-line parsing enabled.
**./aaai24_changed.tex
(aaai24_changed.tex
LaTeX2e <2023-06-01> patch level 1
L3 programming layer <2023-08-29>
(C:\Users\orfuc\AppData\Local\Programs\MiKTeX\tex/latex/base\article.cls
Document Class: article 2023/05/17 v1.4n Standard LaTeX document class
(C:\Users\orfuc\AppData\Local\Programs\MiKTeX\tex/latex/base\size10.clo
File: size10.clo 2023/05/17 v1.4n Standard LaTeX file (size option)
)
\c@part=\count185
\c@section=\count186
\c@subsection=\count187
\c@subsubsection=\count188
\c@paragraph=\count189
\c@subparagraph=\count190
\c@figure=\count191
\c@table=\count192
\abovecaptionskip=\skip48
\belowcaptionskip=\skip49
\bibindent=\dimen140
)
(aaai24.sty
Package: aaai24 2023/06/26 AAAI 2024 Submission format

Conference Style for AAAI for LaTeX 2e -- version for submission
\titlebox=\skip50
) (C:\Users\orfuc\AppData\Local\Programs\MiKTeX\tex/latex/psnfss\times.sty
Package: times 2020/03/25 PSNFSS-v9.3 (SPQR) 
)
(C:\Users\orfuc\AppData\Local\Programs\MiKTeX\tex/latex/psnfss\helvet.sty
Package: helvet 2020/03/25 PSNFSS-v9.3 (WaS) 

(C:\Users\orfuc\AppData\Local\Programs\MiKTeX\tex/latex/graphics\keyval.sty
Package: keyval 2022/05/29 v1.15 key=value parser (DPC)
\KV@toks@=\toks17
))
(C:\Users\orfuc\AppData\Local\Programs\MiKTeX\tex/latex/psnfss\courier.sty
Package: courier 2020/03/25 PSNFSS-v9.3 (WaS) 
)
(C:\Users\orfuc\AppData\Local\Programs\MiKTeX\tex/latex/url\url.sty
\Urlmuskip=\muskip16
Package: url 2013/09/16  ver 3.4  Verb mode for urls, etc.
)
(C:\Users\orfuc\AppData\Local\Programs\MiKTeX\tex/latex/graphics\graphicx.sty
Package: graphicx 2021/09/16 v1.2d Enhanced LaTeX Graphics (DPC,SPQR)

(C:\Users\orfuc\AppData\Local\Programs\MiKTeX\tex/latex/graphics\graphics.sty
Package: graphics 2022/03/10 v1.4e Standard LaTeX Graphics (DPC,SPQR)

(C:\Users\orfuc\AppData\Local\Programs\MiKTeX\tex/latex/graphics\trig.sty
Package: trig 2021/08/11 v1.11 sin cos tan (DPC)
)
(C:\Users\orfuc\AppData\Local\Programs\MiKTeX\tex/latex/graphics-cfg\graphics.c
fg
File: graphics.cfg 2016/06/04 v1.11 sample graphics configuration
)
Package graphics Info: Driver file: pdftex.def on input line 107.

(C:\Users\orfuc\AppData\Local\Programs\MiKTeX\tex/latex/graphics-def\pdftex.def
File: pdftex.def 2022/09/22 v1.2b Graphics/color driver for pdftex
))
\Gin@req@height=\dimen141
\Gin@req@width=\dimen142
) (C:\Users\orfuc\AppData\Local\Programs\MiKTeX\tex/latex/natbib\natbib.sty
Package: natbib 2010/09/13 8.31b (PWD, AO)
\bibhang=\skip51
\bibsep=\skip52
LaTeX Info: Redefining \cite on input line 694.
\c@NAT@ctr=\count193
)
(C:\Users\orfuc\AppData\Local\Programs\MiKTeX\tex/latex/caption\caption.sty
Package: caption 2023/07/31 v3.6n Customizing captions (AR)

(C:\Users\orfuc\AppData\Local\Programs\MiKTeX\tex/latex/caption\caption3.sty
Package: caption3 2023/07/31 v2.4d caption3 kernel (AR)
\caption@tempdima=\dimen143
\captionmargin=\dimen144
\caption@leftmargin=\dimen145
\caption@rightmargin=\dimen146
\caption@width=\dimen147
\caption@indent=\dimen148
\caption@parindent=\dimen149
\caption@hangindent=\dimen150
Package caption Info: Standard document class detected.
)
\c@caption@flags=\count194
\c@continuedfloat=\count195
)
(C:\Users\orfuc\AppData\Local\Programs\MiKTeX\tex/latex/algorithms\algorithm.st
y
Package: algorithm 2009/08/24 v0.1 Document Style `algorithm' - floating enviro
nment
 (C:\Users\orfuc\AppData\Local\Programs\MiKTeX\tex/latex/float\float.sty
Package: float 2001/11/08 v1.3d Float enhancements (AL)
\c@float@type=\count196
\float@exts=\toks18
\float@box=\box51
\@float@everytoks=\toks19
\@floatcapt=\box52
)
(C:\Users\orfuc\AppData\Local\Programs\MiKTeX\tex/latex/base\ifthen.sty
Package: ifthen 2022/04/13 v1.1d Standard LaTeX ifthen package (DPC)
)
\@float@every@algorithm=\toks20
\c@algorithm=\count197
)
(C:\Users\orfuc\AppData\Local\Programs\MiKTeX\tex/latex/algorithms\algorithmic.
sty
Package: algorithmic 2009/08/24 v0.1 Document Style `algorithmic'
\c@ALC@unique=\count198
\c@ALC@line=\count199
\c@ALC@rem=\count266
\c@ALC@depth=\count267
\ALC@tlm=\skip53
\algorithmicindent=\skip54
)
(C:\Users\orfuc\AppData\Local\Programs\MiKTeX\tex/latex/amsmath\amsmath.sty
Package: amsmath 2023/05/13 v2.17o AMS math features
\@mathmargin=\skip55

For additional information on amsmath, use the `?' option.
(C:\Users\orfuc\AppData\Local\Programs\MiKTeX\tex/latex/amsmath\amstext.sty
Package: amstext 2021/08/26 v2.01 AMS text

(C:\Users\orfuc\AppData\Local\Programs\MiKTeX\tex/latex/amsmath\amsgen.sty
File: amsgen.sty 1999/11/30 v2.0 generic functions
\@emptytoks=\toks21
\ex@=\dimen151
))
(C:\Users\orfuc\AppData\Local\Programs\MiKTeX\tex/latex/amsmath\amsbsy.sty
Package: amsbsy 1999/11/29 v1.2d Bold Symbols
\pmbraise@=\dimen152
)
(C:\Users\orfuc\AppData\Local\Programs\MiKTeX\tex/latex/amsmath\amsopn.sty
Package: amsopn 2022/04/08 v2.04 operator names
)
\inf@bad=\count268
LaTeX Info: Redefining \frac on input line 234.
\uproot@=\count269
\leftroot@=\count270
LaTeX Info: Redefining \overline on input line 399.
LaTeX Info: Redefining \colon on input line 410.
\classnum@=\count271
\DOTSCASE@=\count272
LaTeX Info: Redefining \ldots on input line 496.
LaTeX Info: Redefining \dots on input line 499.
LaTeX Info: Redefining \cdots on input line 620.
\Mathstrutbox@=\box53
\strutbox@=\box54
LaTeX Info: Redefining \big on input line 722.
LaTeX Info: Redefining \Big on input line 723.
LaTeX Info: Redefining \bigg on input line 724.
LaTeX Info: Redefining \Bigg on input line 725.
\big@size=\dimen153
LaTeX Font Info:    Redeclaring font encoding OML on input line 743.
LaTeX Font Info:    Redeclaring font encoding OMS on input line 744.
\macc@depth=\count273
LaTeX Info: Redefining \bmod on input line 905.
LaTeX Info: Redefining \pmod on input line 910.
LaTeX Info: Redefining \smash on input line 940.
LaTeX Info: Redefining \relbar on input line 970.
LaTeX Info: Redefining \Relbar on input line 971.
\c@MaxMatrixCols=\count274
\dotsspace@=\muskip17
\c@parentequation=\count275
\dspbrk@lvl=\count276
\tag@help=\toks22
\row@=\count277
\column@=\count278
\maxfields@=\count279
\andhelp@=\toks23
\eqnshift@=\dimen154
\alignsep@=\dimen155
\tagshift@=\dimen156
\tagwidth@=\dimen157
\totwidth@=\dimen158
\lineht@=\dimen159
\@envbody=\toks24
\multlinegap=\skip56
\multlinetaggap=\skip57
\mathdisplay@stack=\toks25
LaTeX Info: Redefining \[ on input line 2953.
LaTeX Info: Redefining \] on input line 2954.
)
(C:\Users\orfuc\AppData\Local\Programs\MiKTeX\tex/latex/mismath\mismath.sty
Package: mismath 2024/02/29 v2.12 .dtx Miscellaneous mathematical macros

(C:\Users\orfuc\AppData\Local\Programs\MiKTeX\tex/latex/mathtools\mathtools.sty
Package: mathtools 2022/06/29 v1.29 mathematical typesetting tools
(C:\Users\orfuc\AppData\Local\Programs\MiKTeX\tex/latex/tools\calc.sty
Package: calc 2017/05/25 v4.3 Infix arithmetic (KKT,FJ)
\calc@Acount=\count280
\calc@Bcount=\count281
\calc@Adimen=\dimen160
\calc@Bdimen=\dimen161
\calc@Askip=\skip58
\calc@Bskip=\skip59
LaTeX Info: Redefining \setlength on input line 80.
LaTeX Info: Redefining \addtolength on input line 81.
\calc@Ccount=\count282
\calc@Cskip=\skip60
)
(C:\Users\orfuc\AppData\Local\Programs\MiKTeX\tex/latex/mathtools\mhsetup.sty
Package: mhsetup 2021/03/18 v1.4 programming setup (MH)
)
\g_MT_multlinerow_int=\count283
\l_MT_multwidth_dim=\dimen162
\origjot=\skip61
\l_MT_shortvdotswithinadjustabove_dim=\dimen163
\l_MT_shortvdotswithinadjustbelow_dim=\dimen164
\l_MT_above_intertext_sep=\dimen165
\l_MT_below_intertext_sep=\dimen166
\l_MT_above_shortintertext_sep=\dimen167
\l_MT_below_shortintertext_sep=\dimen168
\xmathstrut@box=\box55
\xmathstrut@dim=\dimen169
) (C:\Users\orfuc\AppData\Local\Programs\MiKTeX\tex/latex/esvect\esvect.sty
Package: esvect 
\symesvector=\mathgroup4
LaTeX Font Info:    Redeclaring math symbol \fldr on input line 38.
)
(C:\Users\orfuc\AppData\Local\Programs\MiKTeX\tex/latex/l3packages/xparse\xpars
e.sty
(C:\Users\orfuc\AppData\Local\Programs\MiKTeX\tex/latex/l3kernel\expl3.sty
Package: expl3 2023-08-29 L3 programming layer (loader) 

(C:\Users\orfuc\AppData\Local\Programs\MiKTeX\tex/latex/l3backend\l3backend-pdf
tex.def
File: l3backend-pdftex.def 2023-04-19 L3 backend support: PDF output (pdfTeX)
\l__color_backend_stack_int=\count284
\l__pdf_internal_box=\box56
))
Package: xparse 2023-08-29 L3 Experimental document command parser
)
(C:\Users\orfuc\AppData\Local\Programs\MiKTeX\tex/latex/tools\xspace.sty
Package: xspace 2014/10/28 v1.13 Space after command names (DPC,MH)
)
(C:\Users\orfuc\AppData\Local\Programs\MiKTeX\tex/generic/iftex\iftex.sty
Package: iftex 2022/02/03 v1.0f TeX engine tests
)
(C:\Users\orfuc\AppData\Local\Programs\MiKTeX\tex/latex/etoolbox\etoolbox.sty
Package: etoolbox 2020/10/05 v2.5k e-TeX tools for LaTeX (JAW)
\etb@tempcnta=\count285
)
(C:\Users\orfuc\AppData\Local\Programs\MiKTeX\tex/latex/xkeyval\xkeyval.sty
Package: xkeyval 2022/06/16 v2.9 package option processing (HA)

(C:\Users\orfuc\AppData\Local\Programs\MiKTeX\tex/generic/xkeyval\xkeyval.tex
(C:\Users\orfuc\AppData\Local\Programs\MiKTeX\tex/generic/xkeyval\xkvutils.tex
\XKV@toks=\toks26
\XKV@tempa@toks=\toks27
)
\XKV@depth=\count286
File: xkeyval.tex 2014/12/03 v2.7a key=value parser (HA)
))
\mm@charcode=\count287
\mm@charclass=\count288
\mm@charfam=\count289
\mm@charslot=\count290
)
(C:\Users\orfuc\AppData\Local\Programs\MiKTeX\tex/latex/amsfonts\amsfonts.sty
Package: amsfonts 2013/01/14 v3.01 Basic AMSFonts support
\symAMSa=\mathgroup5
\symAMSb=\mathgroup6
LaTeX Font Info:    Redeclaring math symbol \hbar on input line 98.
LaTeX Font Info:    Overwriting math alphabet `\mathfrak' in version `bold'
(Font)                  U/euf/m/n --> U/euf/b/n on input line 106.
)
(C:\Users\orfuc\AppData\Local\Programs\MiKTeX\tex/latex/adjustbox\adjustbox.sty
Package: adjustbox 2022/10/17 v1.3a Adjusting TeX boxes (trim, clip, ...)
(C:\Users\orfuc\AppData\Local\Programs\MiKTeX\tex/latex/adjustbox\adjcalc.sty
Package: adjcalc 2012/05/16 v1.1 Provides advanced setlength with multiple back
-ends (calc, etex, pgfmath)
)
(C:\Users\orfuc\AppData\Local\Programs\MiKTeX\tex/latex/adjustbox\trimclip.sty
Package: trimclip 2020/08/19 v1.2 Trim and clip general TeX material

(C:\Users\orfuc\AppData\Local\Programs\MiKTeX\tex/latex/collectbox\collectbox.s
ty
Package: collectbox 2022/10/17 v0.4c Collect macro arguments as boxes
\collectedbox=\box57
)
\tc@llx=\dimen170
\tc@lly=\dimen171
\tc@urx=\dimen172
\tc@ury=\dimen173
Package trimclip Info: Using driver 'tc-pdftex.def'.

(C:\Users\orfuc\AppData\Local\Programs\MiKTeX\tex/latex/adjustbox\tc-pdftex.def
File: tc-pdftex.def 2019/01/04 v2.2 Clipping driver for pdftex
))
\adjbox@Width=\dimen174
\adjbox@Height=\dimen175
\adjbox@Depth=\dimen176
\adjbox@Totalheight=\dimen177
\adjbox@pwidth=\dimen178
\adjbox@pheight=\dimen179
\adjbox@pdepth=\dimen180
\adjbox@ptotalheight=\dimen181

(C:\Users\orfuc\AppData\Local\Programs\MiKTeX\tex/latex/ifoddpage\ifoddpage.sty
Package: ifoddpage 2022/10/18 v1.2 Conditionals for odd/even page detection
\c@checkoddpage=\count291
) (C:\Users\orfuc\AppData\Local\Programs\MiKTeX\tex/latex/varwidth\varwidth.sty
Package: varwidth 2009/03/30 ver 0.92;  Variable-width minipages
\@vwid@box=\box58
\sift@deathcycles=\count292
\@vwid@loff=\dimen182
\@vwid@roff=\dimen183
))
(C:\Users\orfuc\AppData\Local\Programs\MiKTeX\tex/latex/booktabs\booktabs.sty
Package: booktabs 2020/01/12 v1.61803398 Publication quality tables
\heavyrulewidth=\dimen184
\lightrulewidth=\dimen185
\cmidrulewidth=\dimen186
\belowrulesep=\dimen187
\belowbottomsep=\dimen188
\aboverulesep=\dimen189
\abovetopsep=\dimen190
\cmidrulesep=\dimen191
\cmidrulekern=\dimen192
\defaultaddspace=\dimen193
\@cmidla=\count293
\@cmidlb=\count294
\@aboverulesep=\dimen194
\@belowrulesep=\dimen195
\@thisruleclass=\count295
\@lastruleclass=\count296
\@thisrulewidth=\dimen196
)
(C:\Users\orfuc\AppData\Local\Programs\MiKTeX\tex/latex/newfloat\newfloat.sty
Package: newfloat 2019/09/02 v1.1l Defining new floating environments (AR)
)
(C:\Users\orfuc\AppData\Local\Programs\MiKTeX\tex/latex/listings\listings.sty
\lst@mode=\count297
\lst@gtempboxa=\box59
\lst@token=\toks28
\lst@length=\count298
\lst@currlwidth=\dimen197
\lst@column=\count299
\lst@pos=\count300
\lst@lostspace=\dimen198
\lst@width=\dimen199
\lst@newlines=\count301
\lst@lineno=\count302
\lst@maxwidth=\dimen256

(C:\Users\orfuc\AppData\Local\Programs\MiKTeX\tex/latex/listings\lstmisc.sty
File: lstmisc.sty 2023/02/27 1.9 (Carsten Heinz)
\c@lstnumber=\count303
\lst@skipnumbers=\count304
\lst@framebox=\box60
)
(C:\Users\orfuc\AppData\Local\Programs\MiKTeX\tex/latex/listings\listings.cfg
File: listings.cfg 2023/02/27 1.9 listings configuration
))
Package: listings 2023/02/27 1.9 (Carsten Heinz)
\@float@every@listing=\toks29
\c@listing=\count305
(C:\Users\orfuc\AppData\Local\Programs\MiKTeX\tex/latex/natbib\bibentry.sty
Package: bibentry 2007/10/30 1.5 (PWD)
)
LaTeX Font Info:    Trying to load font information for OT1+ptm on input line 1
66.

(C:\Users\orfuc\AppData\Local\Programs\MiKTeX\tex/latex/psnfss\ot1ptm.fd
File: ot1ptm.fd 2001/06/04 font definitions for OT1/ptm.
)
(aaai24_changed.aux)
\openout1 = `aaai24_changed.aux'.

LaTeX Font Info:    Checking defaults for OML/cmm/m/it on input line 166.
LaTeX Font Info:    ... okay on input line 166.
LaTeX Font Info:    Checking defaults for OMS/cmsy/m/n on input line 166.
LaTeX Font Info:    ... okay on input line 166.
LaTeX Font Info:    Checking defaults for OT1/cmr/m/n on input line 166.
LaTeX Font Info:    ... okay on input line 166.
LaTeX Font Info:    Checking defaults for T1/cmr/m/n on input line 166.
LaTeX Font Info:    ... okay on input line 166.
LaTeX Font Info:    Checking defaults for TS1/cmr/m/n on input line 166.
LaTeX Font Info:    ... okay on input line 166.
LaTeX Font Info:    Checking defaults for OMX/cmex/m/n on input line 166.
LaTeX Font Info:    ... okay on input line 166.
LaTeX Font Info:    Checking defaults for U/cmr/m/n on input line 166.
LaTeX Font Info:    ... okay on input line 166.

(C:\Users\orfuc\AppData\Local\Programs\MiKTeX\tex/context/base/mkii\supp-pdf.mk
ii
[Loading MPS to PDF converter (version 2006.09.02).]
\scratchcounter=\count306
\scratchdimen=\dimen257
\scratchbox=\box61
\nofMPsegments=\count307
\nofMParguments=\count308
\everyMPshowfont=\toks30
\MPscratchCnt=\count309
\MPscratchDim=\dimen258
\MPnumerator=\count310
\makeMPintoPDFobject=\count311
\everyMPtoPDFconversion=\toks31
)
(C:\Users\orfuc\AppData\Local\Programs\MiKTeX\tex/latex/epstopdf-pkg\epstopdf-b
ase.sty
Package: epstopdf-base 2020-01-24 v2.11 Base part for package epstopdf
Package epstopdf-base Info: Redefining graphics rule for `.eps' on input line 4
85.

(C:\Users\orfuc\AppData\Local\Programs\MiKTeX\tex/latex/00miktex\epstopdf-sys.c
fg
File: epstopdf-sys.cfg 2021/03/18 v2.0 Configuration of epstopdf for MiKTeX
))
Package caption Info: Begin \AtBeginDocument code.
Package caption Info: float package is loaded.
Package caption Info: listings package is loaded.
Package caption Info: End \AtBeginDocument code.
Package newfloat Info: `float' package detected.
\c@lstlisting=\count312
\c@eqfn=\count313
\titlearea=\box62
LaTeX Font Info:    Trying to load font information for U+esvect on input line 
168.
 (C:\Users\orfuc\AppData\Local\Programs\MiKTeX\tex/latex/esvect\uesvect.fd
File: uesvect.fd 
)
LaTeX Font Info:    Trying to load font information for U+msa on input line 168
.
(C:\Users\orfuc\AppData\Local\Programs\MiKTeX\tex/latex/amsfonts\umsa.fd
File: umsa.fd 2013/01/14 v3.01 AMS symbols A
)
LaTeX Font Info:    Trying to load font information for U+msb on input line 168
.

(C:\Users\orfuc\AppData\Local\Programs\MiKTeX\tex/latex/amsfonts\umsb.fd
File: umsb.fd 2013/01/14 v3.01 AMS symbols B
)
\actualheight=\skip62
LaTeX Font Info:    Trying to load font information for TS1+ptm on input line 1
68.

(C:\Users\orfuc\AppData\Local\Programs\MiKTeX\tex/latex/psnfss\ts1ptm.fd
File: ts1ptm.fd 2001/06/04 font definitions for TS1/ptm.
)

Package natbib Warning: Citation `8719904' on page 1 undefined on input line 18
6.


Package natbib Warning: Citation `9412588' on page 1 undefined on input line 18
6.


Package natbib Warning: Citation `10.1145/3077136.3080834' on page 1 undefined 
on input line 188.


Package natbib Warning: Citation `8830456' on page 1 undefined on input line 18
8.


Package natbib Warning: Citation `BUSTOS2020101797' on page 1 undefined on inpu
t line 192.


Package natbib Warning: Citation `Cherman2019' on page 1 undefined on input lin
e 195.


Package natbib Warning: Citation `10.1145/3379504' on page 1 undefined on input
 line 195.


Package natbib Warning: Citation `REYES2018494' on page 1 undefined on input li
ne 206.


Package natbib Warning: Citation `10.1145/3379504' on page 1 undefined on input
 line 206.


Package natbib Warning: Citation `Zhang2018' on page 1 undefined on input line 
207.


Package natbib Warning: Citation `mmc2009' on page 1 undefined on input line 20
8.


Package natbib Warning: Citation `adaptive2013' on page 1 undefined on input li
ne 208.


Package natbib Warning: Citation `Cherman2019' on page 1 undefined on input lin
e 208.


Package natbib Warning: Citation `Su2021' on page 1 undefined on input line 216
.


Package natbib Warning: Citation `Wu_Lyu_Ghanem_2016' on page 1 undefined on in
put line 217.


Package natbib Warning: Citation `Zhang2018' on page 1 undefined on input line 
219.

[1{C:/Users/orfuc/AppData/Local/MiKTeX/fonts/map/pdftex/pdftex.map}{C:/Users/or
fuc/AppData/Local/Programs/MiKTeX/fonts/enc/dvips/base/8r.enc}



]

Package natbib Warning: Citation `settles2009active' on page 2 undefined on inp
ut line 233.


Package natbib Warning: Citation `BEMPS_Wei_NEURIPS2011' on page 2 undefined on
 input line 233.


Package natbib Warning: Citation `ren2020survey' on page 2 undefined on input l
ine 233.


Package natbib Warning: Citation `holub2008entropy' on page 2 undefined on inpu
t line 233.


Package natbib Warning: Citation `ash2019deep' on page 2 undefined on input lin
e 233.


Package natbib Warning: Citation `ren2020survey' on page 2 undefined on input l
ine 233.


Package natbib Warning: Citation `TanDuBun-IEEEPAMI23' on page 2 undefined on i
nput line 233.


Package natbib Warning: Citation `ash2019deep' on page 2 undefined on input lin
e 233.


Package natbib Warning: Citation `TanDuBun-IEEEPAMI23' on page 2 undefined on i
nput line 233.


Package natbib Warning: Citation `Cherman2019' on page 2 undefined on input lin
e 236.


Package natbib Warning: Citation `REYES2018494' on page 2 undefined on input li
ne 236.


Package natbib Warning: Citation `pmlr-v97-shi19b' on page 2 undefined on input
 line 236.


Package natbib Warning: Citation `mmc2009' on page 2 undefined on input line 23
7.


Package natbib Warning: Citation `pmlr-v20-hung11' on page 2 undefined on input
 line 241.


Package natbib Warning: Citation `10.1007/978-3-319-97304-3_73' on page 2 undef
ined on input line 241.


Package natbib Warning: Citation `REYES2018494' on page 2 undefined on input li
ne 241.


Package natbib Warning: Citation `adaptive2013' on page 2 undefined on input li
ne 242.


Package natbib Warning: Citation `REYES2018494' on page 2 undefined on input li
ne 242.


Package natbib Warning: Citation `10.1007/978-3-319-93034-3_12' on page 2 undef
ined on input line 245.


Package natbib Warning: Citation `gaupb2_2021' on page 2 undefined on input lin
e 245.

<figures/betagp_blt.png, id=8, 899.7615pt x 433.62pt>
File: figures/betagp_blt.png Graphic file (type png)
<use figures/betagp_blt.png>
Package pdftex.def Info: figures/betagp_blt.png  used on input line 251.
(pdftex.def)             Requested size: 455.2979pt x 219.41637pt.

Package natbib Warning: Citation `roy2001toward' on page 2 undefined on input l
ine 264.


Package natbib Warning: Citation `settles2009active' on page 2 undefined on inp
ut line 265.


Package natbib Warning: Citation `zhao2020uncertainty' on page 2 undefined on i
nput line 266.


Package natbib Warning: Citation `doi:10.1198/016214506000001437' on page 2 und
efined on input line 269.


Package natbib Warning: Citation `TanDuBun-IEEEPAMI23' on page 2 undefined on i
nput line 269.


Package natbib Warning: Citation `doi:10.1198/016214506000001437' on page 2 und
efined on input line 272.


Package natbib Warning: Citation `TanDuBun-IEEEPAMI23' on page 2 undefined on i
nput line 292.


Package natbib Warning: Citation `pmlr-v20-hung11' on page 2 undefined on input
 line 292.


Package natbib Warning: Citation `TanDuBun-IEEEPAMI23' on page 2 undefined on i
nput line 323.


Package natbib Warning: Citation `dawid2014theory' on page 2 undefined on input
 line 327.

[2]

Package natbib Warning: Citation `TanDuBun-IEEEPAMI23' on page 3 undefined on i
nput line 350.


Package natbib Warning: Citation `dawid2014theory' on page 3 undefined on input
 line 376.


Package natbib Warning: Citation `Buja2005Loss' on page 3 undefined on input li
ne 377.


Package natbib Warning: Citation `merkle2013choosing' on page 3 undefined on in
put line 397.


Package natbib Warning: Citation `merkle2013choosing' on page 3 undefined on in
put line 409.


Package natbib Warning: Citation `doi:10.1198/016214506000001437' on page 3 und
efined on input line 409.


Package natbib Warning: Citation `9319440' on page 3 undefined on input line 49
6.


Underfull \vbox (badness 5787) has occurred while \output is active []

 [3 <./figures/betagp_blt.png>]
<figures/syn_rcv1meanIR50_mircof1.png, id=30, 1276.2882pt x 356.2911pt>
File: figures/syn_rcv1meanIR50_mircof1.png Graphic file (type png)
<use figures/syn_rcv1meanIR50_mircof1.png>
Package pdftex.def Info: figures/syn_rcv1meanIR50_mircof1.png  used on input li
ne 572.
(pdftex.def)             Requested size: 505.89pt x 141.22545pt.


Package natbib Warning: Citation `CHARTE20153' on page 4 undefined on input lin
e 582.


Package natbib Warning: Citation `wang2023imbalanced' on page 4 undefined on in
put line 583.


Package natbib Warning: Citation `CHARTE20153' on page 4 undefined on input lin
e 585.


Underfull \vbox (badness 6758) has occurred while \output is active []



Package natbib Warning: Citation `LozaMenca2010' on page 4 undefined on input l
ine 604.


Package natbib Warning: Citation `10.5555/1005332.1005345' on page 4 undefined 
on input line 604.


Package natbib Warning: Citation `Katakis2008MultilabelTC' on page 4 undefined 
on input line 604.


Package natbib Warning: Citation `Tsoumakas2008EffectiveAE' on page 4 undefined
 on input line 604.


Package natbib Warning: Citation `10.5555/2968618.2968710' on page 4 undefined 
on input line 604.


Package natbib Warning: Citation `1559692' on page 4 undefined on input line 60
4.


Package natbib Warning: Citation `kim-2014-convolutional' on page 4 undefined o
n input line 616.


Package natbib Warning: Citation `8632592' on page 4 undefined on input line 61
6.


Package natbib Warning: Citation `devlin-etal-2019-bert' on page 4 undefined on
 input line 616.


Package natbib Warning: Citation `frankle2018lottery' on page 4 undefined on in
put line 617.


Package natbib Warning: Citation `gal2017deep' on page 4 undefined on input lin
e 617.


Package natbib Warning: Citation `nguyen-etal-2022-hardness' on page 4 undefine
d on input line 617.


Package natbib Warning: Citation `Nguyen_Tan_Du_Buntine_Beare_Chen_2023' on pag
e 4 undefined on input line 617.


Package natbib Warning: Citation `nguyen2023lowresource' on page 4 undefined on
 input line 617.


Package natbib Warning: Citation `10.5555/3295222.3295387' on page 4 undefined 
on input line 617.

[4]

Package natbib Warning: Citation `mmc2009' on page 5 undefined on input line 64
0.


Package natbib Warning: Citation `adaptive2013' on page 5 undefined on input li
ne 640.


Package natbib Warning: Citation `6729601' on page 5 undefined on input line 64
0.


Package natbib Warning: Citation `REYES2018494' on page 5 undefined on input li
ne 640.


Package natbib Warning: Citation `pmlr-v20-hung11' on page 5 undefined on input
 line 640.


Package natbib Warning: Citation `10.1007/978-3-319-93034-3_12' on page 5 undef
ined on input line 640.


Package natbib Warning: Citation `gaupb2_2021' on page 5 undefined on input lin
e 640.


Package natbib Warning: Citation `Buja2005Loss' on page 5 undefined on input li
ne 675.


Package natbib Warning: Citation `merkle2013choosing' on page 5 undefined on in
put line 675.


Underfull \vbox (badness 1789) has occurred while \output is active []

<figures/textBERT_mircof1_6_23.png, id=40, 661.9932pt x 873.7443pt>
File: figures/textBERT_mircof1_6_23.png Graphic file (type png)
<use figures/textBERT_mircof1_6_23.png>
Package pdftex.def Info: figures/textBERT_mircof1_6_23.png  used on input line 
680.
(pdftex.def)             Requested size: 237.7689pt x 313.81442pt.


Package natbib Warning: Citation `pmlr-v20-hung11' on page 5 undefined on input
 line 694.

[5 <./figures/syn_rcv1meanIR50_mircof1.png>]
<figures/modelagnostic_mircof1_3_21.png, id=45, 686.565pt x 372.1905pt>
File: figures/modelagnostic_mircof1_3_21.png Graphic file (type png)
<use figures/modelagnostic_mircof1_3_21.png>
Package pdftex.def Info: figures/modelagnostic_mircof1_3_21.png  used on input 
line 701.
(pdftex.def)             Requested size: 237.7689pt x 128.89426pt.
<figures/ablationTextBERT_mircof1_6_21_v1.jpg, id=46, 909.3975pt x 567.11874pt>

File: figures/ablationTextBERT_mircof1_6_21_v1.jpg Graphic file (type jpg)
<use figures/ablationTextBERT_mircof1_6_21_v1.jpg>
Package pdftex.def Info: figures/ablationTextBERT_mircof1_6_21_v1.jpg  used on 
input line 718.
(pdftex.def)             Requested size: 237.7689pt x 148.27812pt.
<figures/batchsize_mircof1_2_v1.png, id=47, 740.0448pt x 372.1905pt>
File: figures/batchsize_mircof1_2_v1.png Graphic file (type png)
<use figures/batchsize_mircof1_2_v1.png>
Package pdftex.def Info: figures/batchsize_mircof1_2_v1.png  used on input line
 731.
(pdftex.def)             Requested size: 237.7689pt x 119.58044pt.


Package natbib Warning: Citation `TanDuBun-IEEEPAMI23' on page 6 undefined on i
nput line 740.


Package natbib Warning: Citation `NEURIPS2019_95323660' on page 6 undefined on 
input line 740.

[6 <./figures/textBERT_mircof1_6_23.png> <./figures/modelagnostic_mircof1_3_21.
png> <./figures/ablationTextBERT_mircof1_6_21_v1.jpg>]
No file aaai24_changed.bbl.
[7 <./figures/batchsize_mircof1_2_v1.png>]

Package natbib Warning: There were undefined citations.

[8

] (aaai24_changed.aux)
 ***********
LaTeX2e <2023-06-01> patch level 1
L3 programming layer <2023-08-29>
 ***********
 ) 
Here is how much of TeX's memory you used:
 8698 strings out of 475247
 144427 string characters out of 5757792
 1946801 words of memory out of 5000000
 30065 multiletter control sequences out of 15000+600000
 587274 words of font info for 104 fonts, out of 8000000 for 9000
 1141 hyphenation exceptions out of 8191
 79i,12n,93p,1997b,801s stack positions out of 10000i,1000n,20000p,200000b,200000s
<C:/Users/orfuc/AppData/Local/Programs/MiKTeX/fonts/type1/public/amsfonts/cm/
cmex10.pfb><C:/Users/orfuc/AppData/Local/Programs/MiKTeX/fonts/type1/public/ams
fonts/cmextra/cmex7.pfb><C:/Users/orfuc/AppData/Local/Programs/MiKTeX/fonts/typ
e1/public/amsfonts/cm/cmmi10.pfb><C:/Users/orfuc/AppData/Local/Programs/MiKTeX/
fonts/type1/public/amsfonts/cm/cmmi5.pfb><C:/Users/orfuc/AppData/Local/Programs
/MiKTeX/fonts/type1/public/amsfonts/cm/cmmi6.pfb><C:/Users/orfuc/AppData/Local/
Programs/MiKTeX/fonts/type1/public/amsfonts/cm/cmmi7.pfb><C:/Users/orfuc/AppDat
a/Local/Programs/MiKTeX/fonts/type1/public/amsfonts/cm/cmmi9.pfb><C:/Users/orfu
c/AppData/Local/Programs/MiKTeX/fonts/type1/public/amsfonts/cm/cmr10.pfb><C:/Us
ers/orfuc/AppData/Local/Programs/MiKTeX/fonts/type1/public/amsfonts/cm/cmr5.pfb
><C:/Users/orfuc/AppData/Local/Programs/MiKTeX/fonts/type1/public/amsfonts/cm/c
mr6.pfb><C:/Users/orfuc/AppData/Local/Programs/MiKTeX/fonts/type1/public/amsfon
ts/cm/cmr7.pfb><C:/Users/orfuc/AppData/Local/Programs/MiKTeX/fonts/type1/public
/amsfonts/cm/cmr9.pfb><C:/Users/orfuc/AppData/Local/Programs/MiKTeX/fonts/type1
/public/amsfonts/cm/cmsy10.pfb><C:/Users/orfuc/AppData/Local/Programs/MiKTeX/fo
nts/type1/public/amsfonts/cm/cmsy5.pfb><C:/Users/orfuc/AppData/Local/Programs/M
iKTeX/fonts/type1/public/amsfonts/cm/cmsy6.pfb><C:/Users/orfuc/AppData/Local/Pr
ograms/MiKTeX/fonts/type1/public/amsfonts/cm/cmsy7.pfb><C:/Users/orfuc/AppData/
Local/Programs/MiKTeX/fonts/type1/public/amsfonts/cm/cmsy9.pfb><C:/Users/orfuc/
AppData/Local/Programs/MiKTeX/fonts/type1/public/amsfonts/symbols/msbm10.pfb><C
:/Users/orfuc/AppData/Local/Programs/MiKTeX/fonts/type1/public/amsfonts/symbols
/msbm7.pfb><C:/Users/orfuc/AppData/Local/Programs/MiKTeX/fonts/type1/urw/times/
utmb8a.pfb><C:/Users/orfuc/AppData/Local/Programs/MiKTeX/fonts/type1/urw/times/
utmr8a.pfb><C:/Users/orfuc/AppData/Local/Programs/MiKTeX/fonts/type1/urw/times/
utmri8a.pfb>
Output written on aaai24_changed.pdf (8 pages, 1414574 bytes).
PDF statistics:
 152 PDF objects out of 1000 (max. 8388607)
 0 named destinations out of 1000 (max. 500000)
 31 words of extra memory for PDF output out of 10000 (max. 10000000)

