This is pdfTeX, Version 3.141592653-2.6-1.40.25 (MiKTeX 23.5) (preloaded format=pdflatex 2024.1.12)  30 MAR 2024 17:42
entering extended mode
 restricted \write18 enabled.
 %&-line parsing enabled.
**./main_with_appendix_changed.tex
(main_with_appendix_changed.tex
LaTeX2e <2023-06-01> patch level 1
L3 programming layer <2023-08-29>
(C:\Users\orfuc\AppData\Local\Programs\MiKTeX\tex/latex/base\article.cls
Document Class: article 2023/05/17 v1.4n Standard LaTeX document class
(C:\Users\orfuc\AppData\Local\Programs\MiKTeX\tex/latex/base\size10.clo
File: size10.clo 2023/05/17 v1.4n Standard LaTeX file (size option)
)
\c@part=\count185
\c@section=\count186
\c@subsection=\count187
\c@subsubsection=\count188
\c@paragraph=\count189
\c@subparagraph=\count190
\c@figure=\count191
\c@table=\count192
\abovecaptionskip=\skip48
\belowcaptionskip=\skip49
\bibindent=\dimen140
)
(aaai24.sty
Package: aaai24 2023/06/26 AAAI 2024 Submission format

Conference Style for AAAI for LaTeX 2e -- version for submission
\titlebox=\skip50
) (C:\Users\orfuc\AppData\Local\Programs\MiKTeX\tex/latex/psnfss\times.sty
Package: times 2020/03/25 PSNFSS-v9.3 (SPQR) 
)
(C:\Users\orfuc\AppData\Local\Programs\MiKTeX\tex/latex/psnfss\helvet.sty
Package: helvet 2020/03/25 PSNFSS-v9.3 (WaS) 

(C:\Users\orfuc\AppData\Local\Programs\MiKTeX\tex/latex/graphics\keyval.sty
Package: keyval 2022/05/29 v1.15 key=value parser (DPC)
\KV@toks@=\toks17
))
(C:\Users\orfuc\AppData\Local\Programs\MiKTeX\tex/latex/psnfss\courier.sty
Package: courier 2020/03/25 PSNFSS-v9.3 (WaS) 
)
(C:\Users\orfuc\AppData\Local\Programs\MiKTeX\tex/latex/url\url.sty
\Urlmuskip=\muskip16
Package: url 2013/09/16  ver 3.4  Verb mode for urls, etc.
)
(C:\Users\orfuc\AppData\Local\Programs\MiKTeX\tex/latex/graphics\graphicx.sty
Package: graphicx 2021/09/16 v1.2d Enhanced LaTeX Graphics (DPC,SPQR)

(C:\Users\orfuc\AppData\Local\Programs\MiKTeX\tex/latex/graphics\graphics.sty
Package: graphics 2022/03/10 v1.4e Standard LaTeX Graphics (DPC,SPQR)

(C:\Users\orfuc\AppData\Local\Programs\MiKTeX\tex/latex/graphics\trig.sty
Package: trig 2021/08/11 v1.11 sin cos tan (DPC)
)
(C:\Users\orfuc\AppData\Local\Programs\MiKTeX\tex/latex/graphics-cfg\graphics.c
fg
File: graphics.cfg 2016/06/04 v1.11 sample graphics configuration
)
Package graphics Info: Driver file: pdftex.def on input line 107.

(C:\Users\orfuc\AppData\Local\Programs\MiKTeX\tex/latex/graphics-def\pdftex.def
File: pdftex.def 2022/09/22 v1.2b Graphics/color driver for pdftex
))
\Gin@req@height=\dimen141
\Gin@req@width=\dimen142
) (C:\Users\orfuc\AppData\Local\Programs\MiKTeX\tex/latex/natbib\natbib.sty
Package: natbib 2010/09/13 8.31b (PWD, AO)
\bibhang=\skip51
\bibsep=\skip52
LaTeX Info: Redefining \cite on input line 694.
\c@NAT@ctr=\count193
)
(C:\Users\orfuc\AppData\Local\Programs\MiKTeX\tex/latex/caption\caption.sty
Package: caption 2023/07/31 v3.6n Customizing captions (AR)

(C:\Users\orfuc\AppData\Local\Programs\MiKTeX\tex/latex/caption\caption3.sty
Package: caption3 2023/07/31 v2.4d caption3 kernel (AR)
\caption@tempdima=\dimen143
\captionmargin=\dimen144
\caption@leftmargin=\dimen145
\caption@rightmargin=\dimen146
\caption@width=\dimen147
\caption@indent=\dimen148
\caption@parindent=\dimen149
\caption@hangindent=\dimen150
Package caption Info: Standard document class detected.
)
\c@caption@flags=\count194
\c@continuedfloat=\count195
)
(C:\Users\orfuc\AppData\Local\Programs\MiKTeX\tex/latex/algorithms\algorithm.st
y
Package: algorithm 2009/08/24 v0.1 Document Style `algorithm' - floating enviro
nment
 (C:\Users\orfuc\AppData\Local\Programs\MiKTeX\tex/latex/float\float.sty
Package: float 2001/11/08 v1.3d Float enhancements (AL)
\c@float@type=\count196
\float@exts=\toks18
\float@box=\box51
\@float@everytoks=\toks19
\@floatcapt=\box52
)
(C:\Users\orfuc\AppData\Local\Programs\MiKTeX\tex/latex/base\ifthen.sty
Package: ifthen 2022/04/13 v1.1d Standard LaTeX ifthen package (DPC)
)
\@float@every@algorithm=\toks20
\c@algorithm=\count197
)
(C:\Users\orfuc\AppData\Local\Programs\MiKTeX\tex/latex/algorithms\algorithmic.
sty
Package: algorithmic 2009/08/24 v0.1 Document Style `algorithmic'
\c@ALC@unique=\count198
\c@ALC@line=\count199
\c@ALC@rem=\count266
\c@ALC@depth=\count267
\ALC@tlm=\skip53
\algorithmicindent=\skip54
)
(C:\Users\orfuc\AppData\Local\Programs\MiKTeX\tex/latex/booktabs\booktabs.sty
Package: booktabs 2020/01/12 v1.61803398 Publication quality tables
\heavyrulewidth=\dimen151
\lightrulewidth=\dimen152
\cmidrulewidth=\dimen153
\belowrulesep=\dimen154
\belowbottomsep=\dimen155
\aboverulesep=\dimen156
\abovetopsep=\dimen157
\cmidrulesep=\dimen158
\cmidrulekern=\dimen159
\defaultaddspace=\dimen160
\@cmidla=\count268
\@cmidlb=\count269
\@aboverulesep=\dimen161
\@belowrulesep=\dimen162
\@thisruleclass=\count270
\@lastruleclass=\count271
\@thisrulewidth=\dimen163
)
(C:\Users\orfuc\AppData\Local\Programs\MiKTeX\tex/latex/amsmath\amsmath.sty
Package: amsmath 2023/05/13 v2.17o AMS math features
\@mathmargin=\skip55

For additional information on amsmath, use the `?' option.
(C:\Users\orfuc\AppData\Local\Programs\MiKTeX\tex/latex/amsmath\amstext.sty
Package: amstext 2021/08/26 v2.01 AMS text

(C:\Users\orfuc\AppData\Local\Programs\MiKTeX\tex/latex/amsmath\amsgen.sty
File: amsgen.sty 1999/11/30 v2.0 generic functions
\@emptytoks=\toks21
\ex@=\dimen164
))
(C:\Users\orfuc\AppData\Local\Programs\MiKTeX\tex/latex/amsmath\amsbsy.sty
Package: amsbsy 1999/11/29 v1.2d Bold Symbols
\pmbraise@=\dimen165
)
(C:\Users\orfuc\AppData\Local\Programs\MiKTeX\tex/latex/amsmath\amsopn.sty
Package: amsopn 2022/04/08 v2.04 operator names
)
\inf@bad=\count272
LaTeX Info: Redefining \frac on input line 234.
\uproot@=\count273
\leftroot@=\count274
LaTeX Info: Redefining \overline on input line 399.
LaTeX Info: Redefining \colon on input line 410.
\classnum@=\count275
\DOTSCASE@=\count276
LaTeX Info: Redefining \ldots on input line 496.
LaTeX Info: Redefining \dots on input line 499.
LaTeX Info: Redefining \cdots on input line 620.
\Mathstrutbox@=\box53
\strutbox@=\box54
LaTeX Info: Redefining \big on input line 722.
LaTeX Info: Redefining \Big on input line 723.
LaTeX Info: Redefining \bigg on input line 724.
LaTeX Info: Redefining \Bigg on input line 725.
\big@size=\dimen166
LaTeX Font Info:    Redeclaring font encoding OML on input line 743.
LaTeX Font Info:    Redeclaring font encoding OMS on input line 744.
\macc@depth=\count277
LaTeX Info: Redefining \bmod on input line 905.
LaTeX Info: Redefining \pmod on input line 910.
LaTeX Info: Redefining \smash on input line 940.
LaTeX Info: Redefining \relbar on input line 970.
LaTeX Info: Redefining \Relbar on input line 971.
\c@MaxMatrixCols=\count278
\dotsspace@=\muskip17
\c@parentequation=\count279
\dspbrk@lvl=\count280
\tag@help=\toks22
\row@=\count281
\column@=\count282
\maxfields@=\count283
\andhelp@=\toks23
\eqnshift@=\dimen167
\alignsep@=\dimen168
\tagshift@=\dimen169
\tagwidth@=\dimen170
\totwidth@=\dimen171
\lineht@=\dimen172
\@envbody=\toks24
\multlinegap=\skip56
\multlinetaggap=\skip57
\mathdisplay@stack=\toks25
LaTeX Info: Redefining \[ on input line 2953.
LaTeX Info: Redefining \] on input line 2954.
)
(C:\Users\orfuc\AppData\Local\Programs\MiKTeX\tex/latex/amsfonts\amssymb.sty
Package: amssymb 2013/01/14 v3.01 AMS font symbols

(C:\Users\orfuc\AppData\Local\Programs\MiKTeX\tex/latex/amsfonts\amsfonts.sty
Package: amsfonts 2013/01/14 v3.01 Basic AMSFonts support
\symAMSa=\mathgroup4
\symAMSb=\mathgroup5
LaTeX Font Info:    Redeclaring math symbol \hbar on input line 98.
LaTeX Font Info:    Overwriting math alphabet `\mathfrak' in version `bold'
(Font)                  U/euf/m/n --> U/euf/b/n on input line 106.
)) (C:\Users\orfuc\AppData\Local\Programs\MiKTeX\tex/latex/makecell\makecell.st
y
Package: makecell 2009/08/03 V0.1e Managing of Tab Column Heads and Cells

(C:\Users\orfuc\AppData\Local\Programs\MiKTeX\tex/latex/tools\array.sty
Package: array 2022/09/04 v2.5g Tabular extension package (FMi)
\col@sep=\dimen173
\ar@mcellbox=\box55
\extrarowheight=\dimen174
\NC@list=\toks26
\extratabsurround=\skip58
\backup@length=\skip59
\ar@cellbox=\box56
)
\rotheadsize=\dimen175
\c@nlinenum=\count284
\TeXr@lab=\toks27
)
(C:\Users\orfuc\AppData\Local\Programs\MiKTeX\tex/latex/colortbl\colortbl.sty
Package: colortbl 2022/06/20 v1.0f Color table columns (DPC)

(C:\Users\orfuc\AppData\Local\Programs\MiKTeX\tex/latex/graphics\color.sty
Package: color 2022/01/06 v1.3d Standard LaTeX Color (DPC)

(C:\Users\orfuc\AppData\Local\Programs\MiKTeX\tex/latex/graphics-cfg\color.cfg
File: color.cfg 2016/01/02 v1.6 sample color configuration
)
Package color Info: Driver file: pdftex.def on input line 149.
(C:\Users\orfuc\AppData\Local\Programs\MiKTeX\tex/latex/graphics\mathcolor.ltx)
)
\everycr=\toks28
\minrowclearance=\skip60
\rownum=\count285
) (C:\Users\orfuc\AppData\Local\Programs\MiKTeX\tex/latex/tools\hhline.sty
Package: hhline 2020/01/04 v2.04 Table rule package (DPC)
)
(C:\Users\orfuc\AppData\Local\Programs\MiKTeX\tex/latex/xcolor\xcolor.sty
Package: xcolor 2022/06/12 v2.14 LaTeX color extensions (UK)

(C:\Users\orfuc\AppData\Local\Programs\MiKTeX\tex/latex/graphics-cfg\color.cfg
File: color.cfg 2016/01/02 v1.6 sample color configuration
)
Package xcolor Info: Driver file: pdftex.def on input line 227.
LaTeX Info: Redefining \color on input line 711.
(C:\Users\orfuc\AppData\Local\Programs\MiKTeX\tex/latex/graphics\mathcolor.ltx)
Package xcolor Info: Model `cmy' substituted by `cmy0' on input line 1353.
Package xcolor Info: Model `hsb' substituted by `rgb' on input line 1357.
Package xcolor Info: Model `RGB' extended on input line 1369.
Package xcolor Info: Model `HTML' substituted by `rgb' on input line 1371.
Package xcolor Info: Model `Hsb' substituted by `hsb' on input line 1372.
Package xcolor Info: Model `tHsb' substituted by `hsb' on input line 1373.
Package xcolor Info: Model `HSB' substituted by `hsb' on input line 1374.
Package xcolor Info: Model `Gray' substituted by `gray' on input line 1375.
Package xcolor Info: Model `wave' substituted by `hsb' on input line 1376.
) (C:\Users\orfuc\AppData\Local\Programs\MiKTeX\tex/latex/multirow\multirow.sty
Package: multirow 2021/03/15 v2.8 Span multiple rows of a table
\multirow@colwidth=\skip61
\multirow@cntb=\count286
\multirow@dima=\skip62
\bigstrutjot=\dimen176
)
(C:\Users\orfuc\AppData\Local\Programs\MiKTeX\tex/latex/subfigure\subfigure.sty
Package: subfigure 2002/07/30 v2.1.4 subfigure package
\subfigtopskip=\skip63
\subfigcapskip=\skip64
\subfigcaptopadj=\dimen177
\subfigbottomskip=\skip65
\subfigcapmargin=\dimen178
\subfiglabelskip=\skip66
\c@subfigure=\count287
\c@lofdepth=\count288
\c@subtable=\count289
\c@lotdepth=\count290
****************************************
* Local config file subfigure.cfg used *
****************************************

(C:\Users\orfuc\AppData\Local\Programs\MiKTeX\tex/latex/subfigure\subfigure.cfg
)
\subfig@top=\skip67
\subfig@bottom=\skip68
)
(C:\Users\orfuc\AppData\Local\Programs\MiKTeX\tex/latex/newfloat\newfloat.sty
Package: newfloat 2019/09/02 v1.1l Defining new floating environments (AR)
)
(C:\Users\orfuc\AppData\Local\Programs\MiKTeX\tex/latex/listings\listings.sty
\lst@mode=\count291
\lst@gtempboxa=\box57
\lst@token=\toks29
\lst@length=\count292
\lst@currlwidth=\dimen179
\lst@column=\count293
\lst@pos=\count294
\lst@lostspace=\dimen180
\lst@width=\dimen181
\lst@newlines=\count295
\lst@lineno=\count296
\lst@maxwidth=\dimen182

(C:\Users\orfuc\AppData\Local\Programs\MiKTeX\tex/latex/listings\lstmisc.sty
File: lstmisc.sty 2023/02/27 1.9 (Carsten Heinz)
\c@lstnumber=\count297
\lst@skipnumbers=\count298
\lst@framebox=\box58
)
(C:\Users\orfuc\AppData\Local\Programs\MiKTeX\tex/latex/listings\listings.cfg
File: listings.cfg 2023/02/27 1.9 listings configuration
))
Package: listings 2023/02/27 1.9 (Carsten Heinz)
\@float@every@listing=\toks30
\c@listing=\count299
(C:\Users\orfuc\AppData\Local\Programs\MiKTeX\tex/latex/natbib\bibentry.sty
Package: bibentry 2007/10/30 1.5 (PWD)
)
LaTeX Font Info:    Trying to load font information for OT1+ptm on input line 1
75.

(C:\Users\orfuc\AppData\Local\Programs\MiKTeX\tex/latex/psnfss\ot1ptm.fd
File: ot1ptm.fd 2001/06/04 font definitions for OT1/ptm.
)
(C:\Users\orfuc\AppData\Local\Programs\MiKTeX\tex/latex/l3backend\l3backend-pdf
tex.def
File: l3backend-pdftex.def 2023-04-19 L3 backend support: PDF output (pdfTeX)
\l__color_backend_stack_int=\count300
\l__pdf_internal_box=\box59
) (main_with_appendix_changed.aux)
\openout1 = `main_with_appendix_changed.aux'.

LaTeX Font Info:    Checking defaults for OML/cmm/m/it on input line 175.
LaTeX Font Info:    ... okay on input line 175.
LaTeX Font Info:    Checking defaults for OMS/cmsy/m/n on input line 175.
LaTeX Font Info:    ... okay on input line 175.
LaTeX Font Info:    Checking defaults for OT1/cmr/m/n on input line 175.
LaTeX Font Info:    ... okay on input line 175.
LaTeX Font Info:    Checking defaults for T1/cmr/m/n on input line 175.
LaTeX Font Info:    ... okay on input line 175.
LaTeX Font Info:    Checking defaults for TS1/cmr/m/n on input line 175.
LaTeX Font Info:    ... okay on input line 175.
LaTeX Font Info:    Checking defaults for OMX/cmex/m/n on input line 175.
LaTeX Font Info:    ... okay on input line 175.
LaTeX Font Info:    Checking defaults for U/cmr/m/n on input line 175.
LaTeX Font Info:    ... okay on input line 175.

(C:\Users\orfuc\AppData\Local\Programs\MiKTeX\tex/context/base/mkii\supp-pdf.mk
ii
[Loading MPS to PDF converter (version 2006.09.02).]
\scratchcounter=\count301
\scratchdimen=\dimen183
\scratchbox=\box60
\nofMPsegments=\count302
\nofMParguments=\count303
\everyMPshowfont=\toks31
\MPscratchCnt=\count304
\MPscratchDim=\dimen184
\MPnumerator=\count305
\makeMPintoPDFobject=\count306
\everyMPtoPDFconversion=\toks32
)
(C:\Users\orfuc\AppData\Local\Programs\MiKTeX\tex/latex/epstopdf-pkg\epstopdf-b
ase.sty
Package: epstopdf-base 2020-01-24 v2.11 Base part for package epstopdf
Package epstopdf-base Info: Redefining graphics rule for `.eps' on input line 4
85.

(C:\Users\orfuc\AppData\Local\Programs\MiKTeX\tex/latex/00miktex\epstopdf-sys.c
fg
File: epstopdf-sys.cfg 2021/03/18 v2.0 Configuration of epstopdf for MiKTeX
))
Package caption Info: Begin \AtBeginDocument code.
Package caption Info: float package is loaded.
Package caption Info: listings package is loaded.
Package caption Info: subfigure package is loaded.
Package caption Info: End \AtBeginDocument code.
Package newfloat Info: `float' package detected.
\c@lstlisting=\count307
\c@eqfn=\count308
\titlearea=\box61
LaTeX Font Info:    Trying to load font information for U+msa on input line 177
.
 (C:\Users\orfuc\AppData\Local\Programs\MiKTeX\tex/latex/amsfonts\umsa.fd
File: umsa.fd 2013/01/14 v3.01 AMS symbols A
)
LaTeX Font Info:    Trying to load font information for U+msb on input line 177
.

(C:\Users\orfuc\AppData\Local\Programs\MiKTeX\tex/latex/amsfonts\umsb.fd
File: umsb.fd 2013/01/14 v3.01 AMS symbols B
)
\actualheight=\skip69
LaTeX Font Info:    Trying to load font information for TS1+ptm on input line 1
77.

(C:\Users\orfuc\AppData\Local\Programs\MiKTeX\tex/latex/psnfss\ts1ptm.fd
File: ts1ptm.fd 2001/06/04 font definitions for TS1/ptm.
)

Package natbib Warning: Citation `asif2021graph' on page 1 undefined on input l
ine 190.


Package natbib Warning: Citation `yang2017neural' on page 1 undefined on input 
line 190.


Package natbib Warning: Citation `fan2019graph' on page 1 undefined on input li
ne 190.


Package natbib Warning: Citation `adamic2001search' on page 1 undefined on inpu
t line 190.


Package natbib Warning: Citation `chen2020graph' on page 1 undefined on input l
ine 191.


Package natbib Warning: Citation `linial1995geometry' on page 1 undefined on in
put line 192.


Package natbib Warning: Citation `thornber1979isosterism' on page 1 undefined o
n input line 193.


Package natbib Warning: Citation `munzner1997h3' on page 1 undefined on input l
ine 194.


Package natbib Warning: Citation `chen2022modeling' on page 1 undefined on inpu
t line 194.


Package natbib Warning: Citation `mathieu2019continuous' on page 1 undefined on
 input line 194.


Package natbib Warning: Citation `nickel2018learning' on page 1 undefined on in
put line 194.


Package natbib Warning: Citation `wu2021hyperbolic' on page 1 undefined on inpu
t line 194.


Package natbib Warning: Citation `liu2019hyperbolic' on page 1 undefined on inp
ut line 194.


Package natbib Warning: Citation `yang2022hicf' on page 1 undefined on input li
ne 194.


Package natbib Warning: Citation `yang2022hrcf' on page 1 undefined on input li
ne 194.



pdfTeX warning: pdflatex (file ./dist.pdf): PDF inclusion: found PDF version <1
.6>, but at most version <1.5> allowed
<dist.pdf, id=1, 310.38962pt x 182.64436pt>
File: dist.pdf Graphic file (type pdf)
<use dist.pdf>
Package pdftex.def Info: dist.pdf  used on input line 197.
(pdftex.def)             Requested size: 215.45348pt x 126.78557pt.

Package natbib Warning: Citation `rombach2022high' on page 1 undefined on input
 line 205.


Package natbib Warning: Citation `rombach2022high' on page 1 undefined on input
 line 208.


Package natbib Warning: Citation `song2020score' on page 1 undefined on input l
ine 209.


Package natbib Warning: Citation `song2019generative' on page 1 undefined on in
put line 209.


Package natbib Warning: Citation `ho2020denoising' on page 1 undefined on input
 line 209.


Package natbib Warning: Citation `jo2022score' on page 1 undefined on input lin
e 209.


Package natbib Warning: Citation `jing2022torsional' on page 1 undefined on inp
ut line 211.


Package natbib Warning: Citation `huang2022riemannian' on page 1 undefined on i
nput line 211.


Package natbib Warning: Citation `de2022riemannian' on page 1 undefined on inpu
t line 211.


Underfull \hbox (badness 3861) in paragraph at lines 205--214
[]\OT1/ptm/m/n/10 Furthermore, re-gard-ing gen-er-a-tive mod-els, dif-fu-sion
 []

[1{C:/Users/orfuc/AppData/Local/MiKTeX/fonts/map/pdftex/pdftex.map}{C:/Users/or
fuc/AppData/Local/Programs/MiKTeX/fonts/enc/dvips/base/8r.enc}



 <./dist.pdf>]

Package natbib Warning: Citation `simonovsky2018graphvae' on page 2 undefined o
n input line 232.


Package natbib Warning: Citation `de2018molgan' on page 2 undefined on input li
ne 233.


Package natbib Warning: Citation `shi2020graphaf' on page 2 undefined on input 
line 233.


Package natbib Warning: Citation `zang2020moflow' on page 2 undefined on input 
line 233.


Package natbib Warning: Citation `luo2021graphdf' on page 2 undefined on input 
line 233.


Package natbib Warning: Citation `liu2021graphebm' on page 2 undefined on input
 line 233.


Package natbib Warning: Citation `liu2019hyperbolic' on page 2 undefined on inp
ut line 235.


Package natbib Warning: Citation `chami2019hyperbolic' on page 2 undefined on i
nput line 235.


Package natbib Warning: Citation `dai2021hyperbolic' on page 2 undefined on inp
ut line 235.


Package natbib Warning: Citation `chen2021fully' on page 2 undefined on input l
ine 235.


Package natbib Warning: Citation `chami2019hyperbolic' on page 2 undefined on i
nput line 238.


Package natbib Warning: Citation `park2021unsupervised' on page 2 undefined on 
input line 239.


Package natbib Warning: Citation `mathieu2019continuous' on page 2 undefined on
 input line 240.


Package natbib Warning: Citation `ho2020denoising' on page 2 undefined on input
 line 242.


Package natbib Warning: Citation `DDIM2020' on page 2 undefined on input line 2
42.


Package natbib Warning: Citation `song2020score' on page 2 undefined on input l
ine 242.


Package natbib Warning: Citation `jo2022score' on page 2 undefined on input lin
e 244.


Package natbib Warning: Citation `GeoDiff2022' on page 2 undefined on input lin
e 245.


Package natbib Warning: Citation `Torsional2022' on page 2 undefined on input l
ine 247.


Package natbib Warning: Citation `huang2022riemannian' on page 2 undefined on i
nput line 248.


Package natbib Warning: Citation `de2022riemannian' on page 2 undefined on inpu
t line 248.

[2]

LaTeX Font Warning: Command \scriptsize invalid in math mode on input line 266.


LaTeX Font Info:    Calculating math sizes for size <> on input line 270.

LaTeX Font Warning: Font shape `OT1/cmr/m/n' in size <> not available
(Font)              size <5> substituted on input line 270.


LaTeX Font Warning: Font shape `OT1/cmr/m/n' in size <0.7> not available
(Font)              size <5> substituted on input line 270.


LaTeX Font Warning: Font shape `OT1/cmr/m/n' in size <0.5> not available
(Font)              size <5> substituted on input line 270.


LaTeX Font Warning: Font shape `OML/cmm/m/it' in size <> not available
(Font)              size <5> substituted on input line 270.


LaTeX Font Warning: Font shape `OML/cmm/m/it' in size <0.7> not available
(Font)              size <5> substituted on input line 270.


LaTeX Font Warning: Font shape `OML/cmm/m/it' in size <0.5> not available
(Font)              size <5> substituted on input line 270.


LaTeX Font Warning: Font shape `OMS/cmsy/m/n' in size <> not available
(Font)              size <5> substituted on input line 270.


LaTeX Font Warning: Font shape `OMS/cmsy/m/n' in size <0.7> not available
(Font)              size <5> substituted on input line 270.


LaTeX Font Warning: Font shape `OMS/cmsy/m/n' in size <0.5> not available
(Font)              size <5> substituted on input line 270.


LaTeX Font Warning: Font shape `OT1/cmr/bx/n' in size <> not available
(Font)              size <5> substituted on input line 270.


LaTeX Font Warning: Font shape `OT1/cmr/bx/n' in size <0.7> not available
(Font)              size <5> substituted on input line 270.


LaTeX Font Warning: Font shape `OT1/cmr/bx/n' in size <0.5> not available
(Font)              size <5> substituted on input line 270.


Package natbib Warning: Citation `ganea2018hyperbolic' on page 3 undefined on i
nput line 271.


LaTeX Font Warning: Command \scriptsize invalid in math mode on input line 277.



Package natbib Warning: Citation `ungar2007hyperbolic' on page 3 undefined on i
nput line 286.


Package natbib Warning: Citation `ungar2008gyrovector' on page 3 undefined on i
nput line 286.


Package natbib Warning: Citation `song2019generative' on page 3 undefined on in
put line 291.


Package natbib Warning: Citation `ho2020denoising' on page 3 undefined on input
 line 291.


Package natbib Warning: Citation `song2020score' on page 3 undefined on input l
ine 291.


Package natbib Warning: Citation `jo2022score' on page 3 undefined on input lin
e 293.


Package natbib Warning: Citation `jo2022score' on page 3 undefined on input lin
e 303.


LaTeX Font Warning: Command \scriptsize invalid in math mode on input line 305.



Package natbib Warning: Citation `nagano2019wrapped' on page 3 undefined on inp
ut line 337.


Package natbib Warning: Citation `mathieu2019continuous' on page 3 undefined on
 input line 337.


LaTeX Font Warning: Command \scriptsize invalid in math mode on input line 346.


[3]

Package natbib Warning: Citation `song2020score' on page 4 undefined on input l
ine 361.


LaTeX Font Warning: Command \scriptsize invalid in math mode on input line 363.



LaTeX Font Warning: Command \scriptsize invalid in math mode on input line 378.



Package natbib Warning: Citation `ungar2007hyperbolic' on page 4 undefined on i
nput line 388.



pdfTeX warning: pdflatex (file ./emb_dist.pdf): PDF inclusion: found PDF versio
n <1.6>, but at most version <1.5> allowed
<emb_dist.pdf, id=43, 351.56343pt x 205.87013pt>
File: emb_dist.pdf Graphic file (type pdf)
<use emb_dist.pdf>
Package pdftex.def Info: emb_dist.pdf  used on input line 398.
(pdftex.def)             Requested size: 215.45348pt x 126.16487pt.

LaTeX Font Warning: Command \scriptsize invalid in math mode on input line 412.



Package natbib Warning: Citation `jo2022score' on page 4 undefined on input lin
e 417.


LaTeX Font Warning: Command \scriptsize invalid in math mode on input line 428.



Package natbib Warning: Citation `chami2019hyperbolic' on page 4 undefined on i
nput line 449.


Package natbib Warning: Citation `velivckovic2017graph' on page 4 undefined on 
input line 452.


Package natbib Warning: Citation `velivckovic2017graph' on page 4 undefined on 
input line 455.


Package natbib Warning: Citation `he2016deep' on page 4 undefined on input line
 471.


Package natbib Warning: Citation `liu2019hyperbolic' on page 4 undefined on inp
ut line 471.

[4 <./emb_dist.pdf>]

Package natbib Warning: Citation `liu2019hyperbolic' on page 5 undefined on inp
ut line 486.


Underfull \hbox (badness 1303) in paragraph at lines 491--492
\OT1/ptm/m/n/10 model $[][]\OT1/cmr/m/n/10 ([][])$ \OT1/ptm/m/n/10 to es-ti-mat
e $\OMS/cmsy/m/n/10 r[] [] \OML/cmm/m/it/10 p []$\OT1/ptm/m/n/10 . The
 []


LaTeX Font Warning: Command \scriptsize invalid in math mode on input line 494.



Underfull \hbox (badness 1158) in paragraph at lines 508--510
[]\OT1/ptm/m/n/10 We use the score-based model $[][]\OT1/cmr/m/n/10 ([][])$ \OT
1/ptm/m/n/10 to es-ti-mate
 []


LaTeX Font Warning: Command \scriptsize invalid in math mode on input line 511.



Package natbib Warning: Citation `niu2020permutation' on page 5 undefined on in
put line 590.


Package natbib Warning: Citation `luo2021graphdf' on page 5 undefined on input 
line 590.


Package natbib Warning: Citation `jo2022score' on page 5 undefined on input lin
e 590.


Package natbib Warning: Citation `niu2020permutation' on page 5 undefined on in
put line 590.


Package natbib Warning: Citation `luo2021graphdf' on page 5 undefined on input 
line 590.


Package natbib Warning: Citation `jo2022score' on page 5 undefined on input lin
e 590.


Package natbib Warning: Citation `song2020score' on page 5 undefined on input l
ine 593.


Package natbib Warning: Citation `ungar2007hyperbolic' on page 5 undefined on i
nput line 594.


Package natbib Warning: Citation `sen2008collective' on page 5 undefined on inp
ut line 606.


Package natbib Warning: Citation `jo2022score' on page 5 undefined on input lin
e 606.


Package natbib Warning: Citation `schomburg2004brenda' on page 5 undefined on i
nput line 606.


Package natbib Warning: Citation `jo2022score' on page 5 undefined on input lin
e 606.


Package natbib Warning: Citation `jo2022score' on page 5 undefined on input lin
e 606.


Package natbib Warning: Citation `adcock2013tree' on page 5 undefined on input 
line 606.

[5]

Package natbib Warning: Citation `simonovsky2018graphvae' on page 6 undefined o
n input line 610.


Package natbib Warning: Citation `li2018learning' on page 6 undefined on input 
line 610.


Package natbib Warning: Citation `you2018graphrnn' on page 6 undefined on input
 line 610.


Package natbib Warning: Citation `liu2019graph' on page 6 undefined on input li
ne 610.


Package natbib Warning: Citation `shi2020graphaf' on page 6 undefined on input 
line 610.


Package natbib Warning: Citation `niu2020permutation' on page 6 undefined on in
put line 610.


Package natbib Warning: Citation `jo2022score' on page 6 undefined on input lin
e 610.


Package natbib Warning: Citation `luo2021graphdf' on page 6 undefined on input 
line 610.


Package natbib Warning: Citation `jo2022score' on page 6 undefined on input lin
e 648.


Package natbib Warning: Citation `jo2022score' on page 6 undefined on input lin
e 648.


Package natbib Warning: Citation `jo2022score' on page 6 undefined on input lin
e 652.


Package natbib Warning: Citation `ramakrishnan2014quantum' on page 6 undefined 
on input line 652.


Package natbib Warning: Citation `irwin2012zinc' on page 6 undefined on input l
ine 652.


Package natbib Warning: Citation `luo2021graphdf' on page 6 undefined on input 
line 657.


Package natbib Warning: Citation `jo2022score' on page 6 undefined on input lin
e 657.


Package natbib Warning: Citation `landrum2016rdkit' on page 6 undefined on inpu
t line 657.


Package natbib Warning: Citation `preuer2018frechet' on page 6 undefined on inp
ut line 661.


Package natbib Warning: Citation `costa2010fast' on page 6 undefined on input l
ine 661.


Package natbib Warning: Citation `jo2022score' on page 6 undefined on input lin
e 661.


Package natbib Warning: Citation `jo2022score' on page 6 undefined on input lin
e 667.


Package natbib Warning: Citation `shi2020graphaf' on page 6 undefined on input 
line 667.


Package natbib Warning: Citation `luo2021graphdf' on page 6 undefined on input 
line 667.


Package natbib Warning: Citation `zang2020moflow' on page 6 undefined on input 
line 667.


Package natbib Warning: Citation `niu2020permutation' on page 6 undefined on in
put line 667.


Package natbib Warning: Citation `liu2021graphebm' on page 6 undefined on input
 line 667.


Underfull \hbox (badness 2799) in paragraph at lines 667--687
\OT1/ptm/m/n/10 (\OT1/ptm/b/n/10 ?\OT1/ptm/m/n/10 ), \OT1/ptm/b/n/10 GraphDF \O
T1/ptm/m/n/10 (\OT1/ptm/b/n/10 ?\OT1/ptm/m/n/10 ), MoFlow (\OT1/ptm/b/n/10 ?\OT
1/ptm/m/n/10 ), \OT1/ptm/b/n/10 EDP-GNN \OT1/ptm/m/n/10 (\OT1/ptm/b/n/10 ?\OT1/
ptm/m/n/10 ) and
 []

[6]
No file main_with_appendix_changed.bbl.
[7]

Package natbib Warning: There were undefined citations.

[8

] (main_with_appendix_changed.aux)
 ***********
LaTeX2e <2023-06-01> patch level 1
L3 programming layer <2023-08-29>
 ***********


LaTeX Font Warning: Size substitutions with differences
(Font)              up to 4.5pt have occurred.

 ) 
Here is how much of TeX's memory you used:
 7674 strings out of 475247
 120665 string characters out of 5757792
 1973801 words of memory out of 5000000
 29064 multiletter control sequences out of 15000+600000
 602786 words of font info for 142 fonts, out of 8000000 for 9000
 1141 hyphenation exceptions out of 8191
 57i,21n,65p,1211b,610s stack positions out of 10000i,1000n,20000p,200000b,200000s
<C:/Users/orfuc/AppData/Local/Programs/MiKTeX/fonts/type1/public/amsfonts/cme
xtra/cmbsy5.pfb><C:/Users/orfuc/AppData/Local/Programs/MiKTeX/fonts/type1/publi
c/amsfonts/cm/cmbx10.pfb><C:/Users/orfuc/AppData/Local/Programs/MiKTeX/fonts/ty
pe1/public/amsfonts/cm/cmbx12.pfb><C:/Users/orfuc/AppData/Local/Programs/MiKTeX
/fonts/type1/public/amsfonts/cm/cmbx5.pfb><C:/Users/orfuc/AppData/Local/Program
s/MiKTeX/fonts/type1/public/amsfonts/cm/cmbx7.pfb><C:/Users/orfuc/AppData/Local
/Programs/MiKTeX/fonts/type1/public/amsfonts/cm/cmex10.pfb><C:/Users/orfuc/AppD
ata/Local/Programs/MiKTeX/fonts/type1/public/amsfonts/cmextra/cmex7.pfb><C:/Use
rs/orfuc/AppData/Local/Programs/MiKTeX/fonts/type1/public/amsfonts/cm/cmmi10.pf
b><C:/Users/orfuc/AppData/Local/Programs/MiKTeX/fonts/type1/public/amsfonts/cm/
cmmi12.pfb><C:/Users/orfuc/AppData/Local/Programs/MiKTeX/fonts/type1/public/ams
fonts/cm/cmmi5.pfb><C:/Users/orfuc/AppData/Local/Programs/MiKTeX/fonts/type1/pu
blic/amsfonts/cm/cmmi7.pfb><C:/Users/orfuc/AppData/Local/Programs/MiKTeX/fonts/
type1/public/amsfonts/cm/cmmib10.pfb><C:/Users/orfuc/AppData/Local/Programs/MiK
TeX/fonts/type1/public/amsfonts/cmextra/cmmib5.pfb><C:/Users/orfuc/AppData/Loca
l/Programs/MiKTeX/fonts/type1/public/amsfonts/cmextra/cmmib7.pfb><C:/Users/orfu
c/AppData/Local/Programs/MiKTeX/fonts/type1/public/amsfonts/cm/cmr10.pfb><C:/Us
ers/orfuc/AppData/Local/Programs/MiKTeX/fonts/type1/public/amsfonts/cm/cmr12.pf
b><C:/Users/orfuc/AppData/Local/Programs/MiKTeX/fonts/type1/public/amsfonts/cm/
cmr17.pfb><C:/Users/orfuc/AppData/Local/Programs/MiKTeX/fonts/type1/public/amsf
onts/cm/cmr5.pfb><C:/Users/orfuc/AppData/Local/Programs/MiKTeX/fonts/type1/publ
ic/amsfonts/cm/cmr7.pfb><C:/Users/orfuc/AppData/Local/Programs/MiKTeX/fonts/typ
e1/public/amsfonts/cm/cmr9.pfb><C:/Users/orfuc/AppData/Local/Programs/MiKTeX/fo
nts/type1/public/amsfonts/cm/cmsy10.pfb><C:/Users/orfuc/AppData/Local/Programs/
MiKTeX/fonts/type1/public/amsfonts/cm/cmsy5.pfb><C:/Users/orfuc/AppData/Local/P
rograms/MiKTeX/fonts/type1/public/amsfonts/cm/cmsy7.pfb><C:/Users/orfuc/AppData
/Local/Programs/MiKTeX/fonts/type1/public/amsfonts/symbols/msbm10.pfb><C:/Users
/orfuc/AppData/Local/Programs/MiKTeX/fonts/type1/public/amsfonts/symbols/msbm7.
pfb><C:/Users/orfuc/AppData/Local/Programs/MiKTeX/fonts/type1/urw/times/utmb8a.
pfb><C:/Users/orfuc/AppData/Local/Programs/MiKTeX/fonts/type1/urw/times/utmr8a.
pfb><C:/Users/orfuc/AppData/Local/Programs/MiKTeX/fonts/type1/urw/times/utmri8a
.pfb>
Output written on main_with_appendix_changed.pdf (8 pages, 554305 bytes).
PDF statistics:
 194 PDF objects out of 1000 (max. 8388607)
 0 named destinations out of 1000 (max. 500000)
 11 words of extra memory for PDF output out of 10000 (max. 10000000)

