This is pdfTeX, Version 3.141592653-2.6-1.40.25 (MiKTeX 23.5) (preloaded format=pdflatex 2024.1.12)  30 MAR 2024 18:01
entering extended mode
 restricted \write18 enabled.
 %&-line parsing enabled.
**./main_changed.tex
(main_changed.tex
LaTeX2e <2023-06-01> patch level 1
L3 programming layer <2023-08-29>
(C:\Users\orfuc\AppData\Local\Programs\MiKTeX\tex/latex/base\article.cls
Document Class: article 2023/05/17 v1.4n Standard LaTeX document class
(C:\Users\orfuc\AppData\Local\Programs\MiKTeX\tex/latex/base\size10.clo
File: size10.clo 2023/05/17 v1.4n Standard LaTeX file (size option)
)
\c@part=\count185
\c@section=\count186
\c@subsection=\count187
\c@subsubsection=\count188
\c@paragraph=\count189
\c@subparagraph=\count190
\c@figure=\count191
\c@table=\count192
\abovecaptionskip=\skip48
\belowcaptionskip=\skip49
\bibindent=\dimen140
)
(aaai23.sty
Package: aaai23 2023/06/27 AAAI 2023 Submission format

Conference Style for AAAI for LaTeX 2e -- version for submission
\titlebox=\skip50
) (C:\Users\orfuc\AppData\Local\Programs\MiKTeX\tex/latex/psnfss\times.sty
Package: times 2020/03/25 PSNFSS-v9.3 (SPQR) 
)
(C:\Users\orfuc\AppData\Local\Programs\MiKTeX\tex/latex/psnfss\helvet.sty
Package: helvet 2020/03/25 PSNFSS-v9.3 (WaS) 

(C:\Users\orfuc\AppData\Local\Programs\MiKTeX\tex/latex/graphics\keyval.sty
Package: keyval 2022/05/29 v1.15 key=value parser (DPC)
\KV@toks@=\toks17
))
(C:\Users\orfuc\AppData\Local\Programs\MiKTeX\tex/latex/psnfss\courier.sty
Package: courier 2020/03/25 PSNFSS-v9.3 (WaS) 
)
(C:\Users\orfuc\AppData\Local\Programs\MiKTeX\tex/latex/url\url.sty
\Urlmuskip=\muskip16
Package: url 2013/09/16  ver 3.4  Verb mode for urls, etc.
)
(C:\Users\orfuc\AppData\Local\Programs\MiKTeX\tex/latex/graphics\graphicx.sty
Package: graphicx 2021/09/16 v1.2d Enhanced LaTeX Graphics (DPC,SPQR)

(C:\Users\orfuc\AppData\Local\Programs\MiKTeX\tex/latex/graphics\graphics.sty
Package: graphics 2022/03/10 v1.4e Standard LaTeX Graphics (DPC,SPQR)

(C:\Users\orfuc\AppData\Local\Programs\MiKTeX\tex/latex/graphics\trig.sty
Package: trig 2021/08/11 v1.11 sin cos tan (DPC)
)
(C:\Users\orfuc\AppData\Local\Programs\MiKTeX\tex/latex/graphics-cfg\graphics.c
fg
File: graphics.cfg 2016/06/04 v1.11 sample graphics configuration
)
Package graphics Info: Driver file: pdftex.def on input line 107.

(C:\Users\orfuc\AppData\Local\Programs\MiKTeX\tex/latex/graphics-def\pdftex.def
File: pdftex.def 2022/09/22 v1.2b Graphics/color driver for pdftex
))
\Gin@req@height=\dimen141
\Gin@req@width=\dimen142
) (C:\Users\orfuc\AppData\Local\Programs\MiKTeX\tex/latex/natbib\natbib.sty
Package: natbib 2010/09/13 8.31b (PWD, AO)
\bibhang=\skip51
\bibsep=\skip52
LaTeX Info: Redefining \cite on input line 694.
\c@NAT@ctr=\count193
)
(C:\Users\orfuc\AppData\Local\Programs\MiKTeX\tex/latex/caption\caption.sty
Package: caption 2023/07/31 v3.6n Customizing captions (AR)

(C:\Users\orfuc\AppData\Local\Programs\MiKTeX\tex/latex/caption\caption3.sty
Package: caption3 2023/07/31 v2.4d caption3 kernel (AR)
\caption@tempdima=\dimen143
\captionmargin=\dimen144
\caption@leftmargin=\dimen145
\caption@rightmargin=\dimen146
\caption@width=\dimen147
\caption@indent=\dimen148
\caption@parindent=\dimen149
\caption@hangindent=\dimen150
Package caption Info: Standard document class detected.
)
\c@caption@flags=\count194
\c@continuedfloat=\count195
)
(C:\Users\orfuc\AppData\Local\Programs\MiKTeX\tex/latex/algorithms\algorithm.st
y
Package: algorithm 2009/08/24 v0.1 Document Style `algorithm' - floating enviro
nment
 (C:\Users\orfuc\AppData\Local\Programs\MiKTeX\tex/latex/float\float.sty
Package: float 2001/11/08 v1.3d Float enhancements (AL)
\c@float@type=\count196
\float@exts=\toks18
\float@box=\box51
\@float@everytoks=\toks19
\@floatcapt=\box52
)
(C:\Users\orfuc\AppData\Local\Programs\MiKTeX\tex/latex/base\ifthen.sty
Package: ifthen 2022/04/13 v1.1d Standard LaTeX ifthen package (DPC)
)
\@float@every@algorithm=\toks20
\c@algorithm=\count197
)
(C:\Users\orfuc\AppData\Local\Programs\MiKTeX\tex/latex/algorithms\algorithmic.
sty
Package: algorithmic 2009/08/24 v0.1 Document Style `algorithmic'
\c@ALC@unique=\count198
\c@ALC@line=\count199
\c@ALC@rem=\count266
\c@ALC@depth=\count267
\ALC@tlm=\skip53
\algorithmicindent=\skip54
)
(C:\Users\orfuc\AppData\Local\Programs\MiKTeX\tex/latex/newfloat\newfloat.sty
Package: newfloat 2019/09/02 v1.1l Defining new floating environments (AR)
)
(C:\Users\orfuc\AppData\Local\Programs\MiKTeX\tex/latex/listings\listings.sty
\lst@mode=\count268
\lst@gtempboxa=\box53
\lst@token=\toks21
\lst@length=\count269
\lst@currlwidth=\dimen151
\lst@column=\count270
\lst@pos=\count271
\lst@lostspace=\dimen152
\lst@width=\dimen153
\lst@newlines=\count272
\lst@lineno=\count273
\lst@maxwidth=\dimen154

(C:\Users\orfuc\AppData\Local\Programs\MiKTeX\tex/latex/listings\lstmisc.sty
File: lstmisc.sty 2023/02/27 1.9 (Carsten Heinz)
\c@lstnumber=\count274
\lst@skipnumbers=\count275
\lst@framebox=\box54
)
(C:\Users\orfuc\AppData\Local\Programs\MiKTeX\tex/latex/listings\listings.cfg
File: listings.cfg 2023/02/27 1.9 listings configuration
))
Package: listings 2023/02/27 1.9 (Carsten Heinz)
\@float@every@listing=\toks22
\c@listing=\count276
(C:\Users\orfuc\AppData\Local\Programs\MiKTeX\tex/latex/tools\tabularx.sty
Package: tabularx 2020/01/15 v2.11c `tabularx' package (DPC)

(C:\Users\orfuc\AppData\Local\Programs\MiKTeX\tex/latex/tools\array.sty
Package: array 2022/09/04 v2.5g Tabular extension package (FMi)
\col@sep=\dimen155
\ar@mcellbox=\box55
\extrarowheight=\dimen156
\NC@list=\toks23
\extratabsurround=\skip55
\backup@length=\skip56
\ar@cellbox=\box56
)
\TX@col@width=\dimen157
\TX@old@table=\dimen158
\TX@old@col=\dimen159
\TX@target=\dimen160
\TX@delta=\dimen161
\TX@cols=\count277
\TX@ftn=\toks24
)
(C:\Users\orfuc\AppData\Local\Programs\MiKTeX\tex/latex/booktabs\booktabs.sty
Package: booktabs 2020/01/12 v1.61803398 Publication quality tables
\heavyrulewidth=\dimen162
\lightrulewidth=\dimen163
\cmidrulewidth=\dimen164
\belowrulesep=\dimen165
\belowbottomsep=\dimen166
\aboverulesep=\dimen167
\abovetopsep=\dimen168
\cmidrulesep=\dimen169
\cmidrulekern=\dimen170
\defaultaddspace=\dimen171
\@cmidla=\count278
\@cmidlb=\count279
\@aboverulesep=\dimen172
\@belowrulesep=\dimen173
\@thisruleclass=\count280
\@lastruleclass=\count281
\@thisrulewidth=\dimen174
)
(C:\Users\orfuc\AppData\Local\Programs\MiKTeX\tex/latex/multirow\multirow.sty
Package: multirow 2021/03/15 v2.8 Span multiple rows of a table
\multirow@colwidth=\skip57
\multirow@cntb=\count282
\multirow@dima=\skip58
\bigstrutjot=\dimen175
)
(C:\Users\orfuc\AppData\Local\Programs\MiKTeX\tex/latex/microtype\microtype.sty
Package: microtype 2023/03/13 v3.1a Micro-typographical refinements (RS)
(C:\Users\orfuc\AppData\Local\Programs\MiKTeX\tex/latex/etoolbox\etoolbox.sty
Package: etoolbox 2020/10/05 v2.5k e-TeX tools for LaTeX (JAW)
\etb@tempcnta=\count283
)
\MT@toks=\toks25
\MT@tempbox=\box57
\MT@count=\count284
LaTeX Info: Redefining \noprotrusionifhmode on input line 1059.
LaTeX Info: Redefining \leftprotrusion on input line 1060.
\MT@prot@toks=\toks26
LaTeX Info: Redefining \rightprotrusion on input line 1078.
LaTeX Info: Redefining \textls on input line 1368.
\MT@outer@kern=\dimen176
LaTeX Info: Redefining \textmicrotypecontext on input line 1988.
\MT@listname@count=\count285

(C:\Users\orfuc\AppData\Local\Programs\MiKTeX\tex/latex/microtype\microtype-pdf
tex.def
File: microtype-pdftex.def 2023/03/13 v3.1a Definitions specific to pdftex (RS)

LaTeX Info: Redefining \lsstyle on input line 902.
LaTeX Info: Redefining \lslig on input line 902.
\MT@outer@space=\skip59
)
Package microtype Info: Loading configuration file microtype.cfg.

(C:\Users\orfuc\AppData\Local\Programs\MiKTeX\tex/latex/microtype\microtype.cfg
File: microtype.cfg 2023/03/13 v3.1a microtype main configuration file (RS)
)) (C:\Users\orfuc\AppData\Local\Programs\MiKTeX\tex/latex/amscls\amsthm.sty
Package: amsthm 2020/05/29 v2.20.6
\thm@style=\toks27
\thm@bodyfont=\toks28
\thm@headfont=\toks29
\thm@notefont=\toks30
\thm@headpunct=\toks31
\thm@preskip=\skip60
\thm@postskip=\skip61
\thm@headsep=\skip62
\dth@everypar=\toks32
)
(C:\Users\orfuc\AppData\Local\Programs\MiKTeX\tex/latex/amsfonts\amssymb.sty
Package: amssymb 2013/01/14 v3.01 AMS font symbols

(C:\Users\orfuc\AppData\Local\Programs\MiKTeX\tex/latex/amsfonts\amsfonts.sty
Package: amsfonts 2013/01/14 v3.01 Basic AMSFonts support
\@emptytoks=\toks33
\symAMSa=\mathgroup4
\symAMSb=\mathgroup5
LaTeX Font Info:    Redeclaring math symbol \hbar on input line 98.
LaTeX Font Info:    Overwriting math alphabet `\mathfrak' in version `bold'
(Font)                  U/euf/m/n --> U/euf/b/n on input line 106.
)) (C:\Users\orfuc\AppData\Local\Programs\MiKTeX\tex/latex/amsmath\amsmath.sty
Package: amsmath 2023/05/13 v2.17o AMS math features
\@mathmargin=\skip63

For additional information on amsmath, use the `?' option.
(C:\Users\orfuc\AppData\Local\Programs\MiKTeX\tex/latex/amsmath\amstext.sty
Package: amstext 2021/08/26 v2.01 AMS text

(C:\Users\orfuc\AppData\Local\Programs\MiKTeX\tex/latex/amsmath\amsgen.sty
File: amsgen.sty 1999/11/30 v2.0 generic functions
\@emptytoks=\toks34
\ex@=\dimen177
))
(C:\Users\orfuc\AppData\Local\Programs\MiKTeX\tex/latex/amsmath\amsbsy.sty
Package: amsbsy 1999/11/29 v1.2d Bold Symbols
\pmbraise@=\dimen178
)
(C:\Users\orfuc\AppData\Local\Programs\MiKTeX\tex/latex/amsmath\amsopn.sty
Package: amsopn 2022/04/08 v2.04 operator names
)
\inf@bad=\count286
LaTeX Info: Redefining \frac on input line 234.
\uproot@=\count287
\leftroot@=\count288
LaTeX Info: Redefining \overline on input line 399.
LaTeX Info: Redefining \colon on input line 410.
\classnum@=\count289
\DOTSCASE@=\count290
LaTeX Info: Redefining \ldots on input line 496.
LaTeX Info: Redefining \dots on input line 499.
LaTeX Info: Redefining \cdots on input line 620.
\Mathstrutbox@=\box58
\strutbox@=\box59
LaTeX Info: Redefining \big on input line 722.
LaTeX Info: Redefining \Big on input line 723.
LaTeX Info: Redefining \bigg on input line 724.
LaTeX Info: Redefining \Bigg on input line 725.
\big@size=\dimen179
LaTeX Font Info:    Redeclaring font encoding OML on input line 743.
LaTeX Font Info:    Redeclaring font encoding OMS on input line 744.
\macc@depth=\count291
LaTeX Info: Redefining \bmod on input line 905.
LaTeX Info: Redefining \pmod on input line 910.
LaTeX Info: Redefining \smash on input line 940.
LaTeX Info: Redefining \relbar on input line 970.
LaTeX Info: Redefining \Relbar on input line 971.
\c@MaxMatrixCols=\count292
\dotsspace@=\muskip17
\c@parentequation=\count293
\dspbrk@lvl=\count294
\tag@help=\toks35
\row@=\count295
\column@=\count296
\maxfields@=\count297
\andhelp@=\toks36
\eqnshift@=\dimen180
\alignsep@=\dimen181
\tagshift@=\dimen182
\tagwidth@=\dimen183
\totwidth@=\dimen184
\lineht@=\dimen185
\@envbody=\toks37
\multlinegap=\skip64
\multlinetaggap=\skip65
\mathdisplay@stack=\toks38
LaTeX Info: Redefining \[ on input line 2953.
LaTeX Info: Redefining \] on input line 2954.
)
(C:\Users\orfuc\AppData\Local\Programs\MiKTeX\tex/latex/caption\subcaption.sty
Package: subcaption 2023/07/28 v1.6b Sub-captions (AR)
Package caption Info: New subtype `subfigure' on input line 238.
\c@subfigure=\count298
Package caption Info: New subtype `subtable' on input line 238.
\c@subtable=\count299
)
\c@theorem=\count300
\c@definition=\count301
\c@lemma=\count302
LaTeX Font Info:    Trying to load font information for OT1+ptm on input line 1
53.
(C:\Users\orfuc\AppData\Local\Programs\MiKTeX\tex/latex/psnfss\ot1ptm.fd
File: ot1ptm.fd 2001/06/04 font definitions for OT1/ptm.
)
(C:\Users\orfuc\AppData\Local\Programs\MiKTeX\tex/latex/l3backend\l3backend-pdf
tex.def
File: l3backend-pdftex.def 2023-04-19 L3 backend support: PDF output (pdfTeX)
\l__color_backend_stack_int=\count303
\l__pdf_internal_box=\box60
) (main_changed.aux)
\openout1 = `main_changed.aux'.

LaTeX Font Info:    Checking defaults for OML/cmm/m/it on input line 153.
LaTeX Font Info:    ... okay on input line 153.
LaTeX Font Info:    Checking defaults for OMS/cmsy/m/n on input line 153.
LaTeX Font Info:    ... okay on input line 153.
LaTeX Font Info:    Checking defaults for OT1/cmr/m/n on input line 153.
LaTeX Font Info:    ... okay on input line 153.
LaTeX Font Info:    Checking defaults for T1/cmr/m/n on input line 153.
LaTeX Font Info:    ... okay on input line 153.
LaTeX Font Info:    Checking defaults for TS1/cmr/m/n on input line 153.
LaTeX Font Info:    ... okay on input line 153.
LaTeX Font Info:    Checking defaults for OMX/cmex/m/n on input line 153.
LaTeX Font Info:    ... okay on input line 153.
LaTeX Font Info:    Checking defaults for U/cmr/m/n on input line 153.
LaTeX Font Info:    ... okay on input line 153.

(C:\Users\orfuc\AppData\Local\Programs\MiKTeX\tex/context/base/mkii\supp-pdf.mk
ii
[Loading MPS to PDF converter (version 2006.09.02).]
\scratchcounter=\count304
\scratchdimen=\dimen186
\scratchbox=\box61
\nofMPsegments=\count305
\nofMParguments=\count306
\everyMPshowfont=\toks39
\MPscratchCnt=\count307
\MPscratchDim=\dimen187
\MPnumerator=\count308
\makeMPintoPDFobject=\count309
\everyMPtoPDFconversion=\toks40
)
(C:\Users\orfuc\AppData\Local\Programs\MiKTeX\tex/latex/epstopdf-pkg\epstopdf-b
ase.sty
Package: epstopdf-base 2020-01-24 v2.11 Base part for package epstopdf

(C:\Users\orfuc\AppData\Local\Programs\MiKTeX\tex/generic/infwarerr\infwarerr.s
ty
Package: infwarerr 2019/12/03 v1.5 Providing info/warning/error messages (HO)
) (C:\Users\orfuc\AppData\Local\Programs\MiKTeX\tex/latex/grfext\grfext.sty
Package: grfext 2019/12/03 v1.3 Manage graphics extensions (HO)

(C:\Users\orfuc\AppData\Local\Programs\MiKTeX\tex/generic/kvdefinekeys\kvdefine
keys.sty
Package: kvdefinekeys 2019-12-19 v1.6 Define keys (HO)
))
(C:\Users\orfuc\AppData\Local\Programs\MiKTeX\tex/latex/kvoptions\kvoptions.sty
Package: kvoptions 2022-06-15 v3.15 Key value format for package options (HO)
(C:\Users\orfuc\AppData\Local\Programs\MiKTeX\tex/generic/ltxcmds\ltxcmds.sty
Package: ltxcmds 2020-05-10 v1.25 LaTeX kernel commands for general use (HO)
)
(C:\Users\orfuc\AppData\Local\Programs\MiKTeX\tex/latex/kvsetkeys\kvsetkeys.sty
Package: kvsetkeys 2022-10-05 v1.19 Key value parser (HO)
))
(C:\Users\orfuc\AppData\Local\Programs\MiKTeX\tex/generic/pdftexcmds\pdftexcmds
.sty
Package: pdftexcmds 2020-06-27 v0.33 Utility functions of pdfTeX for LuaTeX (HO
)
 (C:\Users\orfuc\AppData\Local\Programs\MiKTeX\tex/generic/iftex\iftex.sty
Package: iftex 2022/02/03 v1.0f TeX engine tests
)
Package pdftexcmds Info: \pdf@primitive is available.
Package pdftexcmds Info: \pdf@ifprimitive is available.
Package pdftexcmds Info: \pdfdraftmode found.
)
Package epstopdf-base Info: Redefining graphics rule for `.eps' on input line 4
85.
Package grfext Info: Graphics extension search list:
(grfext)             [.pdf,.png,.jpg,.mps,.jpeg,.jbig2,.jb2,.PDF,.PNG,.JPG,.JPE
G,.JBIG2,.JB2,.eps]
(grfext)             \AppendGraphicsExtensions on input line 504.

(C:\Users\orfuc\AppData\Local\Programs\MiKTeX\tex/latex/00miktex\epstopdf-sys.c
fg
File: epstopdf-sys.cfg 2021/03/18 v2.0 Configuration of epstopdf for MiKTeX
))
Package caption Info: Begin \AtBeginDocument code.
Package caption Info: float package is loaded.
Package caption Info: listings package is loaded.
Package caption Info: End \AtBeginDocument code.
Package newfloat Info: `float' package detected.
\c@lstlisting=\count310
LaTeX Info: Redefining \microtypecontext on input line 153.
Package microtype Info: Applying patch `item' on input line 153.
Package microtype Info: Applying patch `toc' on input line 153.
Package microtype Info: Applying patch `eqnum' on input line 153.
Package microtype Info: Applying patch `footnote' on input line 153.
Package microtype Info: Applying patch `verbatim' on input line 153.
Package microtype Info: Generating PDF output.
Package microtype Info: Character protrusion enabled (level 2).
Package microtype Info: Using default protrusion set `alltext'.
Package microtype Info: Automatic font expansion enabled (level 2),
(microtype)             stretch: 20, shrink: 20, step: 1, non-selected.
Package microtype Info: Using default expansion set `alltext-nott'.
LaTeX Info: Redefining \showhyphens on input line 153.
Package microtype Info: No adjustment of tracking.
Package microtype Info: No adjustment of interword spacing.
Package microtype Info: No adjustment of character kerning.

(C:\Users\orfuc\AppData\Local\Programs\MiKTeX\tex/latex/microtype\mt-ptm.cfg
File: mt-ptm.cfg 2006/04/20 v1.7 microtype config. file: Times (RS)
)
\c@eqfn=\count311
\titlearea=\box62

(C:\Users\orfuc\AppData\Local\Programs\MiKTeX\tex/latex/microtype\mt-cmr.cfg
File: mt-cmr.cfg 2013/05/19 v2.2 microtype config. file: Computer Modern Roman 
(RS)
)
LaTeX Font Info:    Trying to load font information for U+msa on input line 154
.

(C:\Users\orfuc\AppData\Local\Programs\MiKTeX\tex/latex/amsfonts\umsa.fd
File: umsa.fd 2013/01/14 v3.01 AMS symbols A
)
(C:\Users\orfuc\AppData\Local\Programs\MiKTeX\tex/latex/microtype\mt-msa.cfg
File: mt-msa.cfg 2006/02/04 v1.1 microtype config. file: AMS symbols (a) (RS)
)
LaTeX Font Info:    Trying to load font information for U+msb on input line 154
.

(C:\Users\orfuc\AppData\Local\Programs\MiKTeX\tex/latex/amsfonts\umsb.fd
File: umsb.fd 2013/01/14 v3.01 AMS symbols B
)
(C:\Users\orfuc\AppData\Local\Programs\MiKTeX\tex/latex/microtype\mt-msb.cfg
File: mt-msb.cfg 2005/06/01 v1.0 microtype config. file: AMS symbols (b) (RS)
)
\actualheight=\skip66
LaTeX Font Info:    Trying to load font information for TS1+ptm on input line 1
54.

(C:\Users\orfuc\AppData\Local\Programs\MiKTeX\tex/latex/psnfss\ts1ptm.fd
File: ts1ptm.fd 2001/06/04 font definitions for TS1/ptm.
)
<figures/Multi_Sample_Architecture.drawio.pdf, id=1, 473.85028pt x 211.75111pt>

File: figures/Multi_Sample_Architecture.drawio.pdf Graphic file (type pdf)
<use figures/Multi_Sample_Architecture.drawio.pdf>
Package pdftex.def Info: figures/Multi_Sample_Architecture.drawio.pdf  used on 
input line 167.
(pdftex.def)             Requested size: 480.59395pt x 214.76515pt.


Package natbib Warning: Citation `cv3' on page 1 undefined on input line 170.


Package natbib Warning: Citation `cv2' on page 1 undefined on input line 170.


Package natbib Warning: Citation `anh2022multi' on page 1 undefined on input li
ne 170.


Package natbib Warning: Citation `sn1' on page 1 undefined on input line 170.


Package natbib Warning: Citation `sn3' on page 1 undefined on input line 170.


Package natbib Warning: Citation `rs2' on page 1 undefined on input line 170.


Package natbib Warning: Citation `rs3' on page 1 undefined on input line 170.


Package natbib Warning: Citation `le2020stochastically' on page 1 undefined on 
input line 170.


Package natbib Warning: Citation `le2021efficient' on page 1 undefined on input
 line 170.


Package natbib Warning: Citation `sener2019multitask' on page 1 undefined on in
put line 170.


Package natbib Warning: Citation `navon2021learning' on page 1 undefined on inp
ut line 170.


Package natbib Warning: Citation `controllable' on page 1 undefined on input li
ne 172.


Package natbib Warning: Citation `navon2021learning' on page 1 undefined on inp
ut line 172.


Package natbib Warning: Citation `ruchte2021scalable' on page 1 undefined on in
put line 172.


Package natbib Warning: Citation `navon2021learning' on page 1 undefined on inp
ut line 172.


Package natbib Warning: Citation `navon2021learning' on page 1 undefined on inp
ut line 176.

[1{C:/Users/orfuc/AppData/Local/MiKTeX/fonts/map/pdftex/pdftex.map}{C:/Users/or
fuc/AppData/Local/Programs/MiKTeX/fonts/enc/dvips/base/8r.enc}



]

Package natbib Warning: Citation `navon2021learning' on page 2 undefined on inp
ut line 210.

LaTeX Font Info:    Trying to load font information for U+euf on input line 226
.
(C:\Users\orfuc\AppData\Local\Programs\MiKTeX\tex/latex/amsfonts\ueuf.fd
File: ueuf.fd 2013/01/14 v3.01 Euler Fraktur
)
(C:\Users\orfuc\AppData\Local\Programs\MiKTeX\tex/latex/microtype\mt-euf.cfg
File: mt-euf.cfg 2006/07/03 v1.1 microtype config. file: AMS Euler Fraktur (RS)

)

Package natbib Warning: Citation `navon2021learning' on page 2 undefined on inp
ut line 226.


Underfull \hbox (badness 1158) in paragraph at lines 226--227
\OT1/ptm/m/n/10 (+20) tors $\OML/cmm/m/it/10 r[]$ \OT1/ptm/m/n/10 (+20) and use
 $\OML/cmm/m/it/10 h\OT1/cmr/m/n/10 (\OMS/cmsy/m/n/10 ^^A\OML/cmm/m/it/10 ; ^^^
\OT1/cmr/m/n/10 )$ \OT1/ptm/m/n/10 (+20) to gen-er-ate $\OML/cmm/m/it/10 p$ \OT
1/ptm/m/n/10 (+20) tar-get net-works
 []


Package natbib Warning: Citation `hv2' on page 2 undefined on input line 241.


Package natbib Warning: Citation `hypervolumegrad' on page 2 undefined on input
 line 246.


Package natbib Warning: Citation `Dominated-front1' on page 2 undefined on inpu
t line 246.


Package natbib Warning: Citation `Deist_2020' on page 2 undefined on input line
 246.

[2 <./figures/Multi_Sample_Architecture.drawio.pdf>]

Package natbib Warning: Citation `das' on page 3 undefined on input line 274.

<figures/Partition_resize.pdf, id=29, 870.25125pt x 598.235pt>
File: figures/Partition_resize.pdf Graphic file (type pdf)
<use figures/Partition_resize.pdf>
Package pdftex.def Info: figures/Partition_resize.pdf  used on input line 284.
(pdftex.def)             Requested size: 191.51622pt x 131.64862pt.

Package natbib Warning: Citation `Edelsbrunner1985VoronoiDA' on page 3 undefine
d on input line 288.


Package natbib Warning: Citation `moosvgd' on page 3 undefined on input line 31
1.


Package natbib Warning: Citation `inproceedings' on page 3 undefined on input l
ine 338.


Package natbib Warning: Citation `6600851' on page 3 undefined on input line 33
8.


Package natbib Warning: Citation `article' on page 3 undefined on input line 33
8.


Package natbib Warning: Citation `thang2020monotonic' on page 3 undefined on in
put line 338.


Package natbib Warning: Citation `gradientbased1' on page 3 undefined on input 
line 338.


Package natbib Warning: Citation `gradientbased3' on page 3 undefined on input 
line 338.


Package natbib Warning: Citation `kendall2018multitask' on page 3 undefined on 
input line 339.


Package natbib Warning: Citation `chen2018gradnorm' on page 3 undefined on inpu
t line 339.


Package natbib Warning: Citation `sener2019multitask' on page 3 undefined on in
put line 339.


Package natbib Warning: Citation `gradientbased3' on page 3 undefined on input 
line 339.


Package natbib Warning: Citation `yu2020gradient' on page 3 undefined on input 
line 339.


Package natbib Warning: Citation `lin2019pareto' on page 3 undefined on input l
ine 340.


Package natbib Warning: Citation `pmlr-v119-mahapatra20a' on page 3 undefined o
n input line 340.


Package natbib Warning: Citation `ma2020efficient' on page 3 undefined on input
 line 340.


Package natbib Warning: Citation `deist2021multiobjective' on page 3 undefined 
on input line 341.


Package natbib Warning: Citation `hypervolumegrad' on page 3 undefined on input
 line 341.


Package natbib Warning: Citation `Dominated-front1' on page 3 undefined on inpu
t line 341.


Package natbib Warning: Citation `Deist_2020' on page 3 undefined on input line
 341.


Package natbib Warning: Citation `moosvgd' on page 3 undefined on input line 34
1.


Package natbib Warning: Citation `gradientbased3' on page 3 undefined on input 
line 341.


Package natbib Warning: Citation `svgd' on page 3 undefined on input line 341.


Package natbib Warning: Citation `hyper_origin' on page 3 undefined on input li
ne 342.


Package natbib Warning: Citation `controllable' on page 3 undefined on input li
ne 342.


Package natbib Warning: Citation `navon2021learning' on page 3 undefined on inp
ut line 342.


Package natbib Warning: Citation `pmlr-v119-mahapatra20a' on page 3 undefined o
n input line 342.


Package natbib Warning: Citation `ruchte2021scalable' on page 3 undefined on in
put line 342.

[3 <./figures/Partition_resize.pdf>]
<figures/Toy_Plots.pdf, id=36, 1904.11375pt x 1057.9525pt>
File: figures/Toy_Plots.pdf Graphic file (type pdf)
<use figures/Toy_Plots.pdf>
Package pdftex.def Info: figures/Toy_Plots.pdf  used on input line 348.
(pdftex.def)             Requested size: 505.89pt x 281.06638pt.
<figures/Toy_4_PHN-LS.pdf, id=37, 617.30624pt x 474.77377pt>
File: figures/Toy_4_PHN-LS.pdf Graphic file (type pdf)
<use figures/Toy_4_PHN-LS.pdf>
Package pdftex.def Info: figures/Toy_4_PHN-LS.pdf  used on input line 356.
(pdftex.def)             Requested size: 121.41637pt x 93.38101pt.
<figures/Toy_4_COSMOS.pdf, id=38, 617.30624pt x 474.77377pt>
File: figures/Toy_4_COSMOS.pdf Graphic file (type pdf)
<use figures/Toy_4_COSMOS.pdf>
Package pdftex.def Info: figures/Toy_4_COSMOS.pdf  used on input line 361.
(pdftex.def)             Requested size: 121.41637pt x 93.38101pt.
<figures/Toy_4_PHN-EPO.pdf, id=39, 617.30624pt x 474.77377pt>
File: figures/Toy_4_PHN-EPO.pdf Graphic file (type pdf)
<use figures/Toy_4_PHN-EPO.pdf>
Package pdftex.def Info: figures/Toy_4_PHN-EPO.pdf  used on input line 366.
(pdftex.def)             Requested size: 121.41637pt x 93.38101pt.
<figures/Toy_4_PHN-HVI.pdf, id=40, 617.30624pt x 473.77pt>
File: figures/Toy_4_PHN-HVI.pdf Graphic file (type pdf)
<use figures/Toy_4_PHN-HVI.pdf>
Package pdftex.def Info: figures/Toy_4_PHN-HVI.pdf  used on input line 371.
(pdftex.def)             Requested size: 121.41637pt x 93.1836pt.


Package natbib Warning: Citation `navon2021learning' on page 4 undefined on inp
ut line 380.


Package natbib Warning: Citation `ruchte2021scalable' on page 4 undefined on in
put line 380.


Package natbib Warning: Citation `zitzler1999multiobjective' on page 4 undefine
d on input line 382.


Package natbib Warning: Citation `pytorch' on page 4 undefined on input line 38
6.


Package natbib Warning: Citation `moosvgd' on page 4 undefined on input line 39
2.


Package natbib Warning: Citation `lin2019pareto' on page 4 undefined on input l
ine 400.


Underfull \vbox (badness 3547) has occurred while \output is active []

 [4]
<figures/AllPlot_samecols.pdf, id=44, 1664.21762pt x 336.25626pt>
File: figures/AllPlot_samecols.pdf Graphic file (type pdf)
<use figures/AllPlot_samecols.pdf>
Package pdftex.def Info: figures/AllPlot_samecols.pdf  used on input line 442.
(pdftex.def)             Requested size: 505.89pt x 102.2168pt.

Underfull \vbox (badness 10000) has occurred while \output is active []

 [5 <./figures/Toy_Plots.pdf> <./figures/Toy_4_PHN-LS.pdf

pdfTeX warning: pdflatex (file ./figures/Toy_4_PHN-LS.pdf): PDF inclusion: mult
iple pdfs with page group included in a single page
> <./figures/Toy_4_COSMOS.pdf

pdfTeX warning: pdflatex (file ./figures/Toy_4_COSMOS.pdf): PDF inclusion: mult
iple pdfs with page group included in a single page
> <./figures/Toy_4_PHN-EPO.pdf

pdfTeX warning: pdflatex (file ./figures/Toy_4_PHN-EPO.pdf): PDF inclusion: mul
tiple pdfs with page group included in a single page
> <./figures/Toy_4_PHN-HVI.pdf

pdfTeX warning: pdflatex (file ./figures/Toy_4_PHN-HVI.pdf): PDF inclusion: mul
tiple pdfs with page group included in a single page
>]

Package natbib Warning: Citation `lin2019pareto' on page 6 undefined on input l
ine 453.


Package natbib Warning: Citation `sener2019multitask' on page 6 undefined on in
put line 453.


Package natbib Warning: Citation `Felix2018' on page 6 undefined on input line 
466.


Package natbib Warning: Citation `TextCNN' on page 6 undefined on input line 46
9.


Underfull \hbox (badness 1688) in paragraph at lines 474--475
\OT1/ptm/m/n/10 (+20) To demon-strate the vi-a-bil-ity of our strat-egy in high
-
 []


Package natbib Warning: Citation `Goovaerts1997' on page 6 undefined on input l
ine 476.


Package natbib Warning: Citation `Sethu2000' on page 6 undefined on input line 
478.


Underfull \vbox (badness 1546) has occurred while \output is active []

 [6 <./figures/AllPlot_samecols.pdf>]
<figures/Compare_Head_2.pdf, id=113, 422.57875pt x 334.24875pt>
File: figures/Compare_Head_2.pdf Graphic file (type pdf)
<use figures/Compare_Head_2.pdf>
Package pdftex.def Info: figures/Compare_Head_2.pdf  used on input line 489.
(pdftex.def)             Requested size: 179.54578pt x 142.02068pt.
<figures/Partition.pdf, id=114, 424.58624pt x 334.24875pt>
File: figures/Partition.pdf Graphic file (type pdf)
<use figures/Partition.pdf>
Package pdftex.def Info: figures/Partition.pdf  used on input line 495.
(pdftex.def)             Requested size: 179.54578pt x 141.34235pt.
<figures/Compare_lambda.pdf, id=115, 424.58624pt x 335.2525pt>
File: figures/Compare_lambda.pdf Graphic file (type pdf)
<use figures/Compare_lambda.pdf>
Package pdftex.def Info: figures/Compare_lambda.pdf  used on input line 501.
(pdftex.def)             Requested size: 179.54578pt x 141.7668pt.
<figures/Compare_lambda0.1.pdf, id=116, 425.59pt x 338.26375pt>
File: figures/Compare_lambda0.1.pdf Graphic file (type pdf)
<use figures/Compare_lambda0.1.pdf>
Package pdftex.def Info: figures/Compare_lambda0.1.pdf  used on input line 503.

(pdftex.def)             Requested size: 179.54578pt x 142.70465pt.

No file main_changed.bbl.
[7 <./figures/Compare_Head_2.pdf> <./figures/Partition.pdf

pdfTeX warning: pdflatex (file ./figures/Partition.pdf): PDF inclusion: multipl
e pdfs with page group included in a single page
> <./figures/Compare_lambda.pdf

pdfTeX warning: pdflatex (file ./figures/Compare_lambda.pdf): PDF inclusion: mu
ltiple pdfs with page group included in a single page
> <./figures/Compare_lambda0.1.pdf

pdfTeX warning: pdflatex (file ./figures/Compare_lambda0.1.pdf): PDF inclusion:
 multiple pdfs with page group included in a single page
>]

Package natbib Warning: There were undefined citations.

[8

] (main_changed.aux)
 ***********
LaTeX2e <2023-06-01> patch level 1
L3 programming layer <2023-08-29>
 ***********
 ) 
Here is how much of TeX's memory you used:
 10260 strings out of 475247
 166736 string characters out of 5757792
 1954801 words of memory out of 5000000
 31288 multiletter control sequences out of 15000+600000
 601582 words of font info for 311 fonts, out of 8000000 for 9000
 1141 hyphenation exceptions out of 8191
 61i,16n,69p,1485b,594s stack positions out of 10000i,1000n,20000p,200000b,200000s
<C:/Users/orfuc/AppData/Local/Programs/MiKTeX/fonts/type1/public/amsfonts/cm/
cmex10.pfb><C:/Users/orfuc/AppData/Local/Programs/MiKTeX/fonts/type1/public/ams
fonts/cm/cmmi10.pfb><C:/Users/orfuc/AppData/Local/Programs/MiKTeX/fonts/type1/p
ublic/amsfonts/cm/cmmi5.pfb><C:/Users/orfuc/AppData/Local/Programs/MiKTeX/fonts
/type1/public/amsfonts/cm/cmmi7.pfb><C:/Users/orfuc/AppData/Local/Programs/MiKT
eX/fonts/type1/public/amsfonts/cm/cmr10.pfb><C:/Users/orfuc/AppData/Local/Progr
ams/MiKTeX/fonts/type1/public/amsfonts/cm/cmr5.pfb><C:/Users/orfuc/AppData/Loca
l/Programs/MiKTeX/fonts/type1/public/amsfonts/cm/cmr7.pfb><C:/Users/orfuc/AppDa
ta/Local/Programs/MiKTeX/fonts/type1/public/amsfonts/cm/cmsy10.pfb><C:/Users/or
fuc/AppData/Local/Programs/MiKTeX/fonts/type1/public/amsfonts/cm/cmsy5.pfb><C:/
Users/orfuc/AppData/Local/Programs/MiKTeX/fonts/type1/public/amsfonts/cm/cmsy7.
pfb><C:/Users/orfuc/AppData/Local/Programs/MiKTeX/fonts/type1/public/amsfonts/e
uler/eufm10.pfb><C:/Users/orfuc/AppData/Local/Programs/MiKTeX/fonts/type1/publi
c/amsfonts/symbols/msbm10.pfb><C:/Users/orfuc/AppData/Local/Programs/MiKTeX/fon
ts/type1/public/amsfonts/symbols/msbm7.pfb><C:/Users/orfuc/AppData/Local/Progra
ms/MiKTeX/fonts/type1/urw/times/utmb8a.pfb><C:/Users/orfuc/AppData/Local/Progra
ms/MiKTeX/fonts/type1/urw/times/utmr8a.pfb><C:/Users/orfuc/AppData/Local/Progra
ms/MiKTeX/fonts/type1/urw/times/utmri8a.pfb>
Output written on main_changed.pdf (8 pages, 4543195 bytes).
PDF statistics:
 850 PDF objects out of 1000 (max. 8388607)
 0 named destinations out of 1000 (max. 500000)
 69181 words of extra memory for PDF output out of 74296 (max. 10000000)

