This is pdfTeX, Version 3.141592653-2.6-1.40.25 (MiKTeX 23.10) (preloaded format=pdflatex 2024.1.1)  10 MAR 2024 11:07
entering extended mode
 restricted \write18 enabled.
 %&-line parsing enabled.
**./formatted_changed.tex
(formatted_changed.tex
LaTeX2e <2023-06-01> patch level 1
L3 programming layer <2023-08-29>
(C:\Users\tal12\AppData\Local\Programs\MiKTeX\tex/latex/base\article.cls
Document Class: article 2023/05/17 v1.4n Standard LaTeX document class
(C:\Users\tal12\AppData\Local\Programs\MiKTeX\tex/latex/base\size10.clo
File: size10.clo 2023/05/17 v1.4n Standard LaTeX file (size option)
)
\c@part=\count185
\c@section=\count186
\c@subsection=\count187
\c@subsubsection=\count188
\c@paragraph=\count189
\c@subparagraph=\count190
\c@figure=\count191
\c@table=\count192
\abovecaptionskip=\skip48
\belowcaptionskip=\skip49
\bibindent=\dimen140
)
(aaai21.sty
Conference Style for AAAI for LaTeX 2e -- version for the AAAI-21 conference - 
MODIFIED
\titlebox=\skip50
) (C:\Users\tal12\AppData\Local\Programs\MiKTeX\tex/latex/psnfss\times.sty
Package: times 2020/03/25 PSNFSS-v9.3 (SPQR) 
)
(C:\Users\tal12\AppData\Local\Programs\MiKTeX\tex/latex/psnfss\helvet.sty
Package: helvet 2020/03/25 PSNFSS-v9.3 (WaS) 

(C:\Users\tal12\AppData\Local\Programs\MiKTeX\tex/latex/graphics\keyval.sty
Package: keyval 2022/05/29 v1.15 key=value parser (DPC)
\KV@toks@=\toks17
))
(C:\Users\tal12\AppData\Local\Programs\MiKTeX\tex/latex/psnfss\courier.sty
Package: courier 2020/03/25 PSNFSS-v9.3 (WaS) 
)
(C:\Users\tal12\AppData\Local\Programs\MiKTeX\tex/latex/url\url.sty
\Urlmuskip=\muskip16
Package: url 2013/09/16  ver 3.4  Verb mode for urls, etc.
)
(C:\Users\tal12\AppData\Local\Programs\MiKTeX\tex/latex/graphics\graphicx.sty
Package: graphicx 2021/09/16 v1.2d Enhanced LaTeX Graphics (DPC,SPQR)

(C:\Users\tal12\AppData\Local\Programs\MiKTeX\tex/latex/graphics\graphics.sty
Package: graphics 2022/03/10 v1.4e Standard LaTeX Graphics (DPC,SPQR)

(C:\Users\tal12\AppData\Local\Programs\MiKTeX\tex/latex/graphics\trig.sty
Package: trig 2021/08/11 v1.11 sin cos tan (DPC)
)
(C:\Users\tal12\AppData\Local\Programs\MiKTeX\tex/latex/graphics-cfg\graphics.c
fg
File: graphics.cfg 2016/06/04 v1.11 sample graphics configuration
)
Package graphics Info: Driver file: pdftex.def on input line 107.

(C:\Users\tal12\AppData\Local\Programs\MiKTeX\tex/latex/graphics-def\pdftex.def
File: pdftex.def 2022/09/22 v1.2b Graphics/color driver for pdftex
))
\Gin@req@height=\dimen141
\Gin@req@width=\dimen142
) (C:\Users\tal12\AppData\Local\Programs\MiKTeX\tex/latex/natbib\natbib.sty
Package: natbib 2010/09/13 8.31b (PWD, AO)
\bibhang=\skip51
\bibsep=\skip52
LaTeX Info: Redefining \cite on input line 694.
\c@NAT@ctr=\count193
)
(C:\Users\tal12\AppData\Local\Programs\MiKTeX\tex/latex/caption\caption.sty
Package: caption 2023/08/05 v3.6o Customizing captions (AR)

(C:\Users\tal12\AppData\Local\Programs\MiKTeX\tex/latex/caption\caption3.sty
Package: caption3 2023/07/31 v2.4d caption3 kernel (AR)
\caption@tempdima=\dimen143
\captionmargin=\dimen144
\caption@leftmargin=\dimen145
\caption@rightmargin=\dimen146
\caption@width=\dimen147
\caption@indent=\dimen148
\caption@parindent=\dimen149
\caption@hangindent=\dimen150
Package caption Info: Standard document class detected.
)
\c@caption@flags=\count194
\c@continuedfloat=\count195
)
(C:\Users\tal12\AppData\Local\Programs\MiKTeX\tex/latex/subfigure\subfigure.sty
Package: subfigure 2002/07/30 v2.1.4 subfigure package
\subfigtopskip=\skip53
\subfigcapskip=\skip54
\subfigcaptopadj=\dimen151
\subfigbottomskip=\skip55
\subfigcapmargin=\dimen152
\subfiglabelskip=\skip56
\c@subfigure=\count196
\c@lofdepth=\count197
\c@subtable=\count198
\c@lotdepth=\count199
****************************************
* Local config file subfigure.cfg used *
****************************************

(C:\Users\tal12\AppData\Local\Programs\MiKTeX\tex/latex/subfigure\subfigure.cfg
)
\subfig@top=\skip57
\subfig@bottom=\skip58
) (C:\Users\tal12\AppData\Local\Programs\MiKTeX\tex/latex/amsmath\amsmath.sty
Package: amsmath 2023/05/13 v2.17o AMS math features
\@mathmargin=\skip59

For additional information on amsmath, use the `?' option.
(C:\Users\tal12\AppData\Local\Programs\MiKTeX\tex/latex/amsmath\amstext.sty
Package: amstext 2021/08/26 v2.01 AMS text

(C:\Users\tal12\AppData\Local\Programs\MiKTeX\tex/latex/amsmath\amsgen.sty
File: amsgen.sty 1999/11/30 v2.0 generic functions
\@emptytoks=\toks18
\ex@=\dimen153
))
(C:\Users\tal12\AppData\Local\Programs\MiKTeX\tex/latex/amsmath\amsbsy.sty
Package: amsbsy 1999/11/29 v1.2d Bold Symbols
\pmbraise@=\dimen154
)
(C:\Users\tal12\AppData\Local\Programs\MiKTeX\tex/latex/amsmath\amsopn.sty
Package: amsopn 2022/04/08 v2.04 operator names
)
\inf@bad=\count266
LaTeX Info: Redefining \frac on input line 234.
\uproot@=\count267
\leftroot@=\count268
LaTeX Info: Redefining \overline on input line 399.
LaTeX Info: Redefining \colon on input line 410.
\classnum@=\count269
\DOTSCASE@=\count270
LaTeX Info: Redefining \ldots on input line 496.
LaTeX Info: Redefining \dots on input line 499.
LaTeX Info: Redefining \cdots on input line 620.
\Mathstrutbox@=\box51
\strutbox@=\box52
LaTeX Info: Redefining \big on input line 722.
LaTeX Info: Redefining \Big on input line 723.
LaTeX Info: Redefining \bigg on input line 724.
LaTeX Info: Redefining \Bigg on input line 725.
\big@size=\dimen155
LaTeX Font Info:    Redeclaring font encoding OML on input line 743.
LaTeX Font Info:    Redeclaring font encoding OMS on input line 744.
\macc@depth=\count271
LaTeX Info: Redefining \bmod on input line 905.
LaTeX Info: Redefining \pmod on input line 910.
LaTeX Info: Redefining \smash on input line 940.
LaTeX Info: Redefining \relbar on input line 970.
LaTeX Info: Redefining \Relbar on input line 971.
\c@MaxMatrixCols=\count272
\dotsspace@=\muskip17
\c@parentequation=\count273
\dspbrk@lvl=\count274
\tag@help=\toks19
\row@=\count275
\column@=\count276
\maxfields@=\count277
\andhelp@=\toks20
\eqnshift@=\dimen156
\alignsep@=\dimen157
\tagshift@=\dimen158
\tagwidth@=\dimen159
\totwidth@=\dimen160
\lineht@=\dimen161
\@envbody=\toks21
\multlinegap=\skip60
\multlinetaggap=\skip61
\mathdisplay@stack=\toks22
LaTeX Info: Redefining \[ on input line 2953.
LaTeX Info: Redefining \] on input line 2954.
)
(C:\Users\tal12\AppData\Local\Programs\MiKTeX\tex/latex/multirow\multirow.sty
Package: multirow 2021/03/15 v2.8 Span multiple rows of a table
\multirow@colwidth=\skip62
\multirow@cntb=\count278
\multirow@dima=\skip63
\bigstrutjot=\dimen162
)
(C:\Users\tal12\AppData\Local\Programs\MiKTeX\tex/latex/tools\array.sty
Package: array 2022/09/04 v2.5g Tabular extension package (FMi)
\col@sep=\dimen163
\ar@mcellbox=\box53
\extrarowheight=\dimen164
\NC@list=\toks23
\extratabsurround=\skip64
\backup@length=\skip65
\ar@cellbox=\box54
)
(C:\Users\tal12\AppData\Local\Programs\MiKTeX\tex/latex/booktabs\booktabs.sty
Package: booktabs 2020/01/12 v1.61803398 Publication quality tables
\heavyrulewidth=\dimen165
\lightrulewidth=\dimen166
\cmidrulewidth=\dimen167
\belowrulesep=\dimen168
\belowbottomsep=\dimen169
\aboverulesep=\dimen170
\abovetopsep=\dimen171
\cmidrulesep=\dimen172
\cmidrulekern=\dimen173
\defaultaddspace=\dimen174
\@cmidla=\count279
\@cmidlb=\count280
\@aboverulesep=\dimen175
\@belowrulesep=\dimen176
\@thisruleclass=\count281
\@lastruleclass=\count282
\@thisrulewidth=\dimen177
)
(C:\Users\tal12\AppData\Local\Programs\MiKTeX\tex/latex/tools\tabularx.sty
Package: tabularx 2020/01/15 v2.11c `tabularx' package (DPC)
\TX@col@width=\dimen178
\TX@old@table=\dimen179
\TX@old@col=\dimen180
\TX@target=\dimen181
\TX@delta=\dimen182
\TX@cols=\count283
\TX@ftn=\toks24
)
(C:\Users\tal12\AppData\Local\Programs\MiKTeX\tex/latex/lineno\lineno.sty
Package: lineno 2023/05/20 line numbers on paragraphs v5.3

(C:\Users\tal12\AppData\Local\Programs\MiKTeX\tex/latex/etoolbox\etoolbox.sty
Package: etoolbox 2020/10/05 v2.5k e-TeX tools for LaTeX (JAW)
\etb@tempcnta=\count284
)
(C:\Users\tal12\AppData\Local\Programs\MiKTeX\tex/latex/kvoptions\kvoptions.sty
Package: kvoptions 2022-06-15 v3.15 Key value format for package options (HO)
(C:\Users\tal12\AppData\Local\Programs\MiKTeX\tex/generic/ltxcmds\ltxcmds.sty
Package: ltxcmds 2023-12-04 v1.26 LaTeX kernel commands for general use (HO)
)
(C:\Users\tal12\AppData\Local\Programs\MiKTeX\tex/latex/kvsetkeys\kvsetkeys.sty
Package: kvsetkeys 2022-10-05 v1.19 Key value parser (HO)
))
\linenopenalty=\count285
\output=\toks25
\linenoprevgraf=\count286
\linenumbersep=\dimen183
\linenumberwidth=\dimen184
\c@linenumber=\count287
\c@pagewiselinenumber=\count288
\c@LN@truepage=\count289
\c@internallinenumber=\count290
\c@internallinenumbers=\count291
\quotelinenumbersep=\dimen185
\bframerule=\dimen186
\bframesep=\dimen187
\bframebox=\box55
\linenoamsmath@ams@eqpen=\count292
LaTeX Info: Redefining \\ on input line 3180.
)
(C:\Users\tal12\AppData\Local\Programs\MiKTeX\tex/latex/fancyvrb\fancyvrb.sty
Package: fancyvrb 2023/11/06 4.5b verbatim text (tvz,hv)
\FV@CodeLineNo=\count293
\FV@InFile=\read2
\FV@TabBox=\box56
\c@FancyVerbLine=\count294
\FV@StepNumber=\count295
\FV@OutFile=\write3
)
(C:\Users\tal12\AppData\Local\Programs\MiKTeX\tex/latex/xcolor\xcolor.sty
Package: xcolor 2022/06/12 v2.14 LaTeX color extensions (UK)

(C:\Users\tal12\AppData\Local\Programs\MiKTeX\tex/latex/graphics-cfg\color.cfg
File: color.cfg 2016/01/02 v1.6 sample color configuration
)
Package xcolor Info: Driver file: pdftex.def on input line 227.
(C:\Users\tal12\AppData\Local\Programs\MiKTeX\tex/latex/graphics\mathcolor.ltx)
Package xcolor Info: Model `cmy' substituted by `cmy0' on input line 1353.
Package xcolor Info: Model `hsb' substituted by `rgb' on input line 1357.
Package xcolor Info: Model `RGB' extended on input line 1369.
Package xcolor Info: Model `HTML' substituted by `rgb' on input line 1371.
Package xcolor Info: Model `Hsb' substituted by `hsb' on input line 1372.
Package xcolor Info: Model `tHsb' substituted by `hsb' on input line 1373.
Package xcolor Info: Model `HSB' substituted by `hsb' on input line 1374.
Package xcolor Info: Model `Gray' substituted by `gray' on input line 1375.
Package xcolor Info: Model `wave' substituted by `hsb' on input line 1376.
)
LaTeX Font Info:    Trying to load font information for OT1+ptm on input line 1
17.
 (C:\Users\tal12\AppData\Local\Programs\MiKTeX\tex/latex/psnfss\ot1ptm.fd
File: ot1ptm.fd 2001/06/04 font definitions for OT1/ptm.
)
(C:\Users\tal12\AppData\Local\Programs\MiKTeX\tex/latex/l3backend\l3backend-pdf
tex.def
File: l3backend-pdftex.def 2023-04-19 L3 backend support: PDF output (pdfTeX)
\l__color_backend_stack_int=\count296
\l__pdf_internal_box=\box57
) (formatted_changed.aux)
\openout1 = `formatted_changed.aux'.

LaTeX Font Info:    Checking defaults for OML/cmm/m/it on input line 117.
LaTeX Font Info:    ... okay on input line 117.
LaTeX Font Info:    Checking defaults for OMS/cmsy/m/n on input line 117.
LaTeX Font Info:    ... okay on input line 117.
LaTeX Font Info:    Checking defaults for OT1/cmr/m/n on input line 117.
LaTeX Font Info:    ... okay on input line 117.
LaTeX Font Info:    Checking defaults for T1/cmr/m/n on input line 117.
LaTeX Font Info:    ... okay on input line 117.
LaTeX Font Info:    Checking defaults for TS1/cmr/m/n on input line 117.
LaTeX Font Info:    ... okay on input line 117.
LaTeX Font Info:    Checking defaults for OMX/cmex/m/n on input line 117.
LaTeX Font Info:    ... okay on input line 117.
LaTeX Font Info:    Checking defaults for U/cmr/m/n on input line 117.
LaTeX Font Info:    ... okay on input line 117.

(C:\Users\tal12\AppData\Local\Programs\MiKTeX\tex/context/base/mkii\supp-pdf.mk
ii
[Loading MPS to PDF converter (version 2006.09.02).]
\scratchcounter=\count297
\scratchdimen=\dimen188
\scratchbox=\box58
\nofMPsegments=\count298
\nofMParguments=\count299
\everyMPshowfont=\toks26
\MPscratchCnt=\count300
\MPscratchDim=\dimen189
\MPnumerator=\count301
\makeMPintoPDFobject=\count302
\everyMPtoPDFconversion=\toks27
)
(C:\Users\tal12\AppData\Local\Programs\MiKTeX\tex/latex/epstopdf-pkg\epstopdf-b
ase.sty
Package: epstopdf-base 2020-01-24 v2.11 Base part for package epstopdf
Package epstopdf-base Info: Redefining graphics rule for `.eps' on input line 4
85.

(C:\Users\tal12\AppData\Local\Programs\MiKTeX\tex/latex/00miktex\epstopdf-sys.c
fg
File: epstopdf-sys.cfg 2021/03/18 v2.0 Configuration of epstopdf for MiKTeX
))
Package caption Info: Begin \AtBeginDocument code.
Package caption Info: subfigure package is loaded.
Package caption Info: End \AtBeginDocument code.
\titlearea=\box59
\actualheight=\skip66

Underfull \vbox (badness 10000) detected at line 119
 []


Package natbib Warning: Citation `CodeReadabilityBuse' on page 1 undefined on i
nput line 129.


Package natbib Warning: Citation `deSouzaMaintenance' on page 1 undefined on in
put line 129.


Package natbib Warning: Citation `WenLargeStudy' on page 1 undefined on input l
ine 129.


Package natbib Warning: Citation `FluriAnalysis' on page 1 undefined on input l
ine 129.


Package natbib Warning: Citation `ratol2017fragile' on page 1 undefined on inpu
t line 129.


Package natbib Warning: Citation `JiangEvolution' on page 1 undefined on input 
line 129.


Package natbib Warning: Citation `ZhouParameter' on page 1 undefined on input l
ine 129.


Package natbib Warning: Citation `icomment2007' on page 1 undefined on input li
ne 129.


Package natbib Warning: Citation `WenLargeStudy' on page 1 undefined on input l
ine 129.


Package natbib Warning: Citation `JiangEvolution' on page 1 undefined on input 
line 129.


Package natbib Warning: Citation `icomment2007' on page 1 undefined on input li
ne 129.


Package natbib Warning: Citation `ZhouParameter' on page 1 undefined on input l
ine 129.


Package natbib Warning: Citation `JiangEvolution' on page 1 undefined on input 
line 129.


Package natbib Warning: Citation `icomment2007' on page 1 undefined on input li
ne 129.


Package natbib Warning: Citation `IbrahimBugs' on page 1 undefined on input lin
e 129.


Package natbib Warning: Citation `ratol2017fragile' on page 1 undefined on inpu
t line 132.


Package natbib Warning: Citation `ZhouParameter' on page 1 undefined on input l
ine 132.

LaTeX Font Info:    Trying to load font information for OT1+pcr on input line 1
32.
(C:\Users\tal12\AppData\Local\Programs\MiKTeX\tex/latex/psnfss\ot1pcr.fd
File: ot1pcr.fd 2001/06/04 font definitions for OT1/pcr.
)

Package natbib Warning: Citation `tComment' on page 1 undefined on input line 1
32.


Package natbib Warning: Citation `icomment2007' on page 1 undefined on input li
ne 132.


Package natbib Warning: Citation `aComment' on page 1 undefined on input line 1
32.


Package natbib Warning: Citation `Corazza18' on page 1 undefined on input line 
133.


Package natbib Warning: Citation `Cimasa19' on page 1 undefined on input line 1
33.


Package natbib Warning: Citation `WenLargeStudy' on page 1 undefined on input l
ine 138.

<images/inconsistent_small.png, id=1, 764.8575pt x 146.5475pt>
File: images/inconsistent_small.png Graphic file (type png)
<use images/inconsistent_small.png>
Package pdftex.def Info: images/inconsistent_small.png  used on input line 146.

(pdftex.def)             Requested size: 191.2139pt x 36.63678pt.
<images/consistent_small.png, id=3, 764.8575pt x 194.7275pt>
File: images/consistent_small.png Graphic file (type png)
<use images/consistent_small.png>
Package pdftex.def Info: images/consistent_small.png  used on input line 150.
(pdftex.def)             Requested size: 191.2139pt x 48.68175pt.
[1{C:/Users/tal12/AppData/Local/MiKTeX/fonts/map/pdftex/pdftex.map}{C:/Users/ta
l12/AppData/Local/Programs/MiKTeX/fonts/enc/dvips/base/8r.enc}



 <./images/inconsistent_small.png> <./images/consistent_small.png>]

Package natbib Warning: Citation `icomment2007' on page 2 undefined on input li
ne 159.


Package natbib Warning: Citation `aComment' on page 2 undefined on input line 1
59.


Package natbib Warning: Citation `Corazza18' on page 2 undefined on input line 
159.


Package natbib Warning: Citation `SaduThesis' on page 2 undefined on input line
 162.


Package natbib Warning: Citation `LiuOutdatedLine' on page 2 undefined on input
 line 162.


Package natbib Warning: Citation `Malik08' on page 2 undefined on input line 16
2.


Package natbib Warning: Citation `LiuOutdatedLine' on page 2 undefined on input
 line 162.


Package natbib Warning: Citation `Li2016GatedGS' on page 2 undefined on input l
ine 163.


Package natbib Warning: Citation `transformer' on page 2 undefined on input lin
e 163.


Underfull \hbox (badness 1014) in paragraph at lines 162--165
\OT1/ptm/m/n/10 ral net-works (RNNs) and gated graph neu-ral net-works
 []


Package natbib Warning: Citation `panthaplackel2020update' on page 2 undefined 
on input line 167.


Package natbib Warning: Citation `LiuJITUpdate' on page 2 undefined on input li
ne 167.


Package natbib Warning: Citation `panthaplackel2020update' on page 2 undefined 
on input line 168.


Underfull \hbox (badness 5288) in paragraph at lines 172--172
[][]\OT1/ptm/m/n/9 Data and im-ple-men-ta-tion are avail-able at $\OT1/pcr/m/n/
9 https : / /
 []


Underfull \hbox (badness 10000) in paragraph at lines 172--172
\OT1/pcr/m/n/9 github . com / panthap2 / deep -[] jit -[] inconsistency -[]
 []


Underfull \hbox (badness 1117) in paragraph at lines 172--173
\OT1/ptm/m/n/10 in-con-sis-tency de-tec-tion that cor-re-lates a com-ment with
 []


Underfull \vbox (badness 4927) has occurred while \output is active []

LaTeX Font Info:    Trying to load font information for TS1+ptm on input line 1
82.

(C:\Users\tal12\AppData\Local\Programs\MiKTeX\tex/latex/psnfss\ts1ptm.fd
File: ts1ptm.fd 2001/06/04 font definitions for TS1/ptm.
)

Package natbib Warning: Citation `Corazza18' on page 2 undefined on input line 
186.


Package natbib Warning: Citation `icomment2007' on page 2 undefined on input li
ne 186.


Package natbib Warning: Citation `tComment' on page 2 undefined on input line 1
86.


Package natbib Warning: Citation `Khamis2010AutomaticQA' on page 2 undefined on
 input line 186.


Package natbib Warning: Citation `javadoc' on page 2 undefined on input line 18
6.


Package natbib Warning: Citation `Corazza18' on page 2 undefined on input line 
186.


Package natbib Warning: Citation `ZhouParameter' on page 2 undefined on input l
ine 186.


Package natbib Warning: Citation `tComment' on page 2 undefined on input line 1
86.


Package natbib Warning: Citation `icomment2007' on page 2 undefined on input li
ne 186.


Package natbib Warning: Citation `aComment' on page 2 undefined on input line 1
86.

<images/architecture.png, id=16, 993.7125pt x 295.1025pt>
File: images/architecture.png Graphic file (type png)
<use images/architecture.png>
Package pdftex.def Info: images/architecture.png  used on input line 194.
(pdftex.def)             Requested size: 239.39438pt x 71.0917pt.

Package natbib Warning: Citation `ChoGRU' on page 2 undefined on input line 202
.


Package natbib Warning: Citation `transformer' on page 2 undefined on input lin
e 203.

[2 <./images/architecture.png>]

Package natbib Warning: Citation `ratol2017fragile' on page 3 undefined on inpu
t line 206.


Package natbib Warning: Citation `SaduThesis' on page 3 undefined on input line
 206.


Package natbib Warning: Citation `LiuOutdatedLine' on page 3 undefined on input
 line 206.


Package natbib Warning: Citation `Cimasa19' on page 3 undefined on input line 2
06.

<images/diff_sequence.png, id=23, 768.8725pt x 160.6pt>
File: images/diff_sequence.png Graphic file (type png)
<use images/diff_sequence.png>
Package pdftex.def Info: images/diff_sequence.png  used on input line 211.
(pdftex.def)             Requested size: 239.39438pt x 50.00357pt.
<images/diff_ast.png, id=24, 1053.9375pt x 521.95pt>
File: images/diff_ast.png Graphic file (type png)
<use images/diff_ast.png>
Package pdftex.def Info: images/diff_ast.png  used on input line 220.
(pdftex.def)             Requested size: 239.39438pt x 118.55664pt.

Package natbib Warning: Citation `panthaplackel2020update' on page 3 undefined 
on input line 232.


Package natbib Warning: Citation `FernandesSummarization' on page 3 undefined o
n input line 236.


Package natbib Warning: Citation `yin19iclr' on page 3 undefined on input line 
236.


Package natbib Warning: Citation `Li2016GatedGS' on page 3 undefined on input l
ine 236.


Package natbib Warning: Citation `GumTree' on page 3 undefined on input line 23
6.


Package natbib Warning: Citation `FernandesSummarization' on page 3 undefined o
n input line 238.


Package natbib Warning: Citation `panthaplackel2020update' on page 3 undefined 
on input line 243.


Package natbib Warning: Citation `panthaplackel2020update' on page 3 undefined 
on input line 244.

[3 <./images/diff_sequence.png> <./images/diff_ast.png>]

Package natbib Warning: Citation `panthaplackel2020update' on page 4 undefined 
on input line 269.


Package natbib Warning: Citation `ProjectQuality' on page 4 undefined on input 
line 269.


Package natbib Warning: Citation `RenCrossProject' on page 4 undefined on input
 line 273.


Package natbib Warning: Citation `Movshovitz-AttiasCohen13PredictingProgramming
Comments' on page 4 undefined on input line 273.


Package natbib Warning: Citation `WenLargeStudy' on page 4 undefined on input l
ine 273.


Package natbib Warning: Citation `javalang' on page 4 undefined on input line 2
76.


Package natbib Warning: Citation `Alon2019Code2Seq' on page 4 undefined on inpu
t line 277.


Package natbib Warning: Citation `FernandesSummarization' on page 4 undefined o
n input line 277.


Package natbib Warning: Citation `CvitovicOpenVocab' on page 4 undefined on inp
ut line 277.


LaTeX Warning: Reference `appendix:data' on page 4 undefined on input line 278.



Package natbib Warning: Citation `Corazza18' on page 4 undefined on input line 
289.


Package natbib Warning: Citation `Corazza18' on page 4 undefined on input line 
289.


Underfull \hbox (badness 1596) in paragraph at lines 289--290
\OT1/ptm/b/n/10 ? (?): \OT1/ptm/m/n/10 This post hoc bag-of-words ap-proach cla
s-si-fies
 []


Package natbib Warning: Citation `Feng2020CodeBERTAP' on page 4 undefined on in
put line 291.


Package natbib Warning: Citation `LiuOutdatedLine' on page 4 undefined on input
 line 295.


Package natbib Warning: Citation `LiuOutdatedLine' on page 4 undefined on input
 line 295.


LaTeX Warning: Reference `liu-et-al-reimplementation' on page 4 undefined on in
put line 296.


Package natbib Warning: Citation `Corazza18' on page 4 undefined on input line 
311.


Package natbib Warning: Citation `Corazza18' on page 4 undefined on input line 
311.


Package natbib Warning: Citation `LiuOutdatedLine' on page 4 undefined on input
 line 314.


Package natbib Warning: Citation `LiuOutdatedLine' on page 4 undefined on input
 line 314.


Package natbib Warning: Citation `ChenExplicitFeatures' on page 4 undefined on 
input line 349.


Package natbib Warning: Citation `XuanExternalFeatures' on page 4 undefined on 
input line 349.


Package natbib Warning: Citation `panthaplackel2020associating' on page 4 undef
ined on input line 349.


Package natbib Warning: Citation `panthaplackel2020update' on page 4 undefined 
on input line 349.


Package natbib Warning: Citation `panthaplackel2020update' on page 4 undefined 
on input line 391.

[4]

Package natbib Warning: Citation `berg-kirkpatrick-etal-2012-empirical' on page
 5 undefined on input line 395.


Package natbib Warning: Citation `Corazza18' on page 5 undefined on input line 
397.


Package natbib Warning: Citation `Corazza18' on page 5 undefined on input line 
397.


Package natbib Warning: Citation `icomment2007' on page 5 undefined on input li
ne 399.


Package natbib Warning: Citation `aComment' on page 5 undefined on input line 3
99.


Package natbib Warning: Citation `tComment' on page 5 undefined on input line 3
99.


Package natbib Warning: Citation `ratol2017fragile' on page 5 undefined on inpu
t line 399.


Package natbib Warning: Citation `LiuOutdatedLine' on page 5 undefined on input
 line 399.


LaTeX Warning: Reference `appendix:comment-specific' on page 5 undefined on inp
ut line 403.


Package natbib Warning: Citation `panthaplackel2020update' on page 5 undefined 
on input line 408.

[5]

Package natbib Warning: Citation `Luong2015Attention' on page 6 undefined on in
put line 413.


Package natbib Warning: Citation `VinyalsPointer' on page 6 undefined on input 
line 413.


Package natbib Warning: Citation `panthaplackel2020update' on page 6 undefined 
on input line 418.


Package natbib Warning: Citation `panthaplackel2020update' on page 6 undefined 
on input line 434.


Package natbib Warning: Citation `panthaplackel2020update' on page 6 undefined 
on input line 434.


Package natbib Warning: Citation `panthaplackel2020update' on page 6 undefined 
on input line 463.


Package natbib Warning: Citation `papineni2002bleu' on page 6 undefined on inpu
t line 463.


Package natbib Warning: Citation `BanerjeeEtAL2005' on page 6 undefined on inpu
t line 463.


Package natbib Warning: Citation `xu-etal-2016-optimizing' on page 6 undefined 
on input line 463.


Package natbib Warning: Citation `napoles-etal-2015-ground' on page 6 undefined
 on input line 463.


Package natbib Warning: Citation `panthaplackel2020update' on page 6 undefined 
on input line 463.


Package natbib Warning: Citation `panthaplackel2020update' on page 6 undefined 
on input line 463.


LaTeX Warning: Reference `appendix:combined' on page 6 undefined on input line 
464.


Package natbib Warning: Citation `panthaplackel2020update' on page 6 undefined 
on input line 466.


Package natbib Warning: Citation `panthaplackel2020update' on page 6 undefined 
on input line 466.


Package natbib Warning: Citation `panthaplackel2020update' on page 6 undefined 
on input line 466.


Package natbib Warning: Citation `panthaplackel2020update' on page 6 undefined 
on input line 466.


Package natbib Warning: Citation `FluriAnalysis' on page 6 undefined on input l
ine 477.


Package natbib Warning: Citation `JiangEvolution' on page 6 undefined on input 
line 477.


Package natbib Warning: Citation `IbrahimBugs' on page 6 undefined on input lin
e 477.


Package natbib Warning: Citation `fluri:coevolve' on page 6 undefined on input 
line 477.


Package natbib Warning: Citation `WenLargeStudy' on page 6 undefined on input l
ine 477.


Package natbib Warning: Citation `icomment2007' on page 6 undefined on input li
ne 480.


Package natbib Warning: Citation `aComment' on page 6 undefined on input line 4
80.


Package natbib Warning: Citation `ZhouParameter' on page 6 undefined on input l
ine 480.


Package natbib Warning: Citation `tComment' on page 6 undefined on input line 4
80.


Package natbib Warning: Citation `ratol2017fragile' on page 6 undefined on inpu
t line 480.


Package natbib Warning: Citation `Corazza18' on page 6 undefined on input line 
480.


Package natbib Warning: Citation `Corazza18' on page 6 undefined on input line 
480.


Package natbib Warning: Citation `Cimasa19' on page 6 undefined on input line 4
80.


Package natbib Warning: Citation `Khamis2010AutomaticQA' on page 6 undefined on
 input line 480.


Package natbib Warning: Citation `RabbiInconsistencySiamese' on page 6 undefine
d on input line 480.


Underfull \hbox (badness 1331) in paragraph at lines 479--482
\OT1/ptm/m/n/10 ten-cies in spe-cific do-mains, in-clud-ing locks (\OT1/ptm/b/n
/10 ?\OT1/ptm/m/n/10 ), in-ter-
 []

[6]

Package natbib Warning: Citation `LiuOutdatedLine' on page 7 undefined on input
 line 484.


Package natbib Warning: Citation `LiuOutdatedLine' on page 7 undefined on input
 line 484.


Package natbib Warning: Citation `StulovaTowards' on page 7 undefined on input 
line 485.


Package natbib Warning: Citation `Malik08' on page 7 undefined on input line 48
5.


Package natbib Warning: Citation `SaduThesis' on page 7 undefined on input line
 485.


Package natbib Warning: Citation `Svensson2015ReducingOA' on page 7 undefined o
n input line 485.


Package natbib Warning: Citation `NieTrigit' on page 7 undefined on input line 
485.


Underfull \vbox (badness 10000) has occurred while \output is active []


No file formatted_changed.bbl.
[7]

Package natbib Warning: There were undefined citations.

[8

] (formatted_changed.aux)
 ***********
LaTeX2e <2023-06-01> patch level 1
L3 programming layer <2023-08-29>
 ***********


LaTeX Warning: There were undefined references.

 ) 
Here is how much of TeX's memory you used:
 6420 strings out of 475247
 104201 string characters out of 5757793
 1957785 words of memory out of 5000000
 27850 multiletter control sequences out of 15000+600000
 589086 words of font info for 95 fonts, out of 8000000 for 9000
 1141 hyphenation exceptions out of 8191
 57i,17n,65p,1663b,357s stack positions out of 10000i,1000n,20000p,200000b,200000s
<C:/Users/tal12/AppData/Local/Programs/MiKTeX/fonts/type1/public/amsfonts/cm/
cmmi10.pfb><C:/Users/tal12/AppData/Local/Programs/MiKTeX/fonts/type1/public/ams
fonts/cm/cmmi6.pfb><C:/Users/tal12/AppData/Local/Programs/MiKTeX/fonts/type1/pu
blic/amsfonts/cm/cmmi7.pfb><C:/Users/tal12/AppData/Local/Programs/MiKTeX/fonts/
type1/public/amsfonts/cm/cmmi9.pfb><C:/Users/tal12/AppData/Local/Programs/MiKTe
X/fonts/type1/public/amsfonts/cm/cmr10.pfb><C:/Users/tal12/AppData/Local/Progra
ms/MiKTeX/fonts/type1/public/amsfonts/cm/cmr7.pfb><C:/Users/tal12/AppData/Local
/Programs/MiKTeX/fonts/type1/public/amsfonts/cm/cmr9.pfb><C:/Users/tal12/AppDat
a/Local/Programs/MiKTeX/fonts/type1/public/amsfonts/cm/cmsy10.pfb><C:/Users/tal
12/AppData/Local/Programs/MiKTeX/fonts/type1/public/amsfonts/cm/cmsy6.pfb><C:/U
sers/tal12/AppData/Local/Programs/MiKTeX/fonts/type1/public/amsfonts/cm/cmtt10.
pfb><C:/Users/tal12/AppData/Local/Programs/MiKTeX/fonts/type1/public/amsfonts/c
m/cmtt9.pfb><C:/Users/tal12/AppData/Local/Programs/MiKTeX/fonts/type1/urw/couri
er/ucrr8a.pfb><C:/Users/tal12/AppData/Local/Programs/MiKTeX/fonts/type1/urw/tim
es/utmb8a.pfb><C:/Users/tal12/AppData/Local/Programs/MiKTeX/fonts/type1/urw/tim
es/utmr8a.pfb><C:/Users/tal12/AppData/Local/Programs/MiKTeX/fonts/type1/urw/tim
es/utmri8a.pfb>
Output written on formatted_changed.pdf (8 pages, 383415 bytes).
PDF statistics:
 116 PDF objects out of 1000 (max. 8388607)
 0 named destinations out of 1000 (max. 500000)
 26 words of extra memory for PDF output out of 10000 (max. 10000000)

