This is pdfTeX, Version 3.141592653-2.6-1.40.25 (MiKTeX 23.10) (preloaded format=pdflatex 2024.1.1)  10 FEB 2024 13:32
entering extended mode
 restricted \write18 enabled.
 %&-line parsing enabled.
**./paper_aaai24_cr_changed.tex
(paper_aaai24_cr_changed.tex
LaTeX2e <2023-06-01> patch level 1
L3 programming layer <2023-08-29>
(C:\Users\tal12\AppData\Local\Programs\MiKTeX\tex/latex/base\article.cls
Document Class: article 2023/05/17 v1.4n Standard LaTeX document class
(C:\Users\tal12\AppData\Local\Programs\MiKTeX\tex/latex/base\size10.clo
File: size10.clo 2023/05/17 v1.4n Standard LaTeX file (size option)
)
\c@part=\count185
\c@section=\count186
\c@subsection=\count187
\c@subsubsection=\count188
\c@paragraph=\count189
\c@subparagraph=\count190
\c@figure=\count191
\c@table=\count192
\abovecaptionskip=\skip48
\belowcaptionskip=\skip49
\bibindent=\dimen140
)
(aaai24.sty
Package: aaai24 2023/06/26 AAAI 2024 Submission format

Conference Style for AAAI for LaTeX 2e -- version for submission
\titlebox=\skip50
) (C:\Users\tal12\AppData\Local\Programs\MiKTeX\tex/latex/psnfss\times.sty
Package: times 2020/03/25 PSNFSS-v9.3 (SPQR) 
)
(C:\Users\tal12\AppData\Local\Programs\MiKTeX\tex/latex/psnfss\helvet.sty
Package: helvet 2020/03/25 PSNFSS-v9.3 (WaS) 

(C:\Users\tal12\AppData\Local\Programs\MiKTeX\tex/latex/graphics\keyval.sty
Package: keyval 2022/05/29 v1.15 key=value parser (DPC)
\KV@toks@=\toks17
))
(C:\Users\tal12\AppData\Local\Programs\MiKTeX\tex/latex/psnfss\courier.sty
Package: courier 2020/03/25 PSNFSS-v9.3 (WaS) 
)
(C:\Users\tal12\AppData\Local\Programs\MiKTeX\tex/latex/url\url.sty
\Urlmuskip=\muskip16
Package: url 2013/09/16  ver 3.4  Verb mode for urls, etc.
)
(C:\Users\tal12\AppData\Local\Programs\MiKTeX\tex/latex/graphics\graphicx.sty
Package: graphicx 2021/09/16 v1.2d Enhanced LaTeX Graphics (DPC,SPQR)

(C:\Users\tal12\AppData\Local\Programs\MiKTeX\tex/latex/graphics\graphics.sty
Package: graphics 2022/03/10 v1.4e Standard LaTeX Graphics (DPC,SPQR)

(C:\Users\tal12\AppData\Local\Programs\MiKTeX\tex/latex/graphics\trig.sty
Package: trig 2021/08/11 v1.11 sin cos tan (DPC)
)
(C:\Users\tal12\AppData\Local\Programs\MiKTeX\tex/latex/graphics-cfg\graphics.c
fg
File: graphics.cfg 2016/06/04 v1.11 sample graphics configuration
)
Package graphics Info: Driver file: pdftex.def on input line 107.

(C:\Users\tal12\AppData\Local\Programs\MiKTeX\tex/latex/graphics-def\pdftex.def
File: pdftex.def 2022/09/22 v1.2b Graphics/color driver for pdftex
))
\Gin@req@height=\dimen141
\Gin@req@width=\dimen142
) (C:\Users\tal12\AppData\Local\Programs\MiKTeX\tex/latex/natbib\natbib.sty
Package: natbib 2010/09/13 8.31b (PWD, AO)
\bibhang=\skip51
\bibsep=\skip52
LaTeX Info: Redefining \cite on input line 694.
\c@NAT@ctr=\count193
)
(C:\Users\tal12\AppData\Local\Programs\MiKTeX\tex/latex/caption\caption.sty
Package: caption 2023/08/05 v3.6o Customizing captions (AR)

(C:\Users\tal12\AppData\Local\Programs\MiKTeX\tex/latex/caption\caption3.sty
Package: caption3 2023/07/31 v2.4d caption3 kernel (AR)
\caption@tempdima=\dimen143
\captionmargin=\dimen144
\caption@leftmargin=\dimen145
\caption@rightmargin=\dimen146
\caption@width=\dimen147
\caption@indent=\dimen148
\caption@parindent=\dimen149
\caption@hangindent=\dimen150
Package caption Info: Standard document class detected.
)
\c@caption@flags=\count194
\c@continuedfloat=\count195
)
(C:\Users\tal12\AppData\Local\Programs\MiKTeX\tex/latex/algorithms\algorithm.st
y
Package: algorithm 2009/08/24 v0.1 Document Style `algorithm' - floating enviro
nment
 (C:\Users\tal12\AppData\Local\Programs\MiKTeX\tex/latex/float\float.sty
Package: float 2001/11/08 v1.3d Float enhancements (AL)
\c@float@type=\count196
\float@exts=\toks18
\float@box=\box51
\@float@everytoks=\toks19
\@floatcapt=\box52
)
(C:\Users\tal12\AppData\Local\Programs\MiKTeX\tex/latex/base\ifthen.sty
Package: ifthen 2022/04/13 v1.1d Standard LaTeX ifthen package (DPC)
)
\@float@every@algorithm=\toks20
\c@algorithm=\count197
)
(C:\Users\tal12\AppData\Local\Programs\MiKTeX\tex/latex/algorithms\algorithmic.
sty
Package: algorithmic 2009/08/24 v0.1 Document Style `algorithmic'
\c@ALC@unique=\count198
\c@ALC@line=\count199
\c@ALC@rem=\count266
\c@ALC@depth=\count267
\ALC@tlm=\skip53
\algorithmicindent=\skip54
)
(C:\Users\tal12\AppData\Local\Programs\MiKTeX\tex/latex/newfloat\newfloat.sty
Package: newfloat 2023/10/01 v1.2 Defining new floating environments (AR)
)
(C:\Users\tal12\AppData\Local\Programs\MiKTeX\tex/latex/listings\listings.sty
\lst@mode=\count268
\lst@gtempboxa=\box53
\lst@token=\toks21
\lst@length=\count269
\lst@currlwidth=\dimen151
\lst@column=\count270
\lst@pos=\count271
\lst@lostspace=\dimen152
\lst@width=\dimen153
\lst@newlines=\count272
\lst@lineno=\count273
\lst@maxwidth=\dimen154

(C:\Users\tal12\AppData\Local\Programs\MiKTeX\tex/latex/listings\lstmisc.sty
File: lstmisc.sty 2023/02/27 1.9 (Carsten Heinz)
\c@lstnumber=\count274
\lst@skipnumbers=\count275
\lst@framebox=\box54
)
(C:\Users\tal12\AppData\Local\Programs\MiKTeX\tex/latex/listings\listings.cfg
File: listings.cfg 2023/02/27 1.9 listings configuration
))
Package: listings 2023/02/27 1.9 (Carsten Heinz)
\@float@every@listing=\toks22
\c@listing=\count276
(C:\Users\tal12\AppData\Local\Programs\MiKTeX\tex/latex/makecell\makecell.sty
Package: makecell 2009/08/03 V0.1e Managing of Tab Column Heads and Cells

(C:\Users\tal12\AppData\Local\Programs\MiKTeX\tex/latex/tools\array.sty
Package: array 2022/09/04 v2.5g Tabular extension package (FMi)
\col@sep=\dimen155
\ar@mcellbox=\box55
\extrarowheight=\dimen156
\NC@list=\toks23
\extratabsurround=\skip55
\backup@length=\skip56
\ar@cellbox=\box56
)
\rotheadsize=\dimen157
\c@nlinenum=\count277
\TeXr@lab=\toks24
)
(C:\Users\tal12\AppData\Local\Programs\MiKTeX\tex/latex/multirow\multirow.sty
Package: multirow 2021/03/15 v2.8 Span multiple rows of a table
\multirow@colwidth=\skip57
\multirow@cntb=\count278
\multirow@dima=\skip58
\bigstrutjot=\dimen158
)
(C:\Users\tal12\AppData\Local\Programs\MiKTeX\tex/latex/amsfonts\amsfonts.sty
Package: amsfonts 2013/01/14 v3.01 Basic AMSFonts support
\@emptytoks=\toks25
\symAMSa=\mathgroup4
\symAMSb=\mathgroup5
LaTeX Font Info:    Redeclaring math symbol \hbar on input line 98.
LaTeX Font Info:    Overwriting math alphabet `\mathfrak' in version `bold'
(Font)                  U/euf/m/n --> U/euf/b/n on input line 106.
)
LaTeX Font Info:    Trying to load font information for OT1+ptm on input line 1
61.

(C:\Users\tal12\AppData\Local\Programs\MiKTeX\tex/latex/psnfss\ot1ptm.fd
File: ot1ptm.fd 2001/06/04 font definitions for OT1/ptm.
)
(C:\Users\tal12\AppData\Local\Programs\MiKTeX\tex/latex/l3backend\l3backend-pdf
tex.def
File: l3backend-pdftex.def 2023-04-19 L3 backend support: PDF output (pdfTeX)
\l__color_backend_stack_int=\count279
\l__pdf_internal_box=\box57
) (paper_aaai24_cr_changed.aux)
\openout1 = `paper_aaai24_cr_changed.aux'.

LaTeX Font Info:    Checking defaults for OML/cmm/m/it on input line 161.
LaTeX Font Info:    ... okay on input line 161.
LaTeX Font Info:    Checking defaults for OMS/cmsy/m/n on input line 161.
LaTeX Font Info:    ... okay on input line 161.
LaTeX Font Info:    Checking defaults for OT1/cmr/m/n on input line 161.
LaTeX Font Info:    ... okay on input line 161.
LaTeX Font Info:    Checking defaults for T1/cmr/m/n on input line 161.
LaTeX Font Info:    ... okay on input line 161.
LaTeX Font Info:    Checking defaults for TS1/cmr/m/n on input line 161.
LaTeX Font Info:    ... okay on input line 161.
LaTeX Font Info:    Checking defaults for OMX/cmex/m/n on input line 161.
LaTeX Font Info:    ... okay on input line 161.
LaTeX Font Info:    Checking defaults for U/cmr/m/n on input line 161.
LaTeX Font Info:    ... okay on input line 161.

(C:\Users\tal12\AppData\Local\Programs\MiKTeX\tex/context/base/mkii\supp-pdf.mk
ii
[Loading MPS to PDF converter (version 2006.09.02).]
\scratchcounter=\count280
\scratchdimen=\dimen159
\scratchbox=\box58
\nofMPsegments=\count281
\nofMParguments=\count282
\everyMPshowfont=\toks26
\MPscratchCnt=\count283
\MPscratchDim=\dimen160
\MPnumerator=\count284
\makeMPintoPDFobject=\count285
\everyMPtoPDFconversion=\toks27
)
(C:\Users\tal12\AppData\Local\Programs\MiKTeX\tex/latex/epstopdf-pkg\epstopdf-b
ase.sty
Package: epstopdf-base 2020-01-24 v2.11 Base part for package epstopdf
Package epstopdf-base Info: Redefining graphics rule for `.eps' on input line 4
85.

(C:\Users\tal12\AppData\Local\Programs\MiKTeX\tex/latex/00miktex\epstopdf-sys.c
fg
File: epstopdf-sys.cfg 2021/03/18 v2.0 Configuration of epstopdf for MiKTeX
))
Package caption Info: Begin \AtBeginDocument code.
Package caption Info: float package is loaded.
Package caption Info: listings package is loaded.
Package caption Info: End \AtBeginDocument code.
Package newfloat Info: `float' package detected.
\c@lstlisting=\count286
\c@eqfn=\count287
\titlearea=\box59
LaTeX Font Info:    Trying to load font information for U+msa on input line 163
.
 (C:\Users\tal12\AppData\Local\Programs\MiKTeX\tex/latex/amsfonts\umsa.fd
File: umsa.fd 2013/01/14 v3.01 AMS symbols A
)
LaTeX Font Info:    Trying to load font information for U+msb on input line 163
.

(C:\Users\tal12\AppData\Local\Programs\MiKTeX\tex/latex/amsfonts\umsb.fd
File: umsb.fd 2013/01/14 v3.01 AMS symbols B
)
LaTeX Font Info:    Trying to load font information for TS1+ptm on input line 1
63.

(C:\Users\tal12\AppData\Local\Programs\MiKTeX\tex/latex/psnfss\ts1ptm.fd
File: ts1ptm.fd 2001/06/04 font definitions for TS1/ptm.
)
\actualheight=\skip59


Package natbib Warning: Citation `ddpm_20_ho' on page 1 undefined on input line
 171.


Package natbib Warning: Citation `sgm_19_song' on page 1 undefined on input lin
e 171.


Package natbib Warning: Citation `scoresde_21_song' on page 1 undefined on inpu
t line 171.

<overview_gfmdiff.png, id=1, 721.9773pt x 305.99118pt>
File: overview_gfmdiff.png Graphic file (type png)
<use overview_gfmdiff.png>
Package pdftex.def Info: overview_gfmdiff.png  used on input line 177.
(pdftex.def)             Requested size: 404.71353pt x 171.52664pt.

Package natbib Warning: Citation `edm_22_hoogeboom' on page 1 undefined on inpu
t line 182.


Package natbib Warning: Citation `mdm_23_huang' on page 1 undefined on input li
ne 182.


Package natbib Warning: Citation `edm_22_hoogeboom' on page 1 undefined on inpu
t line 182.


Package natbib Warning: Citation `mdm_23_huang' on page 1 undefined on input li
ne 182.


Package natbib Warning: Citation `moleformer_23_yuan' on page 1 undefined on in
put line 182.


Package natbib Warning: Citation `edpgnn_20_niu' on page 1 undefined on input l
ine 185.


Package natbib Warning: Citation `digress_22_vignac' on page 1 undefined on inp
ut line 185.


Package natbib Warning: Citation `midi_23_vignac' on page 1 undefined on input 
line 185.


Underfull \vbox (badness 1400) has occurred while \output is active []

 [1{C:/Users/tal12/AppData/Local/MiKTeX/fonts/map/pdftex/pdftex.map}{C:/Users/t
al12/AppData/Local/Programs/MiKTeX/fonts/enc/dvips/base/8r.enc}



]
<structure_dtn.png, id=10, 779.72102pt x 266.96538pt>
File: structure_dtn.png Graphic file (type png)
<use structure_dtn.png>
Package pdftex.def Info: structure_dtn.png  used on input line 198.
(pdftex.def)             Requested size: 404.71353pt x 138.56615pt.


Package natbib Warning: Citation `blendeddiffusion_22_avrahami' on page 2 undef
ined on input line 205.


Package natbib Warning: Citation `cascadeddiff_22_ho' on page 2 undefined on in
put line 205.


Package natbib Warning: Citation `gradforshapegen_20_cai' on page 2 undefined o
n input line 205.


Package natbib Warning: Citation `sgmpointcloud_21_luo' on page 2 undefined on 
input line 205.


Package natbib Warning: Citation `argmaxflow_21_hoogeboom' on page 2 undefined 
on input line 205.


Package natbib Warning: Citation `stepunrolled_22_savinov' on page 2 undefined 
on input line 205.


Package natbib Warning: Citation `housediffusion_23_shabani' on page 2 undefine
d on input line 205.


Package natbib Warning: Citation `nap_23_lei' on page 2 undefined on input line
 205.


Package natbib Warning: Citation `mofusion_22_dabral' on page 2 undefined on in
put line 207.


Package natbib Warning: Citation `unet_15_ronneberger' on page 2 undefined on i
nput line 207.


Package natbib Warning: Citation `edpgnn_20_niu' on page 2 undefined on input l
ine 209.


Package natbib Warning: Citation `vae_13_kingma' on page 2 undefined on input l
ine 212.


Package natbib Warning: Citation `nice_15_dinh' on page 2 undefined on input li
ne 212.


Package natbib Warning: Citation `gan_14_goodfellow' on page 2 undefined on inp
ut line 212.


Package natbib Warning: Citation `gschnet_19_wallach' on page 2 undefined on in
put line 212.


Package natbib Warning: Citation `edm_22_hoogeboom' on page 2 undefined on inpu
t line 216.


Package natbib Warning: Citation `mdm_23_huang' on page 2 undefined on input li
ne 216.


Package natbib Warning: Citation `digress_22_vignac' on page 2 undefined on inp
ut line 216.


Package natbib Warning: Citation `midi_23_vignac' on page 2 undefined on input 
line 216.

[2 <./overview_gfmdiff.png>]
Underfull \hbox (badness 1496) in paragraph at lines 241--242
 \OT1/ptm/b/n/10 De-nois-ing Pro-cess \OT1/ptm/m/n/10 Dur-ing the de-nois-ing p
ro-cess, the
 []


Underfull \hbox (badness 1803) in paragraph at lines 241--242
[][] \OML/cmm/m/it/10 p[]\OT1/cmr/m/n/10 (\OML/cmm/m/it/10 G[]\OMS/cmsy/m/n/10 
j\OML/cmm/m/it/10 G[]\OT1/cmr/m/n/10 )$ \OT1/ptm/m/n/10 close to the ac-tual re
-verse pro-cess
 []


Package natbib Warning: Citation `vaediff_21_kingma' on page 3 undefined on inp
ut line 253.


Underfull \hbox (badness 2073) in paragraph at lines 264--265
\OT1/ptm/m/n/10 nois-ing ker-nel, Geometric-Facilitated loss, the for-ward
 []

[3 <./structure_dtn.png>]
<gfloss.png, id=29, 242.97174pt x 214.93098pt>
File: gfloss.png Graphic file (type png)
<use gfloss.png>
Package pdftex.def Info: gfloss.png  used on input line 288.
(pdftex.def)             Requested size: 191.51622pt x 169.41316pt.

Overfull \hbox (4.3315pt too wide) detected at line 320
\OML/cmm/m/it/10 e[] \OT1/cmr/m/n/10 = [] []
 []


Package natbib Warning: Citation `edm_22_hoogeboom' on page 4 undefined on inpu
t line 322.


Package natbib Warning: Citation `mdm_23_huang' on page 4 undefined on input li
ne 322.

<samples_qm9.png, id=30, 609.38065pt x 93.73419pt>
File: samples_qm9.png Graphic file (type png)
<use samples_qm9.png>
Package pdftex.def Info: samples_qm9.png  used on input line 355.
(pdftex.def)             Requested size: 505.89pt x 77.81508pt.
<samples_qm9_cond.png, id=31, 608.65794pt x 110.28403pt>
File: samples_qm9_cond.png Graphic file (type png)
<use samples_qm9_cond.png>
Package pdftex.def Info: samples_qm9_cond.png  used on input line 381.
(pdftex.def)             Requested size: 505.89pt x 91.66191pt.
[4 <./gfloss.png>]
<samples_drugs.png, id=39, 608.29659pt x 93.2283pt>
File: samples_drugs.png Graphic file (type png)
<use samples_drugs.png>
Package pdftex.def Info: samples_drugs.png  used on input line 466.
(pdftex.def)             Requested size: 505.89pt x 77.53452pt.


Package natbib Warning: Citation `qm9_14_ramakrishnan' on page 5 undefined on i
nput line 472.


Package natbib Warning: Citation `drugs_22_axelrod' on page 5 undefined on inpu
t line 472.


Package natbib Warning: Citation `qm9_14_ramakrishnan' on page 5 undefined on i
nput line 478.


Package natbib Warning: Citation `drugs_22_axelrod' on page 5 undefined on inpu
t line 478.

[5 <./samples_qm9.png>]

Package natbib Warning: Citation `enf_21_satorras' on page 6 undefined on input
 line 481.


Package natbib Warning: Citation `gschnet_19_wallach' on page 6 undefined on in
put line 481.


Package natbib Warning: Citation `edm_22_hoogeboom' on page 6 undefined on inpu
t line 481.


Package natbib Warning: Citation `diffpg_22_wu' on page 6 undefined on input li
ne 481.


Package natbib Warning: Citation `gcdm_23_morehead' on page 6 undefined on inpu
t line 481.


Package natbib Warning: Citation `geoldm_23_xu' on page 6 undefined on input li
ne 481.


Underfull \vbox (badness 10000) has occurred while \output is active []

 [6 <./samples_qm9_cond.png>]
Underfull \hbox (badness 1137) in paragraph at lines 499--500
\OT1/ptm/m/n/10 Drugs dataset, since it is a large scale dataset of big
 []

[7 <./samples_drugs.png>] [8

]
No file paper_aaai24_cr_changed.bbl.

Package natbib Warning: There were undefined citations.

(paper_aaai24_cr_changed.aux)
 ***********
LaTeX2e <2023-06-01> patch level 1
L3 programming layer <2023-08-29>
 ***********
 ) 
Here is how much of TeX's memory you used:
 5607 strings out of 475247
 93052 string characters out of 5757793
 1949785 words of memory out of 5000000
 27061 multiletter control sequences out of 15000+600000
 589607 words of font info for 103 fonts, out of 8000000 for 9000
 1141 hyphenation exceptions out of 8191
 57i,18n,65p,1681b,304s stack positions out of 10000i,1000n,20000p,200000b,200000s
<C:/Users/tal12/AppData/Local/Programs/MiKTeX/fonts/type1/public/amsfonts/cm/
cmbx10.pfb><C:/Users/tal12/AppData/Local/Programs/MiKTeX/fonts/type1/public/ams
fonts/cm/cmbx7.pfb><C:/Users/tal12/AppData/Local/Programs/MiKTeX/fonts/type1/pu
blic/amsfonts/cm/cmex10.pfb><C:/Users/tal12/AppData/Local/Programs/MiKTeX/fonts
/type1/public/amsfonts/cm/cmmi10.pfb><C:/Users/tal12/AppData/Local/Programs/MiK
TeX/fonts/type1/public/amsfonts/cm/cmmi5.pfb><C:/Users/tal12/AppData/Local/Prog
rams/MiKTeX/fonts/type1/public/amsfonts/cm/cmmi7.pfb><C:/Users/tal12/AppData/Lo
cal/Programs/MiKTeX/fonts/type1/public/amsfonts/cm/cmr10.pfb><C:/Users/tal12/Ap
pData/Local/Programs/MiKTeX/fonts/type1/public/amsfonts/cm/cmr5.pfb><C:/Users/t
al12/AppData/Local/Programs/MiKTeX/fonts/type1/public/amsfonts/cm/cmr7.pfb><C:/
Users/tal12/AppData/Local/Programs/MiKTeX/fonts/type1/public/amsfonts/cm/cmsy10
.pfb><C:/Users/tal12/AppData/Local/Programs/MiKTeX/fonts/type1/public/amsfonts/
cm/cmsy5.pfb><C:/Users/tal12/AppData/Local/Programs/MiKTeX/fonts/type1/public/a
msfonts/cm/cmsy7.pfb><C:/Users/tal12/AppData/Local/Programs/MiKTeX/fonts/type1/
public/amsfonts/symbols/msbm10.pfb><C:/Users/tal12/AppData/Local/Programs/MiKTe
X/fonts/type1/urw/times/utmb8a.pfb><C:/Users/tal12/AppData/Local/Programs/MiKTe
X/fonts/type1/urw/times/utmbi8a.pfb><C:/Users/tal12/AppData/Local/Programs/MiKT
eX/fonts/type1/urw/times/utmr8a.pfb><C:/Users/tal12/AppData/Local/Programs/MiKT
eX/fonts/type1/urw/times/utmri8a.pfb>
Output written on paper_aaai24_cr_changed.pdf (8 pages, 6340739 bytes).
PDF statistics:
 128 PDF objects out of 1000 (max. 8388607)
 0 named destinations out of 1000 (max. 500000)
 31 words of extra memory for PDF output out of 10000 (max. 10000000)

