This is pdfTeX, Version 3.141592653-2.6-1.40.25 (MiKTeX 23.5) (preloaded format=pdflatex 2024.1.12)  30 MAR 2024 17:37
entering extended mode
 restricted \write18 enabled.
 %&-line parsing enabled.
**./ms_changed.tex
(ms_changed.tex
LaTeX2e <2023-06-01> patch level 1
L3 programming layer <2023-08-29>
(C:\Users\orfuc\AppData\Local\Programs\MiKTeX\tex/latex/base\article.cls
Document Class: article 2023/05/17 v1.4n Standard LaTeX document class
(C:\Users\orfuc\AppData\Local\Programs\MiKTeX\tex/latex/base\size10.clo
File: size10.clo 2023/05/17 v1.4n Standard LaTeX file (size option)
)
\c@part=\count185
\c@section=\count186
\c@subsection=\count187
\c@subsubsection=\count188
\c@paragraph=\count189
\c@subparagraph=\count190
\c@figure=\count191
\c@table=\count192
\abovecaptionskip=\skip48
\belowcaptionskip=\skip49
\bibindent=\dimen140
)
(aaai21.sty
Conference Style for AAAI for LaTeX 2e -- version for the AAAI-21 conference - 
MODIFIED
\titlebox=\skip50
) (C:\Users\orfuc\AppData\Local\Programs\MiKTeX\tex/latex/psnfss\times.sty
Package: times 2020/03/25 PSNFSS-v9.3 (SPQR) 
)
(C:\Users\orfuc\AppData\Local\Programs\MiKTeX\tex/latex/psnfss\helvet.sty
Package: helvet 2020/03/25 PSNFSS-v9.3 (WaS) 

(C:\Users\orfuc\AppData\Local\Programs\MiKTeX\tex/latex/graphics\keyval.sty
Package: keyval 2022/05/29 v1.15 key=value parser (DPC)
\KV@toks@=\toks17
))
(C:\Users\orfuc\AppData\Local\Programs\MiKTeX\tex/latex/psnfss\courier.sty
Package: courier 2020/03/25 PSNFSS-v9.3 (WaS) 
)
(C:\Users\orfuc\AppData\Local\Programs\MiKTeX\tex/latex/url\url.sty
\Urlmuskip=\muskip16
Package: url 2013/09/16  ver 3.4  Verb mode for urls, etc.
)
(C:\Users\orfuc\AppData\Local\Programs\MiKTeX\tex/latex/graphics\graphicx.sty
Package: graphicx 2021/09/16 v1.2d Enhanced LaTeX Graphics (DPC,SPQR)

(C:\Users\orfuc\AppData\Local\Programs\MiKTeX\tex/latex/graphics\graphics.sty
Package: graphics 2022/03/10 v1.4e Standard LaTeX Graphics (DPC,SPQR)

(C:\Users\orfuc\AppData\Local\Programs\MiKTeX\tex/latex/graphics\trig.sty
Package: trig 2021/08/11 v1.11 sin cos tan (DPC)
)
(C:\Users\orfuc\AppData\Local\Programs\MiKTeX\tex/latex/graphics-cfg\graphics.c
fg
File: graphics.cfg 2016/06/04 v1.11 sample graphics configuration
)
Package graphics Info: Driver file: pdftex.def on input line 107.

(C:\Users\orfuc\AppData\Local\Programs\MiKTeX\tex/latex/graphics-def\pdftex.def
File: pdftex.def 2022/09/22 v1.2b Graphics/color driver for pdftex
))
\Gin@req@height=\dimen141
\Gin@req@width=\dimen142
) (C:\Users\orfuc\AppData\Local\Programs\MiKTeX\tex/latex/natbib\natbib.sty
Package: natbib 2010/09/13 8.31b (PWD, AO)
\bibhang=\skip51
\bibsep=\skip52
LaTeX Info: Redefining \cite on input line 694.
\c@NAT@ctr=\count193
)
(C:\Users\orfuc\AppData\Local\Programs\MiKTeX\tex/latex/caption\caption.sty
Package: caption 2023/07/31 v3.6n Customizing captions (AR)

(C:\Users\orfuc\AppData\Local\Programs\MiKTeX\tex/latex/caption\caption3.sty
Package: caption3 2023/07/31 v2.4d caption3 kernel (AR)
\caption@tempdima=\dimen143
\captionmargin=\dimen144
\caption@leftmargin=\dimen145
\caption@rightmargin=\dimen146
\caption@width=\dimen147
\caption@indent=\dimen148
\caption@parindent=\dimen149
\caption@hangindent=\dimen150
Package caption Info: Standard document class detected.
)
\c@caption@flags=\count194
\c@continuedfloat=\count195
)
LaTeX Font Info:    Trying to load font information for OT1+ptm on input line 9
0.

(C:\Users\orfuc\AppData\Local\Programs\MiKTeX\tex/latex/psnfss\ot1ptm.fd
File: ot1ptm.fd 2001/06/04 font definitions for OT1/ptm.
)
(C:\Users\orfuc\AppData\Local\Programs\MiKTeX\tex/latex/l3backend\l3backend-pdf
tex.def
File: l3backend-pdftex.def 2023-04-19 L3 backend support: PDF output (pdfTeX)
\l__color_backend_stack_int=\count196
\l__pdf_internal_box=\box51
) (ms_changed.aux)
\openout1 = `ms_changed.aux'.

LaTeX Font Info:    Checking defaults for OML/cmm/m/it on input line 90.
LaTeX Font Info:    ... okay on input line 90.
LaTeX Font Info:    Checking defaults for OMS/cmsy/m/n on input line 90.
LaTeX Font Info:    ... okay on input line 90.
LaTeX Font Info:    Checking defaults for OT1/cmr/m/n on input line 90.
LaTeX Font Info:    ... okay on input line 90.
LaTeX Font Info:    Checking defaults for T1/cmr/m/n on input line 90.
LaTeX Font Info:    ... okay on input line 90.
LaTeX Font Info:    Checking defaults for TS1/cmr/m/n on input line 90.
LaTeX Font Info:    ... okay on input line 90.
LaTeX Font Info:    Checking defaults for OMX/cmex/m/n on input line 90.
LaTeX Font Info:    ... okay on input line 90.
LaTeX Font Info:    Checking defaults for U/cmr/m/n on input line 90.
LaTeX Font Info:    ... okay on input line 90.

(C:\Users\orfuc\AppData\Local\Programs\MiKTeX\tex/context/base/mkii\supp-pdf.mk
ii
[Loading MPS to PDF converter (version 2006.09.02).]
\scratchcounter=\count197
\scratchdimen=\dimen151
\scratchbox=\box52
\nofMPsegments=\count198
\nofMParguments=\count199
\everyMPshowfont=\toks18
\MPscratchCnt=\count266
\MPscratchDim=\dimen152
\MPnumerator=\count267
\makeMPintoPDFobject=\count268
\everyMPtoPDFconversion=\toks19
)
(C:\Users\orfuc\AppData\Local\Programs\MiKTeX\tex/latex/epstopdf-pkg\epstopdf-b
ase.sty
Package: epstopdf-base 2020-01-24 v2.11 Base part for package epstopdf
Package epstopdf-base Info: Redefining graphics rule for `.eps' on input line 4
85.

(C:\Users\orfuc\AppData\Local\Programs\MiKTeX\tex/latex/00miktex\epstopdf-sys.c
fg
File: epstopdf-sys.cfg 2021/03/18 v2.0 Configuration of epstopdf for MiKTeX
))
Package caption Info: Begin \AtBeginDocument code.
Package caption Info: End \AtBeginDocument code.
\titlearea=\box53
LaTeX Font Info:    External font `cmex10' loaded for size
(Font)              <7> on input line 92.
LaTeX Font Info:    External font `cmex10' loaded for size
(Font)              <5> on input line 92.
LaTeX Font Info:    Trying to load font information for OMS+ptm on input line 9
2.
 (C:\Users\orfuc\AppData\Local\Programs\MiKTeX\tex/latex/psnfss\omsptm.fd
File: omsptm.fd 
)
LaTeX Font Info:    Font shape `OMS/ptm/m/n' in size <12> not available
(Font)              Font shape `OMS/cmsy/m/n' tried instead on input line 92.
\actualheight=\skip53

Underfull \vbox (badness 10000) detected at line 92
 []

LaTeX Font Info:    Trying to load font information for TS1+ptm on input line 9
2.
(C:\Users\orfuc\AppData\Local\Programs\MiKTeX\tex/latex/psnfss\ts1ptm.fd
File: ts1ptm.fd 2001/06/04 font definitions for TS1/ptm.
)

Package natbib Warning: Citation `henrich2006costly' on page 1 undefined on inp
ut line 99.


Package natbib Warning: Citation `branting1998automating' on page 1 undefined o
n input line 99.


Package natbib Warning: Citation `sartor1998introduction' on page 1 undefined o
n input line 99.


Package natbib Warning: Citation `sourdin2018judge' on page 1 undefined on inpu
t line 99.


Package natbib Warning: Citation `briggs2015sorry' on page 1 undefined on input
 line 99.


Package natbib Warning: Citation `jung2015using' on page 1 undefined on input l
ine 99.


Package natbib Warning: Citation `jackson2019tact' on page 1 undefined on input
 line 99.


Package natbib Warning: Citation `ulenaers2020impact' on page 1 undefined on in
put line 99.


Package natbib Warning: Citation `chen2021having' on page 1 undefined on input 
line 99.


Package natbib Warning: Citation `casey2020will' on page 1 undefined on input l
ine 99.


Package natbib Warning: Citation `briggs2015sorry' on page 1 undefined on input
 line 99.


Package natbib Warning: Citation `jung2015using' on page 1 undefined on input l
ine 99.


Package natbib Warning: Citation `jackson2019tact' on page 1 undefined on input
 line 99.


Underfull \hbox (badness 1902) in paragraph at lines 99--100
\OT1/ptm/m/n/10 Social and moral norms are main-tained and en-forced
 []


Package natbib Warning: Citation `o2016weapons' on page 1 undefined on input li
ne 101.


Package natbib Warning: Citation `sourdin2018judge' on page 1 undefined on inpu
t line 101.


Package natbib Warning: Citation `sourdin2018judge' on page 1 undefined on inpu
t line 101.


Package natbib Warning: Citation `von1990proportionality' on page 1 undefined o
n input line 101.


Package natbib Warning: Citation `tyler2006psychological' on page 1 undefined o
n input line 101.


Package natbib Warning: Citation `suchman1995managing' on page 1 undefined on i
nput line 106.


Package natbib Warning: Citation `chen2021having' on page 1 undefined on input 
line 106.


Package natbib Warning: Citation `tyler2021people' on page 1 undefined on input
 line 108.

[1{C:/Users/orfuc/AppData/Local/MiKTeX/fonts/map/pdftex/pdftex.map}{C:/Users/or
fuc/AppData/Local/Programs/MiKTeX/fonts/enc/dvips/base/8r.enc}



]

Package natbib Warning: Citation `volokh2018chief' on page 2 undefined on input
 line 111.


Package natbib Warning: Citation `chen2021having' on page 2 undefined on input 
line 111.


Package natbib Warning: Citation `araujo2020ai' on page 2 undefined on input li
ne 111.


Package natbib Warning: Citation `chen2021having' on page 2 undefined on input 
line 111.


Package natbib Warning: Citation `darley2003psychology' on page 2 undefined on 
input line 113.


Package natbib Warning: Citation `sep-justice-retributive' on page 2 undefined 
on input line 113.


Package natbib Warning: Citation `darley2003psychology' on page 2 undefined on 
input line 113.


Package natbib Warning: Citation `sep-justice-retributive' on page 2 undefined 
on input line 113.


Package natbib Warning: Citation `miller1981social' on page 2 undefined on inpu
t line 113.


Package natbib Warning: Citation `hogan1981retributive' on page 2 undefined on 
input line 113.


Package natbib Warning: Citation `ball1994just' on page 2 undefined on input li
ne 113.


Package natbib Warning: Citation `wagstaff1997overpunishment' on page 2 undefin
ed on input line 115.


Package natbib Warning: Citation `jung2015using' on page 2 undefined on input l
ine 117.


Package natbib Warning: Citation `jackson2019tact' on page 2 undefined on input
 line 117.


Package natbib Warning: Citation `miller1981social' on page 2 undefined on inpu
t line 120.


Package natbib Warning: Citation `hogan1981retributive' on page 2 undefined on 
input line 120.


Package natbib Warning: Citation `ball1994just' on page 2 undefined on input li
ne 120.


Package natbib Warning: Citation `wagstaff1997overpunishment' on page 2 undefin
ed on input line 125.

[2]

Package natbib Warning: Citation `darley2003psychology' on page 3 undefined on 
input line 137.


Package natbib Warning: Citation `sep-justice-retributive' on page 3 undefined 
on input line 137.


Package natbib Warning: Citation `titlestad2019dynamic' on page 3 undefined on 
input line 139.

<AIHRIFigure1.png, id=11, 534.99875pt x 448.67625pt>
File: AIHRIFigure1.png Graphic file (type png)
<use AIHRIFigure1.png>
Package pdftex.def Info: AIHRIFigure1.png  used on input line 143.
(pdftex.def)             Requested size: 227.64894pt x 190.92108pt.

Package natbib Warning: Citation `o2016weapons' on page 3 undefined on input li
ne 149.


Package natbib Warning: Citation `sourdin2018judge' on page 3 undefined on inpu
t line 149.

[3 <./AIHRIFigure1.png>] [4

]
No file ms_changed.bbl.

Package natbib Warning: There were undefined citations.

(ms_changed.aux)
 ***********
LaTeX2e <2023-06-01> patch level 1
L3 programming layer <2023-08-29>
 ***********
 ) 
Here is how much of TeX's memory you used:
 3267 strings out of 475247
 57738 string characters out of 5757792
 1937801 words of memory out of 5000000
 24794 multiletter control sequences out of 15000+600000
 571227 words of font info for 55 fonts, out of 8000000 for 9000
 1141 hyphenation exceptions out of 8191
 57i,14n,65p,1705b,391s stack positions out of 10000i,1000n,20000p,200000b,200000s
<C:/Users/orfuc/AppData/Local/Programs/MiKTeX/fonts/type1/public/amsfonts/cm/
cmsy10.pfb><C:/Users/orfuc/AppData/Local/Programs/MiKTeX/fonts/type1/urw/times/
utmb8a.pfb><C:/Users/orfuc/AppData/Local/Programs/MiKTeX/fonts/type1/urw/times/
utmr8a.pfb>
Output written on ms_changed.pdf (4 pages, 113918 bytes).
PDF statistics:
 34 PDF objects out of 1000 (max. 8388607)
 0 named destinations out of 1000 (max. 500000)
 6 words of extra memory for PDF output out of 10000 (max. 10000000)

