This is pdfTeX, Version 3.141592653-2.6-1.40.25 (MiKTeX 23.9) (preloaded format=pdflatex 2023.9.22)  30 MAR 2024 17:14
entering extended mode
 restricted \write18 enabled.
 %&-line parsing enabled.
**./main_changed.tex
(main_changed.tex
LaTeX2e <2023-06-01> patch level 1
L3 programming layer <2023-08-29>
(C:\Users\micha\AppData\Local\Programs\MiKTeX\tex/latex/base\article.cls
Document Class: article 2023/05/17 v1.4n Standard LaTeX document class
(C:\Users\micha\AppData\Local\Programs\MiKTeX\tex/latex/base\size10.clo
File: size10.clo 2023/05/17 v1.4n Standard LaTeX file (size option)
)
\c@part=\count185
\c@section=\count186
\c@subsection=\count187
\c@subsubsection=\count188
\c@paragraph=\count189
\c@subparagraph=\count190
\c@figure=\count191
\c@table=\count192
\abovecaptionskip=\skip48
\belowcaptionskip=\skip49
\bibindent=\dimen140
)
(aaai24.sty
Package: aaai24 2023/06/26 AAAI 2024 Submission format

Conference Style for AAAI for LaTeX 2e -- version for submission
\titlebox=\skip50
) (C:\Users\micha\AppData\Local\Programs\MiKTeX\tex/latex/psnfss\times.sty
Package: times 2020/03/25 PSNFSS-v9.3 (SPQR) 
)
(C:\Users\micha\AppData\Local\Programs\MiKTeX\tex/latex/psnfss\helvet.sty
Package: helvet 2020/03/25 PSNFSS-v9.3 (WaS) 

(C:\Users\micha\AppData\Local\Programs\MiKTeX\tex/latex/graphics\keyval.sty
Package: keyval 2022/05/29 v1.15 key=value parser (DPC)
\KV@toks@=\toks17
))
(C:\Users\micha\AppData\Local\Programs\MiKTeX\tex/latex/psnfss\courier.sty
Package: courier 2020/03/25 PSNFSS-v9.3 (WaS) 
)
(C:\Users\micha\AppData\Local\Programs\MiKTeX\tex/latex/url\url.sty
\Urlmuskip=\muskip16
Package: url 2013/09/16  ver 3.4  Verb mode for urls, etc.
)
(C:\Users\micha\AppData\Local\Programs\MiKTeX\tex/latex/graphics\graphicx.sty
Package: graphicx 2021/09/16 v1.2d Enhanced LaTeX Graphics (DPC,SPQR)

(C:\Users\micha\AppData\Local\Programs\MiKTeX\tex/latex/graphics\graphics.sty
Package: graphics 2022/03/10 v1.4e Standard LaTeX Graphics (DPC,SPQR)

(C:\Users\micha\AppData\Local\Programs\MiKTeX\tex/latex/graphics\trig.sty
Package: trig 2021/08/11 v1.11 sin cos tan (DPC)
)
(C:\Users\micha\AppData\Local\Programs\MiKTeX\tex/latex/graphics-cfg\graphics.c
fg
File: graphics.cfg 2016/06/04 v1.11 sample graphics configuration
)
Package graphics Info: Driver file: pdftex.def on input line 107.

(C:\Users\micha\AppData\Local\Programs\MiKTeX\tex/latex/graphics-def\pdftex.def
File: pdftex.def 2022/09/22 v1.2b Graphics/color driver for pdftex
))
\Gin@req@height=\dimen141
\Gin@req@width=\dimen142
) (C:\Users\micha\AppData\Local\Programs\MiKTeX\tex/latex/natbib\natbib.sty
Package: natbib 2010/09/13 8.31b (PWD, AO)
\bibhang=\skip51
\bibsep=\skip52
LaTeX Info: Redefining \cite on input line 694.
\c@NAT@ctr=\count193
)
(C:\Users\micha\AppData\Local\Programs\MiKTeX\tex/latex/caption\caption.sty
Package: caption 2023/07/31 v3.6n Customizing captions (AR)

(C:\Users\micha\AppData\Local\Programs\MiKTeX\tex/latex/caption\caption3.sty
Package: caption3 2023/07/31 v2.4d caption3 kernel (AR)
\caption@tempdima=\dimen143
\captionmargin=\dimen144
\caption@leftmargin=\dimen145
\caption@rightmargin=\dimen146
\caption@width=\dimen147
\caption@indent=\dimen148
\caption@parindent=\dimen149
\caption@hangindent=\dimen150
Package caption Info: Standard document class detected.
)
\c@caption@flags=\count194
\c@continuedfloat=\count195
)
(C:\Users\micha\AppData\Local\Programs\MiKTeX\tex/latex/algorithms\algorithm.st
y
Package: algorithm 2009/08/24 v0.1 Document Style `algorithm' - floating enviro
nment
 (C:\Users\micha\AppData\Local\Programs\MiKTeX\tex/latex/float\float.sty
Package: float 2001/11/08 v1.3d Float enhancements (AL)
\c@float@type=\count196
\float@exts=\toks18
\float@box=\box51
\@float@everytoks=\toks19
\@floatcapt=\box52
)
(C:\Users\micha\AppData\Local\Programs\MiKTeX\tex/latex/base\ifthen.sty
Package: ifthen 2022/04/13 v1.1d Standard LaTeX ifthen package (DPC)
)
\@float@every@algorithm=\toks20
\c@algorithm=\count197
)
(C:\Users\micha\AppData\Local\Programs\MiKTeX\tex/latex/algorithms\algorithmic.
sty
Package: algorithmic 2009/08/24 v0.1 Document Style `algorithmic'
\c@ALC@unique=\count198
\c@ALC@line=\count199
\c@ALC@rem=\count266
\c@ALC@depth=\count267
\ALC@tlm=\skip53
\algorithmicindent=\skip54
)
(C:\Users\micha\AppData\Local\Programs\MiKTeX\tex/latex/multirow\multirow.sty
Package: multirow 2021/03/15 v2.8 Span multiple rows of a table
\multirow@colwidth=\skip55
\multirow@cntb=\count268
\multirow@dima=\skip56
\bigstrutjot=\dimen151
)
(C:\Users\micha\AppData\Local\Programs\MiKTeX\tex/latex/tools\xspace.sty
Package: xspace 2014/10/28 v1.13 Space after command names (DPC,MH)
)
(C:\Users\micha\AppData\Local\Programs\MiKTeX\tex/latex/threeparttable\threepar
ttable.sty
Package: threeparttable 2003/06/13  v 3.0
\@tempboxb=\box53
)
(C:\Users\micha\AppData\Local\Programs\MiKTeX\tex/latex/booktabs\booktabs.sty
Package: booktabs 2020/01/12 v1.61803398 Publication quality tables
\heavyrulewidth=\dimen152
\lightrulewidth=\dimen153
\cmidrulewidth=\dimen154
\belowrulesep=\dimen155
\belowbottomsep=\dimen156
\aboverulesep=\dimen157
\abovetopsep=\dimen158
\cmidrulesep=\dimen159
\cmidrulekern=\dimen160
\defaultaddspace=\dimen161
\@cmidla=\count269
\@cmidlb=\count270
\@aboverulesep=\dimen162
\@belowrulesep=\dimen163
\@thisruleclass=\count271
\@lastruleclass=\count272
\@thisrulewidth=\dimen164
)
(C:\Users\micha\AppData\Local\Programs\MiKTeX\tex/latex/amsfonts\amssymb.sty
Package: amssymb 2013/01/14 v3.01 AMS font symbols

(C:\Users\micha\AppData\Local\Programs\MiKTeX\tex/latex/amsfonts\amsfonts.sty
Package: amsfonts 2013/01/14 v3.01 Basic AMSFonts support
\@emptytoks=\toks21
\symAMSa=\mathgroup4
\symAMSb=\mathgroup5
LaTeX Font Info:    Redeclaring math symbol \hbar on input line 98.
LaTeX Font Info:    Overwriting math alphabet `\mathfrak' in version `bold'
(Font)                  U/euf/m/n --> U/euf/b/n on input line 106.
)) (C:\Users\micha\AppData\Local\Programs\MiKTeX\tex/latex/newfloat\newfloat.st
y
Package: newfloat 2023/10/01 v1.2 Defining new floating environments (AR)
) (C:\Users\micha\AppData\Local\Programs\MiKTeX\tex/latex/listings\listings.sty
\lst@mode=\count273
\lst@gtempboxa=\box54
\lst@token=\toks22
\lst@length=\count274
\lst@currlwidth=\dimen165
\lst@column=\count275
\lst@pos=\count276
\lst@lostspace=\dimen166
\lst@width=\dimen167
\lst@newlines=\count277
\lst@lineno=\count278
\lst@maxwidth=\dimen168

(C:\Users\micha\AppData\Local\Programs\MiKTeX\tex/latex/listings\lstmisc.sty
File: lstmisc.sty 2023/02/27 1.9 (Carsten Heinz)
\c@lstnumber=\count279
\lst@skipnumbers=\count280
\lst@framebox=\box55
)
(C:\Users\micha\AppData\Local\Programs\MiKTeX\tex/latex/listings\listings.cfg
File: listings.cfg 2023/02/27 1.9 listings configuration
))
Package: listings 2023/02/27 1.9 (Carsten Heinz)
\@float@every@listing=\toks23
\c@listing=\count281
LaTeX Font Info:    Trying to load font information for OT1+ptm on input line 7
7.
(C:\Users\micha\AppData\Local\Programs\MiKTeX\tex/latex/psnfss\ot1ptm.fd
File: ot1ptm.fd 2001/06/04 font definitions for OT1/ptm.
)
(C:\Users\micha\AppData\Local\Programs\MiKTeX\tex/latex/l3backend\l3backend-pdf
tex.def
File: l3backend-pdftex.def 2023-04-19 L3 backend support: PDF output (pdfTeX)
\l__color_backend_stack_int=\count282
\l__pdf_internal_box=\box56
) (main_changed.aux)
\openout1 = `main_changed.aux'.

LaTeX Font Info:    Checking defaults for OML/cmm/m/it on input line 77.
LaTeX Font Info:    ... okay on input line 77.
LaTeX Font Info:    Checking defaults for OMS/cmsy/m/n on input line 77.
LaTeX Font Info:    ... okay on input line 77.
LaTeX Font Info:    Checking defaults for OT1/cmr/m/n on input line 77.
LaTeX Font Info:    ... okay on input line 77.
LaTeX Font Info:    Checking defaults for T1/cmr/m/n on input line 77.
LaTeX Font Info:    ... okay on input line 77.
LaTeX Font Info:    Checking defaults for TS1/cmr/m/n on input line 77.
LaTeX Font Info:    ... okay on input line 77.
LaTeX Font Info:    Checking defaults for OMX/cmex/m/n on input line 77.
LaTeX Font Info:    ... okay on input line 77.
LaTeX Font Info:    Checking defaults for U/cmr/m/n on input line 77.
LaTeX Font Info:    ... okay on input line 77.

(C:\Users\micha\AppData\Local\Programs\MiKTeX\tex/context/base/mkii\supp-pdf.mk
ii
[Loading MPS to PDF converter (version 2006.09.02).]
\scratchcounter=\count283
\scratchdimen=\dimen169
\scratchbox=\box57
\nofMPsegments=\count284
\nofMParguments=\count285
\everyMPshowfont=\toks24
\MPscratchCnt=\count286
\MPscratchDim=\dimen170
\MPnumerator=\count287
\makeMPintoPDFobject=\count288
\everyMPtoPDFconversion=\toks25
)
(C:\Users\micha\AppData\Local\Programs\MiKTeX\tex/latex/epstopdf-pkg\epstopdf-b
ase.sty
Package: epstopdf-base 2020-01-24 v2.11 Base part for package epstopdf
Package epstopdf-base Info: Redefining graphics rule for `.eps' on input line 4
85.

(C:\Users\micha\AppData\Local\Programs\MiKTeX\tex/latex/00miktex\epstopdf-sys.c
fg
File: epstopdf-sys.cfg 2021/03/18 v2.0 Configuration of epstopdf for MiKTeX
))
Package caption Info: Begin \AtBeginDocument code.
Package caption Info: float package is loaded.
Package caption Info: listings package is loaded.
Package caption Info: threeparttable package is loaded.
Package caption Info: End \AtBeginDocument code.
Package newfloat Info: `float' package detected.
\c@lstlisting=\count289
\c@eqfn=\count290
\titlearea=\box58
LaTeX Font Info:    Trying to load font information for U+msa on input line 79.

 (C:\Users\micha\AppData\Local\Programs\MiKTeX\tex/latex/amsfonts\umsa.fd
File: umsa.fd 2013/01/14 v3.01 AMS symbols A
)
LaTeX Font Info:    Trying to load font information for U+msb on input line 79.


(C:\Users\micha\AppData\Local\Programs\MiKTeX\tex/latex/amsfonts\umsb.fd
File: umsb.fd 2013/01/14 v3.01 AMS symbols B
)
LaTeX Font Info:    Trying to load font information for OMS+ptm on input line 7
9.

(C:\Users\micha\AppData\Local\Programs\MiKTeX\tex/latex/psnfss\omsptm.fd
File: omsptm.fd 
)
LaTeX Font Info:    Font shape `OMS/ptm/m/n' in size <10> not available
(Font)              Font shape `OMS/cmsy/m/n' tried instead on input line 79.
\actualheight=\skip57
LaTeX Font Info:    Trying to load font information for TS1+ptm on input line 7
9.

(C:\Users\micha\AppData\Local\Programs\MiKTeX\tex/latex/psnfss\ts1ptm.fd
File: ts1ptm.fd 2001/06/04 font definitions for TS1/ptm.
)
<introduction.pdf, id=1, 390.0171pt x 417.84105pt>
File: introduction.pdf Graphic file (type pdf)
<use introduction.pdf>
Package pdftex.def Info: introduction.pdf  used on input line 88.
(pdftex.def)             Requested size: 239.39438pt x 256.47021pt.


Package natbib Warning: Citation `long2015fully' on page 1 undefined on input l
ine 95.


Package natbib Warning: Citation `zhu2020deformable' on page 1 undefined on inp
ut line 95.


Package natbib Warning: Citation `xie2021segformer' on page 1 undefined on inpu
t line 95.


Package natbib Warning: Citation `yuan2021hrformer' on page 1 undefined on inpu
t line 95.


Package natbib Warning: Citation `shaban2017one' on page 1 undefined on input l
ine 97.


Package natbib Warning: Citation `liu2020part' on page 1 undefined on input lin
e 97.


Package natbib Warning: Citation `kang2022integrative' on page 1 undefined on i
nput line 97.


Package natbib Warning: Citation `tian2020prior' on page 1 undefined on input l
ine 97.


Package natbib Warning: Citation `wang2019panet' on page 1 undefined on input l
ine 97.


Package natbib Warning: Citation `zhang2019canet' on page 1 undefined on input 
line 97.


Package natbib Warning: Citation `zhang2020sg' on page 1 undefined on input lin
e 97.


Package natbib Warning: Citation `min2021hypercorrelation' on page 1 undefined 
on input line 97.


Package natbib Warning: Citation `hong2022cost' on page 1 undefined on input li
ne 97.


Package natbib Warning: Citation `xiong2022doubly' on page 1 undefined on input
 line 97.


Package natbib Warning: Citation `liu2020part' on page 1 undefined on input lin
e 97.


Package natbib Warning: Citation `tian2020prior' on page 1 undefined on input l
ine 97.


Package natbib Warning: Citation `zhang2021few' on page 1 undefined on input li
ne 97.


Underfull \vbox (badness 1028) has occurred while \output is active []

 [1{C:/Users/micha/AppData/Local/MiKTeX/fonts/map/pdftex/pdftex.map}{C:/Users/m
icha/AppData/Local/Programs/MiKTeX/fonts/enc/dvips/base/8r.enc}



 <./introduction.pdf>]
<whole0304.pdf, id=14, 624.8946pt x 290.64584pt>
File: whole0304.pdf Graphic file (type pdf)
<use whole0304.pdf>
Package pdftex.def Info: whole0304.pdf  used on input line 107.
(pdftex.def)             Requested size: 455.2979pt x 211.76611pt.


Package natbib Warning: Citation `long2015fully' on page 2 undefined on input l
ine 129.


Package natbib Warning: Citation `qin2022activation' on page 2 undefined on inp
ut line 129.


Package natbib Warning: Citation `qin2022multi' on page 2 undefined on input li
ne 129.


Package natbib Warning: Citation `qin2023freeseg' on page 2 undefined on input 
line 129.


Package natbib Warning: Citation `zhao2017pyramid' on page 2 undefined on input
 line 129.


Package natbib Warning: Citation `chen2018encoder' on page 2 undefined on input
 line 129.


Package natbib Warning: Citation `yang2018denseaspp' on page 2 undefined on inp
ut line 129.


Package natbib Warning: Citation `he2019adaptive' on page 2 undefined on input 
line 129.


Package natbib Warning: Citation `fu2019dual' on page 2 undefined on input line
 129.


Package natbib Warning: Citation `yuan2018ocnet' on page 2 undefined on input l
ine 129.


Package natbib Warning: Citation `li2019expectation' on page 2 undefined on inp
ut line 129.


Package natbib Warning: Citation `tao2020hierarchical' on page 2 undefined on i
nput line 129.


Package natbib Warning: Citation `zhu2019asymmetric' on page 2 undefined on inp
ut line 129.


Package natbib Warning: Citation `zhang2019acfnet' on page 2 undefined on input
 line 129.


Package natbib Warning: Citation `lin2017refinenet' on page 2 undefined on inpu
t line 129.


Package natbib Warning: Citation `zhang2018context' on page 2 undefined on inpu
t line 129.


Package natbib Warning: Citation `yu2020context' on page 2 undefined on input l
ine 129.


Package natbib Warning: Citation `jin2021mining' on page 2 undefined on input l
ine 129.


Underfull \hbox (badness 1152) in paragraph at lines 129--130
\OT1/ptm/m/n/10 Rapid progress has been made on se-man-tic seg-men-ta-
 []


Package natbib Warning: Citation `dosovitskiy2020image' on page 2 undefined on 
input line 131.


Package natbib Warning: Citation `yuan2021hrformer' on page 2 undefined on inpu
t line 131.


Package natbib Warning: Citation `wang2021pyramid' on page 2 undefined on input
 line 131.


Package natbib Warning: Citation `lee2022mpvit' on page 2 undefined on input li
ne 131.


Package natbib Warning: Citation `xie2021segformer' on page 2 undefined on inpu
t line 131.


Package natbib Warning: Citation `strudel2021segmenter' on page 2 undefined on 
input line 131.


Package natbib Warning: Citation `min2021hypercorrelation' on page 2 undefined 
on input line 134.


Package natbib Warning: Citation `kang2022integrative' on page 2 undefined on i
nput line 134.


Package natbib Warning: Citation `hong2022cost' on page 2 undefined on input li
ne 134.


Package natbib Warning: Citation `xiong2022doubly' on page 2 undefined on input
 line 134.


Package natbib Warning: Citation `dong2018few' on page 2 undefined on input lin
e 136.


Package natbib Warning: Citation `zhang2019canet' on page 2 undefined on input 
line 136.


Package natbib Warning: Citation `wang2019panet' on page 2 undefined on input l
ine 136.


Package natbib Warning: Citation `zhang2020sg' on page 2 undefined on input lin
e 136.


Package natbib Warning: Citation `tian2020prior' on page 2 undefined on input l
ine 136.


Package natbib Warning: Citation `liu2020part' on page 2 undefined on input lin
e 136.


Package natbib Warning: Citation `li2021adaptive' on page 2 undefined on input 
line 136.


Package natbib Warning: Citation `yang2020prototype' on page 2 undefined on inp
ut line 137.


Package natbib Warning: Citation `liu2022intermediate' on page 2 undefined on i
nput line 137.

[2]

Package natbib Warning: Citation `fan2022self' on page 3 undefined on input lin
e 139.


Package natbib Warning: Citation `liu2020part' on page 3 undefined on input lin
e 143.


Package natbib Warning: Citation `kim2023uncertainty' on page 3 undefined on in
put line 143.

[3 <./whole0304.pdf>]
<generation.pdf, id=24, 243.18855pt x 97.0827pt>
File: generation.pdf Graphic file (type pdf)
<use generation.pdf>
Package pdftex.def Info: generation.pdf  used on input line 174.
(pdftex.def)             Requested size: 239.39438pt x 95.567pt.


Package natbib Warning: Citation `milletari2016v' on page 4 undefined on input 
line 184.

<interaction.pdf, id=25, 241.6227pt x 73.83585pt>
File: interaction.pdf Graphic file (type pdf)
<use interaction.pdf>
Package pdftex.def Info: interaction.pdf  used on input line 191.
(pdftex.def)             Requested size: 239.39438pt x 73.15854pt.

Package natbib Warning: Citation `fan2022self' on page 4 undefined on input lin
e 209.

[4 <./generation.pdf> <./interaction.pdf>]

Package natbib Warning: Citation `tian2020prior' on page 5 undefined on input l
ine 215.


Package natbib Warning: Citation `zhang2021few' on page 5 undefined on input li
ne 235.


Package natbib Warning: Citation `milletari2016v' on page 5 undefined on input 
line 249.


Package natbib Warning: Citation `liu2020part' on page 5 undefined on input lin
e 295.


Package natbib Warning: Citation `yang2020prototype' on page 5 undefined on inp
ut line 295.


Package natbib Warning: Citation `tian2020prior' on page 5 undefined on input l
ine 295.


Package natbib Warning: Citation `zhang2021few' on page 5 undefined on input li
ne 295.


Package natbib Warning: Citation `tao2020hierarchical' on page 5 undefined on i
nput line 295.


Package natbib Warning: Citation `li2021adaptive' on page 5 undefined on input 
line 295.


Package natbib Warning: Citation `fan2022self' on page 5 undefined on input lin
e 295.


Package natbib Warning: Citation `shi2022dense' on page 5 undefined on input li
ne 295.


Package natbib Warning: Citation `wang2020few' on page 5 undefined on input lin
e 295.


Package natbib Warning: Citation `yang2020prototype' on page 5 undefined on inp
ut line 295.


Package natbib Warning: Citation `tian2020prior' on page 5 undefined on input l
ine 295.


Package natbib Warning: Citation `zhang2021few' on page 5 undefined on input li
ne 295.


Package natbib Warning: Citation `tao2020hierarchical' on page 5 undefined on i
nput line 295.


Package natbib Warning: Citation `li2021adaptive' on page 5 undefined on input 
line 295.


Package natbib Warning: Citation `fan2022self' on page 5 undefined on input lin
e 295.


Package natbib Warning: Citation `shi2022dense' on page 5 undefined on input li
ne 295.


Package natbib Warning: Citation `liu2020part' on page 5 undefined on input lin
e 325.


Package natbib Warning: Citation `yang2020prototype' on page 5 undefined on inp
ut line 325.


Package natbib Warning: Citation `yang2020prototype' on page 5 undefined on inp
ut line 325.


Package natbib Warning: Citation `zhang2021few' on page 5 undefined on input li
ne 325.


Package natbib Warning: Citation `tao2020hierarchical' on page 5 undefined on i
nput line 325.


Package natbib Warning: Citation `fan2022self' on page 5 undefined on input lin
e 325.


Package natbib Warning: Citation `shi2022dense' on page 5 undefined on input li
ne 325.


Underfull \hbox (badness 1817) in paragraph at lines 334--335
\OT1/ptm/m/n/10 We con-duct ex-per-i-ments on the $\OML/cmm/m/it/10 PASCAL \OMS
/cmsy/m/n/10 ^^@ \OT1/cmr/m/n/10 5[]$ \OT1/ptm/m/n/10 and
 []


Underfull \hbox (badness 7576) in paragraph at lines 334--335
\OML/cmm/m/it/10 COCO$ \OT1/ptm/m/n/10 datasets. The pri-mary eval-u-a-tion met
-ric is
 []


Underfull \hbox (badness 3029) in paragraph at lines 334--335
\OT1/ptm/m/n/10 mean intersection-over-union (mIoU). The foreground-
 []


Package natbib Warning: Citation `he2016deep' on page 5 undefined on input line
 340.

[5]
Underfull \hbox (badness 5175) in paragraph at lines 350--351
[]\OT1/ptm/m/n/10 Qualitative re-sults also prove the ef-fec-tive-ness of
 []

<vis.pdf, id=37, 927.465pt x 769.37437pt>
File: vis.pdf Graphic file (type pdf)
<use vis.pdf>
Package pdftex.def Info: vis.pdf  used on input line 359.
(pdftex.def)             Requested size: 227.42392pt x 188.65686pt.

Underfull \hbox (badness 1924) in paragraph at lines 367--369
\OT1/ptm/m/n/10 con-duct ex-per-i-ments with dif-fer-ent de-signed un-la-beled
 []

[6]

LaTeX Warning: No positions in optional float specifier.
               Default added (so using `!tbp') on input line 395.

[7 <./vis.pdf>] [8

]
No file main_changed.bbl.

Package natbib Warning: There were undefined citations.

(main_changed.aux)
 ***********
LaTeX2e <2023-06-01> patch level 1
L3 programming layer <2023-08-29>
 ***********
 ) 
Here is how much of TeX's memory you used:
 5996 strings out of 475247
 98215 string characters out of 5757792
 1969801 words of memory out of 5000000
 27445 multiletter control sequences out of 15000+600000
 585367 words of font info for 96 fonts, out of 8000000 for 9000
 1141 hyphenation exceptions out of 8191
 57i,15n,65p,1531b,364s stack positions out of 10000i,1000n,20000p,200000b,200000s
<C:/Users/micha/AppData/Local/Programs/MiKTeX/fonts/type1/public/amsfonts/cm/
cmex10.pfb><C:/Users/micha/AppData/Local/Programs/MiKTeX/fonts/type1/public/ams
fonts/cm/cmmi10.pfb><C:/Users/micha/AppData/Local/Programs/MiKTeX/fonts/type1/p
ublic/amsfonts/cm/cmmi6.pfb><C:/Users/micha/AppData/Local/Programs/MiKTeX/fonts
/type1/public/amsfonts/cm/cmmi7.pfb><C:/Users/micha/AppData/Local/Programs/MiKT
eX/fonts/type1/public/amsfonts/cm/cmmi9.pfb><C:/Users/micha/AppData/Local/Progr
ams/MiKTeX/fonts/type1/public/amsfonts/cm/cmr10.pfb><C:/Users/micha/AppData/Loc
al/Programs/MiKTeX/fonts/type1/public/amsfonts/cm/cmr7.pfb><C:/Users/micha/AppD
ata/Local/Programs/MiKTeX/fonts/type1/public/amsfonts/cm/cmr9.pfb><C:/Users/mic
ha/AppData/Local/Programs/MiKTeX/fonts/type1/public/amsfonts/cm/cmsy10.pfb><C:/
Users/micha/AppData/Local/Programs/MiKTeX/fonts/type1/public/amsfonts/cm/cmsy5.
pfb><C:/Users/micha/AppData/Local/Programs/MiKTeX/fonts/type1/public/amsfonts/c
m/cmsy7.pfb><C:/Users/micha/AppData/Local/Programs/MiKTeX/fonts/type1/public/am
sfonts/cm/cmsy9.pfb><C:/Users/micha/AppData/Local/Programs/MiKTeX/fonts/type1/p
ublic/amsfonts/symbols/msam10.pfb><C:/Users/micha/AppData/Local/Programs/MiKTeX
/fonts/type1/public/amsfonts/symbols/msbm10.pfb><C:/Users/micha/AppData/Local/P
rograms/MiKTeX/fonts/type1/urw/times/utmb8a.pfb><C:/Users/micha/AppData/Local/P
rograms/MiKTeX/fonts/type1/urw/times/utmr8a.pfb><C:/Users/micha/AppData/Local/P
rograms/MiKTeX/fonts/type1/urw/times/utmri8a.pfb>
Output written on main_changed.pdf (8 pages, 9484086 bytes).
PDF statistics:
 122 PDF objects out of 1000 (max. 8388607)
 0 named destinations out of 1000 (max. 500000)
 26 words of extra memory for PDF output out of 10000 (max. 10000000)

