This is pdfTeX, Version 3.141592653-2.6-1.40.25 (MiKTeX 23.9) (preloaded format=pdflatex 2023.9.22)  31 MAR 2024 19:06
entering extended mode
 restricted \write18 enabled.
 %&-line parsing enabled.
**./AAAI-ChenW.3210_changed.tex
(AAAI-ChenW.3210_changed.tex
LaTeX2e <2023-06-01> patch level 1
L3 programming layer <2023-08-29>
(C:\Users\micha\AppData\Local\Programs\MiKTeX\tex/latex/base\article.cls
Document Class: article 2023/05/17 v1.4n Standard LaTeX document class
(C:\Users\micha\AppData\Local\Programs\MiKTeX\tex/latex/base\size10.clo
File: size10.clo 2023/05/17 v1.4n Standard LaTeX file (size option)
)
\c@part=\count185
\c@section=\count186
\c@subsection=\count187
\c@subsubsection=\count188
\c@paragraph=\count189
\c@subparagraph=\count190
\c@figure=\count191
\c@table=\count192
\abovecaptionskip=\skip48
\belowcaptionskip=\skip49
\bibindent=\dimen140
)
(aaai19.sty
Conference Style for AAAI for LaTeX 2e -- version for the AAAI-19 conference
\titlebox=\skip50
) (C:\Users\micha\AppData\Local\Programs\MiKTeX\tex/latex/psnfss\times.sty
Package: times 2020/03/25 PSNFSS-v9.3 (SPQR) 
)
(C:\Users\micha\AppData\Local\Programs\MiKTeX\tex/latex/psnfss\helvet.sty
Package: helvet 2020/03/25 PSNFSS-v9.3 (WaS) 

(C:\Users\micha\AppData\Local\Programs\MiKTeX\tex/latex/graphics\keyval.sty
Package: keyval 2022/05/29 v1.15 key=value parser (DPC)
\KV@toks@=\toks17
))
(C:\Users\micha\AppData\Local\Programs\MiKTeX\tex/latex/psnfss\courier.sty
Package: courier 2020/03/25 PSNFSS-v9.3 (WaS) 
)
(C:\Users\micha\AppData\Local\Programs\MiKTeX\tex/latex/url\url.sty
\Urlmuskip=\muskip16
Package: url 2013/09/16  ver 3.4  Verb mode for urls, etc.
)
(C:\Users\micha\AppData\Local\Programs\MiKTeX\tex/latex/graphics\graphicx.sty
Package: graphicx 2021/09/16 v1.2d Enhanced LaTeX Graphics (DPC,SPQR)

(C:\Users\micha\AppData\Local\Programs\MiKTeX\tex/latex/graphics\graphics.sty
Package: graphics 2022/03/10 v1.4e Standard LaTeX Graphics (DPC,SPQR)

(C:\Users\micha\AppData\Local\Programs\MiKTeX\tex/latex/graphics\trig.sty
Package: trig 2021/08/11 v1.11 sin cos tan (DPC)
)
(C:\Users\micha\AppData\Local\Programs\MiKTeX\tex/latex/graphics-cfg\graphics.c
fg
File: graphics.cfg 2016/06/04 v1.11 sample graphics configuration
)
Package graphics Info: Driver file: pdftex.def on input line 107.

(C:\Users\micha\AppData\Local\Programs\MiKTeX\tex/latex/graphics-def\pdftex.def
File: pdftex.def 2022/09/22 v1.2b Graphics/color driver for pdftex
))
\Gin@req@height=\dimen141
\Gin@req@width=\dimen142
) (C:\Users\micha\AppData\Local\Programs\MiKTeX\tex/latex/amsmath\amsmath.sty
Package: amsmath 2023/05/13 v2.17o AMS math features
\@mathmargin=\skip51
For additional information on amsmath, use the `?' option.
(C:\Users\micha\AppData\Local\Programs\MiKTeX\tex/latex/amsmath\amstext.sty
Package: amstext 2021/08/26 v2.01 AMS text

(C:\Users\micha\AppData\Local\Programs\MiKTeX\tex/latex/amsmath\amsgen.sty
File: amsgen.sty 1999/11/30 v2.0 generic functions
\@emptytoks=\toks18
\ex@=\dimen143
))
(C:\Users\micha\AppData\Local\Programs\MiKTeX\tex/latex/amsmath\amsbsy.sty
Package: amsbsy 1999/11/29 v1.2d Bold Symbols
\pmbraise@=\dimen144
)
(C:\Users\micha\AppData\Local\Programs\MiKTeX\tex/latex/amsmath\amsopn.sty
Package: amsopn 2022/04/08 v2.04 operator names
)
\inf@bad=\count193
LaTeX Info: Redefining \frac on input line 234.
\uproot@=\count194
\leftroot@=\count195
LaTeX Info: Redefining \overline on input line 399.
LaTeX Info: Redefining \colon on input line 410.
\classnum@=\count196
\DOTSCASE@=\count197
LaTeX Info: Redefining \ldots on input line 496.
LaTeX Info: Redefining \dots on input line 499.
LaTeX Info: Redefining \cdots on input line 620.
\Mathstrutbox@=\box51
\strutbox@=\box52
LaTeX Info: Redefining \big on input line 722.
LaTeX Info: Redefining \Big on input line 723.
LaTeX Info: Redefining \bigg on input line 724.
LaTeX Info: Redefining \Bigg on input line 725.
\big@size=\dimen145
LaTeX Font Info:    Redeclaring font encoding OML on input line 743.
LaTeX Font Info:    Redeclaring font encoding OMS on input line 744.
\macc@depth=\count198
LaTeX Info: Redefining \bmod on input line 905.
LaTeX Info: Redefining \pmod on input line 910.
LaTeX Info: Redefining \smash on input line 940.
LaTeX Info: Redefining \relbar on input line 970.
LaTeX Info: Redefining \Relbar on input line 971.
\c@MaxMatrixCols=\count199
\dotsspace@=\muskip17
\c@parentequation=\count266
\dspbrk@lvl=\count267
\tag@help=\toks19
\row@=\count268
\column@=\count269
\maxfields@=\count270
\andhelp@=\toks20
\eqnshift@=\dimen146
\alignsep@=\dimen147
\tagshift@=\dimen148
\tagwidth@=\dimen149
\totwidth@=\dimen150
\lineht@=\dimen151
\@envbody=\toks21
\multlinegap=\skip52
\multlinetaggap=\skip53
\mathdisplay@stack=\toks22
LaTeX Info: Redefining \[ on input line 2953.
LaTeX Info: Redefining \] on input line 2954.
)
(C:\Users\micha\AppData\Local\Programs\MiKTeX\tex/latex/multirow\multirow.sty
Package: multirow 2021/03/15 v2.8 Span multiple rows of a table
\multirow@colwidth=\skip54
\multirow@cntb=\count271
\multirow@dima=\skip55
\bigstrutjot=\dimen152
)
(C:\Users\micha\AppData\Local\Programs\MiKTeX\tex/latex/amsfonts\amssymb.sty
Package: amssymb 2013/01/14 v3.01 AMS font symbols

(C:\Users\micha\AppData\Local\Programs\MiKTeX\tex/latex/amsfonts\amsfonts.sty
Package: amsfonts 2013/01/14 v3.01 Basic AMSFonts support
\symAMSa=\mathgroup4
\symAMSb=\mathgroup5
LaTeX Font Info:    Redeclaring math symbol \hbar on input line 98.
LaTeX Font Info:    Overwriting math alphabet `\mathfrak' in version `bold'
(Font)                  U/euf/m/n --> U/euf/b/n on input line 106.
)) (C:\Users\micha\AppData\Local\Programs\MiKTeX\tex/latex/tools\array.sty
Package: array 2022/09/04 v2.5g Tabular extension package (FMi)
\col@sep=\dimen153
\ar@mcellbox=\box53
\extrarowheight=\dimen154
\NC@list=\toks23
\extratabsurround=\skip56
\backup@length=\skip57
\ar@cellbox=\box54
)
LaTeX Font Info:    Trying to load font information for OT1+ptm on input line 4
0.

(C:\Users\micha\AppData\Local\Programs\MiKTeX\tex/latex/psnfss\ot1ptm.fd
File: ot1ptm.fd 2001/06/04 font definitions for OT1/ptm.
)
(C:\Users\micha\AppData\Local\Programs\MiKTeX\tex/latex/l3backend\l3backend-pdf
tex.def
File: l3backend-pdftex.def 2023-04-19 L3 backend support: PDF output (pdfTeX)
\l__color_backend_stack_int=\count272
\l__pdf_internal_box=\box55
) (AAAI-ChenW.3210_changed.aux)
\openout1 = `AAAI-ChenW.3210_changed.aux'.

LaTeX Font Info:    Checking defaults for OML/cmm/m/it on input line 40.
LaTeX Font Info:    ... okay on input line 40.
LaTeX Font Info:    Checking defaults for OMS/cmsy/m/n on input line 40.
LaTeX Font Info:    ... okay on input line 40.
LaTeX Font Info:    Checking defaults for OT1/cmr/m/n on input line 40.
LaTeX Font Info:    ... okay on input line 40.
LaTeX Font Info:    Checking defaults for T1/cmr/m/n on input line 40.
LaTeX Font Info:    ... okay on input line 40.
LaTeX Font Info:    Checking defaults for TS1/cmr/m/n on input line 40.
LaTeX Font Info:    ... okay on input line 40.
LaTeX Font Info:    Checking defaults for OMX/cmex/m/n on input line 40.
LaTeX Font Info:    ... okay on input line 40.
LaTeX Font Info:    Checking defaults for U/cmr/m/n on input line 40.
LaTeX Font Info:    ... okay on input line 40.

(C:\Users\micha\AppData\Local\Programs\MiKTeX\tex/context/base/mkii\supp-pdf.mk
ii
[Loading MPS to PDF converter (version 2006.09.02).]
\scratchcounter=\count273
\scratchdimen=\dimen155
\scratchbox=\box56
\nofMPsegments=\count274
\nofMParguments=\count275
\everyMPshowfont=\toks24
\MPscratchCnt=\count276
\MPscratchDim=\dimen156
\MPnumerator=\count277
\makeMPintoPDFobject=\count278
\everyMPtoPDFconversion=\toks25
)
(C:\Users\micha\AppData\Local\Programs\MiKTeX\tex/latex/epstopdf-pkg\epstopdf-b
ase.sty
Package: epstopdf-base 2020-01-24 v2.11 Base part for package epstopdf
Package epstopdf-base Info: Redefining graphics rule for `.eps' on input line 4
85.

(C:\Users\micha\AppData\Local\Programs\MiKTeX\tex/latex/00miktex\epstopdf-sys.c
fg
File: epstopdf-sys.cfg 2021/03/18 v2.0 Configuration of epstopdf for MiKTeX
))
LaTeX Font Info:    Trying to load font information for U+msa on input line 44.

 (C:\Users\micha\AppData\Local\Programs\MiKTeX\tex/latex/amsfonts\umsa.fd
File: umsa.fd 2013/01/14 v3.01 AMS symbols A
)
LaTeX Font Info:    Trying to load font information for U+msb on input line 44.


(C:\Users\micha\AppData\Local\Programs\MiKTeX\tex/latex/amsfonts\umsb.fd
File: umsb.fd 2013/01/14 v3.01 AMS symbols B
)
LaTeX Font Info:    Trying to load font information for OMS+ptm on input line 4
4.

(C:\Users\micha\AppData\Local\Programs\MiKTeX\tex/latex/psnfss\omsptm.fd
File: omsptm.fd 
)
LaTeX Font Info:    Font shape `OMS/ptm/m/n' in size <10> not available
(Font)              Font shape `OMS/cmsy/m/n' tried instead on input line 44.
LaTeX Font Info:    Trying to load font information for TS1+ptm on input line 4
4.

(C:\Users\micha\AppData\Local\Programs\MiKTeX\tex/latex/psnfss\ts1ptm.fd
File: ts1ptm.fd 2001/06/04 font definitions for TS1/ptm.
)
Underfull \hbox (badness 2205) in paragraph at lines 47--48
[]\OT1/ptm/m/n/9 Keyphrase gen-er-a-tion (KG) aims to gen-er-ate a set of
 []


LaTeX Warning: Citation `jones1999phrasier' on page 1 undefined on input line 5
2.


LaTeX Warning: Citation `hulth2006study' on page 1 undefined on input line 52.


LaTeX Warning: Citation `berend2011opinion' on page 1 undefined on input line 5
2.

<figures/PaperID3210_TGNet_intro_case_study_cmyk.pdf, id=1, 282.05376pt x 187.7
0125pt>
File: figures/PaperID3210_TGNet_intro_case_study_cmyk.pdf Graphic file (type pd
f)
<use figures/PaperID3210_TGNet_intro_case_study_cmyk.pdf>
Package pdftex.def Info: figures/PaperID3210_TGNet_intro_case_study_cmyk.pdf  u
sed on input line 56.
(pdftex.def)             Requested size: 231.26378pt x 153.90456pt.

LaTeX Warning: Citation `witten1999kea' on page 1 undefined on input line 62.


LaTeX Warning: Citation `medelyan2009human' on page 1 undefined on input line 6
2.


LaTeX Warning: Citation `mihalcea2004textrank' on page 1 undefined on input lin
e 62.


LaTeX Warning: Citation `meng2017dkg' on page 1 undefined on input line 65.


LaTeX Warning: Citation `zhang2017dkg_conv' on page 1 undefined on input line 6
5.


Underfull \hbox (badness 1331) in paragraph at lines 65--67
[]\OT1/ptm/m/n/10 To over-come the above draw-backs, sev-eral encoder-
 []


LaTeX Warning: Citation `li2010semi_title' on page 1 undefined on input line 69
.


LaTeX Warning: Citation `li2010semi_title' on page 1 undefined on input line 69
.

[1{C:/Users/micha/AppData/Local/MiKTeX/fonts/map/pdftex/pdftex.map}{C:/Users/mi
cha/AppData/Local/Programs/MiKTeX/fonts/enc/dvips/base/8r.enc}



 <./figures/PaperID3210_TGNet_intro_case_study_cmyk.pdf>]

LaTeX Warning: Citation `cho2014learning' on page 2 undefined on input line 73.



LaTeX Warning: Citation `medelyan2009human' on page 2 undefined on input line 1
03.


LaTeX Warning: Citation `witten1999kea' on page 2 undefined on input line 103.


LaTeX Warning: Citation `wan2008single' on page 2 undefined on input line 103.


LaTeX Warning: Citation `mihalcea2004textrank' on page 2 undefined on input lin
e 103.


LaTeX Warning: Citation `aaai_FlorescuC17_unsupervised' on page 2 undefined on 
input line 103.


LaTeX Warning: Citation `medelyan2009human' on page 2 undefined on input line 1
03.


LaTeX Warning: Citation `witten1999kea' on page 2 undefined on input line 103.


LaTeX Warning: Citation `nguyen2010wingnus_title' on page 2 undefined on input 
line 103.


LaTeX Warning: Citation `aaai_FlorescuJ18_supervised' on page 2 undefined on in
put line 103.


LaTeX Warning: Citation `zhang2016keyphrase_twitter' on page 2 undefined on inp
ut line 103.


LaTeX Warning: Citation `luan2017scientific_seq_labeling' on page 2 undefined o
n input line 103.


LaTeX Warning: Citation `aaai_GollapalliLY17_seqlabel' on page 2 undefined on i
nput line 103.


LaTeX Warning: Citation `li2010semi_title' on page 2 undefined on input line 10
6.


LaTeX Warning: Citation `liu2011automatic_title' on page 2 undefined on input l
ine 106.


LaTeX Warning: Citation `li2010semi_title' on page 2 undefined on input line 10
6.


LaTeX Warning: Citation `li2010semi_title' on page 2 undefined on input line 10
6.


LaTeX Warning: Citation `li2010semi_title' on page 2 undefined on input line 10
6.


LaTeX Warning: Citation `li2010semi_title' on page 2 undefined on input line 10
6.


LaTeX Warning: Citation `liu2011automatic_title' on page 2 undefined on input l
ine 106.


LaTeX Warning: Citation `liu2011automatic_title' on page 2 undefined on input l
ine 106.


LaTeX Warning: Citation `meng2017dkg' on page 2 undefined on input line 109.


LaTeX Warning: Citation `sutskever2014sequence2sequence' on page 2 undefined on
 input line 109.


LaTeX Warning: Citation `bahdanau2014attention' on page 2 undefined on input li
ne 109.


LaTeX Warning: Citation `gu2016incorporating_copy' on page 2 undefined on input
 line 109.


LaTeX Warning: Citation `HaiYe2018ssl' on page 2 undefined on input line 109.


LaTeX Warning: Citation `JunChen2018CorrRNN' on page 2 undefined on input line 
109.


LaTeX Warning: Citation `zhang2017dkg_conv' on page 2 undefined on input line 1
09.


LaTeX Warning: Citation `gehring2017convolutional_seq2seq' on page 2 undefined 
on input line 109.


LaTeX Warning: Citation `dauphin2017language_glu' on page 2 undefined on input 
line 109.

[2]

LaTeX Warning: Citation `gao2018generating' on page 3 undefined on input line 1
11.


LaTeX Warning: Citation `song2017unified' on page 3 undefined on input line 111
.


LaTeX Warning: Citation `nema2017diversity' on page 3 undefined on input line 1
11.


LaTeX Warning: Citation `wang2017gated' on page 3 undefined on input line 111.

<figures/PaperID3210_TGNet_encoding_module_cmyk.pdf, id=27, 318.18875pt x 202.7
575pt>
File: figures/PaperID3210_TGNet_encoding_module_cmyk.pdf Graphic file (type pdf
)
<use figures/PaperID3210_TGNet_encoding_module_cmyk.pdf>
Package pdftex.def Info: figures/PaperID3210_TGNet_encoding_module_cmyk.pdf  us
ed on input line 127.
(pdftex.def)             Requested size: 231.26378pt x 147.36513pt.

LaTeX Warning: Citation `cho2014learning' on page 3 undefined on input line 133
.

[3 <./figures/PaperID3210_TGNet_encoding_module_cmyk.pdf>]

LaTeX Warning: Citation `luong2015attention' on page 4 undefined on input line 
168.


LaTeX Warning: Citation `see2017get_to_the_point' on page 4 undefined on input 
line 168.


LaTeX Warning: Citation `see2017get_to_the_point' on page 4 undefined on input 
line 182.


LaTeX Warning: Citation `see2017get_to_the_point' on page 4 undefined on input 
line 182.


LaTeX Warning: Citation `paszke2017pytorch' on page 4 undefined on input line 2
10.


LaTeX Warning: Citation `opennmt' on page 4 undefined on input line 210.


LaTeX Warning: Citation `meng2017dkg' on page 4 undefined on input line 214.


LaTeX Warning: Citation `meng2017dkg' on page 4 undefined on input line 214.


LaTeX Warning: Citation `meng2017dkg' on page 4 undefined on input line 214.


LaTeX Warning: Citation `meng2017dkg' on page 4 undefined on input line 214.

[4]

LaTeX Warning: Citation `hulth2003improved' on page 5 undefined on input line 2
17.


LaTeX Warning: Citation `krapivin2009large' on page 5 undefined on input line 2
17.


LaTeX Warning: Citation `nguyen2007KE_sci_publications' on page 5 undefined on 
input line 217.


LaTeX Warning: Citation `kim2010semeval' on page 5 undefined on input line 217.



LaTeX Warning: Citation `manning2014stanford' on page 5 undefined on input line
 243.


LaTeX Warning: Citation `kingma2014adam' on page 5 undefined on input line 245.



LaTeX Warning: Citation `meng2017dkg' on page 5 undefined on input line 248.


LaTeX Warning: Citation `meng2017dkg' on page 5 undefined on input line 248.


LaTeX Warning: Citation `meng2017dkg' on page 5 undefined on input line 248.


LaTeX Warning: Citation `meng2017dkg' on page 5 undefined on input line 248.


LaTeX Warning: Citation `mihalcea2004textrank' on page 5 undefined on input lin
e 252.


LaTeX Warning: Citation `medelyan2009human' on page 5 undefined on input line 2
52.


LaTeX Warning: Citation `meng2017dkg' on page 5 undefined on input line 253.


LaTeX Warning: Citation `zhang2017dkg_conv' on page 5 undefined on input line 2
53.


LaTeX Warning: Citation `gu2016incorporating_copy' on page 5 undefined on input
 line 253.


LaTeX Warning: Citation `meng2017dkg' on page 5 undefined on input line 253.


LaTeX Warning: Citation `meng2017dkg' on page 5 undefined on input line 253.


LaTeX Warning: Citation `zhang2017dkg_conv' on page 5 undefined on input line 2
53.


LaTeX Warning: Citation `zhang2017dkg_conv' on page 5 undefined on input line 2
53.


LaTeX Warning: Citation `meng2017dkg' on page 5 undefined on input line 256.


LaTeX Warning: Citation `meng2017dkg' on page 5 undefined on input line 256.


LaTeX Warning: Citation `zhang2017dkg_conv' on page 5 undefined on input line 2
56.


LaTeX Warning: Citation `zhang2017dkg_conv' on page 5 undefined on input line 2
56.

<figures/PaperID3210_TGNet_title_len_ratios_cmyk.pdf, id=59, 532.8708pt x 397.8
0621pt>
File: figures/PaperID3210_TGNet_title_len_ratios_cmyk.pdf Graphic file (type pd
f)
<use figures/PaperID3210_TGNet_title_len_ratios_cmyk.pdf>
Package pdftex.def Info: figures/PaperID3210_TGNet_title_len_ratios_cmyk.pdf  u
sed on input line 341.
(pdftex.def)             Requested size: 231.26378pt x 172.64368pt.
<figures/PaperID3210_TGNet_final_case_study_cmyk.pdf, id=60, 729.92702pt x 216.
81pt>
File: figures/PaperID3210_TGNet_final_case_study_cmyk.pdf Graphic file (type pd
f)
<use figures/PaperID3210_TGNet_final_case_study_cmyk.pdf>
Package pdftex.def Info: figures/PaperID3210_TGNet_final_case_study_cmyk.pdf  u
sed on input line 348.
(pdftex.def)             Requested size: 498.66255pt x 148.12027pt.
[5] [6 <./figures/PaperID3210_TGNet_title_len_ratios_cmyk.pdf>] [7 <./figures/P
aperID3210_TGNet_final_case_study_cmyk.pdf>] [8

]
No file AAAI-ChenW.3210_changed.bbl.
(AAAI-ChenW.3210_changed.aux)
 ***********
LaTeX2e <2023-06-01> patch level 1
L3 programming layer <2023-08-29>
 ***********
 ) 
Here is how much of TeX's memory you used:
 3026 strings out of 475247
 47738 string characters out of 5757792
 1960801 words of memory out of 5000000
 24505 multiletter control sequences out of 15000+600000
 583603 words of font info for 91 fonts, out of 8000000 for 9000
 1141 hyphenation exceptions out of 8191
 57i,20n,65p,1389b,285s stack positions out of 10000i,1000n,20000p,200000b,200000s
<C:/Users/micha/AppData/Local/Programs/MiKTeX/fonts/type1/public/amsfonts/cm/
cmbx10.pfb><C:/Users/micha/AppData/Local/Programs/MiKTeX/fonts/type1/public/ams
fonts/cm/cmbx5.pfb><C:/Users/micha/AppData/Local/Programs/MiKTeX/fonts/type1/pu
blic/amsfonts/cm/cmbx7.pfb><C:/Users/micha/AppData/Local/Programs/MiKTeX/fonts/
type1/public/amsfonts/cm/cmex10.pfb><C:/Users/micha/AppData/Local/Programs/MiKT
eX/fonts/type1/public/amsfonts/cm/cmmi10.pfb><C:/Users/micha/AppData/Local/Prog
rams/MiKTeX/fonts/type1/public/amsfonts/cm/cmmi5.pfb><C:/Users/micha/AppData/Lo
cal/Programs/MiKTeX/fonts/type1/public/amsfonts/cm/cmmi7.pfb><C:/Users/micha/Ap
pData/Local/Programs/MiKTeX/fonts/type1/public/amsfonts/cm/cmr10.pfb><C:/Users/
micha/AppData/Local/Programs/MiKTeX/fonts/type1/public/amsfonts/cm/cmr7.pfb><C:
/Users/micha/AppData/Local/Programs/MiKTeX/fonts/type1/public/amsfonts/cm/cmsy1
0.pfb><C:/Users/micha/AppData/Local/Programs/MiKTeX/fonts/type1/public/amsfonts
/cm/cmsy7.pfb><C:/Users/micha/AppData/Local/Programs/MiKTeX/fonts/type1/public/
amsfonts/symbols/msbm10.pfb><C:/Users/micha/AppData/Local/Programs/MiKTeX/fonts
/type1/urw/times/utmb8a.pfb><C:/Users/micha/AppData/Local/Programs/MiKTeX/fonts
/type1/urw/times/utmr8a.pfb><C:/Users/micha/AppData/Local/Programs/MiKTeX/fonts
/type1/urw/times/utmri8a.pfb>
Output written on AAAI-ChenW.3210_changed.pdf (8 pages, 408226 bytes).
PDF statistics:
 194 PDF objects out of 1000 (max. 8388607)
 0 named destinations out of 1000 (max. 500000)
 21 words of extra memory for PDF output out of 10000 (max. 10000000)

