This is pdfTeX, Version 3.141592653-2.6-1.40.25 (MiKTeX 23.5) (preloaded format=pdflatex 2024.1.12)  30 MAR 2024 16:20
entering extended mode
 restricted \write18 enabled.
 %&-line parsing enabled.
**./anonymous-submission-latex-2023_changed.tex
(anonymous-submission-latex-2023_changed.tex
LaTeX2e <2023-06-01> patch level 1
L3 programming layer <2023-08-29>
(C:\Users\orfuc\AppData\Local\Programs\MiKTeX\tex/latex/base\article.cls
Document Class: article 2023/05/17 v1.4n Standard LaTeX document class
(C:\Users\orfuc\AppData\Local\Programs\MiKTeX\tex/latex/base\size10.clo
File: size10.clo 2023/05/17 v1.4n Standard LaTeX file (size option)
)
\c@part=\count185
\c@section=\count186
\c@subsection=\count187
\c@subsubsection=\count188
\c@paragraph=\count189
\c@subparagraph=\count190
\c@figure=\count191
\c@table=\count192
\abovecaptionskip=\skip48
\belowcaptionskip=\skip49
\bibindent=\dimen140
)
(aaai23.sty
Package: aaai23 2023/06/27 AAAI 2023 Submission format

Conference Style for AAAI for LaTeX 2e -- version for submission
\titlebox=\skip50
) (C:\Users\orfuc\AppData\Local\Programs\MiKTeX\tex/latex/psnfss\times.sty
Package: times 2020/03/25 PSNFSS-v9.3 (SPQR) 
)
(C:\Users\orfuc\AppData\Local\Programs\MiKTeX\tex/latex/psnfss\helvet.sty
Package: helvet 2020/03/25 PSNFSS-v9.3 (WaS) 

(C:\Users\orfuc\AppData\Local\Programs\MiKTeX\tex/latex/graphics\keyval.sty
Package: keyval 2022/05/29 v1.15 key=value parser (DPC)
\KV@toks@=\toks17
))
(C:\Users\orfuc\AppData\Local\Programs\MiKTeX\tex/latex/psnfss\courier.sty
Package: courier 2020/03/25 PSNFSS-v9.3 (WaS) 
)
(C:\Users\orfuc\AppData\Local\Programs\MiKTeX\tex/latex/url\url.sty
\Urlmuskip=\muskip16
Package: url 2013/09/16  ver 3.4  Verb mode for urls, etc.
)
(C:\Users\orfuc\AppData\Local\Programs\MiKTeX\tex/latex/graphics\graphicx.sty
Package: graphicx 2021/09/16 v1.2d Enhanced LaTeX Graphics (DPC,SPQR)

(C:\Users\orfuc\AppData\Local\Programs\MiKTeX\tex/latex/graphics\graphics.sty
Package: graphics 2022/03/10 v1.4e Standard LaTeX Graphics (DPC,SPQR)

(C:\Users\orfuc\AppData\Local\Programs\MiKTeX\tex/latex/graphics\trig.sty
Package: trig 2021/08/11 v1.11 sin cos tan (DPC)
)
(C:\Users\orfuc\AppData\Local\Programs\MiKTeX\tex/latex/graphics-cfg\graphics.c
fg
File: graphics.cfg 2016/06/04 v1.11 sample graphics configuration
)
Package graphics Info: Driver file: pdftex.def on input line 107.

(C:\Users\orfuc\AppData\Local\Programs\MiKTeX\tex/latex/graphics-def\pdftex.def
File: pdftex.def 2022/09/22 v1.2b Graphics/color driver for pdftex
))
\Gin@req@height=\dimen141
\Gin@req@width=\dimen142
) (C:\Users\orfuc\AppData\Local\Programs\MiKTeX\tex/latex/natbib\natbib.sty
Package: natbib 2010/09/13 8.31b (PWD, AO)
\bibhang=\skip51
\bibsep=\skip52
LaTeX Info: Redefining \cite on input line 694.
\c@NAT@ctr=\count193
)
(C:\Users\orfuc\AppData\Local\Programs\MiKTeX\tex/latex/caption\caption.sty
Package: caption 2023/07/31 v3.6n Customizing captions (AR)

(C:\Users\orfuc\AppData\Local\Programs\MiKTeX\tex/latex/caption\caption3.sty
Package: caption3 2023/07/31 v2.4d caption3 kernel (AR)
\caption@tempdima=\dimen143
\captionmargin=\dimen144
\caption@leftmargin=\dimen145
\caption@rightmargin=\dimen146
\caption@width=\dimen147
\caption@indent=\dimen148
\caption@parindent=\dimen149
\caption@hangindent=\dimen150
Package caption Info: Standard document class detected.
)
\c@caption@flags=\count194
\c@continuedfloat=\count195
)
(C:\Users\orfuc\AppData\Local\Programs\MiKTeX\tex/latex/multirow\multirow.sty
Package: multirow 2021/03/15 v2.8 Span multiple rows of a table
\multirow@colwidth=\skip53
\multirow@cntb=\count196
\multirow@dima=\skip54
\bigstrutjot=\dimen151
)
(C:\Users\orfuc\AppData\Local\Programs\MiKTeX\tex/latex/amsmath\amsmath.sty
Package: amsmath 2023/05/13 v2.17o AMS math features
\@mathmargin=\skip55

For additional information on amsmath, use the `?' option.
(C:\Users\orfuc\AppData\Local\Programs\MiKTeX\tex/latex/amsmath\amstext.sty
Package: amstext 2021/08/26 v2.01 AMS text

(C:\Users\orfuc\AppData\Local\Programs\MiKTeX\tex/latex/amsmath\amsgen.sty
File: amsgen.sty 1999/11/30 v2.0 generic functions
\@emptytoks=\toks18
\ex@=\dimen152
))
(C:\Users\orfuc\AppData\Local\Programs\MiKTeX\tex/latex/amsmath\amsbsy.sty
Package: amsbsy 1999/11/29 v1.2d Bold Symbols
\pmbraise@=\dimen153
)
(C:\Users\orfuc\AppData\Local\Programs\MiKTeX\tex/latex/amsmath\amsopn.sty
Package: amsopn 2022/04/08 v2.04 operator names
)
\inf@bad=\count197
LaTeX Info: Redefining \frac on input line 234.
\uproot@=\count198
\leftroot@=\count199
LaTeX Info: Redefining \overline on input line 399.
LaTeX Info: Redefining \colon on input line 410.
\classnum@=\count266
\DOTSCASE@=\count267
LaTeX Info: Redefining \ldots on input line 496.
LaTeX Info: Redefining \dots on input line 499.
LaTeX Info: Redefining \cdots on input line 620.
\Mathstrutbox@=\box51
\strutbox@=\box52
LaTeX Info: Redefining \big on input line 722.
LaTeX Info: Redefining \Big on input line 723.
LaTeX Info: Redefining \bigg on input line 724.
LaTeX Info: Redefining \Bigg on input line 725.
\big@size=\dimen154
LaTeX Font Info:    Redeclaring font encoding OML on input line 743.
LaTeX Font Info:    Redeclaring font encoding OMS on input line 744.
\macc@depth=\count268
LaTeX Info: Redefining \bmod on input line 905.
LaTeX Info: Redefining \pmod on input line 910.
LaTeX Info: Redefining \smash on input line 940.
LaTeX Info: Redefining \relbar on input line 970.
LaTeX Info: Redefining \Relbar on input line 971.
\c@MaxMatrixCols=\count269
\dotsspace@=\muskip17
\c@parentequation=\count270
\dspbrk@lvl=\count271
\tag@help=\toks19
\row@=\count272
\column@=\count273
\maxfields@=\count274
\andhelp@=\toks20
\eqnshift@=\dimen155
\alignsep@=\dimen156
\tagshift@=\dimen157
\tagwidth@=\dimen158
\totwidth@=\dimen159
\lineht@=\dimen160
\@envbody=\toks21
\multlinegap=\skip56
\multlinetaggap=\skip57
\mathdisplay@stack=\toks22
LaTeX Info: Redefining \[ on input line 2953.
LaTeX Info: Redefining \] on input line 2954.
)
(C:\Users\orfuc\AppData\Local\Programs\MiKTeX\tex/latex/amsfonts\amssymb.sty
Package: amssymb 2013/01/14 v3.01 AMS font symbols

(C:\Users\orfuc\AppData\Local\Programs\MiKTeX\tex/latex/amsfonts\amsfonts.sty
Package: amsfonts 2013/01/14 v3.01 Basic AMSFonts support
\symAMSa=\mathgroup4
\symAMSb=\mathgroup5
LaTeX Font Info:    Redeclaring math symbol \hbar on input line 98.
LaTeX Font Info:    Overwriting math alphabet `\mathfrak' in version `bold'
(Font)                  U/euf/m/n --> U/euf/b/n on input line 106.
))
(C:\Users\orfuc\AppData\Local\Programs\MiKTeX\tex/latex/algorithms\algorithm.st
y
Package: algorithm 2009/08/24 v0.1 Document Style `algorithm' - floating enviro
nment
 (C:\Users\orfuc\AppData\Local\Programs\MiKTeX\tex/latex/float\float.sty
Package: float 2001/11/08 v1.3d Float enhancements (AL)
\c@float@type=\count275
\float@exts=\toks23
\float@box=\box53
\@float@everytoks=\toks24
\@floatcapt=\box54
)
(C:\Users\orfuc\AppData\Local\Programs\MiKTeX\tex/latex/base\ifthen.sty
Package: ifthen 2022/04/13 v1.1d Standard LaTeX ifthen package (DPC)
)
\@float@every@algorithm=\toks25
\c@algorithm=\count276
)
(C:\Users\orfuc\AppData\Local\Programs\MiKTeX\tex/latex/algorithms\algorithmic.
sty
Package: algorithmic 2009/08/24 v0.1 Document Style `algorithmic'
\c@ALC@unique=\count277
\c@ALC@line=\count278
\c@ALC@rem=\count279
\c@ALC@depth=\count280
\ALC@tlm=\skip58
\algorithmicindent=\skip59
)
(C:\Users\orfuc\AppData\Local\Programs\MiKTeX\tex/latex/newfloat\newfloat.sty
Package: newfloat 2019/09/02 v1.1l Defining new floating environments (AR)
)
(C:\Users\orfuc\AppData\Local\Programs\MiKTeX\tex/latex/listings\listings.sty
\lst@mode=\count281
\lst@gtempboxa=\box55
\lst@token=\toks26
\lst@length=\count282
\lst@currlwidth=\dimen161
\lst@column=\count283
\lst@pos=\count284
\lst@lostspace=\dimen162
\lst@width=\dimen163
\lst@newlines=\count285
\lst@lineno=\count286
\lst@maxwidth=\dimen164

(C:\Users\orfuc\AppData\Local\Programs\MiKTeX\tex/latex/listings\lstmisc.sty
File: lstmisc.sty 2023/02/27 1.9 (Carsten Heinz)
\c@lstnumber=\count287
\lst@skipnumbers=\count288
\lst@framebox=\box56
)
(C:\Users\orfuc\AppData\Local\Programs\MiKTeX\tex/latex/listings\listings.cfg
File: listings.cfg 2023/02/27 1.9 listings configuration
))
Package: listings 2023/02/27 1.9 (Carsten Heinz)
\@float@every@listing=\toks27
\c@listing=\count289
(C:\Users\orfuc\AppData\Local\Programs\MiKTeX\tex/latex/natbib\bibentry.sty
Package: bibentry 2007/10/30 1.5 (PWD)
)
LaTeX Font Info:    Trying to load font information for OT1+ptm on input line 1
50.

(C:\Users\orfuc\AppData\Local\Programs\MiKTeX\tex/latex/psnfss\ot1ptm.fd
File: ot1ptm.fd 2001/06/04 font definitions for OT1/ptm.
)
(C:\Users\orfuc\AppData\Local\Programs\MiKTeX\tex/latex/l3backend\l3backend-pdf
tex.def
File: l3backend-pdftex.def 2023-04-19 L3 backend support: PDF output (pdfTeX)
\l__color_backend_stack_int=\count290
\l__pdf_internal_box=\box57
) (anonymous-submission-latex-2023_changed.aux)
\openout1 = `anonymous-submission-latex-2023_changed.aux'.

LaTeX Font Info:    Checking defaults for OML/cmm/m/it on input line 150.
LaTeX Font Info:    ... okay on input line 150.
LaTeX Font Info:    Checking defaults for OMS/cmsy/m/n on input line 150.
LaTeX Font Info:    ... okay on input line 150.
LaTeX Font Info:    Checking defaults for OT1/cmr/m/n on input line 150.
LaTeX Font Info:    ... okay on input line 150.
LaTeX Font Info:    Checking defaults for T1/cmr/m/n on input line 150.
LaTeX Font Info:    ... okay on input line 150.
LaTeX Font Info:    Checking defaults for TS1/cmr/m/n on input line 150.
LaTeX Font Info:    ... okay on input line 150.
LaTeX Font Info:    Checking defaults for OMX/cmex/m/n on input line 150.
LaTeX Font Info:    ... okay on input line 150.
LaTeX Font Info:    Checking defaults for U/cmr/m/n on input line 150.
LaTeX Font Info:    ... okay on input line 150.

(C:\Users\orfuc\AppData\Local\Programs\MiKTeX\tex/context/base/mkii\supp-pdf.mk
ii
[Loading MPS to PDF converter (version 2006.09.02).]
\scratchcounter=\count291
\scratchdimen=\dimen165
\scratchbox=\box58
\nofMPsegments=\count292
\nofMParguments=\count293
\everyMPshowfont=\toks28
\MPscratchCnt=\count294
\MPscratchDim=\dimen166
\MPnumerator=\count295
\makeMPintoPDFobject=\count296
\everyMPtoPDFconversion=\toks29
)
(C:\Users\orfuc\AppData\Local\Programs\MiKTeX\tex/latex/epstopdf-pkg\epstopdf-b
ase.sty
Package: epstopdf-base 2020-01-24 v2.11 Base part for package epstopdf
Package epstopdf-base Info: Redefining graphics rule for `.eps' on input line 4
85.

(C:\Users\orfuc\AppData\Local\Programs\MiKTeX\tex/latex/00miktex\epstopdf-sys.c
fg
File: epstopdf-sys.cfg 2021/03/18 v2.0 Configuration of epstopdf for MiKTeX
))
Package caption Info: Begin \AtBeginDocument code.
Package caption Info: float package is loaded.
Package caption Info: listings package is loaded.
Package caption Info: End \AtBeginDocument code.
Package newfloat Info: `float' package detected.
\c@lstlisting=\count297
\c@eqfn=\count298
\titlearea=\box59
LaTeX Font Info:    Trying to load font information for U+msa on input line 152
.
 (C:\Users\orfuc\AppData\Local\Programs\MiKTeX\tex/latex/amsfonts\umsa.fd
File: umsa.fd 2013/01/14 v3.01 AMS symbols A
)
LaTeX Font Info:    Trying to load font information for U+msb on input line 152
.

(C:\Users\orfuc\AppData\Local\Programs\MiKTeX\tex/latex/amsfonts\umsb.fd
File: umsb.fd 2013/01/14 v3.01 AMS symbols B
)
\actualheight=\skip60
LaTeX Font Info:    Trying to load font information for TS1+ptm on input line 1
52.

(C:\Users\orfuc\AppData\Local\Programs\MiKTeX\tex/latex/psnfss\ts1ptm.fd
File: ts1ptm.fd 2001/06/04 font definitions for TS1/ptm.
)

Package natbib Warning: Citation `DBLP:conf/eccv/TehDT20' on page 1 undefined o
n input line 171.


Package natbib Warning: Citation `DBLP:conf/cvpr/WangHHDS19' on page 1 undefine
d on input line 171.


Package natbib Warning: Citation `DBLP:conf/eccv/BoudiafRZGPPA20' on page 1 und
efined on input line 171.


Package natbib Warning: Citation `DBLP:journals/tip/WeiLWZ17' on page 1 undefin
ed on input line 171.


Package natbib Warning: Citation `DBLP:conf/ijcai/ZhengJSWHY18' on page 1 undef
ined on input line 171.


Package natbib Warning: Citation `DBLP:conf/wacv/MoskvyakMDB21' on page 1 undef
ined on input line 171.


Package natbib Warning: Citation `DBLP:conf/cvpr/HuangZGS21' on page 1 undefine
d on input line 171.


Package natbib Warning: Citation `DBLP:conf/icml/ZintgrafSKHW19' on page 1 unde
fined on input line 171.


Package natbib Warning: Citation `DBLP:journals/corr/abs-2208-10159' on page 1 
undefined on input line 175.


Package natbib Warning: Citation `DBLP:conf/icml/JiaYXCPPLSLD21' on page 1 unde
fined on input line 178.


Package natbib Warning: Citation `DBLP:conf/iccv/KamathSLSMC21' on page 1 undef
ined on input line 178.


Package natbib Warning: Citation `DBLP:conf/icml/RadfordKHRGASAM21' on page 1 u
ndefined on input line 178.


Underfull \hbox (badness 1178) in paragraph at lines 181--188
\OT1/ptm/m/n/10 category-specific aware-ness head (CAH). FRPT merely
 []


Underfull \vbox (badness 1400) has occurred while \output is active []

 [1{C:/Users/orfuc/AppData/Local/MiKTeX/fonts/map/pdftex/pdftex.map}{C:/Users/o
rfuc/AppData/Local/Programs/MiKTeX/fonts/enc/dvips/base/8r.enc}



]
Underfull \hbox (badness 2486) in paragraph at lines 207--208
[]\OT1/ptm/m/n/10 A category-specific aware-ness head is de-signed to
 []


Underfull \hbox (badness 2073) in paragraph at lines 207--208
\OT1/ptm/m/n/10 the fea-tures specif-i-cally for iden-ti-fy-ing fine-grained
 []


Underfull \hbox (badness 2229) in paragraph at lines 210--211
\OT1/ptm/m/n/10 in-crease on three widely-used fine-grained re-trieval
 []


Package natbib Warning: Citation `DBLP:journals/corr/abs-2210-00788' on page 2 
undefined on input line 219.


Package natbib Warning: Citation `DBLP:journals/corr/abs-2207-14381' on page 2 
undefined on input line 219.


Package natbib Warning: Citation `DBLP:journals/corr/abs-2208-10159' on page 2 
undefined on input line 219.


Package natbib Warning: Citation `DBLP:conf/emnlp/LesterAC21' on page 2 undefin
ed on input line 219.


Package natbib Warning: Citation `DBLP:conf/acl/LiL20' on page 2 undefined on i
nput line 219.


Package natbib Warning: Citation `DBLP:journals/corr/abs-2110-07602' on page 2 
undefined on input line 219.


Package natbib Warning: Citation `DBLP:journals/tacl/JiangXAN20' on page 2 unde
fined on input line 219.


Package natbib Warning: Citation `DBLP:conf/icml/RadfordKHRGASAM21' on page 2 u
ndefined on input line 221.


Package natbib Warning: Citation `DBLP:journals/corr/abs-2210-15929' on page 2 
undefined on input line 221.


Package natbib Warning: Citation `DBLP:journals/corr/abs-2109-11797' on page 2 
undefined on input line 221.


Package natbib Warning: Citation `DBLP:journals/corr/abs-2109-11797' on page 2 
undefined on input line 221.


Package natbib Warning: Citation `DBLP:journals/tip/WeiLWZ17' on page 2 undefin
ed on input line 224.


Package natbib Warning: Citation `DBLP:conf/ijcai/ZhengJSWHY18' on page 2 undef
ined on input line 224.


Package natbib Warning: Citation `DBLP:journals/mms/WangWWWL22' on page 2 undef
ined on input line 224.


Package natbib Warning: Citation `DBLP:conf/wacv/MoskvyakMDB21' on page 2 undef
ined on input line 224.


Package natbib Warning: Citation `DBLP:conf/aaai/WangWLO22' on page 2 undefined
 on input line 224.


Package natbib Warning: Citation `DBLP:conf/ijcai/ZhengJSWHY18' on page 2 undef
ined on input line 224.


Package natbib Warning: Citation `DBLP:conf/eccv/TehDT20' on page 2 undefined o
n input line 224.


Package natbib Warning: Citation `DBLP:conf/cvpr/WangHHDS19' on page 2 undefine
d on input line 224.


Package natbib Warning: Citation `DBLP:conf/eccv/BoudiafRZGPPA20' on page 2 und
efined on input line 224.


Package natbib Warning: Citation `DBLP:conf/iccv/KoGK21' on page 2 undefined on
 input line 224.


Package natbib Warning: Citation `DBLP:conf/icml/RothMOCG21' on page 2 undefine
d on input line 224.


Package natbib Warning: Citation `DBLP:conf/iccv/ZhengZL021' on page 2 undefine
d on input line 224.



pdfTeX warning: pdflatex (file ./ap.pdf): PDF inclusion: found PDF version <1.7
>, but at most version <1.5> allowed
<ap.pdf, id=8, 1048.87856pt x 342.80069pt>
File: ap.pdf Graphic file (type pdf)
<use ap.pdf>
Package pdftex.def Info: ap.pdf  used on input line 233.
(pdftex.def)             Requested size: 505.89pt x 165.33751pt.
[2]

Package natbib Warning: Citation `DBLP:conf/mm/WangWLO20' on page 3 undefined o
n input line 265.


Package natbib Warning: Citation `DBLP:conf/aaai/WangLWO21' on page 3 undefined
 on input line 265.


Package natbib Warning: Citation `DBLP:conf/icmcs/WangWZLL19' on page 3 undefin
ed on input line 265.


Underfull \vbox (badness 5050) has occurred while \output is active []


Underfull \hbox (badness 1292) in paragraph at lines 290--292
\OT1/ptm/m/n/10 where $\OMS/cmsy/m/n/10 S\OT1/cmr/m/n/10 (\OMS/cmsy/m/n/10 ^^A\
OT1/cmr/m/n/10 )$ \OT1/ptm/m/n/10 in-di-cates the content-aware in-ho-mo-ge-neo
us
 []


Package natbib Warning: Citation `DBLP:conf/nips/JaderbergSZK15' on page 3 unde
fined on input line 293.


Overfull \hbox (1.91177pt too wide) detected at line 299
[][][]
 []

[3 <./ap.pdf>]
Overfull \hbox (0.94026pt too wide) detected at line 304
[][][]
 []


Package natbib Warning: Citation `DBLP:conf/cvpr/WangWYLLL20' on page 4 undefin
ed on input line 315.


Package natbib Warning: Citation `DBLP:conf/mm/WangWZLZL19' on page 4 undefined
 on input line 315.


Package natbib Warning: Citation `DBLP:conf/aaai/WangWLDL20' on page 4 undefine
d on input line 315.


Package natbib Warning: Citation `DBLP:conf/eccv/PanLST18' on page 4 undefined 
on input line 321.


Package natbib Warning: Citation `DBLP:conf/cvpr/HuSS18' on page 4 undefined on
 input line 326.


Package natbib Warning: Citation `Branson2014Bird' on page 4 undefined on input
 line 353.


Package natbib Warning: Citation `Krause20133D' on page 4 undefined on input li
ne 353.


Package natbib Warning: Citation `Krause20133D' on page 4 undefined on input li
ne 353.


Package natbib Warning: Citation `DBLP:journals/corr/MajiRKBV13' on page 4 unde
fined on input line 353.

[4]

Package natbib Warning: Citation `He2015Deep' on page 5 undefined on input line
 358.


Underfull \hbox (badness 1953) in paragraph at lines 357--361
[]\OT1/ptm/b/n/10 Implementation De-tails. \OT1/ptm/m/n/10 We ap-ply the widely
-used
 []


Package natbib Warning: Citation `DBLP:conf/cvpr/SongXJS16' on page 5 undefined
 on input line 362.


Package natbib Warning: Citation `DBLP:journals/tip/WeiLWZ17' on page 5 undefin
ed on input line 408.


Package natbib Warning: Citation `DBLP:journals/tog/Bala15' on page 5 undefined
 on input line 409.


Package natbib Warning: Citation `DBLP:conf/ijcai/ZhengJSWHY18' on page 5 undef
ined on input line 411.


Package natbib Warning: Citation `DBLP:journals/ijon/ZengLWZCL21' on page 5 und
efined on input line 412.


Package natbib Warning: Citation `DBLP:conf/aaai/ZhengJSZWH19' on page 5 undefi
ned on input line 420.


Package natbib Warning: Citation `DBLP:conf/cvpr/ZhengWL021' on page 5 undefine
d on input line 421.


Package natbib Warning: Citation `DBLP:conf/iccv/ZhengZL021' on page 5 undefine
d on input line 422.


Package natbib Warning: Citation `DBLP:conf/eccv/BoudiafRZGPPA20' on page 5 und
efined on input line 423.


Package natbib Warning: Citation `DBLP:conf/iccv/KoGK21' on page 5 undefined on
 input line 424.


Package natbib Warning: Citation `DBLP:conf/icml/SeidenschwarzEL21' on page 5 u
ndefined on input line 425.


Package natbib Warning: Citation `DBLP:conf/icml/RothMOCG21' on page 5 undefine
d on input line 426.


Package natbib Warning: Citation `DBLP:conf/cvpr/KimKCK21' on page 5 undefined 
on input line 428.


Package natbib Warning: Citation `DBLP:conf/eccv/TehDT20' on page 5 undefined o
n input line 429.


Package natbib Warning: Citation `He2015Deep' on page 5 undefined on input line
 439.


Package natbib Warning: Citation `DBLP:conf/cvpr/SzegedyVISW16' on page 5 undef
ined on input line 439.


Package natbib Warning: Citation `He2015Deep' on page 5 undefined on input line
 439.


Package natbib Warning: Citation `DBLP:conf/cvpr/SzegedyVISW16' on page 5 undef
ined on input line 439.


Package natbib Warning: Citation `He2015Deep' on page 5 undefined on input line
 475.


Package natbib Warning: Citation `He2015Deep' on page 5 undefined on input line
 475.

[5]

pdfTeX warning: pdflatex (file ./vce.pdf): PDF inclusion: found PDF version <1.
7>, but at most version <1.5> allowed
<vce.pdf, id=77, 995.88057pt x 207.77625pt>
File: vce.pdf Graphic file (type pdf)
<use vce.pdf>
Package pdftex.def Info: vce.pdf  used on input line 512.
(pdftex.def)             Requested size: 470.47398pt x 98.15576pt.
<sample.png, id=78, 437.4744pt x 172.0026pt>
File: sample.png Graphic file (type png)
<use sample.png>
Package pdftex.def Info: sample.png  used on input line 543.
(pdftex.def)             Requested size: 215.45348pt x 84.7098pt.
<sam.png, id=80, 437.4744pt x 192.72pt>
File: sam.png Graphic file (type png)
<use sam.png>
Package pdftex.def Info: sam.png  used on input line 549.
(pdftex.def)             Requested size: 215.45348pt x 94.91293pt.
[6]
No file anonymous-submission-latex-2023_changed.bbl.
[7 <./vce.pdf> <./sample.png> <./sam.png>]

Package natbib Warning: There were undefined citations.

[8

] (anonymous-submission-latex-2023_changed.aux)
 ***********
LaTeX2e <2023-06-01> patch level 1
L3 programming layer <2023-08-29>
 ***********
 ) 
Here is how much of TeX's memory you used:
 6476 strings out of 475247
 103621 string characters out of 5757792
 1965801 words of memory out of 5000000
 27919 multiletter control sequences out of 15000+600000
 587051 words of font info for 98 fonts, out of 8000000 for 9000
 1141 hyphenation exceptions out of 8191
 57i,10n,65p,1792b,351s stack positions out of 10000i,1000n,20000p,200000b,200000s
<C:/Users/orfuc/AppData/Local/Programs/MiKTeX/fonts/type1/public/amsfonts/cm/
cmex10.pfb><C:/Users/orfuc/AppData/Local/Programs/MiKTeX/fonts/type1/public/ams
fonts/cm/cmmi10.pfb><C:/Users/orfuc/AppData/Local/Programs/MiKTeX/fonts/type1/p
ublic/amsfonts/cm/cmmi5.pfb><C:/Users/orfuc/AppData/Local/Programs/MiKTeX/fonts
/type1/public/amsfonts/cm/cmmi7.pfb><C:/Users/orfuc/AppData/Local/Programs/MiKT
eX/fonts/type1/public/amsfonts/cm/cmr10.pfb><C:/Users/orfuc/AppData/Local/Progr
ams/MiKTeX/fonts/type1/public/amsfonts/cm/cmr7.pfb><C:/Users/orfuc/AppData/Loca
l/Programs/MiKTeX/fonts/type1/public/amsfonts/cm/cmsy10.pfb><C:/Users/orfuc/App
Data/Local/Programs/MiKTeX/fonts/type1/public/amsfonts/cm/cmsy7.pfb><C:/Users/o
rfuc/AppData/Local/Programs/MiKTeX/fonts/type1/public/amsfonts/symbols/msbm10.p
fb><C:/Users/orfuc/AppData/Local/Programs/MiKTeX/fonts/type1/urw/times/utmb8a.p
fb><C:/Users/orfuc/AppData/Local/Programs/MiKTeX/fonts/type1/urw/times/utmr8a.p
fb><C:/Users/orfuc/AppData/Local/Programs/MiKTeX/fonts/type1/urw/times/utmri8a.
pfb>
Output written on anonymous-submission-latex-2023_changed.pdf (8 pages, 2224625
 bytes).
PDF statistics:
 153 PDF objects out of 1000 (max. 8388607)
 0 named destinations out of 1000 (max. 500000)
 21 words of extra memory for PDF output out of 10000 (max. 10000000)

