This is pdfTeX, Version 3.141592653-2.6-1.40.25 (MiKTeX 23.5) (preloaded format=pdflatex 2024.1.12)  3 MAR 2024 13:21
entering extended mode
 restricted \write18 enabled.
 %&-line parsing enabled.
**./Formatting-Instructions-LaTeX-2021_changed.tex
(Formatting-Instructions-LaTeX-2021_changed.tex
LaTeX2e <2023-06-01> patch level 1
L3 programming layer <2023-08-29>
(C:\Users\orfuc\AppData\Local\Programs\MiKTeX\tex/latex/base\article.cls
Document Class: article 2023/05/17 v1.4n Standard LaTeX document class
(C:\Users\orfuc\AppData\Local\Programs\MiKTeX\tex/latex/base\size10.clo
File: size10.clo 2023/05/17 v1.4n Standard LaTeX file (size option)
)
\c@part=\count185
\c@section=\count186
\c@subsection=\count187
\c@subsubsection=\count188
\c@paragraph=\count189
\c@subparagraph=\count190
\c@figure=\count191
\c@table=\count192
\abovecaptionskip=\skip48
\belowcaptionskip=\skip49
\bibindent=\dimen140
)
(aaai21.sty
Conference Style for AAAI for LaTeX 2e -- version for the AAAI-21 conference - 
MODIFIED
\titlebox=\skip50
) (C:\Users\orfuc\AppData\Local\Programs\MiKTeX\tex/latex/psnfss\times.sty
Package: times 2020/03/25 PSNFSS-v9.3 (SPQR) 
)
(C:\Users\orfuc\AppData\Local\Programs\MiKTeX\tex/latex/psnfss\helvet.sty
Package: helvet 2020/03/25 PSNFSS-v9.3 (WaS) 

(C:\Users\orfuc\AppData\Local\Programs\MiKTeX\tex/latex/graphics\keyval.sty
Package: keyval 2022/05/29 v1.15 key=value parser (DPC)
\KV@toks@=\toks17
))
(C:\Users\orfuc\AppData\Local\Programs\MiKTeX\tex/latex/psnfss\courier.sty
Package: courier 2020/03/25 PSNFSS-v9.3 (WaS) 
)
(C:\Users\orfuc\AppData\Local\Programs\MiKTeX\tex/latex/url\url.sty
\Urlmuskip=\muskip16
Package: url 2013/09/16  ver 3.4  Verb mode for urls, etc.
)
(C:\Users\orfuc\AppData\Local\Programs\MiKTeX\tex/latex/graphics\graphicx.sty
Package: graphicx 2021/09/16 v1.2d Enhanced LaTeX Graphics (DPC,SPQR)

(C:\Users\orfuc\AppData\Local\Programs\MiKTeX\tex/latex/graphics\graphics.sty
Package: graphics 2022/03/10 v1.4e Standard LaTeX Graphics (DPC,SPQR)

(C:\Users\orfuc\AppData\Local\Programs\MiKTeX\tex/latex/graphics\trig.sty
Package: trig 2021/08/11 v1.11 sin cos tan (DPC)
)
(C:\Users\orfuc\AppData\Local\Programs\MiKTeX\tex/latex/graphics-cfg\graphics.c
fg
File: graphics.cfg 2016/06/04 v1.11 sample graphics configuration
)
Package graphics Info: Driver file: pdftex.def on input line 107.

(C:\Users\orfuc\AppData\Local\Programs\MiKTeX\tex/latex/graphics-def\pdftex.def
File: pdftex.def 2022/09/22 v1.2b Graphics/color driver for pdftex
))
\Gin@req@height=\dimen141
\Gin@req@width=\dimen142
) (C:\Users\orfuc\AppData\Local\Programs\MiKTeX\tex/latex/natbib\natbib.sty
Package: natbib 2010/09/13 8.31b (PWD, AO)
\bibhang=\skip51
\bibsep=\skip52
LaTeX Info: Redefining \cite on input line 694.
\c@NAT@ctr=\count193
)
(C:\Users\orfuc\AppData\Local\Programs\MiKTeX\tex/latex/caption\caption.sty
Package: caption 2023/07/31 v3.6n Customizing captions (AR)

(C:\Users\orfuc\AppData\Local\Programs\MiKTeX\tex/latex/caption\caption3.sty
Package: caption3 2023/07/31 v2.4d caption3 kernel (AR)
\caption@tempdima=\dimen143
\captionmargin=\dimen144
\caption@leftmargin=\dimen145
\caption@rightmargin=\dimen146
\caption@width=\dimen147
\caption@indent=\dimen148
\caption@parindent=\dimen149
\caption@hangindent=\dimen150
Package caption Info: Standard document class detected.
)
\c@caption@flags=\count194
\c@continuedfloat=\count195
)
(C:\Users\orfuc\AppData\Local\Programs\MiKTeX\tex/latex/amsmath\amsmath.sty
Package: amsmath 2023/05/13 v2.17o AMS math features
\@mathmargin=\skip53

For additional information on amsmath, use the `?' option.
(C:\Users\orfuc\AppData\Local\Programs\MiKTeX\tex/latex/amsmath\amstext.sty
Package: amstext 2021/08/26 v2.01 AMS text

(C:\Users\orfuc\AppData\Local\Programs\MiKTeX\tex/latex/amsmath\amsgen.sty
File: amsgen.sty 1999/11/30 v2.0 generic functions
\@emptytoks=\toks18
\ex@=\dimen151
))
(C:\Users\orfuc\AppData\Local\Programs\MiKTeX\tex/latex/amsmath\amsbsy.sty
Package: amsbsy 1999/11/29 v1.2d Bold Symbols
\pmbraise@=\dimen152
)
(C:\Users\orfuc\AppData\Local\Programs\MiKTeX\tex/latex/amsmath\amsopn.sty
Package: amsopn 2022/04/08 v2.04 operator names
)
\inf@bad=\count196
LaTeX Info: Redefining \frac on input line 234.
\uproot@=\count197
\leftroot@=\count198
LaTeX Info: Redefining \overline on input line 399.
LaTeX Info: Redefining \colon on input line 410.
\classnum@=\count199
\DOTSCASE@=\count266
LaTeX Info: Redefining \ldots on input line 496.
LaTeX Info: Redefining \dots on input line 499.
LaTeX Info: Redefining \cdots on input line 620.
\Mathstrutbox@=\box51
\strutbox@=\box52
LaTeX Info: Redefining \big on input line 722.
LaTeX Info: Redefining \Big on input line 723.
LaTeX Info: Redefining \bigg on input line 724.
LaTeX Info: Redefining \Bigg on input line 725.
\big@size=\dimen153
LaTeX Font Info:    Redeclaring font encoding OML on input line 743.
LaTeX Font Info:    Redeclaring font encoding OMS on input line 744.
\macc@depth=\count267
LaTeX Info: Redefining \bmod on input line 905.
LaTeX Info: Redefining \pmod on input line 910.
LaTeX Info: Redefining \smash on input line 940.
LaTeX Info: Redefining \relbar on input line 970.
LaTeX Info: Redefining \Relbar on input line 971.
\c@MaxMatrixCols=\count268
\dotsspace@=\muskip17
\c@parentequation=\count269
\dspbrk@lvl=\count270
\tag@help=\toks19
\row@=\count271
\column@=\count272
\maxfields@=\count273
\andhelp@=\toks20
\eqnshift@=\dimen154
\alignsep@=\dimen155
\tagshift@=\dimen156
\tagwidth@=\dimen157
\totwidth@=\dimen158
\lineht@=\dimen159
\@envbody=\toks21
\multlinegap=\skip54
\multlinetaggap=\skip55
\mathdisplay@stack=\toks22
LaTeX Info: Redefining \[ on input line 2953.
LaTeX Info: Redefining \] on input line 2954.
)
LaTeX Font Info:    Trying to load font information for OT1+ptm on input line 1
54.

(C:\Users\orfuc\AppData\Local\Programs\MiKTeX\tex/latex/psnfss\ot1ptm.fd
File: ot1ptm.fd 2001/06/04 font definitions for OT1/ptm.
)
(C:\Users\orfuc\AppData\Local\Programs\MiKTeX\tex/latex/l3backend\l3backend-pdf
tex.def
File: l3backend-pdftex.def 2023-04-19 L3 backend support: PDF output (pdfTeX)
\l__color_backend_stack_int=\count274
\l__pdf_internal_box=\box53
) (Formatting-Instructions-LaTeX-2021_changed.aux

LaTeX Warning: Label `fig1' multiply defined.

)
\openout1 = `Formatting-Instructions-LaTeX-2021_changed.aux'.

LaTeX Font Info:    Checking defaults for OML/cmm/m/it on input line 154.
LaTeX Font Info:    ... okay on input line 154.
LaTeX Font Info:    Checking defaults for OMS/cmsy/m/n on input line 154.
LaTeX Font Info:    ... okay on input line 154.
LaTeX Font Info:    Checking defaults for OT1/cmr/m/n on input line 154.
LaTeX Font Info:    ... okay on input line 154.
LaTeX Font Info:    Checking defaults for T1/cmr/m/n on input line 154.
LaTeX Font Info:    ... okay on input line 154.
LaTeX Font Info:    Checking defaults for TS1/cmr/m/n on input line 154.
LaTeX Font Info:    ... okay on input line 154.
LaTeX Font Info:    Checking defaults for OMX/cmex/m/n on input line 154.
LaTeX Font Info:    ... okay on input line 154.
LaTeX Font Info:    Checking defaults for U/cmr/m/n on input line 154.
LaTeX Font Info:    ... okay on input line 154.

(C:\Users\orfuc\AppData\Local\Programs\MiKTeX\tex/context/base/mkii\supp-pdf.mk
ii
[Loading MPS to PDF converter (version 2006.09.02).]
\scratchcounter=\count275
\scratchdimen=\dimen160
\scratchbox=\box54
\nofMPsegments=\count276
\nofMParguments=\count277
\everyMPshowfont=\toks23
\MPscratchCnt=\count278
\MPscratchDim=\dimen161
\MPnumerator=\count279
\makeMPintoPDFobject=\count280
\everyMPtoPDFconversion=\toks24
)
(C:\Users\orfuc\AppData\Local\Programs\MiKTeX\tex/latex/epstopdf-pkg\epstopdf-b
ase.sty
Package: epstopdf-base 2020-01-24 v2.11 Base part for package epstopdf

(C:\Users\orfuc\AppData\Local\Programs\MiKTeX\tex/generic/infwarerr\infwarerr.s
ty
Package: infwarerr 2019/12/03 v1.5 Providing info/warning/error messages (HO)
) (C:\Users\orfuc\AppData\Local\Programs\MiKTeX\tex/latex/grfext\grfext.sty
Package: grfext 2019/12/03 v1.3 Manage graphics extensions (HO)

(C:\Users\orfuc\AppData\Local\Programs\MiKTeX\tex/generic/kvdefinekeys\kvdefine
keys.sty
Package: kvdefinekeys 2019-12-19 v1.6 Define keys (HO)
))
(C:\Users\orfuc\AppData\Local\Programs\MiKTeX\tex/latex/kvoptions\kvoptions.sty
Package: kvoptions 2022-06-15 v3.15 Key value format for package options (HO)
(C:\Users\orfuc\AppData\Local\Programs\MiKTeX\tex/generic/ltxcmds\ltxcmds.sty
Package: ltxcmds 2020-05-10 v1.25 LaTeX kernel commands for general use (HO)
)
(C:\Users\orfuc\AppData\Local\Programs\MiKTeX\tex/latex/kvsetkeys\kvsetkeys.sty
Package: kvsetkeys 2022-10-05 v1.19 Key value parser (HO)
))
(C:\Users\orfuc\AppData\Local\Programs\MiKTeX\tex/generic/pdftexcmds\pdftexcmds
.sty
Package: pdftexcmds 2020-06-27 v0.33 Utility functions of pdfTeX for LuaTeX (HO
)
 (C:\Users\orfuc\AppData\Local\Programs\MiKTeX\tex/generic/iftex\iftex.sty
Package: iftex 2022/02/03 v1.0f TeX engine tests
)
Package pdftexcmds Info: \pdf@primitive is available.
Package pdftexcmds Info: \pdf@ifprimitive is available.
Package pdftexcmds Info: \pdfdraftmode found.
)
Package epstopdf-base Info: Redefining graphics rule for `.eps' on input line 4
85.
Package grfext Info: Graphics extension search list:
(grfext)             [.pdf,.png,.jpg,.mps,.jpeg,.jbig2,.jb2,.PDF,.PNG,.JPG,.JPE
G,.JBIG2,.JB2,.eps]
(grfext)             \AppendGraphicsExtensions on input line 504.

(C:\Users\orfuc\AppData\Local\Programs\MiKTeX\tex/latex/00miktex\epstopdf-sys.c
fg
File: epstopdf-sys.cfg 2021/03/18 v2.0 Configuration of epstopdf for MiKTeX
))
Package caption Info: Begin \AtBeginDocument code.
Package caption Info: End \AtBeginDocument code.
\titlearea=\box55
LaTeX Font Info:    Trying to load font information for OMS+ptm on input line 1
56.
 (C:\Users\orfuc\AppData\Local\Programs\MiKTeX\tex/latex/psnfss\omsptm.fd
File: omsptm.fd 
)
LaTeX Font Info:    Font shape `OMS/ptm/m/n' in size <10> not available
(Font)              Font shape `OMS/cmsy/m/n' tried instead on input line 156.
\actualheight=\skip56
LaTeX Font Info:    Trying to load font information for TS1+ptm on input line 1
56.

(C:\Users\orfuc\AppData\Local\Programs\MiKTeX\tex/latex/psnfss\ts1ptm.fd
File: ts1ptm.fd 2001/06/04 font definitions for TS1/ptm.
)
Underfull \vbox (badness 10000) detected at line 156
 []


Package natbib Warning: Citation `shirani2019learning' on page 1 undefined on i
nput line 163.


Package natbib Warning: Citation `shirani2020let' on page 1 undefined on input 
line 163.


Package natbib Warning: Citation `shirani-etal-2020-semeval' on page 1 undefine
d on input line 163.


Package natbib Warning: Citation `shirani2021CAD21' on page 1 undefined on inpu
t line 163.

<seo.png, id=1, 781.7205pt x 208.3785pt>
File: seo.png Graphic file (type png)
<use seo.png>
Package pdftex.def Info: seo.png  used on input line 167.
(pdftex.def)             Requested size: 239.39438pt x 63.81447pt.

LaTeX Warning: `!h' float specifier changed to `!ht'.


Package natbib Warning: Citation `liu2019RoBERTa' on page 1 undefined on input 
line 174.


Package natbib Warning: Citation `yang2019XLNet' on page 1 undefined on input l
ine 174.


Package natbib Warning: Citation `singhal2020iitk' on page 1 undefined on input
 line 174.


Package natbib Warning: Citation `anand2020midas' on page 1 undefined on input 
line 174.


Package natbib Warning: Citation `shirani2019learning' on page 1 undefined on i
nput line 176.


Package natbib Warning: Citation `singhal2020iitk' on page 1 undefined on input
 line 176.


Package natbib Warning: Citation `kullback1951information' on page 1 undefined 
on input line 178.


Package natbib Warning: Citation `geng2016label' on page 1 undefined on input l
ine 178.


Package natbib Warning: Citation `shirani2019learning' on page 1 undefined on i
nput line 178.


Package natbib Warning: Citation `augenstein2017semeval' on page 1 undefined on
 input line 181.


Package natbib Warning: Citation `zhang2016keyphrase' on page 1 undefined on in
put line 181.

[1{C:/Users/orfuc/AppData/Local/MiKTeX/fonts/map/pdftex/pdftex.map}{C:/Users/or
fuc/AppData/Local/Programs/MiKTeX/fonts/enc/dvips/base/8r.enc}



 <./seo.png>]

Package natbib Warning: Citation `mishra2012word' on page 2 undefined on input 
line 183.


Package natbib Warning: Citation `chen2017automatic' on page 2 undefined on inp
ut line 183.


Package natbib Warning: Citation `shirani2019learning' on page 2 undefined on i
nput line 183.


Package natbib Warning: Citation `shirani2020let' on page 2 undefined on input 
line 183.


Package natbib Warning: Citation `shirani2019learning' on page 2 undefined on i
nput line 183.


Package natbib Warning: Citation `pennington2014glove' on page 2 undefined on i
nput line 183.


Package natbib Warning: Citation `huang2020ernie' on page 2 undefined on input 
line 185.


Package natbib Warning: Citation `singhal2020iitk' on page 2 undefined on input
 line 187.


Package natbib Warning: Citation `anand2020midas' on page 2 undefined on input 
line 189.


Package natbib Warning: Citation `laws2011active' on page 2 undefined on input 
line 191.


Package natbib Warning: Citation `10.1145/3178876.3186033' on page 2 undefined 
on input line 191.


Package natbib Warning: Citation `rodrigues2017deep' on page 2 undefined on inp
ut line 191.


Package natbib Warning: Citation `Rodrigues2013SequenceLW' on page 2 undefined 
on input line 191.


Package natbib Warning: Citation `shirani2019learning' on page 2 undefined on i
nput line 191.


Package natbib Warning: Citation `geng2016label' on page 2 undefined on input l
ine 191.


Package natbib Warning: Citation `shirani2021CAD21' on page 2 undefined on inpu
t line 214.

<word_cloud.png, id=14, 592.2125pt x 592.2125pt>
File: word_cloud.png Graphic file (type png)
<use word_cloud.png>
Package pdftex.def Info: word_cloud.png  used on input line 277.
(pdftex.def)             Requested size: 191.51622pt x 191.51794pt.
[2]
<LSTM_MODEL.jpg, id=21, 1173.38374pt x 581.17125pt>
File: LSTM_MODEL.jpg Graphic file (type jpg)
<use LSTM_MODEL.jpg>
Package pdftex.def Info: LSTM_MODEL.jpg  used on input line 310.
(pdftex.def)             Requested size: 455.2979pt x 225.50304pt.


Package natbib Warning: Citation `DBLP:journals/corr/abs-1802-05365' on page 3 
undefined on input line 314.


Package natbib Warning: Citation `sahrawat2019keyphrase' on page 3 undefined on
 input line 314.


Underfull \vbox (badness 2088) has occurred while \output is active []


Overfull \hbox (10.88419pt too wide) in paragraph at lines 318--333
 [][] 
 []


Package natbib Warning: Citation `shirani2019learning' on page 3 undefined on i
nput line 339.


Package natbib Warning: Citation `peters2018deep' on page 3 undefined on input 
line 339.


Package natbib Warning: Citation `singhal2020iitk' on page 3 undefined on input
 line 339.


Underfull \hbox (badness 5161) in paragraph at lines 339--340
 \OT1/ptm/b/n/10 BiLSTM-ELMo Ap-proach \OT1/ptm/m/n/10 Our BiLSTM-ELMo ap-
 []


Package natbib Warning: Citation `singhal2020iitk' on page 3 undefined on input
 line 341.

<TRANSFORMER_MODEL.jpg, id=22, 1152.305pt x 459.7175pt>
File: TRANSFORMER_MODEL.jpg Graphic file (type jpg)
<use TRANSFORMER_MODEL.jpg>
Package pdftex.def Info: TRANSFORMER_MODEL.jpg  used on input line 345.
(pdftex.def)             Requested size: 455.2979pt x 181.64604pt.

Underfull \hbox (badness 3989) in paragraph at lines 351--352
 \OT1/ptm/b/n/10 Trans-form-ers Ap-proach \OT1/ptm/m/n/10 Our Trans-form-ers ap
-proach
 []

[3 <./word_cloud.png>]
Underfull \hbox (badness 10000) in paragraph at lines 354--355

 []

[4 <./LSTM_MODEL.jpg>]
Underfull \hbox (badness 10000) in paragraph at lines 372--373

 []


Underfull \hbox (badness 3612) in paragraph at lines 374--375
[]\OT1/ptm/m/n/10 In both the Trans-form-ers and BiLSTM-ELMo ap-
 []


Underfull \hbox (badness 1394) in paragraph at lines 386--387
[]\OT1/ptm/m/n/10 Where $\OML/cmm/m/it/10 Y[]$ \OT1/ptm/m/n/10 is the true prob
-a-bil-ity dis-tri-bu-tion for
 []


Underfull \hbox (badness 10000) in paragraph at lines 386--387

 []


Package natbib Warning: Citation `shirani2019learning' on page 5 undefined on i
nput line 419.


Package natbib Warning: Citation `shirani2019learning' on page 5 undefined on i
nput line 419.


LaTeX Warning: `!h' float specifier changed to `!ht'.


Package natbib Warning: Citation `shirani2020let' on page 5 undefined on input 
line 441.

[5 <./TRANSFORMER_MODEL.jpg>]
<results_ex.png, id=33, 838.332pt x 269.20575pt>
File: results_ex.png Graphic file (type png)
<use results_ex.png>
Package pdftex.def Info: results_ex.png  used on input line 470.
(pdftex.def)             Requested size: 227.64894pt x 73.1014pt.


Package natbib Warning: Citation `luo2019hierarchical' on page 6 undefined on i
nput line 525.

No file Formatting-Instructions-LaTeX-2021_changed.bbl.
[6 <./results_ex.png>]

Package natbib Warning: There were undefined citations.

[7

] (Formatting-Instructions-LaTeX-2021_changed.aux)
 ***********
LaTeX2e <2023-06-01> patch level 1
L3 programming layer <2023-08-29>
 ***********


LaTeX Warning: There were multiply-defined labels.

 ) 
Here is how much of TeX's memory you used:
 4634 strings out of 475247
 79812 string characters out of 5757792
 1948801 words of memory out of 5000000
 26096 multiletter control sequences out of 15000+600000
 581752 words of font info for 80 fonts, out of 8000000 for 9000
 1141 hyphenation exceptions out of 8191
 61i,21n,69p,1180b,507s stack positions out of 10000i,1000n,20000p,200000b,200000s
<C:/Users/orfuc/AppData/Local/Programs/MiKTeX/fonts/type1/public/amsfonts/cm/
cmex10.pfb><C:/Users/orfuc/AppData/Local/Programs/MiKTeX/fonts/type1/public/ams
fonts/cm/cmmi10.pfb><C:/Users/orfuc/AppData/Local/Programs/MiKTeX/fonts/type1/p
ublic/amsfonts/cm/cmmi7.pfb><C:/Users/orfuc/AppData/Local/Programs/MiKTeX/fonts
/type1/public/amsfonts/cm/cmr10.pfb><C:/Users/orfuc/AppData/Local/Programs/MiKT
eX/fonts/type1/public/amsfonts/cm/cmr7.pfb><C:/Users/orfuc/AppData/Local/Progra
ms/MiKTeX/fonts/type1/public/amsfonts/cm/cmsy10.pfb><C:/Users/orfuc/AppData/Loc
al/Programs/MiKTeX/fonts/type1/public/amsfonts/cm/cmsy7.pfb><C:/Users/orfuc/App
Data/Local/Programs/MiKTeX/fonts/type1/urw/times/utmb8a.pfb><C:/Users/orfuc/App
Data/Local/Programs/MiKTeX/fonts/type1/urw/times/utmr8a.pfb>
Output written on Formatting-Instructions-LaTeX-2021_changed.pdf (7 pages, 1092
159 bytes).
PDF statistics:
 81 PDF objects out of 1000 (max. 8388607)
 0 named destinations out of 1000 (max. 500000)
 26 words of extra memory for PDF output out of 10000 (max. 10000000)

