This is pdfTeX, Version 3.141592653-2.6-1.40.25 (MiKTeX 23.9) (preloaded format=pdflatex 2023.9.22)  30 MAR 2024 16:19
entering extended mode
 restricted \write18 enabled.
 %&-line parsing enabled.
**./FULL-JonesK_changed.tex
(FULL-JonesK_changed.tex
LaTeX2e <2023-06-01> patch level 1
L3 programming layer <2023-08-29>
(C:\Users\micha\AppData\Local\Programs\MiKTeX\tex/latex/base\article.cls
Document Class: article 2023/05/17 v1.4n Standard LaTeX document class
(C:\Users\micha\AppData\Local\Programs\MiKTeX\tex/latex/base\size10.clo
File: size10.clo 2023/05/17 v1.4n Standard LaTeX file (size option)
)
\c@part=\count185
\c@section=\count186
\c@subsection=\count187
\c@subsubsection=\count188
\c@paragraph=\count189
\c@subparagraph=\count190
\c@figure=\count191
\c@table=\count192
\abovecaptionskip=\skip48
\belowcaptionskip=\skip49
\bibindent=\dimen140
)
(aaai21.sty
Conference Style for AAAI for LaTeX 2e -- version for the AAAI-21 conference - 
MODIFIED
\titlebox=\skip50
) (C:\Users\micha\AppData\Local\Programs\MiKTeX\tex/latex/psnfss\times.sty
Package: times 2020/03/25 PSNFSS-v9.3 (SPQR) 
)
(C:\Users\micha\AppData\Local\Programs\MiKTeX\tex/latex/psnfss\helvet.sty
Package: helvet 2020/03/25 PSNFSS-v9.3 (WaS) 

(C:\Users\micha\AppData\Local\Programs\MiKTeX\tex/latex/graphics\keyval.sty
Package: keyval 2022/05/29 v1.15 key=value parser (DPC)
\KV@toks@=\toks17
))
(C:\Users\micha\AppData\Local\Programs\MiKTeX\tex/latex/psnfss\courier.sty
Package: courier 2020/03/25 PSNFSS-v9.3 (WaS) 
)
(C:\Users\micha\AppData\Local\Programs\MiKTeX\tex/latex/natbib\natbib.sty
Package: natbib 2010/09/13 8.31b (PWD, AO)
\bibhang=\skip51
\bibsep=\skip52
LaTeX Info: Redefining \cite on input line 694.
\c@NAT@ctr=\count193
)
(C:\Users\micha\AppData\Local\Programs\MiKTeX\tex/latex/caption\caption.sty
Package: caption 2023/07/31 v3.6n Customizing captions (AR)

(C:\Users\micha\AppData\Local\Programs\MiKTeX\tex/latex/caption\caption3.sty
Package: caption3 2023/07/31 v2.4d caption3 kernel (AR)
\caption@tempdima=\dimen141
\captionmargin=\dimen142
\caption@leftmargin=\dimen143
\caption@rightmargin=\dimen144
\caption@width=\dimen145
\caption@indent=\dimen146
\caption@parindent=\dimen147
\caption@hangindent=\dimen148
Package caption Info: Standard document class detected.
)
\c@caption@flags=\count194
\c@continuedfloat=\count195
)
(C:\Users\micha\AppData\Local\Programs\MiKTeX\tex/latex/url\url.sty
\Urlmuskip=\muskip16
Package: url 2013/09/16  ver 3.4  Verb mode for urls, etc.
)
(C:\Users\micha\AppData\Local\Programs\MiKTeX\tex/latex/graphics\graphicx.sty
Package: graphicx 2021/09/16 v1.2d Enhanced LaTeX Graphics (DPC,SPQR)

(C:\Users\micha\AppData\Local\Programs\MiKTeX\tex/latex/graphics\graphics.sty
Package: graphics 2022/03/10 v1.4e Standard LaTeX Graphics (DPC,SPQR)

(C:\Users\micha\AppData\Local\Programs\MiKTeX\tex/latex/graphics\trig.sty
Package: trig 2021/08/11 v1.11 sin cos tan (DPC)
)
(C:\Users\micha\AppData\Local\Programs\MiKTeX\tex/latex/graphics-cfg\graphics.c
fg
File: graphics.cfg 2016/06/04 v1.11 sample graphics configuration
)
Package graphics Info: Driver file: pdftex.def on input line 107.

(C:\Users\micha\AppData\Local\Programs\MiKTeX\tex/latex/graphics-def\pdftex.def
File: pdftex.def 2022/09/22 v1.2b Graphics/color driver for pdftex
))
\Gin@req@height=\dimen149
\Gin@req@width=\dimen150
) (C:\Users\micha\AppData\Local\Programs\MiKTeX\tex/latex/tools\tabularx.sty
Package: tabularx 2020/01/15 v2.11c `tabularx' package (DPC)

(C:\Users\micha\AppData\Local\Programs\MiKTeX\tex/latex/tools\array.sty
Package: array 2022/09/04 v2.5g Tabular extension package (FMi)
\col@sep=\dimen151
\ar@mcellbox=\box51
\extrarowheight=\dimen152
\NC@list=\toks18
\extratabsurround=\skip53
\backup@length=\skip54
\ar@cellbox=\box52
)
\TX@col@width=\dimen153
\TX@old@table=\dimen154
\TX@old@col=\dimen155
\TX@target=\dimen156
\TX@delta=\dimen157
\TX@cols=\count196
\TX@ftn=\toks19
)
(C:\Users\micha\AppData\Local\Programs\MiKTeX\tex/latex/amsmath\amsmath.sty
Package: amsmath 2023/05/13 v2.17o AMS math features
\@mathmargin=\skip55

For additional information on amsmath, use the `?' option.
(C:\Users\micha\AppData\Local\Programs\MiKTeX\tex/latex/amsmath\amstext.sty
Package: amstext 2021/08/26 v2.01 AMS text

(C:\Users\micha\AppData\Local\Programs\MiKTeX\tex/latex/amsmath\amsgen.sty
File: amsgen.sty 1999/11/30 v2.0 generic functions
\@emptytoks=\toks20
\ex@=\dimen158
))
(C:\Users\micha\AppData\Local\Programs\MiKTeX\tex/latex/amsmath\amsbsy.sty
Package: amsbsy 1999/11/29 v1.2d Bold Symbols
\pmbraise@=\dimen159
)
(C:\Users\micha\AppData\Local\Programs\MiKTeX\tex/latex/amsmath\amsopn.sty
Package: amsopn 2022/04/08 v2.04 operator names
)
\inf@bad=\count197
LaTeX Info: Redefining \frac on input line 234.
\uproot@=\count198
\leftroot@=\count199
LaTeX Info: Redefining \overline on input line 399.
LaTeX Info: Redefining \colon on input line 410.
\classnum@=\count266
\DOTSCASE@=\count267
LaTeX Info: Redefining \ldots on input line 496.
LaTeX Info: Redefining \dots on input line 499.
LaTeX Info: Redefining \cdots on input line 620.
\Mathstrutbox@=\box53
\strutbox@=\box54
LaTeX Info: Redefining \big on input line 722.
LaTeX Info: Redefining \Big on input line 723.
LaTeX Info: Redefining \bigg on input line 724.
LaTeX Info: Redefining \Bigg on input line 725.
\big@size=\dimen160
LaTeX Font Info:    Redeclaring font encoding OML on input line 743.
LaTeX Font Info:    Redeclaring font encoding OMS on input line 744.
\macc@depth=\count268
LaTeX Info: Redefining \bmod on input line 905.
LaTeX Info: Redefining \pmod on input line 910.
LaTeX Info: Redefining \smash on input line 940.
LaTeX Info: Redefining \relbar on input line 970.
LaTeX Info: Redefining \Relbar on input line 971.
\c@MaxMatrixCols=\count269
\dotsspace@=\muskip17
\c@parentequation=\count270
\dspbrk@lvl=\count271
\tag@help=\toks21
\row@=\count272
\column@=\count273
\maxfields@=\count274
\andhelp@=\toks22
\eqnshift@=\dimen161
\alignsep@=\dimen162
\tagshift@=\dimen163
\tagwidth@=\dimen164
\totwidth@=\dimen165
\lineht@=\dimen166
\@envbody=\toks23
\multlinegap=\skip56
\multlinetaggap=\skip57
\mathdisplay@stack=\toks24
LaTeX Info: Redefining \[ on input line 2953.
LaTeX Info: Redefining \] on input line 2954.
)
(C:\Users\micha\AppData\Local\Programs\MiKTeX\tex/latex/caption\subcaption.sty
Package: subcaption 2023/07/28 v1.6b Sub-captions (AR)
Package caption Info: New subtype `subfigure' on input line 238.
\c@subfigure=\count275
Package caption Info: New subtype `subtable' on input line 238.
\c@subtable=\count276
) (C:\Users\micha\AppData\Local\Programs\MiKTeX\tex/latex/booktabs\booktabs.sty
Package: booktabs 2020/01/12 v1.61803398 Publication quality tables
\heavyrulewidth=\dimen167
\lightrulewidth=\dimen168
\cmidrulewidth=\dimen169
\belowrulesep=\dimen170
\belowbottomsep=\dimen171
\aboverulesep=\dimen172
\abovetopsep=\dimen173
\cmidrulesep=\dimen174
\cmidrulekern=\dimen175
\defaultaddspace=\dimen176
\@cmidla=\count277
\@cmidlb=\count278
\@aboverulesep=\dimen177
\@belowrulesep=\dimen178
\@thisruleclass=\count279
\@lastruleclass=\count280
\@thisrulewidth=\dimen179
)
LaTeX Font Info:    Trying to load font information for OT1+ptm on input line 6
1.
(C:\Users\micha\AppData\Local\Programs\MiKTeX\tex/latex/psnfss\ot1ptm.fd
File: ot1ptm.fd 2001/06/04 font definitions for OT1/ptm.
)
(C:\Users\micha\AppData\Local\Programs\MiKTeX\tex/latex/l3backend\l3backend-pdf
tex.def
File: l3backend-pdftex.def 2023-04-19 L3 backend support: PDF output (pdfTeX)
\l__color_backend_stack_int=\count281
\l__pdf_internal_box=\box55
) (FULL-JonesK_changed.aux)
\openout1 = `FULL-JonesK_changed.aux'.

LaTeX Font Info:    Checking defaults for OML/cmm/m/it on input line 61.
LaTeX Font Info:    ... okay on input line 61.
LaTeX Font Info:    Checking defaults for OMS/cmsy/m/n on input line 61.
LaTeX Font Info:    ... okay on input line 61.
LaTeX Font Info:    Checking defaults for OT1/cmr/m/n on input line 61.
LaTeX Font Info:    ... okay on input line 61.
LaTeX Font Info:    Checking defaults for T1/cmr/m/n on input line 61.
LaTeX Font Info:    ... okay on input line 61.
LaTeX Font Info:    Checking defaults for TS1/cmr/m/n on input line 61.
LaTeX Font Info:    ... okay on input line 61.
LaTeX Font Info:    Checking defaults for OMX/cmex/m/n on input line 61.
LaTeX Font Info:    ... okay on input line 61.
LaTeX Font Info:    Checking defaults for U/cmr/m/n on input line 61.
LaTeX Font Info:    ... okay on input line 61.
Package caption Info: Begin \AtBeginDocument code.
Package caption Info: End \AtBeginDocument code.

(C:\Users\micha\AppData\Local\Programs\MiKTeX\tex/context/base/mkii\supp-pdf.mk
ii
[Loading MPS to PDF converter (version 2006.09.02).]
\scratchcounter=\count282
\scratchdimen=\dimen180
\scratchbox=\box56
\nofMPsegments=\count283
\nofMParguments=\count284
\everyMPshowfont=\toks25
\MPscratchCnt=\count285
\MPscratchDim=\dimen181
\MPnumerator=\count286
\makeMPintoPDFobject=\count287
\everyMPtoPDFconversion=\toks26
)
(C:\Users\micha\AppData\Local\Programs\MiKTeX\tex/latex/epstopdf-pkg\epstopdf-b
ase.sty
Package: epstopdf-base 2020-01-24 v2.11 Base part for package epstopdf
Package epstopdf-base Info: Redefining graphics rule for `.eps' on input line 4
85.

(C:\Users\micha\AppData\Local\Programs\MiKTeX\tex/latex/00miktex\epstopdf-sys.c
fg
File: epstopdf-sys.cfg 2021/03/18 v2.0 Configuration of epstopdf for MiKTeX
))
\titlearea=\box57
LaTeX Font Info:    Trying to load font information for OMS+ptm on input line 6
3.
 (C:\Users\micha\AppData\Local\Programs\MiKTeX\tex/latex/psnfss\omsptm.fd
File: omsptm.fd 
)
LaTeX Font Info:    Font shape `OMS/ptm/m/n' in size <10> not available
(Font)              Font shape `OMS/cmsy/m/n' tried instead on input line 63.
\actualheight=\skip58

Underfull \vbox (badness 10000) detected at line 63
 []


Package natbib Warning: Citation `Uitermark2017' on page 1 undefined on input l
ine 71.


Package natbib Warning: Citation `Jones2020' on page 1 undefined on input line 
71.


Package natbib Warning: Citation `Independant2020' on page 1 undefined on input
 line 72.


Package natbib Warning: Citation `AJC2020' on page 1 undefined on input line 72
.


Package natbib Warning: Citation `Independant2020' on page 1 undefined on input
 line 72.


Package natbib Warning: Citation `Independant2020' on page 1 undefined on input
 line 72.


Package natbib Warning: Citation `Telegraph2020' on page 1 undefined on input l
ine 72.

LaTeX Font Info:    Trying to load font information for TS1+ptm on input line 7
7.
(C:\Users\micha\AppData\Local\Programs\MiKTeX\tex/latex/psnfss\ts1ptm.fd
File: ts1ptm.fd 2001/06/04 font definitions for TS1/ptm.
)
Underfull \hbox (badness 1694) in paragraph at lines 93--94
[]\OT1/ptm/m/n/10 Implemented topic mod-elling on Anony-mous tweets
 []

[1{C:/Users/micha/AppData/Local/MiKTeX/fonts/map/pdftex/pdftex.map}{C:/Users/mi
cha/AppData/Local/Programs/MiKTeX/fonts/enc/dvips/base/8r.enc}



]

Package natbib Warning: Citation `Telegraph2020' on page 2 undefined on input l
ine 102.


Underfull \hbox (badness 1442) in paragraph at lines 102--103
[]\OT1/ptm/m/n/10 Our re-search pro-vides quan-ti-ta-tive ev-i-dence that the
 []


Package natbib Warning: Citation `Olson2013' on page 2 undefined on input line 
109.


Package natbib Warning: Citation `Olson2013' on page 2 undefined on input line 
109.


Package natbib Warning: Citation `Olson2013' on page 2 undefined on input line 
111.


Package natbib Warning: Citation `Uitermark2017' on page 2 undefined on input l
ine 111.


Package natbib Warning: Citation `Jones2020' on page 2 undefined on input line 
113.


Package natbib Warning: Citation `Olson2013' on page 2 undefined on input line 
113.


Package natbib Warning: Citation `Olson2013' on page 2 undefined on input line 
115.


Package natbib Warning: Citation `Jones2020' on page 2 undefined on input line 
115.


Package natbib Warning: Citation `Uitermark2017' on page 2 undefined on input l
ine 115.


Package natbib Warning: Citation `Carney2016' on page 2 undefined on input line
 119.


Package natbib Warning: Citation `NYT2020' on page 2 undefined on input line 11
9.


Package natbib Warning: Citation `Independant2020' on page 2 undefined on input
 line 121.


Package natbib Warning: Citation `IBT2016' on page 2 undefined on input line 12
1.


Package natbib Warning: Citation `Verge2016' on page 2 undefined on input line 
121.


Package natbib Warning: Citation `Uitermark2017' on page 2 undefined on input l
ine 121.


Package natbib Warning: Citation `Uitermark2017' on page 2 undefined on input l
ine 123.


Package natbib Warning: Citation `Independant2020' on page 2 undefined on input
 line 123.


Package natbib Warning: Citation `Telegraph2020' on page 2 undefined on input l
ine 123.


Package natbib Warning: Citation `Telegraph2020' on page 2 undefined on input l
ine 123.


Package natbib Warning: Citation `Beraldo2017' on page 2 undefined on input lin
e 127.


Package natbib Warning: Citation `McGovern2020' on page 2 undefined on input li
ne 129.


Package natbib Warning: Citation `Jones2020' on page 2 undefined on input line 
131.


Package natbib Warning: Citation `Uitermark2017' on page 2 undefined on input l
ine 131.


Package natbib Warning: Citation `Jones2020' on page 2 undefined on input line 
135.


Package natbib Warning: Citation `Jones2020' on page 2 undefined on input line 
135.

[2]

Package natbib Warning: Citation `Jones2020' on page 3 undefined on input line 
137.


Package natbib Warning: Citation `Jones2020' on page 3 undefined on input line 
141.


Package natbib Warning: Citation `Jones2020' on page 3 undefined on input line 
152.


Package natbib Warning: Citation `Jones2020' on page 3 undefined on input line 
154.


Package natbib Warning: Citation `AJC2020' on page 3 undefined on input line 15
4.


Package natbib Warning: Citation `TwitterAPI' on page 3 undefined on input line
 155.


Package natbib Warning: Citation `Jones2020' on page 3 undefined on input line 
157.


Package natbib Warning: Citation `Olson2013' on page 3 undefined on input line 
157.


Package natbib Warning: Citation `Pedregosa2011' on page 3 undefined on input l
ine 177.


Package natbib Warning: Citation `Jones2020' on page 3 undefined on input line 
177.

[3]
<RF_feature_importance.pdf, id=14, 415.25038pt x 284.11446pt>
File: RF_feature_importance.pdf Graphic file (type pdf)
<use RF_feature_importance.pdf>
Package pdftex.def Info: RF_feature_importance.pdf  used on input line 198.
(pdftex.def)             Requested size: 215.45348pt x 147.4152pt.


Package natbib Warning: Citation `Olson2013' on page 4 undefined on input line 
207.


Package natbib Warning: Citation `TwitterAPI' on page 4 undefined on input line
 209.


Package natbib Warning: Citation `AlJazeera2020' on page 4 undefined on input l
ine 211.


Package natbib Warning: Citation `Independant2020' on page 4 undefined on input
 line 211.


Package natbib Warning: Citation `NYT2020' on page 4 undefined on input line 21
1.


Package natbib Warning: Citation `AJC2020' on page 4 undefined on input line 21
1.


Package natbib Warning: Citation `Kigerl2018' on page 4 undefined on input line
 217.


Package natbib Warning: Citation `Kigerl2018' on page 4 undefined on input line
 217.


Package natbib Warning: Citation `Syed2017' on page 4 undefined on input line 2
19.

[4 <./RF_feature_importance.pdf>]

Package natbib Warning: Citation `Kigerl2018' on page 5 undefined on input line
 225.


Package natbib Warning: Citation `Gensim' on page 5 undefined on input line 225
.


Package natbib Warning: Citation `NYT2020' on page 5 undefined on input line 23
1.


Package natbib Warning: Citation `Gilbert2014' on page 5 undefined on input lin
e 233.


Underfull \hbox (badness 2698) in paragraph at lines 241--242
[]\OT1/ptm/m/n/10 To this end, we used the Botome-ter API ($https : / /
 []


Package natbib Warning: Citation `Rauchfleisch2020' on page 5 undefined on inpu
t line 243.


Package natbib Warning: Citation `Ferrara2020' on page 5 undefined on input lin
e 243.


Package natbib Warning: Citation `TwitterDev' on page 5 undefined on input line
 249.


Package natbib Warning: Citation `Jones2020' on page 5 undefined on input line 
257.

[5]
<figures/accounts_created.pdf, id=40, 345.51987pt x 286.16208pt>
File: figures/accounts_created.pdf Graphic file (type pdf)
<use figures/accounts_created.pdf>
Package pdftex.def Info: figures/accounts_created.pdf  used on input line 314.
(pdftex.def)             Requested size: 143.63808pt x 118.96027pt.


Package natbib Warning: Citation `Jones2020' on page 6 undefined on input line 
319.


Package natbib Warning: Citation `Jones2020' on page 6 undefined on input line 
319.


Underfull \hbox (badness 10000) in paragraph at lines 321--322
[]\OT1/ptm/m/n/10 Additionally, to en-sure that the ab-sence of
 []


Underfull \hbox (badness 3861) in paragraph at lines 321--322
\OT1/ptm/m/n/10 deleted/suspended ac-counts was not ar-ti-fi-cially in-flat-
 []


Package natbib Warning: Citation `NYT2020' on page 6 undefined on input line 32
3.

[6 <./figures/accounts_created.pdf>]
<figures/accounts_created_2020.pdf, id=53, 342.00775pt x 276.85033pt>
File: figures/accounts_created_2020.pdf Graphic file (type pdf)
<use figures/accounts_created_2020.pdf>
Package pdftex.def Info: figures/accounts_created_2020.pdf  used on input line 
328.
(pdftex.def)             Requested size: 143.63808pt x 116.27211pt.
<topic_tweet_perc.pdf, id=54, 469.14574pt x 285.79573pt>
File: topic_tweet_perc.pdf Graphic file (type pdf)
<use topic_tweet_perc.pdf>
Package pdftex.def Info: topic_tweet_perc.pdf  used on input line 339.
(pdftex.def)             Requested size: 192.23463pt x 117.10286pt.
<figures/topic_account_perc.pdf, id=55, 465.14479pt x 285.79573pt>
File: figures/topic_account_perc.pdf Graphic file (type pdf)
<use figures/topic_account_perc.pdf>
Package pdftex.def Info: figures/topic_account_perc.pdf  used on input line 346
.
(pdftex.def)             Requested size: 182.11638pt x 111.89597pt.
<figures/num_blm_tweets.pdf, id=56, 342.00572pt x 194.06703pt>
File: figures/num_blm_tweets.pdf Graphic file (type pdf)
<use figures/num_blm_tweets.pdf>
Package pdftex.def Info: figures/num_blm_tweets.pdf  used on input line 361.
(pdftex.def)             Requested size: 182.11638pt x 103.34067pt.
<figures/num_police_tweets.pdf, id=57, 342.00572pt x 194.07104pt>
File: figures/num_police_tweets.pdf Graphic file (type pdf)
<use figures/num_police_tweets.pdf>
Package pdftex.def Info: figures/num_police_tweets.pdf  used on input line 367.

(pdftex.def)             Requested size: 182.11638pt x 103.3428pt.


Package natbib Warning: Citation `Jones2020' on page 7 undefined on input line 
382.


Package natbib Warning: Citation `NYT2020' on page 7 undefined on input line 38
8.

[7 <./figures/accounts_created_2020.pdf>]
<figures/blm_sentiment.pdf, id=69, 342.97536pt x 194.06602pt>
File: figures/blm_sentiment.pdf Graphic file (type pdf)
<use figures/blm_sentiment.pdf>
Package pdftex.def Info: figures/blm_sentiment.pdf  used on input line 398.
(pdftex.def)             Requested size: 216.2658pt x 122.3718pt.
<figures/police_sentiment.pdf, id=70, 342.97536pt x 194.06602pt>
File: figures/police_sentiment.pdf Graphic file (type pdf)
<use figures/police_sentiment.pdf>
Package pdftex.def Info: figures/police_sentiment.pdf  used on input line 405.
(pdftex.def)             Requested size: 216.2658pt x 122.3718pt.


Package natbib Warning: Citation `Olson2013' on page 8 undefined on input line 
413.


Package natbib Warning: Citation `Verge2016' on page 8 undefined on input line 
413.


Package natbib Warning: Citation `Gilbert2014' on page 8 undefined on input lin
e 415.


Underfull \vbox (badness 6348) has occurred while \output is active []

 [8 <./topic_tweet_perc.pdf> <./figures/topic_account_perc.pdf> <./figures/num_
blm_tweets.pdf> <./figures/num_police_tweets.pdf>]
<figures/bot_scores_2020.pdf, id=115, 342.00572pt x 285.6311pt>
File: figures/bot_scores_2020.pdf Graphic file (type pdf)
<use figures/bot_scores_2020.pdf>
Package pdftex.def Info: figures/bot_scores_2020.pdf  used on input line 427.
(pdftex.def)             Requested size: 159.35356pt x 133.0873pt.
<figures/bot_scores_2019.pdf, id=116, 342.00572pt x 285.64015pt>
File: figures/bot_scores_2019.pdf Graphic file (type pdf)
<use figures/bot_scores_2019.pdf>
Package pdftex.def Info: figures/bot_scores_2019.pdf  used on input line 433.
(pdftex.def)             Requested size: 159.35356pt x 133.09152pt.


Package natbib Warning: Citation `AlJazeera2020' on page 9 undefined on input l
ine 445.


Package natbib Warning: Citation `Verge2016' on page 9 undefined on input line 
447.


Package natbib Warning: Citation `Olson2013' on page 9 undefined on input line 
455.

[9 <./figures/blm_sentiment.pdf> <./figures/police_sentiment.pdf>]
<figures/avg_tweets_bots.pdf, id=140, 347.98105pt x 287.72192pt>
File: figures/avg_tweets_bots.pdf Graphic file (type pdf)
<use figures/avg_tweets_bots.pdf>
Package pdftex.def Info: figures/avg_tweets_bots.pdf  used on input line 472.
(pdftex.def)             Requested size: 143.63808pt x 118.76578pt.
 [10 <./figures/bot_scores_2020.pdf> <./figures/bot_scores_2019.pdf> <./figures
/avg_tweets_bots.pdf>]
<figures/bot_types.pdf, id=168, 347.60063pt x 287.57437pt>
File: figures/bot_types.pdf Graphic file (type pdf)
<use figures/bot_types.pdf>
Package pdftex.def Info: figures/bot_types.pdf  used on input line 484.
(pdftex.def)             Requested size: 143.63808pt x 118.83212pt.


Package natbib Warning: Citation `Jones2020' on page 11 undefined on input line
 491.


Package natbib Warning: Citation `Olson2013' on page 11 undefined on input line
 491.


Package natbib Warning: Citation `Telegraph2020' on page 11 undefined on input 
line 491.


Package natbib Warning: Citation `Jones2020' on page 11 undefined on input line
 497.


Package natbib Warning: Citation `Jones2020' on page 11 undefined on input line
 505.


Package natbib Warning: Citation `Uitermark2017' on page 11 undefined on input 
line 505.


Package natbib Warning: Citation `Jones2020' on page 11 undefined on input line
 507.


Underfull \hbox (badness 2460) in paragraph at lines 511--512
\OT1/ptm/m/n/10 the Anony-mous Twit-ter net-work could lead to a re-
 []

[11 <./figures/bot_types.pdf>] [12

]
No file FULL-JonesK_changed.bbl.

Package natbib Warning: There were undefined citations.

(FULL-JonesK_changed.aux)
 ***********
LaTeX2e <2023-06-01> patch level 1
L3 programming layer <2023-08-29>
 ***********
 ) 
Here is how much of TeX's memory you used:
 4438 strings out of 475247
 76912 string characters out of 5757792
 1943801 words of memory out of 5000000
 25927 multiletter control sequences out of 15000+600000
 575617 words of font info for 66 fonts, out of 8000000 for 9000
 1141 hyphenation exceptions out of 8191
 57i,13n,65p,1437b,466s stack positions out of 10000i,1000n,20000p,200000b,200000s
<C:/Users/micha/AppData/Local/Programs/MiKTeX/fonts/type1/public/amsfonts/cm/
cmmi10.pfb><C:/Users/micha/AppData/Local/Programs/MiKTeX/fonts/type1/public/ams
fonts/cm/cmmi7.pfb><C:/Users/micha/AppData/Local/Programs/MiKTeX/fonts/type1/pu
blic/amsfonts/cm/cmr10.pfb><C:/Users/micha/AppData/Local/Programs/MiKTeX/fonts/
type1/public/amsfonts/cm/cmr7.pfb><C:/Users/micha/AppData/Local/Programs/MiKTeX
/fonts/type1/public/amsfonts/cm/cmr8.pfb><C:/Users/micha/AppData/Local/Programs
/MiKTeX/fonts/type1/public/amsfonts/cm/cmr9.pfb><C:/Users/micha/AppData/Local/P
rograms/MiKTeX/fonts/type1/public/amsfonts/cm/cmsy10.pfb><C:/Users/micha/AppDat
a/Local/Programs/MiKTeX/fonts/type1/urw/times/utmb8a.pfb><C:/Users/micha/AppDat
a/Local/Programs/MiKTeX/fonts/type1/urw/times/utmr8a.pfb><C:/Users/micha/AppDat
a/Local/Programs/MiKTeX/fonts/type1/urw/times/utmri8a.pfb>
Output written on FULL-JonesK_changed.pdf (12 pages, 261009 bytes).
PDF statistics:
 214 PDF objects out of 1000 (max. 8388607)
 0 named destinations out of 1000 (max. 500000)
 66 words of extra memory for PDF output out of 10000 (max. 10000000)

