This is pdfTeX, Version 3.141592653-2.6-1.40.25 (MiKTeX 23.5) (preloaded format=pdflatex 2024.1.12)  30 MAR 2024 18:18
entering extended mode
 restricted \write18 enabled.
 %&-line parsing enabled.
**./Formatting-Instructions-LaTeX-2021_changed.tex
(Formatting-Instructions-LaTeX-2021_changed.tex
LaTeX2e <2023-06-01> patch level 1
L3 programming layer <2023-08-29>
(C:\Users\orfuc\AppData\Local\Programs\MiKTeX\tex/latex/base\article.cls
Document Class: article 2023/05/17 v1.4n Standard LaTeX document class
(C:\Users\orfuc\AppData\Local\Programs\MiKTeX\tex/latex/base\size10.clo
File: size10.clo 2023/05/17 v1.4n Standard LaTeX file (size option)
)
\c@part=\count185
\c@section=\count186
\c@subsection=\count187
\c@subsubsection=\count188
\c@paragraph=\count189
\c@subparagraph=\count190
\c@figure=\count191
\c@table=\count192
\abovecaptionskip=\skip48
\belowcaptionskip=\skip49
\bibindent=\dimen140
)
(aaai21.sty
Conference Style for AAAI for LaTeX 2e -- version for the AAAI-21 conference - 
MODIFIED
\titlebox=\skip50
) (C:\Users\orfuc\AppData\Local\Programs\MiKTeX\tex/latex/psnfss\times.sty
Package: times 2020/03/25 PSNFSS-v9.3 (SPQR) 
)
(C:\Users\orfuc\AppData\Local\Programs\MiKTeX\tex/latex/psnfss\helvet.sty
Package: helvet 2020/03/25 PSNFSS-v9.3 (WaS) 

(C:\Users\orfuc\AppData\Local\Programs\MiKTeX\tex/latex/graphics\keyval.sty
Package: keyval 2022/05/29 v1.15 key=value parser (DPC)
\KV@toks@=\toks17
))
(C:\Users\orfuc\AppData\Local\Programs\MiKTeX\tex/latex/psnfss\courier.sty
Package: courier 2020/03/25 PSNFSS-v9.3 (WaS) 
)
(C:\Users\orfuc\AppData\Local\Programs\MiKTeX\tex/latex/url\url.sty
\Urlmuskip=\muskip16
Package: url 2013/09/16  ver 3.4  Verb mode for urls, etc.
)
(C:\Users\orfuc\AppData\Local\Programs\MiKTeX\tex/latex/graphics\graphicx.sty
Package: graphicx 2021/09/16 v1.2d Enhanced LaTeX Graphics (DPC,SPQR)

(C:\Users\orfuc\AppData\Local\Programs\MiKTeX\tex/latex/graphics\graphics.sty
Package: graphics 2022/03/10 v1.4e Standard LaTeX Graphics (DPC,SPQR)

(C:\Users\orfuc\AppData\Local\Programs\MiKTeX\tex/latex/graphics\trig.sty
Package: trig 2021/08/11 v1.11 sin cos tan (DPC)
)
(C:\Users\orfuc\AppData\Local\Programs\MiKTeX\tex/latex/graphics-cfg\graphics.c
fg
File: graphics.cfg 2016/06/04 v1.11 sample graphics configuration
)
Package graphics Info: Driver file: pdftex.def on input line 107.

(C:\Users\orfuc\AppData\Local\Programs\MiKTeX\tex/latex/graphics-def\pdftex.def
File: pdftex.def 2022/09/22 v1.2b Graphics/color driver for pdftex
))
\Gin@req@height=\dimen141
\Gin@req@width=\dimen142
) (C:\Users\orfuc\AppData\Local\Programs\MiKTeX\tex/latex/natbib\natbib.sty
Package: natbib 2010/09/13 8.31b (PWD, AO)
\bibhang=\skip51
\bibsep=\skip52
LaTeX Info: Redefining \cite on input line 694.
\c@NAT@ctr=\count193
)
(C:\Users\orfuc\AppData\Local\Programs\MiKTeX\tex/latex/caption\caption.sty
Package: caption 2023/07/31 v3.6n Customizing captions (AR)

(C:\Users\orfuc\AppData\Local\Programs\MiKTeX\tex/latex/caption\caption3.sty
Package: caption3 2023/07/31 v2.4d caption3 kernel (AR)
\caption@tempdima=\dimen143
\captionmargin=\dimen144
\caption@leftmargin=\dimen145
\caption@rightmargin=\dimen146
\caption@width=\dimen147
\caption@indent=\dimen148
\caption@parindent=\dimen149
\caption@hangindent=\dimen150
Package caption Info: Standard document class detected.
)
\c@caption@flags=\count194
\c@continuedfloat=\count195
)
(C:\Users\orfuc\AppData\Local\Programs\MiKTeX\tex/latex/multirow\multirow.sty
Package: multirow 2021/03/15 v2.8 Span multiple rows of a table
\multirow@colwidth=\skip53
\multirow@cntb=\count196
\multirow@dima=\skip54
\bigstrutjot=\dimen151
)
(C:\Users\orfuc\AppData\Local\Programs\MiKTeX\tex/latex/amsmath\amsmath.sty
Package: amsmath 2023/05/13 v2.17o AMS math features
\@mathmargin=\skip55

For additional information on amsmath, use the `?' option.
(C:\Users\orfuc\AppData\Local\Programs\MiKTeX\tex/latex/amsmath\amstext.sty
Package: amstext 2021/08/26 v2.01 AMS text

(C:\Users\orfuc\AppData\Local\Programs\MiKTeX\tex/latex/amsmath\amsgen.sty
File: amsgen.sty 1999/11/30 v2.0 generic functions
\@emptytoks=\toks18
\ex@=\dimen152
))
(C:\Users\orfuc\AppData\Local\Programs\MiKTeX\tex/latex/amsmath\amsbsy.sty
Package: amsbsy 1999/11/29 v1.2d Bold Symbols
\pmbraise@=\dimen153
)
(C:\Users\orfuc\AppData\Local\Programs\MiKTeX\tex/latex/amsmath\amsopn.sty
Package: amsopn 2022/04/08 v2.04 operator names
)
\inf@bad=\count197
LaTeX Info: Redefining \frac on input line 234.
\uproot@=\count198
\leftroot@=\count199
LaTeX Info: Redefining \overline on input line 399.
LaTeX Info: Redefining \colon on input line 410.
\classnum@=\count266
\DOTSCASE@=\count267
LaTeX Info: Redefining \ldots on input line 496.
LaTeX Info: Redefining \dots on input line 499.
LaTeX Info: Redefining \cdots on input line 620.
\Mathstrutbox@=\box51
\strutbox@=\box52
LaTeX Info: Redefining \big on input line 722.
LaTeX Info: Redefining \Big on input line 723.
LaTeX Info: Redefining \bigg on input line 724.
LaTeX Info: Redefining \Bigg on input line 725.
\big@size=\dimen154
LaTeX Font Info:    Redeclaring font encoding OML on input line 743.
LaTeX Font Info:    Redeclaring font encoding OMS on input line 744.
\macc@depth=\count268
LaTeX Info: Redefining \bmod on input line 905.
LaTeX Info: Redefining \pmod on input line 910.
LaTeX Info: Redefining \smash on input line 940.
LaTeX Info: Redefining \relbar on input line 970.
LaTeX Info: Redefining \Relbar on input line 971.
\c@MaxMatrixCols=\count269
\dotsspace@=\muskip17
\c@parentequation=\count270
\dspbrk@lvl=\count271
\tag@help=\toks19
\row@=\count272
\column@=\count273
\maxfields@=\count274
\andhelp@=\toks20
\eqnshift@=\dimen155
\alignsep@=\dimen156
\tagshift@=\dimen157
\tagwidth@=\dimen158
\totwidth@=\dimen159
\lineht@=\dimen160
\@envbody=\toks21
\multlinegap=\skip56
\multlinetaggap=\skip57
\mathdisplay@stack=\toks22
LaTeX Info: Redefining \[ on input line 2953.
LaTeX Info: Redefining \] on input line 2954.
)
(C:\Users\orfuc\AppData\Local\Programs\MiKTeX\tex/latex/amsfonts\amssymb.sty
Package: amssymb 2013/01/14 v3.01 AMS font symbols

(C:\Users\orfuc\AppData\Local\Programs\MiKTeX\tex/latex/amsfonts\amsfonts.sty
Package: amsfonts 2013/01/14 v3.01 Basic AMSFonts support
\symAMSa=\mathgroup4
\symAMSb=\mathgroup5
LaTeX Font Info:    Redeclaring math symbol \hbar on input line 98.
LaTeX Font Info:    Overwriting math alphabet `\mathfrak' in version `bold'
(Font)                  U/euf/m/n --> U/euf/b/n on input line 106.
)) (C:\Users\orfuc\AppData\Local\Programs\MiKTeX\tex/latex/arydshln\arydshln.st
y
Package: arydshln 2019/02/21 v1.76 
\dashlinedash=\dimen161
\dashlinegap=\dimen162
\adl@box=\box53
\adl@height=\dimen163
\adl@heightsave=\dimen164
\adl@depth=\dimen165
\adl@depthsave=\dimen166
\adl@finaldepth=\dimen167
\adl@columns=\count275
\adl@ncol=\count276
\adl@currentcolumn=\count277
\adl@currentcolumnsave=\count278
\adl@totalheight=\count279
\adl@totalheightsave=\count280
\adl@dash=\count281
\adl@gap=\count282
\adl@cla=\count283
\adl@clb=\count284
\adl@everyvbox=\toks23
\adl@LTpagetotal=\dimen168
) (C:\Users\orfuc\AppData\Local\Programs\MiKTeX\tex/latex/xcolor\xcolor.sty
Package: xcolor 2022/06/12 v2.14 LaTeX color extensions (UK)

(C:\Users\orfuc\AppData\Local\Programs\MiKTeX\tex/latex/graphics-cfg\color.cfg
File: color.cfg 2016/01/02 v1.6 sample color configuration
)
Package xcolor Info: Driver file: pdftex.def on input line 227.
(C:\Users\orfuc\AppData\Local\Programs\MiKTeX\tex/latex/graphics\mathcolor.ltx)
Package xcolor Info: Model `cmy' substituted by `cmy0' on input line 1353.
Package xcolor Info: Model `hsb' substituted by `rgb' on input line 1357.
Package xcolor Info: Model `RGB' extended on input line 1369.
Package xcolor Info: Model `HTML' substituted by `rgb' on input line 1371.
Package xcolor Info: Model `Hsb' substituted by `hsb' on input line 1372.
Package xcolor Info: Model `tHsb' substituted by `hsb' on input line 1373.
Package xcolor Info: Model `HSB' substituted by `hsb' on input line 1374.
Package xcolor Info: Model `Gray' substituted by `gray' on input line 1375.
Package xcolor Info: Model `wave' substituted by `hsb' on input line 1376.
) (C:\Users\orfuc\AppData\Local\Programs\MiKTeX\tex/latex/tools\multicol.sty
Package: multicol 2023/03/30 v1.9f multicolumn formatting (FMi)
\c@tracingmulticols=\count285
\mult@box=\box54
\multicol@leftmargin=\dimen169
\c@unbalance=\count286
\c@collectmore=\count287
\doublecol@number=\count288
\multicoltolerance=\count289
\multicolpretolerance=\count290
\full@width=\dimen170
\page@free=\dimen171
\premulticols=\dimen172
\postmulticols=\dimen173
\multicolsep=\skip58
\multicolbaselineskip=\skip59
\partial@page=\box55
\last@line=\box56
\mc@boxedresult=\box57
\maxbalancingoverflow=\dimen174
\mult@rightbox=\box58
\mult@grightbox=\box59
\mult@firstbox=\box60
\mult@gfirstbox=\box61
\@tempa=\box62
\@tempa=\box63
\@tempa=\box64
\@tempa=\box65
\@tempa=\box66
\@tempa=\box67
\@tempa=\box68
\@tempa=\box69
\@tempa=\box70
\@tempa=\box71
\@tempa=\box72
\@tempa=\box73
\@tempa=\box74
\@tempa=\box75
\@tempa=\box76
\@tempa=\box77
\@tempa=\box78
\@tempa=\box79
\@tempa=\box80
\@tempa=\box81
\@tempa=\box82
\@tempa=\box83
\@tempa=\box84
\@tempa=\box85
\@tempa=\box86
\@tempa=\box87
\@tempa=\box88
\@tempa=\box89
\@tempa=\box90
\@tempa=\box91
\@tempa=\box92
\@tempa=\box93
\@tempa=\box94
\@tempa=\box95
\@tempa=\box96
\@tempa=\box97
\c@minrows=\count291
\c@columnbadness=\count292
\c@finalcolumnbadness=\count293
\last@try=\dimen175
\multicolovershoot=\dimen176
\multicolundershoot=\dimen177
\mult@nat@firstbox=\box98
\colbreak@box=\box99
\mc@col@check@num=\count294
)
(C:\Users\orfuc\AppData\Local\Programs\MiKTeX\tex/latex/subfigure\subfigure.sty
Package: subfigure 2002/07/30 v2.1.4 subfigure package
\subfigtopskip=\skip60
\subfigcapskip=\skip61
\subfigcaptopadj=\dimen178
\subfigbottomskip=\skip62
\subfigcapmargin=\dimen179
\subfiglabelskip=\skip63
\c@subfigure=\count295
\c@lofdepth=\count296
\c@subtable=\count297
\c@lotdepth=\count298
****************************************
* Local config file subfigure.cfg used *
****************************************

(C:\Users\orfuc\AppData\Local\Programs\MiKTeX\tex/latex/subfigure\subfigure.cfg
)
\subfig@top=\skip64
\subfig@bottom=\skip65
)
LaTeX Font Info:    Trying to load font information for OT1+ptm on input line 9
4.
 (C:\Users\orfuc\AppData\Local\Programs\MiKTeX\tex/latex/psnfss\ot1ptm.fd
File: ot1ptm.fd 2001/06/04 font definitions for OT1/ptm.
)
(C:\Users\orfuc\AppData\Local\Programs\MiKTeX\tex/latex/l3backend\l3backend-pdf
tex.def
File: l3backend-pdftex.def 2023-04-19 L3 backend support: PDF output (pdfTeX)
\l__color_backend_stack_int=\count299
\l__pdf_internal_box=\box100
) (Formatting-Instructions-LaTeX-2021_changed.aux)
\openout1 = `Formatting-Instructions-LaTeX-2021_changed.aux'.

LaTeX Font Info:    Checking defaults for OML/cmm/m/it on input line 94.
LaTeX Font Info:    ... okay on input line 94.
LaTeX Font Info:    Checking defaults for OMS/cmsy/m/n on input line 94.
LaTeX Font Info:    ... okay on input line 94.
LaTeX Font Info:    Checking defaults for OT1/cmr/m/n on input line 94.
LaTeX Font Info:    ... okay on input line 94.
LaTeX Font Info:    Checking defaults for T1/cmr/m/n on input line 94.
LaTeX Font Info:    ... okay on input line 94.
LaTeX Font Info:    Checking defaults for TS1/cmr/m/n on input line 94.
LaTeX Font Info:    ... okay on input line 94.
LaTeX Font Info:    Checking defaults for OMX/cmex/m/n on input line 94.
LaTeX Font Info:    ... okay on input line 94.
LaTeX Font Info:    Checking defaults for U/cmr/m/n on input line 94.
LaTeX Font Info:    ... okay on input line 94.

(C:\Users\orfuc\AppData\Local\Programs\MiKTeX\tex/context/base/mkii\supp-pdf.mk
ii
[Loading MPS to PDF converter (version 2006.09.02).]
\scratchcounter=\count300
\scratchdimen=\dimen180
\scratchbox=\box101
\nofMPsegments=\count301
\nofMParguments=\count302
\everyMPshowfont=\toks24
\MPscratchCnt=\count303
\MPscratchDim=\dimen181
\MPnumerator=\count304
\makeMPintoPDFobject=\count305
\everyMPtoPDFconversion=\toks25
)
(C:\Users\orfuc\AppData\Local\Programs\MiKTeX\tex/latex/epstopdf-pkg\epstopdf-b
ase.sty
Package: epstopdf-base 2020-01-24 v2.11 Base part for package epstopdf
Package epstopdf-base Info: Redefining graphics rule for `.eps' on input line 4
85.

(C:\Users\orfuc\AppData\Local\Programs\MiKTeX\tex/latex/00miktex\epstopdf-sys.c
fg
File: epstopdf-sys.cfg 2021/03/18 v2.0 Configuration of epstopdf for MiKTeX
))
Package caption Info: Begin \AtBeginDocument code.
Package caption Info: subfigure package is loaded.
Package caption Info: End \AtBeginDocument code.
\titlearea=\box102
LaTeX Font Info:    Trying to load font information for U+msa on input line 95.

 (C:\Users\orfuc\AppData\Local\Programs\MiKTeX\tex/latex/amsfonts\umsa.fd
File: umsa.fd 2013/01/14 v3.01 AMS symbols A
)
LaTeX Font Info:    Trying to load font information for U+msb on input line 95.


(C:\Users\orfuc\AppData\Local\Programs\MiKTeX\tex/latex/amsfonts\umsb.fd
File: umsb.fd 2013/01/14 v3.01 AMS symbols B
)
\actualheight=\skip66
LaTeX Font Info:    Trying to load font information for TS1+ptm on input line 9
5.

(C:\Users\orfuc\AppData\Local\Programs\MiKTeX\tex/latex/psnfss\ts1ptm.fd
File: ts1ptm.fd 2001/06/04 font definitions for TS1/ptm.
)
Underfull \vbox (badness 10000) detected at line 95
 []


Package natbib Warning: Citation `mirkovic2011dialogue' on page 1 undefined on 
input line 107.


Package natbib Warning: Citation `cheyer2014method' on page 1 undefined on inpu
t line 107.


Package natbib Warning: Citation `tran-nguyen-2017-natural' on page 1 undefined
 on input line 107.


Package natbib Warning: Citation `zhu2019multi' on page 1 undefined on input li
ne 107.


Package natbib Warning: Citation `li-etal-2020-slot' on page 1 undefined on inp
ut line 107.


Package natbib Warning: Citation `dusek-jurcicek-2016-sequence' on page 1 undef
ined on input line 107.


Package natbib Warning: Citation `bahdanau2014neural' on page 1 undefined on in
put line 107.


Package natbib Warning: Citation `wen-etal-2015-stochastic' on page 1 undefined
 on input line 109.


Package natbib Warning: Citation `wen-etal-2015-semantically' on page 1 undefin
ed on input line 109.


Package natbib Warning: Citation `tran-nguyen-2017-natural' on page 1 undefined
 on input line 109.


Package natbib Warning: Citation `novikova-etal-2017-e2e' on page 1 undefined o
n input line 109.


Package natbib Warning: Citation `nayak2017plan' on page 1 undefined on input l
ine 109.


Package natbib Warning: Citation `juraska-etal-2018-deep' on page 1 undefined o
n input line 109.


Package natbib Warning: Citation `jain-wallace-2019-attention' on page 1 undefi
ned on input line 109.

<image/0.pdf, id=1, 389.39137pt x 168.85405pt>
File: image/0.pdf Graphic file (type pdf)
<use image/0.pdf>
Package pdftex.def Info: image/0.pdf  used on input line 113.
(pdftex.def)             Requested size: 227.64894pt x 98.71866pt.

Package natbib Warning: Citation `novikova-etal-2017-e2e' on page 1 undefined o
n input line 115.


Package natbib Warning: Citation `novikova-etal-2017-e2e' on page 1 undefined o
n input line 115.

<image/1.pdf, id=2, 833.11722pt x 304.32605pt>
File: image/1.pdf Graphic file (type pdf)
<use image/1.pdf>
Package pdftex.def Info: image/1.pdf  used on input line 121.
(pdftex.def)             Requested size: 404.71353pt x 147.83942pt.

LaTeX Warning: `h' float specifier changed to `ht'.


Package natbib Warning: Citation `sutskever2014sequence' on page 1 undefined on
 input line 127.


Package natbib Warning: Citation `bahdanau2014neural' on page 1 undefined on in
put line 127.


Package natbib Warning: Citation `li2020rewriter' on page 1 undefined on input 
line 127.


Package natbib Warning: Citation `vinyals2015pointer' on page 1 undefined on in
put line 127.


Package natbib Warning: Citation `mikolov2010recurrent' on page 1 undefined on 
input line 127.


Package natbib Warning: Citation `Li_Yao_Qin_Peng_Liu_Li_2020' on page 1 undefi
ned on input line 127.


Package natbib Warning: Citation `jang2016categorical' on page 1 undefined on i
nput line 127.


Package natbib Warning: Citation `van2017neural' on page 1 undefined on input l
ine 127.


Package natbib Warning: Citation `hochreiter1997long' on page 1 undefined on in
put line 127.


Package natbib Warning: Citation `vaswani2017attention' on page 1 undefined on 
input line 127.

[1{C:/Users/orfuc/AppData/Local/MiKTeX/fonts/map/pdftex/pdftex.map}{C:/Users/or
fuc/AppData/Local/Programs/MiKTeX/fonts/enc/dvips/base/8r.enc}



 <./image/0.pdf>]
<image/2.pdf, id=19, 868.53249pt x 297.19072pt>
File: image/2.pdf Graphic file (type pdf)
<use image/2.pdf>
Package pdftex.def Info: image/2.pdf  used on input line 153.
(pdftex.def)             Requested size: 404.71353pt x 138.48701pt.

Package natbib Warning: Citation `vaswani2017attention' on page 2 undefined on 
input line 179.


Package natbib Warning: Citation `hochreiter1997long' on page 2 undefined on in
put line 190.

[2 <./image/1.pdf>]
Underfull \hbox (badness 1484) in paragraph at lines 234--235
[]\OT1/ptm/m/it/10 Unconditional Lan-guage Mod-el-ing \OT1/ptm/m/n/10 pro-duces
 context-
 []


Package natbib Warning: Citation `jang2016categorical' on page 3 undefined on i
nput line 260.


Package natbib Warning: Citation `gumbel1948statistical' on page 3 undefined on
 input line 275.


Package natbib Warning: Citation `van2017neural' on page 3 undefined on input l
ine 277.


Package natbib Warning: Citation `bengio2013estimating' on page 3 undefined on 
input line 277.


Package natbib Warning: Citation `kingma2013auto' on page 3 undefined on input 
line 277.

[3 <./image/2.pdf>]
Underfull \hbox (badness 2717) in paragraph at lines 316--318
\OT1/ptm/m/n/10 which cor-re-sponds to Equa-tion 11[]. $\OML/cmm/m/it/10 P\OT1/
cmr/m/n/10 (\OML/cmm/m/it/10 r\OMS/cmsy/m/n/10 j\OML/cmm/m/it/10 y[]; \OT1/cmr/
bx/n/10 x\OT1/cmr/m/n/10 )\OML/cmm/m/it/10 ; r \OMS/cmsy/m/n/10 2
 []


Package natbib Warning: Citation `wen-etal-2015-stochastic' on page 4 undefined
 on input line 330.


Package natbib Warning: Citation `wen-etal-2015-semantically' on page 4 undefin
ed on input line 332.


Package natbib Warning: Citation `dusek-jurcicek-2016-sequence' on page 4 undef
ined on input line 334.


Package natbib Warning: Citation `tran-nguyen-2017-natural' on page 4 undefined
 on input line 336.


Package natbib Warning: Citation `zhu2019multi' on page 4 undefined on input li
ne 339.


Package natbib Warning: Citation `van2017neural' on page 4 undefined on input l
ine 398.


Package natbib Warning: Citation `kingma2013auto' on page 4 undefined on input 
line 404.


Package natbib Warning: Citation `jang2016categorical' on page 4 undefined on i
nput line 408.


Package natbib Warning: Citation `wen-etal-2015-stochastic' on page 4 undefined
 on input line 416.


Package natbib Warning: Citation `wen-etal-2015-semantically' on page 4 undefin
ed on input line 416.


Package natbib Warning: Citation `novikova-etal-2017-e2e' on page 4 undefined o
n input line 416.


Package natbib Warning: Citation `wen-etal-2015-stochastic' on page 4 undefined
 on input line 416.


Package natbib Warning: Citation `wen-etal-2015-semantically' on page 4 undefin
ed on input line 416.


Package natbib Warning: Citation `novikova-etal-2017-e2e' on page 4 undefined o
n input line 416.

<image/3.pdf, id=91, 963.6pt x 626.34pt>
File: image/3.pdf Graphic file (type pdf)
<use image/3.pdf>
Package pdftex.def Info: image/3.pdf  used on input line 424.
(pdftex.def)             Requested size: 455.2979pt x 295.93765pt.

Package natbib Warning: Citation `kingma2014adam' on page 4 undefined on input 
line 430.

[4] [5 <./image/3.pdf>]

Package natbib Warning: Citation `wen-etal-2015-stochastic' on page 6 undefined
 on input line 438.


Package natbib Warning: Citation `wen-etal-2015-semantically' on page 6 undefin
ed on input line 440.


Package natbib Warning: Citation `dusek-jurcicek-2016-sequence' on page 6 undef
ined on input line 442.


Package natbib Warning: Citation `tran-nguyen-2017-natural' on page 6 undefined
 on input line 444.


Package natbib Warning: Citation `zhu2019multi' on page 6 undefined on input li
ne 446.


Package natbib Warning: Citation `tran-nguyen-2017-natural' on page 6 undefined
 on input line 450.


Package natbib Warning: Citation `zhu2019multi' on page 6 undefined on input li
ne 450.

[6]

Package natbib Warning: Citation `oh2000stochastic' on page 7 undefined on inpu
t line 533.


Package natbib Warning: Citation `ratnaparkhi2000trainable' on page 7 undefined
 on input line 533.


Package natbib Warning: Citation `mirkovic2011dialogue' on page 7 undefined on 
input line 533.


Package natbib Warning: Citation `cheyer2014method' on page 7 undefined on inpu
t line 533.


Package natbib Warning: Citation `oh2000stochastic' on page 7 undefined on inpu
t line 533.


Package natbib Warning: Citation `ratnaparkhi2000trainable' on page 7 undefined
 on input line 533.


Package natbib Warning: Citation `mairesse2014stochastic' on page 7 undefined o
n input line 533.


Package natbib Warning: Citation `wen-etal-2015-stochastic' on page 7 undefined
 on input line 535.


Package natbib Warning: Citation `dusek-jurcicek-2016-sequence' on page 7 undef
ined on input line 535.


Package natbib Warning: Citation `tran-nguyen-2017-natural' on page 7 undefined
 on input line 535.


Package natbib Warning: Citation `li-etal-2020-slot' on page 7 undefined on inp
ut line 535.


Package natbib Warning: Citation `wen-etal-2015-stochastic' on page 7 undefined
 on input line 535.


Package natbib Warning: Citation `wen-etal-2015-semantically' on page 7 undefin
ed on input line 535.


Package natbib Warning: Citation `dusek-jurcicek-2016-sequence' on page 7 undef
ined on input line 535.


Package natbib Warning: Citation `tran-nguyen-2017-natural' on page 7 undefined
 on input line 535.


Package natbib Warning: Citation `zhu2019multi' on page 7 undefined on input li
ne 535.


Package natbib Warning: Citation `li-etal-2020-slot' on page 7 undefined on inp
ut line 535.


Package natbib Warning: Citation `wen-etal-2015-semantically' on page 7 undefin
ed on input line 535.


Package natbib Warning: Citation `tran-nguyen-2017-natural' on page 7 undefined
 on input line 535.


Package natbib Warning: Citation `li-etal-2020-handling' on page 7 undefined on
 input line 535.


Package natbib Warning: Citation `nayak2017plan' on page 7 undefined on input l
ine 535.

No file Formatting-Instructions-LaTeX-2021_changed.bbl.
[7]

Package natbib Warning: There were undefined citations.

[8

] (Formatting-Instructions-LaTeX-2021_changed.aux)
 ***********
LaTeX2e <2023-06-01> patch level 1
L3 programming layer <2023-08-29>
 ***********
 ) 
Here is how much of TeX's memory you used:
 5676 strings out of 475247
 90484 string characters out of 5757792
 1952801 words of memory out of 5000000
 27121 multiletter control sequences out of 15000+600000
 586914 words of font info for 101 fonts, out of 8000000 for 9000
 1141 hyphenation exceptions out of 8191
 57i,20n,65p,1791b,446s stack positions out of 10000i,1000n,20000p,200000b,200000s
<C:/Users/orfuc/AppData/Local/Programs/MiKTeX/fonts/type1/public/amsfonts/cm/
cmbx10.pfb><C:/Users/orfuc/AppData/Local/Programs/MiKTeX/fonts/type1/public/ams
fonts/cm/cmex10.pfb><C:/Users/orfuc/AppData/Local/Programs/MiKTeX/fonts/type1/p
ublic/amsfonts/cm/cmmi10.pfb><C:/Users/orfuc/AppData/Local/Programs/MiKTeX/font
s/type1/public/amsfonts/cm/cmmi5.pfb><C:/Users/orfuc/AppData/Local/Programs/MiK
TeX/fonts/type1/public/amsfonts/cm/cmmi7.pfb><C:/Users/orfuc/AppData/Local/Prog
rams/MiKTeX/fonts/type1/public/amsfonts/cm/cmr10.pfb><C:/Users/orfuc/AppData/Lo
cal/Programs/MiKTeX/fonts/type1/public/amsfonts/cm/cmr7.pfb><C:/Users/orfuc/App
Data/Local/Programs/MiKTeX/fonts/type1/public/amsfonts/cm/cmsy10.pfb><C:/Users/
orfuc/AppData/Local/Programs/MiKTeX/fonts/type1/public/amsfonts/cm/cmsy5.pfb><C
:/Users/orfuc/AppData/Local/Programs/MiKTeX/fonts/type1/public/amsfonts/cm/cmsy
7.pfb><C:/Users/orfuc/AppData/Local/Programs/MiKTeX/fonts/type1/urw/times/utmb8
a.pfb><C:/Users/orfuc/AppData/Local/Programs/MiKTeX/fonts/type1/urw/times/utmr8
a.pfb><C:/Users/orfuc/AppData/Local/Programs/MiKTeX/fonts/type1/urw/times/utmri
8a.pfb>
Output written on Formatting-Instructions-LaTeX-2021_changed.pdf (8 pages, 3263
05 bytes).
PDF statistics:
 187 PDF objects out of 1000 (max. 8388607)
 0 named destinations out of 1000 (max. 500000)
 21 words of extra memory for PDF output out of 10000 (max. 10000000)

