This is pdfTeX, Version 3.141592653-2.6-1.40.25 (MiKTeX 23.10) (preloaded format=pdflatex 2024.1.1)  10 MAR 2024 11:53
entering extended mode
 restricted \write18 enabled.
 %&-line parsing enabled.
**./aaai23_changed.tex
(aaai23_changed.tex
LaTeX2e <2023-06-01> patch level 1
L3 programming layer <2023-08-29>
(C:\Users\tal12\AppData\Local\Programs\MiKTeX\tex/latex/base\article.cls
Document Class: article 2023/05/17 v1.4n Standard LaTeX document class
(C:\Users\tal12\AppData\Local\Programs\MiKTeX\tex/latex/base\size10.clo
File: size10.clo 2023/05/17 v1.4n Standard LaTeX file (size option)
)
\c@part=\count185
\c@section=\count186
\c@subsection=\count187
\c@subsubsection=\count188
\c@paragraph=\count189
\c@subparagraph=\count190
\c@figure=\count191
\c@table=\count192
\abovecaptionskip=\skip48
\belowcaptionskip=\skip49
\bibindent=\dimen140
)
(aaai23.sty
Package: aaai23 2023/06/27 AAAI 2023 Submission format

Conference Style for AAAI for LaTeX 2e -- version for submission
\titlebox=\skip50
) (C:\Users\tal12\AppData\Local\Programs\MiKTeX\tex/latex/psnfss\times.sty
Package: times 2020/03/25 PSNFSS-v9.3 (SPQR) 
)
(C:\Users\tal12\AppData\Local\Programs\MiKTeX\tex/latex/psnfss\helvet.sty
Package: helvet 2020/03/25 PSNFSS-v9.3 (WaS) 

(C:\Users\tal12\AppData\Local\Programs\MiKTeX\tex/latex/graphics\keyval.sty
Package: keyval 2022/05/29 v1.15 key=value parser (DPC)
\KV@toks@=\toks17
))
(C:\Users\tal12\AppData\Local\Programs\MiKTeX\tex/latex/psnfss\courier.sty
Package: courier 2020/03/25 PSNFSS-v9.3 (WaS) 
)
(C:\Users\tal12\AppData\Local\Programs\MiKTeX\tex/latex/url\url.sty
\Urlmuskip=\muskip16
Package: url 2013/09/16  ver 3.4  Verb mode for urls, etc.
)
(C:\Users\tal12\AppData\Local\Programs\MiKTeX\tex/latex/graphics\graphicx.sty
Package: graphicx 2021/09/16 v1.2d Enhanced LaTeX Graphics (DPC,SPQR)

(C:\Users\tal12\AppData\Local\Programs\MiKTeX\tex/latex/graphics\graphics.sty
Package: graphics 2022/03/10 v1.4e Standard LaTeX Graphics (DPC,SPQR)

(C:\Users\tal12\AppData\Local\Programs\MiKTeX\tex/latex/graphics\trig.sty
Package: trig 2021/08/11 v1.11 sin cos tan (DPC)
)
(C:\Users\tal12\AppData\Local\Programs\MiKTeX\tex/latex/graphics-cfg\graphics.c
fg
File: graphics.cfg 2016/06/04 v1.11 sample graphics configuration
)
Package graphics Info: Driver file: pdftex.def on input line 107.

(C:\Users\tal12\AppData\Local\Programs\MiKTeX\tex/latex/graphics-def\pdftex.def
File: pdftex.def 2022/09/22 v1.2b Graphics/color driver for pdftex
))
\Gin@req@height=\dimen141
\Gin@req@width=\dimen142
) (C:\Users\tal12\AppData\Local\Programs\MiKTeX\tex/latex/natbib\natbib.sty
Package: natbib 2010/09/13 8.31b (PWD, AO)
\bibhang=\skip51
\bibsep=\skip52
LaTeX Info: Redefining \cite on input line 694.
\c@NAT@ctr=\count193
)
(C:\Users\tal12\AppData\Local\Programs\MiKTeX\tex/latex/caption\caption.sty
Package: caption 2023/08/05 v3.6o Customizing captions (AR)

(C:\Users\tal12\AppData\Local\Programs\MiKTeX\tex/latex/caption\caption3.sty
Package: caption3 2023/07/31 v2.4d caption3 kernel (AR)
\caption@tempdima=\dimen143
\captionmargin=\dimen144
\caption@leftmargin=\dimen145
\caption@rightmargin=\dimen146
\caption@width=\dimen147
\caption@indent=\dimen148
\caption@parindent=\dimen149
\caption@hangindent=\dimen150
Package caption Info: Standard document class detected.
)
\c@caption@flags=\count194
\c@continuedfloat=\count195
)
(C:\Users\tal12\AppData\Local\Programs\MiKTeX\tex/latex/algorithms\algorithm.st
y
Package: algorithm 2009/08/24 v0.1 Document Style `algorithm' - floating enviro
nment
 (C:\Users\tal12\AppData\Local\Programs\MiKTeX\tex/latex/float\float.sty
Package: float 2001/11/08 v1.3d Float enhancements (AL)
\c@float@type=\count196
\float@exts=\toks18
\float@box=\box51
\@float@everytoks=\toks19
\@floatcapt=\box52
)
(C:\Users\tal12\AppData\Local\Programs\MiKTeX\tex/latex/base\ifthen.sty
Package: ifthen 2022/04/13 v1.1d Standard LaTeX ifthen package (DPC)
)
\@float@every@algorithm=\toks20
\c@algorithm=\count197
)
(C:\Users\tal12\AppData\Local\Programs\MiKTeX\tex/latex/algorithms\algorithmic.
sty
Package: algorithmic 2009/08/24 v0.1 Document Style `algorithmic'
\c@ALC@unique=\count198
\c@ALC@line=\count199
\c@ALC@rem=\count266
\c@ALC@depth=\count267
\ALC@tlm=\skip53
\algorithmicindent=\skip54
)
(C:\Users\tal12\AppData\Local\Programs\MiKTeX\tex/latex/amsmath\amsmath.sty
Package: amsmath 2023/05/13 v2.17o AMS math features
\@mathmargin=\skip55

For additional information on amsmath, use the `?' option.
(C:\Users\tal12\AppData\Local\Programs\MiKTeX\tex/latex/amsmath\amstext.sty
Package: amstext 2021/08/26 v2.01 AMS text

(C:\Users\tal12\AppData\Local\Programs\MiKTeX\tex/latex/amsmath\amsgen.sty
File: amsgen.sty 1999/11/30 v2.0 generic functions
\@emptytoks=\toks21
\ex@=\dimen151
))
(C:\Users\tal12\AppData\Local\Programs\MiKTeX\tex/latex/amsmath\amsbsy.sty
Package: amsbsy 1999/11/29 v1.2d Bold Symbols
\pmbraise@=\dimen152
)
(C:\Users\tal12\AppData\Local\Programs\MiKTeX\tex/latex/amsmath\amsopn.sty
Package: amsopn 2022/04/08 v2.04 operator names
)
\inf@bad=\count268
LaTeX Info: Redefining \frac on input line 234.
\uproot@=\count269
\leftroot@=\count270
LaTeX Info: Redefining \overline on input line 399.
LaTeX Info: Redefining \colon on input line 410.
\classnum@=\count271
\DOTSCASE@=\count272
LaTeX Info: Redefining \ldots on input line 496.
LaTeX Info: Redefining \dots on input line 499.
LaTeX Info: Redefining \cdots on input line 620.
\Mathstrutbox@=\box53
\strutbox@=\box54
LaTeX Info: Redefining \big on input line 722.
LaTeX Info: Redefining \Big on input line 723.
LaTeX Info: Redefining \bigg on input line 724.
LaTeX Info: Redefining \Bigg on input line 725.
\big@size=\dimen153
LaTeX Font Info:    Redeclaring font encoding OML on input line 743.
LaTeX Font Info:    Redeclaring font encoding OMS on input line 744.
\macc@depth=\count273
LaTeX Info: Redefining \bmod on input line 905.
LaTeX Info: Redefining \pmod on input line 910.
LaTeX Info: Redefining \smash on input line 940.
LaTeX Info: Redefining \relbar on input line 970.
LaTeX Info: Redefining \Relbar on input line 971.
\c@MaxMatrixCols=\count274
\dotsspace@=\muskip17
\c@parentequation=\count275
\dspbrk@lvl=\count276
\tag@help=\toks22
\row@=\count277
\column@=\count278
\maxfields@=\count279
\andhelp@=\toks23
\eqnshift@=\dimen154
\alignsep@=\dimen155
\tagshift@=\dimen156
\tagwidth@=\dimen157
\totwidth@=\dimen158
\lineht@=\dimen159
\@envbody=\toks24
\multlinegap=\skip56
\multlinetaggap=\skip57
\mathdisplay@stack=\toks25
LaTeX Info: Redefining \[ on input line 2953.
LaTeX Info: Redefining \] on input line 2954.
)
(C:\Users\tal12\AppData\Local\Programs\MiKTeX\tex/latex/amsfonts\amsfonts.sty
Package: amsfonts 2013/01/14 v3.01 Basic AMSFonts support
\symAMSa=\mathgroup4
\symAMSb=\mathgroup5
LaTeX Font Info:    Redeclaring math symbol \hbar on input line 98.
LaTeX Font Info:    Overwriting math alphabet `\mathfrak' in version `bold'
(Font)                  U/euf/m/n --> U/euf/b/n on input line 106.
)
(C:\Users\tal12\AppData\Local\Programs\MiKTeX\tex/latex/booktabs\booktabs.sty
Package: booktabs 2020/01/12 v1.61803398 Publication quality tables
\heavyrulewidth=\dimen160
\lightrulewidth=\dimen161
\cmidrulewidth=\dimen162
\belowrulesep=\dimen163
\belowbottomsep=\dimen164
\aboverulesep=\dimen165
\abovetopsep=\dimen166
\cmidrulesep=\dimen167
\cmidrulekern=\dimen168
\defaultaddspace=\dimen169
\@cmidla=\count280
\@cmidlb=\count281
\@aboverulesep=\dimen170
\@belowrulesep=\dimen171
\@thisruleclass=\count282
\@lastruleclass=\count283
\@thisrulewidth=\dimen172
)
(C:\Users\tal12\AppData\Local\Programs\MiKTeX\tex/latex/multirow\multirow.sty
Package: multirow 2021/03/15 v2.8 Span multiple rows of a table
\multirow@colwidth=\skip58
\multirow@cntb=\count284
\multirow@dima=\skip59
\bigstrutjot=\dimen173
)
(C:\Users\tal12\AppData\Local\Programs\MiKTeX\tex/latex/newfloat\newfloat.sty
Package: newfloat 2023/10/01 v1.2 Defining new floating environments (AR)
)
(C:\Users\tal12\AppData\Local\Programs\MiKTeX\tex/latex/listings\listings.sty
\lst@mode=\count285
\lst@gtempboxa=\box55
\lst@token=\toks26
\lst@length=\count286
\lst@currlwidth=\dimen174
\lst@column=\count287
\lst@pos=\count288
\lst@lostspace=\dimen175
\lst@width=\dimen176
\lst@newlines=\count289
\lst@lineno=\count290
\lst@maxwidth=\dimen177

(C:\Users\tal12\AppData\Local\Programs\MiKTeX\tex/latex/listings\lstmisc.sty
File: lstmisc.sty 2023/02/27 1.9 (Carsten Heinz)
\c@lstnumber=\count291
\lst@skipnumbers=\count292
\lst@framebox=\box56
)
(C:\Users\tal12\AppData\Local\Programs\MiKTeX\tex/latex/listings\listings.cfg
File: listings.cfg 2023/02/27 1.9 listings configuration
))
Package: listings 2023/02/27 1.9 (Carsten Heinz)
\@float@every@listing=\toks27
\c@listing=\count293
LaTeX Font Info:    Trying to load font information for OT1+ptm on input line 1
69.
(C:\Users\tal12\AppData\Local\Programs\MiKTeX\tex/latex/psnfss\ot1ptm.fd
File: ot1ptm.fd 2001/06/04 font definitions for OT1/ptm.
)
(C:\Users\tal12\AppData\Local\Programs\MiKTeX\tex/latex/l3backend\l3backend-pdf
tex.def
File: l3backend-pdftex.def 2023-04-19 L3 backend support: PDF output (pdfTeX)
\l__color_backend_stack_int=\count294
\l__pdf_internal_box=\box57
) (aaai23_changed.aux)
\openout1 = `aaai23_changed.aux'.

LaTeX Font Info:    Checking defaults for OML/cmm/m/it on input line 169.
LaTeX Font Info:    ... okay on input line 169.
LaTeX Font Info:    Checking defaults for OMS/cmsy/m/n on input line 169.
LaTeX Font Info:    ... okay on input line 169.
LaTeX Font Info:    Checking defaults for OT1/cmr/m/n on input line 169.
LaTeX Font Info:    ... okay on input line 169.
LaTeX Font Info:    Checking defaults for T1/cmr/m/n on input line 169.
LaTeX Font Info:    ... okay on input line 169.
LaTeX Font Info:    Checking defaults for TS1/cmr/m/n on input line 169.
LaTeX Font Info:    ... okay on input line 169.
LaTeX Font Info:    Checking defaults for OMX/cmex/m/n on input line 169.
LaTeX Font Info:    ... okay on input line 169.
LaTeX Font Info:    Checking defaults for U/cmr/m/n on input line 169.
LaTeX Font Info:    ... okay on input line 169.

(C:\Users\tal12\AppData\Local\Programs\MiKTeX\tex/context/base/mkii\supp-pdf.mk
ii
[Loading MPS to PDF converter (version 2006.09.02).]
\scratchcounter=\count295
\scratchdimen=\dimen178
\scratchbox=\box58
\nofMPsegments=\count296
\nofMParguments=\count297
\everyMPshowfont=\toks28
\MPscratchCnt=\count298
\MPscratchDim=\dimen179
\MPnumerator=\count299
\makeMPintoPDFobject=\count300
\everyMPtoPDFconversion=\toks29
)
(C:\Users\tal12\AppData\Local\Programs\MiKTeX\tex/latex/epstopdf-pkg\epstopdf-b
ase.sty
Package: epstopdf-base 2020-01-24 v2.11 Base part for package epstopdf
Package epstopdf-base Info: Redefining graphics rule for `.eps' on input line 4
85.

(C:\Users\tal12\AppData\Local\Programs\MiKTeX\tex/latex/00miktex\epstopdf-sys.c
fg
File: epstopdf-sys.cfg 2021/03/18 v2.0 Configuration of epstopdf for MiKTeX
))
Package caption Info: Begin \AtBeginDocument code.
Package caption Info: float package is loaded.
Package caption Info: listings package is loaded.
Package caption Info: End \AtBeginDocument code.
Package newfloat Info: `float' package detected.
\c@lstlisting=\count301
\c@eqfn=\count302
\titlearea=\box59
LaTeX Font Info:    Trying to load font information for U+msa on input line 171
.
 (C:\Users\tal12\AppData\Local\Programs\MiKTeX\tex/latex/amsfonts\umsa.fd
File: umsa.fd 2013/01/14 v3.01 AMS symbols A
)
LaTeX Font Info:    Trying to load font information for U+msb on input line 171
.

(C:\Users\tal12\AppData\Local\Programs\MiKTeX\tex/latex/amsfonts\umsb.fd
File: umsb.fd 2013/01/14 v3.01 AMS symbols B
)
LaTeX Font Info:    Trying to load font information for OMS+ptm on input line 1
71.

(C:\Users\tal12\AppData\Local\Programs\MiKTeX\tex/latex/psnfss\omsptm.fd
File: omsptm.fd 
)
LaTeX Font Info:    Font shape `OMS/ptm/m/n' in size <10> not available
(Font)              Font shape `OMS/cmsy/m/n' tried instead on input line 171.
\actualheight=\skip60
LaTeX Font Info:    Trying to load font information for TS1+ptm on input line 1
71.

(C:\Users\tal12\AppData\Local\Programs\MiKTeX\tex/latex/psnfss\ts1ptm.fd
File: ts1ptm.fd 2001/06/04 font definitions for TS1/ptm.
)

Package natbib Warning: Citation `gabriel2022adoption' on page 1 undefined on i
nput line 189.


Package natbib Warning: Citation `sharma2020machine' on page 1 undefined on inp
ut line 189.


Package natbib Warning: Citation `nanushi2022pest' on page 1 undefined on input
 line 189.


Package natbib Warning: Citation `choumos2022towards' on page 1 undefined on in
put line 189.


Package natbib Warning: Citation `lowenberg2019setting' on page 1 undefined on 
input line 191.


Package natbib Warning: Citation `lioutas2021digitalization' on page 1 undefine
d on input line 191.


Package natbib Warning: Citation `boruch1997randomized' on page 1 undefined on 
input line 193.


Package natbib Warning: Citation `vaessen2010challenges' on page 1 undefined on
 input line 193.


Package natbib Warning: Citation `diggleexperimental' on page 1 undefined on in
put line 193.


Package natbib Warning: Citation `pearl2009causality' on page 1 undefined on in
put line 193.


Package natbib Warning: Citation `hernan2016using' on page 1 undefined on input
 line 193.


Package natbib Warning: Citation `arif2022utilizing' on page 1 undefined on inp
ut line 199.


Package natbib Warning: Citation `fougere2019causal' on page 1 undefined on inp
ut line 199.


Package natbib Warning: Citation `massmann2021causal' on page 1 undefined on in
put line 201.


Package natbib Warning: Citation `runge2019inferring' on page 1 undefined on in
put line 201.


Package natbib Warning: Citation `qian2016applying' on page 1 undefined on inpu
t line 201.


Package natbib Warning: Citation `deines2019satellites' on page 1 undefined on 
input line 201.


Package natbib Warning: Citation `giannarakis2022personalizing' on page 1 undef
ined on input line 201.


Package natbib Warning: Citation `giannarakis2022towards' on page 1 undefined o
n input line 201.


Package natbib Warning: Citation `adelman1992evaluating' on page 1 undefined on
 input line 206.


Package natbib Warning: Citation `zhai2020decision' on page 1 undefined on inpu
t line 206.


Package natbib Warning: Citation `pu2012evaluating' on page 1 undefined on inpu
t line 206.


Package natbib Warning: Citation `schroder2011setting' on page 1 undefined on i
nput line 206.


Package natbib Warning: Citation `ge2010beyond' on page 1 undefined on input li
ne 206.

[1{C:/Users/tal12/AppData/Local/MiKTeX/fonts/map/pdftex/pdftex.map}{C:/Users/ta
l12/AppData/Local/Programs/MiKTeX/fonts/enc/dvips/base/8r.enc}



]

Package natbib Warning: Citation `muller1974sources' on page 2 undefined on inp
ut line 210.


Package natbib Warning: Citation `roberts2009estimating' on page 2 undefined on
 input line 210.


Package natbib Warning: Citation `schimmelpfennig2016sequential' on page 2 unde
fined on input line 210.


Package natbib Warning: Citation `mcfadden2022information' on page 2 undefined 
on input line 210.


Package natbib Warning: Citation `cinelli_crash_2020' on page 2 undefined on in
put line 210.


Package natbib Warning: Citation `huang2016different' on page 2 undefined on in
put line 215.


Package natbib Warning: Citation `nielsen2002delayed' on page 2 undefined on in
put line 215.


Package natbib Warning: Citation `richards2022impact' on page 2 undefined on in
put line 215.


Package natbib Warning: Citation `freeland2006agrometeorology' on page 2 undefi
ned on input line 216.


Package natbib Warning: Citation `boman2005soil' on page 2 undefined on input l
ine 216.


Package natbib Warning: Citation `bradow2010germination' on page 2 undefined on
 input line 216.


Package natbib Warning: Citation `bauer1998planting' on page 2 undefined on inp
ut line 216.


Package natbib Warning: Citation `california' on page 2 undefined on input line
 216.


Package natbib Warning: Citation `barbato2011temperature' on page 2 undefined o
n input line 216.


Package natbib Warning: Citation `munier2004accuracy' on page 2 undefined on in
put line 216.


Package natbib Warning: Citation `kerby1989weather' on page 2 undefined on inpu
t line 216.


Package natbib Warning: Citation `luma2020causal' on page 2 undefined on input 
line 219.


Package natbib Warning: Citation `pasquel2022review' on page 2 undefined on inp
ut line 219.


Package natbib Warning: Citation `aggarwal2016knowledge' on page 2 undefined on
 input line 225.


Package natbib Warning: Citation `bradow2010germination' on page 2 undefined on
 input line 228.


Package natbib Warning: Citation `boman2005soil' on page 2 undefined on input l
ine 228.


Package natbib Warning: Citation `freeland2006agrometeorology' on page 2 undefi
ned on input line 228.


Package natbib Warning: Citation `boman2005soil' on page 2 undefined on input l
ine 228.

LaTeX Font Info:    Trying to load font information for OML+ptm on input line 2
40.
(C:\Users\tal12\AppData\Local\Programs\MiKTeX\tex/latex/psnfss\omlptm.fd
File: omlptm.fd 
)
LaTeX Font Info:    Font shape `OML/ptm/m/n' in size <10> not available
(Font)              Font shape `OML/cmm/m/it' tried instead on input line 240.


Package natbib Warning: Citation `skamarock2019description' on page 2 undefined
 on input line 250.


Package natbib Warning: Citation `cisl_rda_ds084.1' on page 2 undefined on inpu
t line 252.

[2]
<map10.pdf, id=17, 1127.21124pt x 909.3975pt>
File: map10.pdf Graphic file (type pdf)
<use map10.pdf>
Package pdftex.def Info: map10.pdf  used on input line 274.
(pdftex.def)             Requested size: 191.62337pt x 154.59552pt.


Package natbib Warning: Citation `pearl2009causality' on page 3 undefined on in
put line 293.

[3 <./map10.pdf>]

Package natbib Warning: Citation `wanjura1969emergence' on page 4 undefined on 
input line 320.


Package natbib Warning: Citation `bauer1998planting' on page 4 undefined on inp
ut line 320.


Package natbib Warning: Citation `bradow2010germination' on page 4 undefined on
 input line 320.


Package natbib Warning: Citation `eklundh2015timesat' on page 4 undefined on in
put line 323.


Package natbib Warning: Citation `dalezios2001cotton' on page 4 undefined on in
put line 323.


Package natbib Warning: Citation `zhao2007canopy' on page 4 undefined on input 
line 323.


Package natbib Warning: Citation `zhao2007canopy' on page 4 undefined on input 
line 323.


Package natbib Warning: Citation `virk2019physiological' on page 4 undefined on
 input line 323.


Package natbib Warning: Citation `casamitjana2020soil' on page 4 undefined on i
nput line 324.


Package natbib Warning: Citation `calder1982concept' on page 4 undefined on inp
ut line 328.


Package natbib Warning: Citation `huntington2021effect' on page 4 undefined on 
input line 328.


Package natbib Warning: Citation `virk2019physiological' on page 4 undefined on
 input line 331.


Package natbib Warning: Citation `boman2005soil' on page 4 undefined on input l
ine 331.


Package natbib Warning: Citation `varcosoil' on page 4 undefined on input line 
331.


Package natbib Warning: Citation `wanjura1969emergence' on page 4 undefined on 
input line 334.


Package natbib Warning: Citation `bradow2010germination' on page 4 undefined on
 input line 334.


Package natbib Warning: Citation `varcosoil' on page 4 undefined on input line 
337.


Package natbib Warning: Citation `ballabio2016mapping' on page 4 undefined on i
nput line 337.


Package natbib Warning: Citation `de2015map' on page 4 undefined on input line 
337.


Package natbib Warning: Citation `sniderseed' on page 4 undefined on input line
 338.


Package natbib Warning: Citation `liu2015early' on page 4 undefined on input li
ne 339.


Package natbib Warning: Citation `sniderseed' on page 4 undefined on input line
 339.


Package natbib Warning: Citation `green1956border' on page 4 undefined on input
 line 375.


Package natbib Warning: Citation `bange2004impact' on page 4 undefined on input
 line 375.


Package natbib Warning: Citation `hatfield2015temperature' on page 4 undefined 
on input line 375.


Package natbib Warning: Citation `dong2006yield' on page 4 undefined on input l
ine 376.


Package natbib Warning: Citation `bange2008managing' on page 4 undefined on inp
ut line 376.

[4]
<causal_graph_final.pdf, id=40, 1440.38126pt x 1191.45125pt>
File: causal_graph_final.pdf Graphic file (type pdf)
<use causal_graph_final.pdf>
Package pdftex.def Info: causal_graph_final.pdf  used on input line 384.
(pdftex.def)             Requested size: 239.10323pt x 197.78085pt.


Package natbib Warning: Citation `holland1986statistics' on page 5 undefined on
 input line 390.


Package natbib Warning: Citation `rosenbaum1983central' on page 5 undefined on 
input line 394.


Package natbib Warning: Citation `stuart2010matching' on page 5 undefined on in
put line 394.


Package natbib Warning: Citation `kunzel_metalearners_2019' on page 5 undefined
 on input line 394.


Package natbib Warning: Citation `sharma2020dowhy' on page 5 undefined on input
 line 398.


Package natbib Warning: Citation `cinelli2020making' on page 5 undefined on inp
ut line 398.


Package natbib Warning: Citation `diciccio1996bootstrap' on page 5 undefined on
 input line 398.


Package natbib Warning: Citation `sharma2020dowhy' on page 5 undefined on input
 line 434.


Package natbib Warning: Citation `chen2020causalml' on page 5 undefined on inpu
t line 434.

[5 <./causal_graph_final.pdf>]

Package natbib Warning: Citation `imbens2015causal' on page 6 undefined on inpu
t line 450.



pdfTeX warning: pdflatex (file ./propensites_ipw3.pdf): PDF inclusion: found PD
F version <1.7>, but at most version <1.5> allowed
<propensites_ipw3.pdf, id=55, 844.11362pt x 590.08455pt>
File: propensites_ipw3.pdf Graphic file (type pdf)
<use propensites_ipw3.pdf>
Package pdftex.def Info: propensites_ipw3.pdf  used on input line 456.
(pdftex.def)             Requested size: 189.93025pt x 132.7723pt.


pdfTeX warning: pdflatex (file ./boxes7_no_zero_line.pdf): PDF inclusion: found
 PDF version <1.7>, but at most version <1.5> allowed
<boxes7_no_zero_line.pdf, id=56, 759.58781pt x 503.63156pt>
File: boxes7_no_zero_line.pdf Graphic file (type pdf)
<use boxes7_no_zero_line.pdf>
Package pdftex.def Info: boxes7_no_zero_line.pdf  used on input line 462.
(pdftex.def)             Requested size: 227.8781pt x 151.09062pt.

Underfull \vbox (badness 1275) has occurred while \output is active []

 [6 <./propensites_ipw3.pdf> <./boxes7_no_zero_line.pdf>]

Package natbib Warning: Citation `pearl2009causality' on page 7 undefined on in
put line 481.


Package natbib Warning: Citation `marakas2003decision' on page 7 undefined on i
nput line 483.


Package natbib Warning: Citation `sutton2020overview' on page 7 undefined on in
put line 483.


Package natbib Warning: Citation `segura2014decision' on page 7 undefined on in
put line 483.


Package natbib Warning: Citation `martell2015review' on page 7 undefined on inp
ut line 483.

[7] [8

]
No file aaai23_changed.bbl.

Package natbib Warning: There were undefined citations.

(aaai23_changed.aux)
 ***********
LaTeX2e <2023-06-01> patch level 1
L3 programming layer <2023-08-29>
 ***********
 ) 
Here is how much of TeX's memory you used:
 6152 strings out of 475247
 100614 string characters out of 5757793
 1944785 words of memory out of 5000000
 27590 multiletter control sequences out of 15000+600000
 588069 words of font info for 99 fonts, out of 8000000 for 9000
 1141 hyphenation exceptions out of 8191
 57i,14n,65p,1750b,317s stack positions out of 10000i,1000n,20000p,200000b,200000s
<C:/Users/tal12/AppData/Local/Programs/MiKTeX/fonts/type1/public/amsfonts/cm/
cmex10.pfb><C:/Users/tal12/AppData/Local/Programs/MiKTeX/fonts/type1/public/ams
fonts/cm/cmmi10.pfb><C:/Users/tal12/AppData/Local/Programs/MiKTeX/fonts/type1/p
ublic/amsfonts/cm/cmmi7.pfb><C:/Users/tal12/AppData/Local/Programs/MiKTeX/fonts
/type1/public/amsfonts/cm/cmr10.pfb><C:/Users/tal12/AppData/Local/Programs/MiKT
eX/fonts/type1/public/amsfonts/cm/cmr7.pfb><C:/Users/tal12/AppData/Local/Progra
ms/MiKTeX/fonts/type1/public/amsfonts/cm/cmr9.pfb><C:/Users/tal12/AppData/Local
/Programs/MiKTeX/fonts/type1/public/amsfonts/cm/cmsy10.pfb><C:/Users/tal12/AppD
ata/Local/Programs/MiKTeX/fonts/type1/public/amsfonts/cm/cmsy7.pfb><C:/Users/ta
l12/AppData/Local/Programs/MiKTeX/fonts/type1/public/amsfonts/symbols/msbm10.pf
b><C:/Users/tal12/AppData/Local/Programs/MiKTeX/fonts/type1/urw/times/utmb8a.pf
b><C:/Users/tal12/AppData/Local/Programs/MiKTeX/fonts/type1/urw/times/utmr8a.pf
b><C:/Users/tal12/AppData/Local/Programs/MiKTeX/fonts/type1/urw/times/utmri8a.p
fb>
Output written on aaai23_changed.pdf (8 pages, 946429 bytes).
PDF statistics:
 126 PDF objects out of 1000 (max. 8388607)
 0 named destinations out of 1000 (max. 500000)
 21 words of extra memory for PDF output out of 10000 (max. 10000000)

