This is pdfTeX, Version 3.141592653-2.6-1.40.25 (MiKTeX 23.9) (preloaded format=pdflatex 2023.9.22)  30 MAR 2024 17:42
entering extended mode
 restricted \write18 enabled.
 %&-line parsing enabled.
**./main_changed.tex
(main_changed.tex
LaTeX2e <2023-06-01> patch level 1
L3 programming layer <2023-08-29>
(C:\Users\micha\AppData\Local\Programs\MiKTeX\tex/latex/base\article.cls
Document Class: article 2023/05/17 v1.4n Standard LaTeX document class
(C:\Users\micha\AppData\Local\Programs\MiKTeX\tex/latex/base\size10.clo
File: size10.clo 2023/05/17 v1.4n Standard LaTeX file (size option)
)
\c@part=\count185
\c@section=\count186
\c@subsection=\count187
\c@subsubsection=\count188
\c@paragraph=\count189
\c@subparagraph=\count190
\c@figure=\count191
\c@table=\count192
\abovecaptionskip=\skip48
\belowcaptionskip=\skip49
\bibindent=\dimen140
)
(aaai21.sty
Conference Style for AAAI for LaTeX 2e -- version for the AAAI-21 conference - 
MODIFIED
\titlebox=\skip50
) (C:\Users\micha\AppData\Local\Programs\MiKTeX\tex/latex/psnfss\times.sty
Package: times 2020/03/25 PSNFSS-v9.3 (SPQR) 
)
(C:\Users\micha\AppData\Local\Programs\MiKTeX\tex/latex/psnfss\helvet.sty
Package: helvet 2020/03/25 PSNFSS-v9.3 (WaS) 

(C:\Users\micha\AppData\Local\Programs\MiKTeX\tex/latex/graphics\keyval.sty
Package: keyval 2022/05/29 v1.15 key=value parser (DPC)
\KV@toks@=\toks17
))
(C:\Users\micha\AppData\Local\Programs\MiKTeX\tex/latex/psnfss\courier.sty
Package: courier 2020/03/25 PSNFSS-v9.3 (WaS) 
)
(C:\Users\micha\AppData\Local\Programs\MiKTeX\tex/latex/url\url.sty
\Urlmuskip=\muskip16
Package: url 2013/09/16  ver 3.4  Verb mode for urls, etc.
)
(C:\Users\micha\AppData\Local\Programs\MiKTeX\tex/latex/graphics\graphicx.sty
Package: graphicx 2021/09/16 v1.2d Enhanced LaTeX Graphics (DPC,SPQR)

(C:\Users\micha\AppData\Local\Programs\MiKTeX\tex/latex/graphics\graphics.sty
Package: graphics 2022/03/10 v1.4e Standard LaTeX Graphics (DPC,SPQR)

(C:\Users\micha\AppData\Local\Programs\MiKTeX\tex/latex/graphics\trig.sty
Package: trig 2021/08/11 v1.11 sin cos tan (DPC)
)
(C:\Users\micha\AppData\Local\Programs\MiKTeX\tex/latex/graphics-cfg\graphics.c
fg
File: graphics.cfg 2016/06/04 v1.11 sample graphics configuration
)
Package graphics Info: Driver file: pdftex.def on input line 107.

(C:\Users\micha\AppData\Local\Programs\MiKTeX\tex/latex/graphics-def\pdftex.def
File: pdftex.def 2022/09/22 v1.2b Graphics/color driver for pdftex
))
\Gin@req@height=\dimen141
\Gin@req@width=\dimen142
) (C:\Users\micha\AppData\Local\Programs\MiKTeX\tex/latex/natbib\natbib.sty
Package: natbib 2010/09/13 8.31b (PWD, AO)
\bibhang=\skip51
\bibsep=\skip52
LaTeX Info: Redefining \cite on input line 694.
\c@NAT@ctr=\count193
)
(C:\Users\micha\AppData\Local\Programs\MiKTeX\tex/latex/caption\caption.sty
Package: caption 2023/07/31 v3.6n Customizing captions (AR)

(C:\Users\micha\AppData\Local\Programs\MiKTeX\tex/latex/caption\caption3.sty
Package: caption3 2023/07/31 v2.4d caption3 kernel (AR)
\caption@tempdima=\dimen143
\captionmargin=\dimen144
\caption@leftmargin=\dimen145
\caption@rightmargin=\dimen146
\caption@width=\dimen147
\caption@indent=\dimen148
\caption@parindent=\dimen149
\caption@hangindent=\dimen150
Package caption Info: Standard document class detected.
)
\c@caption@flags=\count194
\c@continuedfloat=\count195
)
(C:\Users\micha\AppData\Local\Programs\MiKTeX\tex/latex/todonotes\todonotes.sty
Package: todonotes 2024/01/05 v1.1.7 Todonotes source and documentation.
Package: todonotes 2024/01/05
(C:\Users\micha\AppData\Local\Programs\MiKTeX\tex/latex/base\ifthen.sty
Package: ifthen 2022/04/13 v1.1d Standard LaTeX ifthen package (DPC)
)
(C:\Users\micha\AppData\Local\Programs\MiKTeX\tex/latex/xkeyval\xkeyval.sty
Package: xkeyval 2022/06/16 v2.9 package option processing (HA)

(C:\Users\micha\AppData\Local\Programs\MiKTeX\tex/generic/xkeyval\xkeyval.tex
(C:\Users\micha\AppData\Local\Programs\MiKTeX\tex/generic/xkeyval\xkvutils.tex
\XKV@toks=\toks18
\XKV@tempa@toks=\toks19
)
\XKV@depth=\count196
File: xkeyval.tex 2014/12/03 v2.7a key=value parser (HA)
)) (C:\Users\micha\AppData\Local\Programs\MiKTeX\tex/latex/xcolor\xcolor.sty
Package: xcolor 2022/06/12 v2.14 LaTeX color extensions (UK)

(C:\Users\micha\AppData\Local\Programs\MiKTeX\tex/latex/graphics-cfg\color.cfg
File: color.cfg 2016/01/02 v1.6 sample color configuration
)
Package xcolor Info: Driver file: pdftex.def on input line 227.
(C:\Users\micha\AppData\Local\Programs\MiKTeX\tex/latex/graphics\mathcolor.ltx)
Package xcolor Info: Model `cmy' substituted by `cmy0' on input line 1353.
Package xcolor Info: Model `hsb' substituted by `rgb' on input line 1357.
Package xcolor Info: Model `RGB' extended on input line 1369.
Package xcolor Info: Model `HTML' substituted by `rgb' on input line 1371.
Package xcolor Info: Model `Hsb' substituted by `hsb' on input line 1372.
Package xcolor Info: Model `tHsb' substituted by `hsb' on input line 1373.
Package xcolor Info: Model `HSB' substituted by `hsb' on input line 1374.
Package xcolor Info: Model `Gray' substituted by `gray' on input line 1375.
Package xcolor Info: Model `wave' substituted by `hsb' on input line 1376.
)
(C:\Users\micha\AppData\Local\Programs\MiKTeX\tex/latex/pgf/frontendlayer\tikz.
sty
(C:\Users\micha\AppData\Local\Programs\MiKTeX\tex/latex/pgf/basiclayer\pgf.sty
(C:\Users\micha\AppData\Local\Programs\MiKTeX\tex/latex/pgf/utilities\pgfrcs.st
y
(C:\Users\micha\AppData\Local\Programs\MiKTeX\tex/generic/pgf/utilities\pgfutil
-common.tex
\pgfutil@everybye=\toks20
\pgfutil@tempdima=\dimen151
\pgfutil@tempdimb=\dimen152
)
(C:\Users\micha\AppData\Local\Programs\MiKTeX\tex/generic/pgf/utilities\pgfutil
-latex.def
\pgfutil@abb=\box51
)
(C:\Users\micha\AppData\Local\Programs\MiKTeX\tex/generic/pgf/utilities\pgfrcs.
code.tex
(C:\Users\micha\AppData\Local\Programs\MiKTeX\tex/generic/pgf\pgf.revision.tex)
Package: pgfrcs 2023-01-15 v3.1.10 (3.1.10)
))
Package: pgf 2023-01-15 v3.1.10 (3.1.10)

(C:\Users\micha\AppData\Local\Programs\MiKTeX\tex/latex/pgf/basiclayer\pgfcore.
sty
(C:\Users\micha\AppData\Local\Programs\MiKTeX\tex/latex/pgf/systemlayer\pgfsys.
sty
(C:\Users\micha\AppData\Local\Programs\MiKTeX\tex/generic/pgf/systemlayer\pgfsy
s.code.tex
Package: pgfsys 2023-01-15 v3.1.10 (3.1.10)

(C:\Users\micha\AppData\Local\Programs\MiKTeX\tex/generic/pgf/utilities\pgfkeys
.code.tex
\pgfkeys@pathtoks=\toks21
\pgfkeys@temptoks=\toks22

(C:\Users\micha\AppData\Local\Programs\MiKTeX\tex/generic/pgf/utilities\pgfkeys
libraryfiltered.code.tex
\pgfkeys@tmptoks=\toks23
))
\pgf@x=\dimen153
\pgf@y=\dimen154
\pgf@xa=\dimen155
\pgf@ya=\dimen156
\pgf@xb=\dimen157
\pgf@yb=\dimen158
\pgf@xc=\dimen159
\pgf@yc=\dimen160
\pgf@xd=\dimen161
\pgf@yd=\dimen162
\w@pgf@writea=\write3
\r@pgf@reada=\read2
\c@pgf@counta=\count197
\c@pgf@countb=\count198
\c@pgf@countc=\count199
\c@pgf@countd=\count266
\t@pgf@toka=\toks24
\t@pgf@tokb=\toks25
\t@pgf@tokc=\toks26
\pgf@sys@id@count=\count267

(C:\Users\micha\AppData\Local\Programs\MiKTeX\tex/generic/pgf/systemlayer\pgf.c
fg
File: pgf.cfg 2023-01-15 v3.1.10 (3.1.10)
)
Driver file for pgf: pgfsys-pdftex.def

(C:\Users\micha\AppData\Local\Programs\MiKTeX\tex/generic/pgf/systemlayer\pgfsy
s-pdftex.def
File: pgfsys-pdftex.def 2023-01-15 v3.1.10 (3.1.10)

(C:\Users\micha\AppData\Local\Programs\MiKTeX\tex/generic/pgf/systemlayer\pgfsy
s-common-pdf.def
File: pgfsys-common-pdf.def 2023-01-15 v3.1.10 (3.1.10)
)))
(C:\Users\micha\AppData\Local\Programs\MiKTeX\tex/generic/pgf/systemlayer\pgfsy
ssoftpath.code.tex
File: pgfsyssoftpath.code.tex 2023-01-15 v3.1.10 (3.1.10)
\pgfsyssoftpath@smallbuffer@items=\count268
\pgfsyssoftpath@bigbuffer@items=\count269
)
(C:\Users\micha\AppData\Local\Programs\MiKTeX\tex/generic/pgf/systemlayer\pgfsy
sprotocol.code.tex
File: pgfsysprotocol.code.tex 2023-01-15 v3.1.10 (3.1.10)
))
(C:\Users\micha\AppData\Local\Programs\MiKTeX\tex/generic/pgf/basiclayer\pgfcor
e.code.tex
Package: pgfcore 2023-01-15 v3.1.10 (3.1.10)

(C:\Users\micha\AppData\Local\Programs\MiKTeX\tex/generic/pgf/math\pgfmath.code
.tex
(C:\Users\micha\AppData\Local\Programs\MiKTeX\tex/generic/pgf/math\pgfmathutil.
code.tex)
(C:\Users\micha\AppData\Local\Programs\MiKTeX\tex/generic/pgf/math\pgfmathparse
r.code.tex
\pgfmath@dimen=\dimen163
\pgfmath@count=\count270
\pgfmath@box=\box52
\pgfmath@toks=\toks27
\pgfmath@stack@operand=\toks28
\pgfmath@stack@operation=\toks29
)
(C:\Users\micha\AppData\Local\Programs\MiKTeX\tex/generic/pgf/math\pgfmathfunct
ions.code.tex)
(C:\Users\micha\AppData\Local\Programs\MiKTeX\tex/generic/pgf/math\pgfmathfunct
ions.basic.code.tex)
(C:\Users\micha\AppData\Local\Programs\MiKTeX\tex/generic/pgf/math\pgfmathfunct
ions.trigonometric.code.tex)
(C:\Users\micha\AppData\Local\Programs\MiKTeX\tex/generic/pgf/math\pgfmathfunct
ions.random.code.tex)
(C:\Users\micha\AppData\Local\Programs\MiKTeX\tex/generic/pgf/math\pgfmathfunct
ions.comparison.code.tex)
(C:\Users\micha\AppData\Local\Programs\MiKTeX\tex/generic/pgf/math\pgfmathfunct
ions.base.code.tex)
(C:\Users\micha\AppData\Local\Programs\MiKTeX\tex/generic/pgf/math\pgfmathfunct
ions.round.code.tex)
(C:\Users\micha\AppData\Local\Programs\MiKTeX\tex/generic/pgf/math\pgfmathfunct
ions.misc.code.tex)
(C:\Users\micha\AppData\Local\Programs\MiKTeX\tex/generic/pgf/math\pgfmathfunct
ions.integerarithmetics.code.tex)
(C:\Users\micha\AppData\Local\Programs\MiKTeX\tex/generic/pgf/math\pgfmathcalc.
code.tex)
(C:\Users\micha\AppData\Local\Programs\MiKTeX\tex/generic/pgf/math\pgfmathfloat
.code.tex
\c@pgfmathroundto@lastzeros=\count271
))
(C:\Users\micha\AppData\Local\Programs\MiKTeX\tex/generic/pgf/math\pgfint.code.
tex)
(C:\Users\micha\AppData\Local\Programs\MiKTeX\tex/generic/pgf/basiclayer\pgfcor
epoints.code.tex
File: pgfcorepoints.code.tex 2023-01-15 v3.1.10 (3.1.10)
\pgf@picminx=\dimen164
\pgf@picmaxx=\dimen165
\pgf@picminy=\dimen166
\pgf@picmaxy=\dimen167
\pgf@pathminx=\dimen168
\pgf@pathmaxx=\dimen169
\pgf@pathminy=\dimen170
\pgf@pathmaxy=\dimen171
\pgf@xx=\dimen172
\pgf@xy=\dimen173
\pgf@yx=\dimen174
\pgf@yy=\dimen175
\pgf@zx=\dimen176
\pgf@zy=\dimen177
)
(C:\Users\micha\AppData\Local\Programs\MiKTeX\tex/generic/pgf/basiclayer\pgfcor
epathconstruct.code.tex
File: pgfcorepathconstruct.code.tex 2023-01-15 v3.1.10 (3.1.10)
\pgf@path@lastx=\dimen178
\pgf@path@lasty=\dimen179
)
(C:\Users\micha\AppData\Local\Programs\MiKTeX\tex/generic/pgf/basiclayer\pgfcor
epathusage.code.tex
File: pgfcorepathusage.code.tex 2023-01-15 v3.1.10 (3.1.10)
\pgf@shorten@end@additional=\dimen180
\pgf@shorten@start@additional=\dimen181
)
(C:\Users\micha\AppData\Local\Programs\MiKTeX\tex/generic/pgf/basiclayer\pgfcor
escopes.code.tex
File: pgfcorescopes.code.tex 2023-01-15 v3.1.10 (3.1.10)
\pgfpic=\box53
\pgf@hbox=\box54
\pgf@layerbox@main=\box55
\pgf@picture@serial@count=\count272
)
(C:\Users\micha\AppData\Local\Programs\MiKTeX\tex/generic/pgf/basiclayer\pgfcor
egraphicstate.code.tex
File: pgfcoregraphicstate.code.tex 2023-01-15 v3.1.10 (3.1.10)
\pgflinewidth=\dimen182
)
(C:\Users\micha\AppData\Local\Programs\MiKTeX\tex/generic/pgf/basiclayer\pgfcor
etransformations.code.tex
File: pgfcoretransformations.code.tex 2023-01-15 v3.1.10 (3.1.10)
\pgf@pt@x=\dimen183
\pgf@pt@y=\dimen184
\pgf@pt@temp=\dimen185
)
(C:\Users\micha\AppData\Local\Programs\MiKTeX\tex/generic/pgf/basiclayer\pgfcor
equick.code.tex
File: pgfcorequick.code.tex 2023-01-15 v3.1.10 (3.1.10)
)
(C:\Users\micha\AppData\Local\Programs\MiKTeX\tex/generic/pgf/basiclayer\pgfcor
eobjects.code.tex
File: pgfcoreobjects.code.tex 2023-01-15 v3.1.10 (3.1.10)
)
(C:\Users\micha\AppData\Local\Programs\MiKTeX\tex/generic/pgf/basiclayer\pgfcor
epathprocessing.code.tex
File: pgfcorepathprocessing.code.tex 2023-01-15 v3.1.10 (3.1.10)
)
(C:\Users\micha\AppData\Local\Programs\MiKTeX\tex/generic/pgf/basiclayer\pgfcor
earrows.code.tex
File: pgfcorearrows.code.tex 2023-01-15 v3.1.10 (3.1.10)
\pgfarrowsep=\dimen186
)
(C:\Users\micha\AppData\Local\Programs\MiKTeX\tex/generic/pgf/basiclayer\pgfcor
eshade.code.tex
File: pgfcoreshade.code.tex 2023-01-15 v3.1.10 (3.1.10)
\pgf@max=\dimen187
\pgf@sys@shading@range@num=\count273
\pgf@shadingcount=\count274
)
(C:\Users\micha\AppData\Local\Programs\MiKTeX\tex/generic/pgf/basiclayer\pgfcor
eimage.code.tex
File: pgfcoreimage.code.tex 2023-01-15 v3.1.10 (3.1.10)
)
(C:\Users\micha\AppData\Local\Programs\MiKTeX\tex/generic/pgf/basiclayer\pgfcor
eexternal.code.tex
File: pgfcoreexternal.code.tex 2023-01-15 v3.1.10 (3.1.10)
\pgfexternal@startupbox=\box56
)
(C:\Users\micha\AppData\Local\Programs\MiKTeX\tex/generic/pgf/basiclayer\pgfcor
elayers.code.tex
File: pgfcorelayers.code.tex 2023-01-15 v3.1.10 (3.1.10)
)
(C:\Users\micha\AppData\Local\Programs\MiKTeX\tex/generic/pgf/basiclayer\pgfcor
etransparency.code.tex
File: pgfcoretransparency.code.tex 2023-01-15 v3.1.10 (3.1.10)
)
(C:\Users\micha\AppData\Local\Programs\MiKTeX\tex/generic/pgf/basiclayer\pgfcor
epatterns.code.tex
File: pgfcorepatterns.code.tex 2023-01-15 v3.1.10 (3.1.10)
)
(C:\Users\micha\AppData\Local\Programs\MiKTeX\tex/generic/pgf/basiclayer\pgfcor
erdf.code.tex
File: pgfcorerdf.code.tex 2023-01-15 v3.1.10 (3.1.10)
)))
(C:\Users\micha\AppData\Local\Programs\MiKTeX\tex/generic/pgf/modules\pgfmodule
shapes.code.tex
File: pgfmoduleshapes.code.tex 2023-01-15 v3.1.10 (3.1.10)
\pgfnodeparttextbox=\box57
)
(C:\Users\micha\AppData\Local\Programs\MiKTeX\tex/generic/pgf/modules\pgfmodule
plot.code.tex
File: pgfmoduleplot.code.tex 2023-01-15 v3.1.10 (3.1.10)
)
(C:\Users\micha\AppData\Local\Programs\MiKTeX\tex/latex/pgf/compatibility\pgfco
mp-version-0-65.sty
Package: pgfcomp-version-0-65 2023-01-15 v3.1.10 (3.1.10)
\pgf@nodesepstart=\dimen188
\pgf@nodesepend=\dimen189
)
(C:\Users\micha\AppData\Local\Programs\MiKTeX\tex/latex/pgf/compatibility\pgfco
mp-version-1-18.sty
Package: pgfcomp-version-1-18 2023-01-15 v3.1.10 (3.1.10)
))
(C:\Users\micha\AppData\Local\Programs\MiKTeX\tex/latex/pgf/utilities\pgffor.st
y
(C:\Users\micha\AppData\Local\Programs\MiKTeX\tex/latex/pgf/utilities\pgfkeys.s
ty
(C:\Users\micha\AppData\Local\Programs\MiKTeX\tex/generic/pgf/utilities\pgfkeys
.code.tex))
(C:\Users\micha\AppData\Local\Programs\MiKTeX\tex/latex/pgf/math\pgfmath.sty
(C:\Users\micha\AppData\Local\Programs\MiKTeX\tex/generic/pgf/math\pgfmath.code
.tex))
(C:\Users\micha\AppData\Local\Programs\MiKTeX\tex/generic/pgf/utilities\pgffor.
code.tex
Package: pgffor 2023-01-15 v3.1.10 (3.1.10)
\pgffor@iter=\dimen190
\pgffor@skip=\dimen191
\pgffor@stack=\toks30
\pgffor@toks=\toks31
))
(C:\Users\micha\AppData\Local\Programs\MiKTeX\tex/generic/pgf/frontendlayer/tik
z\tikz.code.tex
Package: tikz 2023-01-15 v3.1.10 (3.1.10)

(C:\Users\micha\AppData\Local\Programs\MiKTeX\tex/generic/pgf/libraries\pgflibr
aryplothandlers.code.tex
File: pgflibraryplothandlers.code.tex 2023-01-15 v3.1.10 (3.1.10)
\pgf@plot@mark@count=\count275
\pgfplotmarksize=\dimen192
)
\tikz@lastx=\dimen193
\tikz@lasty=\dimen194
\tikz@lastxsaved=\dimen195
\tikz@lastysaved=\dimen196
\tikz@lastmovetox=\dimen197
\tikz@lastmovetoy=\dimen198
\tikzleveldistance=\dimen199
\tikzsiblingdistance=\dimen256
\tikz@figbox=\box58
\tikz@figbox@bg=\box59
\tikz@tempbox=\box60
\tikz@tempbox@bg=\box61
\tikztreelevel=\count276
\tikznumberofchildren=\count277
\tikznumberofcurrentchild=\count278
\tikz@fig@count=\count279

(C:\Users\micha\AppData\Local\Programs\MiKTeX\tex/generic/pgf/modules\pgfmodule
matrix.code.tex
File: pgfmodulematrix.code.tex 2023-01-15 v3.1.10 (3.1.10)
\pgfmatrixcurrentrow=\count280
\pgfmatrixcurrentcolumn=\count281
\pgf@matrix@numberofcolumns=\count282
)
\tikz@expandcount=\count283

(C:\Users\micha\AppData\Local\Programs\MiKTeX\tex/generic/pgf/frontendlayer/tik
z/libraries\tikzlibrarytopaths.code.tex
File: tikzlibrarytopaths.code.tex 2023-01-15 v3.1.10 (3.1.10)
)))
(C:\Users\micha\AppData\Local\Programs\MiKTeX\tex/generic/pgf/frontendlayer/tik
z/libraries\tikzlibrarypositioning.code.tex
File: tikzlibrarypositioning.code.tex 2023-01-15 v3.1.10 (3.1.10)
)
(C:\Users\micha\AppData\Local\Programs\MiKTeX\tex/latex/tools\calc.sty
Package: calc 2017/05/25 v4.3 Infix arithmetic (KKT,FJ)
\calc@Acount=\count284
\calc@Bcount=\count285
\calc@Adimen=\dimen257
\calc@Bdimen=\dimen258
\calc@Askip=\skip53
\calc@Bskip=\skip54
LaTeX Info: Redefining \setlength on input line 80.
LaTeX Info: Redefining \addtolength on input line 81.
\calc@Ccount=\count286
\calc@Cskip=\skip55
)
\c@@todonotes@numberoftodonotes=\count287
)
(C:\Users\micha\AppData\Local\Programs\MiKTeX\tex/latex/tools\multicol.sty
Package: multicol 2023/03/30 v1.9f multicolumn formatting (FMi)
\c@tracingmulticols=\count288
\mult@box=\box62
\multicol@leftmargin=\dimen259
\c@unbalance=\count289
\c@collectmore=\count290
\doublecol@number=\count291
\multicoltolerance=\count292
\multicolpretolerance=\count293
\full@width=\dimen260
\page@free=\dimen261
\premulticols=\dimen262
\postmulticols=\dimen263
\multicolsep=\skip56
\multicolbaselineskip=\skip57
\partial@page=\box63
\last@line=\box64
\mc@boxedresult=\box65
\maxbalancingoverflow=\dimen264
\mult@rightbox=\box66
\mult@grightbox=\box67
\mult@firstbox=\box68
\mult@gfirstbox=\box69
\@tempa=\box70
\@tempa=\box71
\@tempa=\box72
\@tempa=\box73
\@tempa=\box74
\@tempa=\box75
\@tempa=\box76
\@tempa=\box77
\@tempa=\box78
\@tempa=\box79
\@tempa=\box80
\@tempa=\box81
\@tempa=\box82
\@tempa=\box83
\@tempa=\box84
\@tempa=\box85
\@tempa=\box86
\@tempa=\box87
\@tempa=\box88
\@tempa=\box89
\@tempa=\box90
\@tempa=\box91
\@tempa=\box92
\@tempa=\box93
\@tempa=\box94
\@tempa=\box95
\@tempa=\box96
\@tempa=\box97
\@tempa=\box98
\@tempa=\box99
\@tempa=\box100
\@tempa=\box101
\@tempa=\box102
\@tempa=\box103
\@tempa=\box104
\@tempa=\box105
\c@minrows=\count294
\c@columnbadness=\count295
\c@finalcolumnbadness=\count296
\last@try=\dimen265
\multicolovershoot=\dimen266
\multicolundershoot=\dimen267
\mult@nat@firstbox=\box106
\colbreak@box=\box107
\mc@col@check@num=\count297
)
(C:\Users\micha\AppData\Local\Programs\MiKTeX\tex/latex/multirow\multirow.sty
Package: multirow 2021/03/15 v2.8 Span multiple rows of a table
\multirow@colwidth=\skip58
\multirow@cntb=\count298
\multirow@dima=\skip59
\bigstrutjot=\dimen268
)
(C:\Users\micha\AppData\Local\Programs\MiKTeX\tex/latex/subfig\subfig.sty
Package: subfig 2005/06/28 ver: 1.3 subfig package
\c@KVtest=\count299
\sf@farskip=\skip60
\sf@captopadj=\dimen269
\sf@capskip=\skip61
\sf@nearskip=\skip62
\c@subfigure=\count300
\c@subfigure@save=\count301
\c@lofdepth=\count302
\c@subtable=\count303
\c@subtable@save=\count304
\c@lotdepth=\count305
\sf@top=\skip63
\sf@bottom=\skip64
)
(C:\Users\micha\AppData\Local\Programs\MiKTeX\tex/latex/mathtools\mathtools.sty
Package: mathtools 2022/06/29 v1.29 mathematical typesetting tools
(C:\Users\micha\AppData\Local\Programs\MiKTeX\tex/latex/mathtools\mhsetup.sty
Package: mhsetup 2021/03/18 v1.4 programming setup (MH)
)
(C:\Users\micha\AppData\Local\Programs\MiKTeX\tex/latex/amsmath\amsmath.sty
Package: amsmath 2023/05/13 v2.17o AMS math features
\@mathmargin=\skip65

For additional information on amsmath, use the `?' option.
(C:\Users\micha\AppData\Local\Programs\MiKTeX\tex/latex/amsmath\amstext.sty
Package: amstext 2021/08/26 v2.01 AMS text

(C:\Users\micha\AppData\Local\Programs\MiKTeX\tex/latex/amsmath\amsgen.sty
File: amsgen.sty 1999/11/30 v2.0 generic functions
\@emptytoks=\toks32
\ex@=\dimen270
))
(C:\Users\micha\AppData\Local\Programs\MiKTeX\tex/latex/amsmath\amsbsy.sty
Package: amsbsy 1999/11/29 v1.2d Bold Symbols
\pmbraise@=\dimen271
)
(C:\Users\micha\AppData\Local\Programs\MiKTeX\tex/latex/amsmath\amsopn.sty
Package: amsopn 2022/04/08 v2.04 operator names
)
\inf@bad=\count306
LaTeX Info: Redefining \frac on input line 234.
\uproot@=\count307
\leftroot@=\count308
LaTeX Info: Redefining \overline on input line 399.
LaTeX Info: Redefining \colon on input line 410.
\classnum@=\count309
\DOTSCASE@=\count310
LaTeX Info: Redefining \ldots on input line 496.
LaTeX Info: Redefining \dots on input line 499.
LaTeX Info: Redefining \cdots on input line 620.
\Mathstrutbox@=\box108
\strutbox@=\box109
LaTeX Info: Redefining \big on input line 722.
LaTeX Info: Redefining \Big on input line 723.
LaTeX Info: Redefining \bigg on input line 724.
LaTeX Info: Redefining \Bigg on input line 725.
\big@size=\dimen272
LaTeX Font Info:    Redeclaring font encoding OML on input line 743.
LaTeX Font Info:    Redeclaring font encoding OMS on input line 744.
\macc@depth=\count311
LaTeX Info: Redefining \bmod on input line 905.
LaTeX Info: Redefining \pmod on input line 910.
LaTeX Info: Redefining \smash on input line 940.
LaTeX Info: Redefining \relbar on input line 970.
LaTeX Info: Redefining \Relbar on input line 971.
\c@MaxMatrixCols=\count312
\dotsspace@=\muskip17
\c@parentequation=\count313
\dspbrk@lvl=\count314
\tag@help=\toks33
\row@=\count315
\column@=\count316
\maxfields@=\count317
\andhelp@=\toks34
\eqnshift@=\dimen273
\alignsep@=\dimen274
\tagshift@=\dimen275
\tagwidth@=\dimen276
\totwidth@=\dimen277
\lineht@=\dimen278
\@envbody=\toks35
\multlinegap=\skip66
\multlinetaggap=\skip67
\mathdisplay@stack=\toks36
LaTeX Info: Redefining \[ on input line 2953.
LaTeX Info: Redefining \] on input line 2954.
)
\g_MT_multlinerow_int=\count318
\l_MT_multwidth_dim=\dimen279
\origjot=\skip68
\l_MT_shortvdotswithinadjustabove_dim=\dimen280
\l_MT_shortvdotswithinadjustbelow_dim=\dimen281
\l_MT_above_intertext_sep=\dimen282
\l_MT_below_intertext_sep=\dimen283
\l_MT_above_shortintertext_sep=\dimen284
\l_MT_below_shortintertext_sep=\dimen285
\xmathstrut@box=\box110
\xmathstrut@dim=\dimen286
)
(fixbib.sty
Named Citation Style, version of 30 November 1994
) (C:\Users\micha\AppData\Local\Programs\MiKTeX\tex/latex/tools\bm.sty
Package: bm 2022/01/05 v1.2f Bold Symbol Support (DPC/FMi)
\symboldoperators=\mathgroup4
\symboldletters=\mathgroup5
\symboldsymbols=\mathgroup6
Package bm Info: No bold for \OMX/cmex/m/n, using \pmb.
LaTeX Font Info:    Redeclaring math alphabet \mathbf on input line 149.
)
(C:\Users\micha\AppData\Local\Programs\MiKTeX\tex/latex/amsfonts\amssymb.sty
Package: amssymb 2013/01/14 v3.01 AMS font symbols

(C:\Users\micha\AppData\Local\Programs\MiKTeX\tex/latex/amsfonts\amsfonts.sty
Package: amsfonts 2013/01/14 v3.01 Basic AMSFonts support
\symAMSa=\mathgroup7
\symAMSb=\mathgroup8
LaTeX Font Info:    Redeclaring math symbol \hbar on input line 98.
LaTeX Font Info:    Overwriting math alphabet `\mathfrak' in version `bold'
(Font)                  U/euf/m/n --> U/euf/b/n on input line 106.
)) (C:\Users\micha\AppData\Local\Programs\MiKTeX\tex/latex/booktabs\booktabs.st
y
Package: booktabs 2020/01/12 v1.61803398 Publication quality tables
\heavyrulewidth=\dimen287
\lightrulewidth=\dimen288
\cmidrulewidth=\dimen289
\belowrulesep=\dimen290
\belowbottomsep=\dimen291
\aboverulesep=\dimen292
\abovetopsep=\dimen293
\cmidrulesep=\dimen294
\cmidrulekern=\dimen295
\defaultaddspace=\dimen296
\@cmidla=\count319
\@cmidlb=\count320
\@aboverulesep=\dimen297
\@belowrulesep=\dimen298
\@thisruleclass=\count321
\@lastruleclass=\count322
\@thisrulewidth=\dimen299
)
(C:\Users\micha\AppData\Local\Programs\MiKTeX\tex/latex/threeparttable\threepar
ttable.sty
Package: threeparttable 2003/06/13  v 3.0
\@tempboxb=\box111
)
(C:\Users\micha\AppData\Local\Programs\MiKTeX\tex/latex/tools\array.sty
Package: array 2022/09/04 v2.5g Tabular extension package (FMi)
\col@sep=\dimen300
\ar@mcellbox=\box112
\extrarowheight=\dimen301
\NC@list=\toks37
\extratabsurround=\skip69
\backup@length=\skip70
\ar@cellbox=\box113
)
LaTeX Font Info:    Trying to load font information for OT1+ptm on input line 1
20.

(C:\Users\micha\AppData\Local\Programs\MiKTeX\tex/latex/psnfss\ot1ptm.fd
File: ot1ptm.fd 2001/06/04 font definitions for OT1/ptm.
)
(C:\Users\micha\AppData\Local\Programs\MiKTeX\tex/latex/l3backend\l3backend-pdf
tex.def
File: l3backend-pdftex.def 2023-04-19 L3 backend support: PDF output (pdfTeX)
\l__color_backend_stack_int=\count323
\l__pdf_internal_box=\box114
) (main_changed.aux)
\openout1 = `main_changed.aux'.

LaTeX Font Info:    Checking defaults for OML/cmm/m/it on input line 120.
LaTeX Font Info:    ... okay on input line 120.
LaTeX Font Info:    Checking defaults for OMS/cmsy/m/n on input line 120.
LaTeX Font Info:    ... okay on input line 120.
LaTeX Font Info:    Checking defaults for OT1/cmr/m/n on input line 120.
LaTeX Font Info:    ... okay on input line 120.
LaTeX Font Info:    Checking defaults for T1/cmr/m/n on input line 120.
LaTeX Font Info:    ... okay on input line 120.
LaTeX Font Info:    Checking defaults for TS1/cmr/m/n on input line 120.
LaTeX Font Info:    ... okay on input line 120.
LaTeX Font Info:    Checking defaults for OMX/cmex/m/n on input line 120.
LaTeX Font Info:    ... okay on input line 120.
LaTeX Font Info:    Checking defaults for U/cmr/m/n on input line 120.
LaTeX Font Info:    ... okay on input line 120.

(C:\Users\micha\AppData\Local\Programs\MiKTeX\tex/context/base/mkii\supp-pdf.mk
ii
[Loading MPS to PDF converter (version 2006.09.02).]
\scratchcounter=\count324
\scratchdimen=\dimen302
\scratchbox=\box115
\nofMPsegments=\count325
\nofMParguments=\count326
\everyMPshowfont=\toks38
\MPscratchCnt=\count327
\MPscratchDim=\dimen303
\MPnumerator=\count328
\makeMPintoPDFobject=\count329
\everyMPtoPDFconversion=\toks39
)
(C:\Users\micha\AppData\Local\Programs\MiKTeX\tex/latex/epstopdf-pkg\epstopdf-b
ase.sty
Package: epstopdf-base 2020-01-24 v2.11 Base part for package epstopdf
Package epstopdf-base Info: Redefining graphics rule for `.eps' on input line 4
85.

(C:\Users\micha\AppData\Local\Programs\MiKTeX\tex/latex/00miktex\epstopdf-sys.c
fg
File: epstopdf-sys.cfg 2021/03/18 v2.0 Configuration of epstopdf for MiKTeX
))
Package caption Info: Begin \AtBeginDocument code.
Package caption Info: subfig package v1.3 is loaded.
Package caption Info: threeparttable package is loaded.
Package caption Info: End \AtBeginDocument code.
\titlearea=\box116
LaTeX Font Info:    Trying to load font information for U+msa on input line 122
.
 (C:\Users\micha\AppData\Local\Programs\MiKTeX\tex/latex/amsfonts\umsa.fd
File: umsa.fd 2013/01/14 v3.01 AMS symbols A
)
LaTeX Font Info:    Trying to load font information for U+msb on input line 122
.

(C:\Users\micha\AppData\Local\Programs\MiKTeX\tex/latex/amsfonts\umsb.fd
File: umsb.fd 2013/01/14 v3.01 AMS symbols B
)
LaTeX Font Info:    Trying to load font information for OMS+ptm on input line 1
22.

(C:\Users\micha\AppData\Local\Programs\MiKTeX\tex/latex/psnfss\omsptm.fd
File: omsptm.fd 
)
LaTeX Font Info:    Font shape `OMS/ptm/m/n' in size <10> not available
(Font)              Font shape `OMS/cmsy/m/n' tried instead on input line 122.
\actualheight=\skip71

Overfull \hbox (2.5pt too wide) in paragraph at lines 122--122
[][] 
 []


Underfull \vbox (badness 10000) detected at line 122
 []

LaTeX Font Info:    Trying to load font information for TS1+ptm on input line 1
22.
(C:\Users\micha\AppData\Local\Programs\MiKTeX\tex/latex/psnfss\ts1ptm.fd
File: ts1ptm.fd 2001/06/04 font definitions for TS1/ptm.
)
Underfull \hbox (badness 2443) in paragraph at lines 125--126
[]\OT1/ptm/m/n/9 Real-life ap-pli-ca-tions, heav-ily re-ly-ing on ma-chine
 []


Underfull \hbox (badness 2409) in paragraph at lines 125--126
\OT1/ptm/m/n/9 learn-ing, such as di-a-log sys-tems, de-mand out-of-
 []


Package natbib Warning: Citation `ll_ratio_nlp_facebook' on page 1 undefined on
 input line 141.


Package natbib Warning: Citation `larson2019evaluation' on page 1 undefined on 
input line 141.


Package natbib Warning: Citation `zheng2020out' on page 1 undefined on input li
ne 141.


Package natbib Warning: Citation `Hendrycks2020PretrainedTI' on page 1 undefine
d on input line 143.

[1{C:/Users/micha/AppData/Local/MiKTeX/fonts/map/pdftex/pdftex.map}{C:/Users/mi
cha/AppData/Local/Programs/MiKTeX/fonts/enc/dvips/base/8r.enc}



]

Package natbib Warning: Citation `larson2019evaluation' on page 2 undefined on 
input line 162.


Package natbib Warning: Citation `kamath2020selective' on page 2 undefined on i
nput line 163.


Package natbib Warning: Citation `hendrycks2018deep_OE' on page 2 undefined on 
input line 163.


Package natbib Warning: Citation `rostd_indomain' on page 2 undefined on input 
line 165.


Package natbib Warning: Citation `msp' on page 2 undefined on input line 169.


Package natbib Warning: Citation `odin' on page 2 undefined on input line 169.


Package natbib Warning: Citation `yilmaz2020kloos' on page 2 undefined on input
 line 169.


Package natbib Warning: Citation `nalisnick2018do' on page 2 undefined on input
 line 172.


Package natbib Warning: Citation `ll_ratio_google' on page 2 undefined on input
 line 172.


Package natbib Warning: Citation `zheng2020out' on page 2 undefined on input li
ne 172.


Package natbib Warning: Citation `Mandelbaum2017DistancebasedCS' on page 2 unde
fined on input line 174.


Package natbib Warning: Citation `Gu2019StatisticalAO' on page 2 undefined on i
nput line 174.


Package natbib Warning: Citation `Lee2018ASU' on page 2 undefined on input line
 174.


Package natbib Warning: Citation `NIPS2018_7936' on page 2 undefined on input l
ine 177.


Package natbib Warning: Citation `blundell2015weight' on page 2 undefined on in
put line 177.


Package natbib Warning: Citation `ghosal2018investigating' on page 2 undefined 
on input line 177.


Package natbib Warning: Citation `tan2019out' on page 2 undefined on input line
 177.


Package natbib Warning: Citation `msp' on page 2 undefined on input line 197.


Package natbib Warning: Citation `ll_ratio_nlp_facebook' on page 2 undefined on
 input line 197.


Package natbib Warning: Citation `de2000mahalanobis' on page 2 undefined on inp
ut line 197.


Package natbib Warning: Citation `msp' on page 2 undefined on input line 200.


Package natbib Warning: Citation `odin' on page 2 undefined on input line 207.


Package natbib Warning: Citation `ll_ratio_nlp_facebook' on page 2 undefined on
 input line 212.


Package natbib Warning: Citation `Lee2018ASU' on page 2 undefined on input line
 221.

[2]

Package natbib Warning: Citation `clinc150' on page 3 undefined on input line 2
44.


Package natbib Warning: Citation `rostd_indomain' on page 3 undefined on input 
line 246.


Package natbib Warning: Citation `ll_ratio_nlp_facebook' on page 3 undefined on
 input line 246.


Package natbib Warning: Citation `ll_ratio_nlp_facebook' on page 3 undefined on
 input line 246.


Package natbib Warning: Citation `intent_detection_margin_loss' on page 3 undef
ined on input line 249.


Package natbib Warning: Citation `haris_bow' on page 3 undefined on input line 
278.


Underfull \hbox (badness 1590) in paragraph at lines 278--279
[]\OT1/ptm/b/n/10 Bag-of-words. \OT1/ptm/m/n/10 We use the bag-of-words model (
\OT1/ptm/b/n/10 ?\OT1/ptm/m/n/10 ),
 []


Package natbib Warning: Citation `pennington2014glove' on page 3 undefined on i
nput line 280.


Package natbib Warning: Citation `zheng2020out' on page 3 undefined on input li
ne 280.


Package natbib Warning: Citation `devlin2019bert' on page 3 undefined on input 
line 282.


Package natbib Warning: Citation `liu2019roberta' on page 3 undefined on input 
line 282.


Package natbib Warning: Citation `sanh2019distilbert' on page 3 undefined on in
put line 282.


Underfull \hbox (badness 1466) in paragraph at lines 282--283
\OT1/ptm/m/n/10 based mod-els (\OT1/ptm/b/n/10 ?\OT1/ptm/m/n/10 ), which are pr
e-trained Trans-form-ers,
 []


Package natbib Warning: Citation `paszke2019pytorch' on page 3 undefined on inp
ut line 285.


Package natbib Warning: Citation `falcon2019pytorch' on page 3 undefined on inp
ut line 285.


Package natbib Warning: Citation `wolf2019huggingface' on page 3 undefined on i
nput line 285.


Package natbib Warning: Citation `liu2020simple' on page 3 undefined on input l
ine 360.


Package natbib Warning: Citation `ll_ratio_nlp_facebook' on page 3 undefined on
 input line 378.


Package natbib Warning: Citation `zheng2020out' on page 3 undefined on input li
ne 378.


Package natbib Warning: Citation `liu2020simple' on page 3 undefined on input l
ine 391.


Package natbib Warning: Citation `ll_ratio_nlp_facebook' on page 3 undefined on
 input line 393.

[3]
Underfull \vbox (badness 10000) has occurred while \output is active []


Underfull \hbox (badness 10000) in paragraph at lines 418--419
[]\OT1/ptm/m/n/10 Mislabeled in-stances cause top er-rors made for
 []


Underfull \hbox (badness 1571) in paragraph at lines 418--419
\OT1/ptm/m/n/10 CLINC150, e.g. \OT1/ptm/m/it/10 give me the weather fore-cast f
or to-
 []

[4]
<roberta_train_features_tsne.png, id=33, 350.5095pt x 178.0251pt>
File: roberta_train_features_tsne.png Graphic file (type png)
<use roberta_train_features_tsne.png>
Package pdftex.def Info: roberta_train_features_tsne.png  used on input line 43
4.
(pdftex.def)             Requested size: 239.39438pt x 121.59059pt.
<images/aupr_clinc_rostd.pdf, id=35, 606.265pt x 380.42125pt>
File: images/aupr_clinc_rostd.pdf Graphic file (type pdf)
<use images/aupr_clinc_rostd.pdf>
Package pdftex.def Info: images/aupr_clinc_rostd.pdf  used on input line 441.
(pdftex.def)             Requested size: 227.62204pt x 142.83174pt.

Underfull \hbox (badness 1194) in paragraph at lines 442--442
[]\OT1/ptm/m/n/10 Figure 2: |Com-par-i-son of mod-els of dif-fer-ent sizes on
 []


Package natbib Warning: Citation `hendrycks_pretraining19' on page 5 undefined 
on input line 451.


Package natbib Warning: Citation `orhan2019robustness' on page 5 undefined on i
nput line 451.


Package natbib Warning: Citation `Hendrycks2020PretrainedTI' on page 5 undefine
d on input line 451.

<v2_hm_roberta_no_pretrain_no_finetune.png, id=36, 501.875pt x 351.3125pt>
File: v2_hm_roberta_no_pretrain_no_finetune.png Graphic file (type png)
<use v2_hm_roberta_no_pretrain_no_finetune.png>
Package pdftex.def Info: v2_hm_roberta_no_pretrain_no_finetune.png  used on inp
ut line 460.
(pdftex.def)             Requested size: 156.49014pt x 109.54366pt.
<v2_hm_roberta_pretrain_finetune.png, id=37, 501.875pt x 351.3125pt>
File: v2_hm_roberta_pretrain_finetune.png Graphic file (type png)
<use v2_hm_roberta_pretrain_finetune.png>
Package pdftex.def Info: v2_hm_roberta_pretrain_finetune.png  used on input lin
e 462.
(pdftex.def)             Requested size: 156.49014pt x 109.54366pt.
<v2_hm_cnn.png, id=38, 501.875pt x 351.3125pt>
File: v2_hm_cnn.png Graphic file (type png)
<use v2_hm_cnn.png>
Package pdftex.def Info: v2_hm_cnn.png  used on input line 464.
(pdftex.def)             Requested size: 156.49014pt x 109.54366pt.
[5 <./roberta_train_features_tsne.png> <./images/aupr_clinc_rostd.pdf

pdfTeX warning: pdflatex (file ./images/aupr_clinc_rostd.pdf): PDF inclusion: i
nvalid other resource which is no dict (key 'ProcSets', type <array>); ignored.

>]

Package natbib Warning: Citation `Kamoi2020WhyIT' on page 6 undefined on input 
line 493.


Package natbib Warning: Citation `Kamoi2020WhyIT' on page 6 undefined on input 
line 511.


Underfull \hbox (badness 3407) in paragraph at lines 511--512
[]\OT1/ptm/b/n/10 ? \OT1/ptm/m/n/10 in-tro-duced two mod-i-fi-ca-tions of Eq. 5
[], namely,
 []


Package natbib Warning: Citation `murphy2012machine' on page 6 undefined on inp
ut line 533.


Underfull \hbox (badness 3838) in paragraph at lines 532--536
[]\OT1/ptm/b/n/10 Mahalanobis dis-tance can ef-fi-ciently uti-lize low-
 []

<images/roberta_aupr_clinc_snips.pdf, id=55, 597.23125pt x 845.1575pt>
File: images/roberta_aupr_clinc_snips.pdf Graphic file (type pdf)
<use images/roberta_aupr_clinc_snips.pdf>
Package pdftex.def Info: images/roberta_aupr_clinc_snips.pdf  used on input lin
e 547.
(pdftex.def)             Requested size: 213.39566pt x 301.98676pt.
<aupr_clinc_diff_sizes.pdf, id=56, 451.6875pt x 225.7233pt>
File: aupr_clinc_diff_sizes.pdf Graphic file (type pdf)
<use aupr_clinc_diff_sizes.pdf>
Package pdftex.def Info: aupr_clinc_diff_sizes.pdf  used on input line 570.
(pdftex.def)             Requested size: 227.62204pt x 113.75342pt.
[6 <./v2_hm_roberta_no_pretrain_no_finetune.png> <./v2_hm_roberta_pretrain_fine
tune.png> <./v2_hm_cnn.png>]

Package natbib Warning: Citation `reimers2019sentence' on page 7 undefined on i
nput line 577.

No file main_changed.bbl.

Underfull \hbox (badness 2205) in paragraph at lines 586--589
[]\OT1/ptm/m/n/10 Rerum earum per-spi-ci-atis mag-nam, autem esse do-
 []


Underfull \hbox (badness 2285) in paragraph at lines 586--589
\OT1/ptm/m/n/10 at con-se-quatur, il-lum magni eos mo-les-tias re-rum sed
 []

[7 <./images/roberta_aupr_clinc_snips.pdf> <./aupr_clinc_diff_sizes.pdf>]

Package natbib Warning: There were undefined citations.

[8

] (main_changed.aux)
 ***********
LaTeX2e <2023-06-01> patch level 1
L3 programming layer <2023-08-29>
 ***********
 ) 
Here is how much of TeX's memory you used:
 16977 strings out of 475247
 338018 string characters out of 5757792
 1953801 words of memory out of 5000000
 38164 multiletter control sequences out of 15000+600000
 590832 words of font info for 115 fonts, out of 8000000 for 9000
 1141 hyphenation exceptions out of 8191
 99i,17n,101p,2013b,523s stack positions out of 10000i,1000n,20000p,200000b,200000s
<C:/Users/micha/AppData/Local/Programs/MiKTeX/fonts/type1/public/amsfonts/cm/
cmbsy10.pfb><C:/Users/micha/AppData/Local/Programs/MiKTeX/fonts/type1/public/am
sfonts/cm/cmbx10.pfb><C:/Users/micha/AppData/Local/Programs/MiKTeX/fonts/type1/
public/amsfonts/cm/cmbx7.pfb><C:/Users/micha/AppData/Local/Programs/MiKTeX/font
s/type1/public/amsfonts/cm/cmex10.pfb><C:/Users/micha/AppData/Local/Programs/Mi
KTeX/fonts/type1/public/amsfonts/cm/cmmi10.pfb><C:/Users/micha/AppData/Local/Pr
ograms/MiKTeX/fonts/type1/public/amsfonts/cm/cmmi5.pfb><C:/Users/micha/AppData/
Local/Programs/MiKTeX/fonts/type1/public/amsfonts/cm/cmmi7.pfb><C:/Users/micha/
AppData/Local/Programs/MiKTeX/fonts/type1/public/amsfonts/cm/cmmib10.pfb><C:/Us
ers/micha/AppData/Local/Programs/MiKTeX/fonts/type1/public/amsfonts/cm/cmr10.pf
b><C:/Users/micha/AppData/Local/Programs/MiKTeX/fonts/type1/public/amsfonts/cm/
cmr5.pfb><C:/Users/micha/AppData/Local/Programs/MiKTeX/fonts/type1/public/amsfo
nts/cm/cmr7.pfb><C:/Users/micha/AppData/Local/Programs/MiKTeX/fonts/type1/publi
c/amsfonts/cm/cmr9.pfb><C:/Users/micha/AppData/Local/Programs/MiKTeX/fonts/type
1/public/amsfonts/cm/cmsy10.pfb><C:/Users/micha/AppData/Local/Programs/MiKTeX/f
onts/type1/public/amsfonts/cm/cmsy7.pfb><C:/Users/micha/AppData/Local/Programs/
MiKTeX/fonts/type1/public/amsfonts/symbols/msbm10.pfb><C:/Users/micha/AppData/L
ocal/Programs/MiKTeX/fonts/type1/urw/times/utmb8a.pfb><C:/Users/micha/AppData/L
ocal/Programs/MiKTeX/fonts/type1/urw/times/utmr8a.pfb><C:/Users/micha/AppData/L
ocal/Programs/MiKTeX/fonts/type1/urw/times/utmri8a.pfb>
Output written on main_changed.pdf (8 pages, 735559 bytes).
PDF statistics:
 184 PDF objects out of 1000 (max. 8388607)
 0 named destinations out of 1000 (max. 500000)
 48 words of extra memory for PDF output out of 10000 (max. 10000000)

