This is pdfTeX, Version 3.141592653-2.6-1.40.25 (MiKTeX 23.9) (preloaded format=pdflatex 2023.9.22)  30 MAR 2024 16:19
entering extended mode
 restricted \write18 enabled.
 %&-line parsing enabled.
**./AAAI18_changed.tex
(AAAI18_changed.tex
LaTeX2e <2023-06-01> patch level 1
L3 programming layer <2023-08-29>
(C:\Users\micha\AppData\Local\Programs\MiKTeX\tex/latex/base\article.cls
Document Class: article 2023/05/17 v1.4n Standard LaTeX document class
(C:\Users\micha\AppData\Local\Programs\MiKTeX\tex/latex/base\size10.clo
File: size10.clo 2023/05/17 v1.4n Standard LaTeX file (size option)
)
\c@part=\count185
\c@section=\count186
\c@subsection=\count187
\c@subsubsection=\count188
\c@paragraph=\count189
\c@subparagraph=\count190
\c@figure=\count191
\c@table=\count192
\abovecaptionskip=\skip48
\belowcaptionskip=\skip49
\bibindent=\dimen140
)
(aaai18.sty
Conference Style for AAAI for LaTeX 2e -- version for the AAAI-18 conference
\titlebox=\skip50
) (C:\Users\micha\AppData\Local\Programs\MiKTeX\tex/latex/psnfss\times.sty
Package: times 2020/03/25 PSNFSS-v9.3 (SPQR) 
)
(C:\Users\micha\AppData\Local\Programs\MiKTeX\tex/latex/psnfss\helvet.sty
Package: helvet 2020/03/25 PSNFSS-v9.3 (WaS) 

(C:\Users\micha\AppData\Local\Programs\MiKTeX\tex/latex/graphics\keyval.sty
Package: keyval 2022/05/29 v1.15 key=value parser (DPC)
\KV@toks@=\toks17
))
(C:\Users\micha\AppData\Local\Programs\MiKTeX\tex/latex/psnfss\courier.sty
Package: courier 2020/03/25 PSNFSS-v9.3 (WaS) 
)
(C:\Users\micha\AppData\Local\Programs\MiKTeX\tex/latex/url\url.sty
\Urlmuskip=\muskip16
Package: url 2013/09/16  ver 3.4  Verb mode for urls, etc.
)
(C:\Users\micha\AppData\Local\Programs\MiKTeX\tex/latex/graphics\graphicx.sty
Package: graphicx 2021/09/16 v1.2d Enhanced LaTeX Graphics (DPC,SPQR)

(C:\Users\micha\AppData\Local\Programs\MiKTeX\tex/latex/graphics\graphics.sty
Package: graphics 2022/03/10 v1.4e Standard LaTeX Graphics (DPC,SPQR)

(C:\Users\micha\AppData\Local\Programs\MiKTeX\tex/latex/graphics\trig.sty
Package: trig 2021/08/11 v1.11 sin cos tan (DPC)
)
(C:\Users\micha\AppData\Local\Programs\MiKTeX\tex/latex/graphics-cfg\graphics.c
fg
File: graphics.cfg 2016/06/04 v1.11 sample graphics configuration
)
Package graphics Info: Driver file: pdftex.def on input line 107.

(C:\Users\micha\AppData\Local\Programs\MiKTeX\tex/latex/graphics-def\pdftex.def
File: pdftex.def 2022/09/22 v1.2b Graphics/color driver for pdftex
))
\Gin@req@height=\dimen141
\Gin@req@width=\dimen142
)
(C:\Users\micha\AppData\Local\Programs\MiKTeX\tex/latex/algorithm2e\algorithm2e
.sty
Package: algorithm2e 2017/07/18 v5.2 algorithms environments
\c@AlgoLine=\count193
 (C:\Users\micha\AppData\Local\Programs\MiKTeX\tex/latex/base\ifthen.sty
Package: ifthen 2022/04/13 v1.1d Standard LaTeX ifthen package (DPC)
)
\algocf@hangindent=\skip51

(C:\Users\micha\AppData\Local\Programs\MiKTeX\tex/latex/ifoddpage\ifoddpage.sty
Package: ifoddpage 2022/10/18 v1.2 Conditionals for odd/even page detection
\c@checkoddpage=\count194
) (C:\Users\micha\AppData\Local\Programs\MiKTeX\tex/latex/tools\xspace.sty
Package: xspace 2014/10/28 v1.13 Space after command names (DPC,MH)
)
(C:\Users\micha\AppData\Local\Programs\MiKTeX\tex/latex/relsize\relsize.sty
Package: relsize 2013/03/29 ver 4.1
)
\skiptotal=\skip52
\skiplinenumber=\skip53
\skiprule=\skip54
\skiphlne=\skip55
\skiptext=\skip56
\skiplength=\skip57
\algomargin=\skip58
\skipalgocfslide=\skip59
\algowidth=\dimen143
\inoutsize=\dimen144
\inoutindent=\dimen145
\interspacetitleruled=\dimen146
\interspacealgoruled=\dimen147
\interspacetitleboxruled=\dimen148
\algocf@ruledwidth=\skip60
\algocf@inoutbox=\box51
\algocf@inputbox=\box52
\AlCapSkip=\skip61
\AlCapHSkip=\skip62
\algoskipindent=\skip63
\algocf@nlbox=\box53
\algocf@hangingbox=\box54
\algocf@untilbox=\box55
\algocf@skipuntil=\skip64
\algocf@capbox=\box56
\algocf@lcaptionbox=\skip65
\algoheightruledefault=\skip66
\algoheightrule=\skip67
\algotitleheightruledefault=\skip68
\algotitleheightrule=\skip69
\c@algocfline=\count195
\c@algocfproc=\count196
\c@algocf=\count197
\algocf@algoframe=\box57
\algocf@algobox=\box58
)
(C:\Users\micha\AppData\Local\Programs\MiKTeX\tex/latex/amsmath\amsmath.sty
Package: amsmath 2023/05/13 v2.17o AMS math features
\@mathmargin=\skip70

For additional information on amsmath, use the `?' option.
(C:\Users\micha\AppData\Local\Programs\MiKTeX\tex/latex/amsmath\amstext.sty
Package: amstext 2021/08/26 v2.01 AMS text

(C:\Users\micha\AppData\Local\Programs\MiKTeX\tex/latex/amsmath\amsgen.sty
File: amsgen.sty 1999/11/30 v2.0 generic functions
\@emptytoks=\toks18
\ex@=\dimen149
))
(C:\Users\micha\AppData\Local\Programs\MiKTeX\tex/latex/amsmath\amsbsy.sty
Package: amsbsy 1999/11/29 v1.2d Bold Symbols
\pmbraise@=\dimen150
)
(C:\Users\micha\AppData\Local\Programs\MiKTeX\tex/latex/amsmath\amsopn.sty
Package: amsopn 2022/04/08 v2.04 operator names
)
\inf@bad=\count198
LaTeX Info: Redefining \frac on input line 234.
\uproot@=\count199
\leftroot@=\count266
LaTeX Info: Redefining \overline on input line 399.
LaTeX Info: Redefining \colon on input line 410.
\classnum@=\count267
\DOTSCASE@=\count268
LaTeX Info: Redefining \ldots on input line 496.
LaTeX Info: Redefining \dots on input line 499.
LaTeX Info: Redefining \cdots on input line 620.
\Mathstrutbox@=\box59
\strutbox@=\box60
LaTeX Info: Redefining \big on input line 722.
LaTeX Info: Redefining \Big on input line 723.
LaTeX Info: Redefining \bigg on input line 724.
LaTeX Info: Redefining \Bigg on input line 725.
\big@size=\dimen151
LaTeX Font Info:    Redeclaring font encoding OML on input line 743.
LaTeX Font Info:    Redeclaring font encoding OMS on input line 744.
\macc@depth=\count269
LaTeX Info: Redefining \bmod on input line 905.
LaTeX Info: Redefining \pmod on input line 910.
LaTeX Info: Redefining \smash on input line 940.
LaTeX Info: Redefining \relbar on input line 970.
LaTeX Info: Redefining \Relbar on input line 971.
\c@MaxMatrixCols=\count270
\dotsspace@=\muskip17
\c@parentequation=\count271
\dspbrk@lvl=\count272
\tag@help=\toks19
\row@=\count273
\column@=\count274
\maxfields@=\count275
\andhelp@=\toks20
\eqnshift@=\dimen152
\alignsep@=\dimen153
\tagshift@=\dimen154
\tagwidth@=\dimen155
\totwidth@=\dimen156
\lineht@=\dimen157
\@envbody=\toks21
\multlinegap=\skip71
\multlinetaggap=\skip72
\mathdisplay@stack=\toks22
LaTeX Info: Redefining \[ on input line 2953.
LaTeX Info: Redefining \] on input line 2954.
)
(C:\Users\micha\AppData\Local\Programs\MiKTeX\tex/latex/amsfonts\amsfonts.sty
Package: amsfonts 2013/01/14 v3.01 Basic AMSFonts support
\symAMSa=\mathgroup4
\symAMSb=\mathgroup5
LaTeX Font Info:    Redeclaring math symbol \hbar on input line 98.
LaTeX Font Info:    Overwriting math alphabet `\mathfrak' in version `bold'
(Font)                  U/euf/m/n --> U/euf/b/n on input line 106.
)
(C:\Users\micha\AppData\Local\Programs\MiKTeX\tex/latex/blindtext\blindtext.sty
Package: blindtext 2012/01/06 V2.0 blindtext-Package
\c@blindtext=\count276
\c@Blindtext=\count277
\c@blind@countparstart=\count278
\blind@countxx=\count279
\blindtext@numBlindtext=\count280
\blind@countyy=\count281
\c@blindlist=\count282
\c@blindlistlevel=\count283
\c@blindlist@level=\count284
\blind@listitem=\count285
\c@blind@listcount=\count286
\c@blind@levelcount=\count287
\blind@mathformula=\count288
\blind@Mathformula=\count289
\c@blind@randomcount=\count290
\c@blind@randommax=\count291
\c@blind@pangramcount=\count292
\c@blind@pangrammax=\count293
) (C:\Users\micha\AppData\Local\Programs\MiKTeX\tex/latex/graphics\color.sty
Package: color 2022/01/06 v1.3d Standard LaTeX Color (DPC)

(C:\Users\micha\AppData\Local\Programs\MiKTeX\tex/latex/graphics-cfg\color.cfg
File: color.cfg 2016/01/02 v1.6 sample color configuration
)
Package color Info: Driver file: pdftex.def on input line 149.
(C:\Users\micha\AppData\Local\Programs\MiKTeX\tex/latex/graphics\mathcolor.ltx)
)
LaTeX Font Info:    Trying to load font information for OT1+ptm on input line 2
1.
 (C:\Users\micha\AppData\Local\Programs\MiKTeX\tex/latex/psnfss\ot1ptm.fd
File: ot1ptm.fd 2001/06/04 font definitions for OT1/ptm.
)
(C:\Users\micha\AppData\Local\Programs\MiKTeX\tex/latex/l3backend\l3backend-pdf
tex.def
File: l3backend-pdftex.def 2023-04-19 L3 backend support: PDF output (pdfTeX)
\l__color_backend_stack_int=\count294
\l__pdf_internal_box=\box61
) (AAAI18_changed.aux)
\openout1 = `AAAI18_changed.aux'.

LaTeX Font Info:    Checking defaults for OML/cmm/m/it on input line 21.
LaTeX Font Info:    ... okay on input line 21.
LaTeX Font Info:    Checking defaults for OMS/cmsy/m/n on input line 21.
LaTeX Font Info:    ... okay on input line 21.
LaTeX Font Info:    Checking defaults for OT1/cmr/m/n on input line 21.
LaTeX Font Info:    ... okay on input line 21.
LaTeX Font Info:    Checking defaults for T1/cmr/m/n on input line 21.
LaTeX Font Info:    ... okay on input line 21.
LaTeX Font Info:    Checking defaults for TS1/cmr/m/n on input line 21.
LaTeX Font Info:    ... okay on input line 21.
LaTeX Font Info:    Checking defaults for OMX/cmex/m/n on input line 21.
LaTeX Font Info:    ... okay on input line 21.
LaTeX Font Info:    Checking defaults for U/cmr/m/n on input line 21.
LaTeX Font Info:    ... okay on input line 21.

(C:\Users\micha\AppData\Local\Programs\MiKTeX\tex/context/base/mkii\supp-pdf.mk
ii
[Loading MPS to PDF converter (version 2006.09.02).]
\scratchcounter=\count295
\scratchdimen=\dimen158
\scratchbox=\box62
\nofMPsegments=\count296
\nofMParguments=\count297
\everyMPshowfont=\toks23
\MPscratchCnt=\count298
\MPscratchDim=\dimen159
\MPnumerator=\count299
\makeMPintoPDFobject=\count300
\everyMPtoPDFconversion=\toks24
)
(C:\Users\micha\AppData\Local\Programs\MiKTeX\tex/latex/epstopdf-pkg\epstopdf-b
ase.sty
Package: epstopdf-base 2020-01-24 v2.11 Base part for package epstopdf
Package epstopdf-base Info: Redefining graphics rule for `.eps' on input line 4
85.

(C:\Users\micha\AppData\Local\Programs\MiKTeX\tex/latex/00miktex\epstopdf-sys.c
fg
File: epstopdf-sys.cfg 2021/03/18 v2.0 Configuration of epstopdf for MiKTeX
))
LaTeX Font Info:    Trying to load font information for U+msa on input line 34.

 (C:\Users\micha\AppData\Local\Programs\MiKTeX\tex/latex/amsfonts\umsa.fd
File: umsa.fd 2013/01/14 v3.01 AMS symbols A
)
LaTeX Font Info:    Trying to load font information for U+msb on input line 34.


(C:\Users\micha\AppData\Local\Programs\MiKTeX\tex/latex/amsfonts\umsb.fd
File: umsb.fd 2013/01/14 v3.01 AMS symbols B
)
LaTeX Font Info:    Trying to load font information for TS1+ptm on input line 3
4.

(C:\Users\micha\AppData\Local\Programs\MiKTeX\tex/latex/psnfss\ts1ptm.fd
File: ts1ptm.fd 2001/06/04 font definitions for TS1/ptm.
)
LaTeX Font Info:    Trying to load font information for OMS+ptm on input line 3
4.

(C:\Users\micha\AppData\Local\Programs\MiKTeX\tex/latex/psnfss\omsptm.fd
File: omsptm.fd 
)
LaTeX Font Info:    Font shape `OMS/ptm/m/n' in size <10> not available
(Font)              Font shape `OMS/cmsy/m/n' tried instead on input line 34.


LaTeX Warning: Citation `zhang2014review' on page 1 undefined on input line 82.



LaTeX Warning: Citation `boutell2004learning' on page 1 undefined on input line
 82.


LaTeX Warning: Citation `schapire2000boostexter' on page 1 undefined on input l
ine 82.


LaTeX Warning: Citation `godbole2004discriminative' on page 1 undefined on inpu
t line 82.


LaTeX Warning: Citation `lin2014microsoft' on page 1 undefined on input line 82
.


LaTeX Warning: Citation `kang2016object' on page 1 undefined on input line 82.


LaTeX Warning: Citation `kang2016t' on page 1 undefined on input line 82.


LaTeX Warning: Citation `boutell2004learning' on page 1 undefined on input line
 82.


LaTeX Warning: Citation `shao2016slicing' on page 1 undefined on input line 82.



LaTeX Warning: Citation `krizhevsky2012imagenet' on page 1 undefined on input l
ine 86.


LaTeX Warning: Citation `szegedy2015going' on page 1 undefined on input line 86
.


LaTeX Warning: Citation `simonyan2014very' on page 1 undefined on input line 86
.


LaTeX Warning: Citation `he2016deep' on page 1 undefined on input line 86.


LaTeX Warning: Citation `deng2009imagenet' on page 1 undefined on input line 86
.


LaTeX Warning: Citation `fei2007learning' on page 1 undefined on input line 86.



LaTeX Warning: Citation `griffin2007caltech' on page 1 undefined on input line 
86.


LaTeX Warning: Citation `zhang2006multilabel' on page 1 undefined on input line
 90.


LaTeX Warning: Citation `nam2014large' on page 1 undefined on input line 90.


LaTeX Warning: Citation `gong2013deep' on page 1 undefined on input line 90.


LaTeX Warning: Citation `wei2014cnn' on page 1 undefined on input line 90.


LaTeX Warning: Citation `wang2016cnn' on page 1 undefined on input line 90.


LaTeX Warning: Citation `wang2016cnn' on page 1 undefined on input line 90.


LaTeX Warning: Citation `hochreiter1997long' on page 1 undefined on input line 
90.

<./intro_fig.png, id=1, 1330.9725pt x 309.155pt>
File: ./intro_fig.png Graphic file (type png)
<use ./intro_fig.png>
Package pdftex.def Info: ./intro_fig.png  used on input line 98.
(pdftex.def)             Requested size: 480.59395pt x 111.63063pt.

LaTeX Warning: Citation `wang2016cnn' on page 1 undefined on input line 105.


LaTeX Warning: Citation `jin2016annotation' on page 1 undefined on input line 1
05.


LaTeX Warning: Citation `jin2016annotation' on page 1 undefined on input line 1
05.


LaTeX Warning: Citation `xu2015show' on page 1 undefined on input line 107.


LaTeX Warning: Citation `xu2015show' on page 1 undefined on input line 107.


LaTeX Warning: Citation `yang2016stacked' on page 1 undefined on input line 107
.


LaTeX Warning: Citation `hong2016learning' on page 1 undefined on input line 10
7.


Underfull \vbox (badness 1400) has occurred while \output is active []

 [1{C:/Users/micha/AppData/Local/MiKTeX/fonts/map/pdftex/pdftex.map}{C:/Users/m
icha/AppData/Local/Programs/MiKTeX/fonts/enc/dvips/base/8r.enc}



]

LaTeX Warning: Citation `tsoumakas2006multi' on page 2 undefined on input line 
129.


Underfull \vbox (badness 5203) has occurred while \output is active []



LaTeX Warning: Citation `read2011classifier' on page 2 undefined on input line 
131.


LaTeX Warning: Citation `li2014multi' on page 2 undefined on input line 131.


LaTeX Warning: Citation `li2016conditional' on page 2 undefined on input line 1
31.


LaTeX Warning: Citation `yeh2017learning' on page 2 undefined on input line 131
.


LaTeX Warning: Citation `bhatia2015sparse' on page 2 undefined on input line 13
1.


LaTeX Warning: Citation `yang2016exploit' on page 2 undefined on input line 131
.

<./AAAI.png, id=14, 1255.69125pt x 383.4325pt>
File: ./AAAI.png Graphic file (type png)
<use ./AAAI.png>
Package pdftex.def Info: ./AAAI.png  used on input line 135.
(pdftex.def)             Requested size: 480.59395pt x 146.74728pt.

LaTeX Warning: Citation `zhang2006multilabel' on page 2 undefined on input line
 142.


LaTeX Warning: Citation `nam2014large' on page 2 undefined on input line 142.


LaTeX Warning: Citation `gong2013deep' on page 2 undefined on input line 144.


LaTeX Warning: Citation `wei2014cnn' on page 2 undefined on input line 144.


LaTeX Warning: Citation `hu2016learning' on page 2 undefined on input line 144.



LaTeX Warning: Citation `gong2013deep' on page 2 undefined on input line 144.


LaTeX Warning: Citation `wei2014cnn' on page 2 undefined on input line 144.


LaTeX Warning: Citation `hu2016learning' on page 2 undefined on input line 144.



LaTeX Warning: Citation `hochreiter1997long' on page 2 undefined on input line 
147.


LaTeX Warning: Citation `mao2014deep' on page 2 undefined on input line 147.


LaTeX Warning: Citation `graves2013speech' on page 2 undefined on input line 14
7.


LaTeX Warning: Citation `sundermeyer2012lstm' on page 2 undefined on input line
 147.


LaTeX Warning: Citation `le2015compositional' on page 2 undefined on input line
 147.


LaTeX Warning: Citation `wang2016cnn' on page 2 undefined on input line 147.

[2 <./intro_fig.png>]

LaTeX Warning: Citation `wang2016cnn' on page 3 undefined on input line 156.


LaTeX Warning: Citation `wang2016cnn' on page 3 undefined on input line 160.


Underfull \hbox (badness 10000) in paragraph at lines 165--166

 []


LaTeX Warning: Citation `liu2016semantic' on page 3 undefined on input line 169
.

[3 <./AAAI.png>]

LaTeX Warning: Citation `xu2015show' on page 4 undefined on input line 196.


LaTeX Warning: Citation `xu2015show' on page 4 undefined on input line 200.


LaTeX Warning: Citation `xu2015show' on page 4 undefined on input line 208.


Underfull \hbox (badness 10000) in paragraph at lines 218--219

 []

[4]

LaTeX Warning: Citation `wang2016cnn' on page 5 undefined on input line 279.


LaTeX Warning: Citation `wang2016cnn' on page 5 undefined on input line 304.


Underfull \hbox (badness 10000) in paragraph at lines 314--317

 []


LaTeX Warning: No positions in optional float specifier.
               Default added (so using `tbp') on input line 322.


Underfull \hbox (badness 10000) in paragraph at lines 324--324

 []


LaTeX Warning: Citation `he2016deep' on page 5 undefined on input line 342.


LaTeX Warning: Citation `xu2015show' on page 5 undefined on input line 342.


Underfull \hbox (badness 1502) in paragraph at lines 344--345
[]\OT1/ptm/m/n/10 To eval-u-ate the per-for-mance of our method and to
 []


Underfull \hbox (badness 1590) in paragraph at lines 344--345
\OT1/ptm/m/n/10 per-form com-par-isons with state-of-the-art meth-ods, we
 []


Underfull \hbox (badness 10000) in paragraph at lines 344--345

 []

[5]

LaTeX Warning: Citation `gong2013deep' on page 6 undefined on input line 347.


LaTeX Warning: Citation `gong2013deep' on page 6 undefined on input line 349.


LaTeX Warning: Citation `wang2016cnn' on page 6 undefined on input line 349.


LaTeX Warning: Citation `jin2016annotation' on page 6 undefined on input line 3
49.

<./Visualization.png, id=39, 720.6925pt x 467.7475pt>
File: ./Visualization.png Graphic file (type png)
<use ./Visualization.png>
Package pdftex.def Info: ./Visualization.png  used on input line 354.
(pdftex.def)             Requested size: 455.2979pt x 295.49611pt.

LaTeX Warning: No positions in optional float specifier.
               Default added (so using `tbp') on input line 366.


Underfull \hbox (badness 10000) in paragraph at lines 369--369

 []


LaTeX Warning: Citation `gong2013deep' on page 6 undefined on input line 389.


LaTeX Warning: Citation `wang2016cnn' on page 6 undefined on input line 389.

No file AAAI18_changed.bbl.
[6]
Underfull \vbox (badness 10000) has occurred while \output is active []


Underfull \vbox (badness 10000) has occurred while \output is active []

 [7 <./Visualization.png>] [8

] (AAAI18_changed.aux)
 ***********
LaTeX2e <2023-06-01> patch level 1
L3 programming layer <2023-08-29>
 ***********
 ) 
Here is how much of TeX's memory you used:
 3790 strings out of 475247
 62031 string characters out of 5757792
 1953801 words of memory out of 5000000
 25246 multiletter control sequences out of 15000+600000
 586242 words of font info for 100 fonts, out of 8000000 for 9000
 1141 hyphenation exceptions out of 8191
 57i,19n,65p,2934b,458s stack positions out of 10000i,1000n,20000p,200000b,200000s
<C:/Users/micha/AppData/Local/Programs/MiKTeX/fonts/type1/public/amsfonts/cm/
cmbx10.pfb><C:/Users/micha/AppData/Local/Programs/MiKTeX/fonts/type1/public/ams
fonts/cm/cmbx7.pfb><C:/Users/micha/AppData/Local/Programs/MiKTeX/fonts/type1/pu
blic/amsfonts/cm/cmex10.pfb><C:/Users/micha/AppData/Local/Programs/MiKTeX/fonts
/type1/public/amsfonts/cm/cmmi10.pfb><C:/Users/micha/AppData/Local/Programs/MiK
TeX/fonts/type1/public/amsfonts/cm/cmmi5.pfb><C:/Users/micha/AppData/Local/Prog
rams/MiKTeX/fonts/type1/public/amsfonts/cm/cmmi7.pfb><C:/Users/micha/AppData/Lo
cal/Programs/MiKTeX/fonts/type1/public/amsfonts/cm/cmmi8.pfb><C:/Users/micha/Ap
pData/Local/Programs/MiKTeX/fonts/type1/public/amsfonts/cm/cmr10.pfb><C:/Users/
micha/AppData/Local/Programs/MiKTeX/fonts/type1/public/amsfonts/cm/cmr7.pfb><C:
/Users/micha/AppData/Local/Programs/MiKTeX/fonts/type1/public/amsfonts/cm/cmr8.
pfb><C:/Users/micha/AppData/Local/Programs/MiKTeX/fonts/type1/public/amsfonts/c
m/cmsy10.pfb><C:/Users/micha/AppData/Local/Programs/MiKTeX/fonts/type1/public/a
msfonts/cm/cmsy5.pfb><C:/Users/micha/AppData/Local/Programs/MiKTeX/fonts/type1/
public/amsfonts/cm/cmsy7.pfb><C:/Users/micha/AppData/Local/Programs/MiKTeX/font
s/type1/public/amsfonts/symbols/msbm10.pfb><C:/Users/micha/AppData/Local/Progra
ms/MiKTeX/fonts/type1/urw/times/utmb8a.pfb><C:/Users/micha/AppData/Local/Progra
ms/MiKTeX/fonts/type1/urw/times/utmr8a.pfb><C:/Users/micha/AppData/Local/Progra
ms/MiKTeX/fonts/type1/urw/times/utmri8a.pfb>
Output written on AAAI18_changed.pdf (8 pages, 725957 bytes).
PDF statistics:
 122 PDF objects out of 1000 (max. 8388607)
 0 named destinations out of 1000 (max. 500000)
 16 words of extra memory for PDF output out of 10000 (max. 10000000)

