This is pdfTeX, Version 3.141592653-2.6-1.40.25 (MiKTeX 23.5) (preloaded format=pdflatex 2024.1.12)  30 MAR 2024 19:41
entering extended mode
 restricted \write18 enabled.
 %&-line parsing enabled.
**./AAAI-SunT.3353_changed.tex
(AAAI-SunT.3353_changed.tex
LaTeX2e <2023-06-01> patch level 1
L3 programming layer <2023-08-29>
(C:\Users\orfuc\AppData\Local\Programs\MiKTeX\tex/latex/base\article.cls
Document Class: article 2023/05/17 v1.4n Standard LaTeX document class
(C:\Users\orfuc\AppData\Local\Programs\MiKTeX\tex/latex/base\size10.clo
File: size10.clo 2023/05/17 v1.4n Standard LaTeX file (size option)
)
\c@part=\count185
\c@section=\count186
\c@subsection=\count187
\c@subsubsection=\count188
\c@paragraph=\count189
\c@subparagraph=\count190
\c@figure=\count191
\c@table=\count192
\abovecaptionskip=\skip48
\belowcaptionskip=\skip49
\bibindent=\dimen140
)
(aaai20.sty
Conference Style for AAAI for LaTeX 2e -- version for the AAAI-20 conference
\titlebox=\skip50
) (C:\Users\orfuc\AppData\Local\Programs\MiKTeX\tex/latex/psnfss\times.sty
Package: times 2020/03/25 PSNFSS-v9.3 (SPQR) 
)
(C:\Users\orfuc\AppData\Local\Programs\MiKTeX\tex/latex/psnfss\helvet.sty
Package: helvet 2020/03/25 PSNFSS-v9.3 (WaS) 

(C:\Users\orfuc\AppData\Local\Programs\MiKTeX\tex/latex/graphics\keyval.sty
Package: keyval 2022/05/29 v1.15 key=value parser (DPC)
\KV@toks@=\toks17
))
(C:\Users\orfuc\AppData\Local\Programs\MiKTeX\tex/latex/psnfss\courier.sty
Package: courier 2020/03/25 PSNFSS-v9.3 (WaS) 
)
(C:\Users\orfuc\AppData\Local\Programs\MiKTeX\tex/latex/url\url.sty
\Urlmuskip=\muskip16
Package: url 2013/09/16  ver 3.4  Verb mode for urls, etc.
)
(C:\Users\orfuc\AppData\Local\Programs\MiKTeX\tex/latex/graphics\graphicx.sty
Package: graphicx 2021/09/16 v1.2d Enhanced LaTeX Graphics (DPC,SPQR)

(C:\Users\orfuc\AppData\Local\Programs\MiKTeX\tex/latex/graphics\graphics.sty
Package: graphics 2022/03/10 v1.4e Standard LaTeX Graphics (DPC,SPQR)

(C:\Users\orfuc\AppData\Local\Programs\MiKTeX\tex/latex/graphics\trig.sty
Package: trig 2021/08/11 v1.11 sin cos tan (DPC)
)
(C:\Users\orfuc\AppData\Local\Programs\MiKTeX\tex/latex/graphics-cfg\graphics.c
fg
File: graphics.cfg 2016/06/04 v1.11 sample graphics configuration
)
Package graphics Info: Driver file: pdftex.def on input line 107.

(C:\Users\orfuc\AppData\Local\Programs\MiKTeX\tex/latex/graphics-def\pdftex.def
File: pdftex.def 2022/09/22 v1.2b Graphics/color driver for pdftex
))
\Gin@req@height=\dimen141
\Gin@req@width=\dimen142
) (C:\Users\orfuc\AppData\Local\Programs\MiKTeX\tex/latex/xcolor\xcolor.sty
Package: xcolor 2022/06/12 v2.14 LaTeX color extensions (UK)

(C:\Users\orfuc\AppData\Local\Programs\MiKTeX\tex/latex/graphics-cfg\color.cfg
File: color.cfg 2016/01/02 v1.6 sample color configuration
)
Package xcolor Info: Driver file: pdftex.def on input line 227.
(C:\Users\orfuc\AppData\Local\Programs\MiKTeX\tex/latex/colortbl\colortbl.sty
Package: colortbl 2022/06/20 v1.0f Color table columns (DPC)

(C:\Users\orfuc\AppData\Local\Programs\MiKTeX\tex/latex/tools\array.sty
Package: array 2022/09/04 v2.5g Tabular extension package (FMi)
\col@sep=\dimen143
\ar@mcellbox=\box51
\extrarowheight=\dimen144
\NC@list=\toks18
\extratabsurround=\skip51
\backup@length=\skip52
\ar@cellbox=\box52
)
\everycr=\toks19
\minrowclearance=\skip53
\rownum=\count193
)
(C:\Users\orfuc\AppData\Local\Programs\MiKTeX\tex/latex/graphics\mathcolor.ltx)
Package xcolor Info: Model `cmy' substituted by `cmy0' on input line 1353.
Package xcolor Info: Model `hsb' substituted by `rgb' on input line 1357.
Package xcolor Info: Model `RGB' extended on input line 1369.
Package xcolor Info: Model `HTML' substituted by `rgb' on input line 1371.
Package xcolor Info: Model `Hsb' substituted by `hsb' on input line 1372.
Package xcolor Info: Model `tHsb' substituted by `hsb' on input line 1373.
Package xcolor Info: Model `HSB' substituted by `hsb' on input line 1374.
Package xcolor Info: Model `Gray' substituted by `gray' on input line 1375.
Package xcolor Info: Model `wave' substituted by `hsb' on input line 1376.
)
(C:\Users\orfuc\AppData\Local\Programs\MiKTeX\tex/latex/pgf/frontendlayer\tikz.
sty
(C:\Users\orfuc\AppData\Local\Programs\MiKTeX\tex/latex/pgf/basiclayer\pgf.sty
(C:\Users\orfuc\AppData\Local\Programs\MiKTeX\tex/latex/pgf/utilities\pgfrcs.st
y
(C:\Users\orfuc\AppData\Local\Programs\MiKTeX\tex/generic/pgf/utilities\pgfutil
-common.tex
\pgfutil@everybye=\toks20
\pgfutil@tempdima=\dimen145
\pgfutil@tempdimb=\dimen146
)
(C:\Users\orfuc\AppData\Local\Programs\MiKTeX\tex/generic/pgf/utilities\pgfutil
-latex.def
\pgfutil@abb=\box53
)
(C:\Users\orfuc\AppData\Local\Programs\MiKTeX\tex/generic/pgf/utilities\pgfrcs.
code.tex
(C:\Users\orfuc\AppData\Local\Programs\MiKTeX\tex/generic/pgf\pgf.revision.tex)
Package: pgfrcs 2023-01-15 v3.1.10 (3.1.10)
))
Package: pgf 2023-01-15 v3.1.10 (3.1.10)

(C:\Users\orfuc\AppData\Local\Programs\MiKTeX\tex/latex/pgf/basiclayer\pgfcore.
sty
(C:\Users\orfuc\AppData\Local\Programs\MiKTeX\tex/latex/pgf/systemlayer\pgfsys.
sty
(C:\Users\orfuc\AppData\Local\Programs\MiKTeX\tex/generic/pgf/systemlayer\pgfsy
s.code.tex
Package: pgfsys 2023-01-15 v3.1.10 (3.1.10)

(C:\Users\orfuc\AppData\Local\Programs\MiKTeX\tex/generic/pgf/utilities\pgfkeys
.code.tex
\pgfkeys@pathtoks=\toks21
\pgfkeys@temptoks=\toks22

(C:\Users\orfuc\AppData\Local\Programs\MiKTeX\tex/generic/pgf/utilities\pgfkeys
libraryfiltered.code.tex
\pgfkeys@tmptoks=\toks23
))
\pgf@x=\dimen147
\pgf@y=\dimen148
\pgf@xa=\dimen149
\pgf@ya=\dimen150
\pgf@xb=\dimen151
\pgf@yb=\dimen152
\pgf@xc=\dimen153
\pgf@yc=\dimen154
\pgf@xd=\dimen155
\pgf@yd=\dimen156
\w@pgf@writea=\write3
\r@pgf@reada=\read2
\c@pgf@counta=\count194
\c@pgf@countb=\count195
\c@pgf@countc=\count196
\c@pgf@countd=\count197
\t@pgf@toka=\toks24
\t@pgf@tokb=\toks25
\t@pgf@tokc=\toks26
\pgf@sys@id@count=\count198

(C:\Users\orfuc\AppData\Local\Programs\MiKTeX\tex/generic/pgf/systemlayer\pgf.c
fg
File: pgf.cfg 2023-01-15 v3.1.10 (3.1.10)
)
Driver file for pgf: pgfsys-pdftex.def

(C:\Users\orfuc\AppData\Local\Programs\MiKTeX\tex/generic/pgf/systemlayer\pgfsy
s-pdftex.def
File: pgfsys-pdftex.def 2023-01-15 v3.1.10 (3.1.10)

(C:\Users\orfuc\AppData\Local\Programs\MiKTeX\tex/generic/pgf/systemlayer\pgfsy
s-common-pdf.def
File: pgfsys-common-pdf.def 2023-01-15 v3.1.10 (3.1.10)
)))
(C:\Users\orfuc\AppData\Local\Programs\MiKTeX\tex/generic/pgf/systemlayer\pgfsy
ssoftpath.code.tex
File: pgfsyssoftpath.code.tex 2023-01-15 v3.1.10 (3.1.10)
\pgfsyssoftpath@smallbuffer@items=\count199
\pgfsyssoftpath@bigbuffer@items=\count266
)
(C:\Users\orfuc\AppData\Local\Programs\MiKTeX\tex/generic/pgf/systemlayer\pgfsy
sprotocol.code.tex
File: pgfsysprotocol.code.tex 2023-01-15 v3.1.10 (3.1.10)
))
(C:\Users\orfuc\AppData\Local\Programs\MiKTeX\tex/generic/pgf/basiclayer\pgfcor
e.code.tex
Package: pgfcore 2023-01-15 v3.1.10 (3.1.10)

(C:\Users\orfuc\AppData\Local\Programs\MiKTeX\tex/generic/pgf/math\pgfmath.code
.tex
(C:\Users\orfuc\AppData\Local\Programs\MiKTeX\tex/generic/pgf/math\pgfmathutil.
code.tex)
(C:\Users\orfuc\AppData\Local\Programs\MiKTeX\tex/generic/pgf/math\pgfmathparse
r.code.tex
\pgfmath@dimen=\dimen157
\pgfmath@count=\count267
\pgfmath@box=\box54
\pgfmath@toks=\toks27
\pgfmath@stack@operand=\toks28
\pgfmath@stack@operation=\toks29
)
(C:\Users\orfuc\AppData\Local\Programs\MiKTeX\tex/generic/pgf/math\pgfmathfunct
ions.code.tex)
(C:\Users\orfuc\AppData\Local\Programs\MiKTeX\tex/generic/pgf/math\pgfmathfunct
ions.basic.code.tex)
(C:\Users\orfuc\AppData\Local\Programs\MiKTeX\tex/generic/pgf/math\pgfmathfunct
ions.trigonometric.code.tex)
(C:\Users\orfuc\AppData\Local\Programs\MiKTeX\tex/generic/pgf/math\pgfmathfunct
ions.random.code.tex)
(C:\Users\orfuc\AppData\Local\Programs\MiKTeX\tex/generic/pgf/math\pgfmathfunct
ions.comparison.code.tex)
(C:\Users\orfuc\AppData\Local\Programs\MiKTeX\tex/generic/pgf/math\pgfmathfunct
ions.base.code.tex)
(C:\Users\orfuc\AppData\Local\Programs\MiKTeX\tex/generic/pgf/math\pgfmathfunct
ions.round.code.tex)
(C:\Users\orfuc\AppData\Local\Programs\MiKTeX\tex/generic/pgf/math\pgfmathfunct
ions.misc.code.tex)
(C:\Users\orfuc\AppData\Local\Programs\MiKTeX\tex/generic/pgf/math\pgfmathfunct
ions.integerarithmetics.code.tex)
(C:\Users\orfuc\AppData\Local\Programs\MiKTeX\tex/generic/pgf/math\pgfmathcalc.
code.tex)
(C:\Users\orfuc\AppData\Local\Programs\MiKTeX\tex/generic/pgf/math\pgfmathfloat
.code.tex
\c@pgfmathroundto@lastzeros=\count268
))
(C:\Users\orfuc\AppData\Local\Programs\MiKTeX\tex/generic/pgf/math\pgfint.code.
tex)
(C:\Users\orfuc\AppData\Local\Programs\MiKTeX\tex/generic/pgf/basiclayer\pgfcor
epoints.code.tex
File: pgfcorepoints.code.tex 2023-01-15 v3.1.10 (3.1.10)
\pgf@picminx=\dimen158
\pgf@picmaxx=\dimen159
\pgf@picminy=\dimen160
\pgf@picmaxy=\dimen161
\pgf@pathminx=\dimen162
\pgf@pathmaxx=\dimen163
\pgf@pathminy=\dimen164
\pgf@pathmaxy=\dimen165
\pgf@xx=\dimen166
\pgf@xy=\dimen167
\pgf@yx=\dimen168
\pgf@yy=\dimen169
\pgf@zx=\dimen170
\pgf@zy=\dimen171
)
(C:\Users\orfuc\AppData\Local\Programs\MiKTeX\tex/generic/pgf/basiclayer\pgfcor
epathconstruct.code.tex
File: pgfcorepathconstruct.code.tex 2023-01-15 v3.1.10 (3.1.10)
\pgf@path@lastx=\dimen172
\pgf@path@lasty=\dimen173
)
(C:\Users\orfuc\AppData\Local\Programs\MiKTeX\tex/generic/pgf/basiclayer\pgfcor
epathusage.code.tex
File: pgfcorepathusage.code.tex 2023-01-15 v3.1.10 (3.1.10)
\pgf@shorten@end@additional=\dimen174
\pgf@shorten@start@additional=\dimen175
)
(C:\Users\orfuc\AppData\Local\Programs\MiKTeX\tex/generic/pgf/basiclayer\pgfcor
escopes.code.tex
File: pgfcorescopes.code.tex 2023-01-15 v3.1.10 (3.1.10)
\pgfpic=\box55
\pgf@hbox=\box56
\pgf@layerbox@main=\box57
\pgf@picture@serial@count=\count269
)
(C:\Users\orfuc\AppData\Local\Programs\MiKTeX\tex/generic/pgf/basiclayer\pgfcor
egraphicstate.code.tex
File: pgfcoregraphicstate.code.tex 2023-01-15 v3.1.10 (3.1.10)
\pgflinewidth=\dimen176
)
(C:\Users\orfuc\AppData\Local\Programs\MiKTeX\tex/generic/pgf/basiclayer\pgfcor
etransformations.code.tex
File: pgfcoretransformations.code.tex 2023-01-15 v3.1.10 (3.1.10)
\pgf@pt@x=\dimen177
\pgf@pt@y=\dimen178
\pgf@pt@temp=\dimen179
)
(C:\Users\orfuc\AppData\Local\Programs\MiKTeX\tex/generic/pgf/basiclayer\pgfcor
equick.code.tex
File: pgfcorequick.code.tex 2023-01-15 v3.1.10 (3.1.10)
)
(C:\Users\orfuc\AppData\Local\Programs\MiKTeX\tex/generic/pgf/basiclayer\pgfcor
eobjects.code.tex
File: pgfcoreobjects.code.tex 2023-01-15 v3.1.10 (3.1.10)
)
(C:\Users\orfuc\AppData\Local\Programs\MiKTeX\tex/generic/pgf/basiclayer\pgfcor
epathprocessing.code.tex
File: pgfcorepathprocessing.code.tex 2023-01-15 v3.1.10 (3.1.10)
)
(C:\Users\orfuc\AppData\Local\Programs\MiKTeX\tex/generic/pgf/basiclayer\pgfcor
earrows.code.tex
File: pgfcorearrows.code.tex 2023-01-15 v3.1.10 (3.1.10)
\pgfarrowsep=\dimen180
)
(C:\Users\orfuc\AppData\Local\Programs\MiKTeX\tex/generic/pgf/basiclayer\pgfcor
eshade.code.tex
File: pgfcoreshade.code.tex 2023-01-15 v3.1.10 (3.1.10)
\pgf@max=\dimen181
\pgf@sys@shading@range@num=\count270
\pgf@shadingcount=\count271
)
(C:\Users\orfuc\AppData\Local\Programs\MiKTeX\tex/generic/pgf/basiclayer\pgfcor
eimage.code.tex
File: pgfcoreimage.code.tex 2023-01-15 v3.1.10 (3.1.10)
)
(C:\Users\orfuc\AppData\Local\Programs\MiKTeX\tex/generic/pgf/basiclayer\pgfcor
eexternal.code.tex
File: pgfcoreexternal.code.tex 2023-01-15 v3.1.10 (3.1.10)
\pgfexternal@startupbox=\box58
)
(C:\Users\orfuc\AppData\Local\Programs\MiKTeX\tex/generic/pgf/basiclayer\pgfcor
elayers.code.tex
File: pgfcorelayers.code.tex 2023-01-15 v3.1.10 (3.1.10)
)
(C:\Users\orfuc\AppData\Local\Programs\MiKTeX\tex/generic/pgf/basiclayer\pgfcor
etransparency.code.tex
File: pgfcoretransparency.code.tex 2023-01-15 v3.1.10 (3.1.10)
)
(C:\Users\orfuc\AppData\Local\Programs\MiKTeX\tex/generic/pgf/basiclayer\pgfcor
epatterns.code.tex
File: pgfcorepatterns.code.tex 2023-01-15 v3.1.10 (3.1.10)
)
(C:\Users\orfuc\AppData\Local\Programs\MiKTeX\tex/generic/pgf/basiclayer\pgfcor
erdf.code.tex
File: pgfcorerdf.code.tex 2023-01-15 v3.1.10 (3.1.10)
)))
(C:\Users\orfuc\AppData\Local\Programs\MiKTeX\tex/generic/pgf/modules\pgfmodule
shapes.code.tex
File: pgfmoduleshapes.code.tex 2023-01-15 v3.1.10 (3.1.10)
\pgfnodeparttextbox=\box59
)
(C:\Users\orfuc\AppData\Local\Programs\MiKTeX\tex/generic/pgf/modules\pgfmodule
plot.code.tex
File: pgfmoduleplot.code.tex 2023-01-15 v3.1.10 (3.1.10)
)
(C:\Users\orfuc\AppData\Local\Programs\MiKTeX\tex/latex/pgf/compatibility\pgfco
mp-version-0-65.sty
Package: pgfcomp-version-0-65 2023-01-15 v3.1.10 (3.1.10)
\pgf@nodesepstart=\dimen182
\pgf@nodesepend=\dimen183
)
(C:\Users\orfuc\AppData\Local\Programs\MiKTeX\tex/latex/pgf/compatibility\pgfco
mp-version-1-18.sty
Package: pgfcomp-version-1-18 2023-01-15 v3.1.10 (3.1.10)
))
(C:\Users\orfuc\AppData\Local\Programs\MiKTeX\tex/latex/pgf/utilities\pgffor.st
y
(C:\Users\orfuc\AppData\Local\Programs\MiKTeX\tex/latex/pgf/utilities\pgfkeys.s
ty
(C:\Users\orfuc\AppData\Local\Programs\MiKTeX\tex/generic/pgf/utilities\pgfkeys
.code.tex))
(C:\Users\orfuc\AppData\Local\Programs\MiKTeX\tex/latex/pgf/math\pgfmath.sty
(C:\Users\orfuc\AppData\Local\Programs\MiKTeX\tex/generic/pgf/math\pgfmath.code
.tex))
(C:\Users\orfuc\AppData\Local\Programs\MiKTeX\tex/generic/pgf/utilities\pgffor.
code.tex
Package: pgffor 2023-01-15 v3.1.10 (3.1.10)
\pgffor@iter=\dimen184
\pgffor@skip=\dimen185
\pgffor@stack=\toks30
\pgffor@toks=\toks31
))
(C:\Users\orfuc\AppData\Local\Programs\MiKTeX\tex/generic/pgf/frontendlayer/tik
z\tikz.code.tex
Package: tikz 2023-01-15 v3.1.10 (3.1.10)

(C:\Users\orfuc\AppData\Local\Programs\MiKTeX\tex/generic/pgf/libraries\pgflibr
aryplothandlers.code.tex
File: pgflibraryplothandlers.code.tex 2023-01-15 v3.1.10 (3.1.10)
\pgf@plot@mark@count=\count272
\pgfplotmarksize=\dimen186
)
\tikz@lastx=\dimen187
\tikz@lasty=\dimen188
\tikz@lastxsaved=\dimen189
\tikz@lastysaved=\dimen190
\tikz@lastmovetox=\dimen191
\tikz@lastmovetoy=\dimen192
\tikzleveldistance=\dimen193
\tikzsiblingdistance=\dimen194
\tikz@figbox=\box60
\tikz@figbox@bg=\box61
\tikz@tempbox=\box62
\tikz@tempbox@bg=\box63
\tikztreelevel=\count273
\tikznumberofchildren=\count274
\tikznumberofcurrentchild=\count275
\tikz@fig@count=\count276

(C:\Users\orfuc\AppData\Local\Programs\MiKTeX\tex/generic/pgf/modules\pgfmodule
matrix.code.tex
File: pgfmodulematrix.code.tex 2023-01-15 v3.1.10 (3.1.10)
\pgfmatrixcurrentrow=\count277
\pgfmatrixcurrentcolumn=\count278
\pgf@matrix@numberofcolumns=\count279
)
\tikz@expandcount=\count280

(C:\Users\orfuc\AppData\Local\Programs\MiKTeX\tex/generic/pgf/frontendlayer/tik
z/libraries\tikzlibrarytopaths.code.tex
File: tikzlibrarytopaths.code.tex 2023-01-15 v3.1.10 (3.1.10)
)))
(C:\Users\orfuc\AppData\Local\Programs\MiKTeX\tex/latex/caption\subcaption.sty
Package: subcaption 2023/07/28 v1.6b Sub-captions (AR)

(C:\Users\orfuc\AppData\Local\Programs\MiKTeX\tex/latex/caption\caption.sty
Package: caption 2023/07/31 v3.6n Customizing captions (AR)

(C:\Users\orfuc\AppData\Local\Programs\MiKTeX\tex/latex/caption\caption3.sty
Package: caption3 2023/07/31 v2.4d caption3 kernel (AR)
\caption@tempdima=\dimen195
\captionmargin=\dimen196
\caption@leftmargin=\dimen197
\caption@rightmargin=\dimen198
\caption@width=\dimen199
\caption@indent=\dimen256
\caption@parindent=\dimen257
\caption@hangindent=\dimen258
Package caption Info: Standard document class detected.
)
\c@caption@flags=\count281
\c@continuedfloat=\count282
)
Package caption Info: New subtype `subfigure' on input line 238.
\c@subfigure=\count283
Package caption Info: New subtype `subtable' on input line 238.
\c@subtable=\count284
) (C:\Users\orfuc\AppData\Local\Programs\MiKTeX\tex/latex/multirow\multirow.sty
Package: multirow 2021/03/15 v2.8 Span multiple rows of a table
\multirow@colwidth=\skip54
\multirow@cntb=\count285
\multirow@dima=\skip55
\bigstrutjot=\dimen259
)
(C:\Users\orfuc\AppData\Local\Programs\MiKTeX\tex/latex/algorithms\algorithm.st
y
Package: algorithm 2009/08/24 v0.1 Document Style `algorithm' - floating enviro
nment
 (C:\Users\orfuc\AppData\Local\Programs\MiKTeX\tex/latex/float\float.sty
Package: float 2001/11/08 v1.3d Float enhancements (AL)
\c@float@type=\count286
\float@exts=\toks32
\float@box=\box64
\@float@everytoks=\toks33
\@floatcapt=\box65
)
(C:\Users\orfuc\AppData\Local\Programs\MiKTeX\tex/latex/base\ifthen.sty
Package: ifthen 2022/04/13 v1.1d Standard LaTeX ifthen package (DPC)
)
\@float@every@algorithm=\toks34
\c@algorithm=\count287
)
(C:\Users\orfuc\AppData\Local\Programs\MiKTeX\tex/latex/algorithmicx\algorithmi
cx.sty
Package: algorithmicx 2005/04/27 v1.2 Algorithmicx

Document Style algorithmicx 1.2 - a greatly improved `algorithmic' style
\c@ALG@line=\count288
\c@ALG@rem=\count289
\c@ALG@nested=\count290
\ALG@tlm=\skip56
\ALG@thistlm=\skip57
\c@ALG@Lnr=\count291
\c@ALG@blocknr=\count292
\c@ALG@storecount=\count293
\c@ALG@tmpcounter=\count294
\ALG@tmplength=\skip58
)
(C:\Users\orfuc\AppData\Local\Programs\MiKTeX\tex/latex/algorithmicx\algpseudoc
ode.sty
Package: algpseudocode 

Document Style - pseudocode environments for use with the `algorithmicx' style
) (C:\Users\orfuc\AppData\Local\Programs\MiKTeX\tex/latex/booktabs\booktabs.sty
Package: booktabs 2020/01/12 v1.61803398 Publication quality tables
\heavyrulewidth=\dimen260
\lightrulewidth=\dimen261
\cmidrulewidth=\dimen262
\belowrulesep=\dimen263
\belowbottomsep=\dimen264
\aboverulesep=\dimen265
\abovetopsep=\dimen266
\cmidrulesep=\dimen267
\cmidrulekern=\dimen268
\defaultaddspace=\dimen269
\@cmidla=\count295
\@cmidlb=\count296
\@aboverulesep=\dimen270
\@belowrulesep=\dimen271
\@thisruleclass=\count297
\@lastruleclass=\count298
\@thisrulewidth=\dimen272
)
LaTeX Font Info:    Trying to load font information for OT1+ptm on input line 1
04.
 (C:\Users\orfuc\AppData\Local\Programs\MiKTeX\tex/latex/psnfss\ot1ptm.fd
File: ot1ptm.fd 2001/06/04 font definitions for OT1/ptm.
)
(C:\Users\orfuc\AppData\Local\Programs\MiKTeX\tex/latex/l3backend\l3backend-pdf
tex.def
File: l3backend-pdftex.def 2023-04-19 L3 backend support: PDF output (pdfTeX)
\l__color_backend_stack_int=\count299
\l__pdf_internal_box=\box66
) (AAAI-SunT.3353_changed.aux
Runaway argument?
{{5}{6}{Experimental results on Exp3. POS, NER and Chunking tasks com\ETC.
! Paragraph ended before \@newl@bel was complete.
<to be read again> 
                   \par 
l.76 ...##})##2{{##1}}\let \reserved@d =[\def \par
                                                   }{}{}}
I suspect you've forgotten a `}', causing me to apply this
control sequence to too much text. How can we recover?
My plan is to forget the whole thing and hope for the best.

! Extra }, or forgotten \endgroup.
l.76 ...})##2{{##1}}\let \reserved@d =[\def \par }
                                                  {}{}}
I've deleted a group-closing symbol because it seems to be
spurious, as in `$x}$'. But perhaps the } is legitimate and
you forgot something else, as in `\hbox{$x}'. In such cases
the way to recover is to insert both the forgotten and the
deleted material, e.g., by typing `I$}'.

! Extra }, or forgotten \endgroup.
l.76 ...{{##1}}\let \reserved@d =[\def \par }{}{}}
                                                  
I've deleted a group-closing symbol because it seems to be
spurious, as in `$x}$'. But perhaps the } is legitimate and
you forgot something else, as in `\hbox{$x}'. In such cases
the way to recover is to insert both the forgotten and the
deleted material, e.g., by typing `I$}'.

)
\openout1 = `AAAI-SunT.3353_changed.aux'.

LaTeX Font Info:    Checking defaults for OML/cmm/m/it on input line 104.
LaTeX Font Info:    ... okay on input line 104.
LaTeX Font Info:    Checking defaults for OMS/cmsy/m/n on input line 104.
LaTeX Font Info:    ... okay on input line 104.
LaTeX Font Info:    Checking defaults for OT1/cmr/m/n on input line 104.
LaTeX Font Info:    ... okay on input line 104.
LaTeX Font Info:    Checking defaults for T1/cmr/m/n on input line 104.
LaTeX Font Info:    ... okay on input line 104.
LaTeX Font Info:    Checking defaults for TS1/cmr/m/n on input line 104.
LaTeX Font Info:    ... okay on input line 104.
LaTeX Font Info:    Checking defaults for OMX/cmex/m/n on input line 104.
LaTeX Font Info:    ... okay on input line 104.
LaTeX Font Info:    Checking defaults for U/cmr/m/n on input line 104.
LaTeX Font Info:    ... okay on input line 104.

(C:\Users\orfuc\AppData\Local\Programs\MiKTeX\tex/context/base/mkii\supp-pdf.mk
ii
[Loading MPS to PDF converter (version 2006.09.02).]
\scratchcounter=\count300
\scratchdimen=\dimen273
\scratchbox=\box67
\nofMPsegments=\count301
\nofMParguments=\count302
\everyMPshowfont=\toks35
\MPscratchCnt=\count303
\MPscratchDim=\dimen274
\MPnumerator=\count304
\makeMPintoPDFobject=\count305
\everyMPtoPDFconversion=\toks36
)
(C:\Users\orfuc\AppData\Local\Programs\MiKTeX\tex/latex/epstopdf-pkg\epstopdf-b
ase.sty
Package: epstopdf-base 2020-01-24 v2.11 Base part for package epstopdf
Package epstopdf-base Info: Redefining graphics rule for `.eps' on input line 4
85.

(C:\Users\orfuc\AppData\Local\Programs\MiKTeX\tex/latex/00miktex\epstopdf-sys.c
fg
File: epstopdf-sys.cfg 2021/03/18 v2.0 Configuration of epstopdf for MiKTeX
))
Package caption Info: Begin \AtBeginDocument code.
Package caption Info: float package is loaded.
Package caption Info: End \AtBeginDocument code.
LaTeX Font Info:    External font `cmex10' loaded for size
(Font)              <7> on input line 106.
LaTeX Font Info:    External font `cmex10' loaded for size
(Font)              <5> on input line 106.
LaTeX Font Info:    External font `cmex10' loaded for size
(Font)              <12> on input line 106.
LaTeX Font Info:    External font `cmex10' loaded for size
(Font)              <8> on input line 106.
LaTeX Font Info:    External font `cmex10' loaded for size
(Font)              <6> on input line 106.
LaTeX Font Info:    Trying to load font information for TS1+ptm on input line 1
06.
 (C:\Users\orfuc\AppData\Local\Programs\MiKTeX\tex/latex/psnfss\ts1ptm.fd
File: ts1ptm.fd 2001/06/04 font definitions for TS1/ptm.
)
LaTeX Font Info:    Trying to load font information for OMS+ptm on input line 1
06.

(C:\Users\orfuc\AppData\Local\Programs\MiKTeX\tex/latex/psnfss\omsptm.fd
File: omsptm.fd 
)
LaTeX Font Info:    Font shape `OMS/ptm/m/n' in size <10> not available
(Font)              Font shape `OMS/cmsy/m/n' tried instead on input line 106.
LaTeX Font Info:    External font `cmex10' loaded for size
(Font)              <9> on input line 106.


LaTeX Warning: Citation `DBLP:conf/cvpr/MisraSGH16' on page 1 undefined on inpu
t line 115.


LaTeX Warning: Citation `DBLP:conf/cvpr/ZamirSSGMS18' on page 1 undefined on in
put line 115.


LaTeX Warning: Citation `DBLP:conf/icml/CollobertW08' on page 1 undefined on in
put line 115.


LaTeX Warning: Citation `DBLP:journals/corr/LuongLSVK15' on page 1 undefined on
 input line 115.


LaTeX Warning: Citation `DBLP:conf/acl/LiuQH17' on page 1 undefined on input li
ne 115.


LaTeX Warning: Citation `DBLP:journals/ml/Caruana97' on page 1 undefined on inp
ut line 115.



pdfTeX warning: pdflatex (file ./3353_hard_sharing.pdf): PDF inclusion: found P
DF version <1.7>, but at most version <1.5> allowed
<3353_hard_sharing.pdf, id=4, 212.795pt x 282.05376pt>
File: 3353_hard_sharing.pdf Graphic file (type pdf)
<use 3353_hard_sharing.pdf>
Package pdftex.def Info: 3353_hard_sharing.pdf  used on input line 121.
(pdftex.def)             Requested size: 76.60612pt x 101.53926pt.


pdfTeX warning: pdflatex (file ./3353_soft_sharing.pdf): PDF inclusion: found P
DF version <1.7>, but at most version <1.5> allowed
<3353_soft_sharing.pdf, id=5, 257.96375pt x 283.0575pt>
File: 3353_soft_sharing.pdf Graphic file (type pdf)
<use 3353_soft_sharing.pdf>
Package pdftex.def Info: 3353_soft_sharing.pdf  used on input line 127.
(pdftex.def)             Requested size: 92.86687pt x 101.9006pt.


pdfTeX warning: pdflatex (file ./3353_hier_sharing.pdf): PDF inclusion: found P
DF version <1.7>, but at most version <1.5> allowed
<3353_hier_sharing.pdf, id=6, 241.90375pt x 282.05376pt>
File: 3353_hier_sharing.pdf Graphic file (type pdf)
<use 3353_hier_sharing.pdf>
Package pdftex.def Info: 3353_hier_sharing.pdf  used on input line 134.
(pdftex.def)             Requested size: 87.08528pt x 101.53926pt.


pdfTeX warning: pdflatex (file ./3353_sparse_sharing.pdf): PDF inclusion: found
 PDF version <1.7>, but at most version <1.5> allowed
<3353_sparse_sharing.pdf, id=7, 196.735pt x 283.0575pt>
File: 3353_sparse_sharing.pdf Graphic file (type pdf)
<use 3353_sparse_sharing.pdf>
Package pdftex.def Info: 3353_sparse_sharing.pdf  used on input line 140.
(pdftex.def)             Requested size: 70.82452pt x 101.9006pt.


pdfTeX warning: pdflatex (file ./3353_shared_neuron.pdf): PDF inclusion: found 
PDF version <1.7>, but at most version <1.5> allowed
<3353_shared_neuron.pdf, id=8, 30.1125pt x 31.11626pt>
File: 3353_shared_neuron.pdf Graphic file (type pdf)
<use 3353_shared_neuron.pdf>
Package pdftex.def Info: 3353_shared_neuron.pdf  used on input line 144.
(pdftex.def)             Requested size: 7.52809pt x 7.77904pt.


pdfTeX warning: pdflatex (file ./3353_taskA_neuron.pdf): PDF inclusion: found P
DF version <1.7>, but at most version <1.5> allowed
<3353_taskA_neuron.pdf, id=9, 30.1125pt x 31.11626pt>
File: 3353_taskA_neuron.pdf Graphic file (type pdf)
<use 3353_taskA_neuron.pdf>
Package pdftex.def Info: 3353_taskA_neuron.pdf  used on input line 144.
(pdftex.def)             Requested size: 7.52809pt x 7.77904pt.


pdfTeX warning: pdflatex (file ./3353_taskB_neuron.pdf): PDF inclusion: found P
DF version <1.7>, but at most version <1.5> allowed
<3353_taskB_neuron.pdf, id=10, 30.1125pt x 31.11626pt>
File: 3353_taskB_neuron.pdf Graphic file (type pdf)
<use 3353_taskB_neuron.pdf>
Package pdftex.def Info: 3353_taskB_neuron.pdf  used on input line 144.
(pdftex.def)             Requested size: 7.52809pt x 7.77904pt.


pdfTeX warning: pdflatex (file ./3353_taskC_neuron.pdf): PDF inclusion: found P
DF version <1.7>, but at most version <1.5> allowed
<3353_taskC_neuron.pdf, id=11, 31.11626pt x 31.11626pt>
File: 3353_taskC_neuron.pdf Graphic file (type pdf)
<use 3353_taskC_neuron.pdf>
Package pdftex.def Info: 3353_taskC_neuron.pdf  used on input line 144.
(pdftex.def)             Requested size: 7.77904pt x 7.77904pt.
File: 3353_shared_neuron.pdf Graphic file (type pdf)
<use 3353_shared_neuron.pdf>
Package pdftex.def Info: 3353_shared_neuron.pdf  used on input line 144.
(pdftex.def)             Requested size: 7.52809pt x 7.77904pt.
File: 3353_taskA_neuron.pdf Graphic file (type pdf)
<use 3353_taskA_neuron.pdf>
Package pdftex.def Info: 3353_taskA_neuron.pdf  used on input line 144.
(pdftex.def)             Requested size: 7.52809pt x 7.77904pt.
File: 3353_taskB_neuron.pdf Graphic file (type pdf)
<use 3353_taskB_neuron.pdf>
Package pdftex.def Info: 3353_taskB_neuron.pdf  used on input line 144.
(pdftex.def)             Requested size: 7.52809pt x 7.77904pt.
File: 3353_taskC_neuron.pdf Graphic file (type pdf)
<use 3353_taskC_neuron.pdf>
Package pdftex.def Info: 3353_taskC_neuron.pdf  used on input line 144.
(pdftex.def)             Requested size: 7.77904pt x 7.77904pt.

LaTeX Warning: Citation `DBLP:conf/icml/CollobertW08' on page 1 undefined on in
put line 149.


LaTeX Warning: Citation `DBLP:conf/iclr/SubramanianTBP18' on page 1 undefined o
n input line 149.


LaTeX Warning: Citation `DBLP:conf/acl/LiuHCG19' on page 1 undefined on input l
ine 149.


LaTeX Warning: Citation `DBLP:conf/cvpr/MisraSGH16' on page 1 undefined on inpu
t line 149.


LaTeX Warning: Citation `DBLP:conf/ijcai/LiuQH16' on page 1 undefined on input 
line 149.


LaTeX Warning: Citation `DBLP:conf/aaai/RuderBAS19' on page 1 undefined on inpu
t line 149.


LaTeX Warning: Citation `DBLP:conf/acl/SogaardG16' on page 1 undefined on input
 line 149.


LaTeX Warning: Citation `DBLP:conf/emnlp/HashimotoXTS17' on page 1 undefined on
 input line 149.

[1{C:/Users/orfuc/AppData/Local/MiKTeX/fonts/map/pdftex/pdftex.map}{C:/Users/or
fuc/AppData/Local/Programs/MiKTeX/fonts/enc/dvips/base/8r.enc}



 <./3353_hard_sharing.pdf> <./3353_soft_sharing.pdf

pdfTeX warning: pdflatex (file ./3353_soft_sharing.pdf): PDF inclusion: multipl
e pdfs with page group included in a single page
> <./3353_hier_sharing.pdf

pdfTeX warning: pdflatex (file ./3353_hier_sharing.pdf): PDF inclusion: multipl
e pdfs with page group included in a single page
> <./3353_sparse_sharing.pdf

pdfTeX warning: pdflatex (file ./3353_sparse_sharing.pdf): PDF inclusion: multi
ple pdfs with page group included in a single page
> <./3353_shared_neuron.pdf

pdfTeX warning: pdflatex (file ./3353_shared_neuron.pdf): PDF inclusion: multip
le pdfs with page group included in a single page
> <./3353_taskA_neuron.pdf

pdfTeX warning: pdflatex (file ./3353_taskA_neuron.pdf): PDF inclusion: multipl
e pdfs with page group included in a single page
> <./3353_taskB_neuron.pdf

pdfTeX warning: pdflatex (file ./3353_taskB_neuron.pdf): PDF inclusion: multipl
e pdfs with page group included in a single page
> <./3353_taskC_neuron.pdf

pdfTeX warning: pdflatex (file ./3353_taskC_neuron.pdf): PDF inclusion: multipl
e pdfs with page group included in a single page
>]

LaTeX Warning: Citation `DBLP:conf/iclr/FrankleC19' on page 2 undefined on inpu
t line 162.


LaTeX Warning: Citation `DBLP:conf/iclr/FrankleC19' on page 2 undefined on inpu
t line 169.


LaTeX Warning: Citation `DBLP:conf/cvpr/KendallGC18' on page 2 undefined on inp
ut line 185.

<3353_frame.pdf, id=77, 367.3725pt x 349.305pt>
File: 3353_frame.pdf Graphic file (type pdf)
<use 3353_frame.pdf>
Package pdftex.def Info: 3353_frame.pdf  used on input line 202.
(pdftex.def)             Requested size: 239.39438pt x 227.62651pt.
[2]

LaTeX Warning: Citation `DBLP:conf/iclr/ZophL17' on page 3 undefined on input l
ine 217.


LaTeX Warning: Citation `DBLP:conf/aaai/RealAHL19' on page 3 undefined on input
 line 217.


LaTeX Warning: Citation `DBLP:conf/iclr/FrankleC19' on page 3 undefined on inpu
t line 219.


LaTeX Warning: Citation `DBLP:conf/iclr/FrankleC19' on page 3 undefined on inpu
t line 221.


LaTeX Warning: Citation `DBLP:conf/iclr/FrankleC19' on page 3 undefined on inpu
t line 221.


LaTeX Warning: Citation `DBLP:conf/icml/CollobertW08' on page 3 undefined on in
put line 247.


LaTeX Warning: Citation `DBLP:conf/icml/CollobertW08' on page 3 undefined on in
put line 247.


LaTeX Warning: Citation `DBLP:conf/aaai/SanhWR19' on page 3 undefined on input 
line 256.

[3 <./3353_frame.pdf>]

LaTeX Warning: Citation `frankle2019lottery' on page 4 undefined on input line 
265.


LaTeX Warning: Citation `frankle2019lottery' on page 4 undefined on input line 
265.


LaTeX Warning: Citation `DBLP:journals/coling/MarcusSM94' on page 4 undefined o
n input line 271.


LaTeX Warning: Citation `DBLP:conf/conll/SangB00' on page 4 undefined on input 
line 271.


LaTeX Warning: Citation `DBLP:conf/conll/SangM03' on page 4 undefined on input 
line 271.


LaTeX Warning: Citation `DBLP:conf/conll/PradhanMXUZ12' on page 4 undefined on 
input line 271.


LaTeX Warning: Citation `DBLP:conf/aaai/ChenQLH18' on page 4 undefined on input
 line 275.


LaTeX Warning: Citation `DBLP:conf/aaai/ChenQLH18' on page 4 undefined on input
 line 275.

LaTeX Font Info:    Trying to load font information for OT1+pcr on input line 2
78.
(C:\Users\orfuc\AppData\Local\Programs\MiKTeX\tex/latex/psnfss\ot1pcr.fd
File: ot1pcr.fd 2001/06/04 font definitions for OT1/pcr.
)

LaTeX Warning: Citation `DBLP:conf/acl/MaH16' on page 4 undefined on input line
 297.


LaTeX Warning: Citation `DBLP:journals/neco/HochreiterS97' on page 4 undefined 
on input line 297.


LaTeX Warning: Citation `DBLP:conf/emnlp/PenningtonSM14' on page 4 undefined on
 input line 297.


LaTeX Warning: Citation `DBLP:journals/jmlr/SrivastavaHKSS14' on page 4 undefin
ed on input line 297.


LaTeX Warning: Citation `DBLP:conf/icml/LaffertyMP01' on page 4 undefined on in
put line 347.


LaTeX Warning: Citation `DBLP:conf/acl/SogaardG16' on page 4 undefined on input
 line 347.


LaTeX Warning: Citation `DBLP:conf/acl/SogaardG16' on page 4 undefined on input
 line 347.


LaTeX Warning: Citation `DBLP:conf/cvpr/MisraSGH16' on page 4 undefined on inpu
t line 347.


Underfull \vbox (badness 2302) has occurred while \output is active []

 [4]
<3353_pruning.png, id=130, 898.91835pt x 658.25925pt>
File: 3353_pruning.png Graphic file (type png)
<use 3353_pruning.png>
Package pdftex.def Info: 3353_pruning.png  used on input line 371.
(pdftex.def)             Requested size: 215.45348pt x 157.76447pt.


LaTeX Warning: Reference `tab:exp3' on page 5 undefined on input line 377.


LaTeX Warning: Citation `DBLP:conf/aaai/RuderBAS19' on page 5 undefined on inpu
t line 379.


LaTeX Warning: Citation `DBLP:conf/aaai/RuderBAS19' on page 5 undefined on inpu
t line 379.


LaTeX Warning: Citation `DBLP:conf/aaai/ChenQLH18' on page 5 undefined on input
 line 381.


LaTeX Warning: Citation `DBLP:conf/aaai/ChenQLH18' on page 5 undefined on input
 line 381.


LaTeX Warning: Citation `DBLP:journals/jmlr/CollobertWBKKK11' on page 5 undefin
ed on input line 389.


LaTeX Warning: Citation `DBLP:journals/jmlr/CollobertWBKKK11' on page 5 undefin
ed on input line 389.


LaTeX Warning: Citation `huang2015bidirectional' on page 5 undefined on input l
ine 390.


LaTeX Warning: Citation `huang2015bidirectional' on page 5 undefined on input l
ine 390.


LaTeX Warning: Citation `DBLP:conf/aaai/ChenQLH18' on page 5 undefined on input
 line 391.


LaTeX Warning: Citation `DBLP:conf/aaai/ChenQLH18' on page 5 undefined on input
 line 391.


LaTeX Warning: Citation `DBLP:conf/aaai/ChenQLH18' on page 5 undefined on input
 line 397.


LaTeX Warning: Citation `DBLP:conf/aaai/ChenQLH18' on page 5 undefined on input
 line 397.


LaTeX Warning: Citation `DBLP:conf/aaai/ChenQLH18' on page 5 undefined on input
 line 397.


LaTeX Warning: Citation `DBLP:conf/aaai/ChenQLH18' on page 5 undefined on input
 line 397.

! Illegal parameter number in definition of \reserved@a.
<to be read again> 
                   2
l.398 \label{tab:exp3}
                      
You meant to type ## instead of #, right?
Or maybe a } was forgotten somewhere earlier, and things
are all screwed up? I'm going to assume that you meant ##.

! Illegal parameter number in definition of \reserved@a.
<to be read again> 
                   1
l.398 \label{tab:exp3}
                      
You meant to type ## instead of #, right?
Or maybe a } was forgotten somewhere earlier, and things
are all screwed up? I'm going to assume that you meant ##.

! Illegal parameter number in definition of \reserved@a.
<to be read again> 
                   }
l.398 \label{tab:exp3}
                      
You meant to type ## instead of #, right?
Or maybe a } was forgotten somewhere earlier, and things
are all screwed up? I'm going to assume that you meant ##.

! Illegal parameter number in definition of \reserved@a.
<to be read again> 
                   2
l.398 \label{tab:exp3}
                      
You meant to type ## instead of #, right?
Or maybe a } was forgotten somewhere earlier, and things
are all screwed up? I'm going to assume that you meant ##.

! Illegal parameter number in definition of \reserved@a.
<to be read again> 
                   1
l.398 \label{tab:exp3}
                      
You meant to type ## instead of #, right?
Or maybe a } was forgotten somewhere earlier, and things
are all screwed up? I'm going to assume that you meant ##.

! Argument of \caption@@@withoptargs has an extra }.
<inserted text> 
                \par 
l.398 \label{tab:exp3}
                      
I've run across a `}' that doesn't seem to match anything.
For example, `\def\a#1{...}' and `\a}' would produce
this error. If you simply proceed now, the `\par' that
I've just inserted will cause me to report a runaway
argument that might be the root of the problem. But if
your `}' was spurious, just type `2' and it will go away.

Runaway argument?
{\caption@@xlabel }{\@tempswatrue \@citex }\def \reserved@b {\@tempswafalse \ET
C.
! Paragraph ended before \caption@@@withoptargs was complete.
<to be read again> 
                   \par 
l.398 \label{tab:exp3}
                      
I suspect you've forgotten a `}', causing me to apply this
control sequence to too much text. How can we recover?
My plan is to forget the whole thing and hope for the best.

[5 <./3353_pruning.png>]
Underfull \vbox (badness 1043) has occurred while \output is active []

<3353_sparsity.png, id=136, 646.5756pt x 485.05215pt>
File: 3353_sparsity.png Graphic file (type png)
<use 3353_sparsity.png>
Package pdftex.def Info: 3353_sparsity.png  used on input line 455.
(pdftex.def)             Requested size: 215.45348pt x 161.62936pt.
 [6]

LaTeX Warning: Citation `DBLP:journals/ml/Caruana97' on page 7 undefined on inp
ut line 484.


LaTeX Warning: Citation `DBLP:journals/jair/Baxter00' on page 7 undefined on in
put line 484.


LaTeX Warning: Citation `DBLP:conf/acl/SogaardG16' on page 7 undefined on input
 line 484.


LaTeX Warning: Citation `DBLP:conf/emnlp/HashimotoXTS17' on page 7 undefined on
 input line 484.


LaTeX Warning: Citation `DBLP:conf/eacl/PlankA17' on page 7 undefined on input 
line 484.


LaTeX Warning: Citation `DBLP:conf/cvpr/MisraSGH16' on page 7 undefined on inpu
t line 484.


LaTeX Warning: Citation `DBLP:conf/aaai/LiuFDQC19' on page 7 undefined on input
 line 484.


LaTeX Warning: Citation `DBLP:conf/aaai/RuderBAS19' on page 7 undefined on inpu
t line 484.


Underfull \hbox (badness 1616) in paragraph at lines 484--485
[]\OT1/ptm/m/n/10 Neural based multi-task learn-ing ap-proaches can be
 []


LaTeX Warning: Citation `DBLP:conf/iclr/FrankleC19' on page 7 undefined on inpu
t line 486.


LaTeX Warning: Citation `DBLP:conf/iclr/FrankleC19' on page 7 undefined on inpu
t line 486.


LaTeX Warning: Citation `DBLP:conf/iclr/FrankleC19' on page 7 undefined on inpu
t line 486.


LaTeX Warning: Citation `frankle2019lottery' on page 7 undefined on input line 
486.


LaTeX Warning: Citation `frankle2019lottery' on page 7 undefined on input line 
486.


LaTeX Warning: Citation `yu2019playing' on page 7 undefined on input line 486.


LaTeX Warning: Citation `yu2019playing' on page 7 undefined on input line 486.


LaTeX Warning: Citation `DBLP:conf/icml/MolchanovAV17' on page 7 undefined on i
nput line 486.


LaTeX Warning: Citation `louizos2017learning' on page 7 undefined on input line
 486.

No file AAAI-SunT.3353_changed.bbl.

Underfull \hbox (badness 1895) in paragraph at lines 497--499
\OT1/ptm/m/n/10 placeat ex-pe-dita, placeat tem-po-ribus volup-tat-i-bus?Porro
 []

[7 <./3353_sparsity.png>] [8

] (AAAI-SunT.3353_changed.aux
Runaway argument?
{{5}{6}{Experimental results on Exp3. POS, NER and Chunking tasks com\ETC.
! Paragraph ended before \@newl@bel was complete.
<to be read again> 
                   \par 
l.76 ...##})##2{{##1}}\let \reserved@d =[\def \par
                                                   }{}{}}
I suspect you've forgotten a `}', causing me to apply this
control sequence to too much text. How can we recover?
My plan is to forget the whole thing and hope for the best.

! Extra }, or forgotten \endgroup.
l.76 ...})##2{{##1}}\let \reserved@d =[\def \par }
                                                  {}{}}
I've deleted a group-closing symbol because it seems to be
spurious, as in `$x}$'. But perhaps the } is legitimate and
you forgot something else, as in `\hbox{$x}'. In such cases
the way to recover is to insert both the forgotten and the
deleted material, e.g., by typing `I$}'.

! Extra }, or forgotten \endgroup.
l.76 ...{{##1}}\let \reserved@d =[\def \par }{}{}}
                                                  
I've deleted a group-closing symbol because it seems to be
spurious, as in `$x}$'. But perhaps the } is legitimate and
you forgot something else, as in `\hbox{$x}'. In such cases
the way to recover is to insert both the forgotten and the
deleted material, e.g., by typing `I$}'.

)
 ***********
LaTeX2e <2023-06-01> patch level 1
L3 programming layer <2023-08-29>
 ***********


LaTeX Warning: There were undefined references.

 ) 
Here is how much of TeX's memory you used:
 14612 strings out of 475247
 301366 string characters out of 5757792
 1946801 words of memory out of 5000000
 35871 multiletter control sequences out of 15000+600000
 582148 words of font info for 80 fonts, out of 8000000 for 9000
 1141 hyphenation exceptions out of 8191
 84i,16n,87p,1418b,453s stack positions out of 10000i,1000n,20000p,200000b,200000s
<C:/Users/orfuc/AppData/Local/Programs/MiKTeX/fonts/type1/public/amsfonts/cm/
cmbx10.pfb><C:/Users/orfuc/AppData/Local/Programs/MiKTeX/fonts/type1/public/ams
fonts/cm/cmex10.pfb><C:/Users/orfuc/AppData/Local/Programs/MiKTeX/fonts/type1/p
ublic/amsfonts/cm/cmmi10.pfb><C:/Users/orfuc/AppData/Local/Programs/MiKTeX/font
s/type1/public/amsfonts/cm/cmmi5.pfb><C:/Users/orfuc/AppData/Local/Programs/MiK
TeX/fonts/type1/public/amsfonts/cm/cmmi7.pfb><C:/Users/orfuc/AppData/Local/Prog
rams/MiKTeX/fonts/type1/public/amsfonts/cm/cmr10.pfb><C:/Users/orfuc/AppData/Lo
cal/Programs/MiKTeX/fonts/type1/public/amsfonts/cm/cmr5.pfb><C:/Users/orfuc/App
Data/Local/Programs/MiKTeX/fonts/type1/public/amsfonts/cm/cmr7.pfb><C:/Users/or
fuc/AppData/Local/Programs/MiKTeX/fonts/type1/public/amsfonts/cm/cmsy10.pfb><C:
/Users/orfuc/AppData/Local/Programs/MiKTeX/fonts/type1/public/amsfonts/cm/cmsy5
.pfb><C:/Users/orfuc/AppData/Local/Programs/MiKTeX/fonts/type1/public/amsfonts/
cm/cmsy7.pfb><C:/Users/orfuc/AppData/Local/Programs/MiKTeX/fonts/type1/urw/cour
ier/ucrr8a.pfb><C:/Users/orfuc/AppData/Local/Programs/MiKTeX/fonts/type1/urw/ti
mes/utmb8a.pfb><C:/Users/orfuc/AppData/Local/Programs/MiKTeX/fonts/type1/urw/ti
mes/utmr8a.pfb><C:/Users/orfuc/AppData/Local/Programs/MiKTeX/fonts/type1/urw/ti
mes/utmri8a.pfb>
Output written on AAAI-SunT.3353_changed.pdf (8 pages, 1763596 bytes).
PDF statistics:
 210 PDF objects out of 1000 (max. 8388607)
 0 named destinations out of 1000 (max. 500000)
 68 words of extra memory for PDF output out of 10000 (max. 10000000)

