This is pdfTeX, Version 3.141592653-2.6-1.40.25 (MiKTeX 23.10) (preloaded format=pdflatex 2024.1.1)  10 MAR 2024 11:11
entering extended mode
 restricted \write18 enabled.
 %&-line parsing enabled.
**./thesis_changed.tex
(thesis_changed.tex
LaTeX2e <2023-06-01> patch level 1
L3 programming layer <2023-08-29>
(C:\Users\tal12\AppData\Local\Programs\MiKTeX\tex/latex/base\article.cls
Document Class: article 2023/05/17 v1.4n Standard LaTeX document class
(C:\Users\tal12\AppData\Local\Programs\MiKTeX\tex/latex/base\size10.clo
File: size10.clo 2023/05/17 v1.4n Standard LaTeX file (size option)
)
\c@part=\count185
\c@section=\count186
\c@subsection=\count187
\c@subsubsection=\count188
\c@paragraph=\count189
\c@subparagraph=\count190
\c@figure=\count191
\c@table=\count192
\abovecaptionskip=\skip48
\belowcaptionskip=\skip49
\bibindent=\dimen140
)
(aaai23.sty
Package: aaai23 2023/06/27 AAAI 2023 Submission format

Conference Style for AAAI for LaTeX 2e -- version for submission
\titlebox=\skip50
) (C:\Users\tal12\AppData\Local\Programs\MiKTeX\tex/latex/psnfss\times.sty
Package: times 2020/03/25 PSNFSS-v9.3 (SPQR) 
)
(C:\Users\tal12\AppData\Local\Programs\MiKTeX\tex/latex/psnfss\helvet.sty
Package: helvet 2020/03/25 PSNFSS-v9.3 (WaS) 

(C:\Users\tal12\AppData\Local\Programs\MiKTeX\tex/latex/graphics\keyval.sty
Package: keyval 2022/05/29 v1.15 key=value parser (DPC)
\KV@toks@=\toks17
))
(C:\Users\tal12\AppData\Local\Programs\MiKTeX\tex/latex/psnfss\courier.sty
Package: courier 2020/03/25 PSNFSS-v9.3 (WaS) 
)
(C:\Users\tal12\AppData\Local\Programs\MiKTeX\tex/latex/url\url.sty
\Urlmuskip=\muskip16
Package: url 2013/09/16  ver 3.4  Verb mode for urls, etc.
)
(C:\Users\tal12\AppData\Local\Programs\MiKTeX\tex/latex/graphics\graphicx.sty
Package: graphicx 2021/09/16 v1.2d Enhanced LaTeX Graphics (DPC,SPQR)

(C:\Users\tal12\AppData\Local\Programs\MiKTeX\tex/latex/graphics\graphics.sty
Package: graphics 2022/03/10 v1.4e Standard LaTeX Graphics (DPC,SPQR)

(C:\Users\tal12\AppData\Local\Programs\MiKTeX\tex/latex/graphics\trig.sty
Package: trig 2021/08/11 v1.11 sin cos tan (DPC)
)
(C:\Users\tal12\AppData\Local\Programs\MiKTeX\tex/latex/graphics-cfg\graphics.c
fg
File: graphics.cfg 2016/06/04 v1.11 sample graphics configuration
)
Package graphics Info: Driver file: pdftex.def on input line 107.

(C:\Users\tal12\AppData\Local\Programs\MiKTeX\tex/latex/graphics-def\pdftex.def
File: pdftex.def 2022/09/22 v1.2b Graphics/color driver for pdftex
))
\Gin@req@height=\dimen141
\Gin@req@width=\dimen142
) (C:\Users\tal12\AppData\Local\Programs\MiKTeX\tex/latex/natbib\natbib.sty
Package: natbib 2010/09/13 8.31b (PWD, AO)
\bibhang=\skip51
\bibsep=\skip52
LaTeX Info: Redefining \cite on input line 694.
\c@NAT@ctr=\count193
)
(C:\Users\tal12\AppData\Local\Programs\MiKTeX\tex/latex/caption\caption.sty
Package: caption 2023/08/05 v3.6o Customizing captions (AR)

(C:\Users\tal12\AppData\Local\Programs\MiKTeX\tex/latex/caption\caption3.sty
Package: caption3 2023/07/31 v2.4d caption3 kernel (AR)
\caption@tempdima=\dimen143
\captionmargin=\dimen144
\caption@leftmargin=\dimen145
\caption@rightmargin=\dimen146
\caption@width=\dimen147
\caption@indent=\dimen148
\caption@parindent=\dimen149
\caption@hangindent=\dimen150
Package caption Info: Standard document class detected.
)
\c@caption@flags=\count194
\c@continuedfloat=\count195
)
(C:\Users\tal12\AppData\Local\Programs\MiKTeX\tex/latex/algorithms\algorithm.st
y
Package: algorithm 2009/08/24 v0.1 Document Style `algorithm' - floating enviro
nment
 (C:\Users\tal12\AppData\Local\Programs\MiKTeX\tex/latex/float\float.sty
Package: float 2001/11/08 v1.3d Float enhancements (AL)
\c@float@type=\count196
\float@exts=\toks18
\float@box=\box51
\@float@everytoks=\toks19
\@floatcapt=\box52
)
(C:\Users\tal12\AppData\Local\Programs\MiKTeX\tex/latex/base\ifthen.sty
Package: ifthen 2022/04/13 v1.1d Standard LaTeX ifthen package (DPC)
)
\@float@every@algorithm=\toks20
\c@algorithm=\count197
)
(C:\Users\tal12\AppData\Local\Programs\MiKTeX\tex/latex/algorithms\algorithmic.
sty
Package: algorithmic 2009/08/24 v0.1 Document Style `algorithmic'
\c@ALC@unique=\count198
\c@ALC@line=\count199
\c@ALC@rem=\count266
\c@ALC@depth=\count267
\ALC@tlm=\skip53
\algorithmicindent=\skip54
)
(C:\Users\tal12\AppData\Local\Programs\MiKTeX\tex/latex/newfloat\newfloat.sty
Package: newfloat 2023/10/01 v1.2 Defining new floating environments (AR)
)
(C:\Users\tal12\AppData\Local\Programs\MiKTeX\tex/latex/listings\listings.sty
\lst@mode=\count268
\lst@gtempboxa=\box53
\lst@token=\toks21
\lst@length=\count269
\lst@currlwidth=\dimen151
\lst@column=\count270
\lst@pos=\count271
\lst@lostspace=\dimen152
\lst@width=\dimen153
\lst@newlines=\count272
\lst@lineno=\count273
\lst@maxwidth=\dimen154

(C:\Users\tal12\AppData\Local\Programs\MiKTeX\tex/latex/listings\lstmisc.sty
File: lstmisc.sty 2023/02/27 1.9 (Carsten Heinz)
\c@lstnumber=\count274
\lst@skipnumbers=\count275
\lst@framebox=\box54
)
(C:\Users\tal12\AppData\Local\Programs\MiKTeX\tex/latex/listings\listings.cfg
File: listings.cfg 2023/02/27 1.9 listings configuration
))
Package: listings 2023/02/27 1.9 (Carsten Heinz)
\@float@every@listing=\toks22
\c@listing=\count276
(C:\Users\tal12\AppData\Local\Programs\MiKTeX\tex/latex/amsmath\amsmath.sty
Package: amsmath 2023/05/13 v2.17o AMS math features
\@mathmargin=\skip55

For additional information on amsmath, use the `?' option.
(C:\Users\tal12\AppData\Local\Programs\MiKTeX\tex/latex/amsmath\amstext.sty
Package: amstext 2021/08/26 v2.01 AMS text

(C:\Users\tal12\AppData\Local\Programs\MiKTeX\tex/latex/amsmath\amsgen.sty
File: amsgen.sty 1999/11/30 v2.0 generic functions
\@emptytoks=\toks23
\ex@=\dimen155
))
(C:\Users\tal12\AppData\Local\Programs\MiKTeX\tex/latex/amsmath\amsbsy.sty
Package: amsbsy 1999/11/29 v1.2d Bold Symbols
\pmbraise@=\dimen156
)
(C:\Users\tal12\AppData\Local\Programs\MiKTeX\tex/latex/amsmath\amsopn.sty
Package: amsopn 2022/04/08 v2.04 operator names
)
\inf@bad=\count277
LaTeX Info: Redefining \frac on input line 234.
\uproot@=\count278
\leftroot@=\count279
LaTeX Info: Redefining \overline on input line 399.
LaTeX Info: Redefining \colon on input line 410.
\classnum@=\count280
\DOTSCASE@=\count281
LaTeX Info: Redefining \ldots on input line 496.
LaTeX Info: Redefining \dots on input line 499.
LaTeX Info: Redefining \cdots on input line 620.
\Mathstrutbox@=\box55
\strutbox@=\box56
LaTeX Info: Redefining \big on input line 722.
LaTeX Info: Redefining \Big on input line 723.
LaTeX Info: Redefining \bigg on input line 724.
LaTeX Info: Redefining \Bigg on input line 725.
\big@size=\dimen157
LaTeX Font Info:    Redeclaring font encoding OML on input line 743.
LaTeX Font Info:    Redeclaring font encoding OMS on input line 744.
\macc@depth=\count282
LaTeX Info: Redefining \bmod on input line 905.
LaTeX Info: Redefining \pmod on input line 910.
LaTeX Info: Redefining \smash on input line 940.
LaTeX Info: Redefining \relbar on input line 970.
LaTeX Info: Redefining \Relbar on input line 971.
\c@MaxMatrixCols=\count283
\dotsspace@=\muskip17
\c@parentequation=\count284
\dspbrk@lvl=\count285
\tag@help=\toks24
\row@=\count286
\column@=\count287
\maxfields@=\count288
\andhelp@=\toks25
\eqnshift@=\dimen158
\alignsep@=\dimen159
\tagshift@=\dimen160
\tagwidth@=\dimen161
\totwidth@=\dimen162
\lineht@=\dimen163
\@envbody=\toks26
\multlinegap=\skip56
\multlinetaggap=\skip57
\mathdisplay@stack=\toks27
LaTeX Info: Redefining \[ on input line 2953.
LaTeX Info: Redefining \] on input line 2954.
)
(C:\Users\tal12\AppData\Local\Programs\MiKTeX\tex/latex/amsfonts\amsfonts.sty
Package: amsfonts 2013/01/14 v3.01 Basic AMSFonts support
\symAMSa=\mathgroup4
\symAMSb=\mathgroup5
LaTeX Font Info:    Redeclaring math symbol \hbar on input line 98.
LaTeX Font Info:    Overwriting math alphabet `\mathfrak' in version `bold'
(Font)                  U/euf/m/n --> U/euf/b/n on input line 106.
)
(C:\Users\tal12\AppData\Local\Programs\MiKTeX\tex/latex/booktabs\booktabs.sty
Package: booktabs 2020/01/12 v1.61803398 Publication quality tables
\heavyrulewidth=\dimen164
\lightrulewidth=\dimen165
\cmidrulewidth=\dimen166
\belowrulesep=\dimen167
\belowbottomsep=\dimen168
\aboverulesep=\dimen169
\abovetopsep=\dimen170
\cmidrulesep=\dimen171
\cmidrulekern=\dimen172
\defaultaddspace=\dimen173
\@cmidla=\count289
\@cmidlb=\count290
\@aboverulesep=\dimen174
\@belowrulesep=\dimen175
\@thisruleclass=\count291
\@lastruleclass=\count292
\@thisrulewidth=\dimen176
)
(C:\Users\tal12\AppData\Local\Programs\MiKTeX\tex/latex/diagbox\diagbox.sty
Package: diagbox 2020/02/09 v2.3 Making table heads with diagonal lines

(C:\Users\tal12\AppData\Local\Programs\MiKTeX\tex/latex/pict2e\pict2e.sty
Package: pict2e 2020/09/30 v0.4b Improved picture commands (HjG,RN,JT)

(C:\Users\tal12\AppData\Local\Programs\MiKTeX\tex/latex/pict2e\pict2e.cfg
File: pict2e.cfg 2016/02/05 v0.1u pict2e configuration for teTeX/TeXLive
)
Package pict2e Info: Driver file: pdftex.def on input line 112.
Package pict2e Info: Driver file for pict2e: p2e-pdftex.def on input line 114.

(C:\Users\tal12\AppData\Local\Programs\MiKTeX\tex/latex/pict2e\p2e-pdftex.def
File: p2e-pdftex.def 2016/02/05 v0.1u Driver-dependant file (RN,HjG,JT)
)
\pIIe@GRAPH=\toks28
\@arclen=\dimen177
\@arcrad=\dimen178
\pIIe@tempdima=\dimen179
\pIIe@tempdimb=\dimen180
\pIIe@tempdimc=\dimen181
\pIIe@tempdimd=\dimen182
\pIIe@tempdime=\dimen183
\pIIe@tempdimf=\dimen184
) (C:\Users\tal12\AppData\Local\Programs\MiKTeX\tex/latex/tools\calc.sty
Package: calc 2017/05/25 v4.3 Infix arithmetic (KKT,FJ)
\calc@Acount=\count293
\calc@Bcount=\count294
\calc@Adimen=\dimen185
\calc@Bdimen=\dimen186
\calc@Askip=\skip58
\calc@Bskip=\skip59
LaTeX Info: Redefining \setlength on input line 80.
LaTeX Info: Redefining \addtolength on input line 81.
\calc@Ccount=\count295
\calc@Cskip=\skip60
)
(C:\Users\tal12\AppData\Local\Programs\MiKTeX\tex/latex/tools\array.sty
Package: array 2022/09/04 v2.5g Tabular extension package (FMi)
\col@sep=\dimen187
\ar@mcellbox=\box57
\extrarowheight=\dimen188
\NC@list=\toks29
\extratabsurround=\skip61
\backup@length=\skip62
\ar@cellbox=\box58
)
\diagbox@boxa=\box59
\diagbox@boxb=\box60
\diagbox@boxm=\box61
\diagbox@wd=\dimen189
\diagbox@ht=\dimen190
\diagbox@insepl=\dimen191
\diagbox@insepr=\dimen192
\diagbox@outsepl=\dimen193
\diagbox@outsepr=\dimen194
)
(C:\Users\tal12\AppData\Local\Programs\MiKTeX\tex/latex/makecell\makecell.sty
Package: makecell 2009/08/03 V0.1e Managing of Tab Column Heads and Cells
\rotheadsize=\dimen195
\c@nlinenum=\count296
\TeXr@lab=\toks30
)
(C:\Users\tal12\AppData\Local\Programs\MiKTeX\tex/latex/multirow\multirow.sty
Package: multirow 2021/03/15 v2.8 Span multiple rows of a table
\multirow@colwidth=\skip63
\multirow@cntb=\count297
\multirow@dima=\skip64
\bigstrutjot=\dimen196
)
(C:\Users\tal12\AppData\Local\Programs\MiKTeX\tex/latex/subfigure\subfigure.sty
Package: subfigure 2002/07/30 v2.1.4 subfigure package
\subfigtopskip=\skip65
\subfigcapskip=\skip66
\subfigcaptopadj=\dimen197
\subfigbottomskip=\skip67
\subfigcapmargin=\dimen198
\subfiglabelskip=\skip68
\c@subfigure=\count298
\c@lofdepth=\count299
\c@subtable=\count300
\c@lotdepth=\count301
****************************************
* Local config file subfigure.cfg used *
****************************************

(C:\Users\tal12\AppData\Local\Programs\MiKTeX\tex/latex/subfigure\subfigure.cfg
)
\subfig@top=\skip69
\subfig@bottom=\skip70
)
LaTeX Font Info:    Trying to load font information for OT1+ptm on input line 1
14.
 (C:\Users\tal12\AppData\Local\Programs\MiKTeX\tex/latex/psnfss\ot1ptm.fd
File: ot1ptm.fd 2001/06/04 font definitions for OT1/ptm.
)
(C:\Users\tal12\AppData\Local\Programs\MiKTeX\tex/latex/l3backend\l3backend-pdf
tex.def
File: l3backend-pdftex.def 2023-04-19 L3 backend support: PDF output (pdfTeX)
\l__color_backend_stack_int=\count302
\l__pdf_internal_box=\box62
) (thesis_changed.aux)
\openout1 = `thesis_changed.aux'.

LaTeX Font Info:    Checking defaults for OML/cmm/m/it on input line 114.
LaTeX Font Info:    ... okay on input line 114.
LaTeX Font Info:    Checking defaults for OMS/cmsy/m/n on input line 114.
LaTeX Font Info:    ... okay on input line 114.
LaTeX Font Info:    Checking defaults for OT1/cmr/m/n on input line 114.
LaTeX Font Info:    ... okay on input line 114.
LaTeX Font Info:    Checking defaults for T1/cmr/m/n on input line 114.
LaTeX Font Info:    ... okay on input line 114.
LaTeX Font Info:    Checking defaults for TS1/cmr/m/n on input line 114.
LaTeX Font Info:    ... okay on input line 114.
LaTeX Font Info:    Checking defaults for OMX/cmex/m/n on input line 114.
LaTeX Font Info:    ... okay on input line 114.
LaTeX Font Info:    Checking defaults for U/cmr/m/n on input line 114.
LaTeX Font Info:    ... okay on input line 114.

(C:\Users\tal12\AppData\Local\Programs\MiKTeX\tex/context/base/mkii\supp-pdf.mk
ii
[Loading MPS to PDF converter (version 2006.09.02).]
\scratchcounter=\count303
\scratchdimen=\dimen199
\scratchbox=\box63
\nofMPsegments=\count304
\nofMParguments=\count305
\everyMPshowfont=\toks31
\MPscratchCnt=\count306
\MPscratchDim=\dimen256
\MPnumerator=\count307
\makeMPintoPDFobject=\count308
\everyMPtoPDFconversion=\toks32
)
(C:\Users\tal12\AppData\Local\Programs\MiKTeX\tex/latex/epstopdf-pkg\epstopdf-b
ase.sty
Package: epstopdf-base 2020-01-24 v2.11 Base part for package epstopdf
Package epstopdf-base Info: Redefining graphics rule for `.eps' on input line 4
85.

(C:\Users\tal12\AppData\Local\Programs\MiKTeX\tex/latex/00miktex\epstopdf-sys.c
fg
File: epstopdf-sys.cfg 2021/03/18 v2.0 Configuration of epstopdf for MiKTeX
))
Package caption Info: Begin \AtBeginDocument code.
Package caption Info: float package is loaded.
Package caption Info: listings package is loaded.
Package caption Info: subfigure package is loaded.
Package caption Info: End \AtBeginDocument code.
Package newfloat Info: `float' package detected.
\c@lstlisting=\count309
\c@eqfn=\count310
\titlearea=\box64
LaTeX Font Info:    Trying to load font information for U+msa on input line 116
.
 (C:\Users\tal12\AppData\Local\Programs\MiKTeX\tex/latex/amsfonts\umsa.fd
File: umsa.fd 2013/01/14 v3.01 AMS symbols A
)
LaTeX Font Info:    Trying to load font information for U+msb on input line 116
.

(C:\Users\tal12\AppData\Local\Programs\MiKTeX\tex/latex/amsfonts\umsb.fd
File: umsb.fd 2013/01/14 v3.01 AMS symbols B
)
LaTeX Font Info:    Trying to load font information for TS1+ptm on input line 1
16.

(C:\Users\tal12\AppData\Local\Programs\MiKTeX\tex/latex/psnfss\ts1ptm.fd
File: ts1ptm.fd 2001/06/04 font definitions for TS1/ptm.
)
LaTeX Font Info:    Trying to load font information for OMS+ptm on input line 1
16.

(C:\Users\tal12\AppData\Local\Programs\MiKTeX\tex/latex/psnfss\omsptm.fd
File: omsptm.fd 
)
LaTeX Font Info:    Font shape `OMS/ptm/m/n' in size <10> not available
(Font)              Font shape `OMS/cmsy/m/n' tried instead on input line 116.
\actualheight=\skip71


Package natbib Warning: Citation `hubel1959receptive' on page 1 undefined on in
put line 125.


Package natbib Warning: Citation `hubel1962receptive' on page 1 undefined on in
put line 125.


Package natbib Warning: Citation `lecun2015deep' on page 1 undefined on input l
ine 125.


Package natbib Warning: Citation `khaligh2014deep' on page 1 undefined on input
 line 125.


Package natbib Warning: Citation `yamins2014performance' on page 1 undefined on
 input line 125.


Package natbib Warning: Citation `yamins2016using' on page 1 undefined on input
 line 125.


Package natbib Warning: Citation `gucclu2015deep' on page 1 undefined on input 
line 125.


Package natbib Warning: Citation `kubilius2019brain' on page 1 undefined on inp
ut line 125.


Package natbib Warning: Citation `nayebi2018task' on page 1 undefined on input 
line 125.


Package natbib Warning: Citation `kietzmann2019recurrence' on page 1 undefined 
on input line 125.


Package natbib Warning: Citation `bashivan2019neural' on page 1 undefined on in
put line 125.


Package natbib Warning: Citation `ponce2019evolving' on page 1 undefined on inp
ut line 125.


Package natbib Warning: Citation `zoccolan2009rodent' on page 1 undefined on in
put line 125.


Package natbib Warning: Citation `de2020large' on page 1 undefined on input lin
e 125.


Package natbib Warning: Citation `shi2019comparison' on page 1 undefined on inp
ut line 125.


Package natbib Warning: Citation `cadena2019well' on page 1 undefined on input 
line 125.


Package natbib Warning: Citation `nayebi2022mouse' on page 1 undefined on input
 line 125.


Package natbib Warning: Citation `bakhtiari2021functional' on page 1 undefined 
on input line 125.


Package natbib Warning: Citation `conwell2021neural' on page 1 undefined on inp
ut line 125.


Package natbib Warning: Citation `pham2008control' on page 1 undefined on input
 line 127.


Package natbib Warning: Citation `maass1997networks' on page 1 undefined on inp
ut line 127.


Package natbib Warning: Citation `hodgkin1952quantitative' on page 1 undefined 
on input line 127.


Package natbib Warning: Citation `gerstner2002spiking' on page 1 undefined on i
nput line 127.


Package natbib Warning: Citation `izhikevich2004model' on page 1 undefined on i
nput line 127.


Package natbib Warning: Citation `brette2007simulation' on page 1 undefined on 
input line 127.


Package natbib Warning: Citation `kasabov2013dynamic' on page 1 undefined on in
put line 127.


Package natbib Warning: Citation `fang2021deep' on page 1 undefined on input li
ne 127.



pdfTeX warning: pdflatex (file ./figs/framework.pdf): PDF inclusion: found PDF 
version <1.6>, but at most version <1.5> allowed
<figs/framework.pdf, id=1, 1131.22626pt x 390.96063pt>
File: figs/framework.pdf Graphic file (type pdf)
<use figs/framework.pdf>
Package pdftex.def Info: figs/framework.pdf  used on input line 131.
(pdftex.def)             Requested size: 500.83388pt x 173.09103pt.
[1{C:/Users/tal12/AppData/Local/MiKTeX/fonts/map/pdftex/pdftex.map}{C:/Users/ta
l12/AppData/Local/Programs/MiKTeX/fonts/enc/dvips/base/8r.enc}



]

Package natbib Warning: Citation `khaligh2014deep' on page 2 undefined on input
 line 152.


Package natbib Warning: Citation `yamins2014performance' on page 2 undefined on
 input line 152.


Package natbib Warning: Citation `yamins2016using' on page 2 undefined on input
 line 152.


Package natbib Warning: Citation `kubilius2019brain' on page 2 undefined on inp
ut line 152.


Package natbib Warning: Citation `dapello2020simulating' on page 2 undefined on
 input line 152.


Package natbib Warning: Citation `zhuang2021unsupervised' on page 2 undefined o
n input line 152.


Package natbib Warning: Citation `higgins2021unsupervised' on page 2 undefined 
on input line 152.


Package natbib Warning: Citation `kubilius2019brain' on page 2 undefined on inp
ut line 152.


Package natbib Warning: Citation `dapello2020simulating' on page 2 undefined on
 input line 152.


Package natbib Warning: Citation `zhuang2021unsupervised' on page 2 undefined o
n input line 152.


Package natbib Warning: Citation `higgins2021unsupervised' on page 2 undefined 
on input line 152.


Package natbib Warning: Citation `de2020large' on page 2 undefined on input lin
e 154.


Package natbib Warning: Citation `siegle2021survey' on page 2 undefined on inpu
t line 154.


Package natbib Warning: Citation `shi2019comparison' on page 2 undefined on inp
ut line 154.


Package natbib Warning: Citation `bakhtiari2021functional' on page 2 undefined 
on input line 154.


Package natbib Warning: Citation `conwell2021neural' on page 2 undefined on inp
ut line 154.


Package natbib Warning: Citation `siegle2021survey' on page 2 undefined on inpu
t line 164.


Package natbib Warning: Citation `chang2021explaining' on page 2 undefined on i
nput line 166.


Package natbib Warning: Citation `chang2021explaining' on page 2 undefined on i
nput line 166.

[2 <./figs/framework.pdf>]

Package natbib Warning: Citation `majaj2015simple' on page 3 undefined on input
 line 168.


Package natbib Warning: Citation `schrimpf2020brain' on page 3 undefined on inp
ut line 168.


Package natbib Warning: Citation `fang2021deep' on page 3 undefined on input li
ne 173.


Package natbib Warning: Citation `SpikingJelly' on page 3 undefined on input li
ne 173.


Package natbib Warning: Citation `paszke2019pytorch' on page 3 undefined on inp
ut line 173.


Package natbib Warning: Citation `rw2019timm' on page 3 undefined on input line
 173.


Package natbib Warning: Citation `kubilius2019brain' on page 3 undefined on inp
ut line 173.


Package natbib Warning: Citation `kriegeskorte2008matching' on page 3 undefined
 on input line 178.


Package natbib Warning: Citation `kriegeskorte2008representational' on page 3 u
ndefined on input line 178.


Package natbib Warning: Citation `carandini2005we' on page 3 undefined on input
 line 178.


Package natbib Warning: Citation `yamins2014performance' on page 3 undefined on
 input line 178.


Package natbib Warning: Citation `schrimpf2020brain' on page 3 undefined on inp
ut line 178.


Package natbib Warning: Citation `schrimpf2020integrative' on page 3 undefined 
on input line 178.


Package natbib Warning: Citation `raghu2017svcca' on page 3 undefined on input 
line 178.


Package natbib Warning: Citation `morcos2018insights' on page 3 undefined on in
put line 178.


Package natbib Warning: Citation `shi2019comparison' on page 3 undefined on inp
ut line 178.


Package natbib Warning: Citation `raghu2017svcca' on page 3 undefined on input 
line 186.


Package natbib Warning: Citation `raghu2017svcca' on page 3 undefined on input 
line 186.

<figs/resnet_compare.pdf, id=390, 867.24pt x 722.7pt>
File: figs/resnet_compare.pdf Graphic file (type pdf)
<use figs/resnet_compare.pdf>
Package pdftex.def Info: figs/resnet_compare.pdf  used on input line 196.
(pdftex.def)             Requested size: 242.82503pt x 202.35461pt.

Overfull \hbox (3.43065pt too wide) in paragraph at lines 196--197
 [][] 
 []

[3]
Underfull \hbox (badness 10000) in paragraph at lines 205--206
\OT1/ptm/m/n/10 Reg, Wide-SEW-ResNet14 and Wide-SEW-ResNet8
 []


Underfull \hbox (badness 1502) in paragraph at lines 205--206
\OT1/ptm/m/n/10 mar-gin. As for SEW ResNet and ResNet, the for-mer
 []


Underfull \hbox (badness 1237) in paragraph at lines 207--208
\OT1/ptm/m/n/10 met-rics. SEW ResNet per-forms mod-er-ately bet-ter than
 []

<figs/resnet_trajectory_compare.pdf, id=399, 1084.05pt x 722.7pt>
File: figs/resnet_trajectory_compare.pdf Graphic file (type pdf)
<use figs/resnet_trajectory_compare.pdf>
Package pdftex.def Info: figs/resnet_trajectory_compare.pdf  used on input line
 211.
(pdftex.def)             Requested size: 242.82503pt x 161.87267pt.

Overfull \hbox (3.43065pt too wide) in paragraph at lines 211--212
 [][] 
 []

<figs/best_layer_mouse.pdf, id=400, 1300.86pt x 433.62pt>
File: figs/best_layer_mouse.pdf Graphic file (type pdf)
<use figs/best_layer_mouse.pdf>
Package pdftex.def Info: figs/best_layer_mouse.pdf  used on input line 224.
(pdftex.def)             Requested size: 237.7689pt x 79.25243pt.
<figs//best_layer_macaque.pdf, id=401, 1084.05pt x 433.62pt>
File: figs//best_layer_macaque.pdf Graphic file (type pdf)
<use figs//best_layer_macaque.pdf>
Package pdftex.def Info: figs//best_layer_macaque.pdf  used on input line 225.
(pdftex.def)             Requested size: 237.7689pt x 95.10556pt.

Underfull \vbox (badness 10000) has occurred while \output is active []

 [4 <./figs/resnet_compare.pdf> <./figs/resnet_trajectory_compare.pdf>]

Package natbib Warning: Citation `djurdjevic2018accuracy' on page 5 undefined o
n input line 270.


Package natbib Warning: Citation `siegle2021survey' on page 5 undefined on inpu
t line 270.


Package natbib Warning: Citation `zhu2013multi' on page 5 undefined on input li
ne 270.

[5 <./figs/best_layer_mouse.pdf> <./figs//best_layer_macaque.pdf>]

Package natbib Warning: Citation `shi2022mousenet' on page 6 undefined on input
 line 276.


Package natbib Warning: Citation `nayebi2022mouse' on page 6 undefined on input
 line 276.


Package natbib Warning: Citation `wang2012network' on page 6 undefined on input
 line 276.


Package natbib Warning: Citation `siegle2021survey' on page 6 undefined on inpu
t line 276.


Underfull \vbox (badness 10000) has occurred while \output is active []

<figs/trajectory_compare_macaque_synthetic_nv.pdf, id=517, 1300.86pt x 433.62pt
>
File: figs/trajectory_compare_macaque_synthetic_nv.pdf Graphic file (type pdf)
<use figs/trajectory_compare_macaque_synthetic_nv.pdf>
Package pdftex.def Info: figs/trajectory_compare_macaque_synthetic_nv.pdf  used
 on input line 280.
(pdftex.def)             Requested size: 500.83388pt x 166.9409pt.

Underfull \vbox (badness 10000) has occurred while \output is active []

 [6]

Package natbib Warning: Citation `conwell2021neural' on page 7 undefined on inp
ut line 291.


Package natbib Warning: Citation `shi2019comparison' on page 7 undefined on inp
ut line 291.


Package natbib Warning: Citation `nayebi2022mouse' on page 7 undefined on input
 line 291.


Underfull \hbox (badness 1173) in paragraph at lines 303--304
\OT1/ptm/m/n/10 Foun-da-tion of China (No.61825101, No.62027804, and
 []

[7 <./figs/trajectory_compare_macaque_synthetic_nv.pdf>] [8

]
No file thesis_changed.bbl.

Package natbib Warning: There were undefined citations.

(thesis_changed.aux)
 ***********
LaTeX2e <2023-06-01> patch level 1
L3 programming layer <2023-08-29>
 ***********
 ) 
Here is how much of TeX's memory you used:
 6906 strings out of 475247
 112682 string characters out of 5757793
 1940785 words of memory out of 5000000
 28321 multiletter control sequences out of 15000+600000
 585367 words of font info for 96 fonts, out of 8000000 for 9000
 1141 hyphenation exceptions out of 8191
 57i,17n,65p,2096b,332s stack positions out of 10000i,1000n,20000p,200000b,200000s
<C:/Users/tal12/AppData/Local/Programs/MiKTeX/fonts/type1/public/amsfonts/cm/
cmmi10.pfb><C:/Users/tal12/AppData/Local/Programs/MiKTeX/fonts/type1/public/ams
fonts/cm/cmmi7.pfb><C:/Users/tal12/AppData/Local/Programs/MiKTeX/fonts/type1/pu
blic/amsfonts/cm/cmmi9.pfb><C:/Users/tal12/AppData/Local/Programs/MiKTeX/fonts/
type1/public/amsfonts/cm/cmr10.pfb><C:/Users/tal12/AppData/Local/Programs/MiKTe
X/fonts/type1/public/amsfonts/cm/cmr7.pfb><C:/Users/tal12/AppData/Local/Program
s/MiKTeX/fonts/type1/public/amsfonts/cm/cmr9.pfb><C:/Users/tal12/AppData/Local/
Programs/MiKTeX/fonts/type1/public/amsfonts/cm/cmsy10.pfb><C:/Users/tal12/AppDa
ta/Local/Programs/MiKTeX/fonts/type1/public/amsfonts/cm/cmsy7.pfb><C:/Users/tal
12/AppData/Local/Programs/MiKTeX/fonts/type1/public/amsfonts/symbols/msbm10.pfb
><C:/Users/tal12/AppData/Local/Programs/MiKTeX/fonts/type1/urw/times/utmb8a.pfb
><C:/Users/tal12/AppData/Local/Programs/MiKTeX/fonts/type1/urw/times/utmr8a.pfb
><C:/Users/tal12/AppData/Local/Programs/MiKTeX/fonts/type1/urw/times/utmri8a.pf
b>
Output written on thesis_changed.pdf (8 pages, 5425217 bytes).
PDF statistics:
 588 PDF objects out of 1000 (max. 8388607)
 0 named destinations out of 1000 (max. 500000)
 31 words of extra memory for PDF output out of 10000 (max. 10000000)

