This is pdfTeX, Version 3.141592653-2.6-1.40.25 (MiKTeX 23.10) (preloaded format=pdflatex 2024.1.1)  10 MAR 2024 12:22
entering extended mode
 restricted \write18 enabled.
 %&-line parsing enabled.
**./main_changed.tex
(main_changed.tex
LaTeX2e <2023-06-01> patch level 1
L3 programming layer <2023-08-29>
(C:\Users\tal12\AppData\Local\Programs\MiKTeX\tex/latex/base\article.cls
Document Class: article 2023/05/17 v1.4n Standard LaTeX document class
(C:\Users\tal12\AppData\Local\Programs\MiKTeX\tex/latex/base\size10.clo
File: size10.clo 2023/05/17 v1.4n Standard LaTeX file (size option)
)
\c@part=\count185
\c@section=\count186
\c@subsection=\count187
\c@subsubsection=\count188
\c@paragraph=\count189
\c@subparagraph=\count190
\c@figure=\count191
\c@table=\count192
\abovecaptionskip=\skip48
\belowcaptionskip=\skip49
\bibindent=\dimen140
)
(aaai20.sty
Conference Style for AAAI for LaTeX 2e -- version for the AAAI-20 conference
\titlebox=\skip50
) (C:\Users\tal12\AppData\Local\Programs\MiKTeX\tex/latex/psnfss\times.sty
Package: times 2020/03/25 PSNFSS-v9.3 (SPQR) 
)
(C:\Users\tal12\AppData\Local\Programs\MiKTeX\tex/latex/psnfss\helvet.sty
Package: helvet 2020/03/25 PSNFSS-v9.3 (WaS) 

(C:\Users\tal12\AppData\Local\Programs\MiKTeX\tex/latex/graphics\keyval.sty
Package: keyval 2022/05/29 v1.15 key=value parser (DPC)
\KV@toks@=\toks17
))
(C:\Users\tal12\AppData\Local\Programs\MiKTeX\tex/latex/psnfss\courier.sty
Package: courier 2020/03/25 PSNFSS-v9.3 (WaS) 
)
(C:\Users\tal12\AppData\Local\Programs\MiKTeX\tex/latex/url\url.sty
\Urlmuskip=\muskip16
Package: url 2013/09/16  ver 3.4  Verb mode for urls, etc.
)
(C:\Users\tal12\AppData\Local\Programs\MiKTeX\tex/latex/graphics\graphicx.sty
Package: graphicx 2021/09/16 v1.2d Enhanced LaTeX Graphics (DPC,SPQR)

(C:\Users\tal12\AppData\Local\Programs\MiKTeX\tex/latex/graphics\graphics.sty
Package: graphics 2022/03/10 v1.4e Standard LaTeX Graphics (DPC,SPQR)

(C:\Users\tal12\AppData\Local\Programs\MiKTeX\tex/latex/graphics\trig.sty
Package: trig 2021/08/11 v1.11 sin cos tan (DPC)
)
(C:\Users\tal12\AppData\Local\Programs\MiKTeX\tex/latex/graphics-cfg\graphics.c
fg
File: graphics.cfg 2016/06/04 v1.11 sample graphics configuration
)
Package graphics Info: Driver file: pdftex.def on input line 107.

(C:\Users\tal12\AppData\Local\Programs\MiKTeX\tex/latex/graphics-def\pdftex.def
File: pdftex.def 2022/09/22 v1.2b Graphics/color driver for pdftex
))
\Gin@req@height=\dimen141
\Gin@req@width=\dimen142
)
LaTeX Font Info:    Trying to load font information for OT1+ptm on input line 4
8.
 (C:\Users\tal12\AppData\Local\Programs\MiKTeX\tex/latex/psnfss\ot1ptm.fd
File: ot1ptm.fd 2001/06/04 font definitions for OT1/ptm.
)
(C:\Users\tal12\AppData\Local\Programs\MiKTeX\tex/latex/l3backend\l3backend-pdf
tex.def
File: l3backend-pdftex.def 2023-04-19 L3 backend support: PDF output (pdfTeX)
\l__color_backend_stack_int=\count193
\l__pdf_internal_box=\box51
) (main_changed.aux)
\openout1 = `main_changed.aux'.

LaTeX Font Info:    Checking defaults for OML/cmm/m/it on input line 48.
LaTeX Font Info:    ... okay on input line 48.
LaTeX Font Info:    Checking defaults for OMS/cmsy/m/n on input line 48.
LaTeX Font Info:    ... okay on input line 48.
LaTeX Font Info:    Checking defaults for OT1/cmr/m/n on input line 48.
LaTeX Font Info:    ... okay on input line 48.
LaTeX Font Info:    Checking defaults for T1/cmr/m/n on input line 48.
LaTeX Font Info:    ... okay on input line 48.
LaTeX Font Info:    Checking defaults for TS1/cmr/m/n on input line 48.
LaTeX Font Info:    ... okay on input line 48.
LaTeX Font Info:    Checking defaults for OMX/cmex/m/n on input line 48.
LaTeX Font Info:    ... okay on input line 48.
LaTeX Font Info:    Checking defaults for U/cmr/m/n on input line 48.
LaTeX Font Info:    ... okay on input line 48.

(C:\Users\tal12\AppData\Local\Programs\MiKTeX\tex/context/base/mkii\supp-pdf.mk
ii
[Loading MPS to PDF converter (version 2006.09.02).]
\scratchcounter=\count194
\scratchdimen=\dimen143
\scratchbox=\box52
\nofMPsegments=\count195
\nofMParguments=\count196
\everyMPshowfont=\toks18
\MPscratchCnt=\count197
\MPscratchDim=\dimen144
\MPnumerator=\count198
\makeMPintoPDFobject=\count199
\everyMPtoPDFconversion=\toks19
)
(C:\Users\tal12\AppData\Local\Programs\MiKTeX\tex/latex/epstopdf-pkg\epstopdf-b
ase.sty
Package: epstopdf-base 2020-01-24 v2.11 Base part for package epstopdf
Package epstopdf-base Info: Redefining graphics rule for `.eps' on input line 4
85.

(C:\Users\tal12\AppData\Local\Programs\MiKTeX\tex/latex/00miktex\epstopdf-sys.c
fg
File: epstopdf-sys.cfg 2021/03/18 v2.0 Configuration of epstopdf for MiKTeX
))
LaTeX Font Info:    External font `cmex10' loaded for size
(Font)              <7> on input line 49.
LaTeX Font Info:    External font `cmex10' loaded for size
(Font)              <5> on input line 49.
LaTeX Font Info:    External font `cmex10' loaded for size
(Font)              <12> on input line 49.
LaTeX Font Info:    External font `cmex10' loaded for size
(Font)              <8> on input line 49.
LaTeX Font Info:    External font `cmex10' loaded for size
(Font)              <6> on input line 49.
LaTeX Font Info:    Trying to load font information for TS1+ptm on input line 4
9.
 (C:\Users\tal12\AppData\Local\Programs\MiKTeX\tex/latex/psnfss\ts1ptm.fd
File: ts1ptm.fd 2001/06/04 font definitions for TS1/ptm.
)
LaTeX Font Info:    Trying to load font information for OMS+ptm on input line 4
9.

(C:\Users\tal12\AppData\Local\Programs\MiKTeX\tex/latex/psnfss\omsptm.fd
File: omsptm.fd 
)
LaTeX Font Info:    Font shape `OMS/ptm/m/n' in size <10> not available
(Font)              Font shape `OMS/cmsy/m/n' tried instead on input line 49.
LaTeX Font Info:    External font `cmex10' loaded for size
(Font)              <9> on input line 49.


LaTeX Warning: Citation `resnet' on page 1 undefined on input line 61.


LaTeX Warning: Citation `yolo1' on page 1 undefined on input line 61.


LaTeX Warning: Citation `ssd' on page 1 undefined on input line 61.


LaTeX Warning: Citation `faster-rcnn' on page 1 undefined on input line 61.

<street_cart_10.jpg, id=1, 785.93625pt x 684.5575pt>
File: street_cart_10.jpg Graphic file (type jpg)
<use street_cart_10.jpg>
Package pdftex.def Info: street_cart_10.jpg  used on input line 66.
(pdftex.def)             Requested size: 71.81052pt x 50.27415pt.
<tractor_10.jpg, id=2, 801.99625pt x 786.94pt>
File: tractor_10.jpg Graphic file (type jpg)
<use tractor_10.jpg>
Package pdftex.def Info: tractor_10.jpg  used on input line 68.
(pdftex.def)             Requested size: 71.80942pt x 50.26431pt.
<water_tanker_13.jpg, id=3, 681.54625pt x 471.7625pt>
File: water_tanker_13.jpg Graphic file (type jpg)
<use water_tanker_13.jpg>
Package pdftex.def Info: water_tanker_13.jpg  used on input line 70.
(pdftex.def)             Requested size: 71.81924pt x 50.27437pt.
<JCB_23.jpg, id=4, 525.965pt x 387.4475pt>
File: JCB_23.jpg Graphic file (type jpg)
<use JCB_23.jpg>
Package pdftex.def Info: JCB_23.jpg  used on input line 73.
(pdftex.def)             Requested size: 71.81279pt x 50.26944pt.
<crane_00.jpg, id=5, 902.37125pt x 773.89125pt>
File: crane_00.jpg Graphic file (type jpg)
<use crane_00.jpg>
Package pdftex.def Info: crane_00.jpg  used on input line 75.
(pdftex.def)             Requested size: 71.80563pt x 50.26926pt.

Overfull \hbox (12.04485pt too wide) in paragraph at lines 65--77
 [][] 
 []


LaTeX Warning: Citation `matching-net' on page 1 undefined on input line 81.


LaTeX Warning: Citation `protonet' on page 1 undefined on input line 81.


LaTeX Warning: Citation `maml' on page 1 undefined on input line 81.


LaTeX Warning: Citation `matching-net' on page 1 undefined on input line 81.


LaTeX Warning: Citation `reweight' on page 1 undefined on input line 81.


LaTeX Warning: Citation `metarcnn' on page 1 undefined on input line 81.


LaTeX Warning: Citation `addfeat' on page 1 undefined on input line 81.


LaTeX Warning: Citation `fsdet' on page 1 undefined on input line 81.


LaTeX Warning: Citation `voc' on page 1 undefined on input line 83.


LaTeX Warning: Citation `coco' on page 1 undefined on input line 83.


LaTeX Warning: Citation `idd' on page 1 undefined on input line 83.

[1{C:/Users/tal12/AppData/Local/MiKTeX/fonts/map/pdftex/pdftex.map}{C:/Users/ta
l12/AppData/Local/Programs/MiKTeX/fonts/enc/dvips/base/8r.enc}



 <./street_cart_10.jpg> <./tractor_10.jpg> <./water_tanker_13.jpg> <./JCB_23.jp
g> <./crane_00.jpg>]

LaTeX Warning: Citation `closerfewshot' on page 2 undefined on input line 107.


LaTeX Warning: Citation `protonet' on page 2 undefined on input line 108.


LaTeX Warning: Citation `matching-net' on page 2 undefined on input line 108.


LaTeX Warning: Citation `local_desc' on page 2 undefined on input line 109.


LaTeX Warning: Citation `matching-net' on page 2 undefined on input line 109.


LaTeX Warning: Citation `protonet' on page 2 undefined on input line 109.


LaTeX Warning: Citation `imagenet' on page 2 undefined on input line 110.


LaTeX Warning: Citation `coco' on page 2 undefined on input line 110.


LaTeX Warning: Citation `maml' on page 2 undefined on input line 111.


LaTeX Warning: Citation `local_desc' on page 2 undefined on input line 111.


LaTeX Warning: Citation `relation-net' on page 2 undefined on input line 111.


LaTeX Warning: Citation `closerfewshot' on page 2 undefined on input line 111.


LaTeX Warning: Citation `nonforget' on page 2 undefined on input line 113.


Underfull \hbox (badness 10000) in paragraph at lines 113--114
[]\OT1/ptm/m/n/10 A promi-nent lim-i-ta-tion of these tech-niques is
 []


Underfull \hbox (badness 1895) in paragraph at lines 113--114
\OML/cmm/m/it/10 catastrophic$ $forgetting$ \OT1/ptm/m/n/10 wherein the net-wor
k for-gets
 []


LaTeX Warning: Citation `yolo2' on page 2 undefined on input line 119.


LaTeX Warning: Citation `faster-rcnn' on page 2 undefined on input line 119.


LaTeX Warning: Citation `yolo2' on page 2 undefined on input line 119.


LaTeX Warning: Citation `retinanet' on page 2 undefined on input line 119.


LaTeX Warning: Citation `polyyolo' on page 2 undefined on input line 119.


LaTeX Warning: Citation `faster-rcnn' on page 2 undefined on input line 119.


LaTeX Warning: Citation `fpn' on page 2 undefined on input line 119.


LaTeX Warning: Citation `lstd' on page 2 undefined on input line 121.


LaTeX Warning: Citation `repmet' on page 2 undefined on input line 121.


LaTeX Warning: Citation `fsdet' on page 2 undefined on input line 121.


LaTeX Warning: Citation `reweight' on page 2 undefined on input line 121.


LaTeX Warning: Citation `metarcnn' on page 2 undefined on input line 121.


LaTeX Warning: Citation `fgn' on page 2 undefined on input line 121.


LaTeX Warning: Citation `fsod' on page 2 undefined on input line 121.


LaTeX Warning: Citation `relation-net' on page 2 undefined on input line 121.


LaTeX Warning: Citation `addfeat' on page 2 undefined on input line 121.


LaTeX Warning: Citation `metadet' on page 2 undefined on input line 122.

<two_stage_finetune.png, id=15, 725.71124pt x 186.19562pt>
File: two_stage_finetune.png Graphic file (type png)
<use two_stage_finetune.png>
Package pdftex.def Info: two_stage_finetune.png  used on input line 131.
(pdftex.def)             Requested size: 430.00958pt x 110.32892pt.

LaTeX Warning: Citation `reweight' on page 2 undefined on input line 138.


LaTeX Warning: Citation `metarcnn' on page 2 undefined on input line 138.


LaTeX Warning: Citation `fsdet' on page 2 undefined on input line 148.


LaTeX Warning: Citation `reweight' on page 2 undefined on input line 149.


LaTeX Warning: Citation `addfeat' on page 2 undefined on input line 149.


LaTeX Warning: Citation `metarcnn' on page 2 undefined on input line 149.

[2]
<idd_distribution.png, id=23, 269.808pt x 149.358pt>
File: idd_distribution.png Graphic file (type png)
<use idd_distribution.png>
Package pdftex.def Info: idd_distribution.png  used on input line 156.
(pdftex.def)             Requested size: 215.4597pt x 113.81407pt.
<aux_net.png, id=24, 697.8572pt x 277.035pt>
File: aux_net.png Graphic file (type png)
<use aux_net.png>
Package pdftex.def Info: aux_net.png  used on input line 164.
(pdftex.def)             Requested size: 379.4175pt x 150.61964pt.


LaTeX Warning: Citation `metarcnn' on page 3 undefined on input line 165.


LaTeX Warning: Citation `addfeat' on page 3 undefined on input line 165.


LaTeX Warning: Citation `metarcnn' on page 3 undefined on input line 165.


LaTeX Warning: Citation `addfeat' on page 3 undefined on input line 165.


LaTeX Warning: Citation `kitti' on page 3 undefined on input line 171.


LaTeX Warning: Citation `city' on page 3 undefined on input line 171.


LaTeX Warning: Citation `idd' on page 3 undefined on input line 171.


Underfull \hbox (badness 1521) in paragraph at lines 171--172
\OT1/ptm/m/n/10 Object de-tec-tion tasks are com-monly bench-marked on
 []


LaTeX Warning: Citation `idd' on page 3 undefined on input line 195.


Underfull \hbox (badness 10000) in paragraph at lines 195--195
[][]$\OT1/ptm/m/n/9 https : / / github . com / intel / driving -[] data -[] col
lection -[] reference -[]
 []

[3 <./two_stage_finetune.png> <./idd_distribution.png>]
Underfull \hbox (badness 4341) in paragraph at lines 201--202
[]\OT1/ptm/b/n/10 Same do-main (IDD-10)\OT1/ptm/m/n/10 : From the IDD-Detection

 []


Underfull \hbox (badness 1178) in paragraph at lines 202--203
\OT1/ptm/m/n/10 ing. To sim-u-late an open-set set-ting we ex-pand the
 []


Underfull \hbox (badness 1946) in paragraph at lines 202--203
\OML/cmm/m/it/10 excavator$\OT1/ptm/m/n/10 , $\OML/cmm/m/it/10 street$\OT1/ptm/
m/n/10 -$\OML/cmm/m/it/10 cart$\OT1/ptm/m/n/10 , $\OML/cmm/m/it/10 tractor$ \OT
1/ptm/m/n/10 and $\OML/cmm/m/it/10 water$\OT1/ptm/m/n/10 -$\OML/cmm/m/it/10 tan
ker$\OT1/ptm/m/n/10 .
 []


LaTeX Warning: Citation `yolo3' on page 4 undefined on input line 216.


LaTeX Warning: Citation `polyyolo' on page 4 undefined on input line 217.


LaTeX Warning: Citation `maskrcnn' on page 4 undefined on input line 218.


LaTeX Warning: Citation `retinanet' on page 4 undefined on input line 219.


LaTeX Warning: Citation `faster-rcnn' on page 4 undefined on input line 220.


LaTeX Warning: Citation `fsdet' on page 4 undefined on input line 228.


LaTeX Warning: Citation `nonforget' on page 4 undefined on input line 230.


LaTeX Warning: Citation `closerfewshot' on page 4 undefined on input line 231.


LaTeX Warning: Citation `reweight' on page 4 undefined on input line 238.


LaTeX Warning: Citation `metarcnn' on page 4 undefined on input line 238.


LaTeX Warning: Citation `addfeat' on page 4 undefined on input line 239.

[4 <./aux_net.png>]

LaTeX Warning: Citation `polyyolo' on page 5 undefined on input line 265.


LaTeX Warning: Citation `yolo1' on page 5 undefined on input line 269.


LaTeX Warning: Citation `retinanet' on page 5 undefined on input line 269.


LaTeX Warning: Citation `faster-rcnn' on page 5 undefined on input line 269.


LaTeX Warning: Citation `reweight' on page 5 undefined on input line 275.


LaTeX Warning: Citation `addfeat' on page 5 undefined on input line 275.


LaTeX Warning: Citation `metarcnn' on page 5 undefined on input line 275.


LaTeX Warning: Citation `fsdet' on page 5 undefined on input line 275.


Underfull \hbox (badness 1881) in paragraph at lines 275--277
\OT1/ptm/m/n/10 We dis-cuss four state-of-art tech-niques namely, Meta-
 []

<accuracy_vfb.PNG, id=31, 644.4075pt x 197.98969pt>
File: accuracy_vfb.PNG Graphic file (type png)
<use accuracy_vfb.PNG>
Package pdftex.def Info: accuracy_vfb.PNG  used on input line 295.
(pdftex.def)             Requested size: 379.43018pt x 96.12155pt.
[5]

LaTeX Warning: Citation `metadet' on page 6 undefined on input line 317.


LaTeX Warning: Citation `reweight' on page 6 undefined on input line 317.

<confusion_matrix.png, id=36, 494.59781pt x 489.32813pt>
File: confusion_matrix.png Graphic file (type png)
<use confusion_matrix.png>
Package pdftex.def Info: confusion_matrix.png  used on input line 321.
(pdftex.def)             Requested size: 227.42392pt x 224.9966pt.
[6 <./accuracy_vfb.PNG> <./confusion_matrix.png>] [7

]
No file main_changed.bbl.
(main_changed.aux)
 ***********
LaTeX2e <2023-06-01> patch level 1
L3 programming layer <2023-08-29>
 ***********
 ) 
Here is how much of TeX's memory you used:
 1722 strings out of 475247
 29945 string characters out of 5757793
 1942785 words of memory out of 5000000
 23243 multiletter control sequences out of 15000+600000
 581919 words of font info for 76 fonts, out of 8000000 for 9000
 1141 hyphenation exceptions out of 8191
 57i,15n,65p,1176b,412s stack positions out of 10000i,1000n,20000p,200000b,200000s
<C:/Users/tal12/AppData/Local/Programs/MiKTeX/fonts/type1/public/amsfonts/cm/
cmmi10.pfb><C:/Users/tal12/AppData/Local/Programs/MiKTeX/fonts/type1/public/ams
fonts/cm/cmmi7.pfb><C:/Users/tal12/AppData/Local/Programs/MiKTeX/fonts/type1/pu
blic/amsfonts/cm/cmmi9.pfb><C:/Users/tal12/AppData/Local/Programs/MiKTeX/fonts/
type1/public/amsfonts/cm/cmr10.pfb><C:/Users/tal12/AppData/Local/Programs/MiKTe
X/fonts/type1/public/amsfonts/cm/cmr7.pfb><C:/Users/tal12/AppData/Local/Program
s/MiKTeX/fonts/type1/public/amsfonts/cm/cmsy10.pfb><C:/Users/tal12/AppData/Loca
l/Programs/MiKTeX/fonts/type1/urw/times/utmb8a.pfb><C:/Users/tal12/AppData/Loca
l/Programs/MiKTeX/fonts/type1/urw/times/utmr8a.pfb><C:/Users/tal12/AppData/Loca
l/Programs/MiKTeX/fonts/type1/urw/times/utmri8a.pfb>
Output written on main_changed.pdf (7 pages, 1106890 bytes).
PDF statistics:
 85 PDF objects out of 1000 (max. 8388607)
 0 named destinations out of 1000 (max. 500000)
 51 words of extra memory for PDF output out of 10000 (max. 10000000)

