This is pdfTeX, Version 3.141592653-2.6-1.40.25 (MiKTeX 23.5) (preloaded format=pdflatex 2024.1.12)  30 MAR 2024 18:22
entering extended mode
 restricted \write18 enabled.
 %&-line parsing enabled.
**./root_changed.tex
(root_changed.tex
LaTeX2e <2023-06-01> patch level 1
L3 programming layer <2023-08-29>
(C:\Users\orfuc\AppData\Local\Programs\MiKTeX\tex/latex/base\article.cls
Document Class: article 2023/05/17 v1.4n Standard LaTeX document class
(C:\Users\orfuc\AppData\Local\Programs\MiKTeX\tex/latex/base\size10.clo
File: size10.clo 2023/05/17 v1.4n Standard LaTeX file (size option)
)
\c@part=\count185
\c@section=\count186
\c@subsection=\count187
\c@subsubsection=\count188
\c@paragraph=\count189
\c@subparagraph=\count190
\c@figure=\count191
\c@table=\count192
\abovecaptionskip=\skip48
\belowcaptionskip=\skip49
\bibindent=\dimen140
)
(aaai.sty
Conference Style for AAAI for LaTeX 2e -- version of 1 December 2013
\titlebox=\skip50
) (C:\Users\orfuc\AppData\Local\Programs\MiKTeX\tex/latex/psnfss\times.sty
Package: times 2020/03/25 PSNFSS-v9.3 (SPQR) 
)
(C:\Users\orfuc\AppData\Local\Programs\MiKTeX\tex/latex/psnfss\helvet.sty
Package: helvet 2020/03/25 PSNFSS-v9.3 (WaS) 

(C:\Users\orfuc\AppData\Local\Programs\MiKTeX\tex/latex/graphics\keyval.sty
Package: keyval 2022/05/29 v1.15 key=value parser (DPC)
\KV@toks@=\toks17
))
(C:\Users\orfuc\AppData\Local\Programs\MiKTeX\tex/latex/psnfss\courier.sty
Package: courier 2020/03/25 PSNFSS-v9.3 (WaS) 
)
(C:\Users\orfuc\AppData\Local\Programs\MiKTeX\tex/latex/graphics\graphicx.sty
Package: graphicx 2021/09/16 v1.2d Enhanced LaTeX Graphics (DPC,SPQR)

(C:\Users\orfuc\AppData\Local\Programs\MiKTeX\tex/latex/graphics\graphics.sty
Package: graphics 2022/03/10 v1.4e Standard LaTeX Graphics (DPC,SPQR)

(C:\Users\orfuc\AppData\Local\Programs\MiKTeX\tex/latex/graphics\trig.sty
Package: trig 2021/08/11 v1.11 sin cos tan (DPC)
)
(C:\Users\orfuc\AppData\Local\Programs\MiKTeX\tex/latex/graphics-cfg\graphics.c
fg
File: graphics.cfg 2016/06/04 v1.11 sample graphics configuration
)
Package graphics Info: Driver file: pdftex.def on input line 107.

(C:\Users\orfuc\AppData\Local\Programs\MiKTeX\tex/latex/graphics-def\pdftex.def
File: pdftex.def 2022/09/22 v1.2b Graphics/color driver for pdftex
))
\Gin@req@height=\dimen141
\Gin@req@width=\dimen142
) (C:\Users\orfuc\AppData\Local\Programs\MiKTeX\tex/latex/xcolor\xcolor.sty
Package: xcolor 2022/06/12 v2.14 LaTeX color extensions (UK)

(C:\Users\orfuc\AppData\Local\Programs\MiKTeX\tex/latex/graphics-cfg\color.cfg
File: color.cfg 2016/01/02 v1.6 sample color configuration
)
Package xcolor Info: Driver file: pdftex.def on input line 227.
(C:\Users\orfuc\AppData\Local\Programs\MiKTeX\tex/latex/graphics\mathcolor.ltx)
Package xcolor Info: Model `cmy' substituted by `cmy0' on input line 1353.
Package xcolor Info: Model `hsb' substituted by `rgb' on input line 1357.
Package xcolor Info: Model `RGB' extended on input line 1369.
Package xcolor Info: Model `HTML' substituted by `rgb' on input line 1371.
Package xcolor Info: Model `Hsb' substituted by `hsb' on input line 1372.
Package xcolor Info: Model `tHsb' substituted by `hsb' on input line 1373.
Package xcolor Info: Model `HSB' substituted by `hsb' on input line 1374.
Package xcolor Info: Model `Gray' substituted by `gray' on input line 1375.
Package xcolor Info: Model `wave' substituted by `hsb' on input line 1376.
) (C:\Users\orfuc\AppData\Local\Programs\MiKTeX\tex/latex/ulem\ulem.sty
\UL@box=\box51
\UL@hyphenbox=\box52
\UL@skip=\skip51
\UL@hook=\toks18
\UL@height=\dimen143
\UL@pe=\count193
\UL@pixel=\dimen144
\ULC@box=\box53
Package: ulem 2019/11/18
\ULdepth=\dimen145
)
LaTeX Font Info:    Trying to load font information for OT1+ptm on input line 1
4.

(C:\Users\orfuc\AppData\Local\Programs\MiKTeX\tex/latex/psnfss\ot1ptm.fd
File: ot1ptm.fd 2001/06/04 font definitions for OT1/ptm.
)
(C:\Users\orfuc\AppData\Local\Programs\MiKTeX\tex/latex/l3backend\l3backend-pdf
tex.def
File: l3backend-pdftex.def 2023-04-19 L3 backend support: PDF output (pdfTeX)
\l__color_backend_stack_int=\count194
\l__pdf_internal_box=\box54
)

LaTeX Warning: Unused global option(s):
    [aaai].

(root_changed.aux)
\openout1 = `root_changed.aux'.

LaTeX Font Info:    Checking defaults for OML/cmm/m/it on input line 14.
LaTeX Font Info:    ... okay on input line 14.
LaTeX Font Info:    Checking defaults for OMS/cmsy/m/n on input line 14.
LaTeX Font Info:    ... okay on input line 14.
LaTeX Font Info:    Checking defaults for OT1/cmr/m/n on input line 14.
LaTeX Font Info:    ... okay on input line 14.
LaTeX Font Info:    Checking defaults for T1/cmr/m/n on input line 14.
LaTeX Font Info:    ... okay on input line 14.
LaTeX Font Info:    Checking defaults for TS1/cmr/m/n on input line 14.
LaTeX Font Info:    ... okay on input line 14.
LaTeX Font Info:    Checking defaults for OMX/cmex/m/n on input line 14.
LaTeX Font Info:    ... okay on input line 14.
LaTeX Font Info:    Checking defaults for U/cmr/m/n on input line 14.
LaTeX Font Info:    ... okay on input line 14.

(C:\Users\orfuc\AppData\Local\Programs\MiKTeX\tex/context/base/mkii\supp-pdf.mk
ii
[Loading MPS to PDF converter (version 2006.09.02).]
\scratchcounter=\count195
\scratchdimen=\dimen146
\scratchbox=\box55
\nofMPsegments=\count196
\nofMParguments=\count197
\everyMPshowfont=\toks19
\MPscratchCnt=\count198
\MPscratchDim=\dimen147
\MPnumerator=\count199
\makeMPintoPDFobject=\count266
\everyMPtoPDFconversion=\toks20
)
(C:\Users\orfuc\AppData\Local\Programs\MiKTeX\tex/latex/epstopdf-pkg\epstopdf-b
ase.sty
Package: epstopdf-base 2020-01-24 v2.11 Base part for package epstopdf

(C:\Users\orfuc\AppData\Local\Programs\MiKTeX\tex/generic/infwarerr\infwarerr.s
ty
Package: infwarerr 2019/12/03 v1.5 Providing info/warning/error messages (HO)
) (C:\Users\orfuc\AppData\Local\Programs\MiKTeX\tex/latex/grfext\grfext.sty
Package: grfext 2019/12/03 v1.3 Manage graphics extensions (HO)

(C:\Users\orfuc\AppData\Local\Programs\MiKTeX\tex/generic/kvdefinekeys\kvdefine
keys.sty
Package: kvdefinekeys 2019-12-19 v1.6 Define keys (HO)
))
(C:\Users\orfuc\AppData\Local\Programs\MiKTeX\tex/latex/kvoptions\kvoptions.sty
Package: kvoptions 2022-06-15 v3.15 Key value format for package options (HO)
(C:\Users\orfuc\AppData\Local\Programs\MiKTeX\tex/generic/ltxcmds\ltxcmds.sty
Package: ltxcmds 2020-05-10 v1.25 LaTeX kernel commands for general use (HO)
)
(C:\Users\orfuc\AppData\Local\Programs\MiKTeX\tex/latex/kvsetkeys\kvsetkeys.sty
Package: kvsetkeys 2022-10-05 v1.19 Key value parser (HO)
))
(C:\Users\orfuc\AppData\Local\Programs\MiKTeX\tex/generic/pdftexcmds\pdftexcmds
.sty
Package: pdftexcmds 2020-06-27 v0.33 Utility functions of pdfTeX for LuaTeX (HO
)
 (C:\Users\orfuc\AppData\Local\Programs\MiKTeX\tex/generic/iftex\iftex.sty
Package: iftex 2022/02/03 v1.0f TeX engine tests
)
Package pdftexcmds Info: \pdf@primitive is available.
Package pdftexcmds Info: \pdf@ifprimitive is available.
Package pdftexcmds Info: \pdfdraftmode found.
)
Package epstopdf-base Info: Redefining graphics rule for `.eps' on input line 4
85.
Package grfext Info: Graphics extension search list:
(grfext)             [.pdf,.png,.jpg,.mps,.jpeg,.jbig2,.jb2,.PDF,.PNG,.JPG,.JPE
G,.JBIG2,.JB2,.eps]
(grfext)             \AppendGraphicsExtensions on input line 504.

(C:\Users\orfuc\AppData\Local\Programs\MiKTeX\tex/latex/00miktex\epstopdf-sys.c
fg
File: epstopdf-sys.cfg 2021/03/18 v2.0 Configuration of epstopdf for MiKTeX
))
LaTeX Font Info:    External font `cmex10' loaded for size
(Font)              <7> on input line 28.
LaTeX Font Info:    External font `cmex10' loaded for size
(Font)              <5> on input line 28.
LaTeX Font Info:    External font `cmex10' loaded for size
(Font)              <12> on input line 28.
LaTeX Font Info:    External font `cmex10' loaded for size
(Font)              <8> on input line 28.
LaTeX Font Info:    External font `cmex10' loaded for size
(Font)              <6> on input line 28.
LaTeX Font Info:    Trying to load font information for TS1+ptm on input line 2
8.
 (C:\Users\orfuc\AppData\Local\Programs\MiKTeX\tex/latex/psnfss\ts1ptm.fd
File: ts1ptm.fd 2001/06/04 font definitions for TS1/ptm.
)

LaTeX Warning: Citation `naval_urban_uav' on page 1 undefined on input line 48.



LaTeX Warning: Citation `history_of_uavs' on page 1 undefined on input line 48.



LaTeX Warning: Citation `uav_fire_detection' on page 1 undefined on input line 
48.


LaTeX Warning: Citation `uav_fire_detection_monitoring' on page 1 undefined on 
input line 48.


LaTeX Warning: Citation `dist_wildfire' on page 1 undefined on input line 48.


LaTeX Warning: Citation `disaster_imaging' on page 1 undefined on input line 48
.


LaTeX Warning: Citation `disaster_management' on page 1 undefined on input line
 48.


LaTeX Warning: Citation `lunar_mining' on page 1 undefined on input line 48.


LaTeX Warning: Citation `exploration_robots_space' on page 1 undefined on input
 line 48.


LaTeX Warning: Citation `israelsen2019dave' on page 1 undefined on input line 5
2.


LaTeX Warning: Citation `misuse_disuse' on page 1 undefined on input line 52.


LaTeX Warning: Citation `Hutchins2015' on page 1 undefined on input line 54.


LaTeX Warning: Citation `israelsen2019ConfPaper' on page 1 undefined on input l
ine 54.


LaTeX Warning: Citation `aitken2016Thesis' on page 1 undefined on input line 54
.


LaTeX Warning: Citation `israelsenThesis' on page 1 undefined on input line 54.



Underfull \hbox (badness 2418) in paragraph at lines 57--58
\OT1/ptm/m/n/10 Boul-der In-ter-nal Re-view Board and con-ducted on-line
 []


Underfull \vbox (badness 10000) has occurred while \output is active []

 [1{C:/Users/orfuc/AppData/Local/MiKTeX/fonts/map/pdftex/pdftex.map}{C:/Users/o
rfuc/AppData/Local/Programs/MiKTeX/fonts/enc/dvips/base/8r.enc}



]
<images/interface.png, id=11, 654.94687pt x 271.76532pt>
File: images/interface.png Graphic file (type png)
<use images/interface.png>
Package pdftex.def Info: images/interface.png  used on input line 68.
(pdftex.def)             Requested size: 227.62204pt x 94.4475pt.


LaTeX Warning: No positions in optional float specifier.
               Default added (so using `tbp') on input line 106.


Overfull \hbox (2.62299pt too wide) in paragraph at lines 110--110
[]\OT1/ptm/b/n/10 Statement| 
 []


Underfull \hbox (badness 1430) in paragraph at lines 121--122
\OT1/ptm/m/it/10 greatly ex-ceed \OT1/ptm/m/n/10 user ex-
 []

[2 <./images/interface.png>]
Overfull \hbox (2.48279pt too wide) in paragraph at lines 183--183
[]\OT1/ptm/m/n/10 Participant
 []


Underfull \hbox (badness 10000) in paragraph at lines 187--187
[]\OT1/ptm/m/n/10 Self-
 []


Underfull \hbox (badness 10000) in paragraph at lines 187--187
\OT1/ptm/m/n/10 reported
 []


LaTeX Warning: `h' float specifier changed to `ht'.

[3]

LaTeX Warning: Citation `mdmt_ullman' on page 4 undefined on input line 203.


LaTeX Warning: Citation `team_performance' on page 4 undefined on input line 21
2.

<images/outcome_vs_performance.png, id=25, 1500.35532pt x 1117.92656pt>
File: images/outcome_vs_performance.png Graphic file (type png)
<use images/outcome_vs_performance.png>
Package pdftex.def Info: images/outcome_vs_performance.png  used on input line 
237.
(pdftex.def)             Requested size: 202.3529pt x 150.76004pt.

Underfull \hbox (badness 1852) in paragraph at lines 243--244
\OT1/ptm/m/it/10 an \OT1/ptm/b/it/10 in-formed re-port\OT1/ptm/m/it/10 ? \OT1/p
tm/m/n/10 Fig. 3[] shows a stacked col-umn
 []

[4 <./images/outcome_vs_performance.png (PNG copy)>]
<images/Outcome_vs_Reporting.png, id=29, 1510.14188pt x 1126.96031pt>
File: images/Outcome_vs_Reporting.png Graphic file (type png)
<use images/Outcome_vs_Reporting.png>
Package pdftex.def Info: images/Outcome_vs_Reporting.png  used on input line 24
7.
(pdftex.def)             Requested size: 202.3529pt x 150.99814pt.
<images/trust_vs_performance.png, id=30, 1598.22093pt x 929.72343pt>
File: images/trust_vs_performance.png Graphic file (type png)
<use images/trust_vs_performance.png>
Package pdftex.def Info: images/trust_vs_performance.png  used on input line 25
6.
(pdftex.def)             Requested size: 202.3529pt x 117.70471pt.
<images/trust_vs_reporting.png, id=31, 1602.73781pt x 866.48718pt>
File: images/trust_vs_reporting.png Graphic file (type png)
<use images/trust_vs_reporting.png>
Package pdftex.def Info: images/trust_vs_reporting.png  used on input line 267.

(pdftex.def)             Requested size: 202.3529pt x 109.39479pt.
<images/Control_Proportion_vs_All_Displayed_Reports.png, id=33, 1351.29843pt x 
928.97063pt>
File: images/Control_Proportion_vs_All_Displayed_Reports.png Graphic file (type
 png)
<use images/Control_Proportion_vs_All_Displayed_Reports.png>
Package pdftex.def Info: images/Control_Proportion_vs_All_Displayed_Reports.png
  used on input line 277.
(pdftex.def)             Requested size: 202.3529pt x 139.0986pt.
 [5 <./images/Outcome_vs_Reporting.png (PNG copy)> <./images/trust_vs_performan
ce.png (PNG copy)> <./images/trust_vs_reporting.png>]
<images/Control_Proportion_vs_Informed_Displayed_Reports.png, id=38, 1352.05125
pt x 925.20656pt>
File: images/Control_Proportion_vs_Informed_Displayed_Reports.png Graphic file 
(type png)
<use images/Control_Proportion_vs_Informed_Displayed_Reports.png>
Package pdftex.def Info: images/Control_Proportion_vs_Informed_Displayed_Report
s.png  used on input line 287.
(pdftex.def)             Requested size: 202.3529pt x 138.4644pt.

Underfull \hbox (badness 2753) in paragraph at lines 295--296
\OT1/ptm/m/n/10 We have shown the value of robot pro-fi-ciency self-
 []


Underfull \hbox (badness 2828) in paragraph at lines 303--304
\OT1/ptm/m/n/10 The au-thors would like to thank Dr. Brett Is-raelsen
 []

No file root_changed.bbl.
[6 <./images/Control_Proportion_vs_All_Displayed_Reports.png (PNG copy)> <./ima
ges/Control_Proportion_vs_Informed_Displayed_Reports.png (PNG copy)>] [7

]
(root_changed.aux)
 ***********
LaTeX2e <2023-06-01> patch level 1
L3 programming layer <2023-08-29>
 ***********
 ) 
Here is how much of TeX's memory you used:
 2724 strings out of 475247
 47048 string characters out of 5757792
 1944801 words of memory out of 5000000
 24209 multiletter control sequences out of 15000+600000
 577417 words of font info for 68 fonts, out of 8000000 for 9000
 1141 hyphenation exceptions out of 8191
 61i,12n,69p,1333b,288s stack positions out of 10000i,1000n,20000p,200000b,200000s
<C:/Users/orfuc/AppData/Local/Programs/MiKTeX/fonts/type1/public/amsfonts/cm/
cmex10.pfb><C:/Users/orfuc/AppData/Local/Programs/MiKTeX/fonts/type1/public/ams
fonts/cm/cmmi10.pfb><C:/Users/orfuc/AppData/Local/Programs/MiKTeX/fonts/type1/p
ublic/amsfonts/cm/cmmi5.pfb><C:/Users/orfuc/AppData/Local/Programs/MiKTeX/fonts
/type1/public/amsfonts/cm/cmmi7.pfb><C:/Users/orfuc/AppData/Local/Programs/MiKT
eX/fonts/type1/public/amsfonts/cm/cmr10.pfb><C:/Users/orfuc/AppData/Local/Progr
ams/MiKTeX/fonts/type1/public/amsfonts/cm/cmr7.pfb><C:/Users/orfuc/AppData/Loca
l/Programs/MiKTeX/fonts/type1/public/amsfonts/cm/cmr8.pfb><C:/Users/orfuc/AppDa
ta/Local/Programs/MiKTeX/fonts/type1/public/amsfonts/cm/cmsy10.pfb><C:/Users/or
fuc/AppData/Local/Programs/MiKTeX/fonts/type1/public/amsfonts/cm/cmsy7.pfb><C:/
Users/orfuc/AppData/Local/Programs/MiKTeX/fonts/type1/urw/times/utmb8a.pfb><C:/
Users/orfuc/AppData/Local/Programs/MiKTeX/fonts/type1/urw/times/utmbi8a.pfb><C:
/Users/orfuc/AppData/Local/Programs/MiKTeX/fonts/type1/urw/times/utmr8a.pfb><C:
/Users/orfuc/AppData/Local/Programs/MiKTeX/fonts/type1/urw/times/utmri8a.pfb>
Output written on root_changed.pdf (7 pages, 39299578 bytes).
PDF statistics:
 101 PDF objects out of 1000 (max. 8388607)
 0 named destinations out of 1000 (max. 500000)
 36 words of extra memory for PDF output out of 10000 (max. 10000000)

