This is pdfTeX, Version 3.141592653-2.6-1.40.25 (MiKTeX 23.10) (preloaded format=pdflatex 2024.1.1)  10 MAR 2024 11:53
entering extended mode
 restricted \write18 enabled.
 %&-line parsing enabled.
**./dalal_submission_changed.tex
(dalal_submission_changed.tex
LaTeX2e <2023-06-01> patch level 1
L3 programming layer <2023-08-29>
(C:\Users\tal12\AppData\Local\Programs\MiKTeX\tex/latex/base\article.cls
Document Class: article 2023/05/17 v1.4n Standard LaTeX document class
(C:\Users\tal12\AppData\Local\Programs\MiKTeX\tex/latex/base\size10.clo
File: size10.clo 2023/05/17 v1.4n Standard LaTeX file (size option)
)
\c@part=\count185
\c@section=\count186
\c@subsection=\count187
\c@subsubsection=\count188
\c@paragraph=\count189
\c@subparagraph=\count190
\c@figure=\count191
\c@table=\count192
\abovecaptionskip=\skip48
\belowcaptionskip=\skip49
\bibindent=\dimen140
)
(aaai20.sty
Conference Style for AAAI for LaTeX 2e -- version for the AAAI-20 conference
\titlebox=\skip50
) (C:\Users\tal12\AppData\Local\Programs\MiKTeX\tex/latex/psnfss\times.sty
Package: times 2020/03/25 PSNFSS-v9.3 (SPQR) 
)
(C:\Users\tal12\AppData\Local\Programs\MiKTeX\tex/latex/psnfss\helvet.sty
Package: helvet 2020/03/25 PSNFSS-v9.3 (WaS) 

(C:\Users\tal12\AppData\Local\Programs\MiKTeX\tex/latex/graphics\keyval.sty
Package: keyval 2022/05/29 v1.15 key=value parser (DPC)
\KV@toks@=\toks17
))
(C:\Users\tal12\AppData\Local\Programs\MiKTeX\tex/latex/psnfss\courier.sty
Package: courier 2020/03/25 PSNFSS-v9.3 (WaS) 
)
(C:\Users\tal12\AppData\Local\Programs\MiKTeX\tex/latex/url\url.sty
\Urlmuskip=\muskip16
Package: url 2013/09/16  ver 3.4  Verb mode for urls, etc.
)
(C:\Users\tal12\AppData\Local\Programs\MiKTeX\tex/latex/graphics\graphicx.sty
Package: graphicx 2021/09/16 v1.2d Enhanced LaTeX Graphics (DPC,SPQR)

(C:\Users\tal12\AppData\Local\Programs\MiKTeX\tex/latex/graphics\graphics.sty
Package: graphics 2022/03/10 v1.4e Standard LaTeX Graphics (DPC,SPQR)

(C:\Users\tal12\AppData\Local\Programs\MiKTeX\tex/latex/graphics\trig.sty
Package: trig 2021/08/11 v1.11 sin cos tan (DPC)
)
(C:\Users\tal12\AppData\Local\Programs\MiKTeX\tex/latex/graphics-cfg\graphics.c
fg
File: graphics.cfg 2016/06/04 v1.11 sample graphics configuration
)
Package graphics Info: Driver file: pdftex.def on input line 107.

(C:\Users\tal12\AppData\Local\Programs\MiKTeX\tex/latex/graphics-def\pdftex.def
File: pdftex.def 2022/09/22 v1.2b Graphics/color driver for pdftex
))
\Gin@req@height=\dimen141
\Gin@req@width=\dimen142
)
LaTeX Font Info:    Trying to load font information for OT1+ptm on input line 8
9.
 (C:\Users\tal12\AppData\Local\Programs\MiKTeX\tex/latex/psnfss\ot1ptm.fd
File: ot1ptm.fd 2001/06/04 font definitions for OT1/ptm.
)
(C:\Users\tal12\AppData\Local\Programs\MiKTeX\tex/latex/l3backend\l3backend-pdf
tex.def
File: l3backend-pdftex.def 2023-04-19 L3 backend support: PDF output (pdfTeX)
\l__color_backend_stack_int=\count193
\l__pdf_internal_box=\box51
) (dalal_submission_changed.aux)
\openout1 = `dalal_submission_changed.aux'.

LaTeX Font Info:    Checking defaults for OML/cmm/m/it on input line 89.
LaTeX Font Info:    ... okay on input line 89.
LaTeX Font Info:    Checking defaults for OMS/cmsy/m/n on input line 89.
LaTeX Font Info:    ... okay on input line 89.
LaTeX Font Info:    Checking defaults for OT1/cmr/m/n on input line 89.
LaTeX Font Info:    ... okay on input line 89.
LaTeX Font Info:    Checking defaults for T1/cmr/m/n on input line 89.
LaTeX Font Info:    ... okay on input line 89.
LaTeX Font Info:    Checking defaults for TS1/cmr/m/n on input line 89.
LaTeX Font Info:    ... okay on input line 89.
LaTeX Font Info:    Checking defaults for OMX/cmex/m/n on input line 89.
LaTeX Font Info:    ... okay on input line 89.
LaTeX Font Info:    Checking defaults for U/cmr/m/n on input line 89.
LaTeX Font Info:    ... okay on input line 89.

(C:\Users\tal12\AppData\Local\Programs\MiKTeX\tex/context/base/mkii\supp-pdf.mk
ii
[Loading MPS to PDF converter (version 2006.09.02).]
\scratchcounter=\count194
\scratchdimen=\dimen143
\scratchbox=\box52
\nofMPsegments=\count195
\nofMParguments=\count196
\everyMPshowfont=\toks18
\MPscratchCnt=\count197
\MPscratchDim=\dimen144
\MPnumerator=\count198
\makeMPintoPDFobject=\count199
\everyMPtoPDFconversion=\toks19
)
(C:\Users\tal12\AppData\Local\Programs\MiKTeX\tex/latex/epstopdf-pkg\epstopdf-b
ase.sty
Package: epstopdf-base 2020-01-24 v2.11 Base part for package epstopdf
Package epstopdf-base Info: Redefining graphics rule for `.eps' on input line 4
85.

(C:\Users\tal12\AppData\Local\Programs\MiKTeX\tex/latex/00miktex\epstopdf-sys.c
fg
File: epstopdf-sys.cfg 2021/03/18 v2.0 Configuration of epstopdf for MiKTeX
))
LaTeX Font Info:    External font `cmex10' loaded for size
(Font)              <7> on input line 91.
LaTeX Font Info:    External font `cmex10' loaded for size
(Font)              <5> on input line 91.
LaTeX Font Info:    Trying to load font information for OMS+ptm on input line 9
1.
 (C:\Users\tal12\AppData\Local\Programs\MiKTeX\tex/latex/psnfss\omsptm.fd
File: omsptm.fd 
)
LaTeX Font Info:    Font shape `OMS/ptm/m/n' in size <10> not available
(Font)              Font shape `OMS/cmsy/m/n' tried instead on input line 91.
LaTeX Font Info:    Trying to load font information for TS1+ptm on input line 9
1.

(C:\Users\tal12\AppData\Local\Programs\MiKTeX\tex/latex/psnfss\ts1ptm.fd
File: ts1ptm.fd 2001/06/04 font definitions for TS1/ptm.
)
Underfull \hbox (badness 1629) in paragraph at lines 95--96
\OT1/ptm/m/n/9 sig-nif-i-cant tech-ni-cal ex-per-tise and en-gi-neer-ing ef-for
t. It
 []


LaTeX Warning: Citation `quirk-etal-2015-language' on page 1 undefined on input
 line 107.


LaTeX Warning: Citation `chen2016latent' on page 1 undefined on input line 107.



Underfull \hbox (badness 1931) in paragraph at lines 109--110
[]\OT1/ptm/m/n/10 There are many in-ter-est-ing chal-lenges that arise in
 []


Underfull \hbox (badness 10000) in paragraph at lines 109--110

 []


Underfull \hbox (badness 10000) in paragraph at lines 109--110

 []


Underfull \hbox (badness 2088) in paragraph at lines 112--113
[]\OT1/ptm/m/n/10 Channel/function am-bi-gu-ity: in the IFTTT ex-am-ple,
 []

[1{C:/Users/tal12/AppData/Local/MiKTeX/fonts/map/pdftex/pdftex.map}{C:/Users/ta
l12/AppData/Local/Programs/MiKTeX/fonts/enc/dvips/base/8r.enc}



]
<data_example.png, id=8, 1216.545pt x 660.4675pt>
File: data_example.png Graphic file (type png)
<use data_example.png>
Package pdftex.def Info: data_example.png  used on input line 118.
(pdftex.def)             Requested size: 215.45348pt x 116.96422pt.


LaTeX Warning: Citation `quirk-etal-2015-language' on page 2 undefined on input
 line 126.


Overfull \hbox (21.69405pt too wide) in paragraph at lines 132--139
[][] 
 []


LaTeX Warning: Citation `chen2016latent' on page 2 undefined on input line 146.



LaTeX Warning: Citation `chen2016latent' on page 2 undefined on input line 146.



LaTeX Warning: Citation `quirk-etal-2015-language' on page 2 undefined on input
 line 150.


LaTeX Warning: Citation `quirk-etal-2015-language' on page 2 undefined on input
 line 150.


LaTeX Warning: Citation `beltagy-quirk-2016-improved' on page 2 undefined on in
put line 150.


LaTeX Warning: Citation `beltagy-quirk-2016-improved' on page 2 undefined on in
put line 150.


LaTeX Warning: Citation `chen2016latent' on page 2 undefined on input line 150.



LaTeX Warning: Citation `chen2016latent' on page 2 undefined on input line 150.



LaTeX Warning: Citation `chen2016latent' on page 2 undefined on input line 150.



LaTeX Warning: Citation `DBLP:journals/corr/abs-1808-06740' on page 2 undefined
 on input line 150.


LaTeX Warning: Citation `DBLP:journals/corr/abs-1808-06740' on page 2 undefined
 on input line 150.


LaTeX Warning: Citation `Lin2017ProgramSF' on page 2 undefined on input line 15
2.


LaTeX Warning: Citation `Lin2017ProgramSF' on page 2 undefined on input line 15
2.


LaTeX Warning: Citation `krishnamurthy-etal-2017-neural' on page 2 undefined on
 input line 152.


LaTeX Warning: Citation `krishnamurthy-etal-2017-neural' on page 2 undefined on
 input line 152.


LaTeX Warning: Citation `DBLP:journals/corr/SutskeverVL14' on page 2 undefined 
on input line 155.


LaTeX Warning: Citation `DBLP:journals/corr/SutskeverVL14' on page 2 undefined 
on input line 155.

[2 <./data_example.png>]
Underfull \hbox (badness 10000) in paragraph at lines 165--171

 []


Underfull \hbox (badness 10000) in paragraph at lines 165--171

 []


Underfull \hbox (badness 7415) in paragraph at lines 165--171
\OT1/ptm/m/n/10 was con-verted to the fol-low-ing se-quence: \OT1/ptm/m/it/10 n
y[]times
 []


LaTeX Warning: Citation `JoeyNMT' on page 3 undefined on input line 173.


LaTeX Warning: Citation `DBLP:journals/corr/LuongPM15' on page 3 undefined on i
nput line 173.


Underfull \hbox (badness 4569) in paragraph at lines 173--174
\OT1/ptm/m/n/10 The model was im-ple-mented and trained us-ing the
 []


Overfull \hbox (5.94373pt too wide) in paragraph at lines 179--189
[][] 
 []


LaTeX Warning: Citation `klein-etal-2018-opennmt' on page 3 undefined on input 
line 194.


LaTeX Warning: Citation `klein-etal-2018-opennmt' on page 3 undefined on input 
line 194.


LaTeX Warning: Citation `NIPS2017_7181' on page 3 undefined on input line 197.


LaTeX Warning: Citation `NIPS2017_7181' on page 3 undefined on input line 197.


LaTeX Warning: Citation `bahdanau2014neural' on page 3 undefined on input line 
197.


LaTeX Warning: Citation `DBLP:journals/corr/abs-1804-04235' on page 3 undefined
 on input line 199.

[3]

LaTeX Warning: Citation `chen2016latent' on page 4 undefined on input line 229.



LaTeX Warning: Citation `chen2016latent' on page 4 undefined on input line 229.



LaTeX Warning: Citation `beltagy-quirk-2016-improved' on page 4 undefined on in
put line 229.


LaTeX Warning: Citation `beltagy-quirk-2016-improved' on page 4 undefined on in
put line 229.


LaTeX Warning: Citation `chen2016latent' on page 4 undefined on input line 229.



LaTeX Warning: Citation `chen2016latent' on page 4 undefined on input line 229.


[4] [5

]
No file dalal_submission_changed.bbl.
(dalal_submission_changed.aux)
 ***********
LaTeX2e <2023-06-01> patch level 1
L3 programming layer <2023-08-29>
 ***********
 ) 
Here is how much of TeX's memory you used:
 1584 strings out of 475247
 27688 string characters out of 5757793
 1940785 words of memory out of 5000000
 23120 multiletter control sequences out of 15000+600000
 571576 words of font info for 55 fonts, out of 8000000 for 9000
 1141 hyphenation exceptions out of 8191
 57i,13n,65p,1632b,288s stack positions out of 10000i,1000n,20000p,200000b,200000s
<C:/Users/tal12/AppData/Local/Programs/MiKTeX/fonts/type1/public/amsfonts/cm/
cmmi10.pfb><C:/Users/tal12/AppData/Local/Programs/MiKTeX/fonts/type1/public/ams
fonts/cm/cmmi7.pfb><C:/Users/tal12/AppData/Local/Programs/MiKTeX/fonts/type1/pu
blic/amsfonts/cm/cmr7.pfb><C:/Users/tal12/AppData/Local/Programs/MiKTeX/fonts/t
ype1/public/amsfonts/cm/cmsy10.pfb><C:/Users/tal12/AppData/Local/Programs/MiKTe
X/fonts/type1/urw/times/utmb8a.pfb><C:/Users/tal12/AppData/Local/Programs/MiKTe
X/fonts/type1/urw/times/utmr8a.pfb><C:/Users/tal12/AppData/Local/Programs/MiKTe
X/fonts/type1/urw/times/utmri8a.pfb>
Output written on dalal_submission_changed.pdf (5 pages, 182546 bytes).
PDF statistics:
 57 PDF objects out of 1000 (max. 8388607)
 0 named destinations out of 1000 (max. 500000)
 6 words of extra memory for PDF output out of 10000 (max. 10000000)

