This is pdfTeX, Version 3.141592653-2.6-1.40.25 (MiKTeX 23.5) (preloaded format=pdflatex 2024.1.12)  30 MAR 2024 20:04
entering extended mode
 restricted \write18 enabled.
 %&-line parsing enabled.
**./AAAI-LiY.443_changed.tex
(AAAI-LiY.443_changed.tex
LaTeX2e <2023-06-01> patch level 1
L3 programming layer <2023-08-29>
(C:\Users\orfuc\AppData\Local\Programs\MiKTeX\tex/latex/base\article.cls
Document Class: article 2023/05/17 v1.4n Standard LaTeX document class
(C:\Users\orfuc\AppData\Local\Programs\MiKTeX\tex/latex/base\size10.clo
File: size10.clo 2023/05/17 v1.4n Standard LaTeX file (size option)
)
\c@part=\count185
\c@section=\count186
\c@subsection=\count187
\c@subsubsection=\count188
\c@paragraph=\count189
\c@subparagraph=\count190
\c@figure=\count191
\c@table=\count192
\abovecaptionskip=\skip48
\belowcaptionskip=\skip49
\bibindent=\dimen140
)
(aaai20.sty
Conference Style for AAAI for LaTeX 2e -- version for the AAAI-20 conference
\titlebox=\skip50
) (C:\Users\orfuc\AppData\Local\Programs\MiKTeX\tex/latex/psnfss\times.sty
Package: times 2020/03/25 PSNFSS-v9.3 (SPQR) 
)
(C:\Users\orfuc\AppData\Local\Programs\MiKTeX\tex/latex/psnfss\helvet.sty
Package: helvet 2020/03/25 PSNFSS-v9.3 (WaS) 

(C:\Users\orfuc\AppData\Local\Programs\MiKTeX\tex/latex/graphics\keyval.sty
Package: keyval 2022/05/29 v1.15 key=value parser (DPC)
\KV@toks@=\toks17
))
(C:\Users\orfuc\AppData\Local\Programs\MiKTeX\tex/latex/psnfss\courier.sty
Package: courier 2020/03/25 PSNFSS-v9.3 (WaS) 
)
(C:\Users\orfuc\AppData\Local\Programs\MiKTeX\tex/latex/url\url.sty
\Urlmuskip=\muskip16
Package: url 2013/09/16  ver 3.4  Verb mode for urls, etc.
)
(C:\Users\orfuc\AppData\Local\Programs\MiKTeX\tex/latex/graphics\graphicx.sty
Package: graphicx 2021/09/16 v1.2d Enhanced LaTeX Graphics (DPC,SPQR)

(C:\Users\orfuc\AppData\Local\Programs\MiKTeX\tex/latex/graphics\graphics.sty
Package: graphics 2022/03/10 v1.4e Standard LaTeX Graphics (DPC,SPQR)

(C:\Users\orfuc\AppData\Local\Programs\MiKTeX\tex/latex/graphics\trig.sty
Package: trig 2021/08/11 v1.11 sin cos tan (DPC)
)
(C:\Users\orfuc\AppData\Local\Programs\MiKTeX\tex/latex/graphics-cfg\graphics.c
fg
File: graphics.cfg 2016/06/04 v1.11 sample graphics configuration
)
Package graphics Info: Driver file: pdftex.def on input line 107.

(C:\Users\orfuc\AppData\Local\Programs\MiKTeX\tex/latex/graphics-def\pdftex.def
File: pdftex.def 2022/09/22 v1.2b Graphics/color driver for pdftex
))
\Gin@req@height=\dimen141
\Gin@req@width=\dimen142
)
(C:\Users\orfuc\AppData\Local\Programs\MiKTeX\tex/latex/multirow\multirow.sty
Package: multirow 2021/03/15 v2.8 Span multiple rows of a table
\multirow@colwidth=\skip51
\multirow@cntb=\count193
\multirow@dima=\skip52
\bigstrutjot=\dimen143
)
(C:\Users\orfuc\AppData\Local\Programs\MiKTeX\tex/latex/subfigure\subfigure.sty
Package: subfigure 2002/07/30 v2.1.4 subfigure package
\subfigtopskip=\skip53
\subfigcapskip=\skip54
\subfigcaptopadj=\dimen144
\subfigbottomskip=\skip55
\subfigcapmargin=\dimen145
\subfiglabelskip=\skip56
\c@subfigure=\count194
\c@lofdepth=\count195
\c@subtable=\count196
\c@lotdepth=\count197
****************************************
* Local config file subfigure.cfg used *
****************************************

(C:\Users\orfuc\AppData\Local\Programs\MiKTeX\tex/latex/subfigure\subfigure.cfg
)
\subfig@top=\skip57
\subfig@bottom=\skip58
) (C:\Users\orfuc\AppData\Local\Programs\MiKTeX\tex/latex/tools\array.sty
Package: array 2022/09/04 v2.5g Tabular extension package (FMi)
\col@sep=\dimen146
\ar@mcellbox=\box51
\extrarowheight=\dimen147
\NC@list=\toks18
\extratabsurround=\skip59
\backup@length=\skip60
\ar@cellbox=\box52
)
(C:\Users\orfuc\AppData\Local\Programs\MiKTeX\tex/latex/amsmath\amsmath.sty
Package: amsmath 2023/05/13 v2.17o AMS math features
\@mathmargin=\skip61

For additional information on amsmath, use the `?' option.
(C:\Users\orfuc\AppData\Local\Programs\MiKTeX\tex/latex/amsmath\amstext.sty
Package: amstext 2021/08/26 v2.01 AMS text

(C:\Users\orfuc\AppData\Local\Programs\MiKTeX\tex/latex/amsmath\amsgen.sty
File: amsgen.sty 1999/11/30 v2.0 generic functions
\@emptytoks=\toks19
\ex@=\dimen148
))
(C:\Users\orfuc\AppData\Local\Programs\MiKTeX\tex/latex/amsmath\amsbsy.sty
Package: amsbsy 1999/11/29 v1.2d Bold Symbols
\pmbraise@=\dimen149
)
(C:\Users\orfuc\AppData\Local\Programs\MiKTeX\tex/latex/amsmath\amsopn.sty
Package: amsopn 2022/04/08 v2.04 operator names
)
\inf@bad=\count198
LaTeX Info: Redefining \frac on input line 234.
\uproot@=\count199
\leftroot@=\count266
LaTeX Info: Redefining \overline on input line 399.
LaTeX Info: Redefining \colon on input line 410.
\classnum@=\count267
\DOTSCASE@=\count268
LaTeX Info: Redefining \ldots on input line 496.
LaTeX Info: Redefining \dots on input line 499.
LaTeX Info: Redefining \cdots on input line 620.
\Mathstrutbox@=\box53
\strutbox@=\box54
LaTeX Info: Redefining \big on input line 722.
LaTeX Info: Redefining \Big on input line 723.
LaTeX Info: Redefining \bigg on input line 724.
LaTeX Info: Redefining \Bigg on input line 725.
\big@size=\dimen150
LaTeX Font Info:    Redeclaring font encoding OML on input line 743.
LaTeX Font Info:    Redeclaring font encoding OMS on input line 744.
\macc@depth=\count269
LaTeX Info: Redefining \bmod on input line 905.
LaTeX Info: Redefining \pmod on input line 910.
LaTeX Info: Redefining \smash on input line 940.
LaTeX Info: Redefining \relbar on input line 970.
LaTeX Info: Redefining \Relbar on input line 971.
\c@MaxMatrixCols=\count270
\dotsspace@=\muskip17
\c@parentequation=\count271
\dspbrk@lvl=\count272
\tag@help=\toks20
\row@=\count273
\column@=\count274
\maxfields@=\count275
\andhelp@=\toks21
\eqnshift@=\dimen151
\alignsep@=\dimen152
\tagshift@=\dimen153
\tagwidth@=\dimen154
\totwidth@=\dimen155
\lineht@=\dimen156
\@envbody=\toks22
\multlinegap=\skip62
\multlinetaggap=\skip63
\mathdisplay@stack=\toks23
LaTeX Info: Redefining \[ on input line 2953.
LaTeX Info: Redefining \] on input line 2954.
)
LaTeX Font Info:    Trying to load font information for OT1+ptm on input line 1
16.

(C:\Users\orfuc\AppData\Local\Programs\MiKTeX\tex/latex/psnfss\ot1ptm.fd
File: ot1ptm.fd 2001/06/04 font definitions for OT1/ptm.
)
(C:\Users\orfuc\AppData\Local\Programs\MiKTeX\tex/latex/l3backend\l3backend-pdf
tex.def
File: l3backend-pdftex.def 2023-04-19 L3 backend support: PDF output (pdfTeX)
\l__color_backend_stack_int=\count276
\l__pdf_internal_box=\box55
) (AAAI-LiY.443_changed.aux)
\openout1 = `AAAI-LiY.443_changed.aux'.

LaTeX Font Info:    Checking defaults for OML/cmm/m/it on input line 116.
LaTeX Font Info:    ... okay on input line 116.
LaTeX Font Info:    Checking defaults for OMS/cmsy/m/n on input line 116.
LaTeX Font Info:    ... okay on input line 116.
LaTeX Font Info:    Checking defaults for OT1/cmr/m/n on input line 116.
LaTeX Font Info:    ... okay on input line 116.
LaTeX Font Info:    Checking defaults for T1/cmr/m/n on input line 116.
LaTeX Font Info:    ... okay on input line 116.
LaTeX Font Info:    Checking defaults for TS1/cmr/m/n on input line 116.
LaTeX Font Info:    ... okay on input line 116.
LaTeX Font Info:    Checking defaults for OMX/cmex/m/n on input line 116.
LaTeX Font Info:    ... okay on input line 116.
LaTeX Font Info:    Checking defaults for U/cmr/m/n on input line 116.
LaTeX Font Info:    ... okay on input line 116.

(C:\Users\orfuc\AppData\Local\Programs\MiKTeX\tex/context/base/mkii\supp-pdf.mk
ii
[Loading MPS to PDF converter (version 2006.09.02).]
\scratchcounter=\count277
\scratchdimen=\dimen157
\scratchbox=\box56
\nofMPsegments=\count278
\nofMParguments=\count279
\everyMPshowfont=\toks24
\MPscratchCnt=\count280
\MPscratchDim=\dimen158
\MPnumerator=\count281
\makeMPintoPDFobject=\count282
\everyMPtoPDFconversion=\toks25
)
(C:\Users\orfuc\AppData\Local\Programs\MiKTeX\tex/latex/epstopdf-pkg\epstopdf-b
ase.sty
Package: epstopdf-base 2020-01-24 v2.11 Base part for package epstopdf

(C:\Users\orfuc\AppData\Local\Programs\MiKTeX\tex/generic/infwarerr\infwarerr.s
ty
Package: infwarerr 2019/12/03 v1.5 Providing info/warning/error messages (HO)
) (C:\Users\orfuc\AppData\Local\Programs\MiKTeX\tex/latex/grfext\grfext.sty
Package: grfext 2019/12/03 v1.3 Manage graphics extensions (HO)

(C:\Users\orfuc\AppData\Local\Programs\MiKTeX\tex/generic/kvdefinekeys\kvdefine
keys.sty
Package: kvdefinekeys 2019-12-19 v1.6 Define keys (HO)
))
(C:\Users\orfuc\AppData\Local\Programs\MiKTeX\tex/latex/kvoptions\kvoptions.sty
Package: kvoptions 2022-06-15 v3.15 Key value format for package options (HO)
(C:\Users\orfuc\AppData\Local\Programs\MiKTeX\tex/generic/ltxcmds\ltxcmds.sty
Package: ltxcmds 2020-05-10 v1.25 LaTeX kernel commands for general use (HO)
)
(C:\Users\orfuc\AppData\Local\Programs\MiKTeX\tex/latex/kvsetkeys\kvsetkeys.sty
Package: kvsetkeys 2022-10-05 v1.19 Key value parser (HO)
))
(C:\Users\orfuc\AppData\Local\Programs\MiKTeX\tex/generic/pdftexcmds\pdftexcmds
.sty
Package: pdftexcmds 2020-06-27 v0.33 Utility functions of pdfTeX for LuaTeX (HO
)
 (C:\Users\orfuc\AppData\Local\Programs\MiKTeX\tex/generic/iftex\iftex.sty
Package: iftex 2022/02/03 v1.0f TeX engine tests
)
Package pdftexcmds Info: \pdf@primitive is available.
Package pdftexcmds Info: \pdf@ifprimitive is available.
Package pdftexcmds Info: \pdfdraftmode found.
)
Package epstopdf-base Info: Redefining graphics rule for `.eps' on input line 4
85.
Package grfext Info: Graphics extension search list:
(grfext)             [.pdf,.png,.jpg,.mps,.jpeg,.jbig2,.jb2,.PDF,.PNG,.JPG,.JPE
G,.JBIG2,.JB2,.eps]
(grfext)             \AppendGraphicsExtensions on input line 504.

(C:\Users\orfuc\AppData\Local\Programs\MiKTeX\tex/latex/00miktex\epstopdf-sys.c
fg
File: epstopdf-sys.cfg 2021/03/18 v2.0 Configuration of epstopdf for MiKTeX
))
LaTeX Font Info:    Trying to load font information for OMS+ptm on input line 1
18.
 (C:\Users\orfuc\AppData\Local\Programs\MiKTeX\tex/latex/psnfss\omsptm.fd
File: omsptm.fd 
)
LaTeX Font Info:    Font shape `OMS/ptm/m/n' in size <10> not available
(Font)              Font shape `OMS/cmsy/m/n' tried instead on input line 118.
LaTeX Font Info:    Trying to load font information for TS1+ptm on input line 1
18.

(C:\Users\orfuc\AppData\Local\Programs\MiKTeX\tex/latex/psnfss\ts1ptm.fd
File: ts1ptm.fd 2001/06/04 font definitions for TS1/ptm.
)
Underfull \hbox (badness 3386) in paragraph at lines 122--124
[]\OT1/ptm/m/n/9 Recent de-vel-op-ment of ad-ver-sar-ial at-tacks has proven
 []


LaTeX Warning: Citation `he2016identity' on page 1 undefined on input line 136.



LaTeX Warning: Citation `krizhevsky2012imagenet' on page 1 undefined on input l
ine 136.


LaTeX Warning: Citation `simonyan2015very' on page 1 undefined on input line 13
6.


LaTeX Warning: Citation `Ren_2015_Faster' on page 1 undefined on input line 136
.


LaTeX Warning: Citation `Girshick_2015_Fast' on page 1 undefined on input line 
136.


LaTeX Warning: Citation `Chen_2016_DeepLab' on page 1 undefined on input line 1
36.


LaTeX Warning: Citation `szegedy2013intriguing' on page 1 undefined on input li
ne 136.


LaTeX Warning: Citation `goodfellow2014explaining' on page 1 undefined on input
 line 136.


LaTeX Warning: Citation `goodfellow2014explaining' on page 1 undefined on input
 line 136.


LaTeX Warning: Citation `kurakin2016adversarial' on page 1 undefined on input l
ine 136.


LaTeX Warning: Citation `szegedy2013intriguing' on page 1 undefined on input li
ne 136.


LaTeX Warning: Citation `xie2017adversarial' on page 1 undefined on input line 
136.


LaTeX Warning: Citation `bai2019adversarial' on page 1 undefined on input line 
136.


LaTeX Warning: Citation `sun2019node' on page 1 undefined on input line 136.


LaTeX Warning: Citation `tang2019robust' on page 1 undefined on input line 136.



LaTeX Warning: Citation `li2019volumetric' on page 1 undefined on input line 13
6.

<transferability-crop.pdf, id=1, 559.02853pt x 348.56224pt>
File: transferability-crop.pdf Graphic file (type pdf)
<use transferability-crop.pdf>
Package pdftex.def Info: transferability-crop.pdf  used on input line 146.
(pdftex.def)             Requested size: 227.42392pt x 141.79985pt.

LaTeX Warning: Citation `carlini2016towards' on page 1 undefined on input line 
156.


LaTeX Warning: Citation `kurakin2016adversarial' on page 1 undefined on input l
ine 156.


LaTeX Warning: Citation `szegedy2013intriguing' on page 1 undefined on input li
ne 160.


LaTeX Warning: Citation `papernot2016transferability' on page 1 undefined on in
put line 160.


LaTeX Warning: Citation `liu2016delving' on page 1 undefined on input line 160.



LaTeX Warning: Citation `liu2016delving' on page 1 undefined on input line 160.



LaTeX Warning: Citation `dong2017boosting' on page 1 undefined on input line 16
0.


LaTeX Warning: Citation `Zhou_2018_ECCV' on page 1 undefined on input line 160.



LaTeX Warning: Citation `papernot2016transferability' on page 1 undefined on in
put line 164.


LaTeX Warning: Citation `liu2016delving' on page 1 undefined on input line 164.



LaTeX Warning: Citation `dong2017boosting' on page 1 undefined on input line 16
4.


LaTeX Warning: Citation `Zhou_2018_ECCV' on page 1 undefined on input line 164.



LaTeX Warning: Citation `kurakin2018adversarial' on page 1 undefined on input l
ine 166.

[1{C:/Users/orfuc/AppData/Local/MiKTeX/fonts/map/pdftex/pdftex.map}{C:/Users/or
fuc/AppData/Local/Programs/MiKTeX/fonts/enc/dvips/base/8r.enc}



 <./transferability-crop.pdf>]

LaTeX Warning: Citation `kurakin2018adversarial' on page 2 undefined on input l
ine 171.


LaTeX Warning: Citation `kurakin2018adversarial' on page 2 undefined on input l
ine 171.


LaTeX Warning: Citation `baluja2017adversarial' on page 2 undefined on input li
ne 173.


LaTeX Warning: Citation `poursaeed2017generative' on page 2 undefined on input 
line 173.


LaTeX Warning: Citation `xiao2018generating' on page 2 undefined on input line 
173.


LaTeX Warning: Citation `baluja2017adversarial' on page 2 undefined on input li
ne 173.


LaTeX Warning: Citation `poursaeed2017generative' on page 2 undefined on input 
line 173.


LaTeX Warning: Citation `xiao2018generating' on page 2 undefined on input line 
173.


LaTeX Warning: Citation `chen2017zoo' on page 2 undefined on input line 173.


LaTeX Warning: Citation `bhagoji2018practical' on page 2 undefined on input lin
e 173.


LaTeX Warning: Citation `guo2018low' on page 2 undefined on input line 173.


LaTeX Warning: Citation `chen2017zoo' on page 2 undefined on input line 173.


LaTeX Warning: Citation `bhagoji2018practical' on page 2 undefined on input lin
e 173.


LaTeX Warning: Citation `guo2018low' on page 2 undefined on input line 173.


LaTeX Warning: Citation `liu2016delving' on page 2 undefined on input line 175.



LaTeX Warning: Citation `kurakin2018adversarial' on page 2 undefined on input l
ine 179.


LaTeX Warning: Citation `kurakin2016adversarial' on page 2 undefined on input l
ine 182.


LaTeX Warning: Citation `dong2017boosting' on page 2 undefined on input line 18
2.


LaTeX Warning: Citation `kurakin2016adversarial' on page 2 undefined on input l
ine 199.


LaTeX Warning: Citation `dong2017boosting' on page 2 undefined on input line 20
8.


LaTeX Warning: Citation `srivastava2014dropout' on page 2 undefined on input li
ne 225.


LaTeX Warning: Citation `carlini2017adversarial' on page 2 undefined on input l
ine 242.

[2]
<skip_connection_cropped.pdf, id=29, 376.64714pt x 228.64421pt>
File: skip_connection_cropped.pdf Graphic file (type pdf)
<use skip_connection_cropped.pdf>
Package pdftex.def Info: skip_connection_cropped.pdf  used on input line 278.
(pdftex.def)             Requested size: 203.48668pt x 123.52533pt.


LaTeX Warning: Citation `he2016deep' on page 3 undefined on input line 287.


LaTeX Warning: Citation `he2016deep' on page 3 undefined on input line 287.


LaTeX Warning: Citation `he2016identity' on page 3 undefined on input line 292.



LaTeX Warning: Citation `he2016identity' on page 3 undefined on input line 292.



LaTeX Warning: Citation `veit2018convolutional' on page 3 undefined on input li
ne 300.


LaTeX Warning: Citation `veit2018convolutional' on page 3 undefined on input li
ne 300.


LaTeX Warning: Citation `veit2016residual' on page 3 undefined on input line 30
0.


LaTeX Warning: Citation `veit2016residual' on page 3 undefined on input line 30
0.



pdfTeX warning: pdflatex (file ./illu_standard-crop.pdf): PDF inclusion: found 
PDF version <1.7>, but at most version <1.5> allowed
<illu_standard-crop.pdf, id=30, 429.605pt x 96.36pt>
File: illu_standard-crop.pdf Graphic file (type pdf)
<use illu_standard-crop.pdf>
Package pdftex.def Info: illu_standard-crop.pdf  used on input line 323.
(pdftex.def)             Requested size: 217.52899pt x 48.79152pt.
LaTeX Font Info:    Trying to load font information for OT1+phv on input line 3
23.
(C:\Users\orfuc\AppData\Local\Programs\MiKTeX\tex/latex/psnfss\ot1phv.fd
File: ot1phv.fd 2020/03/25 scalable font definitions for OT1/phv.
)

pdfTeX warning: pdflatex (file ./illu_longitudinal-crop.pdf): PDF inclusion: fo
und PDF version <1.7>, but at most version <1.5> allowed
<illu_longitudinal-crop.pdf, id=31, 429.605pt x 54.2025pt>
File: illu_longitudinal-crop.pdf Graphic file (type pdf)
<use illu_longitudinal-crop.pdf>
Package pdftex.def Info: illu_longitudinal-crop.pdf  used on input line 332.
(pdftex.def)             Requested size: 217.52899pt x 27.44524pt.

LaTeX Warning: Citation `liu2016delving' on page 3 undefined on input line 340.


[3 <./skip_connection_cropped.pdf>]

LaTeX Warning: Citation `kurakin2016adversarial' on page 4 undefined on input l
ine 342.


LaTeX Warning: Citation `dong2017boosting' on page 4 undefined on input line 34
2.


LaTeX Warning: Citation `liu2016delving' on page 4 undefined on input line 344.



LaTeX Warning: Citation `liu2016delving' on page 4 undefined on input line 344.



LaTeX Warning: Citation `liu2016delving' on page 4 undefined on input line 346.



LaTeX Warning: Citation `liu2016delving' on page 4 undefined on input line 346.


<dropout_acc-crop.pdf, id=50, 402.11227pt x 306.11363pt>
File: dropout_acc-crop.pdf Graphic file (type pdf)
<use dropout_acc-crop.pdf>
Package pdftex.def Info: dropout_acc-crop.pdf  used on input line 357.
(pdftex.def)             Requested size: 109.60423pt x 83.4365pt.
<residual_acc-crop.pdf, id=51, 402.11227pt x 306.11363pt>
File: residual_acc-crop.pdf Graphic file (type pdf)
<use residual_acc-crop.pdf>
Package pdftex.def Info: residual_acc-crop.pdf  used on input line 365.
(pdftex.def)             Requested size: 109.60423pt x 83.4365pt.
<jsd_cropped.pdf, id=52, 551.92197pt x 337.24995pt>
File: jsd_cropped.pdf Graphic file (type pdf)
<use jsd_cropped.pdf>
Package pdftex.def Info: jsd_cropped.pdf  used on input line 374.
(pdftex.def)             Requested size: 215.45348pt x 131.65045pt.
<single_attack_rate_IFGSM_Res50_cropped.pdf, id=53, 394.4336pt x 314.62544pt>
File: single_attack_rate_IFGSM_Res50_cropped.pdf Graphic file (type pdf)
<use single_attack_rate_IFGSM_Res50_cropped.pdf>
Package pdftex.def Info: single_attack_rate_IFGSM_Res50_cropped.pdf  used on in
put line 414.
(pdftex.def)             Requested size: 118.88445pt x 94.83002pt.
<single_attack_rate_MIFGSM_Res50_cropped.pdf, id=54, 394.4336pt x 314.62544pt>
File: single_attack_rate_MIFGSM_Res50_cropped.pdf Graphic file (type pdf)
<use single_attack_rate_MIFGSM_Res50_cropped.pdf>
Package pdftex.def Info: single_attack_rate_MIFGSM_Res50_cropped.pdf  used on i
nput line 421.
(pdftex.def)             Requested size: 118.88445pt x 94.83002pt.
<single_attack_rate_IFGSM_Incv3_cropped.pdf, id=55, 394.4336pt x 314.62544pt>
File: single_attack_rate_IFGSM_Incv3_cropped.pdf Graphic file (type pdf)
<use single_attack_rate_IFGSM_Incv3_cropped.pdf>
Package pdftex.def Info: single_attack_rate_IFGSM_Incv3_cropped.pdf  used on in
put line 428.
(pdftex.def)             Requested size: 118.88445pt x 94.83002pt.
<single_attack_rate_MIFGSM_Incv3_cropped.pdf, id=56, 394.4336pt x 314.62544pt>
File: single_attack_rate_MIFGSM_Incv3_cropped.pdf Graphic file (type pdf)
<use single_attack_rate_MIFGSM_Incv3_cropped.pdf>
Package pdftex.def Info: single_attack_rate_MIFGSM_Incv3_cropped.pdf  used on i
nput line 435.
(pdftex.def)             Requested size: 118.88445pt x 94.83002pt.

LaTeX Warning: Citation `he2016identity' on page 4 undefined on input line 471.



LaTeX Warning: Citation `szegedy2017inception' on page 4 undefined on input lin
e 471.


LaTeX Warning: Citation `szegedy2016rethinking' on page 4 undefined on input li
ne 471.


LaTeX Warning: Citation `tramer2017ensemble' on page 4 undefined on input line 
471.


Underfull \hbox (badness 2884) in paragraph at lines 471--473
\OT1/ptm/m/n/10 v3 (Inc-v3) ( \OT1/ptm/b/n/10 ?\OT1/ptm/m/n/10 ), In-cep-tion v
4 (Inc-v4) and In-cep-tion
 []


LaTeX Warning: Citation `xie2018improving' on page 4 undefined on input line 47
4.


LaTeX Warning: Citation `xie2018improving' on page 4 undefined on input line 47
4.


LaTeX Warning: Citation `kurakin2016adversarial' on page 4 undefined on input l
ine 478.


LaTeX Warning: Citation `kurakin2016adversarial' on page 4 undefined on input l
ine 478.


LaTeX Warning: Citation `dong2017boosting' on page 4 undefined on input line 47
8.


LaTeX Warning: Citation `dong2017boosting' on page 4 undefined on input line 47
8.

[4 <./illu_standard-crop.pdf> <./illu_longitudinal-crop.pdf> <./dropout_acc-cro
p.pdf> <./residual_acc-crop.pdf> <./jsd_cropped.pdf>]

LaTeX Warning: Citation `huang2017snapshot' on page 5 undefined on input line 4
93.


LaTeX Warning: Citation `huang2017snapshot' on page 5 undefined on input line 4
93.

[5 <./single_attack_rate_IFGSM_Res50_cropped.pdf> <./single_attack_rate_MIFGSM_
Res50_cropped.pdf> <./single_attack_rate_IFGSM_Incv3_cropped.pdf> <./single_att
ack_rate_MIFGSM_Incv3_cropped.pdf>]

LaTeX Warning: Citation `liu2016delving' on page 6 undefined on input line 553.



LaTeX Warning: Citation `liu2016delving' on page 6 undefined on input line 570.



LaTeX Warning: Citation `liu2016delving' on page 6 undefined on input line 570.



LaTeX Warning: Citation `liu2016delving' on page 6 undefined on input line 576.



LaTeX Warning: Citation `liu2016delving' on page 6 undefined on input line 576.



LaTeX Warning: Citation `liu2016delving' on page 6 undefined on input line 609.



LaTeX Warning: Citation `liu2016delving' on page 6 undefined on input line 609.


[6]

LaTeX Warning: Citation `kurakin2018adversarial' on page 7 undefined on input l
ine 616.


Overfull \hbox (4.39531pt too wide) in paragraph at lines 616--616
[][]\OT1/ptm/m/n/9 https://github.com/cihangxie/NIPS2017[]adv[]challenge[]defen
se| 
 []


LaTeX Warning: Citation `deng2009imagenet' on page 7 undefined on input line 61
6.


LaTeX Warning: Citation `dong2017boosting' on page 7 undefined on input line 61
8.


LaTeX Warning: Citation `kurakin2016scale' on page 7 undefined on input line 61
8.


LaTeX Warning: Citation `ioffe2015batch' on page 7 undefined on input line 626.



LaTeX Warning: Citation `nair2010rectified' on page 7 undefined on input line 6
26.

No file AAAI-LiY.443_changed.bbl.

Underfull \vbox (badness 1817) has occurred while \output is active []

 [7]
[8

] (AAAI-LiY.443_changed.aux)
 ***********
LaTeX2e <2023-06-01> patch level 1
L3 programming layer <2023-08-29>
 ***********
 ) 
Here is how much of TeX's memory you used:
 3386 strings out of 475247
 57950 string characters out of 5757792
 1952801 words of memory out of 5000000
 24837 multiletter control sequences out of 15000+600000
 587015 words of font info for 86 fonts, out of 8000000 for 9000
 1141 hyphenation exceptions out of 8191
 61i,19n,69p,2258b,334s stack positions out of 10000i,1000n,20000p,200000b,200000s
<C:/Users/orfuc/AppData/Local/Programs/MiKTeX/fonts/type1/public/amsfonts/cm/
cmex10.pfb><C:/Users/orfuc/AppData/Local/Programs/MiKTeX/fonts/type1/public/ams
fonts/cm/cmmi10.pfb><C:/Users/orfuc/AppData/Local/Programs/MiKTeX/fonts/type1/p
ublic/amsfonts/cm/cmmi7.pfb><C:/Users/orfuc/AppData/Local/Programs/MiKTeX/fonts
/type1/public/amsfonts/cm/cmmi9.pfb><C:/Users/orfuc/AppData/Local/Programs/MiKT
eX/fonts/type1/public/amsfonts/cm/cmr10.pfb><C:/Users/orfuc/AppData/Local/Progr
ams/MiKTeX/fonts/type1/public/amsfonts/cm/cmr7.pfb><C:/Users/orfuc/AppData/Loca
l/Programs/MiKTeX/fonts/type1/public/amsfonts/cm/cmsy10.pfb><C:/Users/orfuc/App
Data/Local/Programs/MiKTeX/fonts/type1/public/amsfonts/cm/cmsy7.pfb><C:/Users/o
rfuc/AppData/Local/Programs/MiKTeX/fonts/type1/urw/helvetic/uhvr8a.pfb><C:/User
s/orfuc/AppData/Local/Programs/MiKTeX/fonts/type1/urw/times/utmb8a.pfb><C:/User
s/orfuc/AppData/Local/Programs/MiKTeX/fonts/type1/urw/times/utmr8a.pfb><C:/User
s/orfuc/AppData/Local/Programs/MiKTeX/fonts/type1/urw/times/utmri8a.pfb>
Output written on AAAI-LiY.443_changed.pdf (8 pages, 557685 bytes).
PDF statistics:
 311 PDF objects out of 1000 (max. 8388607)
 0 named destinations out of 1000 (max. 500000)
 56 words of extra memory for PDF output out of 10000 (max. 10000000)

