This is pdfTeX, Version 3.141592653-2.6-1.40.25 (MiKTeX 23.10) (preloaded format=pdflatex 2024.1.1)  11 JUL 2024 12:27
entering extended mode
 restricted \write18 enabled.
 file:line:error style messages enabled.
 %&-line parsing enabled.
**"c:/Users/tal12/Desktop/university/files_code/Article Reduction Outcomes/Simple/Treatment effect estimation/after_operator0.tex"
(c:/Users/tal12/Desktop/university/files_code/Article Reduction Outcomes/Simple/Treatment effect estimation/after_operator0.tex
LaTeX2e <2023-06-01> patch level 1
L3 programming layer <2023-08-29>
(C:\Users\tal12\AppData\Local\Programs\MiKTeX\tex/latex/base\article.cls
Document Class: article 2023/05/17 v1.4n Standard LaTeX document class
(C:\Users\tal12\AppData\Local\Programs\MiKTeX\tex/latex/base\size10.clo
File: size10.clo 2023/05/17 v1.4n Standard LaTeX file (size option)
)
\c@part=\count185
\c@section=\count186
\c@subsection=\count187
\c@subsubsection=\count188
\c@paragraph=\count189
\c@subparagraph=\count190
\c@figure=\count191
\c@table=\count192
\abovecaptionskip=\skip48
\belowcaptionskip=\skip49
\bibindent=\dimen140
) (aaai21.sty
Conference Style for AAAI for LaTeX 2e -- version for the AAAI-21 conference - MODIFIED
\titlebox=\skip50
) (C:\Users\tal12\AppData\Local\Programs\MiKTeX\tex/latex/psnfss\times.sty
Package: times 2020/03/25 PSNFSS-v9.3 (SPQR) 
) (C:\Users\tal12\AppData\Local\Programs\MiKTeX\tex/latex/psnfss\helvet.sty
Package: helvet 2020/03/25 PSNFSS-v9.3 (WaS) 
 (C:\Users\tal12\AppData\Local\Programs\MiKTeX\tex/latex/graphics\keyval.sty
Package: keyval 2022/05/29 v1.15 key=value parser (DPC)
\KV@toks@=\toks17
)) (C:\Users\tal12\AppData\Local\Programs\MiKTeX\tex/latex/psnfss\courier.sty
Package: courier 2020/03/25 PSNFSS-v9.3 (WaS) 
) (C:\Users\tal12\AppData\Local\Programs\MiKTeX\tex/latex/url\url.sty
\Urlmuskip=\muskip16
Package: url 2013/09/16  ver 3.4  Verb mode for urls, etc.
) (C:\Users\tal12\AppData\Local\Programs\MiKTeX\tex/latex/graphics\graphicx.sty
Package: graphicx 2021/09/16 v1.2d Enhanced LaTeX Graphics (DPC,SPQR)
 (C:\Users\tal12\AppData\Local\Programs\MiKTeX\tex/latex/graphics\graphics.sty
Package: graphics 2022/03/10 v1.4e Standard LaTeX Graphics (DPC,SPQR)
 (C:\Users\tal12\AppData\Local\Programs\MiKTeX\tex/latex/graphics\trig.sty
Package: trig 2021/08/11 v1.11 sin cos tan (DPC)
) (C:\Users\tal12\AppData\Local\Programs\MiKTeX\tex/latex/graphics-cfg\graphics.cfg
File: graphics.cfg 2016/06/04 v1.11 sample graphics configuration
)
Package graphics Info: Driver file: pdftex.def on input line 107.
 (C:\Users\tal12\AppData\Local\Programs\MiKTeX\tex/latex/graphics-def\pdftex.def
File: pdftex.def 2022/09/22 v1.2b Graphics/color driver for pdftex
))
\Gin@req@height=\dimen141
\Gin@req@width=\dimen142
) (C:\Users\tal12\AppData\Local\Programs\MiKTeX\tex/latex/natbib\natbib.sty
Package: natbib 2010/09/13 8.31b (PWD, AO)
\bibhang=\skip51
\bibsep=\skip52
LaTeX Info: Redefining \cite on input line 694.
\c@NAT@ctr=\count193
) (C:\Users\tal12\AppData\Local\Programs\MiKTeX\tex/latex/caption\caption.sty
Package: caption 2023/08/05 v3.6o Customizing captions (AR)
 (C:\Users\tal12\AppData\Local\Programs\MiKTeX\tex/latex/caption\caption3.sty
Package: caption3 2023/07/31 v2.4d caption3 kernel (AR)
\caption@tempdima=\dimen143
\captionmargin=\dimen144
\caption@leftmargin=\dimen145
\caption@rightmargin=\dimen146
\caption@width=\dimen147
\caption@indent=\dimen148
\caption@parindent=\dimen149
\caption@hangindent=\dimen150
Package caption Info: Standard document class detected.
)
\c@caption@flags=\count194
\c@continuedfloat=\count195
) (C:\Users\tal12\AppData\Local\Programs\MiKTeX\tex/latex/cite\cite.sty
LaTeX Info: Redefining \cite on input line 302.
LaTeX Info: Redefining \nocite on input line 332.
Package: cite 2015/02/27  v 5.5
) (C:\Users\tal12\AppData\Local\Programs\MiKTeX\tex/latex/amsmath\amsmath.sty
Package: amsmath 2023/05/13 v2.17o AMS math features
\@mathmargin=\skip53

For additional information on amsmath, use the `?' option.
(C:\Users\tal12\AppData\Local\Programs\MiKTeX\tex/latex/amsmath\amstext.sty
Package: amstext 2021/08/26 v2.01 AMS text
 (C:\Users\tal12\AppData\Local\Programs\MiKTeX\tex/latex/amsmath\amsgen.sty
File: amsgen.sty 1999/11/30 v2.0 generic functions
\@emptytoks=\toks18
\ex@=\dimen151
)) (C:\Users\tal12\AppData\Local\Programs\MiKTeX\tex/latex/amsmath\amsbsy.sty
Package: amsbsy 1999/11/29 v1.2d Bold Symbols
\pmbraise@=\dimen152
) (C:\Users\tal12\AppData\Local\Programs\MiKTeX\tex/latex/amsmath\amsopn.sty
Package: amsopn 2022/04/08 v2.04 operator names
)
\inf@bad=\count196
LaTeX Info: Redefining \frac on input line 234.
\uproot@=\count197
\leftroot@=\count198
LaTeX Info: Redefining \overline on input line 399.
LaTeX Info: Redefining \colon on input line 410.
\classnum@=\count199
\DOTSCASE@=\count266
LaTeX Info: Redefining \ldots on input line 496.
LaTeX Info: Redefining \dots on input line 499.
LaTeX Info: Redefining \cdots on input line 620.
\Mathstrutbox@=\box51
\strutbox@=\box52
LaTeX Info: Redefining \big on input line 722.
LaTeX Info: Redefining \Big on input line 723.
LaTeX Info: Redefining \bigg on input line 724.
LaTeX Info: Redefining \Bigg on input line 725.
\big@size=\dimen153
LaTeX Font Info:    Redeclaring font encoding OML on input line 743.
LaTeX Font Info:    Redeclaring font encoding OMS on input line 744.
\macc@depth=\count267
LaTeX Info: Redefining \bmod on input line 905.
LaTeX Info: Redefining \pmod on input line 910.
LaTeX Info: Redefining \smash on input line 940.
LaTeX Info: Redefining \relbar on input line 970.
LaTeX Info: Redefining \Relbar on input line 971.
\c@MaxMatrixCols=\count268
\dotsspace@=\muskip17
\c@parentequation=\count269
\dspbrk@lvl=\count270
\tag@help=\toks19
\row@=\count271
\column@=\count272
\maxfields@=\count273
\andhelp@=\toks20
\eqnshift@=\dimen154
\alignsep@=\dimen155
\tagshift@=\dimen156
\tagwidth@=\dimen157
\totwidth@=\dimen158
\lineht@=\dimen159
\@envbody=\toks21
\multlinegap=\skip54
\multlinetaggap=\skip55
\mathdisplay@stack=\toks22
LaTeX Info: Redefining \[ on input line 2953.
LaTeX Info: Redefining \] on input line 2954.
) (C:\Users\tal12\AppData\Local\Programs\MiKTeX\tex/latex/amsfonts\amssymb.sty
Package: amssymb 2013/01/14 v3.01 AMS font symbols
 (C:\Users\tal12\AppData\Local\Programs\MiKTeX\tex/latex/amsfonts\amsfonts.sty
Package: amsfonts 2013/01/14 v3.01 Basic AMSFonts support
\symAMSa=\mathgroup4
\symAMSb=\mathgroup5
LaTeX Font Info:    Redeclaring math symbol \hbar on input line 98.
LaTeX Font Info:    Overwriting math alphabet `\mathfrak' in version `bold'
(Font)                  U/euf/m/n --> U/euf/b/n on input line 106.
)) (C:\Users\tal12\AppData\Local\Programs\MiKTeX\tex/latex/algorithms\algorithmic.sty
Package: algorithmic 2009/08/24 v0.1 Document Style `algorithmic'
 (C:\Users\tal12\AppData\Local\Programs\MiKTeX\tex/latex/base\ifthen.sty
Package: ifthen 2022/04/13 v1.1d Standard LaTeX ifthen package (DPC)
)
\c@ALC@unique=\count274
\c@ALC@line=\count275
\c@ALC@rem=\count276
\c@ALC@depth=\count277
\ALC@tlm=\skip56
\algorithmicindent=\skip57
) (C:\Users\tal12\AppData\Local\Programs\MiKTeX\tex/latex/base\textcomp.sty
Package: textcomp 2020/02/02 v2.0n Standard LaTeX package
) (C:\Users\tal12\AppData\Local\Programs\MiKTeX\tex/latex/xcolor\xcolor.sty
Package: xcolor 2022/06/12 v2.14 LaTeX color extensions (UK)
 (C:\Users\tal12\AppData\Local\Programs\MiKTeX\tex/latex/graphics-cfg\color.cfg
File: color.cfg 2016/01/02 v1.6 sample color configuration
)
Package xcolor Info: Driver file: pdftex.def on input line 227.
 (C:\Users\tal12\AppData\Local\Programs\MiKTeX\tex/latex/graphics\mathcolor.ltx)
Package xcolor Info: Model `cmy' substituted by `cmy0' on input line 1353.
Package xcolor Info: Model `hsb' substituted by `rgb' on input line 1357.
Package xcolor Info: Model `RGB' extended on input line 1369.
Package xcolor Info: Model `HTML' substituted by `rgb' on input line 1371.
Package xcolor Info: Model `Hsb' substituted by `hsb' on input line 1372.
Package xcolor Info: Model `tHsb' substituted by `hsb' on input line 1373.
Package xcolor Info: Model `HSB' substituted by `hsb' on input line 1374.
Package xcolor Info: Model `Gray' substituted by `gray' on input line 1375.
Package xcolor Info: Model `wave' substituted by `hsb' on input line 1376.
) (C:\Users\tal12\AppData\Local\Programs\MiKTeX\tex/latex/caption\subcaption.sty
Package: subcaption 2023/07/28 v1.6b Sub-captions (AR)
Package caption Info: New subtype `subfigure' on input line 238.
\c@subfigure=\count278
Package caption Info: New subtype `subtable' on input line 238.
\c@subtable=\count279
) (C:\Users\tal12\AppData\Local\Programs\MiKTeX\tex/latex/amscls\amsthm.sty
Package: amsthm 2020/05/29 v2.20.6
\thm@style=\toks23
\thm@bodyfont=\toks24
\thm@headfont=\toks25
\thm@notefont=\toks26
\thm@headpunct=\toks27
\thm@preskip=\skip58
\thm@postskip=\skip59
\thm@headsep=\skip60
\dth@everypar=\toks28
) (C:\Users\tal12\AppData\Local\Programs\MiKTeX\tex/latex/booktabs\booktabs.sty
Package: booktabs 2020/01/12 v1.61803398 Publication quality tables
\heavyrulewidth=\dimen160
\lightrulewidth=\dimen161
\cmidrulewidth=\dimen162
\belowrulesep=\dimen163
\belowbottomsep=\dimen164
\aboverulesep=\dimen165
\abovetopsep=\dimen166
\cmidrulesep=\dimen167
\cmidrulekern=\dimen168
\defaultaddspace=\dimen169
\@cmidla=\count280
\@cmidlb=\count281
\@aboverulesep=\dimen170
\@belowrulesep=\dimen171
\@thisruleclass=\count282
\@lastruleclass=\count283
\@thisrulewidth=\dimen172
) (C:\Users\tal12\AppData\Local\Programs\MiKTeX\tex/latex/algorithms\algorithm.sty
Package: algorithm 2009/08/24 v0.1 Document Style `algorithm' - floating environment
 (C:\Users\tal12\AppData\Local\Programs\MiKTeX\tex/latex/float\float.sty
Package: float 2001/11/08 v1.3d Float enhancements (AL)
\c@float@type=\count284
\float@exts=\toks29
\float@box=\box53
\@float@everytoks=\toks30
\@floatcapt=\box54
)
\@float@every@algorithm=\toks31
\c@algorithm=\count285
) (C:\Users\tal12\AppData\Local\Programs\MiKTeX\tex/latex/enumitem\enumitem.sty
Package: enumitem 2019/06/20 v3.9 Customized lists
\labelindent=\skip61
\enit@outerparindent=\dimen173
\enit@toks=\toks32
\enit@inbox=\box55
\enit@count@id=\count286
\enitdp@description=\count287
) (C:\Users\tal12\AppData\Local\Programs\MiKTeX\tex/latex/mathtools\mathtools.sty
Package: mathtools 2022/06/29 v1.29 mathematical typesetting tools
 (C:\Users\tal12\AppData\Local\Programs\MiKTeX\tex/latex/tools\calc.sty
Package: calc 2017/05/25 v4.3 Infix arithmetic (KKT,FJ)
\calc@Acount=\count288
\calc@Bcount=\count289
\calc@Adimen=\dimen174
\calc@Bdimen=\dimen175
\calc@Askip=\skip62
\calc@Bskip=\skip63
LaTeX Info: Redefining \setlength on input line 80.
LaTeX Info: Redefining \addtolength on input line 81.
\calc@Ccount=\count290
\calc@Cskip=\skip64
) (C:\Users\tal12\AppData\Local\Programs\MiKTeX\tex/latex/mathtools\mhsetup.sty
Package: mhsetup 2021/03/18 v1.4 programming setup (MH)
)
\g_MT_multlinerow_int=\count291
\l_MT_multwidth_dim=\dimen176
\origjot=\skip65
\l_MT_shortvdotswithinadjustabove_dim=\dimen177
\l_MT_shortvdotswithinadjustbelow_dim=\dimen178
\l_MT_above_intertext_sep=\dimen179
\l_MT_below_intertext_sep=\dimen180
\l_MT_above_shortintertext_sep=\dimen181
\l_MT_below_shortintertext_sep=\dimen182
\xmathstrut@box=\box56
\xmathstrut@dim=\dimen183
) (C:\Users\tal12\AppData\Local\Programs\MiKTeX\tex/latex/tools\array.sty
Package: array 2022/09/04 v2.5g Tabular extension package (FMi)
\col@sep=\dimen184
\ar@mcellbox=\box57
\extrarowheight=\dimen185
\NC@list=\toks33
\extratabsurround=\skip66
\backup@length=\skip67
\ar@cellbox=\box58
)
\c@example=\count292
\c@theorem=\count293
 (C:\Users\tal12\AppData\Local\Programs\MiKTeX\tex/latex/footmisc\footmisc.sty
Package: footmisc 2023/07/05 v6.0f a miscellany of footnote facilities
\FN@temptoken=\toks34
\footnotemargin=\dimen186
\@outputbox@depth=\dimen187
Package footmisc Info: Declaring symbol style bringhurst on input line 696.
Package footmisc Info: Declaring symbol style chicago on input line 704.
Package footmisc Info: Declaring symbol style wiley on input line 713.
Package footmisc Info: Declaring symbol style lamport-robust on input line 724.
Package footmisc Info: Declaring symbol style lamport* on input line 744.
Package footmisc Info: Declaring symbol style lamport*-robust on input line 765.
)
LaTeX Font Info:    Trying to load font information for OT1+ptm on input line 65.
 (C:\Users\tal12\AppData\Local\Programs\MiKTeX\tex/latex/psnfss\ot1ptm.fd
File: ot1ptm.fd 2001/06/04 font definitions for OT1/ptm.
) (C:\Users\tal12\AppData\Local\Programs\MiKTeX\tex/latex/l3backend\l3backend-pdftex.def
File: l3backend-pdftex.def 2023-04-19 L3 backend support: PDF output (pdfTeX)
\l__color_backend_stack_int=\count294
\l__pdf_internal_box=\box59
) (after_operator0.aux)
\openout1 = `after_operator0.aux'.

LaTeX Font Info:    Checking defaults for OML/cmm/m/it on input line 65.
LaTeX Font Info:    ... okay on input line 65.
LaTeX Font Info:    Checking defaults for OMS/cmsy/m/n on input line 65.
LaTeX Font Info:    ... okay on input line 65.
LaTeX Font Info:    Checking defaults for OT1/cmr/m/n on input line 65.
LaTeX Font Info:    ... okay on input line 65.
LaTeX Font Info:    Checking defaults for T1/cmr/m/n on input line 65.
LaTeX Font Info:    ... okay on input line 65.
LaTeX Font Info:    Checking defaults for TS1/cmr/m/n on input line 65.
LaTeX Font Info:    ... okay on input line 65.
LaTeX Font Info:    Checking defaults for OMX/cmex/m/n on input line 65.
LaTeX Font Info:    ... okay on input line 65.
LaTeX Font Info:    Checking defaults for U/cmr/m/n on input line 65.
LaTeX Font Info:    ... okay on input line 65.
 (C:\Users\tal12\AppData\Local\Programs\MiKTeX\tex/context/base/mkii\supp-pdf.mkii
[Loading MPS to PDF converter (version 2006.09.02).]
\scratchcounter=\count295
\scratchdimen=\dimen188
\scratchbox=\box60
\nofMPsegments=\count296
\nofMParguments=\count297
\everyMPshowfont=\toks35
\MPscratchCnt=\count298
\MPscratchDim=\dimen189
\MPnumerator=\count299
\makeMPintoPDFobject=\count300
\everyMPtoPDFconversion=\toks36
) (C:\Users\tal12\AppData\Local\Programs\MiKTeX\tex/latex/epstopdf-pkg\epstopdf-base.sty
Package: epstopdf-base 2020-01-24 v2.11 Base part for package epstopdf
 (C:\Users\tal12\AppData\Local\Programs\MiKTeX\tex/generic/infwarerr\infwarerr.sty
Package: infwarerr 2019/12/03 v1.5 Providing info/warning/error messages (HO)
) (C:\Users\tal12\AppData\Local\Programs\MiKTeX\tex/latex/grfext\grfext.sty
Package: grfext 2019/12/03 v1.3 Manage graphics extensions (HO)
 (C:\Users\tal12\AppData\Local\Programs\MiKTeX\tex/generic/kvdefinekeys\kvdefinekeys.sty
Package: kvdefinekeys 2019-12-19 v1.6 Define keys (HO)
)) (C:\Users\tal12\AppData\Local\Programs\MiKTeX\tex/latex/kvoptions\kvoptions.sty
Package: kvoptions 2022-06-15 v3.15 Key value format for package options (HO)
 (C:\Users\tal12\AppData\Local\Programs\MiKTeX\tex/generic/ltxcmds\ltxcmds.sty
Package: ltxcmds 2023-12-04 v1.26 LaTeX kernel commands for general use (HO)
) (C:\Users\tal12\AppData\Local\Programs\MiKTeX\tex/latex/kvsetkeys\kvsetkeys.sty
Package: kvsetkeys 2022-10-05 v1.19 Key value parser (HO)
)) (C:\Users\tal12\AppData\Local\Programs\MiKTeX\tex/generic/pdftexcmds\pdftexcmds.sty
Package: pdftexcmds 2020-06-27 v0.33 Utility functions of pdfTeX for LuaTeX (HO)
 (C:\Users\tal12\AppData\Local\Programs\MiKTeX\tex/generic/iftex\iftex.sty
Package: iftex 2022/02/03 v1.0f TeX engine tests
)
Package pdftexcmds Info: \pdf@primitive is available.
Package pdftexcmds Info: \pdf@ifprimitive is available.
Package pdftexcmds Info: \pdfdraftmode found.
)
Package epstopdf-base Info: Redefining graphics rule for `.eps' on input line 485.
Package grfext Info: Graphics extension search list:
(grfext)             [.pdf,.png,.jpg,.mps,.jpeg,.jbig2,.jb2,.PDF,.PNG,.JPG,.JPEG,.JBIG2,.JB2,.eps]
(grfext)             \AppendGraphicsExtensions on input line 504.
 (C:\Users\tal12\AppData\Local\Programs\MiKTeX\tex/latex/00miktex\epstopdf-sys.cfg
File: epstopdf-sys.cfg 2021/03/18 v2.0 Configuration of epstopdf for MiKTeX
))
Package caption Info: Begin \AtBeginDocument code.
Package caption Info: float package is loaded.
Package caption Info: End \AtBeginDocument code.
\titlearea=\box61
LaTeX Font Info:    Trying to load font information for U+msa on input line 67.
 (C:\Users\tal12\AppData\Local\Programs\MiKTeX\tex/latex/amsfonts\umsa.fd
File: umsa.fd 2013/01/14 v3.01 AMS symbols A
)
LaTeX Font Info:    Trying to load font information for U+msb on input line 67.
 (C:\Users\tal12\AppData\Local\Programs\MiKTeX\tex/latex/amsfonts\umsb.fd
File: umsb.fd 2013/01/14 v3.01 AMS symbols B
)
LaTeX Font Info:    Trying to load font information for TS1+ptm on input line 67.
 (C:\Users\tal12\AppData\Local\Programs\MiKTeX\tex/latex/psnfss\ts1ptm.fd
File: ts1ptm.fd 2001/06/04 font definitions for TS1/ptm.
)
LaTeX Font Info:    Trying to load font information for OMS+ptm on input line 67.
 (C:\Users\tal12\AppData\Local\Programs\MiKTeX\tex/latex/psnfss\omsptm.fd
File: omsptm.fd 
)
LaTeX Font Info:    Font shape `OMS/ptm/m/n' in size <10> not available
(Font)              Font shape `OMS/cmsy/m/n' tried instead on input line 67.
\actualheight=\skip68

Overfull \hbox (2.5pt too wide) in paragraph at lines 67--67
[][] 
 []


Underfull \vbox (badness 10000) detected at line 67
 []


Package natbib Warning: Citation `Athey2015' on page 1 undefined on input line 77.


Package natbib Warning: Citation `Rzepakowski2011' on page 1 undefined on input line 78.


Package natbib Warning: Citation `Rosenbaum1983' on page 1 undefined on input line 81.


Package natbib Warning: Citation `Pearl2009' on page 1 undefined on input line 81.


Package natbib Warning: Citation `Sauer2013' on page 1 undefined on input line 85.


Package natbib Warning: Citation `Hahn1998' on page 1 undefined on input line 88.


Package natbib Warning: Citation `Abadie2006' on page 1 undefined on input line 88.


Package natbib Warning: Citation `Haeggstroem2017' on page 1 undefined on input line 88.


Package natbib Warning: Citation `Kingma2014' on page 1 undefined on input line 97.

[1{C:/Users/tal12/AppData/Local/MiKTeX/fonts/map/pdftex/pdftex.map}{C:/Users/tal12/AppData/Local/Programs/MiKTeX/fonts/enc/dvips/base/8r.enc}



]

pdfTeX warning: pdflatex (file ./figures.pdf): PDF inclusion: found PDF version <1.7>, but at most version <1.5> allowed
<figures.pdf, id=10, 598.51834pt x 291.44786pt>
File: figures.pdf Graphic file (type pdf)
<use figures.pdf>
Package pdftex.def Info: figures.pdf  used on input line 110.
(pdftex.def)             Requested size: 215.45348pt x 104.91225pt.

Package natbib Warning: Citation `Su2009' on page 2 undefined on input line 118.


Package natbib Warning: Citation `Athey2015' on page 2 undefined on input line 118.


Package natbib Warning: Citation `Zhang2017' on page 2 undefined on input line 118.


Package natbib Warning: Citation `Zhang2018' on page 2 undefined on input line 118.


Package natbib Warning: Citation `Kuenzel2019' on page 2 undefined on input line 119.


Package natbib Warning: Citation `Wager2018' on page 2 undefined on input line 119.


Package natbib Warning: Citation `Wager2018' on page 2 undefined on input line 119.


Package natbib Warning: Citation `Athey2015' on page 2 undefined on input line 119.


Package natbib Warning: Citation `Kuenzel2019' on page 2 undefined on input line 119.


Package natbib Warning: Citation `Shalit2016' on page 2 undefined on input line 121.


Package natbib Warning: Citation `Alaa2018' on page 2 undefined on input line 121.


Package natbib Warning: Citation `Louizos2017' on page 2 undefined on input line 121.


Package natbib Warning: Citation `Hassanpour2018' on page 2 undefined on input line 121.


Package natbib Warning: Citation `Yao2018_Twin' on page 2 undefined on input line 121.


Package natbib Warning: Citation `Yoon2018' on page 2 undefined on input line 121.


Package natbib Warning: Citation `Shalit2016' on page 2 undefined on input line 122.


Package natbib Warning: Citation `Yao2018_Twin' on page 2 undefined on input line 122.


Package natbib Warning: Citation `Hassanpour2018' on page 2 undefined on input line 122.


Package natbib Warning: Citation `Kun2017' on page 2 undefined on input line 125.


Package natbib Warning: Citation `Haeggstroem2017' on page 2 undefined on input line 125.


Package natbib Warning: Citation `Hassanpour2020' on page 2 undefined on input line 126.


Package natbib Warning: Citation `Louizos2017' on page 2 undefined on input line 128.


Package natbib Warning: Citation `Rosenbaum1983' on page 2 undefined on input line 138.

\c@assumption=\count301

Package natbib Warning: Citation `Pearl2009' on page 2 undefined on input line 155.

[2 <./figures.pdf>]

Package natbib Warning: Citation `Imbens2019' on page 3 undefined on input line 172.


Package natbib Warning: Citation `Pearl2009' on page 3 undefined on input line 174.


Package natbib Warning: Citation `Pearl2009' on page 3 undefined on input line 180.


Package natbib Warning: Citation `Pearl2009' on page 3 undefined on input line 199.

<generative.pdf, id=31, 740.06639pt x 438.42896pt>
File: generative.pdf Graphic file (type pdf)
<use generative.pdf>
Package pdftex.def Info: generative.pdf  used on input line 216.
(pdftex.def)             Requested size: 219.58244pt x 130.08621pt.
<inference.pdf, id=32, 660.89929pt x 323.18343pt>
File: inference.pdf Graphic file (type pdf)
<use inference.pdf>
Package pdftex.def Info: inference.pdf  used on input line 222.
(pdftex.def)             Requested size: 236.4613pt x 115.63243pt.

Overfull \hbox (6.6411pt too wide) in paragraph at lines 222--223
 [][] 
 []


Package natbib Warning: Citation `Abadie2006' on page 3 undefined on input line 233.


Package natbib Warning: Citation `Hahn1998' on page 3 undefined on input line 233.


Package natbib Warning: Citation `Kingma2014' on page 3 undefined on input line 245.


Overfull \hbox (10.9278pt too wide) detected at line 253
[]
 []

[3]
Underfull \vbox (badness 10000) has occurred while \output is active []

 [4 <./generative.pdf

pdfTeX warning: pdflatex (file ./generative.pdf): PDF inclusion: invalid other resource which is no dict (key 'ProcSets', type <array>); ignored.
> <./inference.pdf

pdfTeX warning: pdflatex (file ./inference.pdf): PDF inclusion: invalid other resource which is no dict (key 'ProcSets', type <array>); ignored.
>]

Package natbib Warning: Citation `Su2009' on page 5 undefined on input line 301.


Package natbib Warning: Citation `Athey2015' on page 5 undefined on input line 301.


Package natbib Warning: Citation `Wager2018' on page 5 undefined on input line 301.


Package natbib Warning: Citation `Hill2011' on page 5 undefined on input line 301.


Package natbib Warning: Citation `Kuenzel2019' on page 5 undefined on input line 301.


Package natbib Warning: Citation `Breiman1984' on page 5 undefined on input line 301.


Package natbib Warning: Citation `Shalit2016' on page 5 undefined on input line 302.


Package natbib Warning: Citation `Yao2018_Twin' on page 5 undefined on input line 303.


Package natbib Warning: Citation `Hassanpour2020' on page 5 undefined on input line 303.


Package natbib Warning: Citation `Louizos2017' on page 5 undefined on input line 304.


Package natbib Warning: Citation `Yoon2018' on page 5 undefined on input line 304.

<synthetic2_alpha.pdf, id=108, 578.16pt x 433.62pt>
File: synthetic2_alpha.pdf Graphic file (type pdf)
<use synthetic2_alpha.pdf>
Package pdftex.def Info: synthetic2_alpha.pdf  used on input line 309.
(pdftex.def)             Requested size: 75.8804pt x 56.90851pt.
<synthetic2_beta.pdf, id=109, 578.16pt x 433.62pt>
File: synthetic2_beta.pdf Graphic file (type pdf)
<use synthetic2_beta.pdf>
Package pdftex.def Info: synthetic2_beta.pdf  used on input line 312.
(pdftex.def)             Requested size: 75.8804pt x 56.90851pt.
<synthetic2_gamma.pdf, id=110, 578.16pt x 433.62pt>
File: synthetic2_gamma.pdf Graphic file (type pdf)
<use synthetic2_gamma.pdf>
Package pdftex.def Info: synthetic2_gamma.pdf  used on input line 315.
(pdftex.def)             Requested size: 75.8804pt x 56.90851pt.
<synthetic1_alpha.pdf, id=111, 578.16pt x 433.62pt>
File: synthetic1_alpha.pdf Graphic file (type pdf)
<use synthetic1_alpha.pdf>
Package pdftex.def Info: synthetic1_alpha.pdf  used on input line 319.
(pdftex.def)             Requested size: 75.8804pt x 56.90851pt.
<synthetic1_beta.pdf, id=112, 578.16pt x 433.62pt>
File: synthetic1_beta.pdf Graphic file (type pdf)
<use synthetic1_beta.pdf>
Package pdftex.def Info: synthetic1_beta.pdf  used on input line 322.
(pdftex.def)             Requested size: 75.8804pt x 56.90851pt.
<synthetic1_gamma.pdf, id=113, 578.16pt x 433.62pt>
File: synthetic1_gamma.pdf Graphic file (type pdf)
<use synthetic1_gamma.pdf>
Package pdftex.def Info: synthetic1_gamma.pdf  used on input line 325.
(pdftex.def)             Requested size: 75.8804pt x 56.90851pt.

Package natbib Warning: Citation `Hill2011' on page 5 undefined on input line 334.


Package natbib Warning: Citation `Shalit2016' on page 5 undefined on input line 334.


Package natbib Warning: Citation `Louizos2017' on page 5 undefined on input line 334.


Package natbib Warning: Citation `Dorie2019' on page 5 undefined on input line 334.


Package natbib Warning: Citation `Hill2011' on page 5 undefined on input line 339.


Package natbib Warning: Citation `Shalit2016' on page 5 undefined on input line 339.


Package natbib Warning: Citation `Louizos2017' on page 5 undefined on input line 339.


Package natbib Warning: Citation `Yao2018_Twin' on page 5 undefined on input line 339.


Package natbib Warning: Citation `Louizos2017' on page 5 undefined on input line 351.

[5 <./synthetic2_alpha.pdf> <./synthetic2_beta.pdf> <./synthetic2_gamma.pdf> <./synthetic1_alpha.pdf> <./synthetic1_beta.pdf> <./synthetic1_gamma.pdf>]

pdfTeX warning: pdflatex (file ./z_t2.pdf): PDF inclusion: found PDF version <1.6>, but at most version <1.5> allowed
<z_t2.pdf, id=147, 415.77835pt x 352.96468pt>
File: z_t2.pdf Graphic file (type pdf)
<use z_t2.pdf>
Package pdftex.def Info: z_t2.pdf  used on input line 364.
(pdftex.def)             Requested size: 75.8804pt x 64.41417pt.


pdfTeX warning: pdflatex (file ./z_c2.pdf): PDF inclusion: found PDF version <1.6>, but at most version <1.5> allowed
<z_c2.pdf, id=148, 416.80115pt x 352.9406pt>
File: z_c2.pdf Graphic file (type pdf)
<use z_c2.pdf>
Package pdftex.def Info: z_c2.pdf  used on input line 368.
(pdftex.def)             Requested size: 75.8804pt x 64.25359pt.


pdfTeX warning: pdflatex (file ./z_y2.pdf): PDF inclusion: found PDF version <1.6>, but at most version <1.5> allowed
<z_y2.pdf, id=149, 414.70634pt x 356.17766pt>
File: z_y2.pdf Graphic file (type pdf)
<use z_y2.pdf>
Package pdftex.def Info: z_y2.pdf  used on input line 372.
(pdftex.def)             Requested size: 75.8804pt x 65.16899pt.

Package natbib Warning: Citation `Dorie2019' on page 6 undefined on input line 411.


Overfull \hbox (0.75685pt too wide) in paragraph at lines 423--446
 [][] 
 []


Package natbib Warning: Citation `Hill2011' on page 6 undefined on input line 453.


Package natbib Warning: Citation `Hill2011' on page 6 undefined on input line 455.


Package natbib Warning: Citation `Alaa2019' on page 6 undefined on input line 456.


Underfull \hbox (badness 1009) in paragraph at lines 452--459
 \OT1/ptm/b/n/10 Bench-mark II: In-fant Health De-vel-op-ment Pro-gram
 []

[6 <./z_t2.pdf, page is rotated 90 degrees> <./z_c2.pdf, page is rotated 90 degrees> <./z_y2.pdf, page is rotated 90 degrees>]

Package natbib Warning: Citation `Louizos2017' on page 7 undefined on input line 497.


Package natbib Warning: Citation `Yao2018_Twin' on page 7 undefined on input line 497.


Package natbib Warning: Citation `Almond2005_TwinData' on page 7 undefined on input line 497.


Package natbib Warning: Citation `Yao2018_Twin' on page 7 undefined on input line 500.


Package caption Warning: \label without proper reference on input line 489.
See the caption package documentation for explanation.


LaTeX Warning: Reference `ATE_results' on page 7 undefined on input line 501.

[7] [8

]
No file after_operator0.bbl.

Package natbib Warning: There were undefined citations.

(after_operator0.aux)
 ***********
LaTeX2e <2023-06-01> patch level 1
L3 programming layer <2023-08-29>
 ***********


LaTeX Warning: There were undefined references.

 ) 
Here is how much of TeX's memory you used:
 7589 strings out of 475247
 126143 string characters out of 5757793
 1946785 words of memory out of 5000000
 28964 multiletter control sequences out of 15000+600000
 589007 words of font info for 103 fonts, out of 8000000 for 9000
 1141 hyphenation exceptions out of 8191
 61i,18n,69p,1107b,487s stack positions out of 10000i,1000n,20000p,200000b,200000s
<C:/Users/tal12/AppData/Local/Programs/MiKTeX/fonts/type1/public/amsfonts/cm/cmbx10.pfb><C:/Users/tal12/AppData/Local/Programs/MiKTeX/fonts/type1/public/amsfonts/cm/cmbx7.pfb><C:/Users/tal12/AppData/Local/Programs/MiKTeX/fonts/type1/public/amsfonts/cm/cmex10.pfb><C:/Users/tal12/AppData/Local/Programs/MiKTeX/fonts/type1/public/amsfonts/cm/cmmi10.pfb><C:/Users/tal12/AppData/Local/Programs/MiKTeX/fonts/type1/public/amsfonts/cm/cmmi5.pfb><C:/Users/tal12/AppData/Local/Programs/MiKTeX/fonts/type1/public/amsfonts/cm/cmmi7.pfb><C:/Users/tal12/AppData/Local/Programs/MiKTeX/fonts/type1/public/amsfonts/cm/cmr10.pfb><C:/Users/tal12/AppData/Local/Programs/MiKTeX/fonts/type1/public/amsfonts/cm/cmr7.pfb><C:/Users/tal12/AppData/Local/Programs/MiKTeX/fonts/type1/public/amsfonts/cm/cmsy10.pfb><C:/Users/tal12/AppData/Local/Programs/MiKTeX/fonts/type1/public/amsfonts/symbols/msbm10.pfb><C:/Users/tal12/AppData/Local/Programs/MiKTeX/fonts/type1/urw/times/utmb8a.pfb><C:/Users/tal12/AppData/Local/Programs/MiKTeX/fonts/type1/urw/times/utmbi8a.pfb><C:/Users/tal12/AppData/Local/Programs/MiKTeX/fonts/type1/urw/times/utmr8a.pfb><C:/Users/tal12/AppData/Local/Programs/MiKTeX/fonts/type1/urw/times/utmri8a.pfb>
Output written on after_operator0.pdf (8 pages, 696781 bytes).
PDF statistics:
 307 PDF objects out of 1000 (max. 8388607)
 0 named destinations out of 1000 (max. 500000)
 61 words of extra memory for PDF output out of 10000 (max. 10000000)

