This is pdfTeX, Version 3.141592653-2.6-1.40.25 (MiKTeX 23.5) (preloaded format=pdflatex 2024.1.12)  30 MAR 2024 19:34
entering extended mode
 restricted \write18 enabled.
 %&-line parsing enabled.
**./main_changed.tex
(main_changed.tex
LaTeX2e <2023-06-01> patch level 1
L3 programming layer <2023-08-29>
(C:\Users\orfuc\AppData\Local\Programs\MiKTeX\tex/latex/base\article.cls
Document Class: article 2023/05/17 v1.4n Standard LaTeX document class
(C:\Users\orfuc\AppData\Local\Programs\MiKTeX\tex/latex/base\size10.clo
File: size10.clo 2023/05/17 v1.4n Standard LaTeX file (size option)
)
\c@part=\count185
\c@section=\count186
\c@subsection=\count187
\c@subsubsection=\count188
\c@paragraph=\count189
\c@subparagraph=\count190
\c@figure=\count191
\c@table=\count192
\abovecaptionskip=\skip48
\belowcaptionskip=\skip49
\bibindent=\dimen140
)
(aaai21.sty
Conference Style for AAAI for LaTeX 2e -- version for the AAAI-21 conference - 
MODIFIED
\titlebox=\skip50
) (C:\Users\orfuc\AppData\Local\Programs\MiKTeX\tex/latex/psnfss\times.sty
Package: times 2020/03/25 PSNFSS-v9.3 (SPQR) 
)
(C:\Users\orfuc\AppData\Local\Programs\MiKTeX\tex/latex/psnfss\helvet.sty
Package: helvet 2020/03/25 PSNFSS-v9.3 (WaS) 

(C:\Users\orfuc\AppData\Local\Programs\MiKTeX\tex/latex/graphics\keyval.sty
Package: keyval 2022/05/29 v1.15 key=value parser (DPC)
\KV@toks@=\toks17
))
(C:\Users\orfuc\AppData\Local\Programs\MiKTeX\tex/latex/psnfss\courier.sty
Package: courier 2020/03/25 PSNFSS-v9.3 (WaS) 
)
(C:\Users\orfuc\AppData\Local\Programs\MiKTeX\tex/latex/url\url.sty
\Urlmuskip=\muskip16
Package: url 2013/09/16  ver 3.4  Verb mode for urls, etc.
)
(C:\Users\orfuc\AppData\Local\Programs\MiKTeX\tex/latex/graphics\graphicx.sty
Package: graphicx 2021/09/16 v1.2d Enhanced LaTeX Graphics (DPC,SPQR)

(C:\Users\orfuc\AppData\Local\Programs\MiKTeX\tex/latex/graphics\graphics.sty
Package: graphics 2022/03/10 v1.4e Standard LaTeX Graphics (DPC,SPQR)

(C:\Users\orfuc\AppData\Local\Programs\MiKTeX\tex/latex/graphics\trig.sty
Package: trig 2021/08/11 v1.11 sin cos tan (DPC)
)
(C:\Users\orfuc\AppData\Local\Programs\MiKTeX\tex/latex/graphics-cfg\graphics.c
fg
File: graphics.cfg 2016/06/04 v1.11 sample graphics configuration
)
Package graphics Info: Driver file: pdftex.def on input line 107.

(C:\Users\orfuc\AppData\Local\Programs\MiKTeX\tex/latex/graphics-def\pdftex.def
File: pdftex.def 2022/09/22 v1.2b Graphics/color driver for pdftex
))
\Gin@req@height=\dimen141
\Gin@req@width=\dimen142
) (C:\Users\orfuc\AppData\Local\Programs\MiKTeX\tex/latex/natbib\natbib.sty
Package: natbib 2010/09/13 8.31b (PWD, AO)
\bibhang=\skip51
\bibsep=\skip52
LaTeX Info: Redefining \cite on input line 694.
\c@NAT@ctr=\count193
)
(C:\Users\orfuc\AppData\Local\Programs\MiKTeX\tex/latex/caption\caption.sty
Package: caption 2023/07/31 v3.6n Customizing captions (AR)

(C:\Users\orfuc\AppData\Local\Programs\MiKTeX\tex/latex/caption\caption3.sty
Package: caption3 2023/07/31 v2.4d caption3 kernel (AR)
\caption@tempdima=\dimen143
\captionmargin=\dimen144
\caption@leftmargin=\dimen145
\caption@rightmargin=\dimen146
\caption@width=\dimen147
\caption@indent=\dimen148
\caption@parindent=\dimen149
\caption@hangindent=\dimen150
Package caption Info: Standard document class detected.
)
\c@caption@flags=\count194
\c@continuedfloat=\count195
)
(C:\Users\orfuc\AppData\Local\Programs\MiKTeX\tex/latex/amsmath\amsmath.sty
Package: amsmath 2023/05/13 v2.17o AMS math features
\@mathmargin=\skip53

For additional information on amsmath, use the `?' option.
(C:\Users\orfuc\AppData\Local\Programs\MiKTeX\tex/latex/amsmath\amstext.sty
Package: amstext 2021/08/26 v2.01 AMS text

(C:\Users\orfuc\AppData\Local\Programs\MiKTeX\tex/latex/amsmath\amsgen.sty
File: amsgen.sty 1999/11/30 v2.0 generic functions
\@emptytoks=\toks18
\ex@=\dimen151
))
(C:\Users\orfuc\AppData\Local\Programs\MiKTeX\tex/latex/amsmath\amsbsy.sty
Package: amsbsy 1999/11/29 v1.2d Bold Symbols
\pmbraise@=\dimen152
)
(C:\Users\orfuc\AppData\Local\Programs\MiKTeX\tex/latex/amsmath\amsopn.sty
Package: amsopn 2022/04/08 v2.04 operator names
)
\inf@bad=\count196
LaTeX Info: Redefining \frac on input line 234.
\uproot@=\count197
\leftroot@=\count198
LaTeX Info: Redefining \overline on input line 399.
LaTeX Info: Redefining \colon on input line 410.
\classnum@=\count199
\DOTSCASE@=\count266
LaTeX Info: Redefining \ldots on input line 496.
LaTeX Info: Redefining \dots on input line 499.
LaTeX Info: Redefining \cdots on input line 620.
\Mathstrutbox@=\box51
\strutbox@=\box52
LaTeX Info: Redefining \big on input line 722.
LaTeX Info: Redefining \Big on input line 723.
LaTeX Info: Redefining \bigg on input line 724.
LaTeX Info: Redefining \Bigg on input line 725.
\big@size=\dimen153
LaTeX Font Info:    Redeclaring font encoding OML on input line 743.
LaTeX Font Info:    Redeclaring font encoding OMS on input line 744.
\macc@depth=\count267
LaTeX Info: Redefining \bmod on input line 905.
LaTeX Info: Redefining \pmod on input line 910.
LaTeX Info: Redefining \smash on input line 940.
LaTeX Info: Redefining \relbar on input line 970.
LaTeX Info: Redefining \Relbar on input line 971.
\c@MaxMatrixCols=\count268
\dotsspace@=\muskip17
\c@parentequation=\count269
\dspbrk@lvl=\count270
\tag@help=\toks19
\row@=\count271
\column@=\count272
\maxfields@=\count273
\andhelp@=\toks20
\eqnshift@=\dimen154
\alignsep@=\dimen155
\tagshift@=\dimen156
\tagwidth@=\dimen157
\totwidth@=\dimen158
\lineht@=\dimen159
\@envbody=\toks21
\multlinegap=\skip54
\multlinetaggap=\skip55
\mathdisplay@stack=\toks22
LaTeX Info: Redefining \[ on input line 2953.
LaTeX Info: Redefining \] on input line 2954.
)
(C:\Users\orfuc\AppData\Local\Programs\MiKTeX\tex/latex/commath\commath.sty
(C:\Users\orfuc\AppData\Local\Programs\MiKTeX\tex/latex/base\ifthen.sty
Package: ifthen 2022/04/13 v1.1d Standard LaTeX ifthen package (DPC)
))
(C:\Users\orfuc\AppData\Local\Programs\MiKTeX\tex/latex/amsfonts\amsfonts.sty
Package: amsfonts 2013/01/14 v3.01 Basic AMSFonts support
\symAMSa=\mathgroup4
\symAMSb=\mathgroup5
LaTeX Font Info:    Redeclaring math symbol \hbar on input line 98.
LaTeX Font Info:    Overwriting math alphabet `\mathfrak' in version `bold'
(Font)                  U/euf/m/n --> U/euf/b/n on input line 106.
)
LaTeX Font Info:    Trying to load font information for OT1+ptm on input line 1
54.

(C:\Users\orfuc\AppData\Local\Programs\MiKTeX\tex/latex/psnfss\ot1ptm.fd
File: ot1ptm.fd 2001/06/04 font definitions for OT1/ptm.
)
(C:\Users\orfuc\AppData\Local\Programs\MiKTeX\tex/latex/l3backend\l3backend-pdf
tex.def
File: l3backend-pdftex.def 2023-04-19 L3 backend support: PDF output (pdfTeX)
\l__color_backend_stack_int=\count274
\l__pdf_internal_box=\box53
) (main_changed.aux)
\openout1 = `main_changed.aux'.

LaTeX Font Info:    Checking defaults for OML/cmm/m/it on input line 154.
LaTeX Font Info:    ... okay on input line 154.
LaTeX Font Info:    Checking defaults for OMS/cmsy/m/n on input line 154.
LaTeX Font Info:    ... okay on input line 154.
LaTeX Font Info:    Checking defaults for OT1/cmr/m/n on input line 154.
LaTeX Font Info:    ... okay on input line 154.
LaTeX Font Info:    Checking defaults for T1/cmr/m/n on input line 154.
LaTeX Font Info:    ... okay on input line 154.
LaTeX Font Info:    Checking defaults for TS1/cmr/m/n on input line 154.
LaTeX Font Info:    ... okay on input line 154.
LaTeX Font Info:    Checking defaults for OMX/cmex/m/n on input line 154.
LaTeX Font Info:    ... okay on input line 154.
LaTeX Font Info:    Checking defaults for U/cmr/m/n on input line 154.
LaTeX Font Info:    ... okay on input line 154.

(C:\Users\orfuc\AppData\Local\Programs\MiKTeX\tex/context/base/mkii\supp-pdf.mk
ii
[Loading MPS to PDF converter (version 2006.09.02).]
\scratchcounter=\count275
\scratchdimen=\dimen160
\scratchbox=\box54
\nofMPsegments=\count276
\nofMParguments=\count277
\everyMPshowfont=\toks23
\MPscratchCnt=\count278
\MPscratchDim=\dimen161
\MPnumerator=\count279
\makeMPintoPDFobject=\count280
\everyMPtoPDFconversion=\toks24
)
(C:\Users\orfuc\AppData\Local\Programs\MiKTeX\tex/latex/epstopdf-pkg\epstopdf-b
ase.sty
Package: epstopdf-base 2020-01-24 v2.11 Base part for package epstopdf
Package epstopdf-base Info: Redefining graphics rule for `.eps' on input line 4
85.

(C:\Users\orfuc\AppData\Local\Programs\MiKTeX\tex/latex/00miktex\epstopdf-sys.c
fg
File: epstopdf-sys.cfg 2021/03/18 v2.0 Configuration of epstopdf for MiKTeX
))
Package caption Info: Begin \AtBeginDocument code.
Package caption Info: End \AtBeginDocument code.
\titlearea=\box55
LaTeX Font Info:    Trying to load font information for U+msa on input line 156
.
 (C:\Users\orfuc\AppData\Local\Programs\MiKTeX\tex/latex/amsfonts\umsa.fd
File: umsa.fd 2013/01/14 v3.01 AMS symbols A
)
LaTeX Font Info:    Trying to load font information for U+msb on input line 156
.

(C:\Users\orfuc\AppData\Local\Programs\MiKTeX\tex/latex/amsfonts\umsb.fd
File: umsb.fd 2013/01/14 v3.01 AMS symbols B
)
LaTeX Font Info:    Trying to load font information for OMS+ptm on input line 1
56.

(C:\Users\orfuc\AppData\Local\Programs\MiKTeX\tex/latex/psnfss\omsptm.fd
File: omsptm.fd 
)
LaTeX Font Info:    Font shape `OMS/ptm/m/n' in size <10> not available
(Font)              Font shape `OMS/cmsy/m/n' tried instead on input line 156.
\actualheight=\skip56

Overfull \hbox (2.5pt too wide) in paragraph at lines 156--156
[][] 
 []


Underfull \vbox (badness 10000) detected at line 156
 []

LaTeX Font Info:    Trying to load font information for TS1+ptm on input line 1
56.
(C:\Users\orfuc\AppData\Local\Programs\MiKTeX\tex/latex/psnfss\ts1ptm.fd
File: ts1ptm.fd 2001/06/04 font definitions for TS1/ptm.
)

Package natbib Warning: Citation `abbeel2004apprenticeship' on page 1 undefined
 on input line 167.


Package natbib Warning: Citation `argall2009survey' on page 1 undefined on inpu
t line 167.


Package natbib Warning: Citation `ho2016showing' on page 1 undefined on input l
ine 167.


Package natbib Warning: Citation `Knox2009Interactively' on page 1 undefined on
 input line 167.


Package natbib Warning: Citation `macglashan2017interactive' on page 1 undefine
d on input line 167.


Package natbib Warning: Citation `christiano2017deep' on page 1 undefined on in
put line 167.


Package natbib Warning: Citation `Tellex2011' on page 1 undefined on input line
 167.


Package natbib Warning: Citation `Wang_2016' on page 1 undefined on input line 
167.


Package natbib Warning: Citation `Tellex2020' on page 1 undefined on input line
 167.


Underfull \hbox (badness 1742) in paragraph at lines 167--168
\OT1/ptm/m/n/10 coun-ter-fac-tu-als, en-cour-age-ment, ex-plicit pref-er-ences,
 or
 []


Package natbib Warning: Citation `hu2004mining' on page 1 undefined on input li
ne 169.


Package natbib Warning: Citation `liu2020sentiment' on page 1 undefined on inpu
t line 169.


Package natbib Warning: Citation `harnad1990symbol' on page 1 undefined on inpu
t line 169.


Package natbib Warning: Citation `mooney2008learning' on page 1 undefined on in
put line 169.


Package natbib Warning: Citation `grice1975logic' on page 1 undefined on input 
line 169.

<images/Fig1.pdf, id=1, 497.92322pt x 114.87617pt>
File: images/Fig1.pdf Graphic file (type pdf)
<use images/Fig1.pdf>
Package pdftex.def Info: images/Fig1.pdf  used on input line 173.
(pdftex.def)             Requested size: 497.92322pt x 114.87938pt.

Package natbib Warning: Citation `Knox2009Interactively' on page 1 undefined on
 input line 182.


Package natbib Warning: Citation `macglashan2017interactive' on page 1 undefine
d on input line 182.


Package natbib Warning: Citation `christiano2017deep' on page 1 undefined on in
put line 182.


Package natbib Warning: Citation `ross2010efficient' on page 1 undefined on inp
ut line 182.


Package natbib Warning: Citation `abbeel2004apprenticeship' on page 1 undefined
 on input line 182.


Package natbib Warning: Citation `ho2016showing' on page 1 undefined on input l
ine 182.


Package natbib Warning: Citation `jeon2020rewardrational' on page 1 undefined o
n input line 182.


Package natbib Warning: Citation `Dragan2013Legibility' on page 1 undefined on 
input line 182.


Package natbib Warning: Citation `HadfieldMenell2016cooperative' on page 1 unde
fined on input line 182.

[1{C:/Users/orfuc/AppData/Local/MiKTeX/fonts/map/pdftex/pdftex.map}{C:/Users/or
fuc/AppData/Local/Programs/MiKTeX/fonts/enc/dvips/base/8r.enc}



]

Package natbib Warning: Citation `artzi_2011_bootstrapping' on page 2 undefined
 on input line 184.


Package natbib Warning: Citation `li2016dialogue' on page 2 undefined on input 
line 184.


Package natbib Warning: Citation `thomason_2015' on page 2 undefined on input l
ine 184.


Package natbib Warning: Citation `wang_2019_navigation' on page 2 undefined on 
input line 184.


Package natbib Warning: Citation `thomason_2020' on page 2 undefined on input l
ine 184.


Package natbib Warning: Citation `szlam2019build' on page 2 undefined on input 
line 184.


Package natbib Warning: Citation `Tellex2020' on page 2 undefined on input line
 184.


Package natbib Warning: Citation `maclin_1994' on page 2 undefined on input lin
e 184.


Package natbib Warning: Citation `kuhlman_2004' on page 2 undefined on input li
ne 184.


Package natbib Warning: Citation `kaplan_atari' on page 2 undefined on input li
ne 184.


Package natbib Warning: Citation `tellex_2018_rewards' on page 2 undefined on i
nput line 184.


Package natbib Warning: Citation `chevalier_boisvert_2018' on page 2 undefined 
on input line 184.


Package natbib Warning: Citation `goyal2019using' on page 2 undefined on input 
line 184.


Package natbib Warning: Citation `Bahdanau_2019' on page 2 undefined on input l
ine 184.


Package natbib Warning: Citation `zhou2020inverse' on page 2 undefined on input
 line 184.


Package natbib Warning: Citation `macglashan2015grounding' on page 2 undefined 
on input line 184.


Package natbib Warning: Citation `fu_2019_goals' on page 2 undefined on input l
ine 184.


Package natbib Warning: Citation `goyal2020pixl2r' on page 2 undefined on input
 line 184.


Package natbib Warning: Citation `Ling2017_captions' on page 2 undefined on inp
ut line 185.


Package natbib Warning: Citation `narasimhan2018grounding' on page 2 undefined 
on input line 185.


Package natbib Warning: Citation `cideron2019selfeducated' on page 2 undefined 
on input line 185.


Package natbib Warning: Citation `luketina2019survey' on page 2 undefined on in
put line 185.


Underfull \hbox (badness 1484) in paragraph at lines 184--186
[]\OT1/ptm/m/n/10 Another body of re-search has fo-cused on lin-guis-tic
 []


Package natbib Warning: Citation `Djalali2011' on page 2 undefined on input lin
e 187.


Package natbib Warning: Citation `Djalali_2012' on page 2 undefined on input li
ne 187.


Package natbib Warning: Citation `potts_2012' on page 2 undefined on input line
 187.


Package natbib Warning: Citation `ilinykh2019meetup' on page 2 undefined on inp
ut line 187.


Package natbib Warning: Citation `Suhr_2019' on page 2 undefined on input line 
187.


Package natbib Warning: Citation `He_2017' on page 2 undefined on input line 18
7.


Package natbib Warning: Citation `Udagawa_2019' on page 2 undefined on input li
ne 187.


Package natbib Warning: Citation `thomason2019visionanddialog' on page 2 undefi
ned on input line 187.


Package natbib Warning: Citation `kim2009people' on page 2 undefined on input l
ine 187.


Package natbib Warning: Citation `fraser2018_natural_language_agent' on page 2 
undefined on input line 187.


Package natbib Warning: Citation `hu2004mining' on page 2 undefined on input li
ne 191.


Package natbib Warning: Citation `liu2020sentiment' on page 2 undefined on inpu
t line 191.


Package natbib Warning: Citation `abbeel2004apprenticeship' on page 2 undefined
 on input line 191.


Package natbib Warning: Citation `harnad1990symbol' on page 2 undefined on inpu
t line 191.


Package natbib Warning: Citation `clark1996using' on page 2 undefined on input 
line 191.


Package natbib Warning: Citation `mooney2008learning' on page 2 undefined on in
put line 191.


Package natbib Warning: Citation `shute_2008' on page 2 undefined on input line
 191.


Package natbib Warning: Citation `Lipnevich_education' on page 2 undefined on i
nput line 191.


Underfull \vbox (badness 10000) has occurred while \output is active []



Package natbib Warning: Citation `puterman1994markov' on page 2 undefined on in
put line 194.

[2 <./images/Fig1.pdf>]

Package natbib Warning: Citation `liu2020sentiment' on page 3 undefined on inpu
t line 220.


Package natbib Warning: Citation `HuttoG14' on page 3 undefined on input line 2
20.


Package natbib Warning: Citation `Kim_2014' on page 3 undefined on input line 2
20.


Package natbib Warning: Citation `murphy_2007' on page 3 undefined on input lin
e 227.


Package natbib Warning: Citation `ramachandran2007bayesian' on page 3 undefined
 on input line 227.


Package natbib Warning: Citation `Lipnevich_education' on page 3 undefined on i
nput line 231.


Package natbib Warning: Citation `shute_2008' on page 3 undefined on input line
 231.


Package natbib Warning: Citation `thomaz2008teachable' on page 3 undefined on i
nput line 233.


Package natbib Warning: Citation `Knox2009Interactively' on page 3 undefined on
 input line 233.


Package natbib Warning: Citation `macglashan2017interactive' on page 3 undefine
d on input line 233.


Package natbib Warning: Citation `mcfadden1974conditional' on page 3 undefined 
on input line 233.


Package natbib Warning: Citation `judah2010_critique' on page 3 undefined on in
put line 235.


Package natbib Warning: Citation `christiano2017deep' on page 3 undefined on in
put line 235.


Package natbib Warning: Citation `ross2010efficient' on page 3 undefined on inp
ut line 235.


Package natbib Warning: Citation `abbeel2004apprenticeship' on page 3 undefined
 on input line 235.


Package natbib Warning: Citation `ho2016showing' on page 3 undefined on input l
ine 235.


Package natbib Warning: Citation `li2016dialogue' on page 3 undefined on input 
line 235.


Package natbib Warning: Citation `chen-etal-2017-line' on page 3 undefined on i
nput line 235.

<images/task_aaai.pdf, id=40, 1236.62pt x 356.33125pt>
File: images/task_aaai.pdf Graphic file (type pdf)
<use images/task_aaai.pdf>
Package pdftex.def Info: images/task_aaai.pdf  used on input line 239.
(pdftex.def)             Requested size: 497.92322pt x 143.47603pt.

LaTeX Warning: `!h' float specifier changed to `!ht'.


Package natbib Warning: Citation `shute_2008' on page 3 undefined on input line
 246.


Package natbib Warning: Citation `Lipnevich_education' on page 3 undefined on i
nput line 246.


Package natbib Warning: Citation `van_der_klej_2015' on page 3 undefined on inp
ut line 246.


Package natbib Warning: Citation `Hattie_2007' on page 3 undefined on input lin
e 246.


Package natbib Warning: Citation `srivastava2017_explanation' on page 3 undefin
ed on input line 246.


Package natbib Warning: Citation `Hancock_2018_explanation' on page 3 undefined
 on input line 246.


Package natbib Warning: Citation `Ling2017_captions' on page 3 undefined on inp
ut line 246.


Package natbib Warning: Citation `narasimhan2018grounding' on page 3 undefined 
on input line 246.

[3]

LaTeX Warning: `h' float specifier changed to `ht'.


Package natbib Warning: Citation `gureckis_2016' on page 4 undefined on input l
ine 286.


Package amsmath Warning: Foreign command \atopwithdelims;
(amsmath)                \frac or \genfrac should be used instead
(amsmath)                 on input line 291.


Package natbib Warning: Citation `shute_2008' on page 4 undefined on input line
 295.

[4 <./images/task_aaai.pdf>]

Package natbib Warning: Citation `grice1975logic' on page 5 undefined on input 
line 300.


Package natbib Warning: Citation `HuttoG14' on page 5 undefined on input line 3
08.


Package natbib Warning: Citation `Tellex2020' on page 5 undefined on input line
 310.


Package natbib Warning: Citation `grice1975logic' on page 5 undefined on input 
line 316.


Package natbib Warning: Citation `goodman_2016' on page 5 undefined on input li
ne 316.

[5]
<images/results_aaai.png, id=68, 835.12pt x 370.38374pt>
File: images/results_aaai.png Graphic file (type png)
<use images/results_aaai.png>
Package pdftex.def Info: images/results_aaai.png  used on input line 332.
(pdftex.def)             Requested size: 239.00298pt x 105.99562pt.
<images/neural_net_learning_final.png, id=69, 1033.8625pt x 330.23375pt>
File: images/neural_net_learning_final.png Graphic file (type png)
<use images/neural_net_learning_final.png>
Package pdftex.def Info: images/neural_net_learning_final.png  used on input li
ne 340.
(pdftex.def)             Requested size: 398.33858pt x 127.2336pt.


LaTeX Warning: `h' float specifier changed to `ht'.


Package natbib Warning: Citation `kuznetsova2017lmertest' on page 6 undefined o
n input line 373.


Package natbib Warning: Citation `tukey1953section' on page 6 undefined on inpu
t line 380.


Underfull \hbox (badness 2772) in paragraph at lines 377--382
[]\OT1/ptm/m/n/10 First, we found a sig-nif-i-cant main ef-fect of time,
 []


Underfull \vbox (badness 3179) has occurred while \output is active []

 [6 <./images/results_aaai.png (PNG copy)>]

Package natbib Warning: Citation `jiang2011target' on page 7 undefined on input
 line 391.


Package natbib Warning: Citation `xu2019bertsentiment' on page 7 undefined on i
nput line 391.


Package natbib Warning: Citation `narasimhan2018grounding' on page 7 undefined 
on input line 391.


Underfull \hbox (badness 2635) in paragraph at lines 403--403
[]\OT1/ptm/m/n/9 Modi volup-tat-i-bus do-lor, vel sim-ilique in-cidunt ex-cep-t
uri
 []

[7 <./images/neural_net_learning_final.png>] [8

]
No file main_changed.bbl.

Package natbib Warning: There were undefined citations.

(main_changed.aux)
 ***********
LaTeX2e <2023-06-01> patch level 1
L3 programming layer <2023-08-29>
 ***********
 ) 
Here is how much of TeX's memory you used:
 4347 strings out of 475247
 72820 string characters out of 5757792
 1943801 words of memory out of 5000000
 25810 multiletter control sequences out of 15000+600000
 592237 words of font info for 108 fonts, out of 8000000 for 9000
 1141 hyphenation exceptions out of 8191
 57i,17n,65p,1951b,366s stack positions out of 10000i,1000n,20000p,200000b,200000s
<C:/Users/orfuc/AppData/Local/Programs/MiKTeX/fonts/type1/public/amsfonts/cm/
cmbx10.pfb><C:/Users/orfuc/AppData/Local/Programs/MiKTeX/fonts/type1/public/ams
fonts/cm/cmex10.pfb><C:/Users/orfuc/AppData/Local/Programs/MiKTeX/fonts/type1/p
ublic/amsfonts/cmextra/cmex9.pfb><C:/Users/orfuc/AppData/Local/Programs/MiKTeX/
fonts/type1/public/amsfonts/cm/cmmi10.pfb><C:/Users/orfuc/AppData/Local/Program
s/MiKTeX/fonts/type1/public/amsfonts/cm/cmmi7.pfb><C:/Users/orfuc/AppData/Local
/Programs/MiKTeX/fonts/type1/public/amsfonts/cm/cmmi9.pfb><C:/Users/orfuc/AppDa
ta/Local/Programs/MiKTeX/fonts/type1/public/amsfonts/cm/cmr10.pfb><C:/Users/orf
uc/AppData/Local/Programs/MiKTeX/fonts/type1/public/amsfonts/cm/cmr6.pfb><C:/Us
ers/orfuc/AppData/Local/Programs/MiKTeX/fonts/type1/public/amsfonts/cm/cmr7.pfb
><C:/Users/orfuc/AppData/Local/Programs/MiKTeX/fonts/type1/public/amsfonts/cm/c
mr9.pfb><C:/Users/orfuc/AppData/Local/Programs/MiKTeX/fonts/type1/public/amsfon
ts/cm/cmsy10.pfb><C:/Users/orfuc/AppData/Local/Programs/MiKTeX/fonts/type1/publ
ic/amsfonts/cm/cmsy5.pfb><C:/Users/orfuc/AppData/Local/Programs/MiKTeX/fonts/ty
pe1/public/amsfonts/cm/cmsy7.pfb><C:/Users/orfuc/AppData/Local/Programs/MiKTeX/
fonts/type1/public/amsfonts/cm/cmsy9.pfb><C:/Users/orfuc/AppData/Local/Programs
/MiKTeX/fonts/type1/public/amsfonts/symbols/msbm10.pfb><C:/Users/orfuc/AppData/
Local/Programs/MiKTeX/fonts/type1/urw/times/utmb8a.pfb><C:/Users/orfuc/AppData/
Local/Programs/MiKTeX/fonts/type1/urw/times/utmr8a.pfb><C:/Users/orfuc/AppData/
Local/Programs/MiKTeX/fonts/type1/urw/times/utmri8a.pfb>
Output written on main_changed.pdf (8 pages, 1214139 bytes).
PDF statistics:
 157 PDF objects out of 1000 (max. 8388607)
 0 named destinations out of 1000 (max. 500000)
 21 words of extra memory for PDF output out of 10000 (max. 10000000)

