This is pdfTeX, Version 3.141592653-2.6-1.40.25 (MiKTeX 23.5) (preloaded format=pdflatex 2024.1.12)  30 MAR 2024 19:19
entering extended mode
 restricted \write18 enabled.
 %&-line parsing enabled.
**./main_changed.tex
(main_changed.tex
LaTeX2e <2023-06-01> patch level 1
L3 programming layer <2023-08-29>
(C:\Users\orfuc\AppData\Local\Programs\MiKTeX\tex/latex/base\article.cls
Document Class: article 2023/05/17 v1.4n Standard LaTeX document class
(C:\Users\orfuc\AppData\Local\Programs\MiKTeX\tex/latex/base\size10.clo
File: size10.clo 2023/05/17 v1.4n Standard LaTeX file (size option)
)
\c@part=\count185
\c@section=\count186
\c@subsection=\count187
\c@subsubsection=\count188
\c@paragraph=\count189
\c@subparagraph=\count190
\c@figure=\count191
\c@table=\count192
\abovecaptionskip=\skip48
\belowcaptionskip=\skip49
\bibindent=\dimen140
)
(aaai21.sty
Conference Style for AAAI for LaTeX 2e -- version for the AAAI-21 conference - 
MODIFIED
\titlebox=\skip50
) (C:\Users\orfuc\AppData\Local\Programs\MiKTeX\tex/latex/psnfss\times.sty
Package: times 2020/03/25 PSNFSS-v9.3 (SPQR) 
)
(C:\Users\orfuc\AppData\Local\Programs\MiKTeX\tex/latex/psnfss\helvet.sty
Package: helvet 2020/03/25 PSNFSS-v9.3 (WaS) 

(C:\Users\orfuc\AppData\Local\Programs\MiKTeX\tex/latex/graphics\keyval.sty
Package: keyval 2022/05/29 v1.15 key=value parser (DPC)
\KV@toks@=\toks17
))
(C:\Users\orfuc\AppData\Local\Programs\MiKTeX\tex/latex/psnfss\courier.sty
Package: courier 2020/03/25 PSNFSS-v9.3 (WaS) 
)
(C:\Users\orfuc\AppData\Local\Programs\MiKTeX\tex/latex/url\url.sty
\Urlmuskip=\muskip16
Package: url 2013/09/16  ver 3.4  Verb mode for urls, etc.
)
(C:\Users\orfuc\AppData\Local\Programs\MiKTeX\tex/latex/graphics\graphicx.sty
Package: graphicx 2021/09/16 v1.2d Enhanced LaTeX Graphics (DPC,SPQR)

(C:\Users\orfuc\AppData\Local\Programs\MiKTeX\tex/latex/graphics\graphics.sty
Package: graphics 2022/03/10 v1.4e Standard LaTeX Graphics (DPC,SPQR)

(C:\Users\orfuc\AppData\Local\Programs\MiKTeX\tex/latex/graphics\trig.sty
Package: trig 2021/08/11 v1.11 sin cos tan (DPC)
)
(C:\Users\orfuc\AppData\Local\Programs\MiKTeX\tex/latex/graphics-cfg\graphics.c
fg
File: graphics.cfg 2016/06/04 v1.11 sample graphics configuration
)
Package graphics Info: Driver file: pdftex.def on input line 107.

(C:\Users\orfuc\AppData\Local\Programs\MiKTeX\tex/latex/graphics-def\pdftex.def
File: pdftex.def 2022/09/22 v1.2b Graphics/color driver for pdftex
))
\Gin@req@height=\dimen141
\Gin@req@width=\dimen142
)
(C:\Users\orfuc\AppData\Local\Programs\MiKTeX\tex/latex/csquotes\csquotes.sty
Package: csquotes 2022-09-14 v5.2n context-sensitive quotations (JAW)

(C:\Users\orfuc\AppData\Local\Programs\MiKTeX\tex/latex/etoolbox\etoolbox.sty
Package: etoolbox 2020/10/05 v2.5k e-TeX tools for LaTeX (JAW)
\etb@tempcnta=\count193
)
\csq@reset=\count194
\csq@gtype=\count195
\csq@glevel=\count196
\csq@qlevel=\count197
\csq@maxlvl=\count198
\csq@tshold=\count199
\csq@ltx@everypar=\toks18

(C:\Users\orfuc\AppData\Local\Programs\MiKTeX\tex/latex/csquotes\csquotes.def
File: csquotes.def 2022-09-14 v5.2n csquotes generic definitions (JAW)
)
Package csquotes Info: Trying to load configuration file 'csquotes.cfg'...
Package csquotes Info: ... configuration file loaded successfully.

(C:\Users\orfuc\AppData\Local\Programs\MiKTeX\tex/latex/csquotes\csquotes.cfg
File: csquotes.cfg 
)) (C:\Users\orfuc\AppData\Local\Programs\MiKTeX\tex/latex/natbib\natbib.sty
Package: natbib 2010/09/13 8.31b (PWD, AO)
\bibhang=\skip51
\bibsep=\skip52
LaTeX Info: Redefining \cite on input line 694.
\c@NAT@ctr=\count266
)
(C:\Users\orfuc\AppData\Local\Programs\MiKTeX\tex/latex/caption\caption.sty
Package: caption 2023/07/31 v3.6n Customizing captions (AR)

(C:\Users\orfuc\AppData\Local\Programs\MiKTeX\tex/latex/caption\caption3.sty
Package: caption3 2023/07/31 v2.4d caption3 kernel (AR)
\caption@tempdima=\dimen143
\captionmargin=\dimen144
\caption@leftmargin=\dimen145
\caption@rightmargin=\dimen146
\caption@width=\dimen147
\caption@indent=\dimen148
\caption@parindent=\dimen149
\caption@hangindent=\dimen150
Package caption Info: Standard document class detected.
)
\c@caption@flags=\count267
\c@continuedfloat=\count268
)
(C:\Users\orfuc\AppData\Local\Programs\MiKTeX\tex/latex/mwe\mwe.sty
Package: mwe 2018/03/30 v0.5 Package to support minimal working examples (MWE)

(C:\Users\orfuc\AppData\Local\Programs\MiKTeX\tex/latex/lipsum\lipsum.sty
(C:\Users\orfuc\AppData\Local\Programs\MiKTeX\tex/latex/l3packages/l3keys2e\l3k
eys2e.sty
(C:\Users\orfuc\AppData\Local\Programs\MiKTeX\tex/latex/l3kernel\expl3.sty
Package: expl3 2023-08-29 L3 programming layer (loader) 

(C:\Users\orfuc\AppData\Local\Programs\MiKTeX\tex/latex/l3backend\l3backend-pdf
tex.def
File: l3backend-pdftex.def 2023-04-19 L3 backend support: PDF output (pdfTeX)
\l__color_backend_stack_int=\count269
\l__pdf_internal_box=\box51
))
Package: l3keys2e 2023-08-29 LaTeX2e option processing using LaTeX3 keys
)
Package: lipsum 2021-09-20 v2.7 150 paragraphs of Lorem Ipsum dummy text
\g__lipsum_par_int=\count270
\l__lipsum_a_int=\count271
\l__lipsum_b_int=\count272

(C:\Users\orfuc\AppData\Local\Programs\MiKTeX\tex/latex/lipsum\lipsum.ltd.tex))

(C:\Users\orfuc\AppData\Local\Programs\MiKTeX\tex/latex/blindtext\blindtext.sty
Package: blindtext 2012/01/06 V2.0 blindtext-Package
(C:\Users\orfuc\AppData\Local\Programs\MiKTeX\tex/latex/tools\xspace.sty
Package: xspace 2014/10/28 v1.13 Space after command names (DPC,MH)
)
\c@blindtext=\count273
\c@Blindtext=\count274
\c@blind@countparstart=\count275
\blind@countxx=\count276
\blindtext@numBlindtext=\count277
\blind@countyy=\count278
\c@blindlist=\count279
\c@blindlistlevel=\count280
\c@blindlist@level=\count281
\blind@listitem=\count282
\c@blind@listcount=\count283
\c@blind@levelcount=\count284
\blind@mathformula=\count285
\blind@Mathformula=\count286
\c@blind@randomcount=\count287
\c@blind@randommax=\count288
\c@blind@pangramcount=\count289
\c@blind@pangrammax=\count290
))
(C:\Users\orfuc\AppData\Local\Programs\MiKTeX\tex/latex/preprint\balance.sty
Package: balance 1999/02/23 4.3 (PWD)
\oldvsize=\dimen151
)
(C:\Users\orfuc\AppData\Local\Programs\MiKTeX\tex/latex/amsmath\amsmath.sty
Package: amsmath 2023/05/13 v2.17o AMS math features
\@mathmargin=\skip53

For additional information on amsmath, use the `?' option.
(C:\Users\orfuc\AppData\Local\Programs\MiKTeX\tex/latex/amsmath\amstext.sty
Package: amstext 2021/08/26 v2.01 AMS text

(C:\Users\orfuc\AppData\Local\Programs\MiKTeX\tex/latex/amsmath\amsgen.sty
File: amsgen.sty 1999/11/30 v2.0 generic functions
\@emptytoks=\toks19
\ex@=\dimen152
))
(C:\Users\orfuc\AppData\Local\Programs\MiKTeX\tex/latex/amsmath\amsbsy.sty
Package: amsbsy 1999/11/29 v1.2d Bold Symbols
\pmbraise@=\dimen153
)
(C:\Users\orfuc\AppData\Local\Programs\MiKTeX\tex/latex/amsmath\amsopn.sty
Package: amsopn 2022/04/08 v2.04 operator names
)
\inf@bad=\count291
LaTeX Info: Redefining \frac on input line 234.
\uproot@=\count292
\leftroot@=\count293
LaTeX Info: Redefining \overline on input line 399.
LaTeX Info: Redefining \colon on input line 410.
\classnum@=\count294
\DOTSCASE@=\count295
LaTeX Info: Redefining \ldots on input line 496.
LaTeX Info: Redefining \dots on input line 499.
LaTeX Info: Redefining \cdots on input line 620.
\Mathstrutbox@=\box52
\strutbox@=\box53
LaTeX Info: Redefining \big on input line 722.
LaTeX Info: Redefining \Big on input line 723.
LaTeX Info: Redefining \bigg on input line 724.
LaTeX Info: Redefining \Bigg on input line 725.
\big@size=\dimen154
LaTeX Font Info:    Redeclaring font encoding OML on input line 743.
LaTeX Font Info:    Redeclaring font encoding OMS on input line 744.
\macc@depth=\count296
LaTeX Info: Redefining \bmod on input line 905.
LaTeX Info: Redefining \pmod on input line 910.
LaTeX Info: Redefining \smash on input line 940.
LaTeX Info: Redefining \relbar on input line 970.
LaTeX Info: Redefining \Relbar on input line 971.
\c@MaxMatrixCols=\count297
\dotsspace@=\muskip17
\c@parentequation=\count298
\dspbrk@lvl=\count299
\tag@help=\toks20
\row@=\count300
\column@=\count301
\maxfields@=\count302
\andhelp@=\toks21
\eqnshift@=\dimen155
\alignsep@=\dimen156
\tagshift@=\dimen157
\tagwidth@=\dimen158
\totwidth@=\dimen159
\lineht@=\dimen160
\@envbody=\toks22
\multlinegap=\skip54
\multlinetaggap=\skip55
\mathdisplay@stack=\toks23
LaTeX Info: Redefining \[ on input line 2953.
LaTeX Info: Redefining \] on input line 2954.
)
Package csquotes Info: Checking for multilingual support...
Package csquotes Info: ... none found.
LaTeX Font Info:    Trying to load font information for OT1+ptm on input line 1
50.

(C:\Users\orfuc\AppData\Local\Programs\MiKTeX\tex/latex/psnfss\ot1ptm.fd
File: ot1ptm.fd 2001/06/04 font definitions for OT1/ptm.
)
(main_changed.aux)
\openout1 = `main_changed.aux'.

LaTeX Font Info:    Checking defaults for OML/cmm/m/it on input line 150.
LaTeX Font Info:    ... okay on input line 150.
LaTeX Font Info:    Checking defaults for OMS/cmsy/m/n on input line 150.
LaTeX Font Info:    ... okay on input line 150.
LaTeX Font Info:    Checking defaults for OT1/cmr/m/n on input line 150.
LaTeX Font Info:    ... okay on input line 150.
LaTeX Font Info:    Checking defaults for T1/cmr/m/n on input line 150.
LaTeX Font Info:    ... okay on input line 150.
LaTeX Font Info:    Checking defaults for TS1/cmr/m/n on input line 150.
LaTeX Font Info:    ... okay on input line 150.
LaTeX Font Info:    Checking defaults for OMX/cmex/m/n on input line 150.
LaTeX Font Info:    ... okay on input line 150.
LaTeX Font Info:    Checking defaults for U/cmr/m/n on input line 150.
LaTeX Font Info:    ... okay on input line 150.

(C:\Users\orfuc\AppData\Local\Programs\MiKTeX\tex/context/base/mkii\supp-pdf.mk
ii
[Loading MPS to PDF converter (version 2006.09.02).]
\scratchcounter=\count303
\scratchdimen=\dimen161
\scratchbox=\box54
\nofMPsegments=\count304
\nofMParguments=\count305
\everyMPshowfont=\toks24
\MPscratchCnt=\count306
\MPscratchDim=\dimen162
\MPnumerator=\count307
\makeMPintoPDFobject=\count308
\everyMPtoPDFconversion=\toks25
)
(C:\Users\orfuc\AppData\Local\Programs\MiKTeX\tex/latex/epstopdf-pkg\epstopdf-b
ase.sty
Package: epstopdf-base 2020-01-24 v2.11 Base part for package epstopdf

(C:\Users\orfuc\AppData\Local\Programs\MiKTeX\tex/generic/infwarerr\infwarerr.s
ty
Package: infwarerr 2019/12/03 v1.5 Providing info/warning/error messages (HO)
) (C:\Users\orfuc\AppData\Local\Programs\MiKTeX\tex/latex/grfext\grfext.sty
Package: grfext 2019/12/03 v1.3 Manage graphics extensions (HO)

(C:\Users\orfuc\AppData\Local\Programs\MiKTeX\tex/generic/kvdefinekeys\kvdefine
keys.sty
Package: kvdefinekeys 2019-12-19 v1.6 Define keys (HO)
))
(C:\Users\orfuc\AppData\Local\Programs\MiKTeX\tex/latex/kvoptions\kvoptions.sty
Package: kvoptions 2022-06-15 v3.15 Key value format for package options (HO)
(C:\Users\orfuc\AppData\Local\Programs\MiKTeX\tex/generic/ltxcmds\ltxcmds.sty
Package: ltxcmds 2020-05-10 v1.25 LaTeX kernel commands for general use (HO)
)
(C:\Users\orfuc\AppData\Local\Programs\MiKTeX\tex/latex/kvsetkeys\kvsetkeys.sty
Package: kvsetkeys 2022-10-05 v1.19 Key value parser (HO)
))
(C:\Users\orfuc\AppData\Local\Programs\MiKTeX\tex/generic/pdftexcmds\pdftexcmds
.sty
Package: pdftexcmds 2020-06-27 v0.33 Utility functions of pdfTeX for LuaTeX (HO
)
 (C:\Users\orfuc\AppData\Local\Programs\MiKTeX\tex/generic/iftex\iftex.sty
Package: iftex 2022/02/03 v1.0f TeX engine tests
)
Package pdftexcmds Info: \pdf@primitive is available.
Package pdftexcmds Info: \pdf@ifprimitive is available.
Package pdftexcmds Info: \pdfdraftmode found.
)
Package epstopdf-base Info: Redefining graphics rule for `.eps' on input line 4
85.
Package grfext Info: Graphics extension search list:
(grfext)             [.pdf,.png,.jpg,.mps,.jpeg,.jbig2,.jb2,.PDF,.PNG,.JPG,.JPE
G,.JBIG2,.JB2,.eps]
(grfext)             \AppendGraphicsExtensions on input line 504.

(C:\Users\orfuc\AppData\Local\Programs\MiKTeX\tex/latex/00miktex\epstopdf-sys.c
fg
File: epstopdf-sys.cfg 2021/03/18 v2.0 Configuration of epstopdf for MiKTeX
))
Package caption Info: Begin \AtBeginDocument code.
Package caption Info: End \AtBeginDocument code.
\titlearea=\box55
\actualheight=\skip56

Underfull \vbox (badness 10000) detected at line 152
 []

LaTeX Font Info:    Trying to load font information for TS1+ptm on input line 1
52.
(C:\Users\orfuc\AppData\Local\Programs\MiKTeX\tex/latex/psnfss\ts1ptm.fd
File: ts1ptm.fd 2001/06/04 font definitions for TS1/ptm.
)
Underfull \hbox (badness 10000) in paragraph at lines 156--156
\OT1/ptm/m/n/9 https://github.com/GhadaSokar/Invariant-Representation-for-
 []


Package natbib Warning: Citation `mccloskey1989catastrophic' on page 1 undefine
d on input line 162.


Package natbib Warning: Citation `VanDeVen2018a' on page 1 undefined on input l
ine 164.


Package natbib Warning: Citation `Hsu18_EvalCL' on page 1 undefined on input li
ne 164.


Package natbib Warning: Citation `mocanu2016online' on page 1 undefined on inpu
t line 164.


Package natbib Warning: Citation `shin2017continual' on page 1 undefined on inp
ut line 164.


Package natbib Warning: Citation `bao2017cvae' on page 1 undefined on input lin
e 164.


Package natbib Warning: Citation `miyato2018cgans' on page 1 undefined on input
 line 164.


Package natbib Warning: Citation `guo2019auto' on page 1 undefined on input lin
e 164.


Package natbib Warning: Citation `ebrahimi2020adversarial' on page 1 undefined 
on input line 164.


Underfull \hbox (badness 3000) in paragraph at lines 164--165
[]\OT1/ptm/m/n/10 Several ap-proaches have been pro-posed to ad-dress
 []


Underfull \hbox (badness 1412) in paragraph at lines 164--165
\OT1/ptm/m/n/10 meth-ods use a fixed-capacity model and con-strain the
 []


Underfull \vbox (badness 1400) has occurred while \output is active []

 [1{C:/Users/orfuc/AppData/Local/MiKTeX/fonts/map/pdftex/pdftex.map}{C:/Users/o
rfuc/AppData/Local/Programs/MiKTeX/fonts/enc/dvips/base/8r.enc}



]

Package natbib Warning: Citation `ebrahimi2020adversarial' on page 2 undefined 
on input line 166.

<pic/method_overview_v3.pdf, id=7, 557.20169pt x 268.12169pt>
File: pic/method_overview_v3.pdf Graphic file (type pdf)
<use pic/method_overview_v3.pdf>
Package pdftex.def Info: pic/method_overview_v3.pdf  used on input line 172.
(pdftex.def)             Requested size: 239.39438pt x 115.19597pt.

Package natbib Warning: Citation `thrun1998lifelong' on page 2 undefined on inp
ut line 178.


Package natbib Warning: Citation `thrun1995lifelong' on page 2 undefined on inp
ut line 178.


Package natbib Warning: Citation `kirkpatrick2017overcoming' on page 2 undefine
d on input line 180.


Package natbib Warning: Citation `zenke2017continual' on page 2 undefined on in
put line 180.


Package natbib Warning: Citation `aljundi2018memory' on page 2 undefined on inp
ut line 180.


Package natbib Warning: Citation `li2017learning' on page 2 undefined on input 
line 180.


Package natbib Warning: Citation `hinton2015distilling' on page 2 undefined on 
input line 180.


Package natbib Warning: Citation `kemker2018measuring' on page 2 undefined on i
nput line 180.


Package natbib Warning: Citation `Hsu18_EvalCL' on page 2 undefined on input li
ne 180.


Package natbib Warning: Citation `Farquhar2019a' on page 2 undefined on input l
ine 180.


Package natbib Warning: Citation `VanDeVen2018a' on page 2 undefined on input l
ine 180.


Package natbib Warning: Citation `rebuffi2017icarl' on page 2 undefined on inpu
t line 182.


Package natbib Warning: Citation `riemer2018learning' on page 2 undefined on in
put line 182.


Package natbib Warning: Citation `lopez2017gradient' on page 2 undefined on inp
ut line 182.


Package natbib Warning: Citation `shin2017continual' on page 2 undefined on inp
ut line 182.


Package natbib Warning: Citation `mocanu2016online' on page 2 undefined on inpu
t line 182.


Package natbib Warning: Citation `yoon2018lifelong' on page 2 undefined on inpu
t line 185.


Package natbib Warning: Citation `mallya2018piggyback' on page 2 undefined on i
nput line 185.


Package natbib Warning: Citation `mallya2018packnet' on page 2 undefined on inp
ut line 185.


Package natbib Warning: Citation `sokar2020spacenet' on page 2 undefined on inp
ut line 185.


Package natbib Warning: Citation `ebrahimi2020adversarial' on page 2 undefined 
on input line 186.

[2 <./pic/method_overview_v3.pdf>]
LaTeX Font Info:    Trying to load font information for OMS+ptm on input line 1
91.

(C:\Users\orfuc\AppData\Local\Programs\MiKTeX\tex/latex/psnfss\omsptm.fd
File: omsptm.fd 
)
LaTeX Font Info:    Font shape `OMS/ptm/m/n' in size <10> not available
(Font)              Font shape `OMS/cmsy/m/n' tried instead on input line 191.


Package natbib Warning: Citation `miyato2018cgans' on page 3 undefined on input
 line 205.


Package natbib Warning: Citation `odena2017conditional' on page 3 undefined on 
input line 205.


Package natbib Warning: Citation `makhzani2015adversarial' on page 3 undefined 
on input line 205.


Package natbib Warning: Citation `chen2020cyclically' on page 3 undefined on in
put line 205.


Package natbib Warning: Citation `lecun1998mnist' on page 3 undefined on input 
line 232.


Package natbib Warning: Citation `zenke2017continual' on page 3 undefined on in
put line 232.


Package natbib Warning: Citation `xiao2017fashion' on page 3 undefined on input
 line 232.


Package natbib Warning: Citation `Farquhar2019a' on page 3 undefined on input l
ine 232.


Package natbib Warning: Citation `lecun1998mnist' on page 3 undefined on input 
line 232.


Package natbib Warning: Citation `zenke2017continual' on page 3 undefined on in
put line 233.


Package natbib Warning: Citation `Farquhar2019a' on page 3 undefined on input l
ine 233.

[3]

Package natbib Warning: Citation `shin2017continual' on page 4 undefined on inp
ut line 235.


Package natbib Warning: Citation `VanDeVen2018a' on page 4 undefined on input l
ine 240.


Package natbib Warning: Citation `VanDeVen2018a' on page 4 undefined on input l
ine 240.


Package natbib Warning: Citation `lopez2017gradient' on page 4 undefined on inp
ut line 243.

<pic/mnist_acc_bwt.pdf, id=40, 440.53082pt x 324.6416pt>
File: pic/mnist_acc_bwt.pdf Graphic file (type pdf)
<use pic/mnist_acc_bwt.pdf>
Package pdftex.def Info: pic/mnist_acc_bwt.pdf  used on input line 258.
(pdftex.def)             Requested size: 227.42392pt x 167.60095pt.
<pic/fashion_mnist_acc_bwt.pdf, id=41, 440.53082pt x 324.6416pt>
File: pic/fashion_mnist_acc_bwt.pdf Graphic file (type pdf)
<use pic/fashion_mnist_acc_bwt.pdf>
Package pdftex.def Info: pic/fashion_mnist_acc_bwt.pdf  used on input line 264.

(pdftex.def)             Requested size: 227.42392pt x 167.60095pt.

Underfull \hbox (badness 10000) in paragraph at lines 255--269

 []


Package natbib Warning: Citation `wold1987principal' on page 4 undefined on inp
ut line 270.


Package natbib Warning: Citation `aljundi2019online' on page 4 undefined on inp
ut line 270.

<pic/conditioningvsnotconditioning.png, id=42, 1062.369pt x 528.7755pt>
File: pic/conditioningvsnotconditioning.png Graphic file (type png)
<use pic/conditioningvsnotconditioning.png>
Package pdftex.def Info: pic/conditioningvsnotconditioning.png  used on input l
ine 274.
(pdftex.def)             Requested size: 239.39438pt x 119.15492pt.


pdfTeX warning: pdflatex (file ./pic/generation_conditional_regular.pdf): PDF i
nclusion: found PDF version <1.7>, but at most version <1.5> allowed
<pic/generation_conditional_regular.pdf, id=43, 658.71094pt x 334.24875pt>
File: pic/generation_conditional_regular.pdf Graphic file (type pdf)
<use pic/generation_conditional_regular.pdf>
Package pdftex.def Info: pic/generation_conditional_regular.pdf  used on input 
line 280.
(pdftex.def)             Requested size: 239.39438pt x 121.4719pt.
[4 <./pic/mnist_acc_bwt.pdf>]
<pic/w_wo_z_acc_mnist.pdf, id=95, 441.05151pt x 324.75766pt>
File: pic/w_wo_z_acc_mnist.pdf Graphic file (type pdf)
<use pic/w_wo_z_acc_mnist.pdf>
Package pdftex.def Info: pic/w_wo_z_acc_mnist.pdf  used on input line 289.
(pdftex.def)             Requested size: 191.51622pt x 141.01572pt.
<pic/w_wo_z_bwt_mnist.pdf, id=96, 440.99692pt x 324.75766pt>
File: pic/w_wo_z_bwt_mnist.pdf Graphic file (type pdf)
<use pic/w_wo_z_bwt_mnist.pdf>
Package pdftex.def Info: pic/w_wo_z_bwt_mnist.pdf  used on input line 290.
(pdftex.def)             Requested size: 191.51622pt x 141.03554pt.
<pic/w_wo_z_acc_fashion_mnist.pdf, id=97, 441.05151pt x 324.75766pt>
File: pic/w_wo_z_acc_fashion_mnist.pdf Graphic file (type pdf)
<use pic/w_wo_z_acc_fashion_mnist.pdf>
Package pdftex.def Info: pic/w_wo_z_acc_fashion_mnist.pdf  used on input line 2
97.
(pdftex.def)             Requested size: 191.51622pt x 141.01572pt.
<pic/w_wo_z_bwt_fashion_mnist.pdf, id=98, 440.99692pt x 324.75766pt>
File: pic/w_wo_z_bwt_fashion_mnist.pdf Graphic file (type pdf)
<use pic/w_wo_z_bwt_fashion_mnist.pdf>
Package pdftex.def Info: pic/w_wo_z_bwt_fashion_mnist.pdf  used on input line 2
98.
(pdftex.def)             Requested size: 191.51622pt x 141.03554pt.
 [5 <./pic/fashion_mnist_acc_bwt.pdf> <./pic/conditioningvsnotconditioning.png>
 <./pic/generation_conditional_regular.pdf>]
Overfull \vbox (40.0388pt too high) has occurred while \output is active []


[6 <./pic/w_wo_z_acc_fashion_mnist.pdf> <./pic/w_wo_z_bwt_fashion_mnist.pdf

pdfTeX warning: pdflatex (file ./pic/w_wo_z_bwt_fashion_mnist.pdf): PDF inclusi
on: multiple pdfs with page group included in a single page
> <./pic/w_wo_z_acc_mnist.pdf

pdfTeX warning: pdflatex (file ./pic/w_wo_z_acc_mnist.pdf): PDF inclusion: mult
iple pdfs with page group included in a single page
> <./pic/w_wo_z_bwt_mnist.pdf

pdfTeX warning: pdflatex (file ./pic/w_wo_z_bwt_mnist.pdf): PDF inclusion: mult
iple pdfs with page group included in a single page
>]
Overfull \vbox (2.16492pt too high) has occurred while \output is active []


[7]
No file main_changed.bbl.

Package natbib Warning: There were undefined citations.

(main_changed.aux)
 ***********
LaTeX2e <2023-06-01> patch level 1
L3 programming layer <2023-08-29>
 ***********
 ) 
Here is how much of TeX's memory you used:
 6249 strings out of 475247
 110628 string characters out of 5757792
 1939801 words of memory out of 5000000
 27668 multiletter control sequences out of 15000+600000
 581537 words of font info for 79 fonts, out of 8000000 for 9000
 1141 hyphenation exceptions out of 8191
 94i,25n,107p,2692b,371s stack positions out of 10000i,1000n,20000p,200000b,200000s
<C:/Users/orfuc/AppData/Local/Programs/MiKTeX/fonts/type1/public/amsfonts/cm/
cmex10.pfb><C:/Users/orfuc/AppData/Local/Programs/MiKTeX/fonts/type1/public/ams
fonts/cm/cmmi10.pfb><C:/Users/orfuc/AppData/Local/Programs/MiKTeX/fonts/type1/p
ublic/amsfonts/cm/cmmi5.pfb><C:/Users/orfuc/AppData/Local/Programs/MiKTeX/fonts
/type1/public/amsfonts/cm/cmmi7.pfb><C:/Users/orfuc/AppData/Local/Programs/MiKT
eX/fonts/type1/public/amsfonts/cm/cmr10.pfb><C:/Users/orfuc/AppData/Local/Progr
ams/MiKTeX/fonts/type1/public/amsfonts/cm/cmr7.pfb><C:/Users/orfuc/AppData/Loca
l/Programs/MiKTeX/fonts/type1/public/amsfonts/cm/cmsy10.pfb><C:/Users/orfuc/App
Data/Local/Programs/MiKTeX/fonts/type1/public/amsfonts/cm/cmsy7.pfb><C:/Users/o
rfuc/AppData/Local/Programs/MiKTeX/fonts/type1/urw/times/utmb8a.pfb><C:/Users/o
rfuc/AppData/Local/Programs/MiKTeX/fonts/type1/urw/times/utmr8a.pfb><C:/Users/o
rfuc/AppData/Local/Programs/MiKTeX/fonts/type1/urw/times/utmri8a.pfb>
Output written on main_changed.pdf (7 pages, 762869 bytes).
PDF statistics:
 405 PDF objects out of 1000 (max. 8388607)
 0 named destinations out of 1000 (max. 500000)
 46 words of extra memory for PDF output out of 10000 (max. 10000000)

