This is pdfTeX, Version 3.141592653-2.6-1.40.25 (MiKTeX 23.10) (preloaded format=pdflatex 2024.1.1)  10 FEB 2024 13:47
entering extended mode
 restricted \write18 enabled.
 %&-line parsing enabled.
**./aaai24_changed.tex
(aaai24_changed.tex
LaTeX2e <2023-06-01> patch level 1
L3 programming layer <2023-08-29>
(C:\Users\tal12\AppData\Local\Programs\MiKTeX\tex/latex/base\article.cls
Document Class: article 2023/05/17 v1.4n Standard LaTeX document class
(C:\Users\tal12\AppData\Local\Programs\MiKTeX\tex/latex/base\size10.clo
File: size10.clo 2023/05/17 v1.4n Standard LaTeX file (size option)
)
\c@part=\count185
\c@section=\count186
\c@subsection=\count187
\c@subsubsection=\count188
\c@paragraph=\count189
\c@subparagraph=\count190
\c@figure=\count191
\c@table=\count192
\abovecaptionskip=\skip48
\belowcaptionskip=\skip49
\bibindent=\dimen140
)
(aaai24.sty
Package: aaai24 2023/06/26 AAAI 2024 Submission format

Conference Style for AAAI for LaTeX 2e -- version for submission
\titlebox=\skip50
) (C:\Users\tal12\AppData\Local\Programs\MiKTeX\tex/latex/psnfss\times.sty
Package: times 2020/03/25 PSNFSS-v9.3 (SPQR) 
)
(C:\Users\tal12\AppData\Local\Programs\MiKTeX\tex/latex/psnfss\helvet.sty
Package: helvet 2020/03/25 PSNFSS-v9.3 (WaS) 

(C:\Users\tal12\AppData\Local\Programs\MiKTeX\tex/latex/graphics\keyval.sty
Package: keyval 2022/05/29 v1.15 key=value parser (DPC)
\KV@toks@=\toks17
))
(C:\Users\tal12\AppData\Local\Programs\MiKTeX\tex/latex/psnfss\courier.sty
Package: courier 2020/03/25 PSNFSS-v9.3 (WaS) 
)
(C:\Users\tal12\AppData\Local\Programs\MiKTeX\tex/latex/url\url.sty
\Urlmuskip=\muskip16
Package: url 2013/09/16  ver 3.4  Verb mode for urls, etc.
)
(C:\Users\tal12\AppData\Local\Programs\MiKTeX\tex/latex/graphics\graphicx.sty
Package: graphicx 2021/09/16 v1.2d Enhanced LaTeX Graphics (DPC,SPQR)

(C:\Users\tal12\AppData\Local\Programs\MiKTeX\tex/latex/graphics\graphics.sty
Package: graphics 2022/03/10 v1.4e Standard LaTeX Graphics (DPC,SPQR)

(C:\Users\tal12\AppData\Local\Programs\MiKTeX\tex/latex/graphics\trig.sty
Package: trig 2021/08/11 v1.11 sin cos tan (DPC)
)
(C:\Users\tal12\AppData\Local\Programs\MiKTeX\tex/latex/graphics-cfg\graphics.c
fg
File: graphics.cfg 2016/06/04 v1.11 sample graphics configuration
)
Package graphics Info: Driver file: pdftex.def on input line 107.

(C:\Users\tal12\AppData\Local\Programs\MiKTeX\tex/latex/graphics-def\pdftex.def
File: pdftex.def 2022/09/22 v1.2b Graphics/color driver for pdftex
))
\Gin@req@height=\dimen141
\Gin@req@width=\dimen142
) (C:\Users\tal12\AppData\Local\Programs\MiKTeX\tex/latex/natbib\natbib.sty
Package: natbib 2010/09/13 8.31b (PWD, AO)
\bibhang=\skip51
\bibsep=\skip52
LaTeX Info: Redefining \cite on input line 694.
\c@NAT@ctr=\count193
)
(C:\Users\tal12\AppData\Local\Programs\MiKTeX\tex/latex/caption\caption.sty
Package: caption 2023/08/05 v3.6o Customizing captions (AR)

(C:\Users\tal12\AppData\Local\Programs\MiKTeX\tex/latex/caption\caption3.sty
Package: caption3 2023/07/31 v2.4d caption3 kernel (AR)
\caption@tempdima=\dimen143
\captionmargin=\dimen144
\caption@leftmargin=\dimen145
\caption@rightmargin=\dimen146
\caption@width=\dimen147
\caption@indent=\dimen148
\caption@parindent=\dimen149
\caption@hangindent=\dimen150
Package caption Info: Standard document class detected.
)
\c@caption@flags=\count194
\c@continuedfloat=\count195
)
(C:\Users\tal12\AppData\Local\Programs\MiKTeX\tex/latex/algorithms\algorithm.st
y
Package: algorithm 2009/08/24 v0.1 Document Style `algorithm' - floating enviro
nment
 (C:\Users\tal12\AppData\Local\Programs\MiKTeX\tex/latex/float\float.sty
Package: float 2001/11/08 v1.3d Float enhancements (AL)
\c@float@type=\count196
\float@exts=\toks18
\float@box=\box51
\@float@everytoks=\toks19
\@floatcapt=\box52
)
(C:\Users\tal12\AppData\Local\Programs\MiKTeX\tex/latex/base\ifthen.sty
Package: ifthen 2022/04/13 v1.1d Standard LaTeX ifthen package (DPC)
)
\@float@every@algorithm=\toks20
\c@algorithm=\count197
)
(C:\Users\tal12\AppData\Local\Programs\MiKTeX\tex/latex/algorithms\algorithmic.
sty
Package: algorithmic 2009/08/24 v0.1 Document Style `algorithmic'
\c@ALC@unique=\count198
\c@ALC@line=\count199
\c@ALC@rem=\count266
\c@ALC@depth=\count267
\ALC@tlm=\skip53
\algorithmicindent=\skip54
) (C:\Users\tal12\AppData\Local\Programs\MiKTeX\tex/latex/base\latexsym.sty
Package: latexsym 1998/08/17 v2.2e Standard LaTeX package (lasy symbols)
\symlasy=\mathgroup4
LaTeX Font Info:    Overwriting symbol font `lasy' in version `bold'
(Font)                  U/lasy/m/n --> U/lasy/b/n on input line 52.
) (C:\Users\tal12\AppData\Local\Programs\MiKTeX\tex/latex/caption\subcaption.st
y
Package: subcaption 2023/07/28 v1.6b Sub-captions (AR)
Package caption Info: New subtype `subfigure' on input line 238.
\c@subfigure=\count268
Package caption Info: New subtype `subtable' on input line 238.
\c@subtable=\count269
) (C:\Users\tal12\AppData\Local\Programs\MiKTeX\tex/generic/soul\soul.sty
Package: soul 2023-06-14 v3.1 Permit use of UTF-8 characters in soul (HO)

(C:\Users\tal12\AppData\Local\Programs\MiKTeX\tex/generic/soul\soul-ori.sty
Package: soul-ori 2023-06-14 v3.1 letterspacing/underlining (mf)
\SOUL@word=\toks21
\SOUL@lasttoken=\toks22
\SOUL@syllable=\toks23
\SOUL@cmds=\toks24
\SOUL@buffer=\toks25
\SOUL@token=\toks26
\SOUL@syllgoal=\dimen151
\SOUL@syllwidth=\dimen152
\SOUL@charkern=\dimen153
\SOUL@hyphkern=\dimen154
\SOUL@dimen=\dimen155
\SOUL@dimeni=\dimen156
\SOUL@minus=\count270
\SOUL@comma=\count271
\SOUL@apo=\count272
\SOUL@grave=\count273
\SOUL@spaceskip=\skip55
\SOUL@ttwidth=\dimen157
\SOUL@uldp=\dimen158
\SOUL@ulht=\dimen159
)
(C:\Users\tal12\AppData\Local\Programs\MiKTeX\tex/generic/infwarerr\infwarerr.s
ty
Package: infwarerr 2019/12/03 v1.5 Providing info/warning/error messages (HO)
)
(C:\Users\tal12\AppData\Local\Programs\MiKTeX\tex/generic/etexcmds\etexcmds.sty
Package: etexcmds 2019/12/15 v1.7 Avoid name clashes with e-TeX commands (HO)
(C:\Users\tal12\AppData\Local\Programs\MiKTeX\tex/generic/iftex\iftex.sty
Package: iftex 2022/02/03 v1.0f TeX engine tests
)))
(C:\Users\tal12\AppData\Local\Programs\MiKTeX\tex/latex/xcolor\xcolor.sty
Package: xcolor 2022/06/12 v2.14 LaTeX color extensions (UK)

(C:\Users\tal12\AppData\Local\Programs\MiKTeX\tex/latex/graphics-cfg\color.cfg
File: color.cfg 2016/01/02 v1.6 sample color configuration
)
Package xcolor Info: Driver file: pdftex.def on input line 227.
(C:\Users\tal12\AppData\Local\Programs\MiKTeX\tex/latex/graphics\mathcolor.ltx)
Package xcolor Info: Model `cmy' substituted by `cmy0' on input line 1353.
Package xcolor Info: Model `hsb' substituted by `rgb' on input line 1357.
Package xcolor Info: Model `RGB' extended on input line 1369.
Package xcolor Info: Model `HTML' substituted by `rgb' on input line 1371.
Package xcolor Info: Model `Hsb' substituted by `hsb' on input line 1372.
Package xcolor Info: Model `tHsb' substituted by `hsb' on input line 1373.
Package xcolor Info: Model `HSB' substituted by `hsb' on input line 1374.
Package xcolor Info: Model `Gray' substituted by `gray' on input line 1375.
Package xcolor Info: Model `wave' substituted by `hsb' on input line 1376.
) (C:\Users\tal12\AppData\Local\Programs\MiKTeX\tex/latex/tools\tabularx.sty
Package: tabularx 2020/01/15 v2.11c `tabularx' package (DPC)

(C:\Users\tal12\AppData\Local\Programs\MiKTeX\tex/latex/tools\array.sty
Package: array 2022/09/04 v2.5g Tabular extension package (FMi)
\col@sep=\dimen160
\ar@mcellbox=\box53
\extrarowheight=\dimen161
\NC@list=\toks27
\extratabsurround=\skip56
\backup@length=\skip57
\ar@cellbox=\box54
)
\TX@col@width=\dimen162
\TX@old@table=\dimen163
\TX@old@col=\dimen164
\TX@target=\dimen165
\TX@delta=\dimen166
\TX@cols=\count274
\TX@ftn=\toks28
)
(C:\Users\tal12\AppData\Local\Programs\MiKTeX\tex/latex/multirow\multirow.sty
Package: multirow 2021/03/15 v2.8 Span multiple rows of a table
\multirow@colwidth=\skip58
\multirow@cntb=\count275
\multirow@dima=\skip59
\bigstrutjot=\dimen167
)
(C:\Users\tal12\AppData\Local\Programs\MiKTeX\tex/latex/booktabs\booktabs.sty
Package: booktabs 2020/01/12 v1.61803398 Publication quality tables
\heavyrulewidth=\dimen168
\lightrulewidth=\dimen169
\cmidrulewidth=\dimen170
\belowrulesep=\dimen171
\belowbottomsep=\dimen172
\aboverulesep=\dimen173
\abovetopsep=\dimen174
\cmidrulesep=\dimen175
\cmidrulekern=\dimen176
\defaultaddspace=\dimen177
\@cmidla=\count276
\@cmidlb=\count277
\@aboverulesep=\dimen178
\@belowrulesep=\dimen179
\@thisruleclass=\count278
\@lastruleclass=\count279
\@thisrulewidth=\dimen180
)
(C:\Users\tal12\AppData\Local\Programs\MiKTeX\tex/latex/microtype\microtype.sty
Package: microtype 2023/03/13 v3.1a Micro-typographical refinements (RS)
(C:\Users\tal12\AppData\Local\Programs\MiKTeX\tex/latex/etoolbox\etoolbox.sty
Package: etoolbox 2020/10/05 v2.5k e-TeX tools for LaTeX (JAW)
\etb@tempcnta=\count280
)
\MT@toks=\toks29
\MT@tempbox=\box55
\MT@count=\count281
LaTeX Info: Redefining \noprotrusionifhmode on input line 1059.
LaTeX Info: Redefining \leftprotrusion on input line 1060.
\MT@prot@toks=\toks30
LaTeX Info: Redefining \rightprotrusion on input line 1078.
LaTeX Info: Redefining \textls on input line 1368.
\MT@outer@kern=\dimen181
LaTeX Info: Redefining \textmicrotypecontext on input line 1988.
\MT@listname@count=\count282

(C:\Users\tal12\AppData\Local\Programs\MiKTeX\tex/latex/microtype\microtype-pdf
tex.def
File: microtype-pdftex.def 2023/03/13 v3.1a Definitions specific to pdftex (RS)

LaTeX Info: Redefining \lsstyle on input line 902.
LaTeX Info: Redefining \lslig on input line 902.
\MT@outer@space=\skip60
)
Package microtype Info: Loading configuration file microtype.cfg.

(C:\Users\tal12\AppData\Local\Programs\MiKTeX\tex/latex/microtype\microtype.cfg
File: microtype.cfg 2023/03/13 v3.1a microtype main configuration file (RS)
)) (C:\Users\tal12\AppData\Local\Programs\MiKTeX\tex/latex/amsmath\amsmath.sty
Package: amsmath 2023/05/13 v2.17o AMS math features
\@mathmargin=\skip61

For additional information on amsmath, use the `?' option.
(C:\Users\tal12\AppData\Local\Programs\MiKTeX\tex/latex/amsmath\amstext.sty
Package: amstext 2021/08/26 v2.01 AMS text

(C:\Users\tal12\AppData\Local\Programs\MiKTeX\tex/latex/amsmath\amsgen.sty
File: amsgen.sty 1999/11/30 v2.0 generic functions
\@emptytoks=\toks31
\ex@=\dimen182
))
(C:\Users\tal12\AppData\Local\Programs\MiKTeX\tex/latex/amsmath\amsbsy.sty
Package: amsbsy 1999/11/29 v1.2d Bold Symbols
\pmbraise@=\dimen183
)
(C:\Users\tal12\AppData\Local\Programs\MiKTeX\tex/latex/amsmath\amsopn.sty
Package: amsopn 2022/04/08 v2.04 operator names
)
\inf@bad=\count283
LaTeX Info: Redefining \frac on input line 234.
\uproot@=\count284
\leftroot@=\count285
LaTeX Info: Redefining \overline on input line 399.
LaTeX Info: Redefining \colon on input line 410.
\classnum@=\count286
\DOTSCASE@=\count287
LaTeX Info: Redefining \ldots on input line 496.
LaTeX Info: Redefining \dots on input line 499.
LaTeX Info: Redefining \cdots on input line 620.
\Mathstrutbox@=\box56
\strutbox@=\box57
LaTeX Info: Redefining \big on input line 722.
LaTeX Info: Redefining \Big on input line 723.
LaTeX Info: Redefining \bigg on input line 724.
LaTeX Info: Redefining \Bigg on input line 725.
\big@size=\dimen184
LaTeX Font Info:    Redeclaring font encoding OML on input line 743.
LaTeX Font Info:    Redeclaring font encoding OMS on input line 744.
\macc@depth=\count288
LaTeX Info: Redefining \bmod on input line 905.
LaTeX Info: Redefining \pmod on input line 910.
LaTeX Info: Redefining \smash on input line 940.
LaTeX Info: Redefining \relbar on input line 970.
LaTeX Info: Redefining \Relbar on input line 971.
\c@MaxMatrixCols=\count289
\dotsspace@=\muskip17
\c@parentequation=\count290
\dspbrk@lvl=\count291
\tag@help=\toks32
\row@=\count292
\column@=\count293
\maxfields@=\count294
\andhelp@=\toks33
\eqnshift@=\dimen185
\alignsep@=\dimen186
\tagshift@=\dimen187
\tagwidth@=\dimen188
\totwidth@=\dimen189
\lineht@=\dimen190
\@envbody=\toks34
\multlinegap=\skip62
\multlinetaggap=\skip63
\mathdisplay@stack=\toks35
LaTeX Info: Redefining \[ on input line 2953.
LaTeX Info: Redefining \] on input line 2954.
)
(C:\Users\tal12\AppData\Local\Programs\MiKTeX\tex/latex/amsfonts\amssymb.sty
Package: amssymb 2013/01/14 v3.01 AMS font symbols

(C:\Users\tal12\AppData\Local\Programs\MiKTeX\tex/latex/amsfonts\amsfonts.sty
Package: amsfonts 2013/01/14 v3.01 Basic AMSFonts support
\symAMSa=\mathgroup5
\symAMSb=\mathgroup6
LaTeX Font Info:    Redeclaring math symbol \hbar on input line 98.
LaTeX Font Info:    Overwriting math alphabet `\mathfrak' in version `bold'
(Font)                  U/euf/m/n --> U/euf/b/n on input line 106.
)) (C:\Users\tal12\AppData\Local\Programs\MiKTeX\tex/latex/amscls\amsthm.sty
Package: amsthm 2020/05/29 v2.20.6
\thm@style=\toks36
\thm@bodyfont=\toks37
\thm@headfont=\toks38
\thm@notefont=\toks39
\thm@headpunct=\toks40
\thm@preskip=\skip64
\thm@postskip=\skip65
\thm@headsep=\skip66
\dth@everypar=\toks41
)
(C:\Users\tal12\AppData\Local\Programs\MiKTeX\tex/latex/jknappen\mathrsfs.sty
Package: mathrsfs 1996/01/01 Math RSFS package v1.0 (jk)
\symrsfs=\mathgroup7
)
(C:\Users\tal12\AppData\Local\Programs\MiKTeX\tex/latex/inconsolata\inconsolata
.sty
Package: inconsolata 2019/05/17 v1.12
 `inconsolata-zi4' v1.12, 2019/05/17 Text macros for Inconsolata (msharpe)
(C:\Users\tal12\AppData\Local\Programs\MiKTeX\tex/latex/base\textcomp.sty
Package: textcomp 2020/02/02 v2.0n Standard LaTeX package
)
(C:\Users\tal12\AppData\Local\Programs\MiKTeX\tex/latex/xkeyval\xkeyval.sty
Package: xkeyval 2022/06/16 v2.9 package option processing (HA)

(C:\Users\tal12\AppData\Local\Programs\MiKTeX\tex/generic/xkeyval\xkeyval.tex
(C:\Users\tal12\AppData\Local\Programs\MiKTeX\tex/generic/xkeyval\xkvutils.tex
\XKV@toks=\toks42
\XKV@tempa@toks=\toks43
)
\XKV@depth=\count295
File: xkeyval.tex 2014/12/03 v2.7a key=value parser (HA)
))
\zifour@ocount=\count296
)
(C:\Users\tal12\AppData\Local\Programs\MiKTeX\tex/latex/threeparttable\threepar
ttable.sty
Package: threeparttable 2003/06/13  v 3.0
\@tempboxb=\box58
)
(C:\Users\tal12\AppData\Local\Programs\MiKTeX\tex/latex/fdsymbol\fdsymbol.sty
Package: fdsymbol 2011/11/01 v0.8 FdSymbol support package
LaTeX Info: Redefining \dagger on input line 81.
LaTeX Info: Redefining \ddagger on input line 82.
LaTeX Info: Redefining \mathparagraph on input line 83.
LaTeX Info: Redefining \mathsection on input line 84.
LaTeX Info: Redefining \mathdollar on input line 85.
LaTeX Info: Redefining \mathsterling on input line 86.
LaTeX Info: Redefining \yen on input line 87.
LaTeX Info: Redefining \circledR on input line 88.
LaTeX Info: Redefining \circledS on input line 90.
LaTeX Info: Redefining \Re on input line 92.
LaTeX Info: Redefining \Im on input line 93.
LaTeX Info: Redefining \thicksim on input line 95.
LaTeX Info: Redefining \thickapprox on input line 96.
LaTeX Info: Redefining \centerdot on input line 101.
LaTeX Font Info:    Redeclaring symbol font `symbols' on input line 180.
LaTeX Font Info:    Encoding `OMS' has changed to `U' for symbol font
(Font)              `symbols' in the math version `normal' on input line 180.
LaTeX Font Info:    Overwriting symbol font `symbols' in version `normal'
(Font)                  OMS/cmsy/m/n --> U/FdSymbolA/m/n on input line 180.
LaTeX Font Info:    Encoding `OMS' has changed to `U' for symbol font
(Font)              `symbols' in the math version `bold' on input line 180.
LaTeX Font Info:    Overwriting symbol font `symbols' in version `bold'
(Font)                  OMS/cmsy/b/n --> U/FdSymbolA/m/n on input line 180.
\symrelations=\mathgroup8
\symarrows=\mathgroup9
\symnarrows=\mathgroup10
LaTeX Font Info:    Redeclaring symbol font `largesymbols' on input line 184.
LaTeX Font Info:    Encoding `OMX' has changed to `U' for symbol font
(Font)              `largesymbols' in the math version `normal' on input line 1
84.
LaTeX Font Info:    Overwriting symbol font `largesymbols' in version `normal'
(Font)                  OMX/cmex/m/n --> U/FdSymbolE/m/n on input line 184.
LaTeX Font Info:    Encoding `OMX' has changed to `U' for symbol font
(Font)              `largesymbols' in the math version `bold' on input line 184
.
LaTeX Font Info:    Overwriting symbol font `largesymbols' in version `bold'
(Font)                  OMX/cmex/m/n --> U/FdSymbolE/m/n on input line 184.
\symdelimiters=\mathgroup11
LaTeX Font Info:    Overwriting symbol font `symbols' in version `bold'
(Font)                  U/FdSymbolA/m/n --> U/FdSymbolA/b/n on input line 186.
LaTeX Font Info:    Overwriting symbol font `relations' in version `bold'
(Font)                  U/FdSymbolB/m/n --> U/FdSymbolB/b/n on input line 187.
LaTeX Font Info:    Overwriting symbol font `arrows' in version `bold'
(Font)                  U/FdSymbolC/m/n --> U/FdSymbolC/b/n on input line 188.
LaTeX Font Info:    Overwriting symbol font `narrows' in version `bold'
(Font)                  U/FdSymbolD/m/n --> U/FdSymbolD/b/n on input line 189.
LaTeX Font Info:    Overwriting symbol font `largesymbols' in version `bold'
(Font)                  U/FdSymbolE/m/n --> U/FdSymbolE/b/n on input line 190.
LaTeX Font Info:    Overwriting symbol font `delimiters' in version `bold'
(Font)                  U/FdSymbolF/m/n --> U/FdSymbolF/b/n on input line 191.
LaTeX Font Info:    Redeclaring math alphabet \mathcal on input line 192.
LaTeX Font Info:    Overwriting math alphabet `\mathcal' in version `bold'
(Font)                  OMS/cmsy/m/n --> OMS/cmsy/b/n on input line 193.
LaTeX Font Info:    Redeclaring math alphabet \mathbb on input line 194.
LaTeX Font Info:    Redeclaring math alphabet \mathfrak on input line 195.
LaTeX Font Info:    Overwriting math alphabet `\mathfrak' in version `normal'
(Font)                  U/euf/m/n --> U/euf/m/n on input line 195.
LaTeX Font Info:    Overwriting math alphabet `\mathfrak' in version `bold'
(Font)                  U/euf/b/n --> U/euf/m/n on input line 195.
LaTeX Font Info:    Overwriting math alphabet `\mathfrak' in version `bold'
(Font)                  U/euf/m/n --> U/euf/b/n on input line 196.
LaTeX Info: Redefining \vdots on input line 221.
LaTeX Info: Redefining \relbar on input line 1205.
LaTeX Info: Redefining \Relbar on input line 1206.
LaTeX Font Info:    Redeclaring math accent \widehat on input line 1796.
LaTeX Font Info:    Redeclaring math accent \widetilde on input line 1797.
LaTeX Font Info:    Redeclaring math accent \vec on input line 1799.
LaTeX Font Info:    Redeclaring math symbol \setminus on input line 1902.
LaTeX Font Info:    Redeclaring math symbol \mid on input line 1907.
LaTeX Font Info:    Redeclaring math symbol \nmid on input line 1908.
LaTeX Font Info:    Redeclaring math symbol \parallel on input line 1912.
LaTeX Font Info:    Redeclaring math symbol \nparallel on input line 1913.
LaTeX Font Info:    Redeclaring math symbol \shortmid on input line 1921.
LaTeX Font Info:    Redeclaring math symbol \nshortmid on input line 1922.
LaTeX Font Info:    Redeclaring math symbol \shortparallel on input line 1923.
LaTeX Font Info:    Redeclaring math symbol \nshortparallel on input line 1924.

LaTeX Font Info:    Redeclaring math symbol \braceld on input line 1944.
LaTeX Font Info:    Redeclaring math symbol \bracelu on input line 1945.
LaTeX Font Info:    Redeclaring math symbol \bracerd on input line 1946.
LaTeX Font Info:    Redeclaring math symbol \braceru on input line 1947.
LaTeX Info: Redefining \overbrace on input line 1963.
LaTeX Info: Redefining \underbrace on input line 1966.
LaTeX Font Info:    Redeclaring math symbol \surd on input line 1980.
)
(C:\Users\tal12\AppData\Local\Programs\MiKTeX\tex/latex/newfloat\newfloat.sty
Package: newfloat 2023/10/01 v1.2 Defining new floating environments (AR)
)
(C:\Users\tal12\AppData\Local\Programs\MiKTeX\tex/latex/listings\listings.sty
\lst@mode=\count297
\lst@gtempboxa=\box59
\lst@token=\toks44
\lst@length=\count298
\lst@currlwidth=\dimen191
\lst@column=\count299
\lst@pos=\count300
\lst@lostspace=\dimen192
\lst@width=\dimen193
\lst@newlines=\count301
\lst@lineno=\count302
\lst@maxwidth=\dimen194

(C:\Users\tal12\AppData\Local\Programs\MiKTeX\tex/latex/listings\lstmisc.sty
File: lstmisc.sty 2023/02/27 1.9 (Carsten Heinz)
\c@lstnumber=\count303
\lst@skipnumbers=\count304
\lst@framebox=\box60
)
(C:\Users\tal12\AppData\Local\Programs\MiKTeX\tex/latex/listings\listings.cfg
File: listings.cfg 2023/02/27 1.9 listings configuration
))
Package: listings 2023/02/27 1.9 (Carsten Heinz)
\@float@every@listing=\toks45
\c@listing=\count305
(C:\Users\tal12\AppData\Local\Programs\MiKTeX\tex/latex/base\inputenc.sty
Package: inputenc 2021/02/14 v1.3d Input encoding file
\inpenc@prehook=\toks46
\inpenc@posthook=\toks47
)
(C:\Users\tal12\AppData\Local\Programs\MiKTeX\tex/latex/natbib\bibentry.sty
Package: bibentry 2007/10/30 1.5 (PWD)
)
LaTeX Font Info:    Trying to load font information for OT1+ptm on input line 1
52.

(C:\Users\tal12\AppData\Local\Programs\MiKTeX\tex/latex/psnfss\ot1ptm.fd
File: ot1ptm.fd 2001/06/04 font definitions for OT1/ptm.
)
(C:\Users\tal12\AppData\Local\Programs\MiKTeX\tex/latex/l3backend\l3backend-pdf
tex.def
File: l3backend-pdftex.def 2023-04-19 L3 backend support: PDF output (pdfTeX)
\l__color_backend_stack_int=\count306
\l__pdf_internal_box=\box61
) (aaai24_changed.aux)
\openout1 = `aaai24_changed.aux'.

LaTeX Font Info:    Checking defaults for OML/cmm/m/it on input line 152.
LaTeX Font Info:    ... okay on input line 152.
LaTeX Font Info:    Checking defaults for OMS/cmsy/m/n on input line 152.
LaTeX Font Info:    ... okay on input line 152.
LaTeX Font Info:    Checking defaults for OT1/cmr/m/n on input line 152.
LaTeX Font Info:    ... okay on input line 152.
LaTeX Font Info:    Checking defaults for T1/cmr/m/n on input line 152.
LaTeX Font Info:    ... okay on input line 152.
LaTeX Font Info:    Checking defaults for TS1/cmr/m/n on input line 152.
LaTeX Font Info:    ... okay on input line 152.
LaTeX Font Info:    Checking defaults for OMX/cmex/m/n on input line 152.
LaTeX Font Info:    ... okay on input line 152.
LaTeX Font Info:    Checking defaults for U/cmr/m/n on input line 152.
LaTeX Font Info:    ... okay on input line 152.

(C:\Users\tal12\AppData\Local\Programs\MiKTeX\tex/context/base/mkii\supp-pdf.mk
ii
[Loading MPS to PDF converter (version 2006.09.02).]
\scratchcounter=\count307
\scratchdimen=\dimen195
\scratchbox=\box62
\nofMPsegments=\count308
\nofMParguments=\count309
\everyMPshowfont=\toks48
\MPscratchCnt=\count310
\MPscratchDim=\dimen196
\MPnumerator=\count311
\makeMPintoPDFobject=\count312
\everyMPtoPDFconversion=\toks49
)
(C:\Users\tal12\AppData\Local\Programs\MiKTeX\tex/latex/epstopdf-pkg\epstopdf-b
ase.sty
Package: epstopdf-base 2020-01-24 v2.11 Base part for package epstopdf
Package epstopdf-base Info: Redefining graphics rule for `.eps' on input line 4
85.

(C:\Users\tal12\AppData\Local\Programs\MiKTeX\tex/latex/00miktex\epstopdf-sys.c
fg
File: epstopdf-sys.cfg 2021/03/18 v2.0 Configuration of epstopdf for MiKTeX
))
Package caption Info: Begin \AtBeginDocument code.
Package caption Info: float package is loaded.
Package caption Info: listings package is loaded.
Package caption Info: threeparttable package is loaded.
Package caption Info: End \AtBeginDocument code.
LaTeX Info: Redefining \microtypecontext on input line 152.
Package microtype Info: Applying patch `item' on input line 152.
Package microtype Info: Applying patch `toc' on input line 152.
Package microtype Info: Applying patch `eqnum' on input line 152.
Package microtype Info: Applying patch `footnote' on input line 152.
Package microtype Info: Applying patch `verbatim' on input line 152.
Package microtype Info: Generating PDF output.
Package microtype Info: Character protrusion enabled (level 2).
Package microtype Info: Using default protrusion set `alltext'.
Package microtype Info: Automatic font expansion enabled (level 2),
(microtype)             stretch: 20, shrink: 20, step: 1, non-selected.
Package microtype Info: Using default expansion set `alltext-nott'.
LaTeX Info: Redefining \showhyphens on input line 152.
Package microtype Info: No adjustment of tracking.
Package microtype Info: No adjustment of interword spacing.
Package microtype Info: No adjustment of character kerning.

(C:\Users\tal12\AppData\Local\Programs\MiKTeX\tex/latex/microtype\mt-ptm.cfg
File: mt-ptm.cfg 2006/04/20 v1.7 microtype config. file: Times (RS)
)
(C:\Users\tal12\AppData\Local\Programs\MiKTeX\tex/latex/upquote\upquote.sty
Package: upquote 2012/04/19 v1.3 upright-quote and grave-accent glyphs in verba
tim
)
Package newfloat Info: `float' package detected.
\c@lstlisting=\count313
\c@eqfn=\count314
\titlearea=\box63
LaTeX Font Info:    Trying to load font information for OMS+ptm on input line 1
54.

(C:\Users\tal12\AppData\Local\Programs\MiKTeX\tex/latex/psnfss\omsptm.fd
File: omsptm.fd 
)
LaTeX Font Info:    Font shape `OMS/ptm/m/n' in size <10> not available
(Font)              Font shape `OMS/cmsy/m/n' tried instead on input line 154.
\actualheight=\skip67

(C:\Users\tal12\AppData\Local\Programs\MiKTeX\tex/latex/microtype\mt-cmr.cfg
File: mt-cmr.cfg 2013/05/19 v2.2 microtype config. file: Computer Modern Roman 
(RS)
)
LaTeX Font Info:    Font shape `U/FdSymbolA/m/n' will be
(Font)              scaled to size 12.0pt on input line 154.
LaTeX Font Info:    Font shape `U/FdSymbolA/m/n' will be
(Font)              scaled to size 8.0pt on input line 154.
LaTeX Font Info:    Font shape `U/FdSymbolA/m/n' will be
(Font)              scaled to size 6.0pt on input line 154.
LaTeX Font Info:    Font shape `U/FdSymbolE/m/n' will be
(Font)              scaled to size 12.0pt on input line 154.
Package microtype Info: Fixing zero \fontdimen 6 for font `U/FdSymbolE/m/n/12'
(microtype)             (new value: 12.0pt) on input line 154.
LaTeX Font Info:    Font shape `U/FdSymbolE/m/n' will be
(Font)              scaled to size 8.0pt on input line 154.
Package microtype Info: Fixing zero \fontdimen 6 for font `U/FdSymbolE/m/n/8'
(microtype)             (new value: 8.0pt) on input line 154.
LaTeX Font Info:    Font shape `U/FdSymbolE/m/n' will be
(Font)              scaled to size 6.0pt on input line 154.
Package microtype Info: Fixing zero \fontdimen 6 for font `U/FdSymbolE/m/n/6'
(microtype)             (new value: 6.0pt) on input line 154.
LaTeX Font Info:    Trying to load font information for U+lasy on input line 15
4.

(C:\Users\tal12\AppData\Local\Programs\MiKTeX\tex/latex/base\ulasy.fd
File: ulasy.fd 1998/08/17 v2.2e LaTeX symbol font definitions
)
LaTeX Font Info:    Trying to load font information for U+msa on input line 154
.

(C:\Users\tal12\AppData\Local\Programs\MiKTeX\tex/latex/amsfonts\umsa.fd
File: umsa.fd 2013/01/14 v3.01 AMS symbols A
)
(C:\Users\tal12\AppData\Local\Programs\MiKTeX\tex/latex/microtype\mt-msa.cfg
File: mt-msa.cfg 2006/02/04 v1.1 microtype config. file: AMS symbols (a) (RS)
)
LaTeX Font Info:    Trying to load font information for U+msb on input line 154
.

(C:\Users\tal12\AppData\Local\Programs\MiKTeX\tex/latex/amsfonts\umsb.fd
File: umsb.fd 2013/01/14 v3.01 AMS symbols B
)
(C:\Users\tal12\AppData\Local\Programs\MiKTeX\tex/latex/microtype\mt-msb.cfg
File: mt-msb.cfg 2005/06/01 v1.0 microtype config. file: AMS symbols (b) (RS)
)
LaTeX Font Info:    Trying to load font information for U+rsfs on input line 15
4.

(C:\Users\tal12\AppData\Local\Programs\MiKTeX\tex/latex/jknappen\ursfs.fd
File: ursfs.fd 1998/03/24 rsfs font definition file (jk)
)
LaTeX Font Info:    Font shape `U/FdSymbolB/m/n' will be
(Font)              scaled to size 12.0pt on input line 154.
Package microtype Info: Fixing zero \fontdimen 6 for font `U/FdSymbolB/m/n/12'
(microtype)             (new value: 12.0pt) on input line 154.
LaTeX Font Info:    Font shape `U/FdSymbolB/m/n' will be
(Font)              scaled to size 8.0pt on input line 154.
Package microtype Info: Fixing zero \fontdimen 6 for font `U/FdSymbolB/m/n/8'
(microtype)             (new value: 8.0pt) on input line 154.
LaTeX Font Info:    Font shape `U/FdSymbolB/m/n' will be
(Font)              scaled to size 6.0pt on input line 154.
Package microtype Info: Fixing zero \fontdimen 6 for font `U/FdSymbolB/m/n/6'
(microtype)             (new value: 6.0pt) on input line 154.
LaTeX Font Info:    Font shape `U/FdSymbolC/m/n' will be
(Font)              scaled to size 12.0pt on input line 154.
Package microtype Info: Fixing zero \fontdimen 6 for font `U/FdSymbolC/m/n/12'
(microtype)             (new value: 12.0pt) on input line 154.
LaTeX Font Info:    Font shape `U/FdSymbolC/m/n' will be
(Font)              scaled to size 8.0pt on input line 154.
Package microtype Info: Fixing zero \fontdimen 6 for font `U/FdSymbolC/m/n/8'
(microtype)             (new value: 8.0pt) on input line 154.
LaTeX Font Info:    Font shape `U/FdSymbolC/m/n' will be
(Font)              scaled to size 6.0pt on input line 154.
Package microtype Info: Fixing zero \fontdimen 6 for font `U/FdSymbolC/m/n/6'
(microtype)             (new value: 6.0pt) on input line 154.
LaTeX Font Info:    Font shape `U/FdSymbolD/m/n' will be
(Font)              scaled to size 12.0pt on input line 154.
Package microtype Info: Fixing zero \fontdimen 6 for font `U/FdSymbolD/m/n/12'
(microtype)             (new value: 12.0pt) on input line 154.
LaTeX Font Info:    Font shape `U/FdSymbolD/m/n' will be
(Font)              scaled to size 8.0pt on input line 154.
Package microtype Info: Fixing zero \fontdimen 6 for font `U/FdSymbolD/m/n/8'
(microtype)             (new value: 8.0pt) on input line 154.
LaTeX Font Info:    Font shape `U/FdSymbolD/m/n' will be
(Font)              scaled to size 6.0pt on input line 154.
Package microtype Info: Fixing zero \fontdimen 6 for font `U/FdSymbolD/m/n/6'
(microtype)             (new value: 6.0pt) on input line 154.
LaTeX Font Info:    Font shape `U/FdSymbolF/m/n' will be
(Font)              scaled to size 12.0pt on input line 154.
Package microtype Info: Fixing zero \fontdimen 6 for font `U/FdSymbolF/m/n/12'
(microtype)             (new value: 12.0pt) on input line 154.
LaTeX Font Info:    Font shape `U/FdSymbolF/m/n' will be
(Font)              scaled to size 8.0pt on input line 154.
Package microtype Info: Fixing zero \fontdimen 6 for font `U/FdSymbolF/m/n/8'
(microtype)             (new value: 8.0pt) on input line 154.
LaTeX Font Info:    Font shape `U/FdSymbolF/m/n' will be
(Font)              scaled to size 6.0pt on input line 154.
Package microtype Info: Fixing zero \fontdimen 6 for font `U/FdSymbolF/m/n/6'
(microtype)             (new value: 6.0pt) on input line 154.
LaTeX Font Info:    Trying to load font information for TS1+ptm on input line 1
54.

(C:\Users\tal12\AppData\Local\Programs\MiKTeX\tex/latex/psnfss\ts1ptm.fd
File: ts1ptm.fd 2001/06/04 font definitions for TS1/ptm.
)
LaTeX Font Info:    Font shape `U/FdSymbolA/m/n' will be
(Font)              scaled to size 9.0pt on input line 154.
LaTeX Font Info:    Font shape `U/FdSymbolA/m/n' will be
(Font)              scaled to size 5.0pt on input line 154.
LaTeX Font Info:    Font shape `U/FdSymbolE/m/n' will be
(Font)              scaled to size 9.0pt on input line 154.
Package microtype Info: Fixing zero \fontdimen 6 for font `U/FdSymbolE/m/n/9'
(microtype)             (new value: 9.0pt) on input line 154.
LaTeX Font Info:    Font shape `U/FdSymbolE/m/n' will be
(Font)              scaled to size 5.0pt on input line 154.
Package microtype Info: Fixing zero \fontdimen 6 for font `U/FdSymbolE/m/n/5'
(microtype)             (new value: 5.0pt) on input line 154.
LaTeX Font Info:    Font shape `U/FdSymbolB/m/n' will be
(Font)              scaled to size 9.0pt on input line 154.
Package microtype Info: Fixing zero \fontdimen 6 for font `U/FdSymbolB/m/n/9'
(microtype)             (new value: 9.0pt) on input line 154.
LaTeX Font Info:    Font shape `U/FdSymbolB/m/n' will be
(Font)              scaled to size 5.0pt on input line 154.
Package microtype Info: Fixing zero \fontdimen 6 for font `U/FdSymbolB/m/n/5'
(microtype)             (new value: 5.0pt) on input line 154.
LaTeX Font Info:    Font shape `U/FdSymbolC/m/n' will be
(Font)              scaled to size 9.0pt on input line 154.
Package microtype Info: Fixing zero \fontdimen 6 for font `U/FdSymbolC/m/n/9'
(microtype)             (new value: 9.0pt) on input line 154.
LaTeX Font Info:    Font shape `U/FdSymbolC/m/n' will be
(Font)              scaled to size 5.0pt on input line 154.
Package microtype Info: Fixing zero \fontdimen 6 for font `U/FdSymbolC/m/n/5'
(microtype)             (new value: 5.0pt) on input line 154.
LaTeX Font Info:    Font shape `U/FdSymbolD/m/n' will be
(Font)              scaled to size 9.0pt on input line 154.
Package microtype Info: Fixing zero \fontdimen 6 for font `U/FdSymbolD/m/n/9'
(microtype)             (new value: 9.0pt) on input line 154.
LaTeX Font Info:    Font shape `U/FdSymbolD/m/n' will be
(Font)              scaled to size 5.0pt on input line 154.
Package microtype Info: Fixing zero \fontdimen 6 for font `U/FdSymbolD/m/n/5'
(microtype)             (new value: 5.0pt) on input line 154.
LaTeX Font Info:    Font shape `U/FdSymbolF/m/n' will be
(Font)              scaled to size 9.0pt on input line 154.
Package microtype Info: Fixing zero \fontdimen 6 for font `U/FdSymbolF/m/n/9'
(microtype)             (new value: 9.0pt) on input line 154.
LaTeX Font Info:    Font shape `U/FdSymbolF/m/n' will be
(Font)              scaled to size 5.0pt on input line 154.
Package microtype Info: Fixing zero \fontdimen 6 for font `U/FdSymbolF/m/n/5'
(microtype)             (new value: 5.0pt) on input line 154.


Package natbib Warning: Citation `wang2014short' on page 1 undefined on input l
ine 166.


Package natbib Warning: Citation `kehler2022coherence' on page 1 undefined on i
nput line 166.


Package natbib Warning: Citation `agar1982interpreting' on page 1 undefined on 
input line 169.


Package natbib Warning: Citation `glosser1992comparison' on page 1 undefined on
 input line 169.


Package natbib Warning: Citation `kintsch1978toward' on page 1 undefined on inp
ut line 169.


Package natbib Warning: Citation `tien-nguyen-joty-2017-neural' on page 1 undef
ined on input line 170.


Package natbib Warning: Citation `mesgar-strube-2018-neural' on page 1 undefine
d on input line 170.


Package natbib Warning: Citation `mesgar-etal-2021-neural-graph' on page 1 unde
fined on input line 170.


Package natbib Warning: Citation `jeon-strube-2022-entity' on page 1 undefined 
on input line 170.

<pictures/h_latent.pdf, id=1, 446.62859pt x 207.8967pt>
File: pictures/h_latent.pdf Graphic file (type pdf)
<use pictures/h_latent.pdf>
Package pdftex.def Info: pictures/h_latent.pdf  used on input line 173.
(pdftex.def)             Requested size: 203.48668pt x 94.71686pt.

Package natbib Warning: Citation `Horne:2007aa' on page 1 undefined on input li
ne 183.


Package natbib Warning: Citation `wang2023language' on page 1 undefined on inpu
t line 183.


Package natbib Warning: Citation `Horne:2007aa' on page 1 undefined on input li
ne 184.


Package natbib Warning: Citation `chow2009brownian' on page 1 undefined on inpu
t line 184.

[1{C:/Users/tal12/AppData/Local/MiKTeX/fonts/map/pdftex/pdftex.map}{C:/Users/ta
l12/AppData/Local/Programs/MiKTeX/fonts/enc/dvips/base/8r.enc}



 <./pictures/h_latent.pdf>]
LaTeX Font Info:    Font shape `U/FdSymbolA/m/n' will be
(Font)              scaled to size 10.0pt on input line 188.
LaTeX Font Info:    Font shape `U/FdSymbolA/m/n' will be
(Font)              scaled to size 7.0pt on input line 188.
LaTeX Font Info:    Font shape `U/FdSymbolE/m/n' will be
(Font)              scaled to size 10.0pt on input line 188.
Package microtype Info: Fixing zero \fontdimen 6 for font `U/FdSymbolE/m/n/10'
(microtype)             (new value: 10.0pt) on input line 188.
LaTeX Font Info:    Font shape `U/FdSymbolE/m/n' will be
(Font)              scaled to size 7.0pt on input line 188.
Package microtype Info: Fixing zero \fontdimen 6 for font `U/FdSymbolE/m/n/7'
(microtype)             (new value: 7.0pt) on input line 188.
LaTeX Font Info:    Font shape `U/FdSymbolB/m/n' will be
(Font)              scaled to size 10.0pt on input line 188.
Package microtype Info: Fixing zero \fontdimen 6 for font `U/FdSymbolB/m/n/10'
(microtype)             (new value: 10.0pt) on input line 188.
LaTeX Font Info:    Font shape `U/FdSymbolB/m/n' will be
(Font)              scaled to size 7.0pt on input line 188.
Package microtype Info: Fixing zero \fontdimen 6 for font `U/FdSymbolB/m/n/7'
(microtype)             (new value: 7.0pt) on input line 188.
LaTeX Font Info:    Font shape `U/FdSymbolC/m/n' will be
(Font)              scaled to size 10.0pt on input line 188.
Package microtype Info: Fixing zero \fontdimen 6 for font `U/FdSymbolC/m/n/10'
(microtype)             (new value: 10.0pt) on input line 188.
LaTeX Font Info:    Font shape `U/FdSymbolC/m/n' will be
(Font)              scaled to size 7.0pt on input line 188.
Package microtype Info: Fixing zero \fontdimen 6 for font `U/FdSymbolC/m/n/7'
(microtype)             (new value: 7.0pt) on input line 188.
LaTeX Font Info:    Font shape `U/FdSymbolD/m/n' will be
(Font)              scaled to size 10.0pt on input line 188.
Package microtype Info: Fixing zero \fontdimen 6 for font `U/FdSymbolD/m/n/10'
(microtype)             (new value: 10.0pt) on input line 188.
LaTeX Font Info:    Font shape `U/FdSymbolD/m/n' will be
(Font)              scaled to size 7.0pt on input line 188.
Package microtype Info: Fixing zero \fontdimen 6 for font `U/FdSymbolD/m/n/7'
(microtype)             (new value: 7.0pt) on input line 188.
LaTeX Font Info:    Font shape `U/FdSymbolF/m/n' will be
(Font)              scaled to size 10.0pt on input line 188.
Package microtype Info: Fixing zero \fontdimen 6 for font `U/FdSymbolF/m/n/10'
(microtype)             (new value: 10.0pt) on input line 188.
LaTeX Font Info:    Font shape `U/FdSymbolF/m/n' will be
(Font)              scaled to size 7.0pt on input line 188.
Package microtype Info: Fixing zero \fontdimen 6 for font `U/FdSymbolF/m/n/7'
(microtype)             (new value: 7.0pt) on input line 188.


Package natbib Warning: Citation `barzilay-lapata-2008-modeling' on page 2 unde
fined on input line 195.


Package natbib Warning: Citation `elsner-charniak-2011-extending' on page 2 und
efined on input line 195.


Package natbib Warning: Citation `grosz-etal-1995-centering' on page 2 undefine
d on input line 195.


Package natbib Warning: Citation `attention-2017' on page 2 undefined on input 
line 195.


Package natbib Warning: Citation `guinaudeau-strube-2013-graph' on page 2 undef
ined on input line 195.


Package natbib Warning: Citation `tien-nguyen-joty-2017-neural' on page 2 undef
ined on input line 195.


Package natbib Warning: Citation `adewoyin-etal-2022-rstgen' on page 2 undefine
d on input line 195.


Package natbib Warning: Citation `deng2022model' on page 2 undefined on input l
ine 197.


Package natbib Warning: Citation `bowman2016generating' on page 2 undefined on 
input line 197.


Package natbib Warning: Citation `gao2022simcse' on page 2 undefined on input l
ine 197.


Package natbib Warning: Citation `wang2023language' on page 2 undefined on inpu
t line 197.


Package natbib Warning: Citation `barzilay-lapata-2008-modeling' on page 2 unde
fined on input line 199.


Package natbib Warning: Citation `laban-etal-2021-transformer' on page 2 undefi
ned on input line 199.


Package natbib Warning: Citation `van1985semantic' on page 2 undefined on input
 line 199.


Package natbib Warning: Citation `hearst-1997-text' on page 2 undefined on inpu
t line 199.


Package natbib Warning: Citation `chow2009brownian' on page 2 undefined on inpu
t line 204.


Package natbib Warning: Citation `revuz2013continuous' on page 2 undefined on i
nput line 204.


Package natbib Warning: Citation `Horne:2007aa' on page 2 undefined on input li
ne 206.


Package natbib Warning: Citation `John:2021' on page 2 undefined on input line 
206.


LaTeX Font Warning: Command \footnotesize invalid in math mode on input line 20
8.

LaTeX Font Info:    Freeze math alphabet allocation in version normal.
(Font)              Allocated math groups: 14 (local: 2) on input line 213.
LaTeX Font Info:    Undo math alphabet allocation in version normal on input li
ne 213.
LaTeX Font Info:    Undo math alphabet allocation in version normal on input li
ne 213.
LaTeX Font Info:    Undo math alphabet allocation in version normal on input li
ne 213.

Package natbib Warning: Citation `wang2023language' on page 2 undefined on inpu
t line 215.


Package natbib Warning: Citation `radford2019language' on page 2 undefined on i
nput line 215.

LaTeX Font Info:    No math alphabet change to frozen version normal on input l
ine 216.
LaTeX Font Info:    No math alphabet change to frozen version normal on input l
ine 216.
LaTeX Font Info:    No math alphabet change to frozen version normal on input l
ine 216.
LaTeX Font Info:    No math alphabet change to frozen version normal on input l
ine 216.

LaTeX Font Warning: Command \footnotesize invalid in math mode on input line 21
8.

LaTeX Font Info:    Undo math alphabet allocation in version normal on input li
ne 221.
LaTeX Font Info:    No math alphabet change to frozen version normal on input l
ine 222.
LaTeX Font Info:    No math alphabet change to frozen version normal on input l
ine 223.

LaTeX Font Warning: Command \footnotesize invalid in math mode on input line 22
5.

LaTeX Font Info:    No math alphabet change to frozen version normal on input l
ine 228.
LaTeX Font Info:    No math alphabet change to frozen version normal on input l
ine 229.
LaTeX Font Info:    No math alphabet change to frozen version normal on input l
ine 230.
LaTeX Font Info:    No math alphabet change to frozen version normal on input l
ine 230.

Package natbib Warning: Citation `wang2023language' on page 2 undefined on inpu
t line 230.

LaTeX Font Info:    No math alphabet change to frozen version normal on input l
ine 230.
LaTeX Font Info:    No math alphabet change to frozen version normal on input l
ine 230.
LaTeX Font Info:    No math alphabet change to frozen version normal on input l
ine 230.
LaTeX Font Info:    No math alphabet change to frozen version normal on input l
ine 230.
LaTeX Font Info:    No math alphabet change to frozen version normal on input l
ine 230.
<pictures/score_computation.pdf, id=28, 1892.06876pt x 951.555pt>
File: pictures/score_computation.pdf Graphic file (type pdf)
<use pictures/score_computation.pdf>
Package pdftex.def Info: pictures/score_computation.pdf  used on input line 236
.
(pdftex.def)             Requested size: 215.45348pt x 108.34482pt.
LaTeX Font Info:    No math alphabet change to frozen version normal on input l
ine 237.
LaTeX Font Info:    No math alphabet change to frozen version normal on input l
ine 237.
LaTeX Font Info:    No math alphabet change to frozen version normal on input l
ine 237.
LaTeX Font Info:    No math alphabet change to frozen version normal on input l
ine 237.
LaTeX Font Info:    No math alphabet change to frozen version normal on input l
ine 240.
LaTeX Font Info:    No math alphabet change to frozen version normal on input l
ine 240.
LaTeX Font Info:    No math alphabet change to frozen version normal on input l
ine 240.
LaTeX Font Info:    No math alphabet change to frozen version normal on input l
ine 240.
LaTeX Font Info:    No math alphabet change to frozen version normal on input l
ine 240.
LaTeX Font Info:    No math alphabet change to frozen version normal on input l
ine 240.
LaTeX Font Info:    No math alphabet change to frozen version normal on input l
ine 240.
LaTeX Font Info:    No math alphabet change to frozen version normal on input l
ine 240.
[2]
LaTeX Font Info:    No math alphabet change to frozen version normal on input l
ine 242.
LaTeX Font Info:    Undo math alphabet allocation in version normal on input li
ne 242.
LaTeX Font Info:    No math alphabet change to frozen version normal on input l
ine 242.
LaTeX Font Info:    No math alphabet change to frozen version normal on input l
ine 242.
LaTeX Font Info:    No math alphabet change to frozen version normal on input l
ine 242.
LaTeX Font Info:    Undo math alphabet allocation in version normal on input li
ne 242.
LaTeX Font Info:    No math alphabet change to frozen version normal on input l
ine 242.
LaTeX Font Info:    No math alphabet change to frozen version normal on input l
ine 242.
LaTeX Font Info:    No math alphabet change to frozen version normal on input l
ine 246.
LaTeX Font Info:    No math alphabet change to frozen version normal on input l
ine 247.
LaTeX Font Info:    No math alphabet change to frozen version normal on input l
ine 249.
LaTeX Font Info:    No math alphabet change to frozen version normal on input l
ine 249.
LaTeX Font Info:    No math alphabet change to frozen version normal on input l
ine 249.
LaTeX Font Info:    No math alphabet change to frozen version normal on input l
ine 249.


LaTeX Font Warning: Command \footnotesize invalid in math mode on input line 25
1.

LaTeX Font Info:    No math alphabet change to frozen version normal on input l
ine 253.
LaTeX Font Info:    No math alphabet change to frozen version normal on input l
ine 254.
LaTeX Font Info:    No math alphabet change to frozen version normal on input l
ine 255.
LaTeX Font Info:    No math alphabet change to frozen version normal on input l
ine 257.

LaTeX Font Warning: Command \footnotesize invalid in math mode on input line 25
9.

LaTeX Font Info:    No math alphabet change to frozen version normal on input l
ine 263.
LaTeX Font Info:    No math alphabet change to frozen version normal on input l
ine 264.
LaTeX Font Info:    Calculating math sizes for size <> on input line 264.

LaTeX Font Warning: Font shape `OT1/cmr/m/n' in size <> not available
(Font)              size <5> substituted on input line 264.


LaTeX Font Warning: Font shape `OT1/cmr/m/n' in size <0.7> not available
(Font)              size <5> substituted on input line 264.


LaTeX Font Warning: Font shape `OT1/cmr/m/n' in size <0.5> not available
(Font)              size <5> substituted on input line 264.


LaTeX Font Warning: Font shape `OML/cmm/m/it' in size <> not available
(Font)              size <5> substituted on input line 264.


LaTeX Font Warning: Font shape `OML/cmm/m/it' in size <0.7> not available
(Font)              size <5> substituted on input line 264.


LaTeX Font Warning: Font shape `OML/cmm/m/it' in size <0.5> not available
(Font)              size <5> substituted on input line 264.

LaTeX Font Info:    Font shape `U/FdSymbolA/m/n' will be
(Font)              scaled to size 1.0pt on input line 264.
LaTeX Font Info:    Font shape `U/FdSymbolA/m/n' will be
(Font)              scaled to size 0.7pt on input line 264.
LaTeX Font Info:    Font shape `U/FdSymbolA/m/n' will be
(Font)              scaled to size 0.5pt on input line 264.
LaTeX Font Info:    Font shape `U/FdSymbolE/m/n' will be
(Font)              scaled to size 1.0pt on input line 264.
Package microtype Info: Fixing zero \fontdimen 6 for font `U/FdSymbolE/m/n/'
(microtype)             (new value: 1.0pt) on input line 264.
LaTeX Font Info:    Font shape `U/FdSymbolE/m/n' will be
(Font)              scaled to size 0.7pt on input line 264.
Package microtype Info: Fixing zero \fontdimen 6 for font `U/FdSymbolE/m/n/0.7'

(microtype)             (new value: 0.7pt) on input line 264.
LaTeX Font Info:    Font shape `U/FdSymbolE/m/n' will be
(Font)              scaled to size 0.5pt on input line 264.
Package microtype Info: Fixing zero \fontdimen 6 for font `U/FdSymbolE/m/n/0.5'

(microtype)             (new value: 0.5pt) on input line 264.

LaTeX Font Warning: Font shape `OT1/cmr/bx/n' in size <> not available
(Font)              size <5> substituted on input line 264.


LaTeX Font Warning: Font shape `OT1/cmr/bx/n' in size <0.7> not available
(Font)              size <5> substituted on input line 264.


LaTeX Font Warning: Font shape `OT1/cmr/bx/n' in size <0.5> not available
(Font)              size <5> substituted on input line 264.


LaTeX Font Warning: Font shape `U/lasy/m/n' in size <> not available
(Font)              size <5> substituted on input line 264.


LaTeX Font Warning: Font shape `U/lasy/m/n' in size <0.7> not available
(Font)              size <5> substituted on input line 264.


LaTeX Font Warning: Font shape `U/lasy/m/n' in size <0.5> not available
(Font)              size <5> substituted on input line 264.


LaTeX Font Warning: Font shape `U/rsfs/m/n' in size <> not available
(Font)              size <5> substituted on input line 264.


LaTeX Font Warning: Font shape `U/rsfs/m/n' in size <0.7> not available
(Font)              size <5> substituted on input line 264.


LaTeX Font Warning: Font shape `U/rsfs/m/n' in size <0.5> not available
(Font)              size <5> substituted on input line 264.

LaTeX Font Info:    Font shape `U/FdSymbolB/m/n' will be
(Font)              scaled to size 1.0pt on input line 264.
Package microtype Info: Fixing zero \fontdimen 6 for font `U/FdSymbolB/m/n/'
(microtype)             (new value: 1.0pt) on input line 264.
LaTeX Font Info:    Font shape `U/FdSymbolB/m/n' will be
(Font)              scaled to size 0.7pt on input line 264.
Package microtype Info: Fixing zero \fontdimen 6 for font `U/FdSymbolB/m/n/0.7'

(microtype)             (new value: 0.7pt) on input line 264.
LaTeX Font Info:    Font shape `U/FdSymbolB/m/n' will be
(Font)              scaled to size 0.5pt on input line 264.
Package microtype Info: Fixing zero \fontdimen 6 for font `U/FdSymbolB/m/n/0.5'

(microtype)             (new value: 0.5pt) on input line 264.
LaTeX Font Info:    Font shape `U/FdSymbolC/m/n' will be
(Font)              scaled to size 1.0pt on input line 264.
Package microtype Info: Fixing zero \fontdimen 6 for font `U/FdSymbolC/m/n/'
(microtype)             (new value: 1.0pt) on input line 264.
LaTeX Font Info:    Font shape `U/FdSymbolC/m/n' will be
(Font)              scaled to size 0.7pt on input line 264.
Package microtype Info: Fixing zero \fontdimen 6 for font `U/FdSymbolC/m/n/0.7'

(microtype)             (new value: 0.7pt) on input line 264.
LaTeX Font Info:    Font shape `U/FdSymbolC/m/n' will be
(Font)              scaled to size 0.5pt on input line 264.
Package microtype Info: Fixing zero \fontdimen 6 for font `U/FdSymbolC/m/n/0.5'

(microtype)             (new value: 0.5pt) on input line 264.
LaTeX Font Info:    Font shape `U/FdSymbolD/m/n' will be
(Font)              scaled to size 1.0pt on input line 264.
Package microtype Info: Fixing zero \fontdimen 6 for font `U/FdSymbolD/m/n/'
(microtype)             (new value: 1.0pt) on input line 264.
LaTeX Font Info:    Font shape `U/FdSymbolD/m/n' will be
(Font)              scaled to size 0.7pt on input line 264.
Package microtype Info: Fixing zero \fontdimen 6 for font `U/FdSymbolD/m/n/0.7'

(microtype)             (new value: 0.7pt) on input line 264.
LaTeX Font Info:    Font shape `U/FdSymbolD/m/n' will be
(Font)              scaled to size 0.5pt on input line 264.
Package microtype Info: Fixing zero \fontdimen 6 for font `U/FdSymbolD/m/n/0.5'

(microtype)             (new value: 0.5pt) on input line 264.
LaTeX Font Info:    Font shape `U/FdSymbolF/m/n' will be
(Font)              scaled to size 1.0pt on input line 264.
Package microtype Info: Fixing zero \fontdimen 6 for font `U/FdSymbolF/m/n/'
(microtype)             (new value: 1.0pt) on input line 264.
LaTeX Font Info:    Font shape `U/FdSymbolF/m/n' will be
(Font)              scaled to size 0.7pt on input line 264.
Package microtype Info: Fixing zero \fontdimen 6 for font `U/FdSymbolF/m/n/0.7'

(microtype)             (new value: 0.7pt) on input line 264.
LaTeX Font Info:    Font shape `U/FdSymbolF/m/n' will be
(Font)              scaled to size 0.5pt on input line 264.
Package microtype Info: Fixing zero \fontdimen 6 for font `U/FdSymbolF/m/n/0.5'

(microtype)             (new value: 0.5pt) on input line 264.

LaTeX Font Warning: Font shape `OMS/cmsy/m/n' in size <> not available
(Font)              size <5> substituted on input line 264.


LaTeX Font Warning: Font shape `OMS/cmsy/m/n' in size <0.7> not available
(Font)              size <5> substituted on input line 264.


LaTeX Font Warning: Font shape `OMS/cmsy/m/n' in size <0.5> not available
(Font)              size <5> substituted on input line 264.

LaTeX Font Info:    No math alphabet change to frozen version normal on input l
ine 264.
LaTeX Font Info:    No math alphabet change to frozen version normal on input l
ine 265.

LaTeX Font Warning: Command \footnotesize invalid in math mode on input line 26
7.

LaTeX Font Info:    No math alphabet change to frozen version normal on input l
ine 270.
LaTeX Font Info:    No math alphabet change to frozen version normal on input l
ine 271.
LaTeX Font Info:    No math alphabet change to frozen version normal on input l
ine 273.
LaTeX Font Info:    No math alphabet change to frozen version normal on input l
ine 273.
LaTeX Font Info:    No math alphabet change to frozen version normal on input l
ine 273.
LaTeX Font Info:    No math alphabet change to frozen version normal on input l
ine 273.
LaTeX Font Info:    No math alphabet change to frozen version normal on input l
ine 280.
LaTeX Font Info:    No math alphabet change to frozen version normal on input l
ine 280.
LaTeX Font Info:    No math alphabet change to frozen version normal on input l
ine 280.

LaTeX Font Warning: Command \footnotesize invalid in math mode on input line 28
8.

LaTeX Font Info:    No math alphabet change to frozen version normal on input l
ine 290.
LaTeX Font Info:    No math alphabet change to frozen version normal on input l
ine 291.
LaTeX Font Info:    No math alphabet change to frozen version normal on input l
ine 292.
LaTeX Font Info:    No math alphabet change to frozen version normal on input l
ine 292.
LaTeX Font Info:    No math alphabet change to frozen version normal on input l
ine 293.
LaTeX Font Info:    No math alphabet change to frozen version normal on input l
ine 293.

Package natbib Warning: Citation `arnold-etal-2019-sector' on page 3 undefined 
on input line 307.


Package natbib Warning: Citation `wang2023language' on page 3 undefined on inpu
t line 309.


Package natbib Warning: Citation `wang2023language' on page 3 undefined on inpu
t line 309.


Package natbib Warning: Citation `barzilay-lapata-2005-modeling' on page 3 unde
fined on input line 319.


Package natbib Warning: Citation `lai-tetreault-2018-discourse' on page 3 undef
ined on input line 319.

LaTeX Font Info:    No math alphabet change to frozen version normal on input l
ine 319.
LaTeX Font Info:    No math alphabet change to frozen version normal on input l
ine 319.
LaTeX Font Info:    No math alphabet change to frozen version normal on input l
ine 319.
[3 <./pictures/score_computation.pdf>]

Package natbib Warning: Citation `moon-etal-2019-unified' on page 4 undefined o
n input line 320.


Package natbib Warning: Citation `barzilay-lapata-2008-modeling' on page 4 unde
fined on input line 327.


Package natbib Warning: Citation `moon-etal-2019-unified' on page 4 undefined o
n input line 327.


Package natbib Warning: Citation `joty-etal-2018-coherence' on page 4 undefined
 on input line 329.


Package natbib Warning: Citation `moon-etal-2019-unified' on page 4 undefined o
n input line 329.


Package natbib Warning: Citation `jeon-strube-2022-entity' on page 4 undefined 
on input line 329.

LaTeX Font Info:    No math alphabet change to frozen version normal on input l
ine 340.
LaTeX Font Info:    No math alphabet change to frozen version normal on input l
ine 340.
LaTeX Font Info:    No math alphabet change to frozen version normal on input l
ine 341.
LaTeX Font Info:    No math alphabet change to frozen version normal on input l
ine 341.
LaTeX Font Info:    No math alphabet change to frozen version normal on input l
ine 342.
LaTeX Font Info:    No math alphabet change to frozen version normal on input l
ine 342.
LaTeX Font Info:    No math alphabet change to frozen version normal on input l
ine 343.
LaTeX Font Info:    No math alphabet change to frozen version normal on input l
ine 343.
LaTeX Font Info:    No math alphabet change to frozen version normal on input l
ine 345.
LaTeX Font Info:    No math alphabet change to frozen version normal on input l
ine 345.
LaTeX Font Info:    No math alphabet change to frozen version normal on input l
ine 346.
LaTeX Font Info:    No math alphabet change to frozen version normal on input l
ine 346.
LaTeX Font Info:    No math alphabet change to frozen version normal on input l
ine 347.
LaTeX Font Info:    No math alphabet change to frozen version normal on input l
ine 347.
LaTeX Font Info:    No math alphabet change to frozen version normal on input l
ine 348.
LaTeX Font Info:    No math alphabet change to frozen version normal on input l
ine 348.
LaTeX Font Info:    No math alphabet change to frozen version normal on input l
ine 350.

Package natbib Warning: Citation `moon-etal-2019-unified' on page 4 undefined o
n input line 357.

LaTeX Font Info:    No math alphabet change to frozen version normal on input l
ine 357.
LaTeX Font Info:    No math alphabet change to frozen version normal on input l
ine 359.
LaTeX Font Info:    No math alphabet change to frozen version normal on input l
ine 359.
LaTeX Font Info:    No math alphabet change to frozen version normal on input l
ine 359.
<pictures/documents.pdf, id=73, 722.7pt x 735.94951pt>
File: pictures/documents.pdf Graphic file (type pdf)
<use pictures/documents.pdf>
Package pdftex.def Info: pictures/documents.pdf  used on input line 365.
(pdftex.def)             Requested size: 239.39438pt x 237.96625pt.

Package natbib Warning: Citation `mohiuddin-etal-2021-rethinking' on page 4 und
efined on input line 373.


Package natbib Warning: Citation `moon-etal-2019-unified' on page 4 undefined o
n input line 375.

LaTeX Font Info:    No math alphabet change to frozen version normal on input l
ine 377.
[4]
LaTeX Font Info:    No math alphabet change to frozen version normal on input l
ine 400.
LaTeX Font Info:    No math alphabet change to frozen version normal on input l
ine 400.
LaTeX Font Info:    No math alphabet change to frozen version normal on input l
ine 400.
LaTeX Font Info:    No math alphabet change to frozen version normal on input l
ine 400.
LaTeX Font Info:    No math alphabet change to frozen version normal on input l
ine 400.
LaTeX Font Info:    No math alphabet change to frozen version normal on input l
ine 400.
LaTeX Font Info:    No math alphabet change to frozen version normal on input l
ine 400.
LaTeX Font Info:    No math alphabet change to frozen version normal on input l
ine 400.


Package natbib Warning: Citation `barzilay-lapata-2008-modeling' on page 5 unde
fined on input line 400.


Package natbib Warning: Citation `moon-etal-2019-unified' on page 5 undefined o
n input line 400.

LaTeX Font Info:    No math alphabet change to frozen version normal on input l
ine 400.
LaTeX Font Info:    No math alphabet change to frozen version normal on input l
ine 423.

Overfull \hbox (2.55501pt too wide) in paragraph at lines 423--423
 []|$\OMS/cmsy/m/n/9 D[]$| 
 []

LaTeX Font Info:    No math alphabet change to frozen version normal on input l
ine 423.
LaTeX Font Info:    No math alphabet change to frozen version normal on input l
ine 423.
LaTeX Font Info:    No math alphabet change to frozen version normal on input l
ine 423.
LaTeX Font Info:    No math alphabet change to frozen version normal on input l
ine 423.

Overfull \hbox (2.55501pt too wide) in paragraph at lines 423--423
 []|$\OMS/cmsy/m/n/9 D[]$| 
 []

LaTeX Font Info:    No math alphabet change to frozen version normal on input l
ine 423.
LaTeX Font Info:    No math alphabet change to frozen version normal on input l
ine 423.
LaTeX Font Info:    No math alphabet change to frozen version normal on input l
ine 423.

Package natbib Warning: Citation `barzilay-lapata-2008-modeling' on page 5 unde
fined on input line 423.


Package natbib Warning: Citation `moon-etal-2019-unified' on page 5 undefined o
n input line 423.

LaTeX Font Info:    No math alphabet change to frozen version normal on input l
ine 423.
LaTeX Font Info:    No math alphabet change to frozen version normal on input l
ine 424.
LaTeX Font Info:    No math alphabet change to frozen version normal on input l
ine 424.
<pictures/scoreblock.pdf, id=78, 433.62pt x 578.16pt>
File: pictures/scoreblock.pdf Graphic file (type pdf)
<use pictures/scoreblock.pdf>
Package pdftex.def Info: pictures/scoreblock.pdf  used on input line 440.
(pdftex.def)             Requested size: 114.90826pt x 151.57188pt.
<pictures/AUCtest.pdf, id=80, 433.62pt x 578.16pt>
File: pictures/AUCtest.pdf Graphic file (type pdf)
<use pictures/AUCtest.pdf>
Package pdftex.def Info: pictures/AUCtest.pdf  used on input line 446.
(pdftex.def)             Requested size: 114.90826pt x 149.44115pt.

Package natbib Warning: Citation `moon-etal-2019-unified' on page 5 undefined o
n input line 456.


Package natbib Warning: Citation `moon-etal-2019-unified' on page 5 undefined o
n input line 461.

[5 <./pictures/documents.pdf> <./pictures/scoreblock.pdf> <./pictures/AUCtest.p
df>]
LaTeX Font Info:    No math alphabet change to frozen version normal on input l
ine 494.
LaTeX Font Info:    No math alphabet change to frozen version normal on input l
ine 494.
LaTeX Font Info:    No math alphabet change to frozen version normal on input l
ine 494.
LaTeX Font Info:    No math alphabet change to frozen version normal on input l
ine 494.
LaTeX Font Info:    No math alphabet change to frozen version normal on input l
ine 494.
LaTeX Font Info:    No math alphabet change to frozen version normal on input l
ine 494.
LaTeX Font Info:    No math alphabet change to frozen version normal on input l
ine 494.
LaTeX Font Info:    No math alphabet change to frozen version normal on input l
ine 494.
LaTeX Font Info:    No math alphabet change to frozen version normal on input l
ine 494.
LaTeX Font Info:    No math alphabet change to frozen version normal on input l
ine 494.
LaTeX Font Info:    No math alphabet change to frozen version normal on input l
ine 494.
LaTeX Font Info:    No math alphabet change to frozen version normal on input l
ine 494.
LaTeX Font Info:    No math alphabet change to frozen version normal on input l
ine 494.
LaTeX Font Info:    No math alphabet change to frozen version normal on input l
ine 495.
LaTeX Font Info:    No math alphabet change to frozen version normal on input l
ine 495.
LaTeX Font Info:    No math alphabet change to frozen version normal on input l
ine 495.
LaTeX Font Info:    No math alphabet change to frozen version normal on input l
ine 495.
LaTeX Font Info:    No math alphabet change to frozen version normal on input l
ine 495.
LaTeX Font Info:    No math alphabet change to frozen version normal on input l
ine 495.
LaTeX Font Info:    No math alphabet change to frozen version normal on input l
ine 495.
LaTeX Font Info:    No math alphabet change to frozen version normal on input l
ine 495.
LaTeX Font Info:    No math alphabet change to frozen version normal on input l
ine 495.
LaTeX Font Info:    No math alphabet change to frozen version normal on input l
ine 495.
LaTeX Font Info:    No math alphabet change to frozen version normal on input l
ine 495.
LaTeX Font Info:    No math alphabet change to frozen version normal on input l
ine 495.

Overfull \hbox (0.536pt too wide) in paragraph at lines 518--518
[]|[]| 
 []

LaTeX Font Info:    No math alphabet change to frozen version normal on input l
ine 518.
LaTeX Font Info:    No math alphabet change to frozen version normal on input l
ine 518.
LaTeX Font Info:    No math alphabet change to frozen version normal on input l
ine 518.
LaTeX Font Info:    No math alphabet change to frozen version normal on input l
ine 518.
LaTeX Font Info:    No math alphabet change to frozen version normal on input l
ine 518.
LaTeX Font Info:    No math alphabet change to frozen version normal on input l
ine 518.
LaTeX Font Info:    No math alphabet change to frozen version normal on input l
ine 518.
LaTeX Font Info:    No math alphabet change to frozen version normal on input l
ine 519.
LaTeX Font Info:    No math alphabet change to frozen version normal on input l
ine 519.
LaTeX Font Info:    No math alphabet change to frozen version normal on input l
ine 519.
LaTeX Font Info:    No math alphabet change to frozen version normal on input l
ine 519.
LaTeX Font Info:    No math alphabet change to frozen version normal on input l
ine 519.
LaTeX Font Info:    No math alphabet change to frozen version normal on input l
ine 519.
LaTeX Font Info:    No math alphabet change to frozen version normal on input l
ine 519.
LaTeX Font Info:    No math alphabet change to frozen version normal on input l
ine 519.
LaTeX Font Info:    No math alphabet change to frozen version normal on input l
ine 519.
LaTeX Font Info:    No math alphabet change to frozen version normal on input l
ine 519.
LaTeX Font Info:    No math alphabet change to frozen version normal on input l
ine 519.
LaTeX Font Info:    No math alphabet change to frozen version normal on input l
ine 519.
<pictures/AI_AUCtrain.pdf, id=178, 433.62pt x 578.16pt>
File: pictures/AI_AUCtrain.pdf Graphic file (type pdf)
<use pictures/AI_AUCtrain.pdf>
Package pdftex.def Info: pictures/AI_AUCtrain.pdf  used on input line 529.
(pdftex.def)             Requested size: 114.90826pt x 149.44115pt.
<pictures/AI_AUCtest.pdf, id=180, 433.62pt x 578.16pt>
File: pictures/AI_AUCtest.pdf Graphic file (type pdf)
<use pictures/AI_AUCtest.pdf>
Package pdftex.def Info: pictures/AI_AUCtest.pdf  used on input line 535.
(pdftex.def)             Requested size: 114.90826pt x 149.44115pt.
LaTeX Font Info:    No math alphabet change to frozen version normal on input l
ine 544.
LaTeX Font Info:    No math alphabet change to frozen version normal on input l
ine 544.
LaTeX Font Info:    No math alphabet change to frozen version normal on input l
ine 544.
LaTeX Font Info:    No math alphabet change to frozen version normal on input l
ine 544.
LaTeX Font Info:    No math alphabet change to frozen version normal on input l
ine 544.
LaTeX Font Info:    No math alphabet change to frozen version normal on input l
ine 544.
LaTeX Font Info:    No math alphabet change to frozen version normal on input l
ine 544.
LaTeX Font Info:    No math alphabet change to frozen version normal on input l
ine 545.

Package natbib Warning: Citation `lai-tetreault-2018-discourse' on page 6 undef
ined on input line 545.

<pictures/earthmover2.pdf, id=182, 867.24pt x 650.43pt>
File: pictures/earthmover2.pdf Graphic file (type pdf)
<use pictures/earthmover2.pdf>
Package pdftex.def Info: pictures/earthmover2.pdf  used on input line 548.
(pdftex.def)             Requested size: 215.45348pt x 182.23209pt.
[6 <./pictures/AI_AUCtrain.pdf> <./pictures/AI_AUCtest.pdf>]
<pictures/latents.pdf, id=280, 963.6pt x 614.295pt>
File: pictures/latents.pdf Graphic file (type pdf)
<use pictures/latents.pdf>
Package pdftex.def Info: pictures/latents.pdf  used on input line 558.
(pdftex.def)             Requested size: 239.39438pt x 185.47096pt.


Package natbib Warning: Citation `grosz-sidner-1986-attention' on page 7 undefi
ned on input line 564.


Underfull \vbox (badness 5756) has occurred while \output is active []

LaTeX Font Info:    No math alphabet change to frozen version normal on input l
ine 566.
 [7 <./pictures/earthmover2.pdf> <./pictures/latents.pdf>]
LaTeX Font Info:    No math alphabet change to frozen version normal on input l
ine 570.
<pictures/AItext.pdf, id=318, 455.30101pt x 341.35529pt>
File: pictures/AItext.pdf Graphic file (type pdf)
<use pictures/AItext.pdf>
Package pdftex.def Info: pictures/AItext.pdf  used on input line 587.
(pdftex.def)             Requested size: 275.30206pt x 221.63869pt.

Overfull \hbox (35.90768pt too wide) in paragraph at lines 587--588
 [][] 
 []


Overfull \hbox (4.13222pt too wide) in paragraph at lines 612--612
 []|\OT1/ptm/m/n/9 (-20) Enron| 
 []


Overfull \hbox (9.0447pt too wide) in paragraph at lines 612--612
 []|\OT1/ptm/m/n/9 (-20) Clinton| 
 []


Overfull \hbox (5.19022pt too wide) in paragraph at lines 612--612
 []|\OT1/ptm/m/n/9 (-20) Yahoo| 
 []


Overfull \hbox (2.4212pt too wide) in paragraph at lines 612--612
 []|\OT1/ptm/m/n/9 (-20) 47.67| 
 []


Overfull \hbox (2.4212pt too wide) in paragraph at lines 612--612
 []|\OT1/ptm/m/n/9 (-20) 43.11| 
 []


Overfull \hbox (2.4212pt too wide) in paragraph at lines 612--612
 []|\OT1/ptm/m/n/9 (-20) 49.54| 
 []


Overfull \hbox (2.4212pt too wide) in paragraph at lines 612--612
 []|\OT1/ptm/m/n/9 (-20) 51.45| 
 []


Overfull \hbox (2.4212pt too wide) in paragraph at lines 612--612
 []|\OT1/ptm/m/n/9 (-20) 47.50| 
 []


Overfull \hbox (2.4212pt too wide) in paragraph at lines 612--612
 []|\OT1/ptm/m/n/9 (-20) 41.50| 
 []


Overfull \hbox (2.4212pt too wide) in paragraph at lines 612--612
 []|\OT1/ptm/m/n/9 (-20) 42.64| 
 []


Overfull \hbox (2.4212pt too wide) in paragraph at lines 612--612
 []|\OT1/ptm/m/n/9 (-20) 49.25| 
 []

LaTeX Font Info:    No math alphabet change to frozen version normal on input l
ine 612.
LaTeX Font Info:    No math alphabet change to frozen version normal on input l
ine 617.
LaTeX Font Info:    No math alphabet change to frozen version normal on input l
ine 619.
<pictures/auc_check.pdf, id=320, 614.295pt x 794.97pt>
File: pictures/auc_check.pdf Graphic file (type pdf)
<use pictures/auc_check.pdf>
Package pdftex.def Info: pictures/auc_check.pdf  used on input line 622.
(pdftex.def)             Requested size: 167.57533pt x 187.60677pt.
LaTeX Font Info:    No math alphabet change to frozen version normal on input l
ine 623.
LaTeX Font Info:    No math alphabet change to frozen version normal on input l
ine 623.
LaTeX Font Info:    No math alphabet change to frozen version normal on input l
ine 623.
LaTeX Font Info:    No math alphabet change to frozen version normal on input l
ine 623.

LaTeX Font Warning: Command \footnotesize invalid in math mode on input line 63
2.

LaTeX Font Info:    No math alphabet change to frozen version normal on input l
ine 634.
LaTeX Font Info:    No math alphabet change to frozen version normal on input l
ine 635.
LaTeX Font Info:    No math alphabet change to frozen version normal on input l
ine 636.
LaTeX Font Info:    No math alphabet change to frozen version normal on input l
ine 636.
LaTeX Font Info:    No math alphabet change to frozen version normal on input l
ine 637.
LaTeX Font Info:    Undo math alphabet allocation in version normal on input li
ne 637.
LaTeX Font Info:    No math alphabet change to frozen version normal on input l
ine 637.
LaTeX Font Info:    No math alphabet change to frozen version normal on input l
ine 637.
[8 <./pictures/AItext.pdf>]

LaTeX Font Warning: Command \footnotesize invalid in math mode on input line 64
0.

LaTeX Font Info:    No math alphabet change to frozen version normal on input l
ine 642.
LaTeX Font Info:    No math alphabet change to frozen version normal on input l
ine 643.
LaTeX Font Info:    No math alphabet change to frozen version normal on input l
ine 644.
LaTeX Font Info:    No math alphabet change to frozen version normal on input l
ine 644.
LaTeX Font Info:    No math alphabet change to frozen version normal on input l
ine 645.

LaTeX Font Warning: Command \footnotesize invalid in math mode on input line 64
7.

LaTeX Font Info:    No math alphabet change to frozen version normal on input l
ine 650.
LaTeX Font Info:    No math alphabet change to frozen version normal on input l
ine 651.

LaTeX Font Warning: Command \footnotesize invalid in math mode on input line 65
4.

LaTeX Font Info:    No math alphabet change to frozen version normal on input l
ine 657.
LaTeX Font Info:    No math alphabet change to frozen version normal on input l
ine 658.
LaTeX Font Info:    No math alphabet change to frozen version normal on input l
ine 662.

Underfull \vbox (badness 10000) has occurred while \output is active []

 [9 <./pictures/auc_check.pdf>] [10

]
No file aaai24_changed.bbl.

Package natbib Warning: There were undefined citations.

(aaai24_changed.aux)
 ***********
LaTeX2e <2023-06-01> patch level 1
L3 programming layer <2023-08-29>
 ***********


LaTeX Font Warning: Size substitutions with differences
(Font)              up to 4.5pt have occurred.

 ) 
Here is how much of TeX's memory you used:
 13842 strings out of 475247
 214138 string characters out of 5757793
 1961785 words of memory out of 5000000
 34726 multiletter control sequences out of 15000+600000
 632364 words of font info for 447 fonts, out of 8000000 for 9000
 1141 hyphenation exceptions out of 8191
 57i,14n,65p,4720b,517s stack positions out of 10000i,1000n,20000p,200000b,200000s
 <C:\Users\tal12\AppData\Local\MiKTeX\fonts/pk/ljfour/public/fdsymbol/dpi420\
FdSymbolB-Book.pk> <C:\Users\tal12\AppData\Local\MiKTeX\fonts/pk/ljfour/public/
fdsymbol/dpi600\FdSymbolE-Book.pk> <C:\Users\tal12\AppData\Local\MiKTeX\fonts/p
k/ljfour/public/fdsymbol/dpi420\FdSymbolA-Book.pk> <C:\Users\tal12\AppData\Loca
l\MiKTeX\fonts/pk/ljfour/public/fdsymbol/dpi420\FdSymbolF-Book.pk> <C:\Users\ta
l12\AppData\Local\MiKTeX\fonts/pk/ljfour/public/fdsymbol/dpi360\FdSymbolA-Book.
pk> <C:\Users\tal12\AppData\Local\MiKTeX\fonts/pk/ljfour/public/fdsymbol/dpi360
\FdSymbolB-Book.pk> <C:\Users\tal12\AppData\Local\MiKTeX\fonts/pk/ljfour/public
/fdsymbol/dpi300\FdSymbolA-Book.pk> <C:\Users\tal12\AppData\Local\MiKTeX\fonts/
pk/ljfour/public/fdsymbol/dpi360\FdSymbolF-Book.pk> <C:\Users\tal12\AppData\Loc
al\MiKTeX\fonts/pk/ljfour/public/fdsymbol/dpi540\FdSymbolE-Book.pk> <C:\Users\t
al12\AppData\Local\MiKTeX\fonts/pk/ljfour/public/fdsymbol/dpi540\FdSymbolA-Book
.pk> <C:\Users\tal12\AppData\Local\MiKTeX\fonts/pk/ljfour/public/fdsymbol/dpi54
0\FdSymbolB-Book.pk> <C:\Users\tal12\AppData\Local\MiKTeX\fonts/pk/ljfour/publi
c/fdsymbol/dpi540\FdSymbolF-Book.pk> <C:\Users\tal12\AppData\Local\MiKTeX\fonts
/pk/ljfour/public/fdsymbol/dpi600\FdSymbolA-Book.pk> <C:\Users\tal12\AppData\Lo
cal\MiKTeX\fonts/pk/ljfour/public/fdsymbol/dpi600\FdSymbolB-Book.pk> <C:\Users\
tal12\AppData\Local\MiKTeX\fonts/pk/ljfour/public/fdsymbol/dpi600\FdSymbolF-Boo
k.pk><C:/Users/tal12/AppData/Local/Programs/MiKTeX/fonts/type1/public/amsfonts/
cm/cmbx10.pfb><C:/Users/tal12/AppData/Local/Programs/MiKTeX/fonts/type1/public/
amsfonts/cm/cmbx6.pfb><C:/Users/tal12/AppData/Local/Programs/MiKTeX/fonts/type1
/public/amsfonts/cm/cmbx7.pfb><C:/Users/tal12/AppData/Local/Programs/MiKTeX/fon
ts/type1/public/amsfonts/cm/cmbx9.pfb><C:/Users/tal12/AppData/Local/Programs/Mi
KTeX/fonts/type1/public/amsfonts/cm/cmmi10.pfb><C:/Users/tal12/AppData/Local/Pr
ograms/MiKTeX/fonts/type1/public/amsfonts/cm/cmmi12.pfb><C:/Users/tal12/AppData
/Local/Programs/MiKTeX/fonts/type1/public/amsfonts/cm/cmmi5.pfb><C:/Users/tal12
/AppData/Local/Programs/MiKTeX/fonts/type1/public/amsfonts/cm/cmmi6.pfb><C:/Use
rs/tal12/AppData/Local/Programs/MiKTeX/fonts/type1/public/amsfonts/cm/cmmi7.pfb
><C:/Users/tal12/AppData/Local/Programs/MiKTeX/fonts/type1/public/amsfonts/cm/c
mmi8.pfb><C:/Users/tal12/AppData/Local/Programs/MiKTeX/fonts/type1/public/amsfo
nts/cm/cmmi9.pfb><C:/Users/tal12/AppData/Local/Programs/MiKTeX/fonts/type1/publ
ic/amsfonts/cm/cmr10.pfb><C:/Users/tal12/AppData/Local/Programs/MiKTeX/fonts/ty
pe1/public/amsfonts/cm/cmr12.pfb><C:/Users/tal12/AppData/Local/Programs/MiKTeX/
fonts/type1/public/amsfonts/cm/cmr5.pfb><C:/Users/tal12/AppData/Local/Programs/
MiKTeX/fonts/type1/public/amsfonts/cm/cmr6.pfb><C:/Users/tal12/AppData/Local/Pr
ograms/MiKTeX/fonts/type1/public/amsfonts/cm/cmr7.pfb><C:/Users/tal12/AppData/L
ocal/Programs/MiKTeX/fonts/type1/public/amsfonts/cm/cmr8.pfb><C:/Users/tal12/Ap
pData/Local/Programs/MiKTeX/fonts/type1/public/amsfonts/cm/cmr9.pfb><C:/Users/t
al12/AppData/Local/Programs/MiKTeX/fonts/type1/public/amsfonts/cm/cmss10.pfb><C
:/Users/tal12/AppData/Local/Programs/MiKTeX/fonts/type1/public/amsfonts/cm/cmss
12.pfb><C:/Users/tal12/AppData/Local/Programs/MiKTeX/fonts/type1/public/amsfont
s/cm/cmsy10.pfb><C:/Users/tal12/AppData/Local/Programs/MiKTeX/fonts/type1/publi
c/amsfonts/cm/cmsy6.pfb><C:/Users/tal12/AppData/Local/Programs/MiKTeX/fonts/typ
e1/public/amsfonts/cm/cmsy7.pfb><C:/Users/tal12/AppData/Local/Programs/MiKTeX/f
onts/type1/public/amsfonts/cm/cmsy9.pfb><C:/Users/tal12/AppData/Local/Programs/
MiKTeX/fonts/type1/public/amsfonts/cm/cmti10.pfb><C:/Users/tal12/AppData/Local/
Programs/MiKTeX/fonts/type1/public/amsfonts/symbols/msbm10.pfb><C:/Users/tal12/
AppData/Local/Programs/MiKTeX/fonts/type1/urw/times/utmb8a.pfb><C:/Users/tal12/
AppData/Local/Programs/MiKTeX/fonts/type1/urw/times/utmr8a.pfb><C:/Users/tal12/
AppData/Local/Programs/MiKTeX/fonts/type1/urw/times/utmri8a.pfb>
Output written on aaai24_changed.pdf (10 pages, 5741429 bytes).
PDF statistics:
 587 PDF objects out of 1000 (max. 8388607)
 0 named destinations out of 1000 (max. 500000)
 90734 words of extra memory for PDF output out of 106986 (max. 10000000)

