This is pdfTeX, Version 3.141592653-2.6-1.40.25 (MiKTeX 23.5) (preloaded format=pdflatex 2024.1.12)  3 MAR 2024 16:11
entering extended mode
 restricted \write18 enabled.
 %&-line parsing enabled.
**./aaai23_arxiv_changed.tex
(aaai23_arxiv_changed.tex
LaTeX2e <2023-06-01> patch level 1
L3 programming layer <2023-08-29>
(C:\Users\orfuc\AppData\Local\Programs\MiKTeX\tex/latex/base\article.cls
Document Class: article 2023/05/17 v1.4n Standard LaTeX document class
(C:\Users\orfuc\AppData\Local\Programs\MiKTeX\tex/latex/base\size10.clo
File: size10.clo 2023/05/17 v1.4n Standard LaTeX file (size option)
)
\c@part=\count185
\c@section=\count186
\c@subsection=\count187
\c@subsubsection=\count188
\c@paragraph=\count189
\c@subparagraph=\count190
\c@figure=\count191
\c@table=\count192
\abovecaptionskip=\skip48
\belowcaptionskip=\skip49
\bibindent=\dimen140
)
(aaai23.sty
Package: aaai23 2023/06/27 AAAI 2023 Submission format

Conference Style for AAAI for LaTeX 2e -- version for submission
\titlebox=\skip50
) (C:\Users\orfuc\AppData\Local\Programs\MiKTeX\tex/latex/psnfss\times.sty
Package: times 2020/03/25 PSNFSS-v9.3 (SPQR) 
)
(C:\Users\orfuc\AppData\Local\Programs\MiKTeX\tex/latex/psnfss\helvet.sty
Package: helvet 2020/03/25 PSNFSS-v9.3 (WaS) 

(C:\Users\orfuc\AppData\Local\Programs\MiKTeX\tex/latex/graphics\keyval.sty
Package: keyval 2022/05/29 v1.15 key=value parser (DPC)
\KV@toks@=\toks17
))
(C:\Users\orfuc\AppData\Local\Programs\MiKTeX\tex/latex/psnfss\courier.sty
Package: courier 2020/03/25 PSNFSS-v9.3 (WaS) 
)
(C:\Users\orfuc\AppData\Local\Programs\MiKTeX\tex/latex/url\url.sty
\Urlmuskip=\muskip16
Package: url 2013/09/16  ver 3.4  Verb mode for urls, etc.
)
(C:\Users\orfuc\AppData\Local\Programs\MiKTeX\tex/latex/graphics\graphicx.sty
Package: graphicx 2021/09/16 v1.2d Enhanced LaTeX Graphics (DPC,SPQR)

(C:\Users\orfuc\AppData\Local\Programs\MiKTeX\tex/latex/graphics\graphics.sty
Package: graphics 2022/03/10 v1.4e Standard LaTeX Graphics (DPC,SPQR)

(C:\Users\orfuc\AppData\Local\Programs\MiKTeX\tex/latex/graphics\trig.sty
Package: trig 2021/08/11 v1.11 sin cos tan (DPC)
)
(C:\Users\orfuc\AppData\Local\Programs\MiKTeX\tex/latex/graphics-cfg\graphics.c
fg
File: graphics.cfg 2016/06/04 v1.11 sample graphics configuration
)
Package graphics Info: Driver file: pdftex.def on input line 107.

(C:\Users\orfuc\AppData\Local\Programs\MiKTeX\tex/latex/graphics-def\pdftex.def
File: pdftex.def 2022/09/22 v1.2b Graphics/color driver for pdftex
))
\Gin@req@height=\dimen141
\Gin@req@width=\dimen142
) (C:\Users\orfuc\AppData\Local\Programs\MiKTeX\tex/latex/natbib\natbib.sty
Package: natbib 2010/09/13 8.31b (PWD, AO)
\bibhang=\skip51
\bibsep=\skip52
LaTeX Info: Redefining \cite on input line 694.
\c@NAT@ctr=\count193
)
(C:\Users\orfuc\AppData\Local\Programs\MiKTeX\tex/latex/caption\caption.sty
Package: caption 2023/07/31 v3.6n Customizing captions (AR)

(C:\Users\orfuc\AppData\Local\Programs\MiKTeX\tex/latex/caption\caption3.sty
Package: caption3 2023/07/31 v2.4d caption3 kernel (AR)
\caption@tempdima=\dimen143
\captionmargin=\dimen144
\caption@leftmargin=\dimen145
\caption@rightmargin=\dimen146
\caption@width=\dimen147
\caption@indent=\dimen148
\caption@parindent=\dimen149
\caption@hangindent=\dimen150
Package caption Info: Standard document class detected.
)
\c@caption@flags=\count194
\c@continuedfloat=\count195
)
(C:\Users\orfuc\AppData\Local\Programs\MiKTeX\tex/latex/algorithms\algorithm.st
y
Package: algorithm 2009/08/24 v0.1 Document Style `algorithm' - floating enviro
nment
 (C:\Users\orfuc\AppData\Local\Programs\MiKTeX\tex/latex/float\float.sty
Package: float 2001/11/08 v1.3d Float enhancements (AL)
\c@float@type=\count196
\float@exts=\toks18
\float@box=\box51
\@float@everytoks=\toks19
\@floatcapt=\box52
)
(C:\Users\orfuc\AppData\Local\Programs\MiKTeX\tex/latex/base\ifthen.sty
Package: ifthen 2022/04/13 v1.1d Standard LaTeX ifthen package (DPC)
)
\@float@every@algorithm=\toks20
\c@algorithm=\count197
)
(C:\Users\orfuc\AppData\Local\Programs\MiKTeX\tex/latex/algorithms\algorithmic.
sty
Package: algorithmic 2009/08/24 v0.1 Document Style `algorithmic'
\c@ALC@unique=\count198
\c@ALC@line=\count199
\c@ALC@rem=\count266
\c@ALC@depth=\count267
\ALC@tlm=\skip53
\algorithmicindent=\skip54
) (C:\Users\orfuc\AppData\Local\Programs\MiKTeX\tex/latex/tools\bm.sty
Package: bm 2022/01/05 v1.2f Bold Symbol Support (DPC/FMi)
\symboldoperators=\mathgroup4
\symboldletters=\mathgroup5
\symboldsymbols=\mathgroup6
Package bm Info: No bold for \OMX/cmex/m/n, using \pmb.
LaTeX Font Info:    Redeclaring math alphabet \mathbf on input line 149.
)
(C:\Users\orfuc\AppData\Local\Programs\MiKTeX\tex/latex/amsmath\amsmath.sty
Package: amsmath 2023/05/13 v2.17o AMS math features
\@mathmargin=\skip55

For additional information on amsmath, use the `?' option.
(C:\Users\orfuc\AppData\Local\Programs\MiKTeX\tex/latex/amsmath\amstext.sty
Package: amstext 2021/08/26 v2.01 AMS text

(C:\Users\orfuc\AppData\Local\Programs\MiKTeX\tex/latex/amsmath\amsgen.sty
File: amsgen.sty 1999/11/30 v2.0 generic functions
\@emptytoks=\toks21
\ex@=\dimen151
))
(C:\Users\orfuc\AppData\Local\Programs\MiKTeX\tex/latex/amsmath\amsbsy.sty
Package: amsbsy 1999/11/29 v1.2d Bold Symbols
LaTeX Info: Redefining \boldsymbol on input line 28.
\pmbraise@=\dimen152
)
(C:\Users\orfuc\AppData\Local\Programs\MiKTeX\tex/latex/amsmath\amsopn.sty
Package: amsopn 2022/04/08 v2.04 operator names
)
\inf@bad=\count268
LaTeX Info: Redefining \frac on input line 234.
\uproot@=\count269
\leftroot@=\count270
LaTeX Info: Redefining \overline on input line 399.
LaTeX Info: Redefining \colon on input line 410.
\classnum@=\count271
\DOTSCASE@=\count272
LaTeX Info: Redefining \ldots on input line 496.
LaTeX Info: Redefining \dots on input line 499.
LaTeX Info: Redefining \cdots on input line 620.
\Mathstrutbox@=\box53
\strutbox@=\box54
LaTeX Info: Redefining \big on input line 722.
LaTeX Info: Redefining \Big on input line 723.
LaTeX Info: Redefining \bigg on input line 724.
LaTeX Info: Redefining \Bigg on input line 725.
\big@size=\dimen153
LaTeX Font Info:    Redeclaring font encoding OML on input line 743.
LaTeX Font Info:    Redeclaring font encoding OMS on input line 744.
\macc@depth=\count273
LaTeX Info: Redefining \bmod on input line 905.
LaTeX Info: Redefining \pmod on input line 910.
LaTeX Info: Redefining \smash on input line 940.
LaTeX Info: Redefining \relbar on input line 970.
LaTeX Info: Redefining \Relbar on input line 971.
\c@MaxMatrixCols=\count274
\dotsspace@=\muskip17
\c@parentequation=\count275
\dspbrk@lvl=\count276
\tag@help=\toks22
\row@=\count277
\column@=\count278
\maxfields@=\count279
\andhelp@=\toks23
\eqnshift@=\dimen154
\alignsep@=\dimen155
\tagshift@=\dimen156
\tagwidth@=\dimen157
\totwidth@=\dimen158
\lineht@=\dimen159
\@envbody=\toks24
\multlinegap=\skip56
\multlinetaggap=\skip57
\mathdisplay@stack=\toks25
LaTeX Info: Redefining \[ on input line 2953.
LaTeX Info: Redefining \] on input line 2954.
)
(C:\Users\orfuc\AppData\Local\Programs\MiKTeX\tex/latex/booktabs\booktabs.sty
Package: booktabs 2020/01/12 v1.61803398 Publication quality tables
\heavyrulewidth=\dimen160
\lightrulewidth=\dimen161
\cmidrulewidth=\dimen162
\belowrulesep=\dimen163
\belowbottomsep=\dimen164
\aboverulesep=\dimen165
\abovetopsep=\dimen166
\cmidrulesep=\dimen167
\cmidrulekern=\dimen168
\defaultaddspace=\dimen169
\@cmidla=\count280
\@cmidlb=\count281
\@aboverulesep=\dimen170
\@belowrulesep=\dimen171
\@thisruleclass=\count282
\@lastruleclass=\count283
\@thisrulewidth=\dimen172
)
(C:\Users\orfuc\AppData\Local\Programs\MiKTeX\tex/latex/makecell\makecell.sty
Package: makecell 2009/08/03 V0.1e Managing of Tab Column Heads and Cells

(C:\Users\orfuc\AppData\Local\Programs\MiKTeX\tex/latex/tools\array.sty
Package: array 2022/09/04 v2.5g Tabular extension package (FMi)
\col@sep=\dimen173
\ar@mcellbox=\box55
\extrarowheight=\dimen174
\NC@list=\toks26
\extratabsurround=\skip58
\backup@length=\skip59
\ar@cellbox=\box56
)
\rotheadsize=\dimen175
\c@nlinenum=\count284
\TeXr@lab=\toks27
)
(C:\Users\orfuc\AppData\Local\Programs\MiKTeX\tex/latex/amsfonts\amssymb.sty
Package: amssymb 2013/01/14 v3.01 AMS font symbols

(C:\Users\orfuc\AppData\Local\Programs\MiKTeX\tex/latex/amsfonts\amsfonts.sty
Package: amsfonts 2013/01/14 v3.01 Basic AMSFonts support
\symAMSa=\mathgroup7
\symAMSb=\mathgroup8
LaTeX Font Info:    Redeclaring math symbol \hbar on input line 98.
LaTeX Font Info:    Overwriting math alphabet `\mathfrak' in version `bold'
(Font)                  U/euf/m/n --> U/euf/b/n on input line 106.
)) (C:\Users\orfuc\AppData\Local\Programs\MiKTeX\tex/latex/newfloat\newfloat.st
y
Package: newfloat 2019/09/02 v1.1l Defining new floating environments (AR)
) (C:\Users\orfuc\AppData\Local\Programs\MiKTeX\tex/latex/listings\listings.sty
\lst@mode=\count285
\lst@gtempboxa=\box57
\lst@token=\toks28
\lst@length=\count286
\lst@currlwidth=\dimen176
\lst@column=\count287
\lst@pos=\count288
\lst@lostspace=\dimen177
\lst@width=\dimen178
\lst@newlines=\count289
\lst@lineno=\count290
\lst@maxwidth=\dimen179

(C:\Users\orfuc\AppData\Local\Programs\MiKTeX\tex/latex/listings\lstmisc.sty
File: lstmisc.sty 2023/02/27 1.9 (Carsten Heinz)
\c@lstnumber=\count291
\lst@skipnumbers=\count292
\lst@framebox=\box58
)
(C:\Users\orfuc\AppData\Local\Programs\MiKTeX\tex/latex/listings\listings.cfg
File: listings.cfg 2023/02/27 1.9 listings configuration
))
Package: listings 2023/02/27 1.9 (Carsten Heinz)
\@float@every@listing=\toks29
\c@listing=\count293
(C:\Users\orfuc\AppData\Local\Programs\MiKTeX\tex/latex/natbib\bibentry.sty
Package: bibentry 2007/10/30 1.5 (PWD)
)
LaTeX Font Info:    Trying to load font information for OT1+ptm on input line 1
75.

(C:\Users\orfuc\AppData\Local\Programs\MiKTeX\tex/latex/psnfss\ot1ptm.fd
File: ot1ptm.fd 2001/06/04 font definitions for OT1/ptm.
)
(C:\Users\orfuc\AppData\Local\Programs\MiKTeX\tex/latex/l3backend\l3backend-pdf
tex.def
File: l3backend-pdftex.def 2023-04-19 L3 backend support: PDF output (pdfTeX)
\l__color_backend_stack_int=\count294
\l__pdf_internal_box=\box59
) (aaai23_arxiv_changed.aux)
\openout1 = `aaai23_arxiv_changed.aux'.

LaTeX Font Info:    Checking defaults for OML/cmm/m/it on input line 175.
LaTeX Font Info:    ... okay on input line 175.
LaTeX Font Info:    Checking defaults for OMS/cmsy/m/n on input line 175.
LaTeX Font Info:    ... okay on input line 175.
LaTeX Font Info:    Checking defaults for OT1/cmr/m/n on input line 175.
LaTeX Font Info:    ... okay on input line 175.
LaTeX Font Info:    Checking defaults for T1/cmr/m/n on input line 175.
LaTeX Font Info:    ... okay on input line 175.
LaTeX Font Info:    Checking defaults for TS1/cmr/m/n on input line 175.
LaTeX Font Info:    ... okay on input line 175.
LaTeX Font Info:    Checking defaults for OMX/cmex/m/n on input line 175.
LaTeX Font Info:    ... okay on input line 175.
LaTeX Font Info:    Checking defaults for U/cmr/m/n on input line 175.
LaTeX Font Info:    ... okay on input line 175.

(C:\Users\orfuc\AppData\Local\Programs\MiKTeX\tex/context/base/mkii\supp-pdf.mk
ii
[Loading MPS to PDF converter (version 2006.09.02).]
\scratchcounter=\count295
\scratchdimen=\dimen180
\scratchbox=\box60
\nofMPsegments=\count296
\nofMParguments=\count297
\everyMPshowfont=\toks30
\MPscratchCnt=\count298
\MPscratchDim=\dimen181
\MPnumerator=\count299
\makeMPintoPDFobject=\count300
\everyMPtoPDFconversion=\toks31
)
(C:\Users\orfuc\AppData\Local\Programs\MiKTeX\tex/latex/epstopdf-pkg\epstopdf-b
ase.sty
Package: epstopdf-base 2020-01-24 v2.11 Base part for package epstopdf
Package epstopdf-base Info: Redefining graphics rule for `.eps' on input line 4
85.

(C:\Users\orfuc\AppData\Local\Programs\MiKTeX\tex/latex/00miktex\epstopdf-sys.c
fg
File: epstopdf-sys.cfg 2021/03/18 v2.0 Configuration of epstopdf for MiKTeX
))
Package caption Info: Begin \AtBeginDocument code.
Package caption Info: float package is loaded.
Package caption Info: listings package is loaded.
Package caption Info: End \AtBeginDocument code.
Package newfloat Info: `float' package detected.
\c@lstlisting=\count301
\c@eqfn=\count302
\titlearea=\box61
LaTeX Font Info:    Trying to load font information for U+msa on input line 177
.
 (C:\Users\orfuc\AppData\Local\Programs\MiKTeX\tex/latex/amsfonts\umsa.fd
File: umsa.fd 2013/01/14 v3.01 AMS symbols A
)
LaTeX Font Info:    Trying to load font information for U+msb on input line 177
.

(C:\Users\orfuc\AppData\Local\Programs\MiKTeX\tex/latex/amsfonts\umsb.fd
File: umsb.fd 2013/01/14 v3.01 AMS symbols B
)
LaTeX Font Info:    Trying to load font information for TS1+ptm on input line 1
77.

(C:\Users\orfuc\AppData\Local\Programs\MiKTeX\tex/latex/psnfss\ts1ptm.fd
File: ts1ptm.fd 2001/06/04 font definitions for TS1/ptm.
)
Overfull \hbox (47.62949pt too wide) in paragraph at lines 177--177
 \OT1/ptm/b/n/12 Hu$[]$, 
 []

\actualheight=\skip60

Package natbib Warning: Citation `jaume2019funsd' on page 1 undefined on input 
line 185.


Package natbib Warning: Citation `davis2019deep' on page 1 undefined on input l
ine 185.


Package natbib Warning: Citation `xu2021layoutxlm' on page 1 undefined on input
 line 185.


Package natbib Warning: Citation `davis2021visual' on page 1 undefined on input
 line 185.


Package natbib Warning: Citation `zhang2021entity' on page 1 undefined on input
 line 185.


Package natbib Warning: Citation `dang2021end' on page 1 undefined on input lin
e 185.


Package natbib Warning: Citation `wang2022LiLT' on page 1 undefined on input li
ne 185.


Package natbib Warning: Citation `watanabe1995layout' on page 1 undefined on in
put line 185.


Package natbib Warning: Citation `seki2007information' on page 1 undefined on i
nput line 185.


Package natbib Warning: Citation `hirayama2011development' on page 1 undefined 
on input line 185.


Package natbib Warning: Citation `jaume2019funsd' on page 1 undefined on input 
line 185.


Package natbib Warning: Citation `dang2021end' on page 1 undefined on input lin
e 185.

<figures/figure1.pdf, id=1, 1631.34468pt x 1422.81563pt>
File: figures/figure1.pdf Graphic file (type pdf)
<use figures/figure1.pdf>
Package pdftex.def Info: figures/figure1.pdf  used on input line 189.
(pdftex.def)             Requested size: 239.39438pt x 208.78882pt.

Package natbib Warning: Citation `powalski2021going' on page 1 undefined on inp
ut line 194.


Package natbib Warning: Citation `huangSROIEicdar2019' on page 1 undefined on i
nput line 194.


Package natbib Warning: Citation `harley2015RVLCDIP' on page 1 undefined on inp
ut line 194.


Package natbib Warning: Citation `mathew2021docvqa' on page 1 undefined on inpu
t line 194.

[1{C:/Users/orfuc/AppData/Local/MiKTeX/fonts/map/pdftex/pdftex.map}{C:/Users/or
fuc/AppData/Local/Programs/MiKTeX/fonts/enc/dvips/base/8r.enc}



 <./figures/figure1.pdf>]

Package natbib Warning: Citation `carion2020end' on page 2 undefined on input l
ine 196.


Package natbib Warning: Citation `vaswani2017attention' on page 2 undefined on 
input line 196.


Package natbib Warning: Citation `jaume2019funsd' on page 2 undefined on input 
line 196.


Package natbib Warning: Citation `xu2021layoutxlm' on page 2 undefined on input
 line 196.


Underfull \hbox (badness 2717) in paragraph at lines 199--200
[]\OT1/ptm/m/n/10 We in-tro-duce three ef-fec-tive tech-niques, namely a
 []

<figures/figure2.pdf, id=19, 3283.01532pt x 1585.42313pt>
File: figures/figure2.pdf Graphic file (type pdf)
<use figures/figure2.pdf>
Package pdftex.def Info: figures/figure2.pdf  used on input line 205.
(pdftex.def)             Requested size: 505.89pt x 244.28654pt.

Package natbib Warning: Citation `watanabe1995layout' on page 2 undefined on in
put line 211.


Package natbib Warning: Citation `seki2007information' on page 2 undefined on i
nput line 211.


Package natbib Warning: Citation `hirayama2011development' on page 2 undefined 
on input line 211.


Package natbib Warning: Citation `devlin2018bert' on page 2 undefined on input 
line 211.


Package natbib Warning: Citation `xu2020layoutlm' on page 2 undefined on input 
line 211.


Package natbib Warning: Citation `garncarek2021lambert' on page 2 undefined on 
input line 211.


Package natbib Warning: Citation `yu2021pick' on page 2 undefined on input line
 211.


Package natbib Warning: Citation `lin2021vibertgrid' on page 2 undefined on inp
ut line 211.


Package natbib Warning: Citation `jaume2019funsd' on page 2 undefined on input 
line 211.


Package natbib Warning: Citation `hwang2021spatial' on page 2 undefined on inpu
t line 211.


Package natbib Warning: Citation `9412669' on page 2 undefined on input line 21
1.


Package natbib Warning: Citation `10.1007/978-3-030-86159-9_27' on page 2 undef
ined on input line 211.


Package natbib Warning: Citation `wang2020docstruct' on page 2 undefined on inp
ut line 211.


Package natbib Warning: Citation `hong2020bros' on page 2 undefined on input li
ne 211.


Package natbib Warning: Citation `xu2021layoutxlm' on page 2 undefined on input
 line 211.


Package natbib Warning: Citation `li2021structext' on page 2 undefined on input
 line 211.


Package natbib Warning: Citation `wang2022LiLT' on page 2 undefined on input li
ne 211.


Package natbib Warning: Citation `gu2022xylayoutlm' on page 2 undefined on inpu
t line 211.


Package natbib Warning: Citation `davis2019deep' on page 2 undefined on input l
ine 211.


Package natbib Warning: Citation `davis2021visual' on page 2 undefined on input
 line 211.


Package natbib Warning: Citation `zhang2021entity' on page 2 undefined on input
 line 211.


Package natbib Warning: Citation `dang2021end' on page 2 undefined on input lin
e 211.


Package natbib Warning: Citation `dang2021endbmvc' on page 2 undefined on input
 line 211.


Package natbib Warning: Citation `Villota2021TextCM' on page 2 undefined on inp
ut line 212.


Underfull \vbox (badness 1622) has occurred while \output is active []



Package natbib Warning: Citation `powalski2021going' on page 2 undefined on inp
ut line 214.


Package natbib Warning: Citation `gao2021value' on page 2 undefined on input li
ne 214.


Package natbib Warning: Citation `zhang2021entity' on page 2 undefined on input
 line 219.

[2]

Package natbib Warning: Citation `xu2020layoutlm' on page 3 undefined on input 
line 227.


Package natbib Warning: Citation `xu2021layoutxlm' on page 3 undefined on input
 line 227.


Underfull \hbox (badness 1107) in paragraph at lines 227--228
\OT1/ptm/m/n/10 We lever-age the widely used Lay-outLM (\OT1/ptm/b/n/10 ?\OT1/p
tm/m/n/10 ) and Lay-
 []


Package natbib Warning: Citation `zhang2021entity' on page 3 undefined on input
 line 229.


Package natbib Warning: Citation `xu2020layoutlm' on page 3 undefined on input 
line 237.

[3 <./figures/figure2.pdf>]

Package natbib Warning: Citation `jaume2019funsd' on page 4 undefined on input 
line 266.


Package natbib Warning: Citation `xu2021layoutxlm' on page 4 undefined on input
 line 266.


Package natbib Warning: Citation `vaswani2017attention' on page 4 undefined on 
input line 272.


Package natbib Warning: Citation `powalski2021going' on page 4 undefined on inp
ut line 272.


Package natbib Warning: Citation `carion2020end' on page 4 undefined on input l
ine 272.


Underfull \hbox (badness 10000) in paragraph at lines 275--276
 \OT1/ptm/b/n/10 Coarse-to-Fine An-swer Pre-dic-tion. \OT1/ptm/m/n/10 We pro-po
se a
 []


Underfull \hbox (badness 2818) in paragraph at lines 291--293
\OT1/ptm/m/n/10 We se-lect the high-est score from scores $\OT1/cmr/m/n/10 [\OM
L/cmm/m/it/10 s[]; k \OT1/cmr/m/n/10 =
 []

[4]

Package natbib Warning: Citation `jaume2019funsd' on page 5 undefined on input 
line 325.


Package natbib Warning: Citation `xu2021layoutxlm' on page 5 undefined on input
 line 325.


Package natbib Warning: Citation `xu2021layoutxlm' on page 5 undefined on input
 line 325.


Underfull \hbox (badness 4096) in paragraph at lines 325--326
\OT1/ptm/m/n/10 We con-duct ex-per-i-ments on two pop-u-lar bench-mark
 []


Package natbib Warning: Citation `zhang2021entity' on page 5 undefined on input
 line 328.


Package natbib Warning: Citation `loshchilov2017decoupled' on page 5 undefined 
on input line 328.


LaTeX Warning: No positions in optional float specifier.
               Default added (so using `!tbp') on input line 330.


Overfull \hbox (1.98772pt too wide) in paragraph at lines 336--336
 []|\OT1/ptm/m/n/9 0.3473| 
 []


Overfull \hbox (1.98772pt too wide) in paragraph at lines 336--336
 []|\OT1/ptm/m/n/9 0.2907| 
 []


Package natbib Warning: Citation `9412669' on page 5 undefined on input line 33
7.


Package natbib Warning: Citation `zhang2021entity' on page 5 undefined on input
 line 338.


Overfull \hbox (1.98772pt too wide) in paragraph at lines 338--338
 []|\OT1/ptm/m/n/9 0.6368| 
 []


Overfull \hbox (1.98772pt too wide) in paragraph at lines 338--338
 []|\OT1/ptm/m/n/9 0.6842| 
 []


Overfull \hbox (1.98772pt too wide) in paragraph at lines 338--338
 []|\OT1/ptm/m/n/9 0.6596| 
 []


Package natbib Warning: Citation `hong2020bros' on page 5 undefined on input li
ne 339.


Overfull \hbox (1.98772pt too wide) in paragraph at lines 339--339
 []|\OT1/ptm/m/n/9 0.7083| 
 []


Overfull \hbox (1.98772pt too wide) in paragraph at lines 339--339
 []|\OT1/ptm/m/n/9 0.6763| 
 []


Package natbib Warning: Citation `dang2021end' on page 5 undefined on input lin
e 340.


Package natbib Warning: Citation `zhang2021entity' on page 5 undefined on input
 line 341.


Overfull \hbox (1.98772pt too wide) in paragraph at lines 341--341
 []|\OT1/ptm/m/n/9 0.7402| 
 []


Overfull \hbox (1.98772pt too wide) in paragraph at lines 341--341
 []|\OT1/ptm/m/n/9 0.7777| 
 []


Overfull \hbox (1.98772pt too wide) in paragraph at lines 341--341
 []|\OT1/ptm/m/n/9 0.7585| 
 []


Overfull \hbox (1.98772pt too wide) in paragraph at lines 343--343
 []|\OT1/ptm/m/n/9 0.7947| 
 []


Overfull \hbox (1.98772pt too wide) in paragraph at lines 343--343
 []|\OT1/ptm/m/n/9 0.7096| 
 []


Overfull \hbox (1.98772pt too wide) in paragraph at lines 343--343
 []|\OT1/ptm/m/n/9 0.7498| 
 []


Overfull \hbox (1.98772pt too wide) in paragraph at lines 345--345
 []|\OT1/ptm/m/n/9 0.8132| 
 []


Overfull \hbox (1.98772pt too wide) in paragraph at lines 345--345
 []|\OT1/ptm/m/n/9 0.7884| 
 []


Overfull \hbox (1.98772pt too wide) in paragraph at lines 347--347
 []|\OT1/ptm/b/n/9 0.8504| 
 []


Overfull \hbox (1.98772pt too wide) in paragraph at lines 347--347
 []|\OT1/ptm/b/n/9 0.7961| 
 []


Overfull \hbox (1.98772pt too wide) in paragraph at lines 347--347
 []|\OT1/ptm/b/n/9 0.8223| 
 []


Overfull \hbox (1.98772pt too wide) in paragraph at lines 348--348
 []|\OT1/ptm/b/n/9 0.9406| 
 []


Overfull \hbox (1.98772pt too wide) in paragraph at lines 348--348
 []|\OT1/ptm/b/n/9 0.8788| 
 []


Overfull \hbox (1.98772pt too wide) in paragraph at lines 348--348
 []|\OT1/ptm/b/n/9 0.9086| 
 []

<figures/figure3.pdf, id=67, 2473.74188pt x 1765.3453pt>
File: figures/figure3.pdf Graphic file (type pdf)
<use figures/figure3.pdf>
Package pdftex.def Info: figures/figure3.pdf  used on input line 357.
(pdftex.def)             Requested size: 455.29483pt x 268.10362pt.

LaTeX Warning: No positions in optional float specifier.
               Default added (so using `!tbp') on input line 363.


LaTeX Warning: No positions in optional float specifier.
               Default added (so using `!tbp') on input line 386.


Package natbib Warning: Citation `zhang2021entity' on page 5 undefined on input
 line 410.


Package natbib Warning: Citation `zhang2021entity' on page 5 undefined on input
 line 413.

[5]

LaTeX Warning: Text page 6 contains only floats.


Overfull \vbox (20.99846pt too high) has occurred while \output is active []



LaTeX Warning: Text page 6 contains only floats.


Overfull \vbox (20.99846pt too high) has occurred while \output is active []


Overfull \vbox (2.9985pt too high) has occurred while \output is active []


[6 <./figures/figure3.pdf>]

Package natbib Warning: Citation `xu2021layoutxlm' on page 7 undefined on input
 line 415.


Package natbib Warning: Citation `xu2021layoutxlm' on page 7 undefined on input
 line 415.


Underfull \hbox (badness 1527) in paragraph at lines 419--420
\OT1/ptm/m/n/10 on other lan-guages. As shown in Ta-ble 3[], our Base-
 []


Overfull \hbox (1.98772pt too wide) in paragraph at lines 430--431
 []|\OT1/ptm/m/n/9 0.7498| 
 []


Overfull \hbox (1.98772pt too wide) in paragraph at lines 432--433
 []|\OT1/ptm/m/n/9 0.7632| 
 []


Overfull \hbox (1.98772pt too wide) in paragraph at lines 433--434
 []|\OT1/ptm/m/n/9 0.7817| 
 []


Overfull \hbox (1.98772pt too wide) in paragraph at lines 435--436
 []|\OT1/ptm/m/n/9 0.7767| 
 []


Overfull \hbox (1.98772pt too wide) in paragraph at lines 436--437
 []|\OT1/ptm/m/n/9 0.7906| 
 []


Overfull \hbox (1.98772pt too wide) in paragraph at lines 438--439
 []|\OT1/ptm/m/n/9 0.7825| 
 []


Overfull \hbox (1.98772pt too wide) in paragraph at lines 439--440
 []|\OT1/ptm/m/n/9 0.8017| 
 []


Overfull \hbox (1.98772pt too wide) in paragraph at lines 440--441
 []|\OT1/ptm/b/n/9 0.8223| 
 []


Underfull \hbox (badness 1102) in paragraph at lines 451--453
\OT1/ptm/m/n/10 en-coder and de-coder can im-prove the per-for-mance; 2)
 []

[7] [8

]
No file aaai23_arxiv_changed.bbl.

Package natbib Warning: There were undefined citations.

(aaai23_arxiv_changed.aux)
 ***********
LaTeX2e <2023-06-01> patch level 1
L3 programming layer <2023-08-29>
 ***********
 ) 
Here is how much of TeX's memory you used:
 6838 strings out of 475247
 108166 string characters out of 5757792
 1955801 words of memory out of 5000000
 28253 multiletter control sequences out of 15000+600000
 594065 words of font info for 120 fonts, out of 8000000 for 9000
 1141 hyphenation exceptions out of 8191
 57i,14n,65p,2318b,388s stack positions out of 10000i,1000n,20000p,200000b,200000s
<C:/Users/orfuc/AppData/Local/Programs/MiKTeX/fonts/type1/public/amsfonts/cm/
cmex10.pfb><C:/Users/orfuc/AppData/Local/Programs/MiKTeX/fonts/type1/public/ams
fonts/cm/cmmi10.pfb><C:/Users/orfuc/AppData/Local/Programs/MiKTeX/fonts/type1/p
ublic/amsfonts/cm/cmmi5.pfb><C:/Users/orfuc/AppData/Local/Programs/MiKTeX/fonts
/type1/public/amsfonts/cm/cmmi7.pfb><C:/Users/orfuc/AppData/Local/Programs/MiKT
eX/fonts/type1/public/amsfonts/cm/cmmib10.pfb><C:/Users/orfuc/AppData/Local/Pro
grams/MiKTeX/fonts/type1/public/amsfonts/cm/cmr10.pfb><C:/Users/orfuc/AppData/L
ocal/Programs/MiKTeX/fonts/type1/public/amsfonts/cm/cmr5.pfb><C:/Users/orfuc/Ap
pData/Local/Programs/MiKTeX/fonts/type1/public/amsfonts/cm/cmr6.pfb><C:/Users/o
rfuc/AppData/Local/Programs/MiKTeX/fonts/type1/public/amsfonts/cm/cmr7.pfb><C:/
Users/orfuc/AppData/Local/Programs/MiKTeX/fonts/type1/public/amsfonts/cm/cmsy10
.pfb><C:/Users/orfuc/AppData/Local/Programs/MiKTeX/fonts/type1/public/amsfonts/
cm/cmsy5.pfb><C:/Users/orfuc/AppData/Local/Programs/MiKTeX/fonts/type1/public/a
msfonts/cm/cmsy7.pfb><C:/Users/orfuc/AppData/Local/Programs/MiKTeX/fonts/type1/
public/amsfonts/symbols/msam10.pfb><C:/Users/orfuc/AppData/Local/Programs/MiKTe
X/fonts/type1/urw/times/utmb8a.pfb><C:/Users/orfuc/AppData/Local/Programs/MiKTe
X/fonts/type1/urw/times/utmr8a.pfb>
Output written on aaai23_arxiv_changed.pdf (8 pages, 1496766 bytes).
PDF statistics:
 223 PDF objects out of 1000 (max. 8388607)
 0 named destinations out of 1000 (max. 500000)
 16 words of extra memory for PDF output out of 10000 (max. 10000000)

