This is pdfTeX, Version 3.141592653-2.6-1.40.25 (MiKTeX 23.5) (preloaded format=pdflatex 2024.1.12)  3 MAR 2024 16:28
entering extended mode
 restricted \write18 enabled.
 %&-line parsing enabled.
**./main_changed.tex
(main_changed.tex
LaTeX2e <2023-06-01> patch level 1
L3 programming layer <2023-08-29>
(C:\Users\orfuc\AppData\Local\Programs\MiKTeX\tex/latex/base\article.cls
Document Class: article 2023/05/17 v1.4n Standard LaTeX document class
(C:\Users\orfuc\AppData\Local\Programs\MiKTeX\tex/latex/base\size10.clo
File: size10.clo 2023/05/17 v1.4n Standard LaTeX file (size option)
)
\c@part=\count185
\c@section=\count186
\c@subsection=\count187
\c@subsubsection=\count188
\c@paragraph=\count189
\c@subparagraph=\count190
\c@figure=\count191
\c@table=\count192
\abovecaptionskip=\skip48
\belowcaptionskip=\skip49
\bibindent=\dimen140
)
(aaai21.sty
Conference Style for AAAI for LaTeX 2e -- version for the AAAI-21 conference - 
MODIFIED
\titlebox=\skip50
) (C:\Users\orfuc\AppData\Local\Programs\MiKTeX\tex/latex/psnfss\times.sty
Package: times 2020/03/25 PSNFSS-v9.3 (SPQR) 
)
(C:\Users\orfuc\AppData\Local\Programs\MiKTeX\tex/latex/psnfss\helvet.sty
Package: helvet 2020/03/25 PSNFSS-v9.3 (WaS) 

(C:\Users\orfuc\AppData\Local\Programs\MiKTeX\tex/latex/graphics\keyval.sty
Package: keyval 2022/05/29 v1.15 key=value parser (DPC)
\KV@toks@=\toks17
))
(C:\Users\orfuc\AppData\Local\Programs\MiKTeX\tex/latex/psnfss\courier.sty
Package: courier 2020/03/25 PSNFSS-v9.3 (WaS) 
)
(C:\Users\orfuc\AppData\Local\Programs\MiKTeX\tex/latex/url\url.sty
\Urlmuskip=\muskip16
Package: url 2013/09/16  ver 3.4  Verb mode for urls, etc.
)
(C:\Users\orfuc\AppData\Local\Programs\MiKTeX\tex/latex/graphics\graphicx.sty
Package: graphicx 2021/09/16 v1.2d Enhanced LaTeX Graphics (DPC,SPQR)

(C:\Users\orfuc\AppData\Local\Programs\MiKTeX\tex/latex/graphics\graphics.sty
Package: graphics 2022/03/10 v1.4e Standard LaTeX Graphics (DPC,SPQR)

(C:\Users\orfuc\AppData\Local\Programs\MiKTeX\tex/latex/graphics\trig.sty
Package: trig 2021/08/11 v1.11 sin cos tan (DPC)
)
(C:\Users\orfuc\AppData\Local\Programs\MiKTeX\tex/latex/graphics-cfg\graphics.c
fg
File: graphics.cfg 2016/06/04 v1.11 sample graphics configuration
)
Package graphics Info: Driver file: pdftex.def on input line 107.

(C:\Users\orfuc\AppData\Local\Programs\MiKTeX\tex/latex/graphics-def\pdftex.def
File: pdftex.def 2022/09/22 v1.2b Graphics/color driver for pdftex
))
\Gin@req@height=\dimen141
\Gin@req@width=\dimen142
) (C:\Users\orfuc\AppData\Local\Programs\MiKTeX\tex/latex/natbib\natbib.sty
Package: natbib 2010/09/13 8.31b (PWD, AO)
\bibhang=\skip51
\bibsep=\skip52
LaTeX Info: Redefining \cite on input line 694.
\c@NAT@ctr=\count193
)
(C:\Users\orfuc\AppData\Local\Programs\MiKTeX\tex/latex/caption\caption.sty
Package: caption 2023/07/31 v3.6n Customizing captions (AR)

(C:\Users\orfuc\AppData\Local\Programs\MiKTeX\tex/latex/caption\caption3.sty
Package: caption3 2023/07/31 v2.4d caption3 kernel (AR)
\caption@tempdima=\dimen143
\captionmargin=\dimen144
\caption@leftmargin=\dimen145
\caption@rightmargin=\dimen146
\caption@width=\dimen147
\caption@indent=\dimen148
\caption@parindent=\dimen149
\caption@hangindent=\dimen150
Package caption Info: Standard document class detected.
)
\c@caption@flags=\count194
\c@continuedfloat=\count195
)
(C:\Users\orfuc\AppData\Local\Programs\MiKTeX\tex/latex/microtype\microtype.sty
Package: microtype 2023/03/13 v3.1a Micro-typographical refinements (RS)
(C:\Users\orfuc\AppData\Local\Programs\MiKTeX\tex/latex/etoolbox\etoolbox.sty
Package: etoolbox 2020/10/05 v2.5k e-TeX tools for LaTeX (JAW)
\etb@tempcnta=\count196
)
\MT@toks=\toks18
\MT@tempbox=\box51
\MT@count=\count197
LaTeX Info: Redefining \noprotrusionifhmode on input line 1059.
LaTeX Info: Redefining \leftprotrusion on input line 1060.
\MT@prot@toks=\toks19
LaTeX Info: Redefining \rightprotrusion on input line 1078.
LaTeX Info: Redefining \textls on input line 1368.
\MT@outer@kern=\dimen151
LaTeX Info: Redefining \textmicrotypecontext on input line 1988.
\MT@listname@count=\count198

(C:\Users\orfuc\AppData\Local\Programs\MiKTeX\tex/latex/microtype\microtype-pdf
tex.def
File: microtype-pdftex.def 2023/03/13 v3.1a Definitions specific to pdftex (RS)

LaTeX Info: Redefining \lsstyle on input line 902.
LaTeX Info: Redefining \lslig on input line 902.
\MT@outer@space=\skip53
)
Package microtype Info: Loading configuration file microtype.cfg.

(C:\Users\orfuc\AppData\Local\Programs\MiKTeX\tex/latex/microtype\microtype.cfg
File: microtype.cfg 2023/03/13 v3.1a microtype main configuration file (RS)
)) (C:\Users\orfuc\AppData\Local\Programs\MiKTeX\tex/latex/base\latexsym.sty
Package: latexsym 1998/08/17 v2.2e Standard LaTeX package (lasy symbols)
\symlasy=\mathgroup4
LaTeX Font Info:    Overwriting symbol font `lasy' in version `bold'
(Font)                  U/lasy/m/n --> U/lasy/b/n on input line 52.
)
(C:\Users\orfuc\AppData\Local\Programs\MiKTeX\tex/latex/amsmath\amsmath.sty
Package: amsmath 2023/05/13 v2.17o AMS math features
\@mathmargin=\skip54

For additional information on amsmath, use the `?' option.
(C:\Users\orfuc\AppData\Local\Programs\MiKTeX\tex/latex/amsmath\amstext.sty
Package: amstext 2021/08/26 v2.01 AMS text

(C:\Users\orfuc\AppData\Local\Programs\MiKTeX\tex/latex/amsmath\amsgen.sty
File: amsgen.sty 1999/11/30 v2.0 generic functions
\@emptytoks=\toks20
\ex@=\dimen152
))
(C:\Users\orfuc\AppData\Local\Programs\MiKTeX\tex/latex/amsmath\amsbsy.sty
Package: amsbsy 1999/11/29 v1.2d Bold Symbols
\pmbraise@=\dimen153
)
(C:\Users\orfuc\AppData\Local\Programs\MiKTeX\tex/latex/amsmath\amsopn.sty
Package: amsopn 2022/04/08 v2.04 operator names
)
\inf@bad=\count199
LaTeX Info: Redefining \frac on input line 234.
\uproot@=\count266
\leftroot@=\count267
LaTeX Info: Redefining \overline on input line 399.
LaTeX Info: Redefining \colon on input line 410.
\classnum@=\count268
\DOTSCASE@=\count269
LaTeX Info: Redefining \ldots on input line 496.
LaTeX Info: Redefining \dots on input line 499.
LaTeX Info: Redefining \cdots on input line 620.
\Mathstrutbox@=\box52
\strutbox@=\box53
LaTeX Info: Redefining \big on input line 722.
LaTeX Info: Redefining \Big on input line 723.
LaTeX Info: Redefining \bigg on input line 724.
LaTeX Info: Redefining \Bigg on input line 725.
\big@size=\dimen154
LaTeX Font Info:    Redeclaring font encoding OML on input line 743.
LaTeX Font Info:    Redeclaring font encoding OMS on input line 744.
\macc@depth=\count270
LaTeX Info: Redefining \bmod on input line 905.
LaTeX Info: Redefining \pmod on input line 910.
LaTeX Info: Redefining \smash on input line 940.
LaTeX Info: Redefining \relbar on input line 970.
LaTeX Info: Redefining \Relbar on input line 971.
\c@MaxMatrixCols=\count271
\dotsspace@=\muskip17
\c@parentequation=\count272
\dspbrk@lvl=\count273
\tag@help=\toks21
\row@=\count274
\column@=\count275
\maxfields@=\count276
\andhelp@=\toks22
\eqnshift@=\dimen155
\alignsep@=\dimen156
\tagshift@=\dimen157
\tagwidth@=\dimen158
\totwidth@=\dimen159
\lineht@=\dimen160
\@envbody=\toks23
\multlinegap=\skip55
\multlinetaggap=\skip56
\mathdisplay@stack=\toks24
LaTeX Info: Redefining \[ on input line 2953.
LaTeX Info: Redefining \] on input line 2954.
)
(C:\Users\orfuc\AppData\Local\Programs\MiKTeX\tex/latex/booktabs\booktabs.sty
Package: booktabs 2020/01/12 v1.61803398 Publication quality tables
\heavyrulewidth=\dimen161
\lightrulewidth=\dimen162
\cmidrulewidth=\dimen163
\belowrulesep=\dimen164
\belowbottomsep=\dimen165
\aboverulesep=\dimen166
\abovetopsep=\dimen167
\cmidrulesep=\dimen168
\cmidrulekern=\dimen169
\defaultaddspace=\dimen170
\@cmidla=\count277
\@cmidlb=\count278
\@aboverulesep=\dimen171
\@belowrulesep=\dimen172
\@thisruleclass=\count279
\@lastruleclass=\count280
\@thisrulewidth=\dimen173
)
(C:\Users\orfuc\AppData\Local\Programs\MiKTeX\tex/latex/algorithms\algorithm.st
y
Package: algorithm 2009/08/24 v0.1 Document Style `algorithm' - floating enviro
nment
 (C:\Users\orfuc\AppData\Local\Programs\MiKTeX\tex/latex/float\float.sty
Package: float 2001/11/08 v1.3d Float enhancements (AL)
\c@float@type=\count281
\float@exts=\toks25
\float@box=\box54
\@float@everytoks=\toks26
\@floatcapt=\box55
)
(C:\Users\orfuc\AppData\Local\Programs\MiKTeX\tex/latex/base\ifthen.sty
Package: ifthen 2022/04/13 v1.1d Standard LaTeX ifthen package (DPC)
)
\@float@every@algorithm=\toks27
\c@algorithm=\count282
)
(C:\Users\orfuc\AppData\Local\Programs\MiKTeX\tex/latex/algorithms\algorithmic.
sty
Package: algorithmic 2009/08/24 v0.1 Document Style `algorithmic'
\c@ALC@unique=\count283
\c@ALC@line=\count284
\c@ALC@rem=\count285
\c@ALC@depth=\count286
\ALC@tlm=\skip57
\algorithmicindent=\skip58
) (C:\Users\orfuc\AppData\Local\Programs\MiKTeX\tex/latex/xcolor\xcolor.sty
Package: xcolor 2022/06/12 v2.14 LaTeX color extensions (UK)

(C:\Users\orfuc\AppData\Local\Programs\MiKTeX\tex/latex/graphics-cfg\color.cfg
File: color.cfg 2016/01/02 v1.6 sample color configuration
)
Package xcolor Info: Driver file: pdftex.def on input line 227.
(C:\Users\orfuc\AppData\Local\Programs\MiKTeX\tex/latex/graphics\mathcolor.ltx)
Package xcolor Info: Model `cmy' substituted by `cmy0' on input line 1353.
Package xcolor Info: Model `hsb' substituted by `rgb' on input line 1357.
Package xcolor Info: Model `RGB' extended on input line 1369.
Package xcolor Info: Model `HTML' substituted by `rgb' on input line 1371.
Package xcolor Info: Model `Hsb' substituted by `hsb' on input line 1372.
Package xcolor Info: Model `tHsb' substituted by `hsb' on input line 1373.
Package xcolor Info: Model `HSB' substituted by `hsb' on input line 1374.
Package xcolor Info: Model `Gray' substituted by `gray' on input line 1375.
Package xcolor Info: Model `wave' substituted by `hsb' on input line 1376.
) (C:\Users\orfuc\AppData\Local\Programs\MiKTeX\tex/latex/comment\comment.sty
\CommentStream=\write3

Excluding comment 'comment')
(C:\Users\orfuc\AppData\Local\Programs\MiKTeX\tex/latex/multirow\multirow.sty
Package: multirow 2021/03/15 v2.8 Span multiple rows of a table
\multirow@colwidth=\skip59
\multirow@cntb=\count287
\multirow@dima=\skip60
\bigstrutjot=\dimen174
)
LaTeX Font Info:    Trying to load font information for OT1+ptm on input line 1
50.

(C:\Users\orfuc\AppData\Local\Programs\MiKTeX\tex/latex/psnfss\ot1ptm.fd
File: ot1ptm.fd 2001/06/04 font definitions for OT1/ptm.
)
(C:\Users\orfuc\AppData\Local\Programs\MiKTeX\tex/latex/l3backend\l3backend-pdf
tex.def
File: l3backend-pdftex.def 2023-04-19 L3 backend support: PDF output (pdfTeX)
\l__color_backend_stack_int=\count288
\l__pdf_internal_box=\box56
) (main_changed.aux)
\openout1 = `main_changed.aux'.

LaTeX Font Info:    Checking defaults for OML/cmm/m/it on input line 150.
LaTeX Font Info:    ... okay on input line 150.
LaTeX Font Info:    Checking defaults for OMS/cmsy/m/n on input line 150.
LaTeX Font Info:    ... okay on input line 150.
LaTeX Font Info:    Checking defaults for OT1/cmr/m/n on input line 150.
LaTeX Font Info:    ... okay on input line 150.
LaTeX Font Info:    Checking defaults for T1/cmr/m/n on input line 150.
LaTeX Font Info:    ... okay on input line 150.
LaTeX Font Info:    Checking defaults for TS1/cmr/m/n on input line 150.
LaTeX Font Info:    ... okay on input line 150.
LaTeX Font Info:    Checking defaults for OMX/cmex/m/n on input line 150.
LaTeX Font Info:    ... okay on input line 150.
LaTeX Font Info:    Checking defaults for U/cmr/m/n on input line 150.
LaTeX Font Info:    ... okay on input line 150.

(C:\Users\orfuc\AppData\Local\Programs\MiKTeX\tex/context/base/mkii\supp-pdf.mk
ii
[Loading MPS to PDF converter (version 2006.09.02).]
\scratchcounter=\count289
\scratchdimen=\dimen175
\scratchbox=\box57
\nofMPsegments=\count290
\nofMParguments=\count291
\everyMPshowfont=\toks28
\MPscratchCnt=\count292
\MPscratchDim=\dimen176
\MPnumerator=\count293
\makeMPintoPDFobject=\count294
\everyMPtoPDFconversion=\toks29
)
(C:\Users\orfuc\AppData\Local\Programs\MiKTeX\tex/latex/epstopdf-pkg\epstopdf-b
ase.sty
Package: epstopdf-base 2020-01-24 v2.11 Base part for package epstopdf
Package epstopdf-base Info: Redefining graphics rule for `.eps' on input line 4
85.

(C:\Users\orfuc\AppData\Local\Programs\MiKTeX\tex/latex/00miktex\epstopdf-sys.c
fg
File: epstopdf-sys.cfg 2021/03/18 v2.0 Configuration of epstopdf for MiKTeX
))
Package caption Info: Begin \AtBeginDocument code.
Package caption Info: float package is loaded.
Package caption Info: End \AtBeginDocument code.
LaTeX Info: Redefining \microtypecontext on input line 150.
Package microtype Info: Applying patch `item' on input line 150.
Package microtype Info: Applying patch `toc' on input line 150.
Package microtype Info: Applying patch `eqnum' on input line 150.
Package microtype Info: Applying patch `footnote' on input line 150.
Package microtype Info: Applying patch `verbatim' on input line 150.
Package microtype Info: Generating PDF output.
Package microtype Info: Character protrusion enabled (level 2).
Package microtype Info: Using default protrusion set `alltext'.
Package microtype Info: Automatic font expansion enabled (level 2),
(microtype)             stretch: 20, shrink: 20, step: 1, non-selected.
Package microtype Info: Using default expansion set `alltext-nott'.
LaTeX Info: Redefining \showhyphens on input line 150.
Package microtype Info: No adjustment of tracking.
Package microtype Info: No adjustment of interword spacing.
Package microtype Info: No adjustment of character kerning.

(C:\Users\orfuc\AppData\Local\Programs\MiKTeX\tex/latex/microtype\mt-ptm.cfg
File: mt-ptm.cfg 2006/04/20 v1.7 microtype config. file: Times (RS)
)
\titlearea=\box58

(C:\Users\orfuc\AppData\Local\Programs\MiKTeX\tex/latex/microtype\mt-cmr.cfg
File: mt-cmr.cfg 2013/05/19 v2.2 microtype config. file: Computer Modern Roman 
(RS)
)
LaTeX Font Info:    Trying to load font information for U+lasy on input line 15
2.

(C:\Users\orfuc\AppData\Local\Programs\MiKTeX\tex/latex/base\ulasy.fd
File: ulasy.fd 1998/08/17 v2.2e LaTeX symbol font definitions
)
\actualheight=\skip61

Underfull \vbox (badness 10000) detected at line 152
 []


Package natbib Warning: Citation `waseem2017understanding' on page 1 undefined 
on input line 162.


Package natbib Warning: Citation `price2010cyberbullying' on page 1 undefined o
n input line 163.


Package natbib Warning: Citation `nobata2016abusive' on page 1 undefined on inp
ut line 164.


Package natbib Warning: Citation `vidgen2019challenges' on page 1 undefined on 
input line 167.


LaTeX Warning: No positions in optional float specifier.
               Default added (so using `tbp') on input line 180.


Overfull \vbox (11.0pt too high) detected at line 191
 []


Package natbib Warning: Citation `kowalski2007electronic' on page 1 undefined o
n input line 198.


Package natbib Warning: Citation `james2011friend' on page 1 undefined on input
 line 198.


Package natbib Warning: Citation `choi2018effects' on page 1 undefined on input
 line 199.


Package natbib Warning: Citation `chakrabarty2019pay' on page 1 undefined on in
put line 203.


Package natbib Warning: Citation `wang2018disconnected' on page 1 undefined on 
input line 204.

[1{C:/Users/orfuc/AppData/Local/MiKTeX/fonts/map/pdftex/pdftex.map}{C:/Users/or
fuc/AppData/Local/Programs/MiKTeX/fonts/enc/dvips/base/8r.enc}



]

Package natbib Warning: Citation `vidgen2019challenges' on page 2 undefined on 
input line 207.


Package natbib Warning: Citation `waseem2016hateful' on page 2 undefined on inp
ut line 207.


Package natbib Warning: Citation `davidson2017automated' on page 2 undefined on
 input line 207.


Package natbib Warning: Citation `golbeck2017large' on page 2 undefined on inpu
t line 207.


Package natbib Warning: Citation `qian2019benchmark' on page 2 undefined on inp
ut line 210.


Package natbib Warning: Citation `ribeiroevolution' on page 2 undefined on inpu
t line 210.


Package natbib Warning: Citation `de2018hate' on page 2 undefined on input line
 211.


Package natbib Warning: Citation `schmidt2017survey' on page 2 undefined on inp
ut line 215.


Package natbib Warning: Citation `chung2019conan' on page 2 undefined on input 
line 215.


Package natbib Warning: Citation `fortuna2018survey' on page 2 undefined on inp
ut line 221.


Underfull \hbox (badness 1152) in paragraph at lines 226--226
[][]\OT1/ptm/m/n/9 (+20) We re-lease the data and the code at $https : / / gith
ub . com /
 []


Package natbib Warning: Citation `wulczyn2017ex' on page 2 undefined on input l
ine 233.


Package natbib Warning: Citation `nobata2016abusive' on page 2 undefined on inp
ut line 233.


Package natbib Warning: Citation `yin2009detection' on page 2 undefined on inpu
t line 233.


Package natbib Warning: Citation `joksimovic2019automated' on page 2 undefined 
on input line 233.


Package natbib Warning: Citation `park2017one' on page 2 undefined on input lin
e 233.


Package natbib Warning: Citation `maity2018opinion' on page 2 undefined on inpu
t line 233.


Package natbib Warning: Citation `pavlopoulos2017deeper' on page 2 undefined on
 input line 234.


Package natbib Warning: Citation `chakrabarty2019pay' on page 2 undefined on in
put line 234.


Package natbib Warning: Citation `nobata2016abusive' on page 2 undefined on inp
ut line 234.


Package natbib Warning: Citation `schmidt2017survey' on page 2 undefined on inp
ut line 234.


Package natbib Warning: Citation `vidgen2019challenges' on page 2 undefined on 
input line 234.


Package natbib Warning: Citation `park2017one' on page 2 undefined on input lin
e 237.


Package natbib Warning: Citation `badjatiya2017deep' on page 2 undefined on inp
ut line 237.


Package natbib Warning: Citation `fortuna2018survey' on page 2 undefined on inp
ut line 237.


Package natbib Warning: Citation `hoff2009cyberbullying' on page 2 undefined on
 input line 237.


Package natbib Warning: Citation `van2015detection' on page 2 undefined on inpu
t line 238.


Package natbib Warning: Citation `dinakar2011modeling' on page 2 undefined on i
nput line 238.


Package natbib Warning: Citation `luong2015effective' on page 2 undefined on in
put line 245.


Package natbib Warning: Citation `liu2016neural' on page 2 undefined on input l
ine 245.


Package natbib Warning: Citation `liu2017exploiting' on page 2 undefined on inp
ut line 245.


Package natbib Warning: Citation `bao2018deriving' on page 2 undefined on input
 line 245.


Package natbib Warning: Citation `vidgen2019challenges' on page 2 undefined on 
input line 257.


Package natbib Warning: Citation `alakrot2018dataset' on page 2 undefined on in
put line 262.


Package natbib Warning: Citation `ribeiroevolution' on page 2 undefined on inpu
t line 270.

[2]

Package natbib Warning: Citation `waseem2016you' on page 3 undefined on input l
ine 275.


Package natbib Warning: Citation `vidgen2019challenges' on page 3 undefined on 
input line 277.


Package natbib Warning: Citation `vidgen2019challenges' on page 3 undefined on 
input line 279.


Package natbib Warning: Citation `fortuna2018survey' on page 3 undefined on inp
ut line 280.


Package natbib Warning: Citation `peter2018cyberbullying' on page 3 undefined o
n input line 280.


Package natbib Warning: Citation `nobata2016abusive' on page 3 undefined on inp
ut line 282.


Package natbib Warning: Citation `nockleby2000hate' on page 3 undefined on inpu
t line 282.


Package natbib Warning: Citation `patchin2015measuring' on page 3 undefined on 
input line 283.


Package natbib Warning: Citation `vidgen2019challenges' on page 3 undefined on 
input line 289.


Package natbib Warning: Citation `founta2018large' on page 3 undefined on input
 line 296.


Package natbib Warning: Citation `hube2019understanding' on page 3 undefined on
 input line 304.


Package natbib Warning: Citation `vidgen2019challenges' on page 3 undefined on 
input line 305.


Package natbib Warning: Citation `miceli2020between' on page 3 undefined on inp
ut line 306.


Package natbib Warning: Citation `low2007experiences' on page 3 undefined on in
put line 309.


Package natbib Warning: Citation `ferguson2011know' on page 3 undefined on inpu
t line 309.

<Figure/model.pdf, id=11, 491.8375pt x 473.77pt>
File: Figure/model.pdf Graphic file (type pdf)
<use Figure/model.pdf>
Package pdftex.def Info: Figure/model.pdf  used on input line 316.
(pdftex.def)             Requested size: 202.3529pt x 194.91927pt.

LaTeX Warning: `!h' float specifier changed to `!ht'.

[3]
<Figure/long_comm_no_att.png, id=17, 552.1428pt x 88.1694pt>
File: Figure/long_comm_no_att.png Graphic file (type png)
<use Figure/long_comm_no_att.png>
Package pdftex.def Info: Figure/long_comm_no_att.png  used on input line 338.
(pdftex.def)             Requested size: 328.82541pt x 52.50919pt.
<Figure/long_comm_encoded_att.png, id=19, 551.4201pt x 89.6148pt>
File: Figure/long_comm_encoded_att.png Graphic file (type png)
<use Figure/long_comm_encoded_att.png>
Package pdftex.def Info: Figure/long_comm_encoded_att.png  used on input line 3
42.
(pdftex.def)             Requested size: 328.82541pt x 53.43974pt.


Package natbib Warning: Citation `chakrabarty2019pay' on page 4 undefined on in
put line 351.


Package natbib Warning: Citation `sennrich2016linguistic' on page 4 undefined o
n input line 354.


Package natbib Warning: Citation `mikolov2013distributed' on page 4 undefined o
n input line 355.


Package natbib Warning: Citation `yang2016hierarchical' on page 4 undefined on 
input line 360.


Package natbib Warning: Citation `chakrabarty2019pay' on page 4 undefined on in
put line 360.


Package natbib Warning: Citation `liu2016neural' on page 4 undefined on input l
ine 372.


Package natbib Warning: Citation `liu2017exploiting' on page 4 undefined on inp
ut line 372.

[4 <./Figure/model.pdf>]

Package natbib Warning: Citation `van2015detection' on page 5 undefined on inpu
t line 430.


Package natbib Warning: Citation `nobata2016abusive' on page 5 undefined on inp
ut line 430.


Package natbib Warning: Citation `van2015detection' on page 5 undefined on inpu
t line 431.


Package natbib Warning: Citation `opinionlexicon' on page 5 undefined on input 
line 431.


Package natbib Warning: Citation `chakrabarty2019pay' on page 5 undefined on in
put line 432.


Package natbib Warning: Citation `tweet_preprocessor' on page 5 undefined on in
put line 436.


Package natbib Warning: Citation `owoputi2013improved' on page 5 undefined on i
nput line 436.


Package natbib Warning: Citation `davis2006relationship' on page 5 undefined on
 input line 443.

[5 <./Figure/long_comm_no_att.png> <./Figure/long_comm_encoded_att.png>]
<Figure/attn_eval_plot.png, id=61, 596.2275pt x 220.4235pt>
File: Figure/attn_eval_plot.png Graphic file (type png)
<use Figure/attn_eval_plot.png>
Package pdftex.def Info: Figure/attn_eval_plot.png  used on input line 465.
(pdftex.def)             Requested size: 227.64894pt x 84.16203pt.


Package natbib Warning: Citation `van2015detection' on page 6 undefined on inpu
t line 508.


Package natbib Warning: Citation `dinakar2011modeling' on page 6 undefined on i
nput line 508.


Package natbib Warning: Citation `standley2020tasks' on page 6 undefined on inp
ut line 509.

[6 <./Figure/attn_eval_plot.png>]
No file main_changed.bbl.
[7]

Package natbib Warning: There were undefined citations.

[8

] (main_changed.aux)
 ***********
LaTeX2e <2023-06-01> patch level 1
L3 programming layer <2023-08-29>
 ***********
 ) 
Here is how much of TeX's memory you used:
 7708 strings out of 475247
 124873 string characters out of 5757792
 1945801 words of memory out of 5000000
 28794 multiletter control sequences out of 15000+600000
 600550 words of font info for 305 fonts, out of 8000000 for 9000
 1141 hyphenation exceptions out of 8191
 57i,18n,65p,1256b,404s stack positions out of 10000i,1000n,20000p,200000b,200000s
<C:/Users/orfuc/AppData/Local/Programs/MiKTeX/fonts/type1/public/amsfonts/cm/
cmbx10.pfb><C:/Users/orfuc/AppData/Local/Programs/MiKTeX/fonts/type1/public/ams
fonts/cm/cmbx7.pfb><C:/Users/orfuc/AppData/Local/Programs/MiKTeX/fonts/type1/pu
blic/amsfonts/cm/cmex10.pfb><C:/Users/orfuc/AppData/Local/Programs/MiKTeX/fonts
/type1/public/amsfonts/cm/cmmi10.pfb><C:/Users/orfuc/AppData/Local/Programs/MiK
TeX/fonts/type1/public/amsfonts/cm/cmmi7.pfb><C:/Users/orfuc/AppData/Local/Prog
rams/MiKTeX/fonts/type1/public/amsfonts/cm/cmr10.pfb><C:/Users/orfuc/AppData/Lo
cal/Programs/MiKTeX/fonts/type1/public/amsfonts/cm/cmr5.pfb><C:/Users/orfuc/App
Data/Local/Programs/MiKTeX/fonts/type1/public/amsfonts/cm/cmr7.pfb><C:/Users/or
fuc/AppData/Local/Programs/MiKTeX/fonts/type1/public/amsfonts/cm/cmsy10.pfb><C:
/Users/orfuc/AppData/Local/Programs/MiKTeX/fonts/type1/public/amsfonts/cm/cmsy5
.pfb><C:/Users/orfuc/AppData/Local/Programs/MiKTeX/fonts/type1/public/amsfonts/
cm/cmsy7.pfb><C:/Users/orfuc/AppData/Local/Programs/MiKTeX/fonts/type1/urw/time
s/utmb8a.pfb><C:/Users/orfuc/AppData/Local/Programs/MiKTeX/fonts/type1/urw/time
s/utmr8a.pfb><C:/Users/orfuc/AppData/Local/Programs/MiKTeX/fonts/type1/urw/time
s/utmri8a.pfb>
Output written on main_changed.pdf (8 pages, 279674 bytes).
PDF statistics:
 132 PDF objects out of 1000 (max. 8388607)
 0 named destinations out of 1000 (max. 500000)
 64533 words of extra memory for PDF output out of 74296 (max. 10000000)

