This is pdfTeX, Version 3.141592653-2.6-1.40.25 (MiKTeX 23.10) (preloaded format=pdflatex 2024.1.1)  10 MAR 2024 12:00
entering extended mode
 restricted \write18 enabled.
 %&-line parsing enabled.
**./paper_changed.tex
(paper_changed.tex
LaTeX2e <2023-06-01> patch level 1
L3 programming layer <2023-08-29>
(C:\Users\tal12\AppData\Local\Programs\MiKTeX\tex/latex/base\article.cls
Document Class: article 2023/05/17 v1.4n Standard LaTeX document class
(C:\Users\tal12\AppData\Local\Programs\MiKTeX\tex/latex/base\size10.clo
File: size10.clo 2023/05/17 v1.4n Standard LaTeX file (size option)
)
\c@part=\count185
\c@section=\count186
\c@subsection=\count187
\c@subsubsection=\count188
\c@paragraph=\count189
\c@subparagraph=\count190
\c@figure=\count191
\c@table=\count192
\abovecaptionskip=\skip48
\belowcaptionskip=\skip49
\bibindent=\dimen140
)
(aaai19.sty
Conference Style for AAAI for LaTeX 2e -- version for the AAAI-19 conference
\titlebox=\skip50
) (C:\Users\tal12\AppData\Local\Programs\MiKTeX\tex/latex/psnfss\times.sty
Package: times 2020/03/25 PSNFSS-v9.3 (SPQR) 
)
(C:\Users\tal12\AppData\Local\Programs\MiKTeX\tex/latex/psnfss\helvet.sty
Package: helvet 2020/03/25 PSNFSS-v9.3 (WaS) 

(C:\Users\tal12\AppData\Local\Programs\MiKTeX\tex/latex/graphics\keyval.sty
Package: keyval 2022/05/29 v1.15 key=value parser (DPC)
\KV@toks@=\toks17
))
(C:\Users\tal12\AppData\Local\Programs\MiKTeX\tex/latex/psnfss\courier.sty
Package: courier 2020/03/25 PSNFSS-v9.3 (WaS) 
)
(C:\Users\tal12\AppData\Local\Programs\MiKTeX\tex/latex/url\url.sty
\Urlmuskip=\muskip16
Package: url 2013/09/16  ver 3.4  Verb mode for urls, etc.
)
(C:\Users\tal12\AppData\Local\Programs\MiKTeX\tex/latex/graphics\graphicx.sty
Package: graphicx 2021/09/16 v1.2d Enhanced LaTeX Graphics (DPC,SPQR)

(C:\Users\tal12\AppData\Local\Programs\MiKTeX\tex/latex/graphics\graphics.sty
Package: graphics 2022/03/10 v1.4e Standard LaTeX Graphics (DPC,SPQR)

(C:\Users\tal12\AppData\Local\Programs\MiKTeX\tex/latex/graphics\trig.sty
Package: trig 2021/08/11 v1.11 sin cos tan (DPC)
)
(C:\Users\tal12\AppData\Local\Programs\MiKTeX\tex/latex/graphics-cfg\graphics.c
fg
File: graphics.cfg 2016/06/04 v1.11 sample graphics configuration
)
Package graphics Info: Driver file: pdftex.def on input line 107.

(C:\Users\tal12\AppData\Local\Programs\MiKTeX\tex/latex/graphics-def\pdftex.def
File: pdftex.def 2022/09/22 v1.2b Graphics/color driver for pdftex
))
\Gin@req@height=\dimen141
\Gin@req@width=\dimen142
) (C:\Users\tal12\AppData\Local\Programs\MiKTeX\tex/latex/amsmath\amsmath.sty
Package: amsmath 2023/05/13 v2.17o AMS math features
\@mathmargin=\skip51
For additional information on amsmath, use the `?' option.
(C:\Users\tal12\AppData\Local\Programs\MiKTeX\tex/latex/amsmath\amstext.sty
Package: amstext 2021/08/26 v2.01 AMS text

(C:\Users\tal12\AppData\Local\Programs\MiKTeX\tex/latex/amsmath\amsgen.sty
File: amsgen.sty 1999/11/30 v2.0 generic functions
\@emptytoks=\toks18
\ex@=\dimen143
))
(C:\Users\tal12\AppData\Local\Programs\MiKTeX\tex/latex/amsmath\amsbsy.sty
Package: amsbsy 1999/11/29 v1.2d Bold Symbols
\pmbraise@=\dimen144
)
(C:\Users\tal12\AppData\Local\Programs\MiKTeX\tex/latex/amsmath\amsopn.sty
Package: amsopn 2022/04/08 v2.04 operator names
)
\inf@bad=\count193
LaTeX Info: Redefining \frac on input line 234.
\uproot@=\count194
\leftroot@=\count195
LaTeX Info: Redefining \overline on input line 399.
LaTeX Info: Redefining \colon on input line 410.
\classnum@=\count196
\DOTSCASE@=\count197
LaTeX Info: Redefining \ldots on input line 496.
LaTeX Info: Redefining \dots on input line 499.
LaTeX Info: Redefining \cdots on input line 620.
\Mathstrutbox@=\box51
\strutbox@=\box52
LaTeX Info: Redefining \big on input line 722.
LaTeX Info: Redefining \Big on input line 723.
LaTeX Info: Redefining \bigg on input line 724.
LaTeX Info: Redefining \Bigg on input line 725.
\big@size=\dimen145
LaTeX Font Info:    Redeclaring font encoding OML on input line 743.
LaTeX Font Info:    Redeclaring font encoding OMS on input line 744.
\macc@depth=\count198
LaTeX Info: Redefining \bmod on input line 905.
LaTeX Info: Redefining \pmod on input line 910.
LaTeX Info: Redefining \smash on input line 940.
LaTeX Info: Redefining \relbar on input line 970.
LaTeX Info: Redefining \Relbar on input line 971.
\c@MaxMatrixCols=\count199
\dotsspace@=\muskip17
\c@parentequation=\count266
\dspbrk@lvl=\count267
\tag@help=\toks19
\row@=\count268
\column@=\count269
\maxfields@=\count270
\andhelp@=\toks20
\eqnshift@=\dimen146
\alignsep@=\dimen147
\tagshift@=\dimen148
\tagwidth@=\dimen149
\totwidth@=\dimen150
\lineht@=\dimen151
\@envbody=\toks21
\multlinegap=\skip52
\multlinetaggap=\skip53
\mathdisplay@stack=\toks22
LaTeX Info: Redefining \[ on input line 2953.
LaTeX Info: Redefining \] on input line 2954.
)
LaTeX Font Info:    Trying to load font information for OT1+ptm on input line 1
6.

(C:\Users\tal12\AppData\Local\Programs\MiKTeX\tex/latex/psnfss\ot1ptm.fd
File: ot1ptm.fd 2001/06/04 font definitions for OT1/ptm.
)
(C:\Users\tal12\AppData\Local\Programs\MiKTeX\tex/latex/l3backend\l3backend-pdf
tex.def
File: l3backend-pdftex.def 2023-04-19 L3 backend support: PDF output (pdfTeX)
\l__color_backend_stack_int=\count271
\l__pdf_internal_box=\box53
) (paper_changed.aux)
\openout1 = `paper_changed.aux'.

LaTeX Font Info:    Checking defaults for OML/cmm/m/it on input line 16.
LaTeX Font Info:    ... okay on input line 16.
LaTeX Font Info:    Checking defaults for OMS/cmsy/m/n on input line 16.
LaTeX Font Info:    ... okay on input line 16.
LaTeX Font Info:    Checking defaults for OT1/cmr/m/n on input line 16.
LaTeX Font Info:    ... okay on input line 16.
LaTeX Font Info:    Checking defaults for T1/cmr/m/n on input line 16.
LaTeX Font Info:    ... okay on input line 16.
LaTeX Font Info:    Checking defaults for TS1/cmr/m/n on input line 16.
LaTeX Font Info:    ... okay on input line 16.
LaTeX Font Info:    Checking defaults for OMX/cmex/m/n on input line 16.
LaTeX Font Info:    ... okay on input line 16.
LaTeX Font Info:    Checking defaults for U/cmr/m/n on input line 16.
LaTeX Font Info:    ... okay on input line 16.

(C:\Users\tal12\AppData\Local\Programs\MiKTeX\tex/context/base/mkii\supp-pdf.mk
ii
[Loading MPS to PDF converter (version 2006.09.02).]
\scratchcounter=\count272
\scratchdimen=\dimen152
\scratchbox=\box54
\nofMPsegments=\count273
\nofMParguments=\count274
\everyMPshowfont=\toks23
\MPscratchCnt=\count275
\MPscratchDim=\dimen153
\MPnumerator=\count276
\makeMPintoPDFobject=\count277
\everyMPtoPDFconversion=\toks24
)
(C:\Users\tal12\AppData\Local\Programs\MiKTeX\tex/latex/epstopdf-pkg\epstopdf-b
ase.sty
Package: epstopdf-base 2020-01-24 v2.11 Base part for package epstopdf

(C:\Users\tal12\AppData\Local\Programs\MiKTeX\tex/generic/infwarerr\infwarerr.s
ty
Package: infwarerr 2019/12/03 v1.5 Providing info/warning/error messages (HO)
) (C:\Users\tal12\AppData\Local\Programs\MiKTeX\tex/latex/grfext\grfext.sty
Package: grfext 2019/12/03 v1.3 Manage graphics extensions (HO)

(C:\Users\tal12\AppData\Local\Programs\MiKTeX\tex/generic/kvdefinekeys\kvdefine
keys.sty
Package: kvdefinekeys 2019-12-19 v1.6 Define keys (HO)
))
(C:\Users\tal12\AppData\Local\Programs\MiKTeX\tex/latex/kvoptions\kvoptions.sty
Package: kvoptions 2022-06-15 v3.15 Key value format for package options (HO)
(C:\Users\tal12\AppData\Local\Programs\MiKTeX\tex/generic/ltxcmds\ltxcmds.sty
Package: ltxcmds 2023-12-04 v1.26 LaTeX kernel commands for general use (HO)
)
(C:\Users\tal12\AppData\Local\Programs\MiKTeX\tex/latex/kvsetkeys\kvsetkeys.sty
Package: kvsetkeys 2022-10-05 v1.19 Key value parser (HO)
))
(C:\Users\tal12\AppData\Local\Programs\MiKTeX\tex/generic/pdftexcmds\pdftexcmds
.sty
Package: pdftexcmds 2020-06-27 v0.33 Utility functions of pdfTeX for LuaTeX (HO
)
 (C:\Users\tal12\AppData\Local\Programs\MiKTeX\tex/generic/iftex\iftex.sty
Package: iftex 2022/02/03 v1.0f TeX engine tests
)
Package pdftexcmds Info: \pdf@primitive is available.
Package pdftexcmds Info: \pdf@ifprimitive is available.
Package pdftexcmds Info: \pdfdraftmode found.
)
Package epstopdf-base Info: Redefining graphics rule for `.eps' on input line 4
85.
Package grfext Info: Graphics extension search list:
(grfext)             [.pdf,.png,.jpg,.mps,.jpeg,.jbig2,.jb2,.PDF,.PNG,.JPG,.JPE
G,.JBIG2,.JB2,.eps]
(grfext)             \AppendGraphicsExtensions on input line 504.

(C:\Users\tal12\AppData\Local\Programs\MiKTeX\tex/latex/00miktex\epstopdf-sys.c
fg
File: epstopdf-sys.cfg 2021/03/18 v2.0 Configuration of epstopdf for MiKTeX
))
LaTeX Font Info:    Trying to load font information for TS1+ptm on input line 3
0.
 (C:\Users\tal12\AppData\Local\Programs\MiKTeX\tex/latex/psnfss\ts1ptm.fd
File: ts1ptm.fd 2001/06/04 font definitions for TS1/ptm.
)

LaTeX Warning: Citation `crafting' on page 1 undefined on input line 49.


LaTeX Warning: Citation `pneumonia' on page 1 undefined on input line 49.


LaTeX Warning: Citation `representation' on page 1 undefined on input line 49.


LaTeX Warning: Citation `lime' on page 1 undefined on input line 49.


LaTeX Warning: Citation `layerwise' on page 1 undefined on input line 49.


LaTeX Warning: Citation `decisionsets' on page 1 undefined on input line 49.


LaTeX Warning: Citation `anchors' on page 1 undefined on input line 49.


LaTeX Warning: Citation `pairwise' on page 1 undefined on input line 49.


LaTeX Warning: Citation `additive' on page 1 undefined on input line 49.


LaTeX Warning: Citation `lime' on page 1 undefined on input line 51.


LaTeX Warning: Citation `disease' on page 1 undefined on input line 53.


LaTeX Warning: Citation `rnnmultivariate' on page 1 undefined on input line 53.



LaTeX Warning: Citation `retain' on page 1 undefined on input line 53.


LaTeX Warning: Citation `irregularity' on page 1 undefined on input line 53.


Underfull \vbox (badness 1400) has occurred while \output is active []

 [1{C:/Users/tal12/AppData/Local/MiKTeX/fonts/map/pdftex/pdftex.map}{C:/Users/t
al12/AppData/Local/Programs/MiKTeX/fonts/enc/dvips/base/8r.enc}



]

LaTeX Warning: Citation `ckmeans' on page 2 undefined on input line 55.


LaTeX Warning: Citation `attention' on page 2 undefined on input line 55.


LaTeX Warning: Citation `changepoint' on page 2 undefined on input line 65.

<series2-small.png, id=9, 702.625pt x 351.3125pt>
File: series2-small.png Graphic file (type png)
<use series2-small.png>
Package pdftex.def Info: series2-small.png  used on input line 69.
(pdftex.def)             Requested size: 239.39438pt x 119.69661pt.
<lime.png, id=10, 478.4274pt x 252.2223pt>
File: lime.png Graphic file (type png)
<use lime.png>
Package pdftex.def Info: lime.png  used on input line 77.
(pdftex.def)             Requested size: 239.39438pt x 126.20705pt.
<windows-small.png, id=12, 702.625pt x 351.3125pt>
File: windows-small.png Graphic file (type png)
<use windows-small.png>
Package pdftex.def Info: windows-small.png  used on input line 85.
(pdftex.def)             Requested size: 239.39438pt x 119.69661pt.

LaTeX Warning: Citation `lime' on page 2 undefined on input line 91.


LaTeX Warning: Citation `limets' on page 2 undefined on input line 91.

[2 <./series2-small.png> <./lime.png>]

LaTeX Warning: Citation `nemo' on page 3 undefined on input line 94.


LaTeX Warning: Citation `anomaly1' on page 3 undefined on input line 94.


LaTeX Warning: Citation `anomaly2' on page 3 undefined on input line 94.


LaTeX Warning: Citation `ckmeans' on page 3 undefined on input line 108.


LaTeX Warning: Citation `attention' on page 3 undefined on input line 116.


LaTeX Warning: Citation `disease' on page 3 undefined on input line 120.


Underfull \hbox (badness 10000) in paragraph at lines 119--121
\OT1/ptm/m/n/10 where the at-ten-tion value is $\OML/cmm/m/it/10 []; :::; [] 
\OT1/cmr/m/n/10 =
 []

[3 <./windows-small.png>]
LaTeX Font Info:    Trying to load font information for OMS+ptm on input line 1
34.

(C:\Users\tal12\AppData\Local\Programs\MiKTeX\tex/latex/psnfss\omsptm.fd
File: omsptm.fd 
)
LaTeX Font Info:    Font shape `OMS/ptm/m/n' in size <10> not available
(Font)              Font shape `OMS/cmsy/m/n' tried instead on input line 134.

Overfull \hbox (3.64375pt too wide) in paragraph at lines 159--194
[][] 
 []


Underfull \vbox (badness 10000) has occurred while \output is active []

 [4]
<clusters.png, id=34, 401.5pt x 401.5pt>
File: clusters.png Graphic file (type png)
<use clusters.png>
Package pdftex.def Info: clusters.png  used on input line 206.
(pdftex.def)             Requested size: 107.72673pt x 107.72641pt.

Underfull \hbox (badness 1048) in paragraph at lines 207--207
[]\OT1/ptm/m/n/10 Figure 4: Dis-tri-bu-tion of
 []

<clusterexample.png, id=35, 401.5pt x 401.5pt>
File: clusterexample.png Graphic file (type png)
<use clusterexample.png>
Package pdftex.def Info: clusterexample.png  used on input line 212.
(pdftex.def)             Requested size: 107.72673pt x 107.72641pt.

Underfull \hbox (badness 1540) in paragraph at lines 213--213
[]\OT1/ptm/m/n/10 Figure 5: Ex-am-ple of 3
 []

[5 <./clusters.png> <./clusterexample.png>]

LaTeX Warning: Citation `gru' on page 6 undefined on input line 304.


LaTeX Warning: Citation `lstmcnn' on page 6 undefined on input line 304.


LaTeX Warning: Citation `lime' on page 6 undefined on input line 354.


LaTeX Warning: Citation `approximations' on page 6 undefined on input line 354.



LaTeX Warning: Citation `layerwise' on page 6 undefined on input line 354.


LaTeX Warning: Citation `mining' on page 6 undefined on input line 354.

[6]

LaTeX Warning: Citation `nphard' on page 7 undefined on input line 356.


LaTeX Warning: Citation `decisionsets' on page 7 undefined on input line 356.


LaTeX Warning: Citation `anchors' on page 7 undefined on input line 356.


LaTeX Warning: Citation `pairwise' on page 7 undefined on input line 356.


LaTeX Warning: Citation `additive' on page 7 undefined on input line 356.


LaTeX Warning: Citation `categorization' on page 7 undefined on input line 358.



LaTeX Warning: Citation `earlyclass' on page 7 undefined on input line 359.


LaTeX Warning: Citation `shapelets' on page 7 undefined on input line 359.


LaTeX Warning: Citation `dtw' on page 7 undefined on input line 359.


LaTeX Warning: Citation `irreversible' on page 7 undefined on input line 359.


LaTeX Warning: Citation `iclr2018' on page 7 undefined on input line 361.


LaTeX Warning: Citation `attention' on page 7 undefined on input line 361.


Underfull \vbox (badness 10000) has occurred while \output is active []


No file paper_changed.bbl.

Underfull \hbox (badness 1838) in paragraph at lines 374--377
\OT1/ptm/m/n/9 cati do-loremque ex-pe-dita?A re-pel-len-dus hic con-secte-tur
 []


Underfull \hbox (badness 1028) in paragraph at lines 374--377
\OT1/ptm/m/n/9 na-tus sus-cipit est, do-lorem quod deb-itis tem-po-ribus do-
 []

[7] [8

] (paper_changed.aux)
 ***********
LaTeX2e <2023-06-01> patch level 1
L3 programming layer <2023-08-29>
 ***********
 ) 
Here is how much of TeX's memory you used:
 2904 strings out of 475247
 48543 string characters out of 5757793
 1956785 words of memory out of 5000000
 24388 multiletter control sequences out of 15000+600000
 572643 words of font info for 59 fonts, out of 8000000 for 9000
 1141 hyphenation exceptions out of 8191
 61i,16n,69p,1919b,269s stack positions out of 10000i,1000n,20000p,200000b,200000s
<C:/Users/tal12/AppData/Local/Programs/MiKTeX/fonts/type1/public/amsfonts/cm/
cmbx10.pfb><C:/Users/tal12/AppData/Local/Programs/MiKTeX/fonts/type1/public/ams
fonts/cm/cmex10.pfb><C:/Users/tal12/AppData/Local/Programs/MiKTeX/fonts/type1/p
ublic/amsfonts/cm/cmmi10.pfb><C:/Users/tal12/AppData/Local/Programs/MiKTeX/font
s/type1/public/amsfonts/cm/cmmi5.pfb><C:/Users/tal12/AppData/Local/Programs/MiK
TeX/fonts/type1/public/amsfonts/cm/cmmi7.pfb><C:/Users/tal12/AppData/Local/Prog
rams/MiKTeX/fonts/type1/public/amsfonts/cm/cmr10.pfb><C:/Users/tal12/AppData/Lo
cal/Programs/MiKTeX/fonts/type1/public/amsfonts/cm/cmr5.pfb><C:/Users/tal12/App
Data/Local/Programs/MiKTeX/fonts/type1/public/amsfonts/cm/cmr7.pfb><C:/Users/ta
l12/AppData/Local/Programs/MiKTeX/fonts/type1/public/amsfonts/cm/cmsy10.pfb><C:
/Users/tal12/AppData/Local/Programs/MiKTeX/fonts/type1/public/amsfonts/cm/cmsy7
.pfb><C:/Users/tal12/AppData/Local/Programs/MiKTeX/fonts/type1/urw/times/utmb8a
.pfb><C:/Users/tal12/AppData/Local/Programs/MiKTeX/fonts/type1/urw/times/utmr8a
.pfb><C:/Users/tal12/AppData/Local/Programs/MiKTeX/fonts/type1/urw/times/utmri8
a.pfb>
Output written on paper_changed.pdf (8 pages, 279382 bytes).
PDF statistics:
 106 PDF objects out of 1000 (max. 8388607)
 0 named destinations out of 1000 (max. 500000)
 26 words of extra memory for PDF output out of 10000 (max. 10000000)

