This is pdfTeX, Version 3.141592653-2.6-1.40.25 (MiKTeX 23.10) (preloaded format=pdflatex 2024.1.1)  10 MAR 2024 12:08
entering extended mode
 restricted \write18 enabled.
 %&-line parsing enabled.
**./aaai22_changed.tex
(aaai22_changed.tex
LaTeX2e <2023-06-01> patch level 1
L3 programming layer <2023-08-29>
(C:\Users\tal12\AppData\Local\Programs\MiKTeX\tex/latex/base\article.cls
Document Class: article 2023/05/17 v1.4n Standard LaTeX document class
(C:\Users\tal12\AppData\Local\Programs\MiKTeX\tex/latex/base\size10.clo
File: size10.clo 2023/05/17 v1.4n Standard LaTeX file (size option)
)
\c@part=\count185
\c@section=\count186
\c@subsection=\count187
\c@subsubsection=\count188
\c@paragraph=\count189
\c@subparagraph=\count190
\c@figure=\count191
\c@table=\count192
\abovecaptionskip=\skip48
\belowcaptionskip=\skip49
\bibindent=\dimen140
)
(aaai22.sty
Conference Style for AAAI for LaTeX 2e -- version for the AAAI-22 conference
\titlebox=\skip50
) (C:\Users\tal12\AppData\Local\Programs\MiKTeX\tex/latex/psnfss\times.sty
Package: times 2020/03/25 PSNFSS-v9.3 (SPQR) 
)
(C:\Users\tal12\AppData\Local\Programs\MiKTeX\tex/latex/psnfss\helvet.sty
Package: helvet 2020/03/25 PSNFSS-v9.3 (WaS) 

(C:\Users\tal12\AppData\Local\Programs\MiKTeX\tex/latex/graphics\keyval.sty
Package: keyval 2022/05/29 v1.15 key=value parser (DPC)
\KV@toks@=\toks17
))
(C:\Users\tal12\AppData\Local\Programs\MiKTeX\tex/latex/psnfss\courier.sty
Package: courier 2020/03/25 PSNFSS-v9.3 (WaS) 
)
(C:\Users\tal12\AppData\Local\Programs\MiKTeX\tex/latex/url\url.sty
\Urlmuskip=\muskip16
Package: url 2013/09/16  ver 3.4  Verb mode for urls, etc.
)
(C:\Users\tal12\AppData\Local\Programs\MiKTeX\tex/latex/graphics\graphicx.sty
Package: graphicx 2021/09/16 v1.2d Enhanced LaTeX Graphics (DPC,SPQR)

(C:\Users\tal12\AppData\Local\Programs\MiKTeX\tex/latex/graphics\graphics.sty
Package: graphics 2022/03/10 v1.4e Standard LaTeX Graphics (DPC,SPQR)

(C:\Users\tal12\AppData\Local\Programs\MiKTeX\tex/latex/graphics\trig.sty
Package: trig 2021/08/11 v1.11 sin cos tan (DPC)
)
(C:\Users\tal12\AppData\Local\Programs\MiKTeX\tex/latex/graphics-cfg\graphics.c
fg
File: graphics.cfg 2016/06/04 v1.11 sample graphics configuration
)
Package graphics Info: Driver file: pdftex.def on input line 107.

(C:\Users\tal12\AppData\Local\Programs\MiKTeX\tex/latex/graphics-def\pdftex.def
File: pdftex.def 2022/09/22 v1.2b Graphics/color driver for pdftex
))
\Gin@req@height=\dimen141
\Gin@req@width=\dimen142
) (C:\Users\tal12\AppData\Local\Programs\MiKTeX\tex/latex/natbib\natbib.sty
Package: natbib 2010/09/13 8.31b (PWD, AO)
\bibhang=\skip51
\bibsep=\skip52
LaTeX Info: Redefining \cite on input line 694.
\c@NAT@ctr=\count193
)
(C:\Users\tal12\AppData\Local\Programs\MiKTeX\tex/latex/caption\caption.sty
Package: caption 2023/08/05 v3.6o Customizing captions (AR)

(C:\Users\tal12\AppData\Local\Programs\MiKTeX\tex/latex/caption\caption3.sty
Package: caption3 2023/07/31 v2.4d caption3 kernel (AR)
\caption@tempdima=\dimen143
\captionmargin=\dimen144
\caption@leftmargin=\dimen145
\caption@rightmargin=\dimen146
\caption@width=\dimen147
\caption@indent=\dimen148
\caption@parindent=\dimen149
\caption@hangindent=\dimen150
Package caption Info: Standard document class detected.
)
\c@caption@flags=\count194
\c@continuedfloat=\count195
)
(C:\Users\tal12\AppData\Local\Programs\MiKTeX\tex/latex/algorithms\algorithm.st
y
Package: algorithm 2009/08/24 v0.1 Document Style `algorithm' - floating enviro
nment
 (C:\Users\tal12\AppData\Local\Programs\MiKTeX\tex/latex/float\float.sty
Package: float 2001/11/08 v1.3d Float enhancements (AL)
\c@float@type=\count196
\float@exts=\toks18
\float@box=\box51
\@float@everytoks=\toks19
\@floatcapt=\box52
)
(C:\Users\tal12\AppData\Local\Programs\MiKTeX\tex/latex/base\ifthen.sty
Package: ifthen 2022/04/13 v1.1d Standard LaTeX ifthen package (DPC)
)
\@float@every@algorithm=\toks20
\c@algorithm=\count197
)
(C:\Users\tal12\AppData\Local\Programs\MiKTeX\tex/latex/algorithms\algorithmic.
sty
Package: algorithmic 2009/08/24 v0.1 Document Style `algorithmic'
\c@ALC@unique=\count198
\c@ALC@line=\count199
\c@ALC@rem=\count266
\c@ALC@depth=\count267
\ALC@tlm=\skip53
\algorithmicindent=\skip54
)
(C:\Users\tal12\AppData\Local\Programs\MiKTeX\tex/latex/amsfonts\amsfonts.sty
Package: amsfonts 2013/01/14 v3.01 Basic AMSFonts support
\@emptytoks=\toks21
\symAMSa=\mathgroup4
\symAMSb=\mathgroup5
LaTeX Font Info:    Redeclaring math symbol \hbar on input line 98.
LaTeX Font Info:    Overwriting math alphabet `\mathfrak' in version `bold'
(Font)                  U/euf/m/n --> U/euf/b/n on input line 106.
)
(C:\Users\tal12\AppData\Local\Programs\MiKTeX\tex/latex/amsmath\amsmath.sty
Package: amsmath 2023/05/13 v2.17o AMS math features
\@mathmargin=\skip55

For additional information on amsmath, use the `?' option.
(C:\Users\tal12\AppData\Local\Programs\MiKTeX\tex/latex/amsmath\amstext.sty
Package: amstext 2021/08/26 v2.01 AMS text

(C:\Users\tal12\AppData\Local\Programs\MiKTeX\tex/latex/amsmath\amsgen.sty
File: amsgen.sty 1999/11/30 v2.0 generic functions
\@emptytoks=\toks22
\ex@=\dimen151
))
(C:\Users\tal12\AppData\Local\Programs\MiKTeX\tex/latex/amsmath\amsbsy.sty
Package: amsbsy 1999/11/29 v1.2d Bold Symbols
\pmbraise@=\dimen152
)
(C:\Users\tal12\AppData\Local\Programs\MiKTeX\tex/latex/amsmath\amsopn.sty
Package: amsopn 2022/04/08 v2.04 operator names
)
\inf@bad=\count268
LaTeX Info: Redefining \frac on input line 234.
\uproot@=\count269
\leftroot@=\count270
LaTeX Info: Redefining \overline on input line 399.
LaTeX Info: Redefining \colon on input line 410.
\classnum@=\count271
\DOTSCASE@=\count272
LaTeX Info: Redefining \ldots on input line 496.
LaTeX Info: Redefining \dots on input line 499.
LaTeX Info: Redefining \cdots on input line 620.
\Mathstrutbox@=\box53
\strutbox@=\box54
LaTeX Info: Redefining \big on input line 722.
LaTeX Info: Redefining \Big on input line 723.
LaTeX Info: Redefining \bigg on input line 724.
LaTeX Info: Redefining \Bigg on input line 725.
\big@size=\dimen153
LaTeX Font Info:    Redeclaring font encoding OML on input line 743.
LaTeX Font Info:    Redeclaring font encoding OMS on input line 744.
\macc@depth=\count273
LaTeX Info: Redefining \bmod on input line 905.
LaTeX Info: Redefining \pmod on input line 910.
LaTeX Info: Redefining \smash on input line 940.
LaTeX Info: Redefining \relbar on input line 970.
LaTeX Info: Redefining \Relbar on input line 971.
\c@MaxMatrixCols=\count274
\dotsspace@=\muskip17
\c@parentequation=\count275
\dspbrk@lvl=\count276
\tag@help=\toks23
\row@=\count277
\column@=\count278
\maxfields@=\count279
\andhelp@=\toks24
\eqnshift@=\dimen154
\alignsep@=\dimen155
\tagshift@=\dimen156
\tagwidth@=\dimen157
\totwidth@=\dimen158
\lineht@=\dimen159
\@envbody=\toks25
\multlinegap=\skip56
\multlinetaggap=\skip57
\mathdisplay@stack=\toks26
LaTeX Info: Redefining \[ on input line 2953.
LaTeX Info: Redefining \] on input line 2954.
)
(C:\Users\tal12\AppData\Local\Programs\MiKTeX\tex/latex/booktabs\booktabs.sty
Package: booktabs 2020/01/12 v1.61803398 Publication quality tables
\heavyrulewidth=\dimen160
\lightrulewidth=\dimen161
\cmidrulewidth=\dimen162
\belowrulesep=\dimen163
\belowbottomsep=\dimen164
\aboverulesep=\dimen165
\abovetopsep=\dimen166
\cmidrulesep=\dimen167
\cmidrulekern=\dimen168
\defaultaddspace=\dimen169
\@cmidla=\count280
\@cmidlb=\count281
\@aboverulesep=\dimen170
\@belowrulesep=\dimen171
\@thisruleclass=\count282
\@lastruleclass=\count283
\@thisrulewidth=\dimen172
)
(C:\Users\tal12\AppData\Local\Programs\MiKTeX\tex/latex/newfloat\newfloat.sty
Package: newfloat 2023/10/01 v1.2 Defining new floating environments (AR)
)
(C:\Users\tal12\AppData\Local\Programs\MiKTeX\tex/latex/listings\listings.sty
\lst@mode=\count284
\lst@gtempboxa=\box55
\lst@token=\toks27
\lst@length=\count285
\lst@currlwidth=\dimen173
\lst@column=\count286
\lst@pos=\count287
\lst@lostspace=\dimen174
\lst@width=\dimen175
\lst@newlines=\count288
\lst@lineno=\count289
\lst@maxwidth=\dimen176

(C:\Users\tal12\AppData\Local\Programs\MiKTeX\tex/latex/listings\lstmisc.sty
File: lstmisc.sty 2023/02/27 1.9 (Carsten Heinz)
\c@lstnumber=\count290
\lst@skipnumbers=\count291
\lst@framebox=\box56
)
(C:\Users\tal12\AppData\Local\Programs\MiKTeX\tex/latex/listings\listings.cfg
File: listings.cfg 2023/02/27 1.9 listings configuration
))
Package: listings 2023/02/27 1.9 (Carsten Heinz)
\@float@every@listing=\toks28
\c@listing=\count292
(C:\Users\tal12\AppData\Local\Programs\MiKTeX\tex/latex/multirow\multirow.sty
Package: multirow 2021/03/15 v2.8 Span multiple rows of a table
\multirow@colwidth=\skip58
\multirow@cntb=\count293
\multirow@dima=\skip59
\bigstrutjot=\dimen177
)
LaTeX Font Info:    Trying to load font information for OT1+ptm on input line 1
25.

(C:\Users\tal12\AppData\Local\Programs\MiKTeX\tex/latex/psnfss\ot1ptm.fd
File: ot1ptm.fd 2001/06/04 font definitions for OT1/ptm.
)
(C:\Users\tal12\AppData\Local\Programs\MiKTeX\tex/latex/l3backend\l3backend-pdf
tex.def
File: l3backend-pdftex.def 2023-04-19 L3 backend support: PDF output (pdfTeX)
\l__color_backend_stack_int=\count294
\l__pdf_internal_box=\box57
) (aaai22_changed.aux)
\openout1 = `aaai22_changed.aux'.

LaTeX Font Info:    Checking defaults for OML/cmm/m/it on input line 125.
LaTeX Font Info:    ... okay on input line 125.
LaTeX Font Info:    Checking defaults for OMS/cmsy/m/n on input line 125.
LaTeX Font Info:    ... okay on input line 125.
LaTeX Font Info:    Checking defaults for OT1/cmr/m/n on input line 125.
LaTeX Font Info:    ... okay on input line 125.
LaTeX Font Info:    Checking defaults for T1/cmr/m/n on input line 125.
LaTeX Font Info:    ... okay on input line 125.
LaTeX Font Info:    Checking defaults for TS1/cmr/m/n on input line 125.
LaTeX Font Info:    ... okay on input line 125.
LaTeX Font Info:    Checking defaults for OMX/cmex/m/n on input line 125.
LaTeX Font Info:    ... okay on input line 125.
LaTeX Font Info:    Checking defaults for U/cmr/m/n on input line 125.
LaTeX Font Info:    ... okay on input line 125.

(C:\Users\tal12\AppData\Local\Programs\MiKTeX\tex/context/base/mkii\supp-pdf.mk
ii
[Loading MPS to PDF converter (version 2006.09.02).]
\scratchcounter=\count295
\scratchdimen=\dimen178
\scratchbox=\box58
\nofMPsegments=\count296
\nofMParguments=\count297
\everyMPshowfont=\toks29
\MPscratchCnt=\count298
\MPscratchDim=\dimen179
\MPnumerator=\count299
\makeMPintoPDFobject=\count300
\everyMPtoPDFconversion=\toks30
)
(C:\Users\tal12\AppData\Local\Programs\MiKTeX\tex/latex/epstopdf-pkg\epstopdf-b
ase.sty
Package: epstopdf-base 2020-01-24 v2.11 Base part for package epstopdf
Package epstopdf-base Info: Redefining graphics rule for `.eps' on input line 4
85.

(C:\Users\tal12\AppData\Local\Programs\MiKTeX\tex/latex/00miktex\epstopdf-sys.c
fg
File: epstopdf-sys.cfg 2021/03/18 v2.0 Configuration of epstopdf for MiKTeX
))
Package caption Info: Begin \AtBeginDocument code.
Package caption Info: float package is loaded.
Package caption Info: listings package is loaded.
Package caption Info: End \AtBeginDocument code.
Package newfloat Info: `float' package detected.
\c@lstlisting=\count301
\c@eqfn=\count302
\titlearea=\box59
LaTeX Font Info:    Trying to load font information for U+msa on input line 126
.
 (C:\Users\tal12\AppData\Local\Programs\MiKTeX\tex/latex/amsfonts\umsa.fd
File: umsa.fd 2013/01/14 v3.01 AMS symbols A
)
LaTeX Font Info:    Trying to load font information for U+msb on input line 126
.

(C:\Users\tal12\AppData\Local\Programs\MiKTeX\tex/latex/amsfonts\umsb.fd
File: umsb.fd 2013/01/14 v3.01 AMS symbols B
)
\actualheight=\skip60
LaTeX Font Info:    Trying to load font information for TS1+ptm on input line 1
26.

(C:\Users\tal12\AppData\Local\Programs\MiKTeX\tex/latex/psnfss\ts1ptm.fd
File: ts1ptm.fd 2001/06/04 font definitions for TS1/ptm.
)

Package natbib Warning: Citation `ai-index' on page 1 undefined on input line 1
42.


Package natbib Warning: Citation `Topol2019HighperformanceMT' on page 1 undefin
ed on input line 142.


Package natbib Warning: Citation `ibmfail' on page 1 undefined on input line 14
3.


Package natbib Warning: Citation `DBLP:journals/corr/abs-2109-06919' on page 1 
undefined on input line 145.


Package natbib Warning: Citation `fda' on page 1 undefined on input line 146.


Package natbib Warning: Citation `JacobsHPLAMPDG21' on page 1 undefined on inpu
t line 147.


Package natbib Warning: Citation `Xie2020CheXplainEP' on page 1 undefined on in
put line 147.


Package natbib Warning: Citation `10.1145/3313831.3376718' on page 1 undefined 
on input line 147.


Package natbib Warning: Citation `Yang2019UnremarkableAF' on page 1 undefined o
n input line 150.


Package natbib Warning: Citation `Begoli2019TheNF' on page 1 undefined on input
 line 150.


Package natbib Warning: Citation `Allen20212020AD' on page 1 undefined on input
 line 151.


Package natbib Warning: Citation `doi:10.1148/ryai.2021200267' on page 1 undefi
ned on input line 153.


Package natbib Warning: Citation `doi:10.1126/science.aaw4399' on page 1 undefi
ned on input line 153.


Package natbib Warning: Citation `bissoto19deconstructing' on page 1 undefined 
on input line 154.


Package natbib Warning: Citation `pmlr-v81-buolamwini18a' on page 1 undefined o
n input line 154.


Package natbib Warning: Citation `pierson2021algorithmic' on page 1 undefined o
n input line 154.


Package natbib Warning: Citation `banerjee2021reading' on page 1 undefined on i
nput line 154.


Package natbib Warning: Citation `10.1007/978-3-030-50146-4_39' on page 1 undef
ined on input line 157.


Package natbib Warning: Citation `10.1145/3461702.3462571' on page 1 undefined 
on input line 160.


Package natbib Warning: Citation `kompa' on page 1 undefined on input line 160.



Package natbib Warning: Citation `lu2021evaluating' on page 1 undefined on inpu
t line 160.


Package natbib Warning: Citation `Larrazabal12592' on page 1 undefined on input
 line 170.


Package natbib Warning: Citation `Pierson2021AnAA' on page 1 undefined on input
 line 170.


Package natbib Warning: Citation `barocas-hardt-narayanan' on page 1 undefined 
on input line 171.

[1{C:/Users/tal12/AppData/Local/MiKTeX/fonts/map/pdftex/pdftex.map}{C:/Users/ta
l12/AppData/Local/Programs/MiKTeX/fonts/enc/dvips/base/8r.enc}



]

LaTeX Font Warning: Command \small invalid in math mode on input line 175.

LaTeX Font Info:    Calculating math sizes for size <> on input line 177.

LaTeX Font Warning: Font shape `OT1/cmr/m/n' in size <> not available
(Font)              size <5> substituted on input line 177.


LaTeX Font Warning: Font shape `OT1/cmr/m/n' in size <0.7> not available
(Font)              size <5> substituted on input line 177.


LaTeX Font Warning: Font shape `OT1/cmr/m/n' in size <0.5> not available
(Font)              size <5> substituted on input line 177.


LaTeX Font Warning: Font shape `OML/cmm/m/it' in size <> not available
(Font)              size <5> substituted on input line 177.


LaTeX Font Warning: Font shape `OML/cmm/m/it' in size <0.7> not available
(Font)              size <5> substituted on input line 177.


LaTeX Font Warning: Font shape `OML/cmm/m/it' in size <0.5> not available
(Font)              size <5> substituted on input line 177.


LaTeX Font Warning: Font shape `OMS/cmsy/m/n' in size <> not available
(Font)              size <5> substituted on input line 177.


LaTeX Font Warning: Font shape `OMS/cmsy/m/n' in size <0.7> not available
(Font)              size <5> substituted on input line 177.


LaTeX Font Warning: Font shape `OMS/cmsy/m/n' in size <0.5> not available
(Font)              size <5> substituted on input line 177.


LaTeX Font Warning: Command \small invalid in math mode on input line 180.


LaTeX Font Warning: Command \small invalid in math mode on input line 185.


Package natbib Warning: Citation `kleinberg_et_al:LIPIcs:2017:8156' on page 2 u
ndefined on input line 190.


Package natbib Warning: Citation `Zafar_2017' on page 2 undefined on input line
 191.


Package natbib Warning: Citation `NIPS2017_a486cd07' on page 2 undefined on inp
ut line 191.


Package natbib Warning: Citation `Gal2016Uncertainty' on page 2 undefined on in
put line 196.


Package natbib Warning: Citation `pmlr-v48-gal16' on page 2 undefined on input 
line 197.


Package natbib Warning: Citation `NIPS2017_9ef2ed4b' on page 2 undefined on inp
ut line 198.


LaTeX Font Warning: Command \small invalid in math mode on input line 204.


Package natbib Warning: Citation `pmlr-v70-guo17a' on page 2 undefined on input
 line 215.


LaTeX Font Warning: Command \small invalid in math mode on input line 218.


Package natbib Warning: Citation `vovk' on page 2 undefined on input line 231.


LaTeX Font Warning: Command \small invalid in math mode on input line 234.


Package natbib Warning: Citation `kompa' on page 2 undefined on input line 253.



Package natbib Warning: Citation `10.1007/s41666-021-00113-8' on page 2 undefin
ed on input line 253.


Package natbib Warning: Citation `NEURIPS2019_5103c358' on page 2 undefined on 
input line 254.


Package natbib Warning: Citation `JMLR:v22:20-753' on page 2 undefined on input
 line 254.

[2]
<LaTeX/rule-out.png, id=25, 805.0075pt x 524.96124pt>
File: LaTeX/rule-out.png Graphic file (type png)
<use LaTeX/rule-out.png>
Package pdftex.def Info: LaTeX/rule-out.png  used on input line 291.
(pdftex.def)             Requested size: 191.51622pt x 124.88785pt.

Underfull \hbox (badness 1052) in paragraph at lines 295--298
\OT1/ptm/m/n/10 (Fig-ure 1[]). Thus, an ap-pli-ca-tion to de-tect hem-or-rhagic

 []

<LaTeX/rule-in.png, id=27, 790.955pt x 513.92pt>
File: LaTeX/rule-in.png Graphic file (type png)
<use LaTeX/rule-in.png>
Package pdftex.def Info: LaTeX/rule-in.png  used on input line 301.
(pdftex.def)             Requested size: 191.51622pt x 124.43332pt.
[3 <./LaTeX/rule-out.png> <./LaTeX/rule-in.png>]

Package natbib Warning: Citation `Romano2020With' on page 4 undefined on input 
line 324.


Package natbib Warning: Citation `NEURIPS2020_244edd7e' on page 4 undefined on 
input line 339.


LaTeX Font Warning: Command \small invalid in math mode on input line 344.


Underfull \hbox (badness 10000) in paragraph at lines 356--365

 []


Underfull \hbox (badness 10000) in paragraph at lines 379--380

 []


Package natbib Warning: Citation `NEURIPS2020_244edd7e' on page 4 undefined on 
input line 407.


Package natbib Warning: Citation `angelopoulos2021uncertainty' on page 4 undefi
ned on input line 407.


Underfull \hbox (badness 2671) in paragraph at lines 407--409
\OT1/ptm/m/n/10 We com-pare four meth-ods: a non-conformal base-line
 []

<LaTeX/fitz-subgroup-class-dist.pdf, id=33, 1011.78pt x 578.16pt>
File: LaTeX/fitz-subgroup-class-dist.pdf Graphic file (type pdf)
<use LaTeX/fitz-subgroup-class-dist.pdf>
Package pdftex.def Info: LaTeX/fitz-subgroup-class-dist.pdf  used on input line
 418.
(pdftex.def)             Requested size: 237.00174pt x 135.42651pt.

Package natbib Warning: Citation `Groh2021EvaluatingDN' on page 4 undefined on 
input line 445.

[4]

LaTeX Font Warning: Command \small invalid in math mode on input line 475.


LaTeX Font Warning: Command \small invalid in math mode on input line 482.


Package natbib Warning: Citation `DBLP:journals/corr/XieGDTH16' on page 5 undef
ined on input line 487.


Package natbib Warning: Citation `imagenet_cvpr09' on page 5 undefined on input
 line 487.


Package natbib Warning: Citation `hendrycks17baseline' on page 5 undefined on i
nput line 488.


Package natbib Warning: Citation `NEURIPS2019_9015' on page 5 undefined on inpu
t line 491.

<LaTeX/fitz-rule-in-out-subgroup.pdf, id=39, 1725.85721pt x 426.0304pt>
File: LaTeX/fitz-rule-in-out-subgroup.pdf Graphic file (type pdf)
<use LaTeX/fitz-rule-in-out-subgroup.pdf>
Package pdftex.def Info: LaTeX/fitz-rule-in-out-subgroup.pdf  used on input lin
e 499.
(pdftex.def)             Requested size: 500.83388pt x 123.63016pt.
<LaTeX/fitz-subgroup-coverage.pdf, id=40, 2448.87088pt x 1250.80765pt>
File: LaTeX/fitz-subgroup-coverage.pdf Graphic file (type pdf)
<use LaTeX/fitz-subgroup-coverage.pdf>
Package pdftex.def Info: LaTeX/fitz-subgroup-coverage.pdf  used on input line 5
06.
(pdftex.def)             Requested size: 480.59395pt x 245.462pt.
<LaTeX/fitz-uncertainty-compare.png, id=41, 1870.1067pt x 668.4975pt>
File: LaTeX/fitz-uncertainty-compare.png Graphic file (type png)
<use LaTeX/fitz-uncertainty-compare.png>
Package pdftex.def Info: LaTeX/fitz-uncertainty-compare.png  used on input line
 513.
(pdftex.def)             Requested size: 500.83388pt x 179.02786pt.
[5 <./LaTeX/fitz-subgroup-class-dist.pdf>]
Underfull \vbox (badness 10000) has occurred while \output is active []


Underfull \vbox (badness 10000) has occurred while \output is active []

 [6 <./LaTeX/fitz-rule-in-out-subgroup.pdf> <./LaTeX/fitz-subgroup-coverage.pdf
>]
Underfull \hbox (badness 2368) in paragraph at lines 625--626
\OT1/ptm/m/n/10 The au-thors would like to thank Christo-pher Bridge,
 []


Underfull \hbox (badness 3746) in paragraph at lines 627--627
[]\OT1/ptm/m/n/10 Adipisci om-nis velit, nulla con-secte-tur do-loremque
 []


Underfull \vbox (badness 1383) has occurred while \output is active []

 [7 <./LaTeX/fitz-uncertainty-compare.png>] [8

]
No file aaai22_changed.bbl.

Package natbib Warning: There were undefined citations.

(aaai22_changed.aux)
 ***********
LaTeX2e <2023-06-01> patch level 1
L3 programming layer <2023-08-29>
 ***********


LaTeX Font Warning: Size substitutions with differences
(Font)              up to 4.5pt have occurred.

 ) 
Here is how much of TeX's memory you used:
 6186 strings out of 475247
 101332 string characters out of 5757793
 1948785 words of memory out of 5000000
 27630 multiletter control sequences out of 15000+600000
 588632 words of font info for 105 fonts, out of 8000000 for 9000
 1141 hyphenation exceptions out of 8191
 57i,12n,65p,2301b,596s stack positions out of 10000i,1000n,20000p,200000b,200000s
<C:/Users/tal12/AppData/Local/Programs/MiKTeX/fonts/type1/public/amsfonts/cm/
cmex10.pfb><C:/Users/tal12/AppData/Local/Programs/MiKTeX/fonts/type1/public/ams
fonts/cmextra/cmex9.pfb><C:/Users/tal12/AppData/Local/Programs/MiKTeX/fonts/typ
e1/public/amsfonts/cm/cmmi10.pfb><C:/Users/tal12/AppData/Local/Programs/MiKTeX/
fonts/type1/public/amsfonts/cm/cmmi5.pfb><C:/Users/tal12/AppData/Local/Programs
/MiKTeX/fonts/type1/public/amsfonts/cm/cmmi6.pfb><C:/Users/tal12/AppData/Local/
Programs/MiKTeX/fonts/type1/public/amsfonts/cm/cmmi7.pfb><C:/Users/tal12/AppDat
a/Local/Programs/MiKTeX/fonts/type1/public/amsfonts/cm/cmmi9.pfb><C:/Users/tal1
2/AppData/Local/Programs/MiKTeX/fonts/type1/public/amsfonts/cm/cmr10.pfb><C:/Us
ers/tal12/AppData/Local/Programs/MiKTeX/fonts/type1/public/amsfonts/cm/cmr5.pfb
><C:/Users/tal12/AppData/Local/Programs/MiKTeX/fonts/type1/public/amsfonts/cm/c
mr6.pfb><C:/Users/tal12/AppData/Local/Programs/MiKTeX/fonts/type1/public/amsfon
ts/cm/cmr7.pfb><C:/Users/tal12/AppData/Local/Programs/MiKTeX/fonts/type1/public
/amsfonts/cm/cmr9.pfb><C:/Users/tal12/AppData/Local/Programs/MiKTeX/fonts/type1
/public/amsfonts/cm/cmsy10.pfb><C:/Users/tal12/AppData/Local/Programs/MiKTeX/fo
nts/type1/public/amsfonts/cm/cmsy6.pfb><C:/Users/tal12/AppData/Local/Programs/M
iKTeX/fonts/type1/public/amsfonts/cm/cmsy7.pfb><C:/Users/tal12/AppData/Local/Pr
ograms/MiKTeX/fonts/type1/public/amsfonts/cm/cmsy8.pfb><C:/Users/tal12/AppData/
Local/Programs/MiKTeX/fonts/type1/public/amsfonts/cm/cmsy9.pfb><C:/Users/tal12/
AppData/Local/Programs/MiKTeX/fonts/type1/public/amsfonts/symbols/msbm10.pfb><C
:/Users/tal12/AppData/Local/Programs/MiKTeX/fonts/type1/urw/times/utmb8a.pfb><C
:/Users/tal12/AppData/Local/Programs/MiKTeX/fonts/type1/urw/times/utmr8a.pfb><C
:/Users/tal12/AppData/Local/Programs/MiKTeX/fonts/type1/urw/times/utmri8a.pfb>
Output written on aaai22_changed.pdf (8 pages, 5366474 bytes).
PDF statistics:
 328 PDF objects out of 1000 (max. 8388607)
 0 named destinations out of 1000 (max. 500000)
 31 words of extra memory for PDF output out of 10000 (max. 10000000)

