This is pdfTeX, Version 3.141592653-2.6-1.40.25 (MiKTeX 23.5) (preloaded format=pdflatex 2024.1.12)  30 MAR 2024 17:33
entering extended mode
 restricted \write18 enabled.
 %&-line parsing enabled.
**./main_changed.tex
(main_changed.tex
LaTeX2e <2023-06-01> patch level 1
L3 programming layer <2023-08-29>
(C:\Users\orfuc\AppData\Local\Programs\MiKTeX\tex/latex/base\article.cls
Document Class: article 2023/05/17 v1.4n Standard LaTeX document class
(C:\Users\orfuc\AppData\Local\Programs\MiKTeX\tex/latex/base\size10.clo
File: size10.clo 2023/05/17 v1.4n Standard LaTeX file (size option)
)
\c@part=\count185
\c@section=\count186
\c@subsection=\count187
\c@subsubsection=\count188
\c@paragraph=\count189
\c@subparagraph=\count190
\c@figure=\count191
\c@table=\count192
\abovecaptionskip=\skip48
\belowcaptionskip=\skip49
\bibindent=\dimen140
)
(aaai21.sty
Conference Style for AAAI for LaTeX 2e -- version for the AAAI-21 conference - 
MODIFIED
\titlebox=\skip50
) (C:\Users\orfuc\AppData\Local\Programs\MiKTeX\tex/latex/psnfss\times.sty
Package: times 2020/03/25 PSNFSS-v9.3 (SPQR) 
)
(C:\Users\orfuc\AppData\Local\Programs\MiKTeX\tex/latex/psnfss\helvet.sty
Package: helvet 2020/03/25 PSNFSS-v9.3 (WaS) 

(C:\Users\orfuc\AppData\Local\Programs\MiKTeX\tex/latex/graphics\keyval.sty
Package: keyval 2022/05/29 v1.15 key=value parser (DPC)
\KV@toks@=\toks17
))
(C:\Users\orfuc\AppData\Local\Programs\MiKTeX\tex/latex/psnfss\courier.sty
Package: courier 2020/03/25 PSNFSS-v9.3 (WaS) 
)
(C:\Users\orfuc\AppData\Local\Programs\MiKTeX\tex/latex/url\url.sty
\Urlmuskip=\muskip16
Package: url 2013/09/16  ver 3.4  Verb mode for urls, etc.
)
(C:\Users\orfuc\AppData\Local\Programs\MiKTeX\tex/latex/graphics\graphicx.sty
Package: graphicx 2021/09/16 v1.2d Enhanced LaTeX Graphics (DPC,SPQR)

(C:\Users\orfuc\AppData\Local\Programs\MiKTeX\tex/latex/graphics\graphics.sty
Package: graphics 2022/03/10 v1.4e Standard LaTeX Graphics (DPC,SPQR)

(C:\Users\orfuc\AppData\Local\Programs\MiKTeX\tex/latex/graphics\trig.sty
Package: trig 2021/08/11 v1.11 sin cos tan (DPC)
)
(C:\Users\orfuc\AppData\Local\Programs\MiKTeX\tex/latex/graphics-cfg\graphics.c
fg
File: graphics.cfg 2016/06/04 v1.11 sample graphics configuration
)
Package graphics Info: Driver file: pdftex.def on input line 107.

(C:\Users\orfuc\AppData\Local\Programs\MiKTeX\tex/latex/graphics-def\pdftex.def
File: pdftex.def 2022/09/22 v1.2b Graphics/color driver for pdftex
))
\Gin@req@height=\dimen141
\Gin@req@width=\dimen142
) (C:\Users\orfuc\AppData\Local\Programs\MiKTeX\tex/latex/natbib\natbib.sty
Package: natbib 2010/09/13 8.31b (PWD, AO)
\bibhang=\skip51
\bibsep=\skip52
LaTeX Info: Redefining \cite on input line 694.
\c@NAT@ctr=\count193
)
(C:\Users\orfuc\AppData\Local\Programs\MiKTeX\tex/latex/caption\caption.sty
Package: caption 2023/07/31 v3.6n Customizing captions (AR)

(C:\Users\orfuc\AppData\Local\Programs\MiKTeX\tex/latex/caption\caption3.sty
Package: caption3 2023/07/31 v2.4d caption3 kernel (AR)
\caption@tempdima=\dimen143
\captionmargin=\dimen144
\caption@leftmargin=\dimen145
\caption@rightmargin=\dimen146
\caption@width=\dimen147
\caption@indent=\dimen148
\caption@parindent=\dimen149
\caption@hangindent=\dimen150
Package caption Info: Standard document class detected.
)
\c@caption@flags=\count194
\c@continuedfloat=\count195
)
LaTeX Font Info:    Trying to load font information for OT1+ptm on input line 9
6.

(C:\Users\orfuc\AppData\Local\Programs\MiKTeX\tex/latex/psnfss\ot1ptm.fd
File: ot1ptm.fd 2001/06/04 font definitions for OT1/ptm.
)
(C:\Users\orfuc\AppData\Local\Programs\MiKTeX\tex/latex/l3backend\l3backend-pdf
tex.def
File: l3backend-pdftex.def 2023-04-19 L3 backend support: PDF output (pdfTeX)
\l__color_backend_stack_int=\count196
\l__pdf_internal_box=\box51
) (main_changed.aux)
\openout1 = `main_changed.aux'.

LaTeX Font Info:    Checking defaults for OML/cmm/m/it on input line 96.
LaTeX Font Info:    ... okay on input line 96.
LaTeX Font Info:    Checking defaults for OMS/cmsy/m/n on input line 96.
LaTeX Font Info:    ... okay on input line 96.
LaTeX Font Info:    Checking defaults for OT1/cmr/m/n on input line 96.
LaTeX Font Info:    ... okay on input line 96.
LaTeX Font Info:    Checking defaults for T1/cmr/m/n on input line 96.
LaTeX Font Info:    ... okay on input line 96.
LaTeX Font Info:    Checking defaults for TS1/cmr/m/n on input line 96.
LaTeX Font Info:    ... okay on input line 96.
LaTeX Font Info:    Checking defaults for OMX/cmex/m/n on input line 96.
LaTeX Font Info:    ... okay on input line 96.
LaTeX Font Info:    Checking defaults for U/cmr/m/n on input line 96.
LaTeX Font Info:    ... okay on input line 96.

(C:\Users\orfuc\AppData\Local\Programs\MiKTeX\tex/context/base/mkii\supp-pdf.mk
ii
[Loading MPS to PDF converter (version 2006.09.02).]
\scratchcounter=\count197
\scratchdimen=\dimen151
\scratchbox=\box52
\nofMPsegments=\count198
\nofMParguments=\count199
\everyMPshowfont=\toks18
\MPscratchCnt=\count266
\MPscratchDim=\dimen152
\MPnumerator=\count267
\makeMPintoPDFobject=\count268
\everyMPtoPDFconversion=\toks19
)
(C:\Users\orfuc\AppData\Local\Programs\MiKTeX\tex/latex/epstopdf-pkg\epstopdf-b
ase.sty
Package: epstopdf-base 2020-01-24 v2.11 Base part for package epstopdf
Package epstopdf-base Info: Redefining graphics rule for `.eps' on input line 4
85.

(C:\Users\orfuc\AppData\Local\Programs\MiKTeX\tex/latex/00miktex\epstopdf-sys.c
fg
File: epstopdf-sys.cfg 2021/03/18 v2.0 Configuration of epstopdf for MiKTeX
))
Package caption Info: Begin \AtBeginDocument code.
Package caption Info: End \AtBeginDocument code.
\titlearea=\box53
LaTeX Font Info:    External font `cmex10' loaded for size
(Font)              <7> on input line 98.
LaTeX Font Info:    External font `cmex10' loaded for size
(Font)              <5> on input line 98.
LaTeX Font Info:    Trying to load font information for OMS+ptm on input line 9
8.
 (C:\Users\orfuc\AppData\Local\Programs\MiKTeX\tex/latex/psnfss\omsptm.fd
File: omsptm.fd 
)
LaTeX Font Info:    Font shape `OMS/ptm/m/n' in size <10> not available
(Font)              Font shape `OMS/cmsy/m/n' tried instead on input line 98.
\actualheight=\skip53

Underfull \vbox (badness 10000) detected at line 98
 []

LaTeX Font Info:    Trying to load font information for TS1+ptm on input line 9
8.
(C:\Users\orfuc\AppData\Local\Programs\MiKTeX\tex/latex/psnfss\ts1ptm.fd
File: ts1ptm.fd 2001/06/04 font definitions for TS1/ptm.
)

Package natbib Warning: Citation `aaai2019aaai' on page 1 undefined on input li
ne 109.


Package natbib Warning: Citation `giorgini2015researcher' on page 1 undefined o
n input line 109.


Package natbib Warning: Citation `gebru2020race' on page 1 undefined on input l
ine 110.


Package natbib Warning: Citation `harris2008good' on page 1 undefined on input 
line 110.


Package natbib Warning: Citation `connolly2020computing' on page 1 undefined on
 input line 112.


Package natbib Warning: Citation `mcgowan2020engineering' on page 1 undefined o
n input line 114.


Package natbib Warning: Citation `swartz2019sociotechnical' on page 1 undefined
 on input line 114.


Package natbib Warning: Citation `depalma2014quis' on page 1 undefined on input
 line 116.


Package natbib Warning: Citation `friedman1996value' on page 1 undefined on inp
ut line 119.


Package natbib Warning: Citation `bennett2020point' on page 1 undefined on inpu
t line 121.


Package natbib Warning: Citation `le2020we' on page 1 undefined on input line 1
21.


Package natbib Warning: Citation `leydens2014design' on page 1 undefined on inp
ut line 121.


Package natbib Warning: Citation `leydens2017engineering' on page 1 undefined o
n input line 121.


Package natbib Warning: Citation `nieusma2013engineering' on page 1 undefined o
n input line 121.


Package natbib Warning: Citation `riley2008engineering' on page 1 undefined on 
input line 121.


Package natbib Warning: Citation `winberg2017using' on page 1 undefined on inpu
t line 121.


Package natbib Warning: Citation `leydens2017engineering' on page 1 undefined o
n input line 123.


Package natbib Warning: Citation `leydens2017confronting' on page 1 undefined o
n input line 123.


Package natbib Warning: Citation `leydens2016making' on page 1 undefined on inp
ut line 123.

[1{C:/Users/orfuc/AppData/Local/MiKTeX/fonts/map/pdftex/pdftex.map}{C:/Users/or
fuc/AppData/Local/Programs/MiKTeX/fonts/enc/dvips/base/8r.enc}



]

Package natbib Warning: Citation `leydens2017engineering' on page 2 undefined o
n input line 128.


Package natbib Warning: Citation `bennett2020point' on page 2 undefined on inpu
t line 140.


Package natbib Warning: Citation `le2020we' on page 2 undefined on input line 1
40.


Package natbib Warning: Citation `leydens2014design' on page 2 undefined on inp
ut line 142.


Package natbib Warning: Citation `nussbaum2009creating' on page 2 undefined on 
input line 146.


Underfull \hbox (badness 1552) in paragraph at lines 146--147
\OT1/ptm/m/n/10 Nussbaum in-tro-duced a hu-man de-vel-op-ment paradigm,
 []

[2]
<chart.png, id=12, 911.405pt x 372.39125pt>
File: chart.png Graphic file (type png)
<use chart.png>
Package pdftex.def Info: chart.png  used on input line 188.
(pdftex.def)             Requested size: 505.89pt x 206.708pt.


Package natbib Warning: Citation `reneau2020supporting' on page 3 undefined on 
input line 194.


Package natbib Warning: Citation `wilson2020knowledge' on page 3 undefined on i
nput line 194.


Package natbib Warning: Citation `foster2020towards' on page 3 undefined on inp
ut line 194.


Package natbib Warning: Citation `pourebadi2020stroke' on page 3 undefined on i
nput line 194.


Package natbib Warning: Citation `foster2020towards' on page 3 undefined on inp
ut line 200.


Package natbib Warning: Citation `reneau2020supporting' on page 3 undefined on 
input line 200.


Package natbib Warning: Citation `foster2020towards' on page 3 undefined on inp
ut line 200.


Package natbib Warning: Citation `pourebadi2020stroke' on page 3 undefined on i
nput line 200.


Package natbib Warning: Citation `jeong2020face' on page 3 undefined on input l
ine 200.


Package natbib Warning: Citation `pourebadi2020stroke' on page 3 undefined on i
nput line 201.


Package natbib Warning: Citation `jeong2020face' on page 3 undefined on input l
ine 201.


Package natbib Warning: Citation `reneau2020supporting' on page 3 undefined on 
input line 201.


Package natbib Warning: Citation `wilson2020knowledge' on page 3 undefined on i
nput line 201.


Package natbib Warning: Citation `reneau2020supporting' on page 3 undefined on 
input line 201.


Package natbib Warning: Citation `wilson2020knowledge' on page 3 undefined on i
nput line 201.


Package natbib Warning: Citation `pourebadi2020stroke' on page 3 undefined on i
nput line 201.


Package natbib Warning: Citation `jeong2020face' on page 3 undefined on input l
ine 201.


Package natbib Warning: Citation `reneau2020supporting' on page 3 undefined on 
input line 202.


Package natbib Warning: Citation `wilson2020knowledge' on page 3 undefined on i
nput line 202.


Package natbib Warning: Citation `pourebadi2020stroke' on page 3 undefined on i
nput line 202.


Package natbib Warning: Citation `wilson2020knowledge' on page 3 undefined on i
nput line 202.


Package natbib Warning: Citation `pourebadi2020stroke' on page 3 undefined on i
nput line 202.

[3]

Package natbib Warning: Citation `meissner2020friend' on page 4 undefined on in
put line 208.


Package natbib Warning: Citation `power2003evaluating' on page 4 undefined on i
nput line 210.


Package natbib Warning: Citation `van2014neoliberal' on page 4 undefined on inp
ut line 210.


Underfull \vbox (badness 10000) has occurred while \output is active []

LaTeX Font Info:    External font `cmex10' loaded for size
(Font)              <9> on input line 221.
LaTeX Font Info:    External font `cmex10' loaded for size
(Font)              <6> on input line 221.


Package natbib Warning: Citation `bordbar2021roman' on page 4 undefined on inpu
t line 221.

[4 <./chart.png>]

Package natbib Warning: Citation `alkhatib2019' on page 5 undefined on input li
ne 235.


Package natbib Warning: Citation `le2020we' on page 5 undefined on input line 2
35.


Package natbib Warning: Citation `gibney2020battle' on page 5 undefined on inpu
t line 237.


Package natbib Warning: Citation `gibney2020ai' on page 5 undefined on input li
ne 237.


Package natbib Warning: Citation `crawford2019ai' on page 5 undefined on input 
line 237.

[5] [6

]
No file main_changed.bbl.

Package natbib Warning: There were undefined citations.

(main_changed.aux)
 ***********
LaTeX2e <2023-06-01> patch level 1
L3 programming layer <2023-08-29>
 ***********
 ) 
Here is how much of TeX's memory you used:
 3294 strings out of 475247
 57996 string characters out of 5757792
 1937801 words of memory out of 5000000
 24809 multiletter control sequences out of 15000+600000
 579510 words of font info for 68 fonts, out of 8000000 for 9000
 1141 hyphenation exceptions out of 8191
 57i,13n,65p,1618b,334s stack positions out of 10000i,1000n,20000p,200000b,200000s
<C:/Users/orfuc/AppData/Local/Programs/MiKTeX/fonts/type1/public/amsfonts/cm/
cmsy10.pfb><C:/Users/orfuc/AppData/Local/Programs/MiKTeX/fonts/type1/urw/times/
utmb8a.pfb><C:/Users/orfuc/AppData/Local/Programs/MiKTeX/fonts/type1/urw/times/
utmbi8a.pfb><C:/Users/orfuc/AppData/Local/Programs/MiKTeX/fonts/type1/urw/times
/utmr8a.pfb><C:/Users/orfuc/AppData/Local/Programs/MiKTeX/fonts/type1/urw/times
/utmri8a.pfb>
Output written on main_changed.pdf (6 pages, 106403 bytes).
PDF statistics:
 50 PDF objects out of 1000 (max. 8388607)
 0 named destinations out of 1000 (max. 500000)
 6 words of extra memory for PDF output out of 10000 (max. 10000000)

