This is pdfTeX, Version 3.141592653-2.6-1.40.25 (MiKTeX 23.5) (preloaded format=pdflatex 2024.1.12)  30 MAR 2024 18:29
entering extended mode
 restricted \write18 enabled.
 %&-line parsing enabled.
**./ontoreps_changed.tex
(ontoreps_changed.tex
LaTeX2e <2023-06-01> patch level 1
L3 programming layer <2023-08-29>
(C:\Users\orfuc\AppData\Local\Programs\MiKTeX\tex/latex/base\article.cls
Document Class: article 2023/05/17 v1.4n Standard LaTeX document class
(C:\Users\orfuc\AppData\Local\Programs\MiKTeX\tex/latex/base\size10.clo
File: size10.clo 2023/05/17 v1.4n Standard LaTeX file (size option)
)
\c@part=\count185
\c@section=\count186
\c@subsection=\count187
\c@subsubsection=\count188
\c@paragraph=\count189
\c@subparagraph=\count190
\c@figure=\count191
\c@table=\count192
\abovecaptionskip=\skip48
\belowcaptionskip=\skip49
\bibindent=\dimen140
)
(aaai16.sty
Conference Style for AAAI for LaTeX 2e -- version of 1 January 2016
\titlebox=\skip50
) (C:\Users\orfuc\AppData\Local\Programs\MiKTeX\tex/latex/psnfss\times.sty
Package: times 2020/03/25 PSNFSS-v9.3 (SPQR) 
)
(C:\Users\orfuc\AppData\Local\Programs\MiKTeX\tex/latex/psnfss\helvet.sty
Package: helvet 2020/03/25 PSNFSS-v9.3 (WaS) 

(C:\Users\orfuc\AppData\Local\Programs\MiKTeX\tex/latex/graphics\keyval.sty
Package: keyval 2022/05/29 v1.15 key=value parser (DPC)
\KV@toks@=\toks17
))
(C:\Users\orfuc\AppData\Local\Programs\MiKTeX\tex/latex/psnfss\courier.sty
Package: courier 2020/03/25 PSNFSS-v9.3 (WaS) 
)
(C:\Users\orfuc\AppData\Local\Programs\MiKTeX\tex/latex/graphics\color.sty
Package: color 2022/01/06 v1.3d Standard LaTeX Color (DPC)

(C:\Users\orfuc\AppData\Local\Programs\MiKTeX\tex/latex/graphics-cfg\color.cfg
File: color.cfg 2016/01/02 v1.6 sample color configuration
)
Package color Info: Driver file: pdftex.def on input line 149.

(C:\Users\orfuc\AppData\Local\Programs\MiKTeX\tex/latex/graphics-def\pdftex.def
File: pdftex.def 2022/09/22 v1.2b Graphics/color driver for pdftex
)
(C:\Users\orfuc\AppData\Local\Programs\MiKTeX\tex/latex/graphics\mathcolor.ltx)
) (C:\Users\orfuc\AppData\Local\Programs\MiKTeX\tex/latex/url\url.sty
\Urlmuskip=\muskip16
Package: url 2013/09/16  ver 3.4  Verb mode for urls, etc.
)
(danudefs.sty
(C:\Users\orfuc\AppData\Local\Programs\MiKTeX\tex/latex/base\latexsym.sty
Package: latexsym 1998/08/17 v2.2e Standard LaTeX package (lasy symbols)
\symlasy=\mathgroup4
LaTeX Font Info:    Overwriting symbol font `lasy' in version `bold'
(Font)                  U/lasy/m/n --> U/lasy/b/n on input line 52.
)
(C:\Users\orfuc\AppData\Local\Programs\MiKTeX\tex/latex/amsmath\amsmath.sty
Package: amsmath 2023/05/13 v2.17o AMS math features
\@mathmargin=\skip51

For additional information on amsmath, use the `?' option.
(C:\Users\orfuc\AppData\Local\Programs\MiKTeX\tex/latex/amsmath\amstext.sty
Package: amstext 2021/08/26 v2.01 AMS text

(C:\Users\orfuc\AppData\Local\Programs\MiKTeX\tex/latex/amsmath\amsgen.sty
File: amsgen.sty 1999/11/30 v2.0 generic functions
\@emptytoks=\toks18
\ex@=\dimen141
))
(C:\Users\orfuc\AppData\Local\Programs\MiKTeX\tex/latex/amsmath\amsbsy.sty
Package: amsbsy 1999/11/29 v1.2d Bold Symbols
\pmbraise@=\dimen142
)
(C:\Users\orfuc\AppData\Local\Programs\MiKTeX\tex/latex/amsmath\amsopn.sty
Package: amsopn 2022/04/08 v2.04 operator names
)
\inf@bad=\count193
LaTeX Info: Redefining \frac on input line 234.
\uproot@=\count194
\leftroot@=\count195
LaTeX Info: Redefining \overline on input line 399.
LaTeX Info: Redefining \colon on input line 410.
\classnum@=\count196
\DOTSCASE@=\count197
LaTeX Info: Redefining \ldots on input line 496.
LaTeX Info: Redefining \dots on input line 499.
LaTeX Info: Redefining \cdots on input line 620.
\Mathstrutbox@=\box51
\strutbox@=\box52
LaTeX Info: Redefining \big on input line 722.
LaTeX Info: Redefining \Big on input line 723.
LaTeX Info: Redefining \bigg on input line 724.
LaTeX Info: Redefining \Bigg on input line 725.
\big@size=\dimen143
LaTeX Font Info:    Redeclaring font encoding OML on input line 743.
LaTeX Font Info:    Redeclaring font encoding OMS on input line 744.
\macc@depth=\count198
LaTeX Info: Redefining \bmod on input line 905.
LaTeX Info: Redefining \pmod on input line 910.
LaTeX Info: Redefining \smash on input line 940.
LaTeX Info: Redefining \relbar on input line 970.
LaTeX Info: Redefining \Relbar on input line 971.
\c@MaxMatrixCols=\count199
\dotsspace@=\muskip17
\c@parentequation=\count266
\dspbrk@lvl=\count267
\tag@help=\toks19
\row@=\count268
\column@=\count269
\maxfields@=\count270
\andhelp@=\toks20
\eqnshift@=\dimen144
\alignsep@=\dimen145
\tagshift@=\dimen146
\tagwidth@=\dimen147
\totwidth@=\dimen148
\lineht@=\dimen149
\@envbody=\toks21
\multlinegap=\skip52
\multlinetaggap=\skip53
\mathdisplay@stack=\toks22
LaTeX Info: Redefining \[ on input line 2953.
LaTeX Info: Redefining \] on input line 2954.
)
(C:\Users\orfuc\AppData\Local\Programs\MiKTeX\tex/latex/amsfonts\amsfonts.sty
Package: amsfonts 2013/01/14 v3.01 Basic AMSFonts support
\symAMSa=\mathgroup5
\symAMSb=\mathgroup6
LaTeX Font Info:    Redeclaring math symbol \hbar on input line 98.
LaTeX Font Info:    Overwriting math alphabet `\mathfrak' in version `bold'
(Font)                  U/euf/m/n --> U/euf/b/n on input line 106.
)
(C:\Users\orfuc\AppData\Local\Programs\MiKTeX\tex/latex/amscls\amsthm.sty
Package: amsthm 2020/05/29 v2.20.6
\thm@style=\toks23
\thm@bodyfont=\toks24
\thm@headfont=\toks25
\thm@notefont=\toks26
\thm@headpunct=\toks27
\thm@preskip=\skip54
\thm@postskip=\skip55
\thm@headsep=\skip56
\dth@everypar=\toks28
)
(C:\Users\orfuc\AppData\Local\Programs\MiKTeX\tex/latex/amsfonts\amssymb.sty
Package: amssymb 2013/01/14 v3.01 AMS font symbols
)
\c@theorem=\count271
\c@proposition=\count272
\@unused=\write3
\ps@stream=\read2
\p@intvaluex=\dimen150
\p@intvaluey=\dimen151

psfig/tex 1.10-dvips
) (C:\Users\orfuc\AppData\Local\Programs\MiKTeX\tex/latex/graphics\graphicx.sty
Package: graphicx 2021/09/16 v1.2d Enhanced LaTeX Graphics (DPC,SPQR)
(C:\Users\orfuc\AppData\Local\Programs\MiKTeX\tex/latex/graphics\graphics.sty
Package: graphics 2022/03/10 v1.4e Standard LaTeX Graphics (DPC,SPQR)

(C:\Users\orfuc\AppData\Local\Programs\MiKTeX\tex/latex/graphics\trig.sty
Package: trig 2021/08/11 v1.11 sin cos tan (DPC)
)
(C:\Users\orfuc\AppData\Local\Programs\MiKTeX\tex/latex/graphics-cfg\graphics.c
fg
File: graphics.cfg 2016/06/04 v1.11 sample graphics configuration
)
Package graphics Info: Driver file: pdftex.def on input line 107.
)
\Gin@req@height=\dimen152
\Gin@req@width=\dimen153
)
(C:\Users\orfuc\AppData\Local\Programs\MiKTeX\tex/latex/epstopdf-pkg\epstopdf.s
ty
Package: epstopdf 2020-01-24 v2.11 Conversion with epstopdf on the fly (HO)

(C:\Users\orfuc\AppData\Local\Programs\MiKTeX\tex/generic/infwarerr\infwarerr.s
ty
Package: infwarerr 2019/12/03 v1.5 Providing info/warning/error messages (HO)
) (C:\Users\orfuc\AppData\Local\Programs\MiKTeX\tex/latex/grfext\grfext.sty
Package: grfext 2019/12/03 v1.3 Manage graphics extensions (HO)

(C:\Users\orfuc\AppData\Local\Programs\MiKTeX\tex/generic/kvdefinekeys\kvdefine
keys.sty
Package: kvdefinekeys 2019-12-19 v1.6 Define keys (HO)
))
(C:\Users\orfuc\AppData\Local\Programs\MiKTeX\tex/latex/kvoptions\kvoptions.sty
Package: kvoptions 2022-06-15 v3.15 Key value format for package options (HO)
(C:\Users\orfuc\AppData\Local\Programs\MiKTeX\tex/generic/ltxcmds\ltxcmds.sty
Package: ltxcmds 2020-05-10 v1.25 LaTeX kernel commands for general use (HO)
)
(C:\Users\orfuc\AppData\Local\Programs\MiKTeX\tex/latex/kvsetkeys\kvsetkeys.sty
Package: kvsetkeys 2022-10-05 v1.19 Key value parser (HO)
))
(C:\Users\orfuc\AppData\Local\Programs\MiKTeX\tex/generic/pdftexcmds\pdftexcmds
.sty
Package: pdftexcmds 2020-06-27 v0.33 Utility functions of pdfTeX for LuaTeX (HO
)
 (C:\Users\orfuc\AppData\Local\Programs\MiKTeX\tex/generic/iftex\iftex.sty
Package: iftex 2022/02/03 v1.0f TeX engine tests
)
Package pdftexcmds Info: \pdf@primitive is available.
Package pdftexcmds Info: \pdf@ifprimitive is available.
Package pdftexcmds Info: \pdfdraftmode found.
)
(C:\Users\orfuc\AppData\Local\Programs\MiKTeX\tex/latex/epstopdf-pkg\epstopdf-b
ase.sty
Package: epstopdf-base 2020-01-24 v2.11 Base part for package epstopdf
Package epstopdf-base Info: Redefining graphics rule for `.eps' on input line 4
85.
Package grfext Info: Graphics extension search list:
(grfext)             [.pdf,.png,.jpg,.mps,.jpeg,.jbig2,.jb2,.PDF,.PNG,.JPG,.JPE
G,.JBIG2,.JB2,.eps]
(grfext)             \AppendGraphicsExtensions on input line 504.

(C:\Users\orfuc\AppData\Local\Programs\MiKTeX\tex/latex/00miktex\epstopdf-sys.c
fg
File: epstopdf-sys.cfg 2021/03/18 v2.0 Configuration of epstopdf for MiKTeX
)))
(C:\Users\orfuc\AppData\Local\Programs\MiKTeX\tex/latex/algorithms\algorithmic.
sty
Package: algorithmic 2009/08/24 v0.1 Document Style `algorithmic'
 (C:\Users\orfuc\AppData\Local\Programs\MiKTeX\tex/latex/base\ifthen.sty
Package: ifthen 2022/04/13 v1.1d Standard LaTeX ifthen package (DPC)
)
\c@ALC@unique=\count273
\c@ALC@line=\count274
\c@ALC@rem=\count275
\c@ALC@depth=\count276
\ALC@tlm=\skip57
\algorithmicindent=\skip58
)
(C:\Users\orfuc\AppData\Local\Programs\MiKTeX\tex/latex/algorithms\algorithm.st
y
Package: algorithm 2009/08/24 v0.1 Document Style `algorithm' - floating enviro
nment
 (C:\Users\orfuc\AppData\Local\Programs\MiKTeX\tex/latex/float\float.sty
Package: float 2001/11/08 v1.3d Float enhancements (AL)
\c@float@type=\count277
\float@exts=\toks29
\float@box=\box53
\@float@everytoks=\toks30
\@floatcapt=\box54
)
\@float@every@algorithm=\toks31
\c@algorithm=\count278
)
LaTeX Font Info:    Trying to load font information for OT1+ptm on input line 3
8.

(C:\Users\orfuc\AppData\Local\Programs\MiKTeX\tex/latex/psnfss\ot1ptm.fd
File: ot1ptm.fd 2001/06/04 font definitions for OT1/ptm.
)
(C:\Users\orfuc\AppData\Local\Programs\MiKTeX\tex/latex/l3backend\l3backend-pdf
tex.def
File: l3backend-pdftex.def 2023-04-19 L3 backend support: PDF output (pdfTeX)
\l__color_backend_stack_int=\count279
\l__pdf_internal_box=\box55
) (ontoreps_changed.aux)
\openout1 = `ontoreps_changed.aux'.

LaTeX Font Info:    Checking defaults for OML/cmm/m/it on input line 38.
LaTeX Font Info:    ... okay on input line 38.
LaTeX Font Info:    Checking defaults for OMS/cmsy/m/n on input line 38.
LaTeX Font Info:    ... okay on input line 38.
LaTeX Font Info:    Checking defaults for OT1/cmr/m/n on input line 38.
LaTeX Font Info:    ... okay on input line 38.
LaTeX Font Info:    Checking defaults for T1/cmr/m/n on input line 38.
LaTeX Font Info:    ... okay on input line 38.
LaTeX Font Info:    Checking defaults for TS1/cmr/m/n on input line 38.
LaTeX Font Info:    ... okay on input line 38.
LaTeX Font Info:    Checking defaults for OMX/cmex/m/n on input line 38.
LaTeX Font Info:    ... okay on input line 38.
LaTeX Font Info:    Checking defaults for U/cmr/m/n on input line 38.
LaTeX Font Info:    ... okay on input line 38.

(C:\Users\orfuc\AppData\Local\Programs\MiKTeX\tex/context/base/mkii\supp-pdf.mk
ii
[Loading MPS to PDF converter (version 2006.09.02).]
\scratchcounter=\count280
\scratchdimen=\dimen154
\scratchbox=\box56
\nofMPsegments=\count281
\nofMParguments=\count282
\everyMPshowfont=\toks32
\MPscratchCnt=\count283
\MPscratchDim=\dimen155
\MPnumerator=\count284
\makeMPintoPDFobject=\count285
\everyMPtoPDFconversion=\toks33
)
LaTeX Font Info:    Trying to load font information for U+lasy on input line 59
.
 (C:\Users\orfuc\AppData\Local\Programs\MiKTeX\tex/latex/base\ulasy.fd
File: ulasy.fd 1998/08/17 v2.2e LaTeX symbol font definitions
)
LaTeX Font Info:    Trying to load font information for U+msa on input line 59.


(C:\Users\orfuc\AppData\Local\Programs\MiKTeX\tex/latex/amsfonts\umsa.fd
File: umsa.fd 2013/01/14 v3.01 AMS symbols A
)
LaTeX Font Info:    Trying to load font information for U+msb on input line 59.


(C:\Users\orfuc\AppData\Local\Programs\MiKTeX\tex/latex/amsfonts\umsb.fd
File: umsb.fd 2013/01/14 v3.01 AMS symbols B
)
LaTeX Font Info:    Trying to load font information for TS1+ptm on input line 5
9.

(C:\Users\orfuc\AppData\Local\Programs\MiKTeX\tex/latex/psnfss\ts1ptm.fd
File: ts1ptm.fd 2001/06/04 font definitions for TS1/ptm.
)
Underfull \hbox (badness 10000) in paragraph at lines 59--59
[][]\OT1/ptm/m/n/9 Japan Sci-ence and Tech-nol-ogy Agency, ER-ATO,
 []


LaTeX Warning: Citation `socher-EtAl:2012:EMNLP-CoNLL' on page 1 undefined on i
nput line 82.


LaTeX Warning: Citation `Le:ICML:2014' on page 1 undefined on input line 82.


LaTeX Warning: Citation `Turian:ACL:2010' on page 1 undefined on input line 84.



LaTeX Warning: Citation `Bollegala:ACL:2015' on page 1 undefined on input line 
84.


LaTeX Warning: Citation `Collobert:2011' on page 1 undefined on input line 84.


LaTeX Warning: Citation `Turney:JAIR:2010' on page 1 undefined on input line 86
.


LaTeX Warning: Citation `Mikolov:NIPS:2013' on page 1 undefined on input line 8
7.


LaTeX Warning: Citation `baroni-dinu-kruszewski:2014:P14-1' on page 1 undefined
 on input line 89.


LaTeX Warning: Citation `WordNet' on page 1 undefined on input line 93.


Underfull \hbox (badness 2443) in paragraph at lines 92--103
[]\OT1/ptm/m/n/10 Complementary to the corpus-based data-driven ap-
 []


LaTeX Warning: Citation `Bollegala:AAAI:2015' on page 1 undefined on input line
 104.


Underfull \vbox (badness 1400) has occurred while \output is active []

 [1{C:/Users/orfuc/AppData/Local/MiKTeX/fonts/map/pdftex/pdftex.map}{C:/Users/o
rfuc/AppData/Local/Programs/MiKTeX/fonts/enc/dvips/base/8r.enc}



]

LaTeX Warning: Citation `Pennington:EMNLP:2014' on page 2 undefined on input li
ne 127.


LaTeX Warning: Citation `faruqui-EtAl:2015:NAACL-HLT' on page 2 undefined on in
put line 130.


LaTeX Warning: Citation `Bollegala:NAACL:2007' on page 2 undefined on input lin
e 138.


LaTeX Warning: Citation `Duc:AAAI:2011' on page 2 undefined on input line 138.


LaTeX Warning: Citation `Collobert:2011' on page 2 undefined on input line 159.



LaTeX Warning: Citation `Turian:ACL:2010' on page 2 undefined on input line 159
.


LaTeX Warning: Citation `Milkov:2013' on page 2 undefined on input line 160.


LaTeX Warning: Citation `Pennington:EMNLP:2014' on page 2 undefined on input li
ne 163.


LaTeX Warning: Citation `Yu:ACL:2014' on page 2 undefined on input line 171.


LaTeX Warning: Citation `Yu:ACL:2014' on page 2 undefined on input line 171.


LaTeX Warning: Citation `Yu:ACL:2014' on page 2 undefined on input line 172.


LaTeX Warning: Citation `Yu:ACL:2014' on page 2 undefined on input line 172.


LaTeX Warning: Citation `Pennington:EMNLP:2014' on page 2 undefined on input li
ne 181.


LaTeX Warning: Citation `Pennington:EMNLP:2014' on page 2 undefined on input li
ne 181.


LaTeX Warning: Citation `Xu:2014' on page 2 undefined on input line 185.


LaTeX Warning: Citation `Xu:2014' on page 2 undefined on input line 185.

LaTeX Font Info:    Font shape `U/lasy/b/n' in size <7> not available
(Font)              Font shape `U/lasy/m/n' tried instead on input line 189.
LaTeX Font Info:    Font shape `U/lasy/b/n' in size <5> not available
(Font)              Font shape `U/lasy/m/n' tried instead on input line 189.

LaTeX Warning: Citation `faruqui-EtAl:2015:NAACL-HLT' on page 2 undefined on in
put line 194.


LaTeX Warning: Citation `faruqui-EtAl:2015:NAACL-HLT' on page 2 undefined on in
put line 194.


LaTeX Warning: Citation `johansson-nietopina:2015:NAACL-HLT' on page 2 undefine
d on input line 198.


LaTeX Warning: Citation `johansson-nietopina:2015:NAACL-HLT' on page 2 undefine
d on input line 198.


LaTeX Warning: Citation `iacobacci-pilehvar-navigli:2015:ACL-IJCNLP' on page 2 
undefined on input line 207.


LaTeX Warning: Citation `iacobacci-pilehvar-navigli:2015:ACL-IJCNLP' on page 2 
undefined on input line 207.


LaTeX Warning: Citation `Bollegala:AAAI:2015' on page 2 undefined on input line
 210.


LaTeX Warning: Citation `Bollegala:AAAI:2015' on page 2 undefined on input line
 210.

[2]

LaTeX Warning: Citation `WordNet' on page 3 undefined on input line 224.


LaTeX Warning: Citation `baker-fillmore-lowe:1998:ACLCOLING' on page 3 undefine
d on input line 224.


LaTeX Warning: Citation `ganitkevitch-vandurme-callisonburch:2013:NAACL-HLT' on
 page 3 undefined on input line 224.


LaTeX Warning: Citation `Pennington:EMNLP:2014' on page 3 undefined on input li
ne 226.


LaTeX Warning: Citation `Pennington:EMNLP:2014' on page 3 undefined on input li
ne 226.


LaTeX Warning: Citation `Levy:TACL:2015' on page 3 undefined on input line 230.



LaTeX Font Warning: Command \small invalid in math mode on input line 241.

LaTeX Font Info:    Font shape `U/lasy/b/n' in size <9> not available
(Font)              Font shape `U/lasy/m/n' tried instead on input line 243.
LaTeX Font Info:    Font shape `U/lasy/b/n' in size <6> not available
(Font)              Font shape `U/lasy/m/n' tried instead on input line 243.

LaTeX Font Warning: Command \small invalid in math mode on input line 250.

LaTeX Font Info:    Calculating math sizes for size <> on input line 254.

LaTeX Font Warning: Font shape `OT1/cmr/m/n' in size <> not available
(Font)              size <5> substituted on input line 254.


LaTeX Font Warning: Font shape `OT1/cmr/m/n' in size <0.7> not available
(Font)              size <5> substituted on input line 254.


LaTeX Font Warning: Font shape `OT1/cmr/m/n' in size <0.5> not available
(Font)              size <5> substituted on input line 254.


LaTeX Font Warning: Font shape `OML/cmm/m/it' in size <> not available
(Font)              size <5> substituted on input line 254.


LaTeX Font Warning: Font shape `OML/cmm/m/it' in size <0.7> not available
(Font)              size <5> substituted on input line 254.


LaTeX Font Warning: Font shape `OML/cmm/m/it' in size <0.5> not available
(Font)              size <5> substituted on input line 254.


LaTeX Font Warning: Font shape `OMS/cmsy/m/n' in size <> not available
(Font)              size <5> substituted on input line 254.


LaTeX Font Warning: Font shape `OMS/cmsy/m/n' in size <0.7> not available
(Font)              size <5> substituted on input line 254.


LaTeX Font Warning: Font shape `OMS/cmsy/m/n' in size <0.5> not available
(Font)              size <5> substituted on input line 254.


LaTeX Font Warning: Font shape `U/lasy/m/n' in size <> not available
(Font)              size <5> substituted on input line 254.


LaTeX Font Warning: Font shape `U/lasy/m/n' in size <0.7> not available
(Font)              size <5> substituted on input line 254.


LaTeX Font Warning: Font shape `U/lasy/m/n' in size <0.5> not available
(Font)              size <5> substituted on input line 254.


LaTeX Warning: Citation `Pennington:EMNLP:2014' on page 3 undefined on input li
ne 255.


LaTeX Warning: Citation `Mikolov:NAACL:2013' on page 3 undefined on input line 
258.


LaTeX Warning: Citation `Mikolov:NAACL:2013' on page 3 undefined on input line 
258.


LaTeX Font Warning: Command \small invalid in math mode on input line 269.


LaTeX Font Warning: Command \small invalid in math mode on input line 285.


LaTeX Warning: Citation `Duchi:JMLR:2011' on page 3 undefined on input line 314
.

[3]
Underfull \hbox (badness 10000) in paragraph at lines 346--349
[] []\OT1/ptm/m/n/9 Word co-occurrence ma-trix $[]$ spec-i-fy-ing the co-
 []


LaTeX Warning: Citation `RG' on page 4 undefined on input line 370.


LaTeX Warning: Citation `MC' on page 4 undefined on input line 371.


LaTeX Warning: Citation `Luong:CoNLL:2013' on page 4 undefined on input line 37
1.


LaTeX Warning: Citation `Huang:ACL:2012' on page 4 undefined on input line 372.



LaTeX Warning: Citation `MEN' on page 4 undefined on input line 373.


Underfull \vbox (badness 1394) has occurred while \output is active []



LaTeX Warning: Citation `Levy:TACL:2015' on page 4 undefined on input line 378.



LaTeX Warning: Citation `Pennington:EMNLP:2014' on page 4 undefined on input li
ne 381.


LaTeX Warning: Citation `Mikolov:NIPS:2013' on page 4 undefined on input line 4
13.


LaTeX Warning: Citation `SemEavl2012:Task2' on page 4 undefined on input line 4
14.


LaTeX Warning: Citation `Finklestein:02' on page 4 undefined on input line 430.


[4]

LaTeX Warning: Citation `Luong:CoNLL:2013' on page 5 undefined on input line 45
0.


LaTeX Warning: Citation `Yu:ACL:2014' on page 5 undefined on input line 478.


LaTeX Warning: Citation `Yu:ACL:2014' on page 5 undefined on input line 478.


LaTeX Warning: Citation `Xu:2014' on page 5 undefined on input line 479.


LaTeX Warning: Citation `Xu:2014' on page 5 undefined on input line 479.


LaTeX Warning: Citation `faruqui-EtAl:2015:NAACL-HLT' on page 5 undefined on in
put line 482.


LaTeX Warning: Citation `faruqui-EtAl:2015:NAACL-HLT' on page 5 undefined on in
put line 482.


Underfull \vbox (badness 10000) has occurred while \output is active []

Package epstopdf Info: Source file: <dims.eps>
(epstopdf)                    date: 2024-03-30 15:59:53
(epstopdf)                    size: 1517873 bytes
(epstopdf)             Output file: <dims-eps-converted-to.pdf>
(epstopdf)                    date: 2024-03-30 15:59:54
(epstopdf)                    size: 27683 bytes
(epstopdf)             Command: <miktex-epstopdf --outfile=dims-eps-converted-t
o.pdf dims.eps>
(epstopdf)             \includegraphics on input line 505.
Package epstopdf Info: Output file is already uptodate.
<dims-eps-converted-to.pdf, id=33, 578.16pt x 433.62pt>
File: dims-eps-converted-to.pdf Graphic file (type pdf)
<use dims-eps-converted-to.pdf>
Package pdftex.def Info: dims-eps-converted-to.pdf  used on input line 505.
(pdftex.def)             Requested size: 256.0748pt x 192.05052pt.

Overfull \hbox (16.68042pt too wide) in paragraph at lines 505--507
 [][] 
 []

[5]
Package epstopdf Info: Source file: <size.eps>
(epstopdf)                    date: 2024-03-30 15:59:54
(epstopdf)                    size: 2143298 bytes
(epstopdf)             Output file: <size-eps-converted-to.pdf>
(epstopdf)                    date: 2024-03-30 18:29:06
(epstopdf)                    size: 19525 bytes
(epstopdf)             Command: <miktex-epstopdf --outfile=size-eps-converted-t
o.pdf size.eps>
(epstopdf)             \includegraphics on input line 526.
Package epstopdf Info: Output file is already uptodate.


pdfTeX warning: pdflatex (file ./size-eps-converted-to.pdf): PDF inclusion: fou
nd PDF version <1.7>, but at most version <1.5> allowed
<size-eps-converted-to.pdf, id=37, 672.5125pt x 526.96875pt>
File: size-eps-converted-to.pdf Graphic file (type pdf)
<use size-eps-converted-to.pdf>
Package pdftex.def Info: size-eps-converted-to.pdf  used on input line 526.
(pdftex.def)             Requested size: 256.0748pt x 200.65224pt.

Overfull \hbox (16.68042pt too wide) in paragraph at lines 526--527
 [][] 
 []


Underfull \vbox (badness 10000) has occurred while \output is active []


No file ontoreps_changed.bbl.
[6 <./dims-eps-converted-to.pdf> <./size-eps-converted-to.pdf>] [7

]
(ontoreps_changed.aux)
 ***********
LaTeX2e <2023-06-01> patch level 1
L3 programming layer <2023-08-29>
 ***********


LaTeX Font Warning: Size substitutions with differences
(Font)              up to 4.5pt have occurred.

 ) 
Here is how much of TeX's memory you used:
 4431 strings out of 475247
 68300 string characters out of 5757792
 1954801 words of memory out of 5000000
 25825 multiletter control sequences out of 15000+600000
 595161 words of font info for 131 fonts, out of 8000000 for 9000
 1141 hyphenation exceptions out of 8191
 71i,15n,79p,947b,527s stack positions out of 10000i,1000n,20000p,200000b,200000s
<C:/Users/orfuc/AppData/Local/Programs/MiKTeX/fonts/type1/public/amsfonts/cme
xtra/cmex9.pfb><C:/Users/orfuc/AppData/Local/Programs/MiKTeX/fonts/type1/public
/amsfonts/cm/cmmi10.pfb><C:/Users/orfuc/AppData/Local/Programs/MiKTeX/fonts/typ
e1/public/amsfonts/cm/cmmi6.pfb><C:/Users/orfuc/AppData/Local/Programs/MiKTeX/f
onts/type1/public/amsfonts/cm/cmmi7.pfb><C:/Users/orfuc/AppData/Local/Programs/
MiKTeX/fonts/type1/public/amsfonts/cm/cmmi9.pfb><C:/Users/orfuc/AppData/Local/P
rograms/MiKTeX/fonts/type1/public/amsfonts/cm/cmmib10.pfb><C:/Users/orfuc/AppDa
ta/Local/Programs/MiKTeX/fonts/type1/public/amsfonts/cmextra/cmmib9.pfb><C:/Use
rs/orfuc/AppData/Local/Programs/MiKTeX/fonts/type1/public/amsfonts/cm/cmr10.pfb
><C:/Users/orfuc/AppData/Local/Programs/MiKTeX/fonts/type1/public/amsfonts/cm/c
mr6.pfb><C:/Users/orfuc/AppData/Local/Programs/MiKTeX/fonts/type1/public/amsfon
ts/cm/cmr7.pfb><C:/Users/orfuc/AppData/Local/Programs/MiKTeX/fonts/type1/public
/amsfonts/cm/cmr9.pfb><C:/Users/orfuc/AppData/Local/Programs/MiKTeX/fonts/type1
/public/amsfonts/cm/cmsy10.pfb><C:/Users/orfuc/AppData/Local/Programs/MiKTeX/fo
nts/type1/public/amsfonts/cm/cmsy6.pfb><C:/Users/orfuc/AppData/Local/Programs/M
iKTeX/fonts/type1/public/amsfonts/cm/cmsy7.pfb><C:/Users/orfuc/AppData/Local/Pr
ograms/MiKTeX/fonts/type1/public/amsfonts/cm/cmsy9.pfb><C:/Users/orfuc/AppData/
Local/Programs/MiKTeX/fonts/type1/public/amsfonts/symbols/msbm10.pfb><C:/Users/
orfuc/AppData/Local/Programs/MiKTeX/fonts/type1/urw/times/utmb8a.pfb><C:/Users/
orfuc/AppData/Local/Programs/MiKTeX/fonts/type1/urw/times/utmr8a.pfb><C:/Users/
orfuc/AppData/Local/Programs/MiKTeX/fonts/type1/urw/times/utmri8a.pfb>
Output written on ontoreps_changed.pdf (7 pages, 288372 bytes).
PDF statistics:
 130 PDF objects out of 1000 (max. 8388607)
 0 named destinations out of 1000 (max. 500000)
 11 words of extra memory for PDF output out of 10000 (max. 10000000)

