This is pdfTeX, Version 3.141592653-2.6-1.40.25 (MiKTeX 23.9) (preloaded format=pdflatex 2023.9.22)  30 MAR 2024 17:19
entering extended mode
 restricted \write18 enabled.
 %&-line parsing enabled.
**./AAAI-ConnorM.4191_changed.tex
(AAAI-ConnorM.4191_changed.tex
LaTeX2e <2023-06-01> patch level 1
L3 programming layer <2023-08-29>
(C:\Users\micha\AppData\Local\Programs\MiKTeX\tex/latex/base\article.cls
Document Class: article 2023/05/17 v1.4n Standard LaTeX document class
(C:\Users\micha\AppData\Local\Programs\MiKTeX\tex/latex/base\size10.clo
File: size10.clo 2023/05/17 v1.4n Standard LaTeX file (size option)
)
\c@part=\count185
\c@section=\count186
\c@subsection=\count187
\c@subsubsection=\count188
\c@paragraph=\count189
\c@subparagraph=\count190
\c@figure=\count191
\c@table=\count192
\abovecaptionskip=\skip48
\belowcaptionskip=\skip49
\bibindent=\dimen140
)
(aaai20.sty
Conference Style for AAAI for LaTeX 2e -- version for the AAAI-20 conference
\titlebox=\skip50
) (C:\Users\micha\AppData\Local\Programs\MiKTeX\tex/latex/psnfss\times.sty
Package: times 2020/03/25 PSNFSS-v9.3 (SPQR) 
)
(C:\Users\micha\AppData\Local\Programs\MiKTeX\tex/latex/psnfss\helvet.sty
Package: helvet 2020/03/25 PSNFSS-v9.3 (WaS) 

(C:\Users\micha\AppData\Local\Programs\MiKTeX\tex/latex/graphics\keyval.sty
Package: keyval 2022/05/29 v1.15 key=value parser (DPC)
\KV@toks@=\toks17
))
(C:\Users\micha\AppData\Local\Programs\MiKTeX\tex/latex/psnfss\courier.sty
Package: courier 2020/03/25 PSNFSS-v9.3 (WaS) 
)
(C:\Users\micha\AppData\Local\Programs\MiKTeX\tex/latex/url\url.sty
\Urlmuskip=\muskip16
Package: url 2013/09/16  ver 3.4  Verb mode for urls, etc.
)
(C:\Users\micha\AppData\Local\Programs\MiKTeX\tex/latex/graphics\graphicx.sty
Package: graphicx 2021/09/16 v1.2d Enhanced LaTeX Graphics (DPC,SPQR)

(C:\Users\micha\AppData\Local\Programs\MiKTeX\tex/latex/graphics\graphics.sty
Package: graphics 2022/03/10 v1.4e Standard LaTeX Graphics (DPC,SPQR)

(C:\Users\micha\AppData\Local\Programs\MiKTeX\tex/latex/graphics\trig.sty
Package: trig 2021/08/11 v1.11 sin cos tan (DPC)
)
(C:\Users\micha\AppData\Local\Programs\MiKTeX\tex/latex/graphics-cfg\graphics.c
fg
File: graphics.cfg 2016/06/04 v1.11 sample graphics configuration
)
Package graphics Info: Driver file: pdftex.def on input line 107.

(C:\Users\micha\AppData\Local\Programs\MiKTeX\tex/latex/graphics-def\pdftex.def
File: pdftex.def 2022/09/22 v1.2b Graphics/color driver for pdftex
))
\Gin@req@height=\dimen141
\Gin@req@width=\dimen142
)
(C:\Users\micha\AppData\Local\Programs\MiKTeX\tex/latex/caption\subcaption.sty
Package: subcaption 2023/07/28 v1.6b Sub-captions (AR)

(C:\Users\micha\AppData\Local\Programs\MiKTeX\tex/latex/caption\caption.sty
Package: caption 2023/07/31 v3.6n Customizing captions (AR)

(C:\Users\micha\AppData\Local\Programs\MiKTeX\tex/latex/caption\caption3.sty
Package: caption3 2023/07/31 v2.4d caption3 kernel (AR)
\caption@tempdima=\dimen143
\captionmargin=\dimen144
\caption@leftmargin=\dimen145
\caption@rightmargin=\dimen146
\caption@width=\dimen147
\caption@indent=\dimen148
\caption@parindent=\dimen149
\caption@hangindent=\dimen150
Package caption Info: Standard document class detected.
)
\c@caption@flags=\count193
\c@continuedfloat=\count194
)
Package caption Info: New subtype `subfigure' on input line 238.
\c@subfigure=\count195
Package caption Info: New subtype `subtable' on input line 238.
\c@subtable=\count196
) (C:\Users\micha\AppData\Local\Programs\MiKTeX\tex/latex/amsfonts\amsfonts.sty
Package: amsfonts 2013/01/14 v3.01 Basic AMSFonts support
\@emptytoks=\toks18
\symAMSa=\mathgroup4
\symAMSb=\mathgroup5
LaTeX Font Info:    Redeclaring math symbol \hbar on input line 98.
LaTeX Font Info:    Overwriting math alphabet `\mathfrak' in version `bold'
(Font)                  U/euf/m/n --> U/euf/b/n on input line 106.
) (C:\Users\micha\AppData\Local\Programs\MiKTeX\tex/latex/amsmath\amsmath.sty
Package: amsmath 2023/05/13 v2.17o AMS math features
\@mathmargin=\skip51

For additional information on amsmath, use the `?' option.
(C:\Users\micha\AppData\Local\Programs\MiKTeX\tex/latex/amsmath\amstext.sty
Package: amstext 2021/08/26 v2.01 AMS text

(C:\Users\micha\AppData\Local\Programs\MiKTeX\tex/latex/amsmath\amsgen.sty
File: amsgen.sty 1999/11/30 v2.0 generic functions
\@emptytoks=\toks19
\ex@=\dimen151
))
(C:\Users\micha\AppData\Local\Programs\MiKTeX\tex/latex/amsmath\amsbsy.sty
Package: amsbsy 1999/11/29 v1.2d Bold Symbols
\pmbraise@=\dimen152
)
(C:\Users\micha\AppData\Local\Programs\MiKTeX\tex/latex/amsmath\amsopn.sty
Package: amsopn 2022/04/08 v2.04 operator names
)
\inf@bad=\count197
LaTeX Info: Redefining \frac on input line 234.
\uproot@=\count198
\leftroot@=\count199
LaTeX Info: Redefining \overline on input line 399.
LaTeX Info: Redefining \colon on input line 410.
\classnum@=\count266
\DOTSCASE@=\count267
LaTeX Info: Redefining \ldots on input line 496.
LaTeX Info: Redefining \dots on input line 499.
LaTeX Info: Redefining \cdots on input line 620.
\Mathstrutbox@=\box51
\strutbox@=\box52
LaTeX Info: Redefining \big on input line 722.
LaTeX Info: Redefining \Big on input line 723.
LaTeX Info: Redefining \bigg on input line 724.
LaTeX Info: Redefining \Bigg on input line 725.
\big@size=\dimen153
LaTeX Font Info:    Redeclaring font encoding OML on input line 743.
LaTeX Font Info:    Redeclaring font encoding OMS on input line 744.
\macc@depth=\count268
LaTeX Info: Redefining \bmod on input line 905.
LaTeX Info: Redefining \pmod on input line 910.
LaTeX Info: Redefining \smash on input line 940.
LaTeX Info: Redefining \relbar on input line 970.
LaTeX Info: Redefining \Relbar on input line 971.
\c@MaxMatrixCols=\count269
\dotsspace@=\muskip17
\c@parentequation=\count270
\dspbrk@lvl=\count271
\tag@help=\toks20
\row@=\count272
\column@=\count273
\maxfields@=\count274
\andhelp@=\toks21
\eqnshift@=\dimen154
\alignsep@=\dimen155
\tagshift@=\dimen156
\tagwidth@=\dimen157
\totwidth@=\dimen158
\lineht@=\dimen159
\@envbody=\toks22
\multlinegap=\skip52
\multlinetaggap=\skip53
\mathdisplay@stack=\toks23
LaTeX Info: Redefining \[ on input line 2953.
LaTeX Info: Redefining \] on input line 2954.
)
(C:\Users\micha\AppData\Local\Programs\MiKTeX\tex/latex/algorithm2e\algorithm2e
.sty
Package: algorithm2e 2017/07/18 v5.2 algorithms environments
\c@AlgoLine=\count275
 (C:\Users\micha\AppData\Local\Programs\MiKTeX\tex/latex/base\ifthen.sty
Package: ifthen 2022/04/13 v1.1d Standard LaTeX ifthen package (DPC)
)
\algocf@hangindent=\skip54

(C:\Users\micha\AppData\Local\Programs\MiKTeX\tex/latex/ifoddpage\ifoddpage.sty
Package: ifoddpage 2022/10/18 v1.2 Conditionals for odd/even page detection
\c@checkoddpage=\count276
) (C:\Users\micha\AppData\Local\Programs\MiKTeX\tex/latex/tools\xspace.sty
Package: xspace 2014/10/28 v1.13 Space after command names (DPC,MH)
)
(C:\Users\micha\AppData\Local\Programs\MiKTeX\tex/latex/relsize\relsize.sty
Package: relsize 2013/03/29 ver 4.1
)
\skiptotal=\skip55
\skiplinenumber=\skip56
\skiprule=\skip57
\skiphlne=\skip58
\skiptext=\skip59
\skiplength=\skip60
\algomargin=\skip61
\skipalgocfslide=\skip62
\algowidth=\dimen160
\inoutsize=\dimen161
\inoutindent=\dimen162
\interspacetitleruled=\dimen163
\interspacealgoruled=\dimen164
\interspacetitleboxruled=\dimen165
\algocf@ruledwidth=\skip63
\algocf@inoutbox=\box53
\algocf@inputbox=\box54
\AlCapSkip=\skip64
\AlCapHSkip=\skip65
\algoskipindent=\skip66
\algocf@nlbox=\box55
\algocf@hangingbox=\box56
\algocf@untilbox=\box57
\algocf@skipuntil=\skip67
\algocf@capbox=\box58
\algocf@lcaptionbox=\skip68
\algoheightruledefault=\skip69
\algoheightrule=\skip70
\algotitleheightruledefault=\skip71
\algotitleheightrule=\skip72
\c@algocfline=\count277
\c@algocfproc=\count278
\c@algocf=\count279
\algocf@algoframe=\box59
\algocf@algobox=\box60
)
LaTeX Font Info:    Trying to load font information for OT1+ptm on input line 1
10.

(C:\Users\micha\AppData\Local\Programs\MiKTeX\tex/latex/psnfss\ot1ptm.fd
File: ot1ptm.fd 2001/06/04 font definitions for OT1/ptm.
)
(C:\Users\micha\AppData\Local\Programs\MiKTeX\tex/latex/l3backend\l3backend-pdf
tex.def
File: l3backend-pdftex.def 2023-04-19 L3 backend support: PDF output (pdfTeX)
\l__color_backend_stack_int=\count280
\l__pdf_internal_box=\box61
) (AAAI-ConnorM.4191_changed.aux)
\openout1 = `AAAI-ConnorM.4191_changed.aux'.

LaTeX Font Info:    Checking defaults for OML/cmm/m/it on input line 110.
LaTeX Font Info:    ... okay on input line 110.
LaTeX Font Info:    Checking defaults for OMS/cmsy/m/n on input line 110.
LaTeX Font Info:    ... okay on input line 110.
LaTeX Font Info:    Checking defaults for OT1/cmr/m/n on input line 110.
LaTeX Font Info:    ... okay on input line 110.
LaTeX Font Info:    Checking defaults for T1/cmr/m/n on input line 110.
LaTeX Font Info:    ... okay on input line 110.
LaTeX Font Info:    Checking defaults for TS1/cmr/m/n on input line 110.
LaTeX Font Info:    ... okay on input line 110.
LaTeX Font Info:    Checking defaults for OMX/cmex/m/n on input line 110.
LaTeX Font Info:    ... okay on input line 110.
LaTeX Font Info:    Checking defaults for U/cmr/m/n on input line 110.
LaTeX Font Info:    ... okay on input line 110.

(C:\Users\micha\AppData\Local\Programs\MiKTeX\tex/context/base/mkii\supp-pdf.mk
ii
[Loading MPS to PDF converter (version 2006.09.02).]
\scratchcounter=\count281
\scratchdimen=\dimen166
\scratchbox=\box62
\nofMPsegments=\count282
\nofMParguments=\count283
\everyMPshowfont=\toks24
\MPscratchCnt=\count284
\MPscratchDim=\dimen167
\MPnumerator=\count285
\makeMPintoPDFobject=\count286
\everyMPtoPDFconversion=\toks25
)
(C:\Users\micha\AppData\Local\Programs\MiKTeX\tex/latex/epstopdf-pkg\epstopdf-b
ase.sty
Package: epstopdf-base 2020-01-24 v2.11 Base part for package epstopdf
Package epstopdf-base Info: Redefining graphics rule for `.eps' on input line 4
85.

(C:\Users\micha\AppData\Local\Programs\MiKTeX\tex/latex/00miktex\epstopdf-sys.c
fg
File: epstopdf-sys.cfg 2021/03/18 v2.0 Configuration of epstopdf for MiKTeX
))
Package caption Info: Begin \AtBeginDocument code.
Package caption Info: End \AtBeginDocument code.
LaTeX Font Info:    Trying to load font information for U+msa on input line 112
.
 (C:\Users\micha\AppData\Local\Programs\MiKTeX\tex/latex/amsfonts\umsa.fd
File: umsa.fd 2013/01/14 v3.01 AMS symbols A
)
LaTeX Font Info:    Trying to load font information for U+msb on input line 112
.

(C:\Users\micha\AppData\Local\Programs\MiKTeX\tex/latex/amsfonts\umsb.fd
File: umsb.fd 2013/01/14 v3.01 AMS symbols B
)
LaTeX Font Info:    Trying to load font information for OT1+pcr on input line 1
12.

(C:\Users\micha\AppData\Local\Programs\MiKTeX\tex/latex/psnfss\ot1pcr.fd
File: ot1pcr.fd 2001/06/04 font definitions for OT1/pcr.
)
LaTeX Font Info:    Trying to load font information for TS1+ptm on input line 1
12.

(C:\Users\micha\AppData\Local\Programs\MiKTeX\tex/latex/psnfss\ts1ptm.fd
File: ts1ptm.fd 2001/06/04 font definitions for TS1/ptm.
)

LaTeX Warning: Citation `fefferman2016testing' on page 1 undefined on input lin
e 119.


LaTeX Warning: Citation `tenenbaum2000global' on page 1 undefined on input line
 119.


LaTeX Warning: Citation `roweis2000nonlinear' on page 1 undefined on input line
 119.


LaTeX Warning: Citation `dollar2007learning' on page 1 undefined on input line 
119.


LaTeX Warning: Citation `bengio2005non' on page 1 undefined on input line 119.


LaTeX Warning: Citation `rao1999learning' on page 1 undefined on input line 119
.


LaTeX Warning: Citation `miao2007learning' on page 1 undefined on input line 11
9.


LaTeX Warning: Citation `culpepper2009learning' on page 1 undefined on input li
ne 119.

<circleLatentEmbedding_groundTruth.png, id=1, 632.3625pt x 474.27188pt>
File: circleLatentEmbedding_groundTruth.png Graphic file (type png)
<use circleLatentEmbedding_groundTruth.png>
Package pdftex.def Info: circleLatentEmbedding_groundTruth.png  used on input l
ine 125.
(pdftex.def)             Requested size: 77.32591pt x 57.98845pt.
<circleLatentEmbedding_AE.png, id=2, 632.3625pt x 474.27188pt>
File: circleLatentEmbedding_AE.png Graphic file (type png)
<use circleLatentEmbedding_AE.png>
Package pdftex.def Info: circleLatentEmbedding_AE.png  used on input line 131.
(pdftex.def)             Requested size: 77.32591pt x 57.98845pt.
<circleLatentEmbedding_vae.png, id=3, 632.3625pt x 474.27188pt>
File: circleLatentEmbedding_vae.png Graphic file (type png)
<use circleLatentEmbedding_vae.png>
Package pdftex.def Info: circleLatentEmbedding_vae.png  used on input line 137.

(pdftex.def)             Requested size: 77.32591pt x 57.98845pt.
<circleLatentEmbedding_hvae.png, id=4, 632.3625pt x 474.27188pt>
File: circleLatentEmbedding_hvae.png Graphic file (type png)
<use circleLatentEmbedding_hvae.png>
Package pdftex.def Info: circleLatentEmbedding_hvae.png  used on input line 143
.
(pdftex.def)             Requested size: 77.32591pt x 57.98845pt.
<circleLatentEmbedding_mae.png, id=5, 632.3625pt x 474.27188pt>
File: circleLatentEmbedding_mae.png Graphic file (type png)
<use circleLatentEmbedding_mae.png>
Package pdftex.def Info: circleLatentEmbedding_mae.png  used on input line 149.

(pdftex.def)             Requested size: 77.32591pt x 57.98845pt.
! Argument of \caption@@@withoptargs has an extra }.
<inserted text> 
                \par 
l.155 ...n the manifold autoencoder latent space }
                                                  
I've run across a `}' that doesn't seem to match anything.
For example, `\def\a#1{...}' and `\a}' would produce
this error. If you simply proceed now, the `\par' that
I've just inserted will cause me to report a runaway
argument that might be the root of the problem. But if
your `}' was spurious, just type `2' and it will go away.

Runaway argument?
{\caption@@xlabel }{\def \reserved@a *{\def \caption@tempa {*}\caption@@withopt
args \ETC.
! Paragraph ended before \caption@@@withoptargs was complete.
<to be read again> 
                   \par 
l.155 ...n the manifold autoencoder latent space }
                                                  
I suspect you've forgotten a `}', causing me to apply this
control sequence to too much text. How can we recover?
My plan is to forget the whole thing and hope for the best.


LaTeX Warning: Citation `kingma2013auto' on page 1 undefined on input line 159.



LaTeX Warning: Citation `goodfellow2014generative' on page 1 undefined on input
 line 159.


LaTeX Warning: Citation `radford2015unsupervised' on page 1 undefined on input 
line 159.

[1{C:/Users/micha/AppData/Local/MiKTeX/fonts/map/pdftex/pdftex.map}{C:/Users/mi
cha/AppData/Local/Programs/MiKTeX/fonts/enc/dvips/base/8r.enc}



]

LaTeX Warning: Citation `tomczak2017vae' on page 2 undefined on input line 174.



LaTeX Warning: Citation `davidson2018hyperspherical' on page 2 undefined on inp
ut line 174.


LaTeX Warning: Citation `makhzani2015adversarial' on page 2 undefined on input 
line 174.


LaTeX Warning: Citation `falorsi2018explorations' on page 2 undefined on input 
line 174.


LaTeX Warning: Citation `rey2019diffusion' on page 2 undefined on input line 17
4.


LaTeX Warning: Citation `sussillo2016lfads' on page 2 undefined on input line 1
74.


LaTeX Warning: Citation `arvanitidis2017latent' on page 2 undefined on input li
ne 177.


LaTeX Warning: Citation `chen2017metrics' on page 2 undefined on input line 177
.


LaTeX Warning: Citation `shao2018riemannian' on page 2 undefined on input line 
177.


LaTeX Warning: Citation `davidson2018hyperspherical' on page 2 undefined on inp
ut line 183.


LaTeX Warning: Citation `boothby1986introduction' on page 2 undefined on input 
line 191.


Underfull \vbox (badness 10000) has occurred while \output is active []

 [2 <./circleLatentEmbedding_groundTruth.png (PNG copy)> <./circleLatentEmbeddi
ng_AE.png (PNG copy)> <./circleLatentEmbedding_vae.png (PNG copy)> <./circleLat
entEmbedding_hvae.png (PNG copy)> <./circleLatentEmbedding_mae.png (PNG copy)>]


LaTeX Warning: Citation `rao1999learning' on page 3 undefined on input line 195
.


LaTeX Warning: Citation `miao2007learning' on page 3 undefined on input line 19
5.


LaTeX Warning: Citation `culpepper2009learning' on page 3 undefined on input li
ne 203.

<transOptAutoencoder_2.pdf, id=24, 1032.83498pt x 372.73111pt>
File: transOptAutoencoder_2.pdf Graphic file (type pdf)
<use transOptAutoencoder_2.pdf>
Package pdftex.def Info: transOptAutoencoder_2.pdf  used on input line 222.
(pdftex.def)             Requested size: 473.99983pt x 171.06026pt.
! Argument of \caption@@@withoptargs has an extra }.
<inserted text> 
                \par 
l.224 ...es of training the manifold autoencoder.}
                                                  
I've run across a `}' that doesn't seem to match anything.
For example, `\def\a#1{...}' and `\a}' would produce
this error. If you simply proceed now, the `\par' that
I've just inserted will cause me to report a runaway
argument that might be the root of the problem. But if
your `}' was spurious, just type `2' and it will go away.

Runaway argument?
{\caption@@xlabel }{\def \reserved@a *{\def \caption@tempa {*}\caption@@withopt
args \ETC.
! Paragraph ended before \caption@@@withoptargs was complete.
<to be read again> 
                   \par 
l.224 ...es of training the manifold autoencoder.}
                                                  
I suspect you've forgotten a `}', causing me to apply this
control sequence to too much text. How can we recover?
My plan is to forget the whole thing and hope for the best.


LaTeX Warning: Citation `culpepper2009learning' on page 3 undefined on input li
ne 228.

<circleTransOpt_new_resize.pdf, id=25, 722.7pt x 209.71231pt>
File: circleTransOpt_new_resize.pdf Graphic file (type pdf)
<use circleTransOpt_new_resize.pdf>
Package pdftex.def Info: circleTransOpt_new_resize.pdf  used on input line 244.

(pdftex.def)             Requested size: 189.6021pt x 55.0167pt.
<circleOffsetHeatmap_new.png, id=26, 421.575pt x 316.0608pt>
File: circleOffsetHeatmap_new.png Graphic file (type png)
<use circleOffsetHeatmap_new.png>
Package pdftex.def Info: circleOffsetHeatmap_new.png  used on input line 250.
(pdftex.def)             Requested size: 130.51855pt x 97.85243pt.
<circleAUC_new.png, id=27, 421.575pt x 316.0608pt>
File: circleAUC_new.png Graphic file (type png)
<use circleAUC_new.png>
Package pdftex.def Info: circleAUC_new.png  used on input line 256.
(pdftex.def)             Requested size: 130.51855pt x 97.85243pt.
! Argument of \caption@@@withoptargs has an extra }.
<inserted text> 
                \par 
l.261 ...mples from the inner and outer circles. }
                                                  
I've run across a `}' that doesn't seem to match anything.
For example, `\def\a#1{...}' and `\a}' would produce
this error. If you simply proceed now, the `\par' that
I've just inserted will cause me to report a runaway
argument that might be the root of the problem. But if
your `}' was spurious, just type `2' and it will go away.

Runaway argument?
{\caption@@xlabel }{\def \reserved@a *{\def \caption@tempa {*}\caption@@withopt
args \ETC.
! Paragraph ended before \caption@@@withoptargs was complete.
<to be read again> 
                   \par 
l.261 ...mples from the inner and outer circles. }
                                                  
I suspect you've forgotten a `}', causing me to apply this
control sequence to too much text. How can we recover?
My plan is to forget the whole thing and hope for the best.

[3]
Underfull \vbox (badness 10000) has occurred while \output is active []

 [4 <./transOptAutoencoder_2.pdf> <./circleTransOpt_new_resize.pdf

pdfTeX warning: pdflatex (file ./circleTransOpt_new_resize.pdf): PDF inclusion:
 multiple pdfs with page group included in a single page
> <./circleOffsetHeatmap_new.png (PNG copy)> <./circleAUC_new.png (PNG copy)>]
<rotDigitEx_long_3_hvae.png, id=51, 752.8125pt x 301.125pt>
File: rotDigitEx_long_3_hvae.png Graphic file (type png)
<use rotDigitEx_long_3_hvae.png>
Package pdftex.def Info: rotDigitEx_long_3_hvae.png  used on input line 316.
(pdftex.def)             Requested size: 227.52325pt x 91.00903pt.
<rotDigitEx_long_8_hvae.png, id=52, 752.8125pt x 301.125pt>
File: rotDigitEx_long_8_hvae.png Graphic file (type png)
<use rotDigitEx_long_8_hvae.png>
Package pdftex.def Info: rotDigitEx_long_8_hvae.png  used on input line 322.
(pdftex.def)             Requested size: 227.52325pt x 91.00903pt.

! Argument of \caption@@@withoptargs has an extra }.
<inserted text> 
                \par 
l.327 ...nsport operator path after fine-tuning. }
                                                  
I've run across a `}' that doesn't seem to match anything.
For example, `\def\a#1{...}' and `\a}' would produce
this error. If you simply proceed now, the `\par' that
I've just inserted will cause me to report a runaway
argument that might be the root of the problem. But if
your `}' was spurious, just type `2' and it will go away.

Runaway argument?
{\caption@@xlabel }{\def \reserved@a *{\def \caption@tempa {*}\caption@@withopt
args \ETC.
! Paragraph ended before \caption@@@withoptargs was complete.
<to be read again> 
                   \par 
l.327 ...nsport operator path after fine-tuning. }
                                                  
I suspect you've forgotten a `}', causing me to apply this
control sequence to too much text. How can we recover?
My plan is to forget the whole thing and hope for the best.


LaTeX Warning: Citation `lecun1998gradient' on page 5 undefined on input line 3
32.


LaTeX Warning: Citation `davidson2018hyperspherical' on page 5 undefined on inp
ut line 332.


LaTeX Warning: Citation `Ber17' on page 5 undefined on input line 332.

[5]
<kNNAcc_hvae.png, id=58, 632.3625pt x 474.27188pt>
File: kNNAcc_hvae.png Graphic file (type png)
<use kNNAcc_hvae.png>
Package pdftex.def Info: kNNAcc_hvae.png  used on input line 344.
(pdftex.def)             Requested size: 191.51622pt x 143.63594pt.

! Argument of \caption@@@withoptargs has an extra }.
<inserted text> 
                \par 
l.346 ...cation accuracy of rotated test digits. }
                                                  
I've run across a `}' that doesn't seem to match anything.
For example, `\def\a#1{...}' and `\a}' would produce
this error. If you simply proceed now, the `\par' that
I've just inserted will cause me to report a runaway
argument that might be the root of the problem. But if
your `}' was spurious, just type `2' and it will go away.

Runaway argument?
{\caption@@xlabel }{\def \reserved@a *{\def \caption@tempa {*}\caption@@withopt
args \ETC.
! Paragraph ended before \caption@@@withoptargs was complete.
<to be read again> 
                   \par 
l.346 ...cation accuracy of rotated test digits. }
                                                  
I suspect you've forgotten a `}', causing me to apply this
control sequence to too much text. How can we recover?
My plan is to forget the whole thing and hope for the best.

<walkTransOptSeq_transOpt5.png, id=59, 753.0534pt x 225.9642pt>
File: walkTransOptSeq_transOpt5.png Graphic file (type png)
<use walkTransOptSeq_transOpt5.png>
Package pdftex.def Info: walkTransOptSeq_transOpt5.png  used on input line 355.

(pdftex.def)             Requested size: 355.50262pt x 106.67555pt.
<gaitSeqEst_feature_update.png, id=60, 632.3625pt x 474.27188pt>
File: gaitSeqEst_feature_update.png Graphic file (type png)
<use gaitSeqEst_feature_update.png>
Package pdftex.def Info: gaitSeqEst_feature_update.png  used on input line 362.

(pdftex.def)             Requested size: 163.74344pt x 122.8012pt.
<gaitMSEError_update_long.png, id=61, 632.3625pt x 474.27188pt>
File: gaitMSEError_update_long.png Graphic file (type png)
<use gaitMSEError_update_long.png>
Package pdftex.def Info: gaitMSEError_update_long.png  used on input line 368.
(pdftex.def)             Requested size: 163.74344pt x 122.8012pt.
! Argument of \caption@@@withoptargs has an extra }.
<inserted text> 
                \par 
l.374 ...om a starting point in the latent space.}
                                                  
I've run across a `}' that doesn't seem to match anything.
For example, `\def\a#1{...}' and `\a}' would produce
this error. If you simply proceed now, the `\par' that
I've just inserted will cause me to report a runaway
argument that might be the root of the problem. But if
your `}' was spurious, just type `2' and it will go away.

Runaway argument?
{\caption@@xlabel }{\def \reserved@a *{\def \caption@tempa {*}\caption@@withopt
args \ETC.
! Paragraph ended before \caption@@@withoptargs was complete.
<to be read again> 
                   \par 
l.374 ...om a starting point in the latent space.}
                                                  
I suspect you've forgotten a `}', causing me to apply this
control sequence to too much text. How can we recover?
My plan is to forget the whole thing and hope for the best.


LaTeX Warning: Citation `chen2015efficient' on page 6 undefined on input line 3
82.


LaTeX Warning: Citation `chen2017metrics' on page 6 undefined on input line 382
.


LaTeX Warning: Citation `chen2015efficient' on page 6 undefined on input line 3
82.


LaTeX Warning: Citation `taylor2007modeling' on page 6 undefined on input line 
382.


Underfull \vbox (badness 10000) has occurred while \output is active []

 [6 <./rotDigitEx_long_3_hvae.png (PNG copy)> <./rotDigitEx_long_8_hvae.png (PN
G copy)> <./kNNAcc_hvae.png (PNG copy)>] [7 <./walkTransOptSeq_transOpt5.png (P
NG copy)> <./gaitSeqEst_feature_update.png (PNG copy)> <./gaitMSEError_update_l
ong.png (PNG copy)>]
<circleTransOptMag_new.png, id=69, 421.575pt x 316.0608pt>
File: circleTransOptMag_new.png Graphic file (type png)
<use circleTransOptMag_new.png>
Package pdftex.def Info: circleTransOptMag_new.png  used on input line 409.
(pdftex.def)             Requested size: 116.13214pt x 87.06407pt.
<rotDigitTransOptMag.png, id=70, 632.3625pt x 474.27188pt>
File: rotDigitTransOptMag.png Graphic file (type png)
<use rotDigitTransOptMag.png>
Package pdftex.def Info: rotDigitTransOptMag.png  used on input line 415.
(pdftex.def)             Requested size: 116.13214pt x 87.09485pt.
<gaitTransOptMag.png, id=71, 632.3625pt x 474.27188pt>
File: gaitTransOptMag.png Graphic file (type png)
<use gaitTransOptMag.png>
Package pdftex.def Info: gaitTransOptMag.png  used on input line 421.
(pdftex.def)             Requested size: 116.13214pt x 87.09485pt.

! Argument of \caption@@@withoptargs has an extra }.
<inserted text> 
                \par 
l.428 ...ed MNIST dataset (c) For gait sequences.}
                                                  
I've run across a `}' that doesn't seem to match anything.
For example, `\def\a#1{...}' and `\a}' would produce
this error. If you simply proceed now, the `\par' that
I've just inserted will cause me to report a runaway
argument that might be the root of the problem. But if
your `}' was spurious, just type `2' and it will go away.

Runaway argument?
{\caption@@xlabel }{\def \reserved@a *{\def \caption@tempa {*}\caption@@withopt
args \ETC.
! Paragraph ended before \caption@@@withoptargs was complete.
<to be read again> 
                   \par 
l.428 ...ed MNIST dataset (c) For gait sequences.}
                                                  
I suspect you've forgotten a `}', causing me to apply this
control sequence to too much text. How can we recover?
My plan is to forget the whole thing and hope for the best.


Underfull \hbox (badness 1817) in paragraph at lines 478--478
[]\OT1/ptm/m/n/10 Table 2: |Au-toen-coder net-work ar-chi-tec-ture for ro-tated

 []

<walkTransOptSeq_transOpt3.png, id=72, 753.0534pt x 225.9642pt>
File: walkTransOptSeq_transOpt3.png Graphic file (type png)
<use walkTransOptSeq_transOpt3.png>
Package pdftex.def Info: walkTransOptSeq_transOpt3.png  used on input line 556.

(pdftex.def)             Requested size: 156.92305pt x 47.08495pt.
<walkTransOptSeq_transOpt6.png, id=73, 753.0534pt x 225.9642pt>
File: walkTransOptSeq_transOpt6.png Graphic file (type png)
<use walkTransOptSeq_transOpt6.png>
Package pdftex.def Info: walkTransOptSeq_transOpt6.png  used on input line 562.

(pdftex.def)             Requested size: 156.92305pt x 47.08495pt.
! Argument of \caption@@@withoptargs has an extra }.
<inserted text> 
                \par 
l.569 ...ait sequence generated from operator 6. }
                                                  
I've run across a `}' that doesn't seem to match anything.
For example, `\def\a#1{...}' and `\a}' would produce
this error. If you simply proceed now, the `\par' that
I've just inserted will cause me to report a runaway
argument that might be the root of the problem. But if
your `}' was spurious, just type `2' and it will go away.

Runaway argument?
{\caption@@xlabel }{\def \reserved@a *{\def \caption@tempa {*}\caption@@withopt
args \ETC.
! Paragraph ended before \caption@@@withoptargs was complete.
<to be read again> 
                   \par 
l.569 ...ait sequence generated from operator 6. }
                                                  
I suspect you've forgotten a `}', causing me to apply this
control sequence to too much text. How can we recover?
My plan is to forget the whole thing and hope for the best.

<jointCoeff_c3_c5.png, id=74, 632.3625pt x 474.27188pt>
File: jointCoeff_c3_c5.png Graphic file (type png)
<use jointCoeff_c3_c5.png>
Package pdftex.def Info: jointCoeff_c3_c5.png  used on input line 577.
(pdftex.def)             Requested size: 102.34006pt x 76.75346pt.
<jointCoeff_c3_c6.png, id=75, 632.3625pt x 474.27188pt>
File: jointCoeff_c3_c6.png Graphic file (type png)
<use jointCoeff_c3_c6.png>
Package pdftex.def Info: jointCoeff_c3_c6.png  used on input line 583.
(pdftex.def)             Requested size: 102.34006pt x 76.75346pt.
<jointCoeff_c5_c6.png, id=76, 632.3625pt x 474.27188pt>
File: jointCoeff_c5_c6.png Graphic file (type png)
<use jointCoeff_c5_c6.png>
Package pdftex.def Info: jointCoeff_c5_c6.png  used on input line 589.
(pdftex.def)             Requested size: 102.34006pt x 76.75346pt.
! Argument of \caption@@@withoptargs has an extra }.
<inserted text> 
                \par 
l.596 ...ort operator 5 and transport operator 6.}
                                                  
I've run across a `}' that doesn't seem to match anything.
For example, `\def\a#1{...}' and `\a}' would produce
this error. If you simply proceed now, the `\par' that
I've just inserted will cause me to report a runaway
argument that might be the root of the problem. But if
your `}' was spurious, just type `2' and it will go away.

Runaway argument?
{\caption@@xlabel }{\def \reserved@a *{\def \caption@tempa {*}\caption@@withopt
args \ETC.
! Paragraph ended before \caption@@@withoptargs was complete.
<to be read again> 
                   \par 
l.596 ...ort operator 5 and transport operator 6.}
                                                  
I suspect you've forgotten a `}', causing me to apply this
control sequence to too much text. How can we recover?
My plan is to forget the whole thing and hope for the best.

[8 <./circleTransOptMag_new.png (PNG copy)> <./rotDigitTransOptMag.png (PNG cop
y)> <./gaitTransOptMag.png (PNG copy)>]
<gaitTransOpt_1.png, id=80, 527.0892pt x 225.9642pt>
File: gaitTransOpt_1.png Graphic file (type png)
<use gaitTransOpt_1.png>
Package pdftex.def Info: gaitTransOpt_1.png  used on input line 620.
(pdftex.def)             Requested size: 146.93991pt x 62.9937pt.
<gaitTransOpt_2.png, id=81, 527.0892pt x 225.9642pt>
File: gaitTransOpt_2.png Graphic file (type png)
<use gaitTransOpt_2.png>
Package pdftex.def Info: gaitTransOpt_2.png  used on input line 626.
(pdftex.def)             Requested size: 146.93991pt x 62.9937pt.
<gaitTransOpt_4.png, id=82, 527.0892pt x 225.9642pt>
File: gaitTransOpt_4.png Graphic file (type png)
<use gaitTransOpt_4.png>
Package pdftex.def Info: gaitTransOpt_4.png  used on input line 632.
(pdftex.def)             Requested size: 146.93991pt x 62.9937pt.
<gaitTransOpt_8.png, id=83, 527.0892pt x 225.9642pt>
File: gaitTransOpt_8.png Graphic file (type png)
<use gaitTransOpt_8.png>
Package pdftex.def Info: gaitTransOpt_8.png  used on input line 638.
(pdftex.def)             Requested size: 146.93991pt x 62.9937pt.

! Argument of \caption@@@withoptargs has an extra }.
<inserted text> 
                \par 
l.646 ...rained on gait data in the input space. }
                                                  
I've run across a `}' that doesn't seem to match anything.
For example, `\def\a#1{...}' and `\a}' would produce
this error. If you simply proceed now, the `\par' that
I've just inserted will cause me to report a runaway
argument that might be the root of the problem. But if
your `}' was spurious, just type `2' and it will go away.

Runaway argument?
{\caption@@xlabel }{\def \reserved@a *{\def \caption@tempa {*}\caption@@withopt
args \ETC.
! Paragraph ended before \caption@@@withoptargs was complete.
<to be read again> 
                   \par 
l.646 ...rained on gait data in the input space. }
                                                  
I suspect you've forgotten a `}', causing me to apply this
control sequence to too much text. How can we recover?
My plan is to forget the whole thing and hope for the best.


Underfull \hbox (badness 10000) in paragraph at lines 651--651
[][]$\OT1/ptm/m/n/9 https : / / github . com / nicola -[] decao / s -[] vae -[]
 pytorch / tree / master /
 []

No file AAAI-ConnorM.4191_changed.bbl.
[9 <./walkTransOptSeq_transOpt3.png (PNG copy)> <./walkTransOptSeq_transOpt6.pn
g (PNG copy)> <./jointCoeff_c3_c5.png (PNG copy)> <./jointCoeff_c3_c6.png (PNG 
copy)> <./jointCoeff_c5_c6.png (PNG copy)>]
Underfull \vbox (badness 10000) has occurred while \output is active []


Underfull \vbox (badness 10000) has occurred while \output is active []

 [10 <./gaitTransOpt_1.png (PNG copy)> <./gaitTransOpt_2.png (PNG copy)> <./gai
tTransOpt_4.png (PNG copy)> <./gaitTransOpt_8.png (PNG copy)>] [11

]
(AAAI-ConnorM.4191_changed.aux)
 ***********
LaTeX2e <2023-06-01> patch level 1
L3 programming layer <2023-08-29>
 ***********
 ) 
Here is how much of TeX's memory you used:
 5242 strings out of 475247
 92922 string characters out of 5757792
 1955801 words of memory out of 5000000
 26702 multiletter control sequences out of 15000+600000
 583212 words of font info for 89 fonts, out of 8000000 for 9000
 1141 hyphenation exceptions out of 8191
 67i,18n,77p,6633b,469s stack positions out of 10000i,1000n,20000p,200000b,200000s
<C:/Users/micha/AppData/Local/Programs/MiKTeX/fonts/type1/public/amsfonts/cm/
cmbx10.pfb><C:/Users/micha/AppData/Local/Programs/MiKTeX/fonts/type1/public/ams
fonts/cm/cmbx7.pfb><C:/Users/micha/AppData/Local/Programs/MiKTeX/fonts/type1/pu
blic/amsfonts/cm/cmex10.pfb><C:/Users/micha/AppData/Local/Programs/MiKTeX/fonts
/type1/public/amsfonts/cm/cmmi10.pfb><C:/Users/micha/AppData/Local/Programs/MiK
TeX/fonts/type1/public/amsfonts/cm/cmmi5.pfb><C:/Users/micha/AppData/Local/Prog
rams/MiKTeX/fonts/type1/public/amsfonts/cm/cmmi7.pfb><C:/Users/micha/AppData/Lo
cal/Programs/MiKTeX/fonts/type1/public/amsfonts/cm/cmr10.pfb><C:/Users/micha/Ap
pData/Local/Programs/MiKTeX/fonts/type1/public/amsfonts/cm/cmr5.pfb><C:/Users/m
icha/AppData/Local/Programs/MiKTeX/fonts/type1/public/amsfonts/cm/cmr7.pfb><C:/
Users/micha/AppData/Local/Programs/MiKTeX/fonts/type1/public/amsfonts/cm/cmsy10
.pfb><C:/Users/micha/AppData/Local/Programs/MiKTeX/fonts/type1/public/amsfonts/
cm/cmsy7.pfb><C:/Users/micha/AppData/Local/Programs/MiKTeX/fonts/type1/public/a
msfonts/symbols/msbm10.pfb><C:/Users/micha/AppData/Local/Programs/MiKTeX/fonts/
type1/urw/courier/ucrr8a.pfb><C:/Users/micha/AppData/Local/Programs/MiKTeX/font
s/type1/urw/times/utmb8a.pfb><C:/Users/micha/AppData/Local/Programs/MiKTeX/font
s/type1/urw/times/utmr8a.pfb><C:/Users/micha/AppData/Local/Programs/MiKTeX/font
s/type1/urw/times/utmri8a.pfb>
Output written on AAAI-ConnorM.4191_changed.pdf (11 pages, 1311140 bytes).
PDF statistics:
 160 PDF objects out of 1000 (max. 8388607)
 0 named destinations out of 1000 (max. 500000)
 136 words of extra memory for PDF output out of 10000 (max. 10000000)

