This is pdfTeX, Version 3.141592653-2.6-1.40.25 (MiKTeX 23.9) (preloaded format=pdflatex 2023.9.22)  31 MAR 2024 18:48
entering extended mode
 restricted \write18 enabled.
 %&-line parsing enabled.
**./AAAI-LiuY.5669_changed.tex
(AAAI-LiuY.5669_changed.tex
LaTeX2e <2023-06-01> patch level 1
L3 programming layer <2023-08-29>
(C:\Users\micha\AppData\Local\Programs\MiKTeX\tex/latex/base\article.cls
Document Class: article 2023/05/17 v1.4n Standard LaTeX document class
(C:\Users\micha\AppData\Local\Programs\MiKTeX\tex/latex/base\size10.clo
File: size10.clo 2023/05/17 v1.4n Standard LaTeX file (size option)
)
\c@part=\count185
\c@section=\count186
\c@subsection=\count187
\c@subsubsection=\count188
\c@paragraph=\count189
\c@subparagraph=\count190
\c@figure=\count191
\c@table=\count192
\abovecaptionskip=\skip48
\belowcaptionskip=\skip49
\bibindent=\dimen140
)
(aaai20.sty
Conference Style for AAAI for LaTeX 2e -- version for the AAAI-20 conference
\titlebox=\skip50
) (C:\Users\micha\AppData\Local\Programs\MiKTeX\tex/latex/psnfss\times.sty
Package: times 2020/03/25 PSNFSS-v9.3 (SPQR) 
)
(C:\Users\micha\AppData\Local\Programs\MiKTeX\tex/latex/psnfss\helvet.sty
Package: helvet 2020/03/25 PSNFSS-v9.3 (WaS) 

(C:\Users\micha\AppData\Local\Programs\MiKTeX\tex/latex/graphics\keyval.sty
Package: keyval 2022/05/29 v1.15 key=value parser (DPC)
\KV@toks@=\toks17
))
(C:\Users\micha\AppData\Local\Programs\MiKTeX\tex/latex/psnfss\courier.sty
Package: courier 2020/03/25 PSNFSS-v9.3 (WaS) 
)
(C:\Users\micha\AppData\Local\Programs\MiKTeX\tex/latex/url\url.sty
\Urlmuskip=\muskip16
Package: url 2013/09/16  ver 3.4  Verb mode for urls, etc.
)
(C:\Users\micha\AppData\Local\Programs\MiKTeX\tex/latex/graphics\graphicx.sty
Package: graphicx 2021/09/16 v1.2d Enhanced LaTeX Graphics (DPC,SPQR)

(C:\Users\micha\AppData\Local\Programs\MiKTeX\tex/latex/graphics\graphics.sty
Package: graphics 2022/03/10 v1.4e Standard LaTeX Graphics (DPC,SPQR)

(C:\Users\micha\AppData\Local\Programs\MiKTeX\tex/latex/graphics\trig.sty
Package: trig 2021/08/11 v1.11 sin cos tan (DPC)
)
(C:\Users\micha\AppData\Local\Programs\MiKTeX\tex/latex/graphics-cfg\graphics.c
fg
File: graphics.cfg 2016/06/04 v1.11 sample graphics configuration
)
Package graphics Info: Driver file: pdftex.def on input line 107.

(C:\Users\micha\AppData\Local\Programs\MiKTeX\tex/latex/graphics-def\pdftex.def
File: pdftex.def 2022/09/22 v1.2b Graphics/color driver for pdftex
))
\Gin@req@height=\dimen141
\Gin@req@width=\dimen142
)
(C:\Users\micha\AppData\Local\Programs\MiKTeX\tex/latex/multirow\multirow.sty
Package: multirow 2021/03/15 v2.8 Span multiple rows of a table
\multirow@colwidth=\skip51
\multirow@cntb=\count193
\multirow@dima=\skip52
\bigstrutjot=\dimen143
)
(C:\Users\micha\AppData\Local\Programs\MiKTeX\tex/latex/amsmath\amsmath.sty
Package: amsmath 2023/05/13 v2.17o AMS math features
\@mathmargin=\skip53

For additional information on amsmath, use the `?' option.
(C:\Users\micha\AppData\Local\Programs\MiKTeX\tex/latex/amsmath\amstext.sty
Package: amstext 2021/08/26 v2.01 AMS text

(C:\Users\micha\AppData\Local\Programs\MiKTeX\tex/latex/amsmath\amsgen.sty
File: amsgen.sty 1999/11/30 v2.0 generic functions
\@emptytoks=\toks18
\ex@=\dimen144
))
(C:\Users\micha\AppData\Local\Programs\MiKTeX\tex/latex/amsmath\amsbsy.sty
Package: amsbsy 1999/11/29 v1.2d Bold Symbols
\pmbraise@=\dimen145
)
(C:\Users\micha\AppData\Local\Programs\MiKTeX\tex/latex/amsmath\amsopn.sty
Package: amsopn 2022/04/08 v2.04 operator names
)
\inf@bad=\count194
LaTeX Info: Redefining \frac on input line 234.
\uproot@=\count195
\leftroot@=\count196
LaTeX Info: Redefining \overline on input line 399.
LaTeX Info: Redefining \colon on input line 410.
\classnum@=\count197
\DOTSCASE@=\count198
LaTeX Info: Redefining \ldots on input line 496.
LaTeX Info: Redefining \dots on input line 499.
LaTeX Info: Redefining \cdots on input line 620.
\Mathstrutbox@=\box51
\strutbox@=\box52
LaTeX Info: Redefining \big on input line 722.
LaTeX Info: Redefining \Big on input line 723.
LaTeX Info: Redefining \bigg on input line 724.
LaTeX Info: Redefining \Bigg on input line 725.
\big@size=\dimen146
LaTeX Font Info:    Redeclaring font encoding OML on input line 743.
LaTeX Font Info:    Redeclaring font encoding OMS on input line 744.
\macc@depth=\count199
LaTeX Info: Redefining \bmod on input line 905.
LaTeX Info: Redefining \pmod on input line 910.
LaTeX Info: Redefining \smash on input line 940.
LaTeX Info: Redefining \relbar on input line 970.
LaTeX Info: Redefining \Relbar on input line 971.
\c@MaxMatrixCols=\count266
\dotsspace@=\muskip17
\c@parentequation=\count267
\dspbrk@lvl=\count268
\tag@help=\toks19
\row@=\count269
\column@=\count270
\maxfields@=\count271
\andhelp@=\toks20
\eqnshift@=\dimen147
\alignsep@=\dimen148
\tagshift@=\dimen149
\tagwidth@=\dimen150
\totwidth@=\dimen151
\lineht@=\dimen152
\@envbody=\toks21
\multlinegap=\skip54
\multlinetaggap=\skip55
\mathdisplay@stack=\toks22
LaTeX Info: Redefining \[ on input line 2953.
LaTeX Info: Redefining \] on input line 2954.
)
LaTeX Font Info:    Trying to load font information for OT1+ptm on input line 1
06.

(C:\Users\micha\AppData\Local\Programs\MiKTeX\tex/latex/psnfss\ot1ptm.fd
File: ot1ptm.fd 2001/06/04 font definitions for OT1/ptm.
)
(C:\Users\micha\AppData\Local\Programs\MiKTeX\tex/latex/l3backend\l3backend-pdf
tex.def
File: l3backend-pdftex.def 2023-04-19 L3 backend support: PDF output (pdfTeX)
\l__color_backend_stack_int=\count272
\l__pdf_internal_box=\box53
) (AAAI-LiuY.5669_changed.aux)
\openout1 = `AAAI-LiuY.5669_changed.aux'.

LaTeX Font Info:    Checking defaults for OML/cmm/m/it on input line 106.
LaTeX Font Info:    ... okay on input line 106.
LaTeX Font Info:    Checking defaults for OMS/cmsy/m/n on input line 106.
LaTeX Font Info:    ... okay on input line 106.
LaTeX Font Info:    Checking defaults for OT1/cmr/m/n on input line 106.
LaTeX Font Info:    ... okay on input line 106.
LaTeX Font Info:    Checking defaults for T1/cmr/m/n on input line 106.
LaTeX Font Info:    ... okay on input line 106.
LaTeX Font Info:    Checking defaults for TS1/cmr/m/n on input line 106.
LaTeX Font Info:    ... okay on input line 106.
LaTeX Font Info:    Checking defaults for OMX/cmex/m/n on input line 106.
LaTeX Font Info:    ... okay on input line 106.
LaTeX Font Info:    Checking defaults for U/cmr/m/n on input line 106.
LaTeX Font Info:    ... okay on input line 106.

(C:\Users\micha\AppData\Local\Programs\MiKTeX\tex/context/base/mkii\supp-pdf.mk
ii
[Loading MPS to PDF converter (version 2006.09.02).]
\scratchcounter=\count273
\scratchdimen=\dimen153
\scratchbox=\box54
\nofMPsegments=\count274
\nofMParguments=\count275
\everyMPshowfont=\toks23
\MPscratchCnt=\count276
\MPscratchDim=\dimen154
\MPnumerator=\count277
\makeMPintoPDFobject=\count278
\everyMPtoPDFconversion=\toks24
)
(C:\Users\micha\AppData\Local\Programs\MiKTeX\tex/latex/epstopdf-pkg\epstopdf-b
ase.sty
Package: epstopdf-base 2020-01-24 v2.11 Base part for package epstopdf

(C:\Users\micha\AppData\Local\Programs\MiKTeX\tex/generic/infwarerr\infwarerr.s
ty
Package: infwarerr 2019/12/03 v1.5 Providing info/warning/error messages (HO)
) (C:\Users\micha\AppData\Local\Programs\MiKTeX\tex/latex/grfext\grfext.sty
Package: grfext 2019/12/03 v1.3 Manage graphics extensions (HO)

(C:\Users\micha\AppData\Local\Programs\MiKTeX\tex/generic/kvdefinekeys\kvdefine
keys.sty
Package: kvdefinekeys 2019-12-19 v1.6 Define keys (HO)
))
(C:\Users\micha\AppData\Local\Programs\MiKTeX\tex/latex/kvoptions\kvoptions.sty
Package: kvoptions 2022-06-15 v3.15 Key value format for package options (HO)
(C:\Users\micha\AppData\Local\Programs\MiKTeX\tex/generic/ltxcmds\ltxcmds.sty
Package: ltxcmds 2023-12-04 v1.26 LaTeX kernel commands for general use (HO)
)
(C:\Users\micha\AppData\Local\Programs\MiKTeX\tex/latex/kvsetkeys\kvsetkeys.sty
Package: kvsetkeys 2022-10-05 v1.19 Key value parser (HO)
))
(C:\Users\micha\AppData\Local\Programs\MiKTeX\tex/generic/pdftexcmds\pdftexcmds
.sty
Package: pdftexcmds 2020-06-27 v0.33 Utility functions of pdfTeX for LuaTeX (HO
)
 (C:\Users\micha\AppData\Local\Programs\MiKTeX\tex/generic/iftex\iftex.sty
Package: iftex 2022/02/03 v1.0f TeX engine tests
)
Package pdftexcmds Info: \pdf@primitive is available.
Package pdftexcmds Info: \pdf@ifprimitive is available.
Package pdftexcmds Info: \pdfdraftmode found.
)
Package epstopdf-base Info: Redefining graphics rule for `.eps' on input line 4
85.
Package grfext Info: Graphics extension search list:
(grfext)             [.pdf,.png,.jpg,.mps,.jpeg,.jbig2,.jb2,.PDF,.PNG,.JPG,.JPE
G,.JBIG2,.JB2,.eps]
(grfext)             \AppendGraphicsExtensions on input line 504.

(C:\Users\micha\AppData\Local\Programs\MiKTeX\tex/latex/00miktex\epstopdf-sys.c
fg
File: epstopdf-sys.cfg 2021/03/18 v2.0 Configuration of epstopdf for MiKTeX
))
LaTeX Font Info:    Trying to load font information for TS1+ptm on input line 1
08.
 (C:\Users\micha\AppData\Local\Programs\MiKTeX\tex/latex/psnfss\ts1ptm.fd
File: ts1ptm.fd 2001/06/04 font definitions for TS1/ptm.
)
LaTeX Font Info:    Trying to load font information for OMS+ptm on input line 1
08.

(C:\Users\micha\AppData\Local\Programs\MiKTeX\tex/latex/psnfss\omsptm.fd
File: omsptm.fd 
)
LaTeX Font Info:    Font shape `OMS/ptm/m/n' in size <10> not available
(Font)              Font shape `OMS/cmsy/m/n' tried instead on input line 108.

Overfull \vbox (2.02467pt too high) detected at line 108
 []


LaTeX Warning: Citation `weiss2017sequence' on page 1 undefined on input line 1
26.


LaTeX Warning: Citation `berard2018end' on page 1 undefined on input line 126.


LaTeX Warning: Citation `bansal2018pre' on page 1 undefined on input line 126.


LaTeX Warning: Citation `jia2019leveraging' on page 1 undefined on input line 1
26.


LaTeX Warning: Citation `sperber2019attention' on page 1 undefined on input lin
e 126.

<example.pdf, id=1, 569.63492pt x 240.31982pt>
File: example.pdf Graphic file (type pdf)
<use example.pdf>
Package pdftex.def Info: example.pdf  used on input line 130.
(pdftex.def)             Requested size: 239.39438pt x 100.99597pt.

LaTeX Warning: Citation `bansal2018pre' on page 1 undefined on input line 136.


LaTeX Warning: Citation `weiss2017sequence' on page 1 undefined on input line 1
36.


LaTeX Warning: Citation `anastasopoulos2018leveraging' on page 1 undefined on i
nput line 136.


LaTeX Warning: Citation `berard2018end' on page 1 undefined on input line 136.


LaTeX Warning: Citation `kano2017structured' on page 1 undefined on input line 
136.


LaTeX Warning: Citation `anastasopoulos2018tied' on page 1 undefined on input l
ine 136.


LaTeX Warning: Citation `sperber2019attention' on page 1 undefined on input lin
e 136.

[1{C:/Users/micha/AppData/Local/MiKTeX/fonts/map/pdftex/pdftex.map}{C:/Users/mi
cha/AppData/Local/Programs/MiKTeX/fonts/enc/dvips/base/8r.enc}



 <./example.pdf>]
Underfull \hbox (badness 2393) in paragraph at lines 148--149
[]\OT1/ptm/m/n/10 Different from tra-di-tional multi-task learn-ing model
 []


LaTeX Warning: Citation `sutskever2014sequence' on page 2 undefined on input li
ne 153.


LaTeX Warning: Citation `Bahdanau:2015' on page 2 undefined on input line 153.


LaTeX Warning: Citation `chan2016listen' on page 2 undefined on input line 153.



LaTeX Warning: Citation `chiu2017state' on page 2 undefined on input line 153.


LaTeX Warning: Citation `vaswani2017attention' on page 2 undefined on input lin
e 153.


LaTeX Warning: Citation `1999The' on page 2 undefined on input line 155.


LaTeX Warning: Citation `1999The' on page 2 undefined on input line 155.


LaTeX Warning: Citation `berard2016listen' on page 2 undefined on input line 15
6.


LaTeX Warning: Citation `berard2016listen' on page 2 undefined on input line 15
6.


LaTeX Warning: Citation `weiss2017sequence' on page 2 undefined on input line 1
57.


LaTeX Warning: Citation `anastasopoulos2018leveraging' on page 2 undefined on i
nput line 157.


LaTeX Warning: Citation `berard2018end' on page 2 undefined on input line 157.


LaTeX Warning: Citation `bansal2018pre' on page 2 undefined on input line 157.


LaTeX Warning: Citation `jia2019leveraging' on page 2 undefined on input line 1
57.


LaTeX Warning: Citation `liu2019end' on page 2 undefined on input line 157.


LaTeX Warning: Citation `liu2019end' on page 2 undefined on input line 157.


LaTeX Warning: Citation `kano2017structured' on page 2 undefined on input line 
160.


LaTeX Warning: Citation `kano2017structured' on page 2 undefined on input line 
160.


LaTeX Warning: Citation `anastasopoulos2018tied' on page 2 undefined on input l
ine 160.


LaTeX Warning: Citation `anastasopoulos2018tied' on page 2 undefined on input l
ine 160.


LaTeX Warning: Citation `anastasopoulos2018leveraging' on page 2 undefined on i
nput line 160.


LaTeX Warning: Citation `sperber2019attention' on page 2 undefined on input lin
e 160.


LaTeX Warning: Citation `sperber2019attention' on page 2 undefined on input lin
e 160.


LaTeX Warning: Citation `zhou2019synchronous' on page 2 undefined on input line
 164.


LaTeX Warning: Citation `zhou2019synchronous' on page 2 undefined on input line
 164.


LaTeX Warning: Citation `zhang2019synchronous' on page 2 undefined on input lin
e 166.


LaTeX Warning: Citation `zhang2019synchronous' on page 2 undefined on input lin
e 166.


LaTeX Warning: Citation `wang2019synchronously' on page 2 undefined on input li
ne 167.


LaTeX Warning: Citation `wang2019synchronously' on page 2 undefined on input li
ne 167.

<main_model.pdf, id=68, 813.76721pt x 317.2368pt>
File: main_model.pdf Graphic file (type pdf)
<use main_model.pdf>
Package pdftex.def Info: main_model.pdf  used on input line 172.
(pdftex.def)             Requested size: 466.8183pt x 181.98375pt.

LaTeX Warning: Citation `vaswani2017attention' on page 2 undefined on input lin
e 179.


LaTeX Warning: Citation `dong2018speech' on page 2 undefined on input line 179.



LaTeX Warning: Citation `zhou2018syllable' on page 2 undefined on input line 17
9.

[2]

LaTeX Warning: Citation `sak2015fast' on page 3 undefined on input line 200.


LaTeX Warning: Citation `sak2015fast' on page 3 undefined on input line 200.

[3 <./main_model.pdf, page is rotated 270 degrees>]

LaTeX Warning: Citation `he2016deep' on page 4 undefined on input line 233.


LaTeX Warning: Citation `ba2016layer' on page 4 undefined on input line 233.

<Interactivate_attention.pdf, id=149, 565.12675pt x 394.15205pt>
File: Interactivate_attention.pdf Graphic file (type pdf)
<use Interactivate_attention.pdf>
Package pdftex.def Info: Interactivate_attention.pdf  used on input line 238.
(pdftex.def)             Requested size: 215.45348pt x 150.26648pt.

LaTeX Font Warning: Command \small invalid in math mode on input line 245.


LaTeX Font Warning: Command \small invalid in math mode on input line 247.

LaTeX Font Info:    Calculating math sizes for size <> on input line 249.

LaTeX Font Warning: Font shape `OT1/cmr/m/n' in size <> not available
(Font)              size <5> substituted on input line 249.


LaTeX Font Warning: Font shape `OT1/cmr/m/n' in size <0.7> not available
(Font)              size <5> substituted on input line 249.


LaTeX Font Warning: Font shape `OT1/cmr/m/n' in size <0.5> not available
(Font)              size <5> substituted on input line 249.


LaTeX Font Warning: Font shape `OML/cmm/m/it' in size <> not available
(Font)              size <5> substituted on input line 249.


LaTeX Font Warning: Font shape `OML/cmm/m/it' in size <0.7> not available
(Font)              size <5> substituted on input line 249.


LaTeX Font Warning: Font shape `OML/cmm/m/it' in size <0.5> not available
(Font)              size <5> substituted on input line 249.


LaTeX Font Warning: Font shape `OMS/cmsy/m/n' in size <> not available
(Font)              size <5> substituted on input line 249.


LaTeX Font Warning: Font shape `OMS/cmsy/m/n' in size <0.7> not available
(Font)              size <5> substituted on input line 249.


LaTeX Font Warning: Font shape `OMS/cmsy/m/n' in size <0.5> not available
(Font)              size <5> substituted on input line 249.


LaTeX Font Warning: Font shape `OT1/cmr/bx/n' in size <> not available
(Font)              size <5> substituted on input line 249.


LaTeX Font Warning: Font shape `OT1/cmr/bx/n' in size <0.7> not available
(Font)              size <5> substituted on input line 249.


LaTeX Font Warning: Font shape `OT1/cmr/bx/n' in size <0.5> not available
(Font)              size <5> substituted on input line 249.


LaTeX Font Warning: Font shape `OT1/cmr/m/it' in size <> not available
(Font)              size <5> substituted on input line 249.


LaTeX Font Warning: Font shape `OT1/cmr/m/it' in size <0.7> not available
(Font)              size <5> substituted on input line 249.


LaTeX Font Warning: Font shape `OT1/cmr/m/it' in size <0.5> not available
(Font)              size <5> substituted on input line 249.


LaTeX Warning: Citation `ma2018stacl' on page 4 undefined on input line 263.


LaTeX Warning: Citation `ma2018stacl' on page 4 undefined on input line 263.

[4 <./Interactivate_attention.pdf>]

LaTeX Warning: Citation `post2013improved' on page 5 undefined on input line 26
7.


LaTeX Warning: Citation `post2013improved' on page 5 undefined on input line 26
7.


LaTeX Warning: Citation `post2013improved' on page 5 undefined on input line 26
7.


LaTeX Warning: Citation `gangi2019must' on page 5 undefined on input line 270.


LaTeX Warning: Citation `gangi2019must' on page 5 undefined on input line 270.


Underfull \hbox (badness 1708) in paragraph at lines 272--274
\OT1/ptm/m/n/10 la-tions. De-vel-op-ment and test sets are split ac-cord-ing
 []


LaTeX Warning: Citation `sennrich2015neural' on page 5 undefined on input line 
301.


LaTeX Warning: Citation `papineni2002bleu' on page 5 undefined on input line 30
2.


LaTeX Warning: Citation `vaswani2017attention' on page 5 undefined on input lin
e 304.


LaTeX Warning: Citation `vaswani2017attention' on page 5 undefined on input lin
e 304.


LaTeX Warning: Citation `kingma2014adam' on page 5 undefined on input line 305.



LaTeX Warning: Citation `sperber2019attention' on page 5 undefined on input lin
e 313.


LaTeX Warning: Citation `sperber2019attention' on page 5 undefined on input lin
e 313.

[5]

LaTeX Warning: Citation `weiss2017sequence' on page 6 undefined on input line 3
23.


LaTeX Warning: Citation `weiss2017sequence' on page 6 undefined on input line 3
23.

[6]
<case.pdf, id=220, 432.24184pt x 346.98924pt>
File: case.pdf Graphic file (type pdf)
<use case.pdf>
Package pdftex.def Info: case.pdf  used on input line 409.
(pdftex.def)             Requested size: 227.42392pt x 182.56917pt.

No file AAAI-LiuY.5669_changed.bbl.
[7 <./case.pdf>] [8

] (AAAI-LiuY.5669_changed.aux)
 ***********
LaTeX2e <2023-06-01> patch level 1
L3 programming layer <2023-08-29>
 ***********


LaTeX Font Warning: Size substitutions with differences
(Font)              up to 4.5pt have occurred.

 ) 
Here is how much of TeX's memory you used:
 3055 strings out of 475247
 51118 string characters out of 5757792
 1949801 words of memory out of 5000000
 24511 multiletter control sequences out of 15000+600000
 591033 words of font info for 106 fonts, out of 8000000 for 9000
 1141 hyphenation exceptions out of 8191
 61i,15n,69p,1227b,414s stack positions out of 10000i,1000n,20000p,200000b,200000s
<C:/Users/micha/AppData/Local/Programs/MiKTeX/fonts/type1/public/amsfonts/cm/
cmbx10.pfb><C:/Users/micha/AppData/Local/Programs/MiKTeX/fonts/type1/public/ams
fonts/cm/cmbx7.pfb><C:/Users/micha/AppData/Local/Programs/MiKTeX/fonts/type1/pu
blic/amsfonts/cm/cmex10.pfb><C:/Users/micha/AppData/Local/Programs/MiKTeX/fonts
/type1/public/amsfonts/cmextra/cmex9.pfb><C:/Users/micha/AppData/Local/Programs
/MiKTeX/fonts/type1/public/amsfonts/cm/cmmi10.pfb><C:/Users/micha/AppData/Local
/Programs/MiKTeX/fonts/type1/public/amsfonts/cm/cmmi6.pfb><C:/Users/micha/AppDa
ta/Local/Programs/MiKTeX/fonts/type1/public/amsfonts/cm/cmmi7.pfb><C:/Users/mic
ha/AppData/Local/Programs/MiKTeX/fonts/type1/public/amsfonts/cm/cmmi9.pfb><C:/U
sers/micha/AppData/Local/Programs/MiKTeX/fonts/type1/public/amsfonts/cm/cmr10.p
fb><C:/Users/micha/AppData/Local/Programs/MiKTeX/fonts/type1/public/amsfonts/cm
/cmr6.pfb><C:/Users/micha/AppData/Local/Programs/MiKTeX/fonts/type1/public/amsf
onts/cm/cmr7.pfb><C:/Users/micha/AppData/Local/Programs/MiKTeX/fonts/type1/publ
ic/amsfonts/cm/cmr9.pfb><C:/Users/micha/AppData/Local/Programs/MiKTeX/fonts/typ
e1/public/amsfonts/cm/cmsy10.pfb><C:/Users/micha/AppData/Local/Programs/MiKTeX/
fonts/type1/public/amsfonts/cm/cmsy6.pfb><C:/Users/micha/AppData/Local/Programs
/MiKTeX/fonts/type1/public/amsfonts/cm/cmsy7.pfb><C:/Users/micha/AppData/Local/
Programs/MiKTeX/fonts/type1/public/amsfonts/cm/cmsy9.pfb><C:/Users/micha/AppDat
a/Local/Programs/MiKTeX/fonts/type1/public/amsfonts/cm/cmti10.pfb><C:/Users/mic
ha/AppData/Local/Programs/MiKTeX/fonts/type1/urw/times/utmb8a.pfb><C:/Users/mic
ha/AppData/Local/Programs/MiKTeX/fonts/type1/urw/times/utmr8a.pfb><C:/Users/mic
ha/AppData/Local/Programs/MiKTeX/fonts/type1/urw/times/utmri8a.pfb>
Output written on AAAI-LiuY.5669_changed.pdf (8 pages, 1260328 bytes).
PDF statistics:
 336 PDF objects out of 1000 (max. 8388607)
 0 named destinations out of 1000 (max. 500000)
 21 words of extra memory for PDF output out of 10000 (max. 10000000)

