This is pdfTeX, Version 3.141592653-2.6-1.40.25 (MiKTeX 23.5) (preloaded format=pdflatex 2024.1.12)  30 MAR 2024 20:10
entering extended mode
 restricted \write18 enabled.
 %&-line parsing enabled.
**./aaai24_changed.tex
(aaai24_changed.tex
LaTeX2e <2023-06-01> patch level 1
L3 programming layer <2023-08-29>
(C:\Users\orfuc\AppData\Local\Programs\MiKTeX\tex/latex/base\article.cls
Document Class: article 2023/05/17 v1.4n Standard LaTeX document class
(C:\Users\orfuc\AppData\Local\Programs\MiKTeX\tex/latex/base\size10.clo
File: size10.clo 2023/05/17 v1.4n Standard LaTeX file (size option)
)
\c@part=\count185
\c@section=\count186
\c@subsection=\count187
\c@subsubsection=\count188
\c@paragraph=\count189
\c@subparagraph=\count190
\c@figure=\count191
\c@table=\count192
\abovecaptionskip=\skip48
\belowcaptionskip=\skip49
\bibindent=\dimen140
)
(aaai24.sty
Package: aaai24 2023/06/26 AAAI 2024 Submission format

Conference Style for AAAI for LaTeX 2e -- version for submission
\titlebox=\skip50
) (C:\Users\orfuc\AppData\Local\Programs\MiKTeX\tex/latex/psnfss\times.sty
Package: times 2020/03/25 PSNFSS-v9.3 (SPQR) 
)
(C:\Users\orfuc\AppData\Local\Programs\MiKTeX\tex/latex/psnfss\helvet.sty
Package: helvet 2020/03/25 PSNFSS-v9.3 (WaS) 

(C:\Users\orfuc\AppData\Local\Programs\MiKTeX\tex/latex/graphics\keyval.sty
Package: keyval 2022/05/29 v1.15 key=value parser (DPC)
\KV@toks@=\toks17
))
(C:\Users\orfuc\AppData\Local\Programs\MiKTeX\tex/latex/psnfss\courier.sty
Package: courier 2020/03/25 PSNFSS-v9.3 (WaS) 
)
(C:\Users\orfuc\AppData\Local\Programs\MiKTeX\tex/latex/url\url.sty
\Urlmuskip=\muskip16
Package: url 2013/09/16  ver 3.4  Verb mode for urls, etc.
)
(C:\Users\orfuc\AppData\Local\Programs\MiKTeX\tex/latex/graphics\graphicx.sty
Package: graphicx 2021/09/16 v1.2d Enhanced LaTeX Graphics (DPC,SPQR)

(C:\Users\orfuc\AppData\Local\Programs\MiKTeX\tex/latex/graphics\graphics.sty
Package: graphics 2022/03/10 v1.4e Standard LaTeX Graphics (DPC,SPQR)

(C:\Users\orfuc\AppData\Local\Programs\MiKTeX\tex/latex/graphics\trig.sty
Package: trig 2021/08/11 v1.11 sin cos tan (DPC)
)
(C:\Users\orfuc\AppData\Local\Programs\MiKTeX\tex/latex/graphics-cfg\graphics.c
fg
File: graphics.cfg 2016/06/04 v1.11 sample graphics configuration
)
Package graphics Info: Driver file: pdftex.def on input line 107.

(C:\Users\orfuc\AppData\Local\Programs\MiKTeX\tex/latex/graphics-def\pdftex.def
File: pdftex.def 2022/09/22 v1.2b Graphics/color driver for pdftex
))
\Gin@req@height=\dimen141
\Gin@req@width=\dimen142
) (C:\Users\orfuc\AppData\Local\Programs\MiKTeX\tex/latex/natbib\natbib.sty
Package: natbib 2010/09/13 8.31b (PWD, AO)
\bibhang=\skip51
\bibsep=\skip52
LaTeX Info: Redefining \cite on input line 694.
\c@NAT@ctr=\count193
)
(C:\Users\orfuc\AppData\Local\Programs\MiKTeX\tex/latex/caption\caption.sty
Package: caption 2023/07/31 v3.6n Customizing captions (AR)

(C:\Users\orfuc\AppData\Local\Programs\MiKTeX\tex/latex/caption\caption3.sty
Package: caption3 2023/07/31 v2.4d caption3 kernel (AR)
\caption@tempdima=\dimen143
\captionmargin=\dimen144
\caption@leftmargin=\dimen145
\caption@rightmargin=\dimen146
\caption@width=\dimen147
\caption@indent=\dimen148
\caption@parindent=\dimen149
\caption@hangindent=\dimen150
Package caption Info: Standard document class detected.
)
\c@caption@flags=\count194
\c@continuedfloat=\count195
)
(C:\Users\orfuc\AppData\Local\Programs\MiKTeX\tex/latex/algorithms\algorithm.st
y
Package: algorithm 2009/08/24 v0.1 Document Style `algorithm' - floating enviro
nment
 (C:\Users\orfuc\AppData\Local\Programs\MiKTeX\tex/latex/float\float.sty
Package: float 2001/11/08 v1.3d Float enhancements (AL)
\c@float@type=\count196
\float@exts=\toks18
\float@box=\box51
\@float@everytoks=\toks19
\@floatcapt=\box52
)
(C:\Users\orfuc\AppData\Local\Programs\MiKTeX\tex/latex/base\ifthen.sty
Package: ifthen 2022/04/13 v1.1d Standard LaTeX ifthen package (DPC)
)
\@float@every@algorithm=\toks20
\c@algorithm=\count197
)
(C:\Users\orfuc\AppData\Local\Programs\MiKTeX\tex/latex/algorithms\algorithmic.
sty
Package: algorithmic 2009/08/24 v0.1 Document Style `algorithmic'
\c@ALC@unique=\count198
\c@ALC@line=\count199
\c@ALC@rem=\count266
\c@ALC@depth=\count267
\ALC@tlm=\skip53
\algorithmicindent=\skip54
)
(C:\Users\orfuc\AppData\Local\Programs\MiKTeX\tex/latex/newfloat\newfloat.sty
Package: newfloat 2019/09/02 v1.1l Defining new floating environments (AR)
)
(C:\Users\orfuc\AppData\Local\Programs\MiKTeX\tex/latex/listings\listings.sty
\lst@mode=\count268
\lst@gtempboxa=\box53
\lst@token=\toks21
\lst@length=\count269
\lst@currlwidth=\dimen151
\lst@column=\count270
\lst@pos=\count271
\lst@lostspace=\dimen152
\lst@width=\dimen153
\lst@newlines=\count272
\lst@lineno=\count273
\lst@maxwidth=\dimen154

(C:\Users\orfuc\AppData\Local\Programs\MiKTeX\tex/latex/listings\lstmisc.sty
File: lstmisc.sty 2023/02/27 1.9 (Carsten Heinz)
\c@lstnumber=\count274
\lst@skipnumbers=\count275
\lst@framebox=\box54
)
(C:\Users\orfuc\AppData\Local\Programs\MiKTeX\tex/latex/listings\listings.cfg
File: listings.cfg 2023/02/27 1.9 listings configuration
))
Package: listings 2023/02/27 1.9 (Carsten Heinz)
\@float@every@listing=\toks22
\c@listing=\count276

(C:\Users\orfuc\AppData\Local\Programs\MiKTeX\tex/latex/subfigure\subfigure.sty
Package: subfigure 2002/07/30 v2.1.4 subfigure package
\subfigtopskip=\skip55
\subfigcapskip=\skip56
\subfigcaptopadj=\dimen155
\subfigbottomskip=\skip57
\subfigcapmargin=\dimen156
\subfiglabelskip=\skip58
\c@subfigure=\count277
\c@lofdepth=\count278
\c@subtable=\count279
\c@lotdepth=\count280
****************************************
* Local config file subfigure.cfg used *
****************************************

(C:\Users\orfuc\AppData\Local\Programs\MiKTeX\tex/latex/subfigure\subfigure.cfg
)
\subfig@top=\skip59
\subfig@bottom=\skip60
)
(C:\Users\orfuc\AppData\Local\Programs\MiKTeX\tex/latex/booktabs\booktabs.sty
Package: booktabs 2020/01/12 v1.61803398 Publication quality tables
\heavyrulewidth=\dimen157
\lightrulewidth=\dimen158
\cmidrulewidth=\dimen159
\belowrulesep=\dimen160
\belowbottomsep=\dimen161
\aboverulesep=\dimen162
\abovetopsep=\dimen163
\cmidrulesep=\dimen164
\cmidrulekern=\dimen165
\defaultaddspace=\dimen166
\@cmidla=\count281
\@cmidlb=\count282
\@aboverulesep=\dimen167
\@belowrulesep=\dimen168
\@thisruleclass=\count283
\@lastruleclass=\count284
\@thisrulewidth=\dimen169
)
(C:\Users\orfuc\AppData\Local\Programs\MiKTeX\tex/latex/multirow\multirow.sty
Package: multirow 2021/03/15 v2.8 Span multiple rows of a table
\multirow@colwidth=\skip61
\multirow@cntb=\count285
\multirow@dima=\skip62
\bigstrutjot=\dimen170
)
(C:\Users\orfuc\AppData\Local\Programs\MiKTeX\tex/latex/amsmath\amsmath.sty
Package: amsmath 2023/05/13 v2.17o AMS math features
\@mathmargin=\skip63

For additional information on amsmath, use the `?' option.
(C:\Users\orfuc\AppData\Local\Programs\MiKTeX\tex/latex/amsmath\amstext.sty
Package: amstext 2021/08/26 v2.01 AMS text

(C:\Users\orfuc\AppData\Local\Programs\MiKTeX\tex/latex/amsmath\amsgen.sty
File: amsgen.sty 1999/11/30 v2.0 generic functions
\@emptytoks=\toks23
\ex@=\dimen171
))
(C:\Users\orfuc\AppData\Local\Programs\MiKTeX\tex/latex/amsmath\amsbsy.sty
Package: amsbsy 1999/11/29 v1.2d Bold Symbols
\pmbraise@=\dimen172
)
(C:\Users\orfuc\AppData\Local\Programs\MiKTeX\tex/latex/amsmath\amsopn.sty
Package: amsopn 2022/04/08 v2.04 operator names
)
\inf@bad=\count286
LaTeX Info: Redefining \frac on input line 234.
\uproot@=\count287
\leftroot@=\count288
LaTeX Info: Redefining \overline on input line 399.
LaTeX Info: Redefining \colon on input line 410.
\classnum@=\count289
\DOTSCASE@=\count290
LaTeX Info: Redefining \ldots on input line 496.
LaTeX Info: Redefining \dots on input line 499.
LaTeX Info: Redefining \cdots on input line 620.
\Mathstrutbox@=\box55
\strutbox@=\box56
LaTeX Info: Redefining \big on input line 722.
LaTeX Info: Redefining \Big on input line 723.
LaTeX Info: Redefining \bigg on input line 724.
LaTeX Info: Redefining \Bigg on input line 725.
\big@size=\dimen173
LaTeX Font Info:    Redeclaring font encoding OML on input line 743.
LaTeX Font Info:    Redeclaring font encoding OMS on input line 744.
\macc@depth=\count291
LaTeX Info: Redefining \bmod on input line 905.
LaTeX Info: Redefining \pmod on input line 910.
LaTeX Info: Redefining \smash on input line 940.
LaTeX Info: Redefining \relbar on input line 970.
LaTeX Info: Redefining \Relbar on input line 971.
\c@MaxMatrixCols=\count292
\dotsspace@=\muskip17
\c@parentequation=\count293
\dspbrk@lvl=\count294
\tag@help=\toks24
\row@=\count295
\column@=\count296
\maxfields@=\count297
\andhelp@=\toks25
\eqnshift@=\dimen174
\alignsep@=\dimen175
\tagshift@=\dimen176
\tagwidth@=\dimen177
\totwidth@=\dimen178
\lineht@=\dimen179
\@envbody=\toks26
\multlinegap=\skip64
\multlinetaggap=\skip65
\mathdisplay@stack=\toks27
LaTeX Info: Redefining \[ on input line 2953.
LaTeX Info: Redefining \] on input line 2954.
)
(C:\Users\orfuc\AppData\Local\Programs\MiKTeX\tex/latex/amsfonts\amsfonts.sty
Package: amsfonts 2013/01/14 v3.01 Basic AMSFonts support
\symAMSa=\mathgroup4
\symAMSb=\mathgroup5
LaTeX Font Info:    Redeclaring math symbol \hbar on input line 98.
LaTeX Font Info:    Overwriting math alphabet `\mathfrak' in version `bold'
(Font)                  U/euf/m/n --> U/euf/b/n on input line 106.
)
(C:\Users\orfuc\AppData\Local\Programs\MiKTeX\tex/latex/natbib\bibentry.sty
Package: bibentry 2007/10/30 1.5 (PWD)
)
LaTeX Font Info:    Trying to load font information for OT1+ptm on input line 1
78.

(C:\Users\orfuc\AppData\Local\Programs\MiKTeX\tex/latex/psnfss\ot1ptm.fd
File: ot1ptm.fd 2001/06/04 font definitions for OT1/ptm.
)
(C:\Users\orfuc\AppData\Local\Programs\MiKTeX\tex/latex/l3backend\l3backend-pdf
tex.def
File: l3backend-pdftex.def 2023-04-19 L3 backend support: PDF output (pdfTeX)
\l__color_backend_stack_int=\count298
\l__pdf_internal_box=\box57
) (aaai24_changed.aux)
\openout1 = `aaai24_changed.aux'.

LaTeX Font Info:    Checking defaults for OML/cmm/m/it on input line 178.
LaTeX Font Info:    ... okay on input line 178.
LaTeX Font Info:    Checking defaults for OMS/cmsy/m/n on input line 178.
LaTeX Font Info:    ... okay on input line 178.
LaTeX Font Info:    Checking defaults for OT1/cmr/m/n on input line 178.
LaTeX Font Info:    ... okay on input line 178.
LaTeX Font Info:    Checking defaults for T1/cmr/m/n on input line 178.
LaTeX Font Info:    ... okay on input line 178.
LaTeX Font Info:    Checking defaults for TS1/cmr/m/n on input line 178.
LaTeX Font Info:    ... okay on input line 178.
LaTeX Font Info:    Checking defaults for OMX/cmex/m/n on input line 178.
LaTeX Font Info:    ... okay on input line 178.
LaTeX Font Info:    Checking defaults for U/cmr/m/n on input line 178.
LaTeX Font Info:    ... okay on input line 178.

(C:\Users\orfuc\AppData\Local\Programs\MiKTeX\tex/context/base/mkii\supp-pdf.mk
ii
[Loading MPS to PDF converter (version 2006.09.02).]
\scratchcounter=\count299
\scratchdimen=\dimen180
\scratchbox=\box58
\nofMPsegments=\count300
\nofMParguments=\count301
\everyMPshowfont=\toks28
\MPscratchCnt=\count302
\MPscratchDim=\dimen181
\MPnumerator=\count303
\makeMPintoPDFobject=\count304
\everyMPtoPDFconversion=\toks29
)
(C:\Users\orfuc\AppData\Local\Programs\MiKTeX\tex/latex/epstopdf-pkg\epstopdf-b
ase.sty
Package: epstopdf-base 2020-01-24 v2.11 Base part for package epstopdf
Package epstopdf-base Info: Redefining graphics rule for `.eps' on input line 4
85.

(C:\Users\orfuc\AppData\Local\Programs\MiKTeX\tex/latex/00miktex\epstopdf-sys.c
fg
File: epstopdf-sys.cfg 2021/03/18 v2.0 Configuration of epstopdf for MiKTeX
))
Package caption Info: Begin \AtBeginDocument code.
Package caption Info: float package is loaded.
Package caption Info: listings package is loaded.
Package caption Info: subfigure package is loaded.
Package caption Info: End \AtBeginDocument code.
Package newfloat Info: `float' package detected.
\c@lstlisting=\count305
\c@eqfn=\count306
\titlearea=\box59
LaTeX Font Info:    Trying to load font information for OMS+ptm on input line 1
80.
 (C:\Users\orfuc\AppData\Local\Programs\MiKTeX\tex/latex/psnfss\omsptm.fd
File: omsptm.fd 
)
LaTeX Font Info:    Font shape `OMS/ptm/m/n' in size <10> not available
(Font)              Font shape `OMS/cmsy/m/n' tried instead on input line 180.
\actualheight=\skip66
LaTeX Font Info:    Trying to load font information for U+msa on input line 180
.

(C:\Users\orfuc\AppData\Local\Programs\MiKTeX\tex/latex/amsfonts\umsa.fd
File: umsa.fd 2013/01/14 v3.01 AMS symbols A
)
LaTeX Font Info:    Trying to load font information for U+msb on input line 180
.

(C:\Users\orfuc\AppData\Local\Programs\MiKTeX\tex/latex/amsfonts\umsb.fd
File: umsb.fd 2013/01/14 v3.01 AMS symbols B
)
LaTeX Font Info:    Trying to load font information for TS1+ptm on input line 1
80.

(C:\Users\orfuc\AppData\Local\Programs\MiKTeX\tex/latex/psnfss\ts1ptm.fd
File: ts1ptm.fd 2001/06/04 font definitions for TS1/ptm.
)

Package natbib Warning: Citation `smith1987when' on page 1 undefined on input l
ine 188.


Package natbib Warning: Citation `midgley2006new' on page 1 undefined on input 
line 188.


Package natbib Warning: Citation `kumar2019lipper' on page 1 undefined on input
 line 190.


Package natbib Warning: Citation `mira2022svts' on page 1 undefined on input li
ne 190.


Package natbib Warning: Citation `kim2023lip' on page 1 undefined on input line
 190.


Package natbib Warning: Citation `son2017lip' on page 1 undefined on input line
 195.


Package natbib Warning: Citation `kim2022distinguishing' on page 1 undefined on
 input line 195.


Package natbib Warning: Citation `elias2021parallel' on page 1 undefined on inp
ut line 196.


Package natbib Warning: Citation `kim2022fluenttts' on page 1 undefined on inpu
t line 196.


Package natbib Warning: Citation `le2015reconstructing' on page 1 undefined on 
input line 199.


Package natbib Warning: Citation `le2017generating' on page 1 undefined on inpu
t line 199.


Package natbib Warning: Citation `ephrat2017vid2speech' on page 1 undefined on 
input line 200.


Package natbib Warning: Citation `kumar2019lipper' on page 1 undefined on input
 line 200.


Package natbib Warning: Citation `prajwal2020learning' on page 1 undefined on i
nput line 201.


Package natbib Warning: Citation `kim2021lip' on page 1 undefined on input line
 201.


Package natbib Warning: Citation `yadav2021speech' on page 1 undefined on input
 line 201.


Package natbib Warning: Citation `he2022flow' on page 1 undefined on input line
 201.


Package natbib Warning: Citation `mira2022svts' on page 1 undefined on input li
ne 201.


Package natbib Warning: Citation `kim2023lip' on page 1 undefined on input line
 201.


Underfull \hbox (badness 1226) in paragraph at lines 198--203
[]\OT1/ptm/m/n/10 Numerous at-tempts have been made to im-prove the
 []


Package natbib Warning: Citation `baevski2020wav2vec' on page 1 undefined on in
put line 206.


Package natbib Warning: Citation `hsu2021hubert' on page 1 undefined on input l
ine 206.


Package natbib Warning: Citation `yang21c_interspeech' on page 1 undefined on i
nput line 207.


Package natbib Warning: Citation `chang2022distilhubert' on page 1 undefined on
 input line 207.


Package natbib Warning: Citation `skerry2018towards' on page 1 undefined on inp
ut line 211.


Package natbib Warning: Citation `sun2020fully' on page 1 undefined on input li
ne 211.


Package natbib Warning: Citation `ren2021portaspeech' on page 1 undefined on in
put line 212.


Package natbib Warning: Citation `ren2022revisiting' on page 1 undefined on inp
ut line 212.

[1{C:/Users/orfuc/AppData/Local/MiKTeX/fonts/map/pdftex/pdftex.map}{C:/Users/or
fuc/AppData/Local/Programs/MiKTeX/fonts/enc/dvips/base/8r.enc}



]
Underfull \hbox (badness 1490) in paragraph at lines 215--215
[][]\OT1/ptm/m/it/9 Vocoded \OT1/ptm/m/n/9 speech refers to speech re-con-struc
ted from the
 []


Package natbib Warning: Citation `le2015reconstructing' on page 2 undefined on 
input line 226.


Package natbib Warning: Citation `le2017generating' on page 2 undefined on inpu
t line 226.


Package natbib Warning: Citation `ephrat2017vid2speech' on page 2 undefined on 
input line 226.


Package natbib Warning: Citation `kumar2019lipper' on page 2 undefined on input
 line 226.


Package natbib Warning: Citation `prajwal2020learning' on page 2 undefined on i
nput line 226.


Package natbib Warning: Citation `shen2018natural' on page 2 undefined on input
 line 226.


Package natbib Warning: Citation `kim2021lip' on page 2 undefined on input line
 226.


Package natbib Warning: Citation `yadav2021speech' on page 2 undefined on input
 line 226.


Underfull \hbox (badness 4242) in paragraph at lines 226--227
\OT1/ptm/m/n/10 and Lip-per (\OT1/ptm/b/n/10 ?\OT1/ptm/m/n/10 ) adopt con-vo-lu
-tions to es-ti-mate low-
 []


Package natbib Warning: Citation `he2022flow' on page 2 undefined on input line
 228.


Package natbib Warning: Citation `vaswani2017attention' on page 2 undefined on 
input line 228.


Package natbib Warning: Citation `mira2022svts' on page 2 undefined on input li
ne 228.


Package natbib Warning: Citation `gulati2020conformer' on page 2 undefined on i
nput line 228.


Package natbib Warning: Citation `kim2023lip' on page 2 undefined on input line
 229.


Package natbib Warning: Citation `prenger2019waveglow' on page 2 undefined on i
nput line 233.


Package natbib Warning: Citation `yamamoto2020parallel' on page 2 undefined on 
input line 233.


Package natbib Warning: Citation `kong2020hifi' on page 2 undefined on input li
ne 233.


Package natbib Warning: Citation `kim21f_interspeech' on page 2 undefined on in
put line 233.


Package natbib Warning: Citation `hunt1996unit' on page 2 undefined on input li
ne 233.


Package natbib Warning: Citation `black2007statistical' on page 2 undefined on 
input line 233.


Package natbib Warning: Citation `shen2018natural' on page 2 undefined on input
 line 233.


Package natbib Warning: Citation `ren2020fastspeech2' on page 2 undefined on in
put line 233.


Package natbib Warning: Citation `lancucki2021fastpitch' on page 2 undefined on
 input line 233.


Package natbib Warning: Citation `lee2021multi' on page 2 undefined on input li
ne 233.


Package natbib Warning: Citation `popov2021grad' on page 2 undefined on input l
ine 233.


Underfull \hbox (badness 1152) in paragraph at lines 233--235
\OT1/ptm/m/n/10 which are then con-verted into au-di-ble wave-form by a
 []


Package natbib Warning: Citation `devlin2018bert' on page 2 undefined on input 
line 237.


Package natbib Warning: Citation `bachman2019learning' on page 2 undefined on i
nput line 237.


Package natbib Warning: Citation `lin2021completer' on page 2 undefined on inpu
t line 237.


Package natbib Warning: Citation `baevski2020wav2vec' on page 2 undefined on in
put line 237.


Package natbib Warning: Citation `hsu2021hubert' on page 2 undefined on input l
ine 237.


Package natbib Warning: Citation `baevski2021unsupervised' on page 2 undefined 
on input line 237.


Package natbib Warning: Citation `lee2021voicemixer' on page 2 undefined on inp
ut line 237.


Package natbib Warning: Citation `choi2021neural' on page 2 undefined on input 
line 237.


Package natbib Warning: Citation `polyak2021speech' on page 2 undefined on inpu
t line 237.


Package natbib Warning: Citation `yang21c_interspeech' on page 2 undefined on i
nput line 237.


Package natbib Warning: Citation `chang2022distilhubert' on page 2 undefined on
 input line 237.

<figures/overall.pdf, id=8, 217.65526pt x 335.99205pt>
File: figures/overall.pdf Graphic file (type pdf)
<use figures/overall.pdf>
Package pdftex.def Info: figures/overall.pdf  used on input line 243.
(pdftex.def)             Requested size: 117.30455pt x 181.08437pt.
<figures/enc.pdf, id=9, 217.65526pt x 335.99205pt>
File: figures/enc.pdf Graphic file (type pdf)
<use figures/enc.pdf>
Package pdftex.def Info: figures/enc.pdf  used on input line 246.
(pdftex.def)             Requested size: 117.30455pt x 181.08437pt.
<figures/dec.pdf, id=10, 217.65526pt x 335.99205pt>
File: figures/dec.pdf Graphic file (type pdf)
<use figures/dec.pdf>
Package pdftex.def Info: figures/dec.pdf  used on input line 249.
(pdftex.def)             Requested size: 117.30455pt x 181.08437pt.
<figures/post.pdf, id=11, 217.65526pt x 335.99205pt>
File: figures/post.pdf Graphic file (type pdf)
<use figures/post.pdf>
Package pdftex.def Info: figures/post.pdf  used on input line 252.
(pdftex.def)             Requested size: 117.30455pt x 181.08437pt.

Package natbib Warning: Citation `kim21f_interspeech' on page 2 undefined on in
put line 259.


Package natbib Warning: Citation `ji20123d' on page 2 undefined on input line 2
63.


Package natbib Warning: Citation `he2016deep' on page 2 undefined on input line
 263.


Package natbib Warning: Citation `gulati2020conformer' on page 2 undefined on i
nput line 263.


Package natbib Warning: Citation `petridis2018end' on page 2 undefined on input
 line 264.


Package natbib Warning: Citation `ma2022visual' on page 2 undefined on input li
ne 264.


Package natbib Warning: Citation `guo2022cmt' on page 2 undefined on input line
 266.

[2]

Package natbib Warning: Citation `ephrat2017vid2speech' on page 3 undefined on 
input line 280.


Package natbib Warning: Citation `kim2023lip' on page 3 undefined on input line
 281.


Package natbib Warning: Citation `hsu2021hubert' on page 3 undefined on input l
ine 285.


Package natbib Warning: Citation `polyak2021speech' on page 3 undefined on inpu
t line 286.


Package natbib Warning: Citation `lakhotia2021generative' on page 3 undefined o
n input line 286.


Package natbib Warning: Citation `kreuk2021textless' on page 3 undefined on inp
ut line 286.


Package natbib Warning: Citation `yasuda2019investigation' on page 3 undefined 
on input line 297.


Package natbib Warning: Citation `lancucki2021fastpitch' on page 3 undefined on
 input line 297.


Package natbib Warning: Citation `lancucki2021fastpitch' on page 3 undefined on
 input line 298.


Package natbib Warning: Citation `lancucki2021fastpitch' on page 3 undefined on
 input line 300.

LaTeX Font Info:    Trying to load font information for OT1+pcr on input line 3
00.
(C:\Users\orfuc\AppData\Local\Programs\MiKTeX\tex/latex/psnfss\ot1pcr.fd
File: ot1pcr.fd 2001/06/04 font definitions for OT1/pcr.
)

Package natbib Warning: Citation `mauch2014pyin' on page 3 undefined on input l
ine 300.


Package natbib Warning: Citation `bulut2007analysis' on page 3 undefined on inp
ut line 309.


Package natbib Warning: Citation `choi2021neural' on page 3 undefined on input 
line 309.


Package natbib Warning: Citation `ren2020fastspeech2' on page 3 undefined on in
put line 310.


Underfull \hbox (badness 2277) in paragraph at lines 309--311
 \OT1/ptm/b/n/10 En-ergy Pre-dic-tor \OT1/ptm/m/n/10 En-ergy rep-re-sents the i
n-ten-sity of
 []

[3 <./figures/overall.pdf> <./figures/enc.pdf> <./figures/dec.pdf> <./figures/p
ost.pdf>]

Package natbib Warning: Citation `ren2022revisiting' on page 4 undefined on inp
ut line 325.


Package natbib Warning: Citation `liu2022diffsinger' on page 4 undefined on inp
ut line 331.


Package natbib Warning: Citation `ren2021portaspeech' on page 4 undefined on in
put line 332.


Underfull \hbox (badness 1184) in paragraph at lines 331--333
\OT1/ptm/m/n/10 Natural hu-man speech comes with dy-namic vari-a-tions.
 []


Package natbib Warning: Citation `ren2022revisiting' on page 4 undefined on inp
ut line 341.


Package natbib Warning: Citation `kim21f_interspeech' on page 4 undefined on in
put line 350.


Package natbib Warning: Citation `daubechies1988orthonormal' on page 4 undefine
d on input line 350.


Package natbib Warning: Citation `griffin1984signal' on page 4 undefined on inp
ut line 350.


Package natbib Warning: Citation `kim2021lip' on page 4 undefined on input line
 350.


Package natbib Warning: Citation `he2022flow' on page 4 undefined on input line
 350.


Package natbib Warning: Citation `kim2023lip' on page 4 undefined on input line
 350.


Underfull \hbox (badness 1117) in paragraph at lines 350--352
\OT1/ptm/m/n/10 neu-ral vocoder. Based on ad-ver-sar-ial net-works, it pro-
 []


Underfull \hbox (badness 1102) in paragraph at lines 350--352
\OT1/ptm/m/n/10 shows ex-cep-tional per-for-mance in re-con-struct-ing wave-
 []


Package natbib Warning: Citation `cooke2006audio' on page 4 undefined on input 
line 356.


Package natbib Warning: Citation `prajwal2020learning' on page 4 undefined on i
nput line 361.


Package natbib Warning: Citation `he2022flow' on page 4 undefined on input line
 361.


Package natbib Warning: Citation `kim2023lip' on page 4 undefined on input line
 388.


Package natbib Warning: Citation `kim2023lip' on page 4 undefined on input line
 388.

<figures/gt.pdf, id=92, 490.48102pt x 212.14397pt>
File: figures/gt.pdf Graphic file (type pdf)
<use figures/gt.pdf>
Package pdftex.def Info: figures/gt.pdf  used on input line 396.
(pdftex.def)             Requested size: 154.65201pt x 66.89236pt.
<figures/vocoded.pdf, id=93, 490.48102pt x 212.14397pt>
File: figures/vocoded.pdf Graphic file (type pdf)
<use figures/vocoded.pdf>
Package pdftex.def Info: figures/vocoded.pdf  used on input line 399.
(pdftex.def)             Requested size: 154.65201pt x 66.89236pt.
<figures/vcagan.pdf, id=94, 560.79784pt x 212.14397pt>
File: figures/vcagan.pdf Graphic file (type pdf)
<use figures/vcagan.pdf>
Package pdftex.def Info: figures/vcagan.pdf  used on input line 402.
(pdftex.def)             Requested size: 176.8234pt x 66.89236pt.
<figures/svts.pdf, id=95, 490.48102pt x 212.14397pt>
File: figures/svts.pdf Graphic file (type pdf)
<use figures/svts.pdf>
Package pdftex.def Info: figures/svts.pdf  used on input line 406.
(pdftex.def)             Requested size: 154.65201pt x 66.89236pt.
<figures/multitask.pdf, id=96, 490.48102pt x 212.14397pt>
File: figures/multitask.pdf Graphic file (type pdf)
<use figures/multitask.pdf>
Package pdftex.def Info: figures/multitask.pdf  used on input line 409.
(pdftex.def)             Requested size: 154.65201pt x 66.89236pt.
<figures/proposed.pdf, id=97, 560.79784pt x 212.14397pt>
File: figures/proposed.pdf Graphic file (type pdf)
<use figures/proposed.pdf>
Package pdftex.def Info: figures/proposed.pdf  used on input line 412.
(pdftex.def)             Requested size: 176.8234pt x 66.89236pt.

Package natbib Warning: Citation `mira2022svts' on page 4 undefined on input li
ne 421.


Package natbib Warning: Citation `kim2023lip' on page 4 undefined on input line
 421.


Package natbib Warning: Citation `lancucki2021fastpitch' on page 4 undefined on
 input line 421.


Underfull \hbox (badness 1092) in paragraph at lines 419--422
\OT1/ptm/m/n/10 We con-struct the iden-ti-cal model ar-chi-tec-ture for each
 []

[4]

Package natbib Warning: Citation `loshchilov2017decoupled' on page 5 undefined 
on input line 425.


Package natbib Warning: Citation `radford2023robust' on page 5 undefined on inp
ut line 436.


Underfull \hbox (badness 1210) in paragraph at lines 431--437
\OT1/ptm/m/n/10 The per-for-mance of the pro-posed method is eval-u-ated
 []


Package natbib Warning: Citation `kim2021lip' on page 5 undefined on input line
 438.


Package natbib Warning: Citation `mira2022svts' on page 5 undefined on input li
ne 438.


Package natbib Warning: Citation `kim2023lip' on page 5 undefined on input line
 438.


Underfull \hbox (badness 10000) in paragraph at lines 439--439
[][]$\OT1/ptm/m/n/9 https : / / github . com / ms -[] dot -[] k / Visual -[] Co
ntext -[] Attentional -[]
 []


Underfull \hbox (badness 10000) in paragraph at lines 439--439
[][]$\OT1/ptm/m/n/9 https : / / github . com / ms -[] dot -[] k / Lip -[] to -[
] Speech -[] Synthesis -[] in -[] the -[]
 []


Package natbib Warning: Citation `kim21f_interspeech' on page 5 undefined on in
put line 440.

[5 <./figures/gt.pdf> <./figures/vocoded.pdf> <./figures/vcagan.pdf> <./figures
/svts.pdf> <./figures/multitask.pdf> <./figures/proposed.pdf>]

Package natbib Warning: Citation `kim2023lip' on page 6 undefined on input line
 451.


Package natbib Warning: Citation `baevski2020wav2vec' on page 6 undefined on in
put line 524.


Package natbib Warning: Citation `hsu2021hubert' on page 6 undefined on input l
ine 524.


Package natbib Warning: Citation `yang21c_interspeech' on page 6 undefined on i
nput line 524.


Package natbib Warning: Citation `chang2022distilhubert' on page 6 undefined on
 input line 524.


Package natbib Warning: Citation `fan2020exploring' on page 6 undefined on inpu
t line 525.


Package natbib Warning: Citation `choi2021neural' on page 6 undefined on input 
line 525.


Package natbib Warning: Citation `lakhotia2021generative' on page 6 undefined o
n input line 525.


Package natbib Warning: Citation `lee2022hierspeech' on page 6 undefined on inp
ut line 525.


Package natbib Warning: Citation `lakhotia2021generative' on page 6 undefined o
n input line 526.

[6]

Package natbib Warning: Citation `zhang2022mixed' on page 7 undefined on input 
line 531.

No file aaai24_changed.bbl.
[7]

Package natbib Warning: There were undefined citations.

[8

] (aaai24_changed.aux)
 ***********
LaTeX2e <2023-06-01> patch level 1
L3 programming layer <2023-08-29>
 ***********
 ) 
Here is how much of TeX's memory you used:
 6453 strings out of 475247
 105704 string characters out of 5757792
 1946801 words of memory out of 5000000
 27869 multiletter control sequences out of 15000+600000
 592243 words of font info for 112 fonts, out of 8000000 for 9000
 1141 hyphenation exceptions out of 8191
 57i,17n,65p,1226b,371s stack positions out of 10000i,1000n,20000p,200000b,200000s
<C:/Users/orfuc/AppData/Local/Programs/MiKTeX/fonts/type1/public/amsfonts/cm/
cmbx10.pfb><C:/Users/orfuc/AppData/Local/Programs/MiKTeX/fonts/type1/public/ams
fonts/cm/cmex10.pfb><C:/Users/orfuc/AppData/Local/Programs/MiKTeX/fonts/type1/p
ublic/amsfonts/cm/cmmi10.pfb><C:/Users/orfuc/AppData/Local/Programs/MiKTeX/font
s/type1/public/amsfonts/cm/cmmi5.pfb><C:/Users/orfuc/AppData/Local/Programs/MiK
TeX/fonts/type1/public/amsfonts/cm/cmmi7.pfb><C:/Users/orfuc/AppData/Local/Prog
rams/MiKTeX/fonts/type1/public/amsfonts/cm/cmmib10.pfb><C:/Users/orfuc/AppData/
Local/Programs/MiKTeX/fonts/type1/public/amsfonts/cm/cmr10.pfb><C:/Users/orfuc/
AppData/Local/Programs/MiKTeX/fonts/type1/public/amsfonts/cm/cmr7.pfb><C:/Users
/orfuc/AppData/Local/Programs/MiKTeX/fonts/type1/public/amsfonts/cm/cmsy10.pfb>
<C:/Users/orfuc/AppData/Local/Programs/MiKTeX/fonts/type1/public/amsfonts/cm/cm
sy7.pfb><C:/Users/orfuc/AppData/Local/Programs/MiKTeX/fonts/type1/public/amsfon
ts/symbols/msbm10.pfb><C:/Users/orfuc/AppData/Local/Programs/MiKTeX/fonts/type1
/urw/courier/ucrr8a.pfb><C:/Users/orfuc/AppData/Local/Programs/MiKTeX/fonts/typ
e1/urw/times/utmb8a.pfb><C:/Users/orfuc/AppData/Local/Programs/MiKTeX/fonts/typ
e1/urw/times/utmr8a.pfb><C:/Users/orfuc/AppData/Local/Programs/MiKTeX/fonts/typ
e1/urw/times/utmri8a.pfb>
Output written on aaai24_changed.pdf (8 pages, 642872 bytes).
PDF statistics:
 201 PDF objects out of 1000 (max. 8388607)
 0 named destinations out of 1000 (max. 500000)
 51 words of extra memory for PDF output out of 10000 (max. 10000000)

