This is pdfTeX, Version 3.141592653-2.6-1.40.25 (MiKTeX 23.5) (preloaded format=pdflatex 2024.1.12)  30 MAR 2024 18:16
entering extended mode
 restricted \write18 enabled.
 %&-line parsing enabled.
**./Main_changed.tex
(Main_changed.tex
LaTeX2e <2023-06-01> patch level 1
L3 programming layer <2023-08-29>
(C:\Users\orfuc\AppData\Local\Programs\MiKTeX\tex/latex/base\article.cls
Document Class: article 2023/05/17 v1.4n Standard LaTeX document class
(C:\Users\orfuc\AppData\Local\Programs\MiKTeX\tex/latex/base\size10.clo
File: size10.clo 2023/05/17 v1.4n Standard LaTeX file (size option)
)
\c@part=\count185
\c@section=\count186
\c@subsection=\count187
\c@subsubsection=\count188
\c@paragraph=\count189
\c@subparagraph=\count190
\c@figure=\count191
\c@table=\count192
\abovecaptionskip=\skip48
\belowcaptionskip=\skip49
\bibindent=\dimen140
)
(aaai21.sty
Conference Style for AAAI for LaTeX 2e -- version for the AAAI-21 conference - 
MODIFIED
\titlebox=\skip50
) (C:\Users\orfuc\AppData\Local\Programs\MiKTeX\tex/latex/psnfss\times.sty
Package: times 2020/03/25 PSNFSS-v9.3 (SPQR) 
)
(C:\Users\orfuc\AppData\Local\Programs\MiKTeX\tex/latex/psnfss\helvet.sty
Package: helvet 2020/03/25 PSNFSS-v9.3 (WaS) 

(C:\Users\orfuc\AppData\Local\Programs\MiKTeX\tex/latex/graphics\keyval.sty
Package: keyval 2022/05/29 v1.15 key=value parser (DPC)
\KV@toks@=\toks17
))
(C:\Users\orfuc\AppData\Local\Programs\MiKTeX\tex/latex/psnfss\courier.sty
Package: courier 2020/03/25 PSNFSS-v9.3 (WaS) 
)
(C:\Users\orfuc\AppData\Local\Programs\MiKTeX\tex/latex/url\url.sty
\Urlmuskip=\muskip16
Package: url 2013/09/16  ver 3.4  Verb mode for urls, etc.
)
(C:\Users\orfuc\AppData\Local\Programs\MiKTeX\tex/latex/graphics\graphicx.sty
Package: graphicx 2021/09/16 v1.2d Enhanced LaTeX Graphics (DPC,SPQR)

(C:\Users\orfuc\AppData\Local\Programs\MiKTeX\tex/latex/graphics\graphics.sty
Package: graphics 2022/03/10 v1.4e Standard LaTeX Graphics (DPC,SPQR)

(C:\Users\orfuc\AppData\Local\Programs\MiKTeX\tex/latex/graphics\trig.sty
Package: trig 2021/08/11 v1.11 sin cos tan (DPC)
)
(C:\Users\orfuc\AppData\Local\Programs\MiKTeX\tex/latex/graphics-cfg\graphics.c
fg
File: graphics.cfg 2016/06/04 v1.11 sample graphics configuration
)
Package graphics Info: Driver file: pdftex.def on input line 107.

(C:\Users\orfuc\AppData\Local\Programs\MiKTeX\tex/latex/graphics-def\pdftex.def
File: pdftex.def 2022/09/22 v1.2b Graphics/color driver for pdftex
))
\Gin@req@height=\dimen141
\Gin@req@width=\dimen142
) (C:\Users\orfuc\AppData\Local\Programs\MiKTeX\tex/latex/natbib\natbib.sty
Package: natbib 2010/09/13 8.31b (PWD, AO)
\bibhang=\skip51
\bibsep=\skip52
LaTeX Info: Redefining \cite on input line 694.
\c@NAT@ctr=\count193
)
(C:\Users\orfuc\AppData\Local\Programs\MiKTeX\tex/latex/caption\caption.sty
Package: caption 2023/07/31 v3.6n Customizing captions (AR)

(C:\Users\orfuc\AppData\Local\Programs\MiKTeX\tex/latex/caption\caption3.sty
Package: caption3 2023/07/31 v2.4d caption3 kernel (AR)
\caption@tempdima=\dimen143
\captionmargin=\dimen144
\caption@leftmargin=\dimen145
\caption@rightmargin=\dimen146
\caption@width=\dimen147
\caption@indent=\dimen148
\caption@parindent=\dimen149
\caption@hangindent=\dimen150
Package caption Info: Standard document class detected.
)
\c@caption@flags=\count194
\c@continuedfloat=\count195
)
LaTeX Font Info:    Trying to load font information for OT1+ptm on input line 1
05.

(C:\Users\orfuc\AppData\Local\Programs\MiKTeX\tex/latex/psnfss\ot1ptm.fd
File: ot1ptm.fd 2001/06/04 font definitions for OT1/ptm.
)
(C:\Users\orfuc\AppData\Local\Programs\MiKTeX\tex/latex/l3backend\l3backend-pdf
tex.def
File: l3backend-pdftex.def 2023-04-19 L3 backend support: PDF output (pdfTeX)
\l__color_backend_stack_int=\count196
\l__pdf_internal_box=\box51
) (Main_changed.aux)
\openout1 = `Main_changed.aux'.

LaTeX Font Info:    Checking defaults for OML/cmm/m/it on input line 105.
LaTeX Font Info:    ... okay on input line 105.
LaTeX Font Info:    Checking defaults for OMS/cmsy/m/n on input line 105.
LaTeX Font Info:    ... okay on input line 105.
LaTeX Font Info:    Checking defaults for OT1/cmr/m/n on input line 105.
LaTeX Font Info:    ... okay on input line 105.
LaTeX Font Info:    Checking defaults for T1/cmr/m/n on input line 105.
LaTeX Font Info:    ... okay on input line 105.
LaTeX Font Info:    Checking defaults for TS1/cmr/m/n on input line 105.
LaTeX Font Info:    ... okay on input line 105.
LaTeX Font Info:    Checking defaults for OMX/cmex/m/n on input line 105.
LaTeX Font Info:    ... okay on input line 105.
LaTeX Font Info:    Checking defaults for U/cmr/m/n on input line 105.
LaTeX Font Info:    ... okay on input line 105.

(C:\Users\orfuc\AppData\Local\Programs\MiKTeX\tex/context/base/mkii\supp-pdf.mk
ii
[Loading MPS to PDF converter (version 2006.09.02).]
\scratchcounter=\count197
\scratchdimen=\dimen151
\scratchbox=\box52
\nofMPsegments=\count198
\nofMParguments=\count199
\everyMPshowfont=\toks18
\MPscratchCnt=\count266
\MPscratchDim=\dimen152
\MPnumerator=\count267
\makeMPintoPDFobject=\count268
\everyMPtoPDFconversion=\toks19
)
(C:\Users\orfuc\AppData\Local\Programs\MiKTeX\tex/latex/epstopdf-pkg\epstopdf-b
ase.sty
Package: epstopdf-base 2020-01-24 v2.11 Base part for package epstopdf
Package epstopdf-base Info: Redefining graphics rule for `.eps' on input line 4
85.

(C:\Users\orfuc\AppData\Local\Programs\MiKTeX\tex/latex/00miktex\epstopdf-sys.c
fg
File: epstopdf-sys.cfg 2021/03/18 v2.0 Configuration of epstopdf for MiKTeX
))
Package caption Info: Begin \AtBeginDocument code.
Package caption Info: End \AtBeginDocument code.
\titlearea=\box53
LaTeX Font Info:    External font `cmex10' loaded for size
(Font)              <7> on input line 107.
LaTeX Font Info:    External font `cmex10' loaded for size
(Font)              <5> on input line 107.
\actualheight=\skip53

Underfull \vbox (badness 10000) detected at line 107
 []

LaTeX Font Info:    Trying to load font information for TS1+ptm on input line 1
07.
(C:\Users\orfuc\AppData\Local\Programs\MiKTeX\tex/latex/psnfss\ts1ptm.fd
File: ts1ptm.fd 2001/06/04 font definitions for TS1/ptm.
)

Package natbib Warning: Citation `schroff2015facenet' on page 1 undefined on in
put line 114.


Package natbib Warning: Citation `masi2018deep' on page 1 undefined on input li
ne 114.


Package natbib Warning: Citation `deng2019arcface' on page 1 undefined on input
 line 114.


Package natbib Warning: Citation `faceid' on page 1 undefined on input line 114
.


Package natbib Warning: Citation `larson2018china' on page 1 undefined on input
 line 114.


Package natbib Warning: Citation `NOS' on page 1 undefined on input line 114.

<figures/overview_.png, id=1, 1151.80313pt x 315.42844pt>
File: figures/overview_.png Graphic file (type png)
<use figures/overview_.png>
Package pdftex.def Info: figures/overview_.png  used on input line 117.
(pdftex.def)             Requested size: 239.39438pt x 65.55847pt.

Package natbib Warning: Citation `maninhat' on page 1 undefined on input line 1
23.


Package natbib Warning: Citation `unitednations' on page 1 undefined on input l
ine 126.


Package natbib Warning: Citation `smith2019more' on page 1 undefined on input l
ine 129.


Package natbib Warning: Citation `wolf1996key' on page 1 undefined on input lin
e 131.


Package natbib Warning: Citation `DomingoFerrer2020' on page 1 undefined on inp
ut line 131.


Package natbib Warning: Citation `duncan2007engineering' on page 1 undefined on
 input line 133.


Package natbib Warning: Citation `cavoukian2009privacy' on page 1 undefined on 
input line 133.


Package natbib Warning: Citation `wong_cvprw_2011' on page 1 undefined on input
 line 136.


Package natbib Warning: Citation `anantharajah2012quality' on page 1 undefined 
on input line 136.


Package natbib Warning: Citation `qi2018boosting' on page 1 undefined on input 
line 136.


Package natbib Warning: Citation `vignesh2015face' on page 1 undefined on input
 line 136.


Package natbib Warning: Citation `best2017automatic' on page 1 undefined on inp
ut line 136.


Package natbib Warning: Citation `hernandez2020biometric' on page 1 undefined o
n input line 136.


Package natbib Warning: Citation `terhorst2020ser' on page 1 undefined on input
 line 136.


Underfull \hbox (badness 10000) in paragraph at lines 114--140

 []


Underfull \hbox (badness 10000) in paragraph at lines 114--140

 []


Underfull \hbox (badness 1082) in paragraph at lines 114--140
\OT1/ptm/m/n/10 more privacy-friendly al-ter-na-tives that can still sup-port
 []


Underfull \hbox (badness 10000) in paragraph at lines 114--140

 []


Underfull \hbox (badness 2165) in paragraph at lines 114--140
\OT1/ptm/m/n/10 Extracting face crops which are suit-able for recog-ni-
 []


Underfull \hbox (badness 10000) in paragraph at lines 114--140

 []


Underfull \hbox (badness 2635) in paragraph at lines 114--140
\OT1/ptm/m/n/10 This pa-per is or-ga-nized as fol-lows. An overview of
 []

[1{C:/Users/orfuc/AppData/Local/MiKTeX/fonts/map/pdftex/pdftex.map}{C:/Users/or
fuc/AppData/Local/Programs/MiKTeX/fonts/enc/dvips/base/8r.enc}



 <./figures/overview_.png (PNG copy)>]

Package natbib Warning: Citation `schroff2015facenet' on page 2 undefined on in
put line 143.


Package natbib Warning: Citation `huang2008labeled' on page 2 undefined on inpu
t line 143.


Package natbib Warning: Citation `masi2018deep' on page 2 undefined on input li
ne 143.


Package natbib Warning: Citation `sun2014deep' on page 2 undefined on input lin
e 146.


Package natbib Warning: Citation `schroff2015facenet' on page 2 undefined on in
put line 146.


Package natbib Warning: Citation `wang2017normface' on page 2 undefined on inpu
t line 146.


Package natbib Warning: Citation `deng2019arcface' on page 2 undefined on input
 line 146.


Package natbib Warning: Citation `mirjalili2018gender' on page 2 undefined on i
nput line 150.


Package natbib Warning: Citation `mirjalili2020privacynet' on page 2 undefined 
on input line 150.


Package natbib Warning: Citation `newton2005preserving' on page 2 undefined on 
input line 150.


Package natbib Warning: Citation `erkin2009privacy' on page 2 undefined on inpu
t line 150.


Package natbib Warning: Citation `hernandez2020biometric' on page 2 undefined o
n input line 153.


Package natbib Warning: Citation `wong_cvprw_2011' on page 2 undefined on input
 line 153.


Package natbib Warning: Citation `anantharajah2012quality' on page 2 undefined 
on input line 153.


Package natbib Warning: Citation `qi2018boosting' on page 2 undefined on input 
line 153.


Package natbib Warning: Citation `vignesh2015face' on page 2 undefined on input
 line 153.


Package natbib Warning: Citation `best2017automatic' on page 2 undefined on inp
ut line 153.


Package natbib Warning: Citation `hernandez2020biometric' on page 2 undefined o
n input line 153.


Package natbib Warning: Citation `terhorst2020ser' on page 2 undefined on input
 line 153.


Package natbib Warning: Citation `anantharajah2012quality' on page 2 undefined 
on input line 153.


Package natbib Warning: Citation `REFICAO' on page 2 undefined on input line 15
3.


Package natbib Warning: Citation `qi2018boosting' on page 2 undefined on input 
line 153.


Package natbib Warning: Citation `vignesh2015face' on page 2 undefined on input
 line 153.


Package natbib Warning: Citation `REFICAO' on page 2 undefined on input line 15
3.


Package natbib Warning: Citation `hernandez2020biometric' on page 2 undefined o
n input line 153.


Package natbib Warning: Citation `he2016deep' on page 2 undefined on input line
 153.


Package natbib Warning: Citation `best2017automatic' on page 2 undefined on inp
ut line 153.


Package natbib Warning: Citation `terhorst2020ser' on page 2 undefined on input
 line 153.


Package natbib Warning: Citation `terhorst2020ser' on page 2 undefined on input
 line 156.


Underfull \hbox (badness 4832) in paragraph at lines 143--157
\OT1/ptm/m/n/10 data-driven meth-ods out-per-form tech-niques based on
 []


Underfull \hbox (badness 10000) in paragraph at lines 143--157

 []


Underfull \hbox (badness 1281) in paragraph at lines 143--157
\OT1/ptm/m/n/10 A large amount of re-search is ded-i-cated to ex-tract-ing
 []


Underfull \hbox (badness 1237) in paragraph at lines 143--157
\OT1/ptm/m/n/10 ap-proaches fo-cus on eu-clidean distance-based loss (\OT1/ptm/
b/n/10 ?\OT1/ptm/m/n/10 ),
 []


Underfull \hbox (badness 10000) in paragraph at lines 143--157

 []


Underfull \hbox (badness 2126) in paragraph at lines 143--157
\OT1/ptm/m/n/10 in ex-actly what privacy-sensitive as-pects they pro-tect.
 []


Underfull \hbox (badness 2237) in paragraph at lines 143--157
\OT1/ptm/m/n/10 Some tech-niques avoid de-duc-ing soft bio-met-rics (e.g.
 []


Underfull \hbox (badness 10000) in paragraph at lines 143--157

 []


Underfull \hbox (badness 10000) in paragraph at lines 143--157

 []


Underfull \hbox (badness 5331) in paragraph at lines 143--157
\OT1/ptm/m/n/10 Compared to pre-vi-ous work, we in-tro-duce a novel
 []


Underfull \vbox (badness 10000) has occurred while \output is active []

 [2]

Package natbib Warning: Citation `simoens2013scalable' on page 3 undefined on i
nput line 162.


Package natbib Warning: Citation `wong_cvprw_2011' on page 3 undefined on input
 line 162.


Underfull \hbox (badness 10000) in paragraph at lines 162--169

 []


Underfull \hbox (badness 1117) in paragraph at lines 162--169
\OT1/ptm/m/n/10 It is im-por-tant to note that we need to store at least
 []


Underfull \hbox (badness 1072) in paragraph at lines 162--169
\OT1/ptm/m/n/10 frame for each in-di-vid-ual even if this best frame still
 []


Underfull \hbox (badness 10000) in paragraph at lines 162--169

 []

<figures/FQA_overview.png, id=11, 1355.0625pt x 252.19218pt>
File: figures/FQA_overview.png Graphic file (type png)
<use figures/FQA_overview.png>
Package pdftex.def Info: figures/FQA_overview.png  used on input line 176.
(pdftex.def)             Requested size: 239.39438pt x 44.55373pt.

Package natbib Warning: Citation `zhang2016joint' on page 3 undefined on input 
line 183.


Package natbib Warning: Citation `an2015variational' on page 3 undefined on inp
ut line 183.


Package natbib Warning: Citation `kingma2013auto' on page 3 undefined on input 
line 186.


Underfull \hbox (badness 10000) in paragraph at lines 180--187

 []


Underfull \hbox (badness 2970) in paragraph at lines 180--187
\OT1/ptm/m/n/10 An overview of the pro-posed sys-tem is de-picted in
 []


Underfull \hbox (badness 10000) in paragraph at lines 180--187

 []


Underfull \hbox (badness 1292) in paragraph at lines 180--187
\OT1/ptm/m/n/10 A vari-a-tional au-toen-coder (VAE) (\OT1/ptm/b/n/10 ?\OT1/ptm/
m/n/10 ) is a prob-a-bilis-tic
 []


Underfull \hbox (badness 2035) in paragraph at lines 180--187
\OT1/ptm/m/n/10 ev-ery op-er-a-tion should be dif-fer-en-tiable which is not
 []


Underfull \hbox (badness 1603) in paragraph at lines 180--187
\OT1/ptm/m/n/10 trick fixes this prob-lem. A ded-i-cated ran-dom vari-able
 []

[3 <./figures/FQA_overview.png (PNG copy)>]

Package natbib Warning: Citation `an2015variational' on page 4 undefined on inp
ut line 194.


Underfull \hbox (badness 1062) in paragraph at lines 190--195
\OT1/ptm/m/n/10 The first term is the re-con-struc-tion term and forces a
 []


Underfull \hbox (badness 10000) in paragraph at lines 190--195

 []


Underfull \hbox (badness 4341) in paragraph at lines 190--195
\OT1/ptm/m/n/10 The re-con-struc-tion prob-a-bil-ity is a gen-er-al-iza-tion of

 []

<figures/VAE.png, id=19, 883.80188pt x 264.23718pt>
File: figures/VAE.png Graphic file (type png)
<use figures/VAE.png>
Package pdftex.def Info: figures/VAE.png  used on input line 201.
(pdftex.def)             Requested size: 225.0pt x 67.2687pt.

Package natbib Warning: Citation `an2015variational' on page 4 undefined on inp
ut line 206.


Package natbib Warning: Citation `liu2015faceattributes' on page 4 undefined on
 input line 209.


Package natbib Warning: Citation `kingma2014adam' on page 4 undefined on input 
line 209.


Package natbib Warning: Citation `zhang2016joint' on page 4 undefined on input 
line 210.


Underfull \hbox (badness 10000) in paragraph at lines 198--211

 []


Underfull \hbox (badness 1205) in paragraph at lines 198--211
\OT1/ptm/m/n/10 lay-ers. The out-puts of the en-coder are the pa-ram-e-ters
 []


Package natbib Warning: Citation `grother2007performance' on page 4 undefined o
n input line 214.


Package natbib Warning: Citation `grother2020ongoing' on page 4 undefined on in
put line 214.


Package natbib Warning: Citation `Schuckers2010' on page 4 undefined on input l
ine 214.


Package natbib Warning: Citation `schroff2015facenet' on page 4 undefined on in
put line 214.


Package natbib Warning: Citation `hernandez2020biometric' on page 4 undefined o
n input line 214.


Package natbib Warning: Citation `ferrara2012face' on page 4 undefined on input
 line 214.

<figures/example.png, id=20, 973.6375pt x 385.44pt>
File: figures/example.png Graphic file (type png)
<use figures/example.png>
Package pdftex.def Info: figures/example.png  used on input line 217.
(pdftex.def)             Requested size: 225.0pt x 89.07278pt.
[4 <./figures/VAE.png>]

Package natbib Warning: Citation `frontex' on page 5 undefined on input line 23
6.


Package natbib Warning: Citation `Cao18' on page 5 undefined on input line 240.



Package natbib Warning: Citation `hernandez2020biometric' on page 5 undefined o
n input line 240.


Package natbib Warning: Citation `terhorst2020ser' on page 5 undefined on input
 line 240.


Package natbib Warning: Citation `talebi2018nima' on page 5 undefined on input 
line 240.


Package natbib Warning: Citation `he2016deep' on page 5 undefined on input line
 240.


Package natbib Warning: Citation `he2016deep' on page 5 undefined on input line
 240.


Package natbib Warning: Citation `talebi2018nima' on page 5 undefined on input 
line 240.


Package natbib Warning: Citation `zhang2016joint' on page 5 undefined on input 
line 240.


Package natbib Warning: Citation `Cao18' on page 5 undefined on input line 243.


<figures/FNMR_01.png, id=29, 462.528pt x 346.896pt>
File: figures/FNMR_01.png Graphic file (type png)
<use figures/FNMR_01.png>
Package pdftex.def Info: figures/FNMR_01.png  used on input line 246.
(pdftex.def)             Requested size: 225.0pt x 168.7525pt.
<figures/FNMR_001.png, id=30, 462.528pt x 346.896pt>
File: figures/FNMR_001.png Graphic file (type png)
<use figures/FNMR_001.png>
Package pdftex.def Info: figures/FNMR_001.png  used on input line 252.
(pdftex.def)             Requested size: 225.0pt x 168.7525pt.

Package natbib Warning: Citation `Cao18' on page 5 undefined on input line 258.



Package natbib Warning: Citation `deng2018arcface' on page 5 undefined on input
 line 258.


Package natbib Warning: Citation `he2016deep' on page 5 undefined on input line
 258.

<figures/cp_map_0.jpg, id=31, 734.745pt x 660.4675pt>
File: figures/cp_map_0.jpg Graphic file (type jpg)
<use figures/cp_map_0.jpg>
Package pdftex.def Info: figures/cp_map_0.jpg  used on input line 261.
(pdftex.def)             Requested size: 225.0pt x 202.25356pt.
<figures/cp_plot_0.png, id=32, 462.528pt x 346.896pt>
File: figures/cp_plot_0.png Graphic file (type png)
<use figures/cp_plot_0.png>
Package pdftex.def Info: figures/cp_plot_0.png  used on input line 267.
(pdftex.def)             Requested size: 225.0pt x 168.7525pt.

Underfull \hbox (badness 10000) in paragraph at lines 240--272

 []


Underfull \hbox (badness 10000) in paragraph at lines 240--272

 []


Underfull \hbox (badness 5331) in paragraph at lines 240--272
\OT1/ptm/m/n/10 In a sec-ond ex-per-i-ment, we eval-u-ate our pro-posed
 []


Underfull \hbox (badness 1389) in paragraph at lines 240--272
\OT1/ptm/m/n/10 qual-ity as-sess-ment pro-gram. We hy-poth-e-size that SER
 []

[5 <./figures/example.png> <./figures/FNMR_01.png> <./figures/FNMR_001.png>]

LaTeX Warning: `!h' float specifier changed to `!ht'.


Package natbib Warning: Citation `wong_cvprw_2011' on page 6 undefined on input
 line 273.

LaTeX Font Info:    External font `cmex10' loaded for size
(Font)              <9> on input line 273.
LaTeX Font Info:    External font `cmex10' loaded for size
(Font)              <6> on input line 273.

Underfull \hbox (badness 10000) in paragraph at lines 273--273
[][]$\OT1/ptm/m/n/9 https : / / drive . google . com / drive / folders /
 []

<figures/bicycle_park.png, id=39, 858.20625pt x 340.27126pt>
File: figures/bicycle_park.png Graphic file (type png)
<use figures/bicycle_park.png>
Package pdftex.def Info: figures/bicycle_park.png  used on input line 278.
(pdftex.def)             Requested size: 225.0pt x 89.20572pt.
[6 <./figures/cp_map_0.jpg> <./figures/cp_plot_0.png>]
Underfull \hbox (badness 10000) in paragraph at lines 285--291

 []


Underfull \hbox (badness 1092) in paragraph at lines 285--291
\OT1/ptm/m/n/10 In fu-ture work, we will fur-ther op-ti-mize the VAE ar-
 []


Underfull \hbox (badness 2409) in paragraph at lines 285--291
\OT1/ptm/m/n/10 chi-tec-ture keep-ing the con-straints on model size and
 []

No file Main_changed.bbl.

Underfull \hbox (badness 1735) in paragraph at lines 297--299
[]\OT1/ptm/m/n/10 Consectetur eos re-pel-len-dus cu-pid-i-tate, tene-tur labo-
 []


Underfull \vbox (badness 10000) has occurred while \output is active []

 [7 <./figures/bicycle_park.png (PNG copy)>]

Package natbib Warning: There were undefined citations.

[8

] (Main_changed.aux)
 ***********
LaTeX2e <2023-06-01> patch level 1
L3 programming layer <2023-08-29>
 ***********
 ) 
Here is how much of TeX's memory you used:
 3335 strings out of 475247
 59409 string characters out of 5757792
 1938801 words of memory out of 5000000
 24858 multiletter control sequences out of 15000+600000
 574571 words of font info for 62 fonts, out of 8000000 for 9000
 1141 hyphenation exceptions out of 8191
 57i,13n,65p,3649b,300s stack positions out of 10000i,1000n,20000p,200000b,200000s
<C:/Users/orfuc/AppData/Local/Programs/MiKTeX/fonts/type1/public/amsfonts/cm/
cmex10.pfb><C:/Users/orfuc/AppData/Local/Programs/MiKTeX/fonts/type1/public/ams
fonts/cm/cmmi10.pfb><C:/Users/orfuc/AppData/Local/Programs/MiKTeX/fonts/type1/p
ublic/amsfonts/cm/cmmi5.pfb><C:/Users/orfuc/AppData/Local/Programs/MiKTeX/fonts
/type1/public/amsfonts/cm/cmmi7.pfb><C:/Users/orfuc/AppData/Local/Programs/MiKT
eX/fonts/type1/public/amsfonts/cm/cmr10.pfb><C:/Users/orfuc/AppData/Local/Progr
ams/MiKTeX/fonts/type1/public/amsfonts/cm/cmr7.pfb><C:/Users/orfuc/AppData/Loca
l/Programs/MiKTeX/fonts/type1/public/amsfonts/cm/cmsy10.pfb><C:/Users/orfuc/App
Data/Local/Programs/MiKTeX/fonts/type1/public/amsfonts/cm/cmsy7.pfb><C:/Users/o
rfuc/AppData/Local/Programs/MiKTeX/fonts/type1/urw/times/utmb8a.pfb><C:/Users/o
rfuc/AppData/Local/Programs/MiKTeX/fonts/type1/urw/times/utmr8a.pfb>
Output written on Main_changed.pdf (8 pages, 2047481 bytes).
PDF statistics:
 94 PDF objects out of 1000 (max. 8388607)
 0 named destinations out of 1000 (max. 500000)
 46 words of extra memory for PDF output out of 10000 (max. 10000000)

