This is pdfTeX, Version 3.141592653-2.6-1.40.25 (MiKTeX 23.5) (preloaded format=pdflatex 2024.1.12)  3 MAR 2024 15:24
entering extended mode
 restricted \write18 enabled.
 %&-line parsing enabled.
**./main_changed.tex
(main_changed.tex
LaTeX2e <2023-06-01> patch level 1
L3 programming layer <2023-08-29>
(C:\Users\orfuc\AppData\Local\Programs\MiKTeX\tex/latex/base\article.cls
Document Class: article 2023/05/17 v1.4n Standard LaTeX document class
(C:\Users\orfuc\AppData\Local\Programs\MiKTeX\tex/latex/base\size10.clo
File: size10.clo 2023/05/17 v1.4n Standard LaTeX file (size option)
)
\c@part=\count185
\c@section=\count186
\c@subsection=\count187
\c@subsubsection=\count188
\c@paragraph=\count189
\c@subparagraph=\count190
\c@figure=\count191
\c@table=\count192
\abovecaptionskip=\skip48
\belowcaptionskip=\skip49
\bibindent=\dimen140
)
(aaai21.sty
Conference Style for AAAI for LaTeX 2e -- version for the AAAI-21 conference - 
MODIFIED
\titlebox=\skip50
) (C:\Users\orfuc\AppData\Local\Programs\MiKTeX\tex/latex/psnfss\times.sty
Package: times 2020/03/25 PSNFSS-v9.3 (SPQR) 
)
(C:\Users\orfuc\AppData\Local\Programs\MiKTeX\tex/latex/psnfss\helvet.sty
Package: helvet 2020/03/25 PSNFSS-v9.3 (WaS) 

(C:\Users\orfuc\AppData\Local\Programs\MiKTeX\tex/latex/graphics\keyval.sty
Package: keyval 2022/05/29 v1.15 key=value parser (DPC)
\KV@toks@=\toks17
))
(C:\Users\orfuc\AppData\Local\Programs\MiKTeX\tex/latex/psnfss\courier.sty
Package: courier 2020/03/25 PSNFSS-v9.3 (WaS) 
)
(C:\Users\orfuc\AppData\Local\Programs\MiKTeX\tex/latex/url\url.sty
\Urlmuskip=\muskip16
Package: url 2013/09/16  ver 3.4  Verb mode for urls, etc.
)
(C:\Users\orfuc\AppData\Local\Programs\MiKTeX\tex/latex/graphics\graphicx.sty
Package: graphicx 2021/09/16 v1.2d Enhanced LaTeX Graphics (DPC,SPQR)

(C:\Users\orfuc\AppData\Local\Programs\MiKTeX\tex/latex/graphics\graphics.sty
Package: graphics 2022/03/10 v1.4e Standard LaTeX Graphics (DPC,SPQR)

(C:\Users\orfuc\AppData\Local\Programs\MiKTeX\tex/latex/graphics\trig.sty
Package: trig 2021/08/11 v1.11 sin cos tan (DPC)
)
(C:\Users\orfuc\AppData\Local\Programs\MiKTeX\tex/latex/graphics-cfg\graphics.c
fg
File: graphics.cfg 2016/06/04 v1.11 sample graphics configuration
)
Package graphics Info: Driver file: pdftex.def on input line 107.

(C:\Users\orfuc\AppData\Local\Programs\MiKTeX\tex/latex/graphics-def\pdftex.def
File: pdftex.def 2022/09/22 v1.2b Graphics/color driver for pdftex
))
\Gin@req@height=\dimen141
\Gin@req@width=\dimen142
) (C:\Users\orfuc\AppData\Local\Programs\MiKTeX\tex/latex/natbib\natbib.sty
Package: natbib 2010/09/13 8.31b (PWD, AO)
\bibhang=\skip51
\bibsep=\skip52
LaTeX Info: Redefining \cite on input line 694.
\c@NAT@ctr=\count193
)
(C:\Users\orfuc\AppData\Local\Programs\MiKTeX\tex/latex/caption\caption.sty
Package: caption 2023/07/31 v3.6n Customizing captions (AR)

(C:\Users\orfuc\AppData\Local\Programs\MiKTeX\tex/latex/caption\caption3.sty
Package: caption3 2023/07/31 v2.4d caption3 kernel (AR)
\caption@tempdima=\dimen143
\captionmargin=\dimen144
\caption@leftmargin=\dimen145
\caption@rightmargin=\dimen146
\caption@width=\dimen147
\caption@indent=\dimen148
\caption@parindent=\dimen149
\caption@hangindent=\dimen150
Package caption Info: Standard document class detected.
)
\c@caption@flags=\count194
\c@continuedfloat=\count195
)
LaTeX Font Info:    Trying to load font information for OT1+ptm on input line 1
46.

(C:\Users\orfuc\AppData\Local\Programs\MiKTeX\tex/latex/psnfss\ot1ptm.fd
File: ot1ptm.fd 2001/06/04 font definitions for OT1/ptm.
)
(C:\Users\orfuc\AppData\Local\Programs\MiKTeX\tex/latex/l3backend\l3backend-pdf
tex.def
File: l3backend-pdftex.def 2023-04-19 L3 backend support: PDF output (pdfTeX)
\l__color_backend_stack_int=\count196
\l__pdf_internal_box=\box51
) (main_changed.aux)
\openout1 = `main_changed.aux'.

LaTeX Font Info:    Checking defaults for OML/cmm/m/it on input line 146.
LaTeX Font Info:    ... okay on input line 146.
LaTeX Font Info:    Checking defaults for OMS/cmsy/m/n on input line 146.
LaTeX Font Info:    ... okay on input line 146.
LaTeX Font Info:    Checking defaults for OT1/cmr/m/n on input line 146.
LaTeX Font Info:    ... okay on input line 146.
LaTeX Font Info:    Checking defaults for T1/cmr/m/n on input line 146.
LaTeX Font Info:    ... okay on input line 146.
LaTeX Font Info:    Checking defaults for TS1/cmr/m/n on input line 146.
LaTeX Font Info:    ... okay on input line 146.
LaTeX Font Info:    Checking defaults for OMX/cmex/m/n on input line 146.
LaTeX Font Info:    ... okay on input line 146.
LaTeX Font Info:    Checking defaults for U/cmr/m/n on input line 146.
LaTeX Font Info:    ... okay on input line 146.

(C:\Users\orfuc\AppData\Local\Programs\MiKTeX\tex/context/base/mkii\supp-pdf.mk
ii
[Loading MPS to PDF converter (version 2006.09.02).]
\scratchcounter=\count197
\scratchdimen=\dimen151
\scratchbox=\box52
\nofMPsegments=\count198
\nofMParguments=\count199
\everyMPshowfont=\toks18
\MPscratchCnt=\count266
\MPscratchDim=\dimen152
\MPnumerator=\count267
\makeMPintoPDFobject=\count268
\everyMPtoPDFconversion=\toks19
)
(C:\Users\orfuc\AppData\Local\Programs\MiKTeX\tex/latex/epstopdf-pkg\epstopdf-b
ase.sty
Package: epstopdf-base 2020-01-24 v2.11 Base part for package epstopdf
Package epstopdf-base Info: Redefining graphics rule for `.eps' on input line 4
85.

(C:\Users\orfuc\AppData\Local\Programs\MiKTeX\tex/latex/00miktex\epstopdf-sys.c
fg
File: epstopdf-sys.cfg 2021/03/18 v2.0 Configuration of epstopdf for MiKTeX
))
Package caption Info: Begin \AtBeginDocument code.
Package caption Info: End \AtBeginDocument code.
\titlearea=\box53
LaTeX Font Info:    External font `cmex10' loaded for size
(Font)              <7> on input line 147.
LaTeX Font Info:    External font `cmex10' loaded for size
(Font)              <5> on input line 147.
LaTeX Font Info:    External font `cmex10' loaded for size
(Font)              <12> on input line 147.
LaTeX Font Info:    External font `cmex10' loaded for size
(Font)              <8> on input line 147.
LaTeX Font Info:    External font `cmex10' loaded for size
(Font)              <6> on input line 147.
\actualheight=\skip53

Underfull \vbox (badness 10000) detected at line 147
 []

LaTeX Font Info:    Trying to load font information for TS1+ptm on input line 1
47.
(C:\Users\orfuc\AppData\Local\Programs\MiKTeX\tex/latex/psnfss\ts1ptm.fd
File: ts1ptm.fd 2001/06/04 font definitions for TS1/ptm.
)

Package natbib Warning: Citation `nahb' on page 1 undefined on input line 154.


Package natbib Warning: Citation `stupak' on page 1 undefined on input line 154
.


Package natbib Warning: Citation `liu2018learning' on page 1 undefined on input
 line 154.


Package natbib Warning: Citation `lancaster1966new' on page 1 undefined on inpu
t line 156.


Package natbib Warning: Citation `lancaster1966new' on page 1 undefined on inpu
t line 156.


Package natbib Warning: Citation `rosen1974hedonic' on page 1 undefined on inpu
t line 156.


Package natbib Warning: Citation `rosen1974hedonic' on page 1 undefined on inpu
t line 156.


Package natbib Warning: Citation `law2019take' on page 1 undefined on input lin
e 156.


Package natbib Warning: Citation `law2019take' on page 1 undefined on input lin
e 156.


Package natbib Warning: Citation `poursaeed2018vision' on page 1 undefined on i
nput line 156.


Package natbib Warning: Citation `bency2017beyond' on page 1 undefined on input
 line 156.


Package natbib Warning: Citation `bessinger2016quantifying' on page 1 undefined
 on input line 156.


Package natbib Warning: Citation `liu2018learning' on page 1 undefined on input
 line 156.


Package natbib Warning: Citation `kucklick2020location' on page 1 undefined on 
input line 156.


Package natbib Warning: Citation `li2018survey' on page 1 undefined on input li
ne 156.


Package natbib Warning: Citation `lancaster1966new' on page 1 undefined on inpu
t line 162.


Package natbib Warning: Citation `rosen1974hedonic' on page 1 undefined on inpu
t line 162.


Package natbib Warning: Citation `ligus2016measuring' on page 1 undefined on in
put line 162.


Package natbib Warning: Citation `limsombunchai2004house' on page 1 undefined o
n input line 162.


Package natbib Warning: Citation `helbich2013boosting' on page 1 undefined on i
nput line 162.


Package natbib Warning: Citation `hill2018can' on page 1 undefined on input lin
e 162.


Package natbib Warning: Citation `park2015using' on page 1 undefined on input l
ine 162.


Package natbib Warning: Citation `law2019take' on page 1 undefined on input lin
e 164.


Package natbib Warning: Citation `law2019take' on page 1 undefined on input lin
e 164.


Package natbib Warning: Citation `liu2018learning' on page 1 undefined on input
 line 164.


Package natbib Warning: Citation `liu2018learning' on page 1 undefined on input
 line 164.

[1{C:/Users/orfuc/AppData/Local/MiKTeX/fonts/map/pdftex/pdftex.map}{C:/Users/or
fuc/AppData/Local/Programs/MiKTeX/fonts/enc/dvips/base/8r.enc}



]

Package natbib Warning: Citation `poursaeed2018vision' on page 2 undefined on i
nput line 166.


Package natbib Warning: Citation `naumzik2020one' on page 2 undefined on input 
line 166.


Package natbib Warning: Citation `bessinger2016quantifying' on page 2 undefined
 on input line 166.


Package natbib Warning: Citation `law2019take' on page 2 undefined on input lin
e 166.


Package natbib Warning: Citation `bency2017beyond' on page 2 undefined on input
 line 166.


Package natbib Warning: Citation `kucklick2020location' on page 2 undefined on 
input line 166.


Package natbib Warning: Citation `sun2013survey' on page 2 undefined on input l
ine 169.


Package natbib Warning: Citation `li2018survey' on page 2 undefined on input li
ne 170.


Underfull \hbox (badness 1242) in paragraph at lines 169--171
\OT1/ptm/m/n/10 multi-view learn-ing strate-gies can be di-vided into two
 []


Package natbib Warning: Citation `xu2013survey' on page 2 undefined on input li
ne 172.


Package natbib Warning: Citation `li2018survey' on page 2 undefined on input li
ne 172.


Package natbib Warning: Citation `li2018survey' on page 2 undefined on input li
ne 172.


Package natbib Warning: Citation `zhao2017multi' on page 2 undefined on input l
ine 172.


Package natbib Warning: Citation `xu2013survey' on page 2 undefined on input li
ne 174.


Package natbib Warning: Citation `li2018survey' on page 2 undefined on input li
ne 174.


Package natbib Warning: Citation `xu2013survey' on page 2 undefined on input li
ne 174.

<StrategyA.png, id=7, 289.8027pt x 354.8457pt>
File: StrategyA.png Graphic file (type png)
<use StrategyA.png>
Package pdftex.def Info: StrategyA.png  used on input line 178.
(pdftex.def)             Requested size: 215.45348pt x 263.81079pt.

Package natbib Warning: Citation `xu2013survey' on page 2 undefined on input li
ne 183.


Package natbib Warning: Citation `zhao2017multi' on page 2 undefined on input l
ine 185.


Package natbib Warning: Citation `xu2013survey' on page 2 undefined on input li
ne 185.

[2 <./StrategyA.png>]
<StrategyB.png, id=17, 289.8027pt x 354.8457pt>
File: StrategyB.png Graphic file (type png)
<use StrategyB.png>
Package pdftex.def Info: StrategyB.png  used on input line 189.
(pdftex.def)             Requested size: 215.45348pt x 263.81079pt.


Package natbib Warning: Citation `li2018survey' on page 3 undefined on input li
ne 194.


Package natbib Warning: Citation `xu2013survey' on page 3 undefined on input li
ne 194.


Package natbib Warning: Citation `li2018survey' on page 3 undefined on input li
ne 194.

<StrategyC.png, id=18, 289.8027pt x 354.8457pt>
File: StrategyC.png Graphic file (type png)
<use StrategyC.png>
Package pdftex.def Info: StrategyC.png  used on input line 198.
(pdftex.def)             Requested size: 215.45348pt x 263.81079pt.

Package natbib Warning: Citation `liu2018learning' on page 3 undefined on input
 line 207.


Package natbib Warning: Citation `law2019take' on page 3 undefined on input lin
e 207.


Package natbib Warning: Citation `bency2017beyond' on page 3 undefined on input
 line 207.


Package natbib Warning: Citation `bency2017beyond' on page 3 undefined on input
 line 209.


Package natbib Warning: Citation `poursaeed2018vision' on page 3 undefined on i
nput line 209.


Package natbib Warning: Citation `bessinger2016quantifying' on page 3 undefined
 on input line 209.


Package natbib Warning: Citation `bessinger2016quantifying' on page 3 undefined
 on input line 209.


Package natbib Warning: Citation `bessinger2016quantifying' on page 3 undefined
 on input line 209.


Package natbib Warning: Citation `poursaeed2018vision' on page 3 undefined on i
nput line 209.


Package natbib Warning: Citation `poursaeed2018vision' on page 3 undefined on i
nput line 209.


Package natbib Warning: Citation `bency2017beyond' on page 3 undefined on input
 line 209.


Package natbib Warning: Citation `bency2017beyond' on page 3 undefined on input
 line 209.


Underfull \hbox (badness 1325) in paragraph at lines 209--210
\OT1/ptm/m/n/10 con-cate-na-tion, a non-linear ma-chine learn-ing al-go-rithm
 []


Package natbib Warning: Citation `naumzik2020one' on page 3 undefined on input 
line 211.


Package natbib Warning: Citation `naumzik2020one' on page 3 undefined on input 
line 211.


Package natbib Warning: Citation `naumzik2020one' on page 3 undefined on input 
line 211.

[3 <./StrategyB.png> <./StrategyC.png>]

Package natbib Warning: Citation `li2018survey' on page 4 undefined on input li
ne 213.


Package natbib Warning: Citation `law2019take' on page 4 undefined on input lin
e 213.


Package natbib Warning: Citation `law2019take' on page 4 undefined on input lin
e 213.


Package natbib Warning: Citation `law2019take' on page 4 undefined on input lin
e 213.


Package natbib Warning: Citation `kucklick2020location' on page 4 undefined on 
input line 213.


Package natbib Warning: Citation `bency2017beyond' on page 4 undefined on input
 line 215.


Package natbib Warning: Citation `law2019take' on page 4 undefined on input lin
e 215.


Package natbib Warning: Citation `poursaeed2018vision' on page 4 undefined on i
nput line 215.


Package natbib Warning: Citation `poursaeed2018vision' on page 4 undefined on i
nput line 215.


Package natbib Warning: Citation `law2019take' on page 4 undefined on input lin
e 215.


Package natbib Warning: Citation `law2019take' on page 4 undefined on input lin
e 215.


Package natbib Warning: Citation `naumzik2020one' on page 4 undefined on input 
line 215.


Package natbib Warning: Citation `naumzik2020one' on page 4 undefined on input 
line 215.


Package natbib Warning: Citation `naumzik2020one' on page 4 undefined on input 
line 215.

<example_img.png, id=24, 98.82922pt x 46.43347pt>
File: example_img.png Graphic file (type png)
<use example_img.png>
Package pdftex.def Info: example_img.png  used on input line 222.
(pdftex.def)             Requested size: 215.45348pt x 101.22786pt.

Package natbib Warning: Citation `Ashville_1' on page 4 undefined on input line
 245.


Package natbib Warning: Citation `Bing' on page 4 undefined on input line 245.


Package natbib Warning: Citation `noor2015sustainable' on page 4 undefined on i
nput line 245.


Package natbib Warning: Citation `law2019take' on page 4 undefined on input lin
e 245.


Package natbib Warning: Citation `law2019take' on page 4 undefined on input lin
e 245.


Package natbib Warning: Citation `law2019take' on page 4 undefined on input lin
e 245.

[4 <./example_img.png>]

LaTeX Warning: `h' float specifier changed to `ht'.


Package natbib Warning: Citation `xu2013survey' on page 5 undefined on input li
ne 264.


Package natbib Warning: Citation `poursaeed2018vision' on page 5 undefined on i
nput line 264.


Package natbib Warning: Citation `bency2017beyond' on page 5 undefined on input
 line 264.


Package natbib Warning: Citation `bessinger2016quantifying' on page 5 undefined
 on input line 264.


Package natbib Warning: Citation `naumzik2020one' on page 5 undefined on input 
line 264.


Package natbib Warning: Citation `naumzik2020one' on page 5 undefined on input 
line 264.


Package natbib Warning: Citation `he2015delving' on page 5 undefined on input l
ine 264.


Package natbib Warning: Citation `li2018survey' on page 5 undefined on input li
ne 264.


Package natbib Warning: Citation `law2019take' on page 5 undefined on input lin
e 264.


Package natbib Warning: Citation `law2019take' on page 5 undefined on input lin
e 264.


Package natbib Warning: Citation `law2019take' on page 5 undefined on input lin
e 264.


Package natbib Warning: Citation `law2019take' on page 5 undefined on input lin
e 264.


Package natbib Warning: Citation `simonyan2014very' on page 5 undefined on inpu
t line 264.


Package natbib Warning: Citation `limsombunchai2004house' on page 5 undefined o
n input line 264.


Underfull \vbox (badness 7558) has occurred while \output is active []



Package natbib Warning: Citation `law2019take' on page 5 undefined on input lin
e 287.


Package natbib Warning: Citation `bency2017beyond' on page 5 undefined on input
 line 287.


Package natbib Warning: Citation `naumzik2020one' on page 5 undefined on input 
line 287.


Package natbib Warning: Citation `naumzik2020one' on page 5 undefined on input 
line 287.


Package natbib Warning: Citation `naumzik2020one' on page 5 undefined on input 
line 287.


Package natbib Warning: Citation `naumzik2020one' on page 5 undefined on input 
line 287.

[5]

Package natbib Warning: Citation `naumzik2020one' on page 6 undefined on input 
line 331.


Package natbib Warning: Citation `naumzik2020one' on page 6 undefined on input 
line 331.


Package natbib Warning: Citation `bency2017beyond' on page 6 undefined on input
 line 331.


Package natbib Warning: Citation `bency2017beyond' on page 6 undefined on input
 line 331.


Package natbib Warning: Citation `law2019take' on page 6 undefined on input lin
e 331.


Package natbib Warning: Citation `law2019take' on page 6 undefined on input lin
e 331.


Underfull \hbox (badness 1062) in paragraph at lines 331--332
[]\OT1/ptm/m/n/10 In sum-mary, we can con-clude the fol-low-ing lessons
 []

[6]
Underfull \hbox (badness 1946) in paragraph at lines 336--337
[]\OT1/ptm/m/n/10 Despite these lim-i-ta-tions, the fol-low-ing im-pli-ca-tions

 []

No file main_changed.bbl.

Underfull \hbox (badness 1122) in paragraph at lines 338--340
[]\OT1/ptm/m/n/10 Alias ex tem-po-ribus quia ex-pli-cabo om-nis vi-tae sed
 []


Underfull \vbox (badness 10000) has occurred while \output is active []

 [7]

Package natbib Warning: There were undefined citations.

[8

] (main_changed.aux)
 ***********
LaTeX2e <2023-06-01> patch level 1
L3 programming layer <2023-08-29>
 ***********
 ) 
Here is how much of TeX's memory you used:
 3305 strings out of 475247
 58246 string characters out of 5757792
 1946801 words of memory out of 5000000
 24826 multiletter control sequences out of 15000+600000
 576317 words of font info for 67 fonts, out of 8000000 for 9000
 1141 hyphenation exceptions out of 8191
 57i,17n,65p,3347b,360s stack positions out of 10000i,1000n,20000p,200000b,200000s
<C:/Users/orfuc/AppData/Local/Programs/MiKTeX/fonts/type1/public/amsfonts/cm/
cmmi10.pfb><C:/Users/orfuc/AppData/Local/Programs/MiKTeX/fonts/type1/public/ams
fonts/cm/cmmi7.pfb><C:/Users/orfuc/AppData/Local/Programs/MiKTeX/fonts/type1/pu
blic/amsfonts/cm/cmr10.pfb><C:/Users/orfuc/AppData/Local/Programs/MiKTeX/fonts/
type1/public/amsfonts/cm/cmr7.pfb><C:/Users/orfuc/AppData/Local/Programs/MiKTeX
/fonts/type1/urw/times/utmb8a.pfb><C:/Users/orfuc/AppData/Local/Programs/MiKTeX
/fonts/type1/urw/times/utmr8a.pfb>
Output written on main_changed.pdf (8 pages, 2605131 bytes).
PDF statistics:
 69 PDF objects out of 1000 (max. 8388607)
 0 named destinations out of 1000 (max. 500000)
 21 words of extra memory for PDF output out of 10000 (max. 10000000)

